[2024-11-06T07:00:37.157+0000] {processor.py:161} INFO - Started process (PID=109) to work on /home/airflow/.local/lib/python3.8/site-packages/airflow/example_dags/example_dag_decorator.py
[2024-11-06T07:00:37.171+0000] {processor.py:830} INFO - Processing file /home/airflow/.local/lib/python3.8/site-packages/airflow/example_dags/example_dag_decorator.py for tasks to queue
[2024-11-06T07:00:37.181+0000] {logging_mixin.py:188} INFO - [2024-11-06T07:00:37.181+0000] {dagbag.py:538} INFO - Filling up the DagBag from /home/airflow/.local/lib/python3.8/site-packages/airflow/example_dags/example_dag_decorator.py
[2024-11-06T07:00:38.613+0000] {processor.py:840} INFO - DAG(s) 'example_dag_decorator' retrieved from /home/airflow/.local/lib/python3.8/site-packages/airflow/example_dags/example_dag_decorator.py
[2024-11-06T07:00:39.324+0000] {logging_mixin.py:188} INFO - [2024-11-06T07:00:39.324+0000] {dag.py:3036} INFO - Sync 1 DAGs
[2024-11-06T07:00:39.359+0000] {logging_mixin.py:188} INFO - [2024-11-06T07:00:39.359+0000] {dag.py:3823} INFO - Setting next_dagrun for example_dag_decorator to None, run_after=None
[2024-11-06T07:00:39.412+0000] {processor.py:183} INFO - Processing /home/airflow/.local/lib/python3.8/site-packages/airflow/example_dags/example_dag_decorator.py took 2.258 seconds
[2024-11-06T07:01:09.803+0000] {processor.py:161} INFO - Started process (PID=168) to work on /home/airflow/.local/lib/python3.8/site-packages/airflow/example_dags/example_dag_decorator.py
[2024-11-06T07:01:09.804+0000] {processor.py:830} INFO - Processing file /home/airflow/.local/lib/python3.8/site-packages/airflow/example_dags/example_dag_decorator.py for tasks to queue
[2024-11-06T07:01:09.806+0000] {logging_mixin.py:188} INFO - [2024-11-06T07:01:09.806+0000] {dagbag.py:538} INFO - Filling up the DagBag from /home/airflow/.local/lib/python3.8/site-packages/airflow/example_dags/example_dag_decorator.py
[2024-11-06T07:01:09.924+0000] {processor.py:840} INFO - DAG(s) 'example_dag_decorator' retrieved from /home/airflow/.local/lib/python3.8/site-packages/airflow/example_dags/example_dag_decorator.py
[2024-11-06T07:01:10.015+0000] {logging_mixin.py:188} INFO - [2024-11-06T07:01:10.015+0000] {dag.py:3036} INFO - Sync 1 DAGs
[2024-11-06T07:01:10.024+0000] {logging_mixin.py:188} INFO - [2024-11-06T07:01:10.024+0000] {dag.py:3823} INFO - Setting next_dagrun for example_dag_decorator to None, run_after=None
[2024-11-06T07:01:10.050+0000] {processor.py:183} INFO - Processing /home/airflow/.local/lib/python3.8/site-packages/airflow/example_dags/example_dag_decorator.py took 0.250 seconds
[2024-11-06T07:01:40.087+0000] {processor.py:161} INFO - Started process (PID=226) to work on /home/airflow/.local/lib/python3.8/site-packages/airflow/example_dags/example_dag_decorator.py
[2024-11-06T07:01:40.088+0000] {processor.py:830} INFO - Processing file /home/airflow/.local/lib/python3.8/site-packages/airflow/example_dags/example_dag_decorator.py for tasks to queue
[2024-11-06T07:01:40.090+0000] {logging_mixin.py:188} INFO - [2024-11-06T07:01:40.089+0000] {dagbag.py:538} INFO - Filling up the DagBag from /home/airflow/.local/lib/python3.8/site-packages/airflow/example_dags/example_dag_decorator.py
[2024-11-06T07:01:40.343+0000] {processor.py:840} INFO - DAG(s) 'example_dag_decorator' retrieved from /home/airflow/.local/lib/python3.8/site-packages/airflow/example_dags/example_dag_decorator.py
[2024-11-06T07:01:40.459+0000] {logging_mixin.py:188} INFO - [2024-11-06T07:01:40.459+0000] {dag.py:3036} INFO - Sync 1 DAGs
[2024-11-06T07:01:40.467+0000] {logging_mixin.py:188} INFO - [2024-11-06T07:01:40.467+0000] {dag.py:3823} INFO - Setting next_dagrun for example_dag_decorator to None, run_after=None
[2024-11-06T07:01:40.491+0000] {processor.py:183} INFO - Processing /home/airflow/.local/lib/python3.8/site-packages/airflow/example_dags/example_dag_decorator.py took 0.407 seconds
[2024-11-06T07:02:11.148+0000] {processor.py:161} INFO - Started process (PID=283) to work on /home/airflow/.local/lib/python3.8/site-packages/airflow/example_dags/example_dag_decorator.py
[2024-11-06T07:02:11.149+0000] {processor.py:830} INFO - Processing file /home/airflow/.local/lib/python3.8/site-packages/airflow/example_dags/example_dag_decorator.py for tasks to queue
[2024-11-06T07:02:11.152+0000] {logging_mixin.py:188} INFO - [2024-11-06T07:02:11.152+0000] {dagbag.py:538} INFO - Filling up the DagBag from /home/airflow/.local/lib/python3.8/site-packages/airflow/example_dags/example_dag_decorator.py
[2024-11-06T07:02:11.376+0000] {processor.py:840} INFO - DAG(s) 'example_dag_decorator' retrieved from /home/airflow/.local/lib/python3.8/site-packages/airflow/example_dags/example_dag_decorator.py
[2024-11-06T07:02:11.474+0000] {logging_mixin.py:188} INFO - [2024-11-06T07:02:11.474+0000] {dag.py:3036} INFO - Sync 1 DAGs
[2024-11-06T07:02:11.482+0000] {logging_mixin.py:188} INFO - [2024-11-06T07:02:11.482+0000] {dag.py:3823} INFO - Setting next_dagrun for example_dag_decorator to None, run_after=None
[2024-11-06T07:02:11.502+0000] {processor.py:183} INFO - Processing /home/airflow/.local/lib/python3.8/site-packages/airflow/example_dags/example_dag_decorator.py took 0.357 seconds
[2024-11-06T07:02:41.984+0000] {processor.py:161} INFO - Started process (PID=341) to work on /home/airflow/.local/lib/python3.8/site-packages/airflow/example_dags/example_dag_decorator.py
[2024-11-06T07:02:41.985+0000] {processor.py:830} INFO - Processing file /home/airflow/.local/lib/python3.8/site-packages/airflow/example_dags/example_dag_decorator.py for tasks to queue
[2024-11-06T07:02:41.995+0000] {logging_mixin.py:188} INFO - [2024-11-06T07:02:41.987+0000] {dagbag.py:538} INFO - Filling up the DagBag from /home/airflow/.local/lib/python3.8/site-packages/airflow/example_dags/example_dag_decorator.py
[2024-11-06T07:02:42.188+0000] {processor.py:840} INFO - DAG(s) 'example_dag_decorator' retrieved from /home/airflow/.local/lib/python3.8/site-packages/airflow/example_dags/example_dag_decorator.py
[2024-11-06T07:02:42.292+0000] {logging_mixin.py:188} INFO - [2024-11-06T07:02:42.292+0000] {dag.py:3036} INFO - Sync 1 DAGs
[2024-11-06T07:02:42.301+0000] {logging_mixin.py:188} INFO - [2024-11-06T07:02:42.301+0000] {dag.py:3823} INFO - Setting next_dagrun for example_dag_decorator to None, run_after=None
[2024-11-06T07:02:42.335+0000] {processor.py:183} INFO - Processing /home/airflow/.local/lib/python3.8/site-packages/airflow/example_dags/example_dag_decorator.py took 0.361 seconds
[2024-11-06T07:03:13.343+0000] {processor.py:161} INFO - Started process (PID=400) to work on /home/airflow/.local/lib/python3.8/site-packages/airflow/example_dags/example_dag_decorator.py
[2024-11-06T07:03:13.345+0000] {processor.py:830} INFO - Processing file /home/airflow/.local/lib/python3.8/site-packages/airflow/example_dags/example_dag_decorator.py for tasks to queue
[2024-11-06T07:03:13.347+0000] {logging_mixin.py:188} INFO - [2024-11-06T07:03:13.346+0000] {dagbag.py:538} INFO - Filling up the DagBag from /home/airflow/.local/lib/python3.8/site-packages/airflow/example_dags/example_dag_decorator.py
[2024-11-06T07:03:13.461+0000] {processor.py:840} INFO - DAG(s) 'example_dag_decorator' retrieved from /home/airflow/.local/lib/python3.8/site-packages/airflow/example_dags/example_dag_decorator.py
[2024-11-06T07:03:13.579+0000] {logging_mixin.py:188} INFO - [2024-11-06T07:03:13.578+0000] {dag.py:3036} INFO - Sync 1 DAGs
[2024-11-06T07:03:13.587+0000] {logging_mixin.py:188} INFO - [2024-11-06T07:03:13.586+0000] {dag.py:3823} INFO - Setting next_dagrun for example_dag_decorator to None, run_after=None
[2024-11-06T07:03:13.606+0000] {processor.py:183} INFO - Processing /home/airflow/.local/lib/python3.8/site-packages/airflow/example_dags/example_dag_decorator.py took 0.266 seconds
[2024-11-06T07:03:43.647+0000] {processor.py:161} INFO - Started process (PID=458) to work on /home/airflow/.local/lib/python3.8/site-packages/airflow/example_dags/example_dag_decorator.py
[2024-11-06T07:03:43.648+0000] {processor.py:830} INFO - Processing file /home/airflow/.local/lib/python3.8/site-packages/airflow/example_dags/example_dag_decorator.py for tasks to queue
[2024-11-06T07:03:43.650+0000] {logging_mixin.py:188} INFO - [2024-11-06T07:03:43.650+0000] {dagbag.py:538} INFO - Filling up the DagBag from /home/airflow/.local/lib/python3.8/site-packages/airflow/example_dags/example_dag_decorator.py
[2024-11-06T07:03:43.772+0000] {processor.py:840} INFO - DAG(s) 'example_dag_decorator' retrieved from /home/airflow/.local/lib/python3.8/site-packages/airflow/example_dags/example_dag_decorator.py
[2024-11-06T07:03:43.855+0000] {logging_mixin.py:188} INFO - [2024-11-06T07:03:43.855+0000] {dag.py:3036} INFO - Sync 1 DAGs
[2024-11-06T07:03:43.863+0000] {logging_mixin.py:188} INFO - [2024-11-06T07:03:43.863+0000] {dag.py:3823} INFO - Setting next_dagrun for example_dag_decorator to None, run_after=None
[2024-11-06T07:03:43.881+0000] {processor.py:183} INFO - Processing /home/airflow/.local/lib/python3.8/site-packages/airflow/example_dags/example_dag_decorator.py took 0.237 seconds
[2024-11-06T07:04:13.986+0000] {processor.py:161} INFO - Started process (PID=515) to work on /home/airflow/.local/lib/python3.8/site-packages/airflow/example_dags/example_dag_decorator.py
[2024-11-06T07:04:13.987+0000] {processor.py:830} INFO - Processing file /home/airflow/.local/lib/python3.8/site-packages/airflow/example_dags/example_dag_decorator.py for tasks to queue
[2024-11-06T07:04:13.989+0000] {logging_mixin.py:188} INFO - [2024-11-06T07:04:13.989+0000] {dagbag.py:538} INFO - Filling up the DagBag from /home/airflow/.local/lib/python3.8/site-packages/airflow/example_dags/example_dag_decorator.py
[2024-11-06T07:04:14.178+0000] {processor.py:840} INFO - DAG(s) 'example_dag_decorator' retrieved from /home/airflow/.local/lib/python3.8/site-packages/airflow/example_dags/example_dag_decorator.py
[2024-11-06T07:04:14.420+0000] {logging_mixin.py:188} INFO - [2024-11-06T07:04:14.420+0000] {dag.py:3036} INFO - Sync 1 DAGs
[2024-11-06T07:04:14.442+0000] {logging_mixin.py:188} INFO - [2024-11-06T07:04:14.442+0000] {dag.py:3823} INFO - Setting next_dagrun for example_dag_decorator to None, run_after=None
[2024-11-06T07:04:14.463+0000] {processor.py:183} INFO - Processing /home/airflow/.local/lib/python3.8/site-packages/airflow/example_dags/example_dag_decorator.py took 0.480 seconds
[2024-11-06T07:04:44.545+0000] {processor.py:161} INFO - Started process (PID=574) to work on /home/airflow/.local/lib/python3.8/site-packages/airflow/example_dags/example_dag_decorator.py
[2024-11-06T07:04:44.545+0000] {processor.py:830} INFO - Processing file /home/airflow/.local/lib/python3.8/site-packages/airflow/example_dags/example_dag_decorator.py for tasks to queue
[2024-11-06T07:04:44.547+0000] {logging_mixin.py:188} INFO - [2024-11-06T07:04:44.547+0000] {dagbag.py:538} INFO - Filling up the DagBag from /home/airflow/.local/lib/python3.8/site-packages/airflow/example_dags/example_dag_decorator.py
[2024-11-06T07:04:44.625+0000] {processor.py:840} INFO - DAG(s) 'example_dag_decorator' retrieved from /home/airflow/.local/lib/python3.8/site-packages/airflow/example_dags/example_dag_decorator.py
[2024-11-06T07:04:44.744+0000] {logging_mixin.py:188} INFO - [2024-11-06T07:04:44.743+0000] {dag.py:3036} INFO - Sync 1 DAGs
[2024-11-06T07:04:44.757+0000] {logging_mixin.py:188} INFO - [2024-11-06T07:04:44.757+0000] {dag.py:3823} INFO - Setting next_dagrun for example_dag_decorator to None, run_after=None
[2024-11-06T07:04:44.782+0000] {processor.py:183} INFO - Processing /home/airflow/.local/lib/python3.8/site-packages/airflow/example_dags/example_dag_decorator.py took 0.240 seconds
[2024-11-06T07:05:15.764+0000] {processor.py:161} INFO - Started process (PID=631) to work on /home/airflow/.local/lib/python3.8/site-packages/airflow/example_dags/example_dag_decorator.py
[2024-11-06T07:05:15.765+0000] {processor.py:830} INFO - Processing file /home/airflow/.local/lib/python3.8/site-packages/airflow/example_dags/example_dag_decorator.py for tasks to queue
[2024-11-06T07:05:15.772+0000] {logging_mixin.py:188} INFO - [2024-11-06T07:05:15.772+0000] {dagbag.py:538} INFO - Filling up the DagBag from /home/airflow/.local/lib/python3.8/site-packages/airflow/example_dags/example_dag_decorator.py
[2024-11-06T07:05:16.030+0000] {processor.py:840} INFO - DAG(s) 'example_dag_decorator' retrieved from /home/airflow/.local/lib/python3.8/site-packages/airflow/example_dags/example_dag_decorator.py
[2024-11-06T07:05:16.176+0000] {logging_mixin.py:188} INFO - [2024-11-06T07:05:16.176+0000] {dag.py:3036} INFO - Sync 1 DAGs
[2024-11-06T07:05:16.188+0000] {logging_mixin.py:188} INFO - [2024-11-06T07:05:16.188+0000] {dag.py:3823} INFO - Setting next_dagrun for example_dag_decorator to None, run_after=None
[2024-11-06T07:05:16.235+0000] {processor.py:183} INFO - Processing /home/airflow/.local/lib/python3.8/site-packages/airflow/example_dags/example_dag_decorator.py took 0.474 seconds
[2024-11-06T07:05:46.771+0000] {processor.py:161} INFO - Started process (PID=688) to work on /home/airflow/.local/lib/python3.8/site-packages/airflow/example_dags/example_dag_decorator.py
[2024-11-06T07:05:46.772+0000] {processor.py:830} INFO - Processing file /home/airflow/.local/lib/python3.8/site-packages/airflow/example_dags/example_dag_decorator.py for tasks to queue
[2024-11-06T07:05:46.773+0000] {logging_mixin.py:188} INFO - [2024-11-06T07:05:46.773+0000] {dagbag.py:538} INFO - Filling up the DagBag from /home/airflow/.local/lib/python3.8/site-packages/airflow/example_dags/example_dag_decorator.py
[2024-11-06T07:05:46.937+0000] {processor.py:840} INFO - DAG(s) 'example_dag_decorator' retrieved from /home/airflow/.local/lib/python3.8/site-packages/airflow/example_dags/example_dag_decorator.py
[2024-11-06T07:05:47.101+0000] {logging_mixin.py:188} INFO - [2024-11-06T07:05:47.101+0000] {dag.py:3036} INFO - Sync 1 DAGs
[2024-11-06T07:05:47.110+0000] {logging_mixin.py:188} INFO - [2024-11-06T07:05:47.110+0000] {dag.py:3823} INFO - Setting next_dagrun for example_dag_decorator to None, run_after=None
[2024-11-06T07:05:47.133+0000] {processor.py:183} INFO - Processing /home/airflow/.local/lib/python3.8/site-packages/airflow/example_dags/example_dag_decorator.py took 0.366 seconds
[2024-11-06T07:06:17.256+0000] {processor.py:161} INFO - Started process (PID=745) to work on /home/airflow/.local/lib/python3.8/site-packages/airflow/example_dags/example_dag_decorator.py
[2024-11-06T07:06:17.263+0000] {processor.py:830} INFO - Processing file /home/airflow/.local/lib/python3.8/site-packages/airflow/example_dags/example_dag_decorator.py for tasks to queue
[2024-11-06T07:06:17.266+0000] {logging_mixin.py:188} INFO - [2024-11-06T07:06:17.266+0000] {dagbag.py:538} INFO - Filling up the DagBag from /home/airflow/.local/lib/python3.8/site-packages/airflow/example_dags/example_dag_decorator.py
[2024-11-06T07:06:17.596+0000] {processor.py:840} INFO - DAG(s) 'example_dag_decorator' retrieved from /home/airflow/.local/lib/python3.8/site-packages/airflow/example_dags/example_dag_decorator.py
[2024-11-06T07:06:17.866+0000] {logging_mixin.py:188} INFO - [2024-11-06T07:06:17.866+0000] {dag.py:3036} INFO - Sync 1 DAGs
[2024-11-06T07:06:17.878+0000] {logging_mixin.py:188} INFO - [2024-11-06T07:06:17.878+0000] {dag.py:3823} INFO - Setting next_dagrun for example_dag_decorator to None, run_after=None
[2024-11-06T07:06:17.897+0000] {processor.py:183} INFO - Processing /home/airflow/.local/lib/python3.8/site-packages/airflow/example_dags/example_dag_decorator.py took 0.644 seconds
[2024-11-06T07:06:47.944+0000] {processor.py:161} INFO - Started process (PID=806) to work on /home/airflow/.local/lib/python3.8/site-packages/airflow/example_dags/example_dag_decorator.py
[2024-11-06T07:06:47.945+0000] {processor.py:830} INFO - Processing file /home/airflow/.local/lib/python3.8/site-packages/airflow/example_dags/example_dag_decorator.py for tasks to queue
[2024-11-06T07:06:47.947+0000] {logging_mixin.py:188} INFO - [2024-11-06T07:06:47.946+0000] {dagbag.py:538} INFO - Filling up the DagBag from /home/airflow/.local/lib/python3.8/site-packages/airflow/example_dags/example_dag_decorator.py
[2024-11-06T07:06:48.064+0000] {processor.py:840} INFO - DAG(s) 'example_dag_decorator' retrieved from /home/airflow/.local/lib/python3.8/site-packages/airflow/example_dags/example_dag_decorator.py
[2024-11-06T07:06:48.294+0000] {logging_mixin.py:188} INFO - [2024-11-06T07:06:48.294+0000] {dag.py:3036} INFO - Sync 1 DAGs
[2024-11-06T07:06:48.325+0000] {logging_mixin.py:188} INFO - [2024-11-06T07:06:48.325+0000] {dag.py:3823} INFO - Setting next_dagrun for example_dag_decorator to None, run_after=None
[2024-11-06T07:06:48.388+0000] {processor.py:183} INFO - Processing /home/airflow/.local/lib/python3.8/site-packages/airflow/example_dags/example_dag_decorator.py took 0.449 seconds
[2024-11-06T07:07:18.489+0000] {processor.py:161} INFO - Started process (PID=860) to work on /home/airflow/.local/lib/python3.8/site-packages/airflow/example_dags/example_dag_decorator.py
[2024-11-06T07:07:18.498+0000] {processor.py:830} INFO - Processing file /home/airflow/.local/lib/python3.8/site-packages/airflow/example_dags/example_dag_decorator.py for tasks to queue
[2024-11-06T07:07:18.501+0000] {logging_mixin.py:188} INFO - [2024-11-06T07:07:18.501+0000] {dagbag.py:538} INFO - Filling up the DagBag from /home/airflow/.local/lib/python3.8/site-packages/airflow/example_dags/example_dag_decorator.py
[2024-11-06T07:07:18.722+0000] {processor.py:840} INFO - DAG(s) 'example_dag_decorator' retrieved from /home/airflow/.local/lib/python3.8/site-packages/airflow/example_dags/example_dag_decorator.py
[2024-11-06T07:07:19.042+0000] {logging_mixin.py:188} INFO - [2024-11-06T07:07:19.041+0000] {dag.py:3036} INFO - Sync 1 DAGs
[2024-11-06T07:07:19.087+0000] {logging_mixin.py:188} INFO - [2024-11-06T07:07:19.086+0000] {dag.py:3823} INFO - Setting next_dagrun for example_dag_decorator to None, run_after=None
[2024-11-06T07:07:19.174+0000] {processor.py:183} INFO - Processing /home/airflow/.local/lib/python3.8/site-packages/airflow/example_dags/example_dag_decorator.py took 0.689 seconds
[2024-11-06T07:07:50.076+0000] {processor.py:161} INFO - Started process (PID=921) to work on /home/airflow/.local/lib/python3.8/site-packages/airflow/example_dags/example_dag_decorator.py
[2024-11-06T07:07:50.080+0000] {processor.py:830} INFO - Processing file /home/airflow/.local/lib/python3.8/site-packages/airflow/example_dags/example_dag_decorator.py for tasks to queue
[2024-11-06T07:07:50.082+0000] {logging_mixin.py:188} INFO - [2024-11-06T07:07:50.081+0000] {dagbag.py:538} INFO - Filling up the DagBag from /home/airflow/.local/lib/python3.8/site-packages/airflow/example_dags/example_dag_decorator.py
[2024-11-06T07:07:50.239+0000] {processor.py:840} INFO - DAG(s) 'example_dag_decorator' retrieved from /home/airflow/.local/lib/python3.8/site-packages/airflow/example_dags/example_dag_decorator.py
[2024-11-06T07:07:50.435+0000] {logging_mixin.py:188} INFO - [2024-11-06T07:07:50.435+0000] {dag.py:3036} INFO - Sync 1 DAGs
[2024-11-06T07:07:50.450+0000] {logging_mixin.py:188} INFO - [2024-11-06T07:07:50.450+0000] {dag.py:3823} INFO - Setting next_dagrun for example_dag_decorator to None, run_after=None
[2024-11-06T07:07:50.473+0000] {processor.py:183} INFO - Processing /home/airflow/.local/lib/python3.8/site-packages/airflow/example_dags/example_dag_decorator.py took 0.402 seconds
[2024-11-06T07:08:21.314+0000] {processor.py:161} INFO - Started process (PID=980) to work on /home/airflow/.local/lib/python3.8/site-packages/airflow/example_dags/example_dag_decorator.py
[2024-11-06T07:08:21.315+0000] {processor.py:830} INFO - Processing file /home/airflow/.local/lib/python3.8/site-packages/airflow/example_dags/example_dag_decorator.py for tasks to queue
[2024-11-06T07:08:21.316+0000] {logging_mixin.py:188} INFO - [2024-11-06T07:08:21.316+0000] {dagbag.py:538} INFO - Filling up the DagBag from /home/airflow/.local/lib/python3.8/site-packages/airflow/example_dags/example_dag_decorator.py
[2024-11-06T07:08:21.391+0000] {processor.py:840} INFO - DAG(s) 'example_dag_decorator' retrieved from /home/airflow/.local/lib/python3.8/site-packages/airflow/example_dags/example_dag_decorator.py
[2024-11-06T07:08:21.490+0000] {logging_mixin.py:188} INFO - [2024-11-06T07:08:21.490+0000] {dag.py:3036} INFO - Sync 1 DAGs
[2024-11-06T07:08:21.498+0000] {logging_mixin.py:188} INFO - [2024-11-06T07:08:21.498+0000] {dag.py:3823} INFO - Setting next_dagrun for example_dag_decorator to None, run_after=None
[2024-11-06T07:08:21.653+0000] {processor.py:183} INFO - Processing /home/airflow/.local/lib/python3.8/site-packages/airflow/example_dags/example_dag_decorator.py took 0.341 seconds
[2024-11-06T07:08:51.693+0000] {processor.py:161} INFO - Started process (PID=1037) to work on /home/airflow/.local/lib/python3.8/site-packages/airflow/example_dags/example_dag_decorator.py
[2024-11-06T07:08:51.694+0000] {processor.py:830} INFO - Processing file /home/airflow/.local/lib/python3.8/site-packages/airflow/example_dags/example_dag_decorator.py for tasks to queue
[2024-11-06T07:08:51.695+0000] {logging_mixin.py:188} INFO - [2024-11-06T07:08:51.695+0000] {dagbag.py:538} INFO - Filling up the DagBag from /home/airflow/.local/lib/python3.8/site-packages/airflow/example_dags/example_dag_decorator.py
[2024-11-06T07:08:51.771+0000] {processor.py:840} INFO - DAG(s) 'example_dag_decorator' retrieved from /home/airflow/.local/lib/python3.8/site-packages/airflow/example_dags/example_dag_decorator.py
[2024-11-06T07:08:51.856+0000] {logging_mixin.py:188} INFO - [2024-11-06T07:08:51.856+0000] {dag.py:3036} INFO - Sync 1 DAGs
[2024-11-06T07:08:51.865+0000] {logging_mixin.py:188} INFO - [2024-11-06T07:08:51.865+0000] {dag.py:3823} INFO - Setting next_dagrun for example_dag_decorator to None, run_after=None
[2024-11-06T07:08:51.897+0000] {processor.py:183} INFO - Processing /home/airflow/.local/lib/python3.8/site-packages/airflow/example_dags/example_dag_decorator.py took 0.206 seconds
[2024-11-06T07:09:22.088+0000] {processor.py:161} INFO - Started process (PID=1095) to work on /home/airflow/.local/lib/python3.8/site-packages/airflow/example_dags/example_dag_decorator.py
[2024-11-06T07:09:22.088+0000] {processor.py:830} INFO - Processing file /home/airflow/.local/lib/python3.8/site-packages/airflow/example_dags/example_dag_decorator.py for tasks to queue
[2024-11-06T07:09:22.090+0000] {logging_mixin.py:188} INFO - [2024-11-06T07:09:22.089+0000] {dagbag.py:538} INFO - Filling up the DagBag from /home/airflow/.local/lib/python3.8/site-packages/airflow/example_dags/example_dag_decorator.py
[2024-11-06T07:09:22.164+0000] {processor.py:840} INFO - DAG(s) 'example_dag_decorator' retrieved from /home/airflow/.local/lib/python3.8/site-packages/airflow/example_dags/example_dag_decorator.py
[2024-11-06T07:09:22.273+0000] {logging_mixin.py:188} INFO - [2024-11-06T07:09:22.273+0000] {dag.py:3036} INFO - Sync 1 DAGs
[2024-11-06T07:09:22.285+0000] {logging_mixin.py:188} INFO - [2024-11-06T07:09:22.285+0000] {dag.py:3823} INFO - Setting next_dagrun for example_dag_decorator to None, run_after=None
[2024-11-06T07:09:22.310+0000] {processor.py:183} INFO - Processing /home/airflow/.local/lib/python3.8/site-packages/airflow/example_dags/example_dag_decorator.py took 0.225 seconds
[2024-11-06T07:09:52.719+0000] {processor.py:161} INFO - Started process (PID=1152) to work on /home/airflow/.local/lib/python3.8/site-packages/airflow/example_dags/example_dag_decorator.py
[2024-11-06T07:09:52.720+0000] {processor.py:830} INFO - Processing file /home/airflow/.local/lib/python3.8/site-packages/airflow/example_dags/example_dag_decorator.py for tasks to queue
[2024-11-06T07:09:52.721+0000] {logging_mixin.py:188} INFO - [2024-11-06T07:09:52.721+0000] {dagbag.py:538} INFO - Filling up the DagBag from /home/airflow/.local/lib/python3.8/site-packages/airflow/example_dags/example_dag_decorator.py
[2024-11-06T07:09:52.806+0000] {processor.py:840} INFO - DAG(s) 'example_dag_decorator' retrieved from /home/airflow/.local/lib/python3.8/site-packages/airflow/example_dags/example_dag_decorator.py
[2024-11-06T07:09:52.901+0000] {logging_mixin.py:188} INFO - [2024-11-06T07:09:52.900+0000] {dag.py:3036} INFO - Sync 1 DAGs
[2024-11-06T07:09:52.922+0000] {logging_mixin.py:188} INFO - [2024-11-06T07:09:52.921+0000] {dag.py:3823} INFO - Setting next_dagrun for example_dag_decorator to None, run_after=None
[2024-11-06T07:09:52.948+0000] {processor.py:183} INFO - Processing /home/airflow/.local/lib/python3.8/site-packages/airflow/example_dags/example_dag_decorator.py took 0.231 seconds
[2024-11-06T07:10:23.357+0000] {processor.py:161} INFO - Started process (PID=1209) to work on /home/airflow/.local/lib/python3.8/site-packages/airflow/example_dags/example_dag_decorator.py
[2024-11-06T07:10:23.358+0000] {processor.py:830} INFO - Processing file /home/airflow/.local/lib/python3.8/site-packages/airflow/example_dags/example_dag_decorator.py for tasks to queue
[2024-11-06T07:10:23.360+0000] {logging_mixin.py:188} INFO - [2024-11-06T07:10:23.359+0000] {dagbag.py:538} INFO - Filling up the DagBag from /home/airflow/.local/lib/python3.8/site-packages/airflow/example_dags/example_dag_decorator.py
[2024-11-06T07:10:23.463+0000] {processor.py:840} INFO - DAG(s) 'example_dag_decorator' retrieved from /home/airflow/.local/lib/python3.8/site-packages/airflow/example_dags/example_dag_decorator.py
[2024-11-06T07:10:23.547+0000] {logging_mixin.py:188} INFO - [2024-11-06T07:10:23.547+0000] {dag.py:3036} INFO - Sync 1 DAGs
[2024-11-06T07:10:23.555+0000] {logging_mixin.py:188} INFO - [2024-11-06T07:10:23.555+0000] {dag.py:3823} INFO - Setting next_dagrun for example_dag_decorator to None, run_after=None
[2024-11-06T07:10:23.573+0000] {processor.py:183} INFO - Processing /home/airflow/.local/lib/python3.8/site-packages/airflow/example_dags/example_dag_decorator.py took 0.219 seconds
[2024-11-06T07:10:53.650+0000] {processor.py:161} INFO - Started process (PID=1266) to work on /home/airflow/.local/lib/python3.8/site-packages/airflow/example_dags/example_dag_decorator.py
[2024-11-06T07:10:53.651+0000] {processor.py:830} INFO - Processing file /home/airflow/.local/lib/python3.8/site-packages/airflow/example_dags/example_dag_decorator.py for tasks to queue
[2024-11-06T07:10:53.653+0000] {logging_mixin.py:188} INFO - [2024-11-06T07:10:53.653+0000] {dagbag.py:538} INFO - Filling up the DagBag from /home/airflow/.local/lib/python3.8/site-packages/airflow/example_dags/example_dag_decorator.py
[2024-11-06T07:10:53.761+0000] {processor.py:840} INFO - DAG(s) 'example_dag_decorator' retrieved from /home/airflow/.local/lib/python3.8/site-packages/airflow/example_dags/example_dag_decorator.py
[2024-11-06T07:10:53.856+0000] {logging_mixin.py:188} INFO - [2024-11-06T07:10:53.855+0000] {dag.py:3036} INFO - Sync 1 DAGs
[2024-11-06T07:10:53.864+0000] {logging_mixin.py:188} INFO - [2024-11-06T07:10:53.864+0000] {dag.py:3823} INFO - Setting next_dagrun for example_dag_decorator to None, run_after=None
[2024-11-06T07:10:53.889+0000] {processor.py:183} INFO - Processing /home/airflow/.local/lib/python3.8/site-packages/airflow/example_dags/example_dag_decorator.py took 0.243 seconds
[2024-11-06T07:11:24.277+0000] {processor.py:161} INFO - Started process (PID=1323) to work on /home/airflow/.local/lib/python3.8/site-packages/airflow/example_dags/example_dag_decorator.py
[2024-11-06T07:11:24.279+0000] {processor.py:830} INFO - Processing file /home/airflow/.local/lib/python3.8/site-packages/airflow/example_dags/example_dag_decorator.py for tasks to queue
[2024-11-06T07:11:24.281+0000] {logging_mixin.py:188} INFO - [2024-11-06T07:11:24.281+0000] {dagbag.py:538} INFO - Filling up the DagBag from /home/airflow/.local/lib/python3.8/site-packages/airflow/example_dags/example_dag_decorator.py
[2024-11-06T07:11:24.404+0000] {processor.py:840} INFO - DAG(s) 'example_dag_decorator' retrieved from /home/airflow/.local/lib/python3.8/site-packages/airflow/example_dags/example_dag_decorator.py
[2024-11-06T07:11:24.533+0000] {logging_mixin.py:188} INFO - [2024-11-06T07:11:24.533+0000] {dag.py:3036} INFO - Sync 1 DAGs
[2024-11-06T07:11:24.551+0000] {logging_mixin.py:188} INFO - [2024-11-06T07:11:24.551+0000] {dag.py:3823} INFO - Setting next_dagrun for example_dag_decorator to None, run_after=None
[2024-11-06T07:11:24.571+0000] {processor.py:183} INFO - Processing /home/airflow/.local/lib/python3.8/site-packages/airflow/example_dags/example_dag_decorator.py took 0.298 seconds
[2024-11-06T07:11:54.627+0000] {processor.py:161} INFO - Started process (PID=1380) to work on /home/airflow/.local/lib/python3.8/site-packages/airflow/example_dags/example_dag_decorator.py
[2024-11-06T07:11:54.628+0000] {processor.py:830} INFO - Processing file /home/airflow/.local/lib/python3.8/site-packages/airflow/example_dags/example_dag_decorator.py for tasks to queue
[2024-11-06T07:11:54.629+0000] {logging_mixin.py:188} INFO - [2024-11-06T07:11:54.629+0000] {dagbag.py:538} INFO - Filling up the DagBag from /home/airflow/.local/lib/python3.8/site-packages/airflow/example_dags/example_dag_decorator.py
[2024-11-06T07:11:54.701+0000] {processor.py:840} INFO - DAG(s) 'example_dag_decorator' retrieved from /home/airflow/.local/lib/python3.8/site-packages/airflow/example_dags/example_dag_decorator.py
[2024-11-06T07:11:54.920+0000] {logging_mixin.py:188} INFO - [2024-11-06T07:11:54.920+0000] {dag.py:3036} INFO - Sync 1 DAGs
[2024-11-06T07:11:54.928+0000] {logging_mixin.py:188} INFO - [2024-11-06T07:11:54.927+0000] {dag.py:3823} INFO - Setting next_dagrun for example_dag_decorator to None, run_after=None
[2024-11-06T07:11:54.948+0000] {processor.py:183} INFO - Processing /home/airflow/.local/lib/python3.8/site-packages/airflow/example_dags/example_dag_decorator.py took 0.323 seconds
[2024-11-06T07:12:25.631+0000] {processor.py:161} INFO - Started process (PID=1437) to work on /home/airflow/.local/lib/python3.8/site-packages/airflow/example_dags/example_dag_decorator.py
[2024-11-06T07:12:25.632+0000] {processor.py:830} INFO - Processing file /home/airflow/.local/lib/python3.8/site-packages/airflow/example_dags/example_dag_decorator.py for tasks to queue
[2024-11-06T07:12:25.634+0000] {logging_mixin.py:188} INFO - [2024-11-06T07:12:25.634+0000] {dagbag.py:538} INFO - Filling up the DagBag from /home/airflow/.local/lib/python3.8/site-packages/airflow/example_dags/example_dag_decorator.py
[2024-11-06T07:12:25.730+0000] {processor.py:840} INFO - DAG(s) 'example_dag_decorator' retrieved from /home/airflow/.local/lib/python3.8/site-packages/airflow/example_dags/example_dag_decorator.py
[2024-11-06T07:12:25.752+0000] {logging_mixin.py:188} INFO - [2024-11-06T07:12:25.752+0000] {dag.py:3036} INFO - Sync 1 DAGs
[2024-11-06T07:12:25.770+0000] {logging_mixin.py:188} INFO - [2024-11-06T07:12:25.770+0000] {dag.py:3823} INFO - Setting next_dagrun for example_dag_decorator to None, run_after=None
[2024-11-06T07:12:25.806+0000] {processor.py:183} INFO - Processing /home/airflow/.local/lib/python3.8/site-packages/airflow/example_dags/example_dag_decorator.py took 0.178 seconds
[2024-11-06T07:14:10.849+0000] {processor.py:161} INFO - Started process (PID=101) to work on /home/airflow/.local/lib/python3.8/site-packages/airflow/example_dags/example_dag_decorator.py
[2024-11-06T07:14:10.858+0000] {processor.py:830} INFO - Processing file /home/airflow/.local/lib/python3.8/site-packages/airflow/example_dags/example_dag_decorator.py for tasks to queue
[2024-11-06T07:14:10.862+0000] {logging_mixin.py:188} INFO - [2024-11-06T07:14:10.862+0000] {dagbag.py:538} INFO - Filling up the DagBag from /home/airflow/.local/lib/python3.8/site-packages/airflow/example_dags/example_dag_decorator.py
[2024-11-06T07:14:12.427+0000] {processor.py:840} INFO - DAG(s) 'example_dag_decorator' retrieved from /home/airflow/.local/lib/python3.8/site-packages/airflow/example_dags/example_dag_decorator.py
[2024-11-06T07:14:12.895+0000] {logging_mixin.py:188} INFO - [2024-11-06T07:14:12.895+0000] {dag.py:3036} INFO - Sync 1 DAGs
[2024-11-06T07:14:12.934+0000] {logging_mixin.py:188} INFO - [2024-11-06T07:14:12.934+0000] {dag.py:3823} INFO - Setting next_dagrun for example_dag_decorator to None, run_after=None
[2024-11-06T07:14:13.007+0000] {processor.py:183} INFO - Processing /home/airflow/.local/lib/python3.8/site-packages/airflow/example_dags/example_dag_decorator.py took 2.161 seconds
[2024-11-06T07:14:43.817+0000] {processor.py:161} INFO - Started process (PID=165) to work on /home/airflow/.local/lib/python3.8/site-packages/airflow/example_dags/example_dag_decorator.py
[2024-11-06T07:14:43.817+0000] {processor.py:830} INFO - Processing file /home/airflow/.local/lib/python3.8/site-packages/airflow/example_dags/example_dag_decorator.py for tasks to queue
[2024-11-06T07:14:43.819+0000] {logging_mixin.py:188} INFO - [2024-11-06T07:14:43.819+0000] {dagbag.py:538} INFO - Filling up the DagBag from /home/airflow/.local/lib/python3.8/site-packages/airflow/example_dags/example_dag_decorator.py
[2024-11-06T07:14:43.951+0000] {processor.py:840} INFO - DAG(s) 'example_dag_decorator' retrieved from /home/airflow/.local/lib/python3.8/site-packages/airflow/example_dags/example_dag_decorator.py
[2024-11-06T07:14:44.068+0000] {logging_mixin.py:188} INFO - [2024-11-06T07:14:44.068+0000] {dag.py:3036} INFO - Sync 1 DAGs
[2024-11-06T07:14:44.077+0000] {logging_mixin.py:188} INFO - [2024-11-06T07:14:44.077+0000] {dag.py:3823} INFO - Setting next_dagrun for example_dag_decorator to None, run_after=None
[2024-11-06T07:14:44.095+0000] {processor.py:183} INFO - Processing /home/airflow/.local/lib/python3.8/site-packages/airflow/example_dags/example_dag_decorator.py took 0.282 seconds
[2024-11-06T07:15:14.792+0000] {processor.py:161} INFO - Started process (PID=223) to work on /home/airflow/.local/lib/python3.8/site-packages/airflow/example_dags/example_dag_decorator.py
[2024-11-06T07:15:14.793+0000] {processor.py:830} INFO - Processing file /home/airflow/.local/lib/python3.8/site-packages/airflow/example_dags/example_dag_decorator.py for tasks to queue
[2024-11-06T07:15:14.795+0000] {logging_mixin.py:188} INFO - [2024-11-06T07:15:14.794+0000] {dagbag.py:538} INFO - Filling up the DagBag from /home/airflow/.local/lib/python3.8/site-packages/airflow/example_dags/example_dag_decorator.py
[2024-11-06T07:15:14.935+0000] {processor.py:840} INFO - DAG(s) 'example_dag_decorator' retrieved from /home/airflow/.local/lib/python3.8/site-packages/airflow/example_dags/example_dag_decorator.py
[2024-11-06T07:15:15.097+0000] {logging_mixin.py:188} INFO - [2024-11-06T07:15:15.097+0000] {dag.py:3036} INFO - Sync 1 DAGs
[2024-11-06T07:15:15.108+0000] {logging_mixin.py:188} INFO - [2024-11-06T07:15:15.108+0000] {dag.py:3823} INFO - Setting next_dagrun for example_dag_decorator to None, run_after=None
[2024-11-06T07:15:15.134+0000] {processor.py:183} INFO - Processing /home/airflow/.local/lib/python3.8/site-packages/airflow/example_dags/example_dag_decorator.py took 0.347 seconds
