[2024-11-06T07:00:40.772+0000] {processor.py:161} INFO - Started process (PID=114) to work on /home/airflow/.local/lib/python3.8/site-packages/airflow/example_dags/example_branch_python_dop_operator_3.py
[2024-11-06T07:00:40.778+0000] {processor.py:830} INFO - Processing file /home/airflow/.local/lib/python3.8/site-packages/airflow/example_dags/example_branch_python_dop_operator_3.py for tasks to queue
[2024-11-06T07:00:40.794+0000] {logging_mixin.py:188} INFO - [2024-11-06T07:00:40.794+0000] {dagbag.py:538} INFO - Filling up the DagBag from /home/airflow/.local/lib/python3.8/site-packages/airflow/example_dags/example_branch_python_dop_operator_3.py
[2024-11-06T07:00:40.839+0000] {processor.py:840} INFO - DAG(s) 'example_branch_dop_operator_v3' retrieved from /home/airflow/.local/lib/python3.8/site-packages/airflow/example_dags/example_branch_python_dop_operator_3.py
[2024-11-06T07:00:41.291+0000] {logging_mixin.py:188} INFO - [2024-11-06T07:00:41.291+0000] {dag.py:3036} INFO - Sync 1 DAGs
[2024-11-06T07:00:41.441+0000] {logging_mixin.py:188} INFO - [2024-11-06T07:00:41.434+0000] {dag.py:3823} INFO - Setting next_dagrun for example_branch_dop_operator_v3 to 2024-11-06 06:59:00+00:00, run_after=2024-11-06 07:00:00+00:00
[2024-11-06T07:00:41.512+0000] {processor.py:183} INFO - Processing /home/airflow/.local/lib/python3.8/site-packages/airflow/example_dags/example_branch_python_dop_operator_3.py took 0.744 seconds
[2024-11-06T07:01:12.045+0000] {processor.py:161} INFO - Started process (PID=172) to work on /home/airflow/.local/lib/python3.8/site-packages/airflow/example_dags/example_branch_python_dop_operator_3.py
[2024-11-06T07:01:12.046+0000] {processor.py:830} INFO - Processing file /home/airflow/.local/lib/python3.8/site-packages/airflow/example_dags/example_branch_python_dop_operator_3.py for tasks to queue
[2024-11-06T07:01:12.047+0000] {logging_mixin.py:188} INFO - [2024-11-06T07:01:12.047+0000] {dagbag.py:538} INFO - Filling up the DagBag from /home/airflow/.local/lib/python3.8/site-packages/airflow/example_dags/example_branch_python_dop_operator_3.py
[2024-11-06T07:01:12.058+0000] {processor.py:840} INFO - DAG(s) 'example_branch_dop_operator_v3' retrieved from /home/airflow/.local/lib/python3.8/site-packages/airflow/example_dags/example_branch_python_dop_operator_3.py
[2024-11-06T07:01:12.080+0000] {logging_mixin.py:188} INFO - [2024-11-06T07:01:12.080+0000] {dag.py:3036} INFO - Sync 1 DAGs
[2024-11-06T07:01:12.111+0000] {logging_mixin.py:188} INFO - [2024-11-06T07:01:12.111+0000] {dag.py:3823} INFO - Setting next_dagrun for example_branch_dop_operator_v3 to 2024-11-06 07:00:00+00:00, run_after=2024-11-06 07:01:00+00:00
[2024-11-06T07:01:12.140+0000] {processor.py:183} INFO - Processing /home/airflow/.local/lib/python3.8/site-packages/airflow/example_dags/example_branch_python_dop_operator_3.py took 0.099 seconds
[2024-11-06T07:01:42.528+0000] {processor.py:161} INFO - Started process (PID=230) to work on /home/airflow/.local/lib/python3.8/site-packages/airflow/example_dags/example_branch_python_dop_operator_3.py
[2024-11-06T07:01:42.529+0000] {processor.py:830} INFO - Processing file /home/airflow/.local/lib/python3.8/site-packages/airflow/example_dags/example_branch_python_dop_operator_3.py for tasks to queue
[2024-11-06T07:01:42.531+0000] {logging_mixin.py:188} INFO - [2024-11-06T07:01:42.531+0000] {dagbag.py:538} INFO - Filling up the DagBag from /home/airflow/.local/lib/python3.8/site-packages/airflow/example_dags/example_branch_python_dop_operator_3.py
[2024-11-06T07:01:42.543+0000] {processor.py:840} INFO - DAG(s) 'example_branch_dop_operator_v3' retrieved from /home/airflow/.local/lib/python3.8/site-packages/airflow/example_dags/example_branch_python_dop_operator_3.py
[2024-11-06T07:01:42.566+0000] {logging_mixin.py:188} INFO - [2024-11-06T07:01:42.566+0000] {dag.py:3036} INFO - Sync 1 DAGs
[2024-11-06T07:01:42.624+0000] {logging_mixin.py:188} INFO - [2024-11-06T07:01:42.624+0000] {dag.py:3823} INFO - Setting next_dagrun for example_branch_dop_operator_v3 to 2024-11-06 07:00:00+00:00, run_after=2024-11-06 07:01:00+00:00
[2024-11-06T07:01:42.649+0000] {processor.py:183} INFO - Processing /home/airflow/.local/lib/python3.8/site-packages/airflow/example_dags/example_branch_python_dop_operator_3.py took 0.124 seconds
[2024-11-06T07:02:13.517+0000] {processor.py:161} INFO - Started process (PID=287) to work on /home/airflow/.local/lib/python3.8/site-packages/airflow/example_dags/example_branch_python_dop_operator_3.py
[2024-11-06T07:02:13.518+0000] {processor.py:830} INFO - Processing file /home/airflow/.local/lib/python3.8/site-packages/airflow/example_dags/example_branch_python_dop_operator_3.py for tasks to queue
[2024-11-06T07:02:13.520+0000] {logging_mixin.py:188} INFO - [2024-11-06T07:02:13.520+0000] {dagbag.py:538} INFO - Filling up the DagBag from /home/airflow/.local/lib/python3.8/site-packages/airflow/example_dags/example_branch_python_dop_operator_3.py
[2024-11-06T07:02:13.530+0000] {processor.py:840} INFO - DAG(s) 'example_branch_dop_operator_v3' retrieved from /home/airflow/.local/lib/python3.8/site-packages/airflow/example_dags/example_branch_python_dop_operator_3.py
[2024-11-06T07:02:13.553+0000] {logging_mixin.py:188} INFO - [2024-11-06T07:02:13.553+0000] {dag.py:3036} INFO - Sync 1 DAGs
[2024-11-06T07:02:13.583+0000] {logging_mixin.py:188} INFO - [2024-11-06T07:02:13.583+0000] {dag.py:3823} INFO - Setting next_dagrun for example_branch_dop_operator_v3 to 2024-11-06 07:01:00+00:00, run_after=2024-11-06 07:02:00+00:00
[2024-11-06T07:02:13.610+0000] {processor.py:183} INFO - Processing /home/airflow/.local/lib/python3.8/site-packages/airflow/example_dags/example_branch_python_dop_operator_3.py took 0.096 seconds
[2024-11-06T07:02:44.321+0000] {processor.py:161} INFO - Started process (PID=345) to work on /home/airflow/.local/lib/python3.8/site-packages/airflow/example_dags/example_branch_python_dop_operator_3.py
[2024-11-06T07:02:44.322+0000] {processor.py:830} INFO - Processing file /home/airflow/.local/lib/python3.8/site-packages/airflow/example_dags/example_branch_python_dop_operator_3.py for tasks to queue
[2024-11-06T07:02:44.324+0000] {logging_mixin.py:188} INFO - [2024-11-06T07:02:44.323+0000] {dagbag.py:538} INFO - Filling up the DagBag from /home/airflow/.local/lib/python3.8/site-packages/airflow/example_dags/example_branch_python_dop_operator_3.py
[2024-11-06T07:02:44.335+0000] {processor.py:840} INFO - DAG(s) 'example_branch_dop_operator_v3' retrieved from /home/airflow/.local/lib/python3.8/site-packages/airflow/example_dags/example_branch_python_dop_operator_3.py
[2024-11-06T07:02:44.358+0000] {logging_mixin.py:188} INFO - [2024-11-06T07:02:44.358+0000] {dag.py:3036} INFO - Sync 1 DAGs
[2024-11-06T07:02:44.390+0000] {logging_mixin.py:188} INFO - [2024-11-06T07:02:44.389+0000] {dag.py:3823} INFO - Setting next_dagrun for example_branch_dop_operator_v3 to 2024-11-06 07:01:00+00:00, run_after=2024-11-06 07:02:00+00:00
[2024-11-06T07:02:44.416+0000] {processor.py:183} INFO - Processing /home/airflow/.local/lib/python3.8/site-packages/airflow/example_dags/example_branch_python_dop_operator_3.py took 0.098 seconds
[2024-11-06T07:03:14.576+0000] {processor.py:161} INFO - Started process (PID=403) to work on /home/airflow/.local/lib/python3.8/site-packages/airflow/example_dags/example_branch_python_dop_operator_3.py
[2024-11-06T07:03:14.577+0000] {processor.py:830} INFO - Processing file /home/airflow/.local/lib/python3.8/site-packages/airflow/example_dags/example_branch_python_dop_operator_3.py for tasks to queue
[2024-11-06T07:03:14.579+0000] {logging_mixin.py:188} INFO - [2024-11-06T07:03:14.579+0000] {dagbag.py:538} INFO - Filling up the DagBag from /home/airflow/.local/lib/python3.8/site-packages/airflow/example_dags/example_branch_python_dop_operator_3.py
[2024-11-06T07:03:14.590+0000] {processor.py:840} INFO - DAG(s) 'example_branch_dop_operator_v3' retrieved from /home/airflow/.local/lib/python3.8/site-packages/airflow/example_dags/example_branch_python_dop_operator_3.py
[2024-11-06T07:03:14.611+0000] {logging_mixin.py:188} INFO - [2024-11-06T07:03:14.611+0000] {dag.py:3036} INFO - Sync 1 DAGs
[2024-11-06T07:03:14.641+0000] {logging_mixin.py:188} INFO - [2024-11-06T07:03:14.641+0000] {dag.py:3823} INFO - Setting next_dagrun for example_branch_dop_operator_v3 to 2024-11-06 07:02:00+00:00, run_after=2024-11-06 07:03:00+00:00
[2024-11-06T07:03:14.662+0000] {processor.py:183} INFO - Processing /home/airflow/.local/lib/python3.8/site-packages/airflow/example_dags/example_branch_python_dop_operator_3.py took 0.089 seconds
[2024-11-06T07:03:44.784+0000] {processor.py:161} INFO - Started process (PID=460) to work on /home/airflow/.local/lib/python3.8/site-packages/airflow/example_dags/example_branch_python_dop_operator_3.py
[2024-11-06T07:03:44.784+0000] {processor.py:830} INFO - Processing file /home/airflow/.local/lib/python3.8/site-packages/airflow/example_dags/example_branch_python_dop_operator_3.py for tasks to queue
[2024-11-06T07:03:44.786+0000] {logging_mixin.py:188} INFO - [2024-11-06T07:03:44.786+0000] {dagbag.py:538} INFO - Filling up the DagBag from /home/airflow/.local/lib/python3.8/site-packages/airflow/example_dags/example_branch_python_dop_operator_3.py
[2024-11-06T07:03:44.796+0000] {processor.py:840} INFO - DAG(s) 'example_branch_dop_operator_v3' retrieved from /home/airflow/.local/lib/python3.8/site-packages/airflow/example_dags/example_branch_python_dop_operator_3.py
[2024-11-06T07:03:44.819+0000] {logging_mixin.py:188} INFO - [2024-11-06T07:03:44.819+0000] {dag.py:3036} INFO - Sync 1 DAGs
[2024-11-06T07:03:44.849+0000] {logging_mixin.py:188} INFO - [2024-11-06T07:03:44.849+0000] {dag.py:3823} INFO - Setting next_dagrun for example_branch_dop_operator_v3 to 2024-11-06 07:02:00+00:00, run_after=2024-11-06 07:03:00+00:00
[2024-11-06T07:03:44.872+0000] {processor.py:183} INFO - Processing /home/airflow/.local/lib/python3.8/site-packages/airflow/example_dags/example_branch_python_dop_operator_3.py took 0.092 seconds
[2024-11-06T07:04:15.482+0000] {processor.py:161} INFO - Started process (PID=518) to work on /home/airflow/.local/lib/python3.8/site-packages/airflow/example_dags/example_branch_python_dop_operator_3.py
[2024-11-06T07:04:15.483+0000] {processor.py:830} INFO - Processing file /home/airflow/.local/lib/python3.8/site-packages/airflow/example_dags/example_branch_python_dop_operator_3.py for tasks to queue
[2024-11-06T07:04:15.485+0000] {logging_mixin.py:188} INFO - [2024-11-06T07:04:15.484+0000] {dagbag.py:538} INFO - Filling up the DagBag from /home/airflow/.local/lib/python3.8/site-packages/airflow/example_dags/example_branch_python_dop_operator_3.py
[2024-11-06T07:04:15.495+0000] {processor.py:840} INFO - DAG(s) 'example_branch_dop_operator_v3' retrieved from /home/airflow/.local/lib/python3.8/site-packages/airflow/example_dags/example_branch_python_dop_operator_3.py
[2024-11-06T07:04:15.518+0000] {logging_mixin.py:188} INFO - [2024-11-06T07:04:15.518+0000] {dag.py:3036} INFO - Sync 1 DAGs
[2024-11-06T07:04:15.548+0000] {logging_mixin.py:188} INFO - [2024-11-06T07:04:15.548+0000] {dag.py:3823} INFO - Setting next_dagrun for example_branch_dop_operator_v3 to 2024-11-06 07:03:00+00:00, run_after=2024-11-06 07:04:00+00:00
[2024-11-06T07:04:15.574+0000] {processor.py:183} INFO - Processing /home/airflow/.local/lib/python3.8/site-packages/airflow/example_dags/example_branch_python_dop_operator_3.py took 0.095 seconds
[2024-11-06T07:04:45.621+0000] {processor.py:161} INFO - Started process (PID=577) to work on /home/airflow/.local/lib/python3.8/site-packages/airflow/example_dags/example_branch_python_dop_operator_3.py
[2024-11-06T07:04:45.621+0000] {processor.py:830} INFO - Processing file /home/airflow/.local/lib/python3.8/site-packages/airflow/example_dags/example_branch_python_dop_operator_3.py for tasks to queue
[2024-11-06T07:04:45.623+0000] {logging_mixin.py:188} INFO - [2024-11-06T07:04:45.623+0000] {dagbag.py:538} INFO - Filling up the DagBag from /home/airflow/.local/lib/python3.8/site-packages/airflow/example_dags/example_branch_python_dop_operator_3.py
[2024-11-06T07:04:45.630+0000] {processor.py:840} INFO - DAG(s) 'example_branch_dop_operator_v3' retrieved from /home/airflow/.local/lib/python3.8/site-packages/airflow/example_dags/example_branch_python_dop_operator_3.py
[2024-11-06T07:04:45.646+0000] {logging_mixin.py:188} INFO - [2024-11-06T07:04:45.646+0000] {dag.py:3036} INFO - Sync 1 DAGs
[2024-11-06T07:04:45.666+0000] {logging_mixin.py:188} INFO - [2024-11-06T07:04:45.666+0000] {dag.py:3823} INFO - Setting next_dagrun for example_branch_dop_operator_v3 to 2024-11-06 07:03:00+00:00, run_after=2024-11-06 07:04:00+00:00
[2024-11-06T07:04:45.687+0000] {processor.py:183} INFO - Processing /home/airflow/.local/lib/python3.8/site-packages/airflow/example_dags/example_branch_python_dop_operator_3.py took 0.068 seconds
[2024-11-06T07:05:15.794+0000] {processor.py:161} INFO - Started process (PID=632) to work on /home/airflow/.local/lib/python3.8/site-packages/airflow/example_dags/example_branch_python_dop_operator_3.py
[2024-11-06T07:05:15.799+0000] {processor.py:830} INFO - Processing file /home/airflow/.local/lib/python3.8/site-packages/airflow/example_dags/example_branch_python_dop_operator_3.py for tasks to queue
[2024-11-06T07:05:15.801+0000] {logging_mixin.py:188} INFO - [2024-11-06T07:05:15.801+0000] {dagbag.py:538} INFO - Filling up the DagBag from /home/airflow/.local/lib/python3.8/site-packages/airflow/example_dags/example_branch_python_dop_operator_3.py
[2024-11-06T07:05:15.825+0000] {processor.py:840} INFO - DAG(s) 'example_branch_dop_operator_v3' retrieved from /home/airflow/.local/lib/python3.8/site-packages/airflow/example_dags/example_branch_python_dop_operator_3.py
[2024-11-06T07:05:15.892+0000] {logging_mixin.py:188} INFO - [2024-11-06T07:05:15.891+0000] {dag.py:3036} INFO - Sync 1 DAGs
[2024-11-06T07:05:15.933+0000] {logging_mixin.py:188} INFO - [2024-11-06T07:05:15.933+0000] {dag.py:3823} INFO - Setting next_dagrun for example_branch_dop_operator_v3 to 2024-11-06 07:04:00+00:00, run_after=2024-11-06 07:05:00+00:00
[2024-11-06T07:05:15.965+0000] {processor.py:183} INFO - Processing /home/airflow/.local/lib/python3.8/site-packages/airflow/example_dags/example_branch_python_dop_operator_3.py took 0.174 seconds
[2024-11-06T07:05:46.781+0000] {processor.py:161} INFO - Started process (PID=689) to work on /home/airflow/.local/lib/python3.8/site-packages/airflow/example_dags/example_branch_python_dop_operator_3.py
[2024-11-06T07:05:46.783+0000] {processor.py:830} INFO - Processing file /home/airflow/.local/lib/python3.8/site-packages/airflow/example_dags/example_branch_python_dop_operator_3.py for tasks to queue
[2024-11-06T07:05:46.790+0000] {logging_mixin.py:188} INFO - [2024-11-06T07:05:46.790+0000] {dagbag.py:538} INFO - Filling up the DagBag from /home/airflow/.local/lib/python3.8/site-packages/airflow/example_dags/example_branch_python_dop_operator_3.py
[2024-11-06T07:05:46.801+0000] {processor.py:840} INFO - DAG(s) 'example_branch_dop_operator_v3' retrieved from /home/airflow/.local/lib/python3.8/site-packages/airflow/example_dags/example_branch_python_dop_operator_3.py
[2024-11-06T07:05:46.825+0000] {logging_mixin.py:188} INFO - [2024-11-06T07:05:46.824+0000] {dag.py:3036} INFO - Sync 1 DAGs
[2024-11-06T07:05:46.855+0000] {logging_mixin.py:188} INFO - [2024-11-06T07:05:46.855+0000] {dag.py:3823} INFO - Setting next_dagrun for example_branch_dop_operator_v3 to 2024-11-06 07:04:00+00:00, run_after=2024-11-06 07:05:00+00:00
[2024-11-06T07:05:46.881+0000] {processor.py:183} INFO - Processing /home/airflow/.local/lib/python3.8/site-packages/airflow/example_dags/example_branch_python_dop_operator_3.py took 0.104 seconds
[2024-11-06T07:06:17.280+0000] {processor.py:161} INFO - Started process (PID=746) to work on /home/airflow/.local/lib/python3.8/site-packages/airflow/example_dags/example_branch_python_dop_operator_3.py
[2024-11-06T07:06:17.282+0000] {processor.py:830} INFO - Processing file /home/airflow/.local/lib/python3.8/site-packages/airflow/example_dags/example_branch_python_dop_operator_3.py for tasks to queue
[2024-11-06T07:06:17.288+0000] {logging_mixin.py:188} INFO - [2024-11-06T07:06:17.287+0000] {dagbag.py:538} INFO - Filling up the DagBag from /home/airflow/.local/lib/python3.8/site-packages/airflow/example_dags/example_branch_python_dop_operator_3.py
[2024-11-06T07:06:17.316+0000] {processor.py:840} INFO - DAG(s) 'example_branch_dop_operator_v3' retrieved from /home/airflow/.local/lib/python3.8/site-packages/airflow/example_dags/example_branch_python_dop_operator_3.py
[2024-11-06T07:06:17.363+0000] {logging_mixin.py:188} INFO - [2024-11-06T07:06:17.363+0000] {dag.py:3036} INFO - Sync 1 DAGs
[2024-11-06T07:06:17.465+0000] {logging_mixin.py:188} INFO - [2024-11-06T07:06:17.465+0000] {dag.py:3823} INFO - Setting next_dagrun for example_branch_dop_operator_v3 to 2024-11-06 07:05:00+00:00, run_after=2024-11-06 07:06:00+00:00
[2024-11-06T07:06:17.542+0000] {processor.py:183} INFO - Processing /home/airflow/.local/lib/python3.8/site-packages/airflow/example_dags/example_branch_python_dop_operator_3.py took 0.281 seconds
[2024-11-06T07:06:47.795+0000] {processor.py:161} INFO - Started process (PID=803) to work on /home/airflow/.local/lib/python3.8/site-packages/airflow/example_dags/example_branch_python_dop_operator_3.py
[2024-11-06T07:06:47.796+0000] {processor.py:830} INFO - Processing file /home/airflow/.local/lib/python3.8/site-packages/airflow/example_dags/example_branch_python_dop_operator_3.py for tasks to queue
[2024-11-06T07:06:47.798+0000] {logging_mixin.py:188} INFO - [2024-11-06T07:06:47.797+0000] {dagbag.py:538} INFO - Filling up the DagBag from /home/airflow/.local/lib/python3.8/site-packages/airflow/example_dags/example_branch_python_dop_operator_3.py
[2024-11-06T07:06:47.808+0000] {processor.py:840} INFO - DAG(s) 'example_branch_dop_operator_v3' retrieved from /home/airflow/.local/lib/python3.8/site-packages/airflow/example_dags/example_branch_python_dop_operator_3.py
[2024-11-06T07:06:47.831+0000] {logging_mixin.py:188} INFO - [2024-11-06T07:06:47.831+0000] {dag.py:3036} INFO - Sync 1 DAGs
[2024-11-06T07:06:47.865+0000] {logging_mixin.py:188} INFO - [2024-11-06T07:06:47.865+0000] {dag.py:3823} INFO - Setting next_dagrun for example_branch_dop_operator_v3 to 2024-11-06 07:05:00+00:00, run_after=2024-11-06 07:06:00+00:00
[2024-11-06T07:06:47.922+0000] {processor.py:183} INFO - Processing /home/airflow/.local/lib/python3.8/site-packages/airflow/example_dags/example_branch_python_dop_operator_3.py took 0.130 seconds
[2024-11-06T07:07:18.511+0000] {processor.py:161} INFO - Started process (PID=861) to work on /home/airflow/.local/lib/python3.8/site-packages/airflow/example_dags/example_branch_python_dop_operator_3.py
[2024-11-06T07:07:18.518+0000] {processor.py:830} INFO - Processing file /home/airflow/.local/lib/python3.8/site-packages/airflow/example_dags/example_branch_python_dop_operator_3.py for tasks to queue
[2024-11-06T07:07:18.520+0000] {logging_mixin.py:188} INFO - [2024-11-06T07:07:18.520+0000] {dagbag.py:538} INFO - Filling up the DagBag from /home/airflow/.local/lib/python3.8/site-packages/airflow/example_dags/example_branch_python_dop_operator_3.py
[2024-11-06T07:07:18.553+0000] {processor.py:840} INFO - DAG(s) 'example_branch_dop_operator_v3' retrieved from /home/airflow/.local/lib/python3.8/site-packages/airflow/example_dags/example_branch_python_dop_operator_3.py
[2024-11-06T07:07:18.599+0000] {logging_mixin.py:188} INFO - [2024-11-06T07:07:18.599+0000] {dag.py:3036} INFO - Sync 1 DAGs
[2024-11-06T07:07:18.671+0000] {logging_mixin.py:188} INFO - [2024-11-06T07:07:18.670+0000] {dag.py:3823} INFO - Setting next_dagrun for example_branch_dop_operator_v3 to 2024-11-06 07:06:00+00:00, run_after=2024-11-06 07:07:00+00:00
[2024-11-06T07:07:18.716+0000] {processor.py:183} INFO - Processing /home/airflow/.local/lib/python3.8/site-packages/airflow/example_dags/example_branch_python_dop_operator_3.py took 0.221 seconds
[2024-11-06T07:07:48.953+0000] {processor.py:161} INFO - Started process (PID=918) to work on /home/airflow/.local/lib/python3.8/site-packages/airflow/example_dags/example_branch_python_dop_operator_3.py
[2024-11-06T07:07:48.953+0000] {processor.py:830} INFO - Processing file /home/airflow/.local/lib/python3.8/site-packages/airflow/example_dags/example_branch_python_dop_operator_3.py for tasks to queue
[2024-11-06T07:07:48.955+0000] {logging_mixin.py:188} INFO - [2024-11-06T07:07:48.955+0000] {dagbag.py:538} INFO - Filling up the DagBag from /home/airflow/.local/lib/python3.8/site-packages/airflow/example_dags/example_branch_python_dop_operator_3.py
[2024-11-06T07:07:48.965+0000] {processor.py:840} INFO - DAG(s) 'example_branch_dop_operator_v3' retrieved from /home/airflow/.local/lib/python3.8/site-packages/airflow/example_dags/example_branch_python_dop_operator_3.py
[2024-11-06T07:07:48.987+0000] {logging_mixin.py:188} INFO - [2024-11-06T07:07:48.987+0000] {dag.py:3036} INFO - Sync 1 DAGs
[2024-11-06T07:07:49.017+0000] {logging_mixin.py:188} INFO - [2024-11-06T07:07:49.017+0000] {dag.py:3823} INFO - Setting next_dagrun for example_branch_dop_operator_v3 to 2024-11-06 07:06:00+00:00, run_after=2024-11-06 07:07:00+00:00
[2024-11-06T07:07:49.047+0000] {processor.py:183} INFO - Processing /home/airflow/.local/lib/python3.8/site-packages/airflow/example_dags/example_branch_python_dop_operator_3.py took 0.098 seconds
[2024-11-06T07:08:19.226+0000] {processor.py:161} INFO - Started process (PID=976) to work on /home/airflow/.local/lib/python3.8/site-packages/airflow/example_dags/example_branch_python_dop_operator_3.py
[2024-11-06T07:08:19.227+0000] {processor.py:830} INFO - Processing file /home/airflow/.local/lib/python3.8/site-packages/airflow/example_dags/example_branch_python_dop_operator_3.py for tasks to queue
[2024-11-06T07:08:19.229+0000] {logging_mixin.py:188} INFO - [2024-11-06T07:08:19.228+0000] {dagbag.py:538} INFO - Filling up the DagBag from /home/airflow/.local/lib/python3.8/site-packages/airflow/example_dags/example_branch_python_dop_operator_3.py
[2024-11-06T07:08:19.239+0000] {processor.py:840} INFO - DAG(s) 'example_branch_dop_operator_v3' retrieved from /home/airflow/.local/lib/python3.8/site-packages/airflow/example_dags/example_branch_python_dop_operator_3.py
[2024-11-06T07:08:19.262+0000] {logging_mixin.py:188} INFO - [2024-11-06T07:08:19.262+0000] {dag.py:3036} INFO - Sync 1 DAGs
[2024-11-06T07:08:19.291+0000] {logging_mixin.py:188} INFO - [2024-11-06T07:08:19.291+0000] {dag.py:3823} INFO - Setting next_dagrun for example_branch_dop_operator_v3 to 2024-11-06 07:07:00+00:00, run_after=2024-11-06 07:08:00+00:00
[2024-11-06T07:08:19.317+0000] {processor.py:183} INFO - Processing /home/airflow/.local/lib/python3.8/site-packages/airflow/example_dags/example_branch_python_dop_operator_3.py took 0.094 seconds
[2024-11-06T07:08:49.545+0000] {processor.py:161} INFO - Started process (PID=1033) to work on /home/airflow/.local/lib/python3.8/site-packages/airflow/example_dags/example_branch_python_dop_operator_3.py
[2024-11-06T07:08:49.546+0000] {processor.py:830} INFO - Processing file /home/airflow/.local/lib/python3.8/site-packages/airflow/example_dags/example_branch_python_dop_operator_3.py for tasks to queue
[2024-11-06T07:08:49.548+0000] {logging_mixin.py:188} INFO - [2024-11-06T07:08:49.548+0000] {dagbag.py:538} INFO - Filling up the DagBag from /home/airflow/.local/lib/python3.8/site-packages/airflow/example_dags/example_branch_python_dop_operator_3.py
[2024-11-06T07:08:49.558+0000] {processor.py:840} INFO - DAG(s) 'example_branch_dop_operator_v3' retrieved from /home/airflow/.local/lib/python3.8/site-packages/airflow/example_dags/example_branch_python_dop_operator_3.py
[2024-11-06T07:08:49.582+0000] {logging_mixin.py:188} INFO - [2024-11-06T07:08:49.582+0000] {dag.py:3036} INFO - Sync 1 DAGs
[2024-11-06T07:08:49.618+0000] {logging_mixin.py:188} INFO - [2024-11-06T07:08:49.617+0000] {dag.py:3823} INFO - Setting next_dagrun for example_branch_dop_operator_v3 to 2024-11-06 07:07:00+00:00, run_after=2024-11-06 07:08:00+00:00
[2024-11-06T07:08:49.645+0000] {processor.py:183} INFO - Processing /home/airflow/.local/lib/python3.8/site-packages/airflow/example_dags/example_branch_python_dop_operator_3.py took 0.103 seconds
[2024-11-06T07:09:19.912+0000] {processor.py:161} INFO - Started process (PID=1091) to work on /home/airflow/.local/lib/python3.8/site-packages/airflow/example_dags/example_branch_python_dop_operator_3.py
[2024-11-06T07:09:19.913+0000] {processor.py:830} INFO - Processing file /home/airflow/.local/lib/python3.8/site-packages/airflow/example_dags/example_branch_python_dop_operator_3.py for tasks to queue
[2024-11-06T07:09:19.915+0000] {logging_mixin.py:188} INFO - [2024-11-06T07:09:19.915+0000] {dagbag.py:538} INFO - Filling up the DagBag from /home/airflow/.local/lib/python3.8/site-packages/airflow/example_dags/example_branch_python_dop_operator_3.py
[2024-11-06T07:09:19.932+0000] {processor.py:840} INFO - DAG(s) 'example_branch_dop_operator_v3' retrieved from /home/airflow/.local/lib/python3.8/site-packages/airflow/example_dags/example_branch_python_dop_operator_3.py
[2024-11-06T07:09:19.995+0000] {logging_mixin.py:188} INFO - [2024-11-06T07:09:19.995+0000] {dag.py:3036} INFO - Sync 1 DAGs
[2024-11-06T07:09:20.028+0000] {logging_mixin.py:188} INFO - [2024-11-06T07:09:20.028+0000] {dag.py:3823} INFO - Setting next_dagrun for example_branch_dop_operator_v3 to 2024-11-06 07:08:00+00:00, run_after=2024-11-06 07:09:00+00:00
[2024-11-06T07:09:20.058+0000] {processor.py:183} INFO - Processing /home/airflow/.local/lib/python3.8/site-packages/airflow/example_dags/example_branch_python_dop_operator_3.py took 0.150 seconds
[2024-11-06T07:09:50.566+0000] {processor.py:161} INFO - Started process (PID=1148) to work on /home/airflow/.local/lib/python3.8/site-packages/airflow/example_dags/example_branch_python_dop_operator_3.py
[2024-11-06T07:09:50.567+0000] {processor.py:830} INFO - Processing file /home/airflow/.local/lib/python3.8/site-packages/airflow/example_dags/example_branch_python_dop_operator_3.py for tasks to queue
[2024-11-06T07:09:50.573+0000] {logging_mixin.py:188} INFO - [2024-11-06T07:09:50.573+0000] {dagbag.py:538} INFO - Filling up the DagBag from /home/airflow/.local/lib/python3.8/site-packages/airflow/example_dags/example_branch_python_dop_operator_3.py
[2024-11-06T07:09:50.592+0000] {processor.py:840} INFO - DAG(s) 'example_branch_dop_operator_v3' retrieved from /home/airflow/.local/lib/python3.8/site-packages/airflow/example_dags/example_branch_python_dop_operator_3.py
[2024-11-06T07:09:50.651+0000] {logging_mixin.py:188} INFO - [2024-11-06T07:09:50.650+0000] {dag.py:3036} INFO - Sync 1 DAGs
[2024-11-06T07:09:50.698+0000] {logging_mixin.py:188} INFO - [2024-11-06T07:09:50.698+0000] {dag.py:3823} INFO - Setting next_dagrun for example_branch_dop_operator_v3 to 2024-11-06 07:08:00+00:00, run_after=2024-11-06 07:09:00+00:00
[2024-11-06T07:09:50.718+0000] {processor.py:183} INFO - Processing /home/airflow/.local/lib/python3.8/site-packages/airflow/example_dags/example_branch_python_dop_operator_3.py took 0.155 seconds
[2024-11-06T07:10:21.217+0000] {processor.py:161} INFO - Started process (PID=1205) to work on /home/airflow/.local/lib/python3.8/site-packages/airflow/example_dags/example_branch_python_dop_operator_3.py
[2024-11-06T07:10:21.218+0000] {processor.py:830} INFO - Processing file /home/airflow/.local/lib/python3.8/site-packages/airflow/example_dags/example_branch_python_dop_operator_3.py for tasks to queue
[2024-11-06T07:10:21.220+0000] {logging_mixin.py:188} INFO - [2024-11-06T07:10:21.219+0000] {dagbag.py:538} INFO - Filling up the DagBag from /home/airflow/.local/lib/python3.8/site-packages/airflow/example_dags/example_branch_python_dop_operator_3.py
[2024-11-06T07:10:21.230+0000] {processor.py:840} INFO - DAG(s) 'example_branch_dop_operator_v3' retrieved from /home/airflow/.local/lib/python3.8/site-packages/airflow/example_dags/example_branch_python_dop_operator_3.py
[2024-11-06T07:10:21.266+0000] {logging_mixin.py:188} INFO - [2024-11-06T07:10:21.266+0000] {dag.py:3036} INFO - Sync 1 DAGs
[2024-11-06T07:10:21.302+0000] {logging_mixin.py:188} INFO - [2024-11-06T07:10:21.301+0000] {dag.py:3823} INFO - Setting next_dagrun for example_branch_dop_operator_v3 to 2024-11-06 07:09:00+00:00, run_after=2024-11-06 07:10:00+00:00
[2024-11-06T07:10:21.328+0000] {processor.py:183} INFO - Processing /home/airflow/.local/lib/python3.8/site-packages/airflow/example_dags/example_branch_python_dop_operator_3.py took 0.115 seconds
[2024-11-06T07:10:51.520+0000] {processor.py:161} INFO - Started process (PID=1262) to work on /home/airflow/.local/lib/python3.8/site-packages/airflow/example_dags/example_branch_python_dop_operator_3.py
[2024-11-06T07:10:51.522+0000] {processor.py:830} INFO - Processing file /home/airflow/.local/lib/python3.8/site-packages/airflow/example_dags/example_branch_python_dop_operator_3.py for tasks to queue
[2024-11-06T07:10:51.524+0000] {logging_mixin.py:188} INFO - [2024-11-06T07:10:51.524+0000] {dagbag.py:538} INFO - Filling up the DagBag from /home/airflow/.local/lib/python3.8/site-packages/airflow/example_dags/example_branch_python_dop_operator_3.py
[2024-11-06T07:10:51.535+0000] {processor.py:840} INFO - DAG(s) 'example_branch_dop_operator_v3' retrieved from /home/airflow/.local/lib/python3.8/site-packages/airflow/example_dags/example_branch_python_dop_operator_3.py
[2024-11-06T07:10:51.554+0000] {logging_mixin.py:188} INFO - [2024-11-06T07:10:51.554+0000] {dag.py:3036} INFO - Sync 1 DAGs
[2024-11-06T07:10:51.586+0000] {logging_mixin.py:188} INFO - [2024-11-06T07:10:51.586+0000] {dag.py:3823} INFO - Setting next_dagrun for example_branch_dop_operator_v3 to 2024-11-06 07:09:00+00:00, run_after=2024-11-06 07:10:00+00:00
[2024-11-06T07:10:51.615+0000] {processor.py:183} INFO - Processing /home/airflow/.local/lib/python3.8/site-packages/airflow/example_dags/example_branch_python_dop_operator_3.py took 0.099 seconds
[2024-11-06T07:11:22.139+0000] {processor.py:161} INFO - Started process (PID=1319) to work on /home/airflow/.local/lib/python3.8/site-packages/airflow/example_dags/example_branch_python_dop_operator_3.py
[2024-11-06T07:11:22.140+0000] {processor.py:830} INFO - Processing file /home/airflow/.local/lib/python3.8/site-packages/airflow/example_dags/example_branch_python_dop_operator_3.py for tasks to queue
[2024-11-06T07:11:22.142+0000] {logging_mixin.py:188} INFO - [2024-11-06T07:11:22.142+0000] {dagbag.py:538} INFO - Filling up the DagBag from /home/airflow/.local/lib/python3.8/site-packages/airflow/example_dags/example_branch_python_dop_operator_3.py
[2024-11-06T07:11:22.153+0000] {processor.py:840} INFO - DAG(s) 'example_branch_dop_operator_v3' retrieved from /home/airflow/.local/lib/python3.8/site-packages/airflow/example_dags/example_branch_python_dop_operator_3.py
[2024-11-06T07:11:22.177+0000] {logging_mixin.py:188} INFO - [2024-11-06T07:11:22.176+0000] {dag.py:3036} INFO - Sync 1 DAGs
[2024-11-06T07:11:22.206+0000] {logging_mixin.py:188} INFO - [2024-11-06T07:11:22.206+0000] {dag.py:3823} INFO - Setting next_dagrun for example_branch_dop_operator_v3 to 2024-11-06 07:10:00+00:00, run_after=2024-11-06 07:11:00+00:00
[2024-11-06T07:11:22.233+0000] {processor.py:183} INFO - Processing /home/airflow/.local/lib/python3.8/site-packages/airflow/example_dags/example_branch_python_dop_operator_3.py took 0.097 seconds
[2024-11-06T07:11:52.454+0000] {processor.py:161} INFO - Started process (PID=1376) to work on /home/airflow/.local/lib/python3.8/site-packages/airflow/example_dags/example_branch_python_dop_operator_3.py
[2024-11-06T07:11:52.455+0000] {processor.py:830} INFO - Processing file /home/airflow/.local/lib/python3.8/site-packages/airflow/example_dags/example_branch_python_dop_operator_3.py for tasks to queue
[2024-11-06T07:11:52.457+0000] {logging_mixin.py:188} INFO - [2024-11-06T07:11:52.457+0000] {dagbag.py:538} INFO - Filling up the DagBag from /home/airflow/.local/lib/python3.8/site-packages/airflow/example_dags/example_branch_python_dop_operator_3.py
[2024-11-06T07:11:52.469+0000] {processor.py:840} INFO - DAG(s) 'example_branch_dop_operator_v3' retrieved from /home/airflow/.local/lib/python3.8/site-packages/airflow/example_dags/example_branch_python_dop_operator_3.py
[2024-11-06T07:11:52.495+0000] {logging_mixin.py:188} INFO - [2024-11-06T07:11:52.494+0000] {dag.py:3036} INFO - Sync 1 DAGs
[2024-11-06T07:11:52.531+0000] {logging_mixin.py:188} INFO - [2024-11-06T07:11:52.531+0000] {dag.py:3823} INFO - Setting next_dagrun for example_branch_dop_operator_v3 to 2024-11-06 07:10:00+00:00, run_after=2024-11-06 07:11:00+00:00
[2024-11-06T07:11:52.558+0000] {processor.py:183} INFO - Processing /home/airflow/.local/lib/python3.8/site-packages/airflow/example_dags/example_branch_python_dop_operator_3.py took 0.107 seconds
[2024-11-06T07:12:23.483+0000] {processor.py:161} INFO - Started process (PID=1433) to work on /home/airflow/.local/lib/python3.8/site-packages/airflow/example_dags/example_branch_python_dop_operator_3.py
[2024-11-06T07:12:23.484+0000] {processor.py:830} INFO - Processing file /home/airflow/.local/lib/python3.8/site-packages/airflow/example_dags/example_branch_python_dop_operator_3.py for tasks to queue
[2024-11-06T07:12:23.485+0000] {logging_mixin.py:188} INFO - [2024-11-06T07:12:23.485+0000] {dagbag.py:538} INFO - Filling up the DagBag from /home/airflow/.local/lib/python3.8/site-packages/airflow/example_dags/example_branch_python_dop_operator_3.py
[2024-11-06T07:12:23.499+0000] {processor.py:840} INFO - DAG(s) 'example_branch_dop_operator_v3' retrieved from /home/airflow/.local/lib/python3.8/site-packages/airflow/example_dags/example_branch_python_dop_operator_3.py
[2024-11-06T07:12:23.525+0000] {logging_mixin.py:188} INFO - [2024-11-06T07:12:23.525+0000] {dag.py:3036} INFO - Sync 1 DAGs
[2024-11-06T07:12:23.567+0000] {logging_mixin.py:188} INFO - [2024-11-06T07:12:23.567+0000] {dag.py:3823} INFO - Setting next_dagrun for example_branch_dop_operator_v3 to 2024-11-06 07:11:00+00:00, run_after=2024-11-06 07:12:00+00:00
[2024-11-06T07:12:23.597+0000] {processor.py:183} INFO - Processing /home/airflow/.local/lib/python3.8/site-packages/airflow/example_dags/example_branch_python_dop_operator_3.py took 0.122 seconds
[2024-11-06T07:14:13.729+0000] {processor.py:161} INFO - Started process (PID=112) to work on /home/airflow/.local/lib/python3.8/site-packages/airflow/example_dags/example_branch_python_dop_operator_3.py
[2024-11-06T07:14:13.734+0000] {processor.py:830} INFO - Processing file /home/airflow/.local/lib/python3.8/site-packages/airflow/example_dags/example_branch_python_dop_operator_3.py for tasks to queue
[2024-11-06T07:14:13.744+0000] {logging_mixin.py:188} INFO - [2024-11-06T07:14:13.743+0000] {dagbag.py:538} INFO - Filling up the DagBag from /home/airflow/.local/lib/python3.8/site-packages/airflow/example_dags/example_branch_python_dop_operator_3.py
[2024-11-06T07:14:13.771+0000] {processor.py:840} INFO - DAG(s) 'example_branch_dop_operator_v3' retrieved from /home/airflow/.local/lib/python3.8/site-packages/airflow/example_dags/example_branch_python_dop_operator_3.py
[2024-11-06T07:14:14.445+0000] {logging_mixin.py:188} INFO - [2024-11-06T07:14:14.445+0000] {dag.py:3036} INFO - Sync 1 DAGs
[2024-11-06T07:14:14.514+0000] {logging_mixin.py:188} INFO - [2024-11-06T07:14:14.514+0000] {dag.py:3823} INFO - Setting next_dagrun for example_branch_dop_operator_v3 to 2024-11-06 07:13:00+00:00, run_after=2024-11-06 07:14:00+00:00
[2024-11-06T07:14:14.627+0000] {processor.py:183} INFO - Processing /home/airflow/.local/lib/python3.8/site-packages/airflow/example_dags/example_branch_python_dop_operator_3.py took 0.913 seconds
[2024-11-06T07:14:45.124+0000] {processor.py:161} INFO - Started process (PID=169) to work on /home/airflow/.local/lib/python3.8/site-packages/airflow/example_dags/example_branch_python_dop_operator_3.py
[2024-11-06T07:14:45.125+0000] {processor.py:830} INFO - Processing file /home/airflow/.local/lib/python3.8/site-packages/airflow/example_dags/example_branch_python_dop_operator_3.py for tasks to queue
[2024-11-06T07:14:45.127+0000] {logging_mixin.py:188} INFO - [2024-11-06T07:14:45.127+0000] {dagbag.py:538} INFO - Filling up the DagBag from /home/airflow/.local/lib/python3.8/site-packages/airflow/example_dags/example_branch_python_dop_operator_3.py
[2024-11-06T07:14:45.138+0000] {processor.py:840} INFO - DAG(s) 'example_branch_dop_operator_v3' retrieved from /home/airflow/.local/lib/python3.8/site-packages/airflow/example_dags/example_branch_python_dop_operator_3.py
[2024-11-06T07:14:45.159+0000] {logging_mixin.py:188} INFO - [2024-11-06T07:14:45.159+0000] {dag.py:3036} INFO - Sync 1 DAGs
[2024-11-06T07:14:45.189+0000] {logging_mixin.py:188} INFO - [2024-11-06T07:14:45.189+0000] {dag.py:3823} INFO - Setting next_dagrun for example_branch_dop_operator_v3 to 2024-11-06 07:13:00+00:00, run_after=2024-11-06 07:14:00+00:00
[2024-11-06T07:14:45.216+0000] {processor.py:183} INFO - Processing /home/airflow/.local/lib/python3.8/site-packages/airflow/example_dags/example_branch_python_dop_operator_3.py took 0.095 seconds
[2024-11-06T07:15:15.271+0000] {processor.py:161} INFO - Started process (PID=228) to work on /home/airflow/.local/lib/python3.8/site-packages/airflow/example_dags/example_branch_python_dop_operator_3.py
[2024-11-06T07:15:15.272+0000] {processor.py:830} INFO - Processing file /home/airflow/.local/lib/python3.8/site-packages/airflow/example_dags/example_branch_python_dop_operator_3.py for tasks to queue
[2024-11-06T07:15:15.273+0000] {logging_mixin.py:188} INFO - [2024-11-06T07:15:15.273+0000] {dagbag.py:538} INFO - Filling up the DagBag from /home/airflow/.local/lib/python3.8/site-packages/airflow/example_dags/example_branch_python_dop_operator_3.py
[2024-11-06T07:15:15.284+0000] {processor.py:840} INFO - DAG(s) 'example_branch_dop_operator_v3' retrieved from /home/airflow/.local/lib/python3.8/site-packages/airflow/example_dags/example_branch_python_dop_operator_3.py
[2024-11-06T07:15:15.307+0000] {logging_mixin.py:188} INFO - [2024-11-06T07:15:15.306+0000] {dag.py:3036} INFO - Sync 1 DAGs
[2024-11-06T07:15:15.339+0000] {logging_mixin.py:188} INFO - [2024-11-06T07:15:15.338+0000] {dag.py:3823} INFO - Setting next_dagrun for example_branch_dop_operator_v3 to 2024-11-06 07:14:00+00:00, run_after=2024-11-06 07:15:00+00:00
[2024-11-06T07:15:15.364+0000] {processor.py:183} INFO - Processing /home/airflow/.local/lib/python3.8/site-packages/airflow/example_dags/example_branch_python_dop_operator_3.py took 0.097 seconds
