[2024-11-06T07:00:23.669+0000] {processor.py:161} INFO - Started process (PID=70) to work on /home/airflow/.local/lib/python3.8/site-packages/airflow/example_dags/example_trigger_target_dag.py
[2024-11-06T07:00:23.730+0000] {processor.py:830} INFO - Processing file /home/airflow/.local/lib/python3.8/site-packages/airflow/example_dags/example_trigger_target_dag.py for tasks to queue
[2024-11-06T07:00:23.738+0000] {logging_mixin.py:188} INFO - [2024-11-06T07:00:23.737+0000] {dagbag.py:538} INFO - Filling up the DagBag from /home/airflow/.local/lib/python3.8/site-packages/airflow/example_dags/example_trigger_target_dag.py
[2024-11-06T07:00:23.782+0000] {processor.py:840} INFO - DAG(s) 'example_trigger_target_dag' retrieved from /home/airflow/.local/lib/python3.8/site-packages/airflow/example_dags/example_trigger_target_dag.py
[2024-11-06T07:00:24.109+0000] {logging_mixin.py:188} INFO - [2024-11-06T07:00:24.108+0000] {dag.py:3036} INFO - Sync 1 DAGs
[2024-11-06T07:00:24.142+0000] {logging_mixin.py:188} INFO - [2024-11-06T07:00:24.142+0000] {dag.py:3823} INFO - Setting next_dagrun for example_trigger_target_dag to None, run_after=None
[2024-11-06T07:00:24.243+0000] {processor.py:183} INFO - Processing /home/airflow/.local/lib/python3.8/site-packages/airflow/example_dags/example_trigger_target_dag.py took 0.578 seconds
[2024-11-06T07:00:54.546+0000] {processor.py:161} INFO - Started process (PID=127) to work on /home/airflow/.local/lib/python3.8/site-packages/airflow/example_dags/example_trigger_target_dag.py
[2024-11-06T07:00:54.547+0000] {processor.py:830} INFO - Processing file /home/airflow/.local/lib/python3.8/site-packages/airflow/example_dags/example_trigger_target_dag.py for tasks to queue
[2024-11-06T07:00:54.548+0000] {logging_mixin.py:188} INFO - [2024-11-06T07:00:54.548+0000] {dagbag.py:538} INFO - Filling up the DagBag from /home/airflow/.local/lib/python3.8/site-packages/airflow/example_dags/example_trigger_target_dag.py
[2024-11-06T07:00:54.554+0000] {processor.py:840} INFO - DAG(s) 'example_trigger_target_dag' retrieved from /home/airflow/.local/lib/python3.8/site-packages/airflow/example_dags/example_trigger_target_dag.py
[2024-11-06T07:00:54.573+0000] {logging_mixin.py:188} INFO - [2024-11-06T07:00:54.573+0000] {dag.py:3036} INFO - Sync 1 DAGs
[2024-11-06T07:00:54.583+0000] {logging_mixin.py:188} INFO - [2024-11-06T07:00:54.583+0000] {dag.py:3823} INFO - Setting next_dagrun for example_trigger_target_dag to None, run_after=None
[2024-11-06T07:00:54.605+0000] {processor.py:183} INFO - Processing /home/airflow/.local/lib/python3.8/site-packages/airflow/example_dags/example_trigger_target_dag.py took 0.063 seconds
[2024-11-06T07:01:25.056+0000] {processor.py:161} INFO - Started process (PID=185) to work on /home/airflow/.local/lib/python3.8/site-packages/airflow/example_dags/example_trigger_target_dag.py
[2024-11-06T07:01:25.057+0000] {processor.py:830} INFO - Processing file /home/airflow/.local/lib/python3.8/site-packages/airflow/example_dags/example_trigger_target_dag.py for tasks to queue
[2024-11-06T07:01:25.059+0000] {logging_mixin.py:188} INFO - [2024-11-06T07:01:25.058+0000] {dagbag.py:538} INFO - Filling up the DagBag from /home/airflow/.local/lib/python3.8/site-packages/airflow/example_dags/example_trigger_target_dag.py
[2024-11-06T07:01:25.065+0000] {processor.py:840} INFO - DAG(s) 'example_trigger_target_dag' retrieved from /home/airflow/.local/lib/python3.8/site-packages/airflow/example_dags/example_trigger_target_dag.py
[2024-11-06T07:01:25.080+0000] {logging_mixin.py:188} INFO - [2024-11-06T07:01:25.080+0000] {dag.py:3036} INFO - Sync 1 DAGs
[2024-11-06T07:01:25.090+0000] {logging_mixin.py:188} INFO - [2024-11-06T07:01:25.090+0000] {dag.py:3823} INFO - Setting next_dagrun for example_trigger_target_dag to None, run_after=None
[2024-11-06T07:01:25.112+0000] {processor.py:183} INFO - Processing /home/airflow/.local/lib/python3.8/site-packages/airflow/example_dags/example_trigger_target_dag.py took 0.059 seconds
[2024-11-06T07:01:55.195+0000] {processor.py:161} INFO - Started process (PID=243) to work on /home/airflow/.local/lib/python3.8/site-packages/airflow/example_dags/example_trigger_target_dag.py
[2024-11-06T07:01:55.197+0000] {processor.py:830} INFO - Processing file /home/airflow/.local/lib/python3.8/site-packages/airflow/example_dags/example_trigger_target_dag.py for tasks to queue
[2024-11-06T07:01:55.206+0000] {logging_mixin.py:188} INFO - [2024-11-06T07:01:55.205+0000] {dagbag.py:538} INFO - Filling up the DagBag from /home/airflow/.local/lib/python3.8/site-packages/airflow/example_dags/example_trigger_target_dag.py
[2024-11-06T07:01:55.212+0000] {processor.py:840} INFO - DAG(s) 'example_trigger_target_dag' retrieved from /home/airflow/.local/lib/python3.8/site-packages/airflow/example_dags/example_trigger_target_dag.py
[2024-11-06T07:01:55.234+0000] {logging_mixin.py:188} INFO - [2024-11-06T07:01:55.233+0000] {dag.py:3036} INFO - Sync 1 DAGs
[2024-11-06T07:01:55.249+0000] {logging_mixin.py:188} INFO - [2024-11-06T07:01:55.248+0000] {dag.py:3823} INFO - Setting next_dagrun for example_trigger_target_dag to None, run_after=None
[2024-11-06T07:01:55.269+0000] {processor.py:183} INFO - Processing /home/airflow/.local/lib/python3.8/site-packages/airflow/example_dags/example_trigger_target_dag.py took 0.078 seconds
[2024-11-06T07:02:25.885+0000] {processor.py:161} INFO - Started process (PID=300) to work on /home/airflow/.local/lib/python3.8/site-packages/airflow/example_dags/example_trigger_target_dag.py
[2024-11-06T07:02:25.886+0000] {processor.py:830} INFO - Processing file /home/airflow/.local/lib/python3.8/site-packages/airflow/example_dags/example_trigger_target_dag.py for tasks to queue
[2024-11-06T07:02:25.889+0000] {logging_mixin.py:188} INFO - [2024-11-06T07:02:25.889+0000] {dagbag.py:538} INFO - Filling up the DagBag from /home/airflow/.local/lib/python3.8/site-packages/airflow/example_dags/example_trigger_target_dag.py
[2024-11-06T07:02:25.896+0000] {processor.py:840} INFO - DAG(s) 'example_trigger_target_dag' retrieved from /home/airflow/.local/lib/python3.8/site-packages/airflow/example_dags/example_trigger_target_dag.py
[2024-11-06T07:02:25.926+0000] {logging_mixin.py:188} INFO - [2024-11-06T07:02:25.926+0000] {dag.py:3036} INFO - Sync 1 DAGs
[2024-11-06T07:02:25.955+0000] {logging_mixin.py:188} INFO - [2024-11-06T07:02:25.955+0000] {dag.py:3823} INFO - Setting next_dagrun for example_trigger_target_dag to None, run_after=None
[2024-11-06T07:02:25.989+0000] {processor.py:183} INFO - Processing /home/airflow/.local/lib/python3.8/site-packages/airflow/example_dags/example_trigger_target_dag.py took 0.111 seconds
[2024-11-06T07:02:56.963+0000] {processor.py:161} INFO - Started process (PID=358) to work on /home/airflow/.local/lib/python3.8/site-packages/airflow/example_dags/example_trigger_target_dag.py
[2024-11-06T07:02:56.964+0000] {processor.py:830} INFO - Processing file /home/airflow/.local/lib/python3.8/site-packages/airflow/example_dags/example_trigger_target_dag.py for tasks to queue
[2024-11-06T07:02:56.966+0000] {logging_mixin.py:188} INFO - [2024-11-06T07:02:56.966+0000] {dagbag.py:538} INFO - Filling up the DagBag from /home/airflow/.local/lib/python3.8/site-packages/airflow/example_dags/example_trigger_target_dag.py
[2024-11-06T07:02:56.973+0000] {processor.py:840} INFO - DAG(s) 'example_trigger_target_dag' retrieved from /home/airflow/.local/lib/python3.8/site-packages/airflow/example_dags/example_trigger_target_dag.py
[2024-11-06T07:02:56.999+0000] {logging_mixin.py:188} INFO - [2024-11-06T07:02:56.999+0000] {dag.py:3036} INFO - Sync 1 DAGs
[2024-11-06T07:02:57.018+0000] {logging_mixin.py:188} INFO - [2024-11-06T07:02:57.018+0000] {dag.py:3823} INFO - Setting next_dagrun for example_trigger_target_dag to None, run_after=None
[2024-11-06T07:02:57.043+0000] {processor.py:183} INFO - Processing /home/airflow/.local/lib/python3.8/site-packages/airflow/example_dags/example_trigger_target_dag.py took 0.084 seconds
[2024-11-06T07:03:27.093+0000] {processor.py:161} INFO - Started process (PID=416) to work on /home/airflow/.local/lib/python3.8/site-packages/airflow/example_dags/example_trigger_target_dag.py
[2024-11-06T07:03:27.094+0000] {processor.py:830} INFO - Processing file /home/airflow/.local/lib/python3.8/site-packages/airflow/example_dags/example_trigger_target_dag.py for tasks to queue
[2024-11-06T07:03:27.096+0000] {logging_mixin.py:188} INFO - [2024-11-06T07:03:27.095+0000] {dagbag.py:538} INFO - Filling up the DagBag from /home/airflow/.local/lib/python3.8/site-packages/airflow/example_dags/example_trigger_target_dag.py
[2024-11-06T07:03:27.103+0000] {processor.py:840} INFO - DAG(s) 'example_trigger_target_dag' retrieved from /home/airflow/.local/lib/python3.8/site-packages/airflow/example_dags/example_trigger_target_dag.py
[2024-11-06T07:03:27.127+0000] {logging_mixin.py:188} INFO - [2024-11-06T07:03:27.127+0000] {dag.py:3036} INFO - Sync 1 DAGs
[2024-11-06T07:03:27.148+0000] {logging_mixin.py:188} INFO - [2024-11-06T07:03:27.147+0000] {dag.py:3823} INFO - Setting next_dagrun for example_trigger_target_dag to None, run_after=None
[2024-11-06T07:03:27.178+0000] {processor.py:183} INFO - Processing /home/airflow/.local/lib/python3.8/site-packages/airflow/example_dags/example_trigger_target_dag.py took 0.089 seconds
[2024-11-06T07:03:57.311+0000] {processor.py:161} INFO - Started process (PID=473) to work on /home/airflow/.local/lib/python3.8/site-packages/airflow/example_dags/example_trigger_target_dag.py
[2024-11-06T07:03:57.312+0000] {processor.py:830} INFO - Processing file /home/airflow/.local/lib/python3.8/site-packages/airflow/example_dags/example_trigger_target_dag.py for tasks to queue
[2024-11-06T07:03:57.313+0000] {logging_mixin.py:188} INFO - [2024-11-06T07:03:57.313+0000] {dagbag.py:538} INFO - Filling up the DagBag from /home/airflow/.local/lib/python3.8/site-packages/airflow/example_dags/example_trigger_target_dag.py
[2024-11-06T07:03:57.318+0000] {processor.py:840} INFO - DAG(s) 'example_trigger_target_dag' retrieved from /home/airflow/.local/lib/python3.8/site-packages/airflow/example_dags/example_trigger_target_dag.py
[2024-11-06T07:03:57.334+0000] {logging_mixin.py:188} INFO - [2024-11-06T07:03:57.333+0000] {dag.py:3036} INFO - Sync 1 DAGs
[2024-11-06T07:03:57.343+0000] {logging_mixin.py:188} INFO - [2024-11-06T07:03:57.343+0000] {dag.py:3823} INFO - Setting next_dagrun for example_trigger_target_dag to None, run_after=None
[2024-11-06T07:03:57.366+0000] {processor.py:183} INFO - Processing /home/airflow/.local/lib/python3.8/site-packages/airflow/example_dags/example_trigger_target_dag.py took 0.058 seconds
[2024-11-06T07:04:27.478+0000] {processor.py:161} INFO - Started process (PID=531) to work on /home/airflow/.local/lib/python3.8/site-packages/airflow/example_dags/example_trigger_target_dag.py
[2024-11-06T07:04:27.479+0000] {processor.py:830} INFO - Processing file /home/airflow/.local/lib/python3.8/site-packages/airflow/example_dags/example_trigger_target_dag.py for tasks to queue
[2024-11-06T07:04:27.480+0000] {logging_mixin.py:188} INFO - [2024-11-06T07:04:27.480+0000] {dagbag.py:538} INFO - Filling up the DagBag from /home/airflow/.local/lib/python3.8/site-packages/airflow/example_dags/example_trigger_target_dag.py
[2024-11-06T07:04:27.486+0000] {processor.py:840} INFO - DAG(s) 'example_trigger_target_dag' retrieved from /home/airflow/.local/lib/python3.8/site-packages/airflow/example_dags/example_trigger_target_dag.py
[2024-11-06T07:04:27.509+0000] {logging_mixin.py:188} INFO - [2024-11-06T07:04:27.508+0000] {dag.py:3036} INFO - Sync 1 DAGs
[2024-11-06T07:04:27.524+0000] {logging_mixin.py:188} INFO - [2024-11-06T07:04:27.524+0000] {dag.py:3823} INFO - Setting next_dagrun for example_trigger_target_dag to None, run_after=None
[2024-11-06T07:04:27.547+0000] {processor.py:183} INFO - Processing /home/airflow/.local/lib/python3.8/site-packages/airflow/example_dags/example_trigger_target_dag.py took 0.073 seconds
[2024-11-06T07:04:58.065+0000] {processor.py:161} INFO - Started process (PID=588) to work on /home/airflow/.local/lib/python3.8/site-packages/airflow/example_dags/example_trigger_target_dag.py
[2024-11-06T07:04:58.066+0000] {processor.py:830} INFO - Processing file /home/airflow/.local/lib/python3.8/site-packages/airflow/example_dags/example_trigger_target_dag.py for tasks to queue
[2024-11-06T07:04:58.067+0000] {logging_mixin.py:188} INFO - [2024-11-06T07:04:58.067+0000] {dagbag.py:538} INFO - Filling up the DagBag from /home/airflow/.local/lib/python3.8/site-packages/airflow/example_dags/example_trigger_target_dag.py
[2024-11-06T07:04:58.071+0000] {processor.py:840} INFO - DAG(s) 'example_trigger_target_dag' retrieved from /home/airflow/.local/lib/python3.8/site-packages/airflow/example_dags/example_trigger_target_dag.py
[2024-11-06T07:04:58.087+0000] {logging_mixin.py:188} INFO - [2024-11-06T07:04:58.086+0000] {dag.py:3036} INFO - Sync 1 DAGs
[2024-11-06T07:04:58.096+0000] {logging_mixin.py:188} INFO - [2024-11-06T07:04:58.096+0000] {dag.py:3823} INFO - Setting next_dagrun for example_trigger_target_dag to None, run_after=None
[2024-11-06T07:04:58.116+0000] {processor.py:183} INFO - Processing /home/airflow/.local/lib/python3.8/site-packages/airflow/example_dags/example_trigger_target_dag.py took 0.054 seconds
[2024-11-06T07:05:29.085+0000] {processor.py:161} INFO - Started process (PID=645) to work on /home/airflow/.local/lib/python3.8/site-packages/airflow/example_dags/example_trigger_target_dag.py
[2024-11-06T07:05:29.086+0000] {processor.py:830} INFO - Processing file /home/airflow/.local/lib/python3.8/site-packages/airflow/example_dags/example_trigger_target_dag.py for tasks to queue
[2024-11-06T07:05:29.088+0000] {logging_mixin.py:188} INFO - [2024-11-06T07:05:29.088+0000] {dagbag.py:538} INFO - Filling up the DagBag from /home/airflow/.local/lib/python3.8/site-packages/airflow/example_dags/example_trigger_target_dag.py
[2024-11-06T07:05:29.096+0000] {processor.py:840} INFO - DAG(s) 'example_trigger_target_dag' retrieved from /home/airflow/.local/lib/python3.8/site-packages/airflow/example_dags/example_trigger_target_dag.py
[2024-11-06T07:05:29.121+0000] {logging_mixin.py:188} INFO - [2024-11-06T07:05:29.121+0000] {dag.py:3036} INFO - Sync 1 DAGs
[2024-11-06T07:05:29.135+0000] {logging_mixin.py:188} INFO - [2024-11-06T07:05:29.135+0000] {dag.py:3823} INFO - Setting next_dagrun for example_trigger_target_dag to None, run_after=None
[2024-11-06T07:05:29.162+0000] {processor.py:183} INFO - Processing /home/airflow/.local/lib/python3.8/site-packages/airflow/example_dags/example_trigger_target_dag.py took 0.081 seconds
[2024-11-06T07:05:59.627+0000] {processor.py:161} INFO - Started process (PID=702) to work on /home/airflow/.local/lib/python3.8/site-packages/airflow/example_dags/example_trigger_target_dag.py
[2024-11-06T07:05:59.628+0000] {processor.py:830} INFO - Processing file /home/airflow/.local/lib/python3.8/site-packages/airflow/example_dags/example_trigger_target_dag.py for tasks to queue
[2024-11-06T07:05:59.629+0000] {logging_mixin.py:188} INFO - [2024-11-06T07:05:59.629+0000] {dagbag.py:538} INFO - Filling up the DagBag from /home/airflow/.local/lib/python3.8/site-packages/airflow/example_dags/example_trigger_target_dag.py
[2024-11-06T07:05:59.635+0000] {processor.py:840} INFO - DAG(s) 'example_trigger_target_dag' retrieved from /home/airflow/.local/lib/python3.8/site-packages/airflow/example_dags/example_trigger_target_dag.py
[2024-11-06T07:05:59.650+0000] {logging_mixin.py:188} INFO - [2024-11-06T07:05:59.650+0000] {dag.py:3036} INFO - Sync 1 DAGs
[2024-11-06T07:05:59.659+0000] {logging_mixin.py:188} INFO - [2024-11-06T07:05:59.659+0000] {dag.py:3823} INFO - Setting next_dagrun for example_trigger_target_dag to None, run_after=None
[2024-11-06T07:05:59.680+0000] {processor.py:183} INFO - Processing /home/airflow/.local/lib/python3.8/site-packages/airflow/example_dags/example_trigger_target_dag.py took 0.056 seconds
[2024-11-06T07:06:30.226+0000] {processor.py:161} INFO - Started process (PID=759) to work on /home/airflow/.local/lib/python3.8/site-packages/airflow/example_dags/example_trigger_target_dag.py
[2024-11-06T07:06:30.227+0000] {processor.py:830} INFO - Processing file /home/airflow/.local/lib/python3.8/site-packages/airflow/example_dags/example_trigger_target_dag.py for tasks to queue
[2024-11-06T07:06:30.229+0000] {logging_mixin.py:188} INFO - [2024-11-06T07:06:30.229+0000] {dagbag.py:538} INFO - Filling up the DagBag from /home/airflow/.local/lib/python3.8/site-packages/airflow/example_dags/example_trigger_target_dag.py
[2024-11-06T07:06:30.236+0000] {processor.py:840} INFO - DAG(s) 'example_trigger_target_dag' retrieved from /home/airflow/.local/lib/python3.8/site-packages/airflow/example_dags/example_trigger_target_dag.py
[2024-11-06T07:06:30.256+0000] {logging_mixin.py:188} INFO - [2024-11-06T07:06:30.256+0000] {dag.py:3036} INFO - Sync 1 DAGs
[2024-11-06T07:06:30.270+0000] {logging_mixin.py:188} INFO - [2024-11-06T07:06:30.270+0000] {dag.py:3823} INFO - Setting next_dagrun for example_trigger_target_dag to None, run_after=None
[2024-11-06T07:06:30.296+0000] {processor.py:183} INFO - Processing /home/airflow/.local/lib/python3.8/site-packages/airflow/example_dags/example_trigger_target_dag.py took 0.073 seconds
[2024-11-06T07:07:00.937+0000] {processor.py:161} INFO - Started process (PID=817) to work on /home/airflow/.local/lib/python3.8/site-packages/airflow/example_dags/example_trigger_target_dag.py
[2024-11-06T07:07:00.938+0000] {processor.py:830} INFO - Processing file /home/airflow/.local/lib/python3.8/site-packages/airflow/example_dags/example_trigger_target_dag.py for tasks to queue
[2024-11-06T07:07:00.940+0000] {logging_mixin.py:188} INFO - [2024-11-06T07:07:00.940+0000] {dagbag.py:538} INFO - Filling up the DagBag from /home/airflow/.local/lib/python3.8/site-packages/airflow/example_dags/example_trigger_target_dag.py
[2024-11-06T07:07:00.946+0000] {processor.py:840} INFO - DAG(s) 'example_trigger_target_dag' retrieved from /home/airflow/.local/lib/python3.8/site-packages/airflow/example_dags/example_trigger_target_dag.py
[2024-11-06T07:07:00.968+0000] {logging_mixin.py:188} INFO - [2024-11-06T07:07:00.968+0000] {dag.py:3036} INFO - Sync 1 DAGs
[2024-11-06T07:07:00.984+0000] {logging_mixin.py:188} INFO - [2024-11-06T07:07:00.984+0000] {dag.py:3823} INFO - Setting next_dagrun for example_trigger_target_dag to None, run_after=None
[2024-11-06T07:07:01.007+0000] {processor.py:183} INFO - Processing /home/airflow/.local/lib/python3.8/site-packages/airflow/example_dags/example_trigger_target_dag.py took 0.074 seconds
[2024-11-06T07:07:31.662+0000] {processor.py:161} INFO - Started process (PID=874) to work on /home/airflow/.local/lib/python3.8/site-packages/airflow/example_dags/example_trigger_target_dag.py
[2024-11-06T07:07:31.663+0000] {processor.py:830} INFO - Processing file /home/airflow/.local/lib/python3.8/site-packages/airflow/example_dags/example_trigger_target_dag.py for tasks to queue
[2024-11-06T07:07:31.665+0000] {logging_mixin.py:188} INFO - [2024-11-06T07:07:31.664+0000] {dagbag.py:538} INFO - Filling up the DagBag from /home/airflow/.local/lib/python3.8/site-packages/airflow/example_dags/example_trigger_target_dag.py
[2024-11-06T07:07:31.671+0000] {processor.py:840} INFO - DAG(s) 'example_trigger_target_dag' retrieved from /home/airflow/.local/lib/python3.8/site-packages/airflow/example_dags/example_trigger_target_dag.py
[2024-11-06T07:07:31.691+0000] {logging_mixin.py:188} INFO - [2024-11-06T07:07:31.691+0000] {dag.py:3036} INFO - Sync 1 DAGs
[2024-11-06T07:07:31.704+0000] {logging_mixin.py:188} INFO - [2024-11-06T07:07:31.704+0000] {dag.py:3823} INFO - Setting next_dagrun for example_trigger_target_dag to None, run_after=None
[2024-11-06T07:07:31.742+0000] {processor.py:183} INFO - Processing /home/airflow/.local/lib/python3.8/site-packages/airflow/example_dags/example_trigger_target_dag.py took 0.084 seconds
[2024-11-06T07:08:01.894+0000] {processor.py:161} INFO - Started process (PID=932) to work on /home/airflow/.local/lib/python3.8/site-packages/airflow/example_dags/example_trigger_target_dag.py
[2024-11-06T07:08:01.895+0000] {processor.py:830} INFO - Processing file /home/airflow/.local/lib/python3.8/site-packages/airflow/example_dags/example_trigger_target_dag.py for tasks to queue
[2024-11-06T07:08:01.896+0000] {logging_mixin.py:188} INFO - [2024-11-06T07:08:01.896+0000] {dagbag.py:538} INFO - Filling up the DagBag from /home/airflow/.local/lib/python3.8/site-packages/airflow/example_dags/example_trigger_target_dag.py
[2024-11-06T07:08:01.901+0000] {processor.py:840} INFO - DAG(s) 'example_trigger_target_dag' retrieved from /home/airflow/.local/lib/python3.8/site-packages/airflow/example_dags/example_trigger_target_dag.py
[2024-11-06T07:08:01.917+0000] {logging_mixin.py:188} INFO - [2024-11-06T07:08:01.917+0000] {dag.py:3036} INFO - Sync 1 DAGs
[2024-11-06T07:08:01.930+0000] {logging_mixin.py:188} INFO - [2024-11-06T07:08:01.930+0000] {dag.py:3823} INFO - Setting next_dagrun for example_trigger_target_dag to None, run_after=None
[2024-11-06T07:08:01.982+0000] {processor.py:183} INFO - Processing /home/airflow/.local/lib/python3.8/site-packages/airflow/example_dags/example_trigger_target_dag.py took 0.091 seconds
[2024-11-06T07:08:32.173+0000] {processor.py:161} INFO - Started process (PID=990) to work on /home/airflow/.local/lib/python3.8/site-packages/airflow/example_dags/example_trigger_target_dag.py
[2024-11-06T07:08:32.173+0000] {processor.py:830} INFO - Processing file /home/airflow/.local/lib/python3.8/site-packages/airflow/example_dags/example_trigger_target_dag.py for tasks to queue
[2024-11-06T07:08:32.175+0000] {logging_mixin.py:188} INFO - [2024-11-06T07:08:32.174+0000] {dagbag.py:538} INFO - Filling up the DagBag from /home/airflow/.local/lib/python3.8/site-packages/airflow/example_dags/example_trigger_target_dag.py
[2024-11-06T07:08:32.179+0000] {processor.py:840} INFO - DAG(s) 'example_trigger_target_dag' retrieved from /home/airflow/.local/lib/python3.8/site-packages/airflow/example_dags/example_trigger_target_dag.py
[2024-11-06T07:08:32.195+0000] {logging_mixin.py:188} INFO - [2024-11-06T07:08:32.195+0000] {dag.py:3036} INFO - Sync 1 DAGs
[2024-11-06T07:08:32.205+0000] {logging_mixin.py:188} INFO - [2024-11-06T07:08:32.205+0000] {dag.py:3823} INFO - Setting next_dagrun for example_trigger_target_dag to None, run_after=None
[2024-11-06T07:08:32.225+0000] {processor.py:183} INFO - Processing /home/airflow/.local/lib/python3.8/site-packages/airflow/example_dags/example_trigger_target_dag.py took 0.055 seconds
[2024-11-06T07:09:02.722+0000] {processor.py:161} INFO - Started process (PID=1047) to work on /home/airflow/.local/lib/python3.8/site-packages/airflow/example_dags/example_trigger_target_dag.py
[2024-11-06T07:09:02.723+0000] {processor.py:830} INFO - Processing file /home/airflow/.local/lib/python3.8/site-packages/airflow/example_dags/example_trigger_target_dag.py for tasks to queue
[2024-11-06T07:09:02.725+0000] {logging_mixin.py:188} INFO - [2024-11-06T07:09:02.724+0000] {dagbag.py:538} INFO - Filling up the DagBag from /home/airflow/.local/lib/python3.8/site-packages/airflow/example_dags/example_trigger_target_dag.py
[2024-11-06T07:09:02.733+0000] {processor.py:840} INFO - DAG(s) 'example_trigger_target_dag' retrieved from /home/airflow/.local/lib/python3.8/site-packages/airflow/example_dags/example_trigger_target_dag.py
[2024-11-06T07:09:02.755+0000] {logging_mixin.py:188} INFO - [2024-11-06T07:09:02.755+0000] {dag.py:3036} INFO - Sync 1 DAGs
[2024-11-06T07:09:02.771+0000] {logging_mixin.py:188} INFO - [2024-11-06T07:09:02.771+0000] {dag.py:3823} INFO - Setting next_dagrun for example_trigger_target_dag to None, run_after=None
[2024-11-06T07:09:02.799+0000] {processor.py:183} INFO - Processing /home/airflow/.local/lib/python3.8/site-packages/airflow/example_dags/example_trigger_target_dag.py took 0.080 seconds
[2024-11-06T07:09:33.510+0000] {processor.py:161} INFO - Started process (PID=1105) to work on /home/airflow/.local/lib/python3.8/site-packages/airflow/example_dags/example_trigger_target_dag.py
[2024-11-06T07:09:33.510+0000] {processor.py:830} INFO - Processing file /home/airflow/.local/lib/python3.8/site-packages/airflow/example_dags/example_trigger_target_dag.py for tasks to queue
[2024-11-06T07:09:33.512+0000] {logging_mixin.py:188} INFO - [2024-11-06T07:09:33.511+0000] {dagbag.py:538} INFO - Filling up the DagBag from /home/airflow/.local/lib/python3.8/site-packages/airflow/example_dags/example_trigger_target_dag.py
[2024-11-06T07:09:33.516+0000] {processor.py:840} INFO - DAG(s) 'example_trigger_target_dag' retrieved from /home/airflow/.local/lib/python3.8/site-packages/airflow/example_dags/example_trigger_target_dag.py
[2024-11-06T07:09:33.533+0000] {logging_mixin.py:188} INFO - [2024-11-06T07:09:33.533+0000] {dag.py:3036} INFO - Sync 1 DAGs
[2024-11-06T07:09:33.542+0000] {logging_mixin.py:188} INFO - [2024-11-06T07:09:33.542+0000] {dag.py:3823} INFO - Setting next_dagrun for example_trigger_target_dag to None, run_after=None
[2024-11-06T07:09:33.564+0000] {processor.py:183} INFO - Processing /home/airflow/.local/lib/python3.8/site-packages/airflow/example_dags/example_trigger_target_dag.py took 0.057 seconds
[2024-11-06T07:10:03.846+0000] {processor.py:161} INFO - Started process (PID=1162) to work on /home/airflow/.local/lib/python3.8/site-packages/airflow/example_dags/example_trigger_target_dag.py
[2024-11-06T07:10:03.847+0000] {processor.py:830} INFO - Processing file /home/airflow/.local/lib/python3.8/site-packages/airflow/example_dags/example_trigger_target_dag.py for tasks to queue
[2024-11-06T07:10:03.849+0000] {logging_mixin.py:188} INFO - [2024-11-06T07:10:03.848+0000] {dagbag.py:538} INFO - Filling up the DagBag from /home/airflow/.local/lib/python3.8/site-packages/airflow/example_dags/example_trigger_target_dag.py
[2024-11-06T07:10:03.855+0000] {processor.py:840} INFO - DAG(s) 'example_trigger_target_dag' retrieved from /home/airflow/.local/lib/python3.8/site-packages/airflow/example_dags/example_trigger_target_dag.py
[2024-11-06T07:10:03.877+0000] {logging_mixin.py:188} INFO - [2024-11-06T07:10:03.877+0000] {dag.py:3036} INFO - Sync 1 DAGs
[2024-11-06T07:10:03.890+0000] {logging_mixin.py:188} INFO - [2024-11-06T07:10:03.890+0000] {dag.py:3823} INFO - Setting next_dagrun for example_trigger_target_dag to None, run_after=None
[2024-11-06T07:10:03.929+0000] {processor.py:183} INFO - Processing /home/airflow/.local/lib/python3.8/site-packages/airflow/example_dags/example_trigger_target_dag.py took 0.087 seconds
[2024-11-06T07:10:34.063+0000] {processor.py:161} INFO - Started process (PID=1219) to work on /home/airflow/.local/lib/python3.8/site-packages/airflow/example_dags/example_trigger_target_dag.py
[2024-11-06T07:10:34.063+0000] {processor.py:830} INFO - Processing file /home/airflow/.local/lib/python3.8/site-packages/airflow/example_dags/example_trigger_target_dag.py for tasks to queue
[2024-11-06T07:10:34.065+0000] {logging_mixin.py:188} INFO - [2024-11-06T07:10:34.064+0000] {dagbag.py:538} INFO - Filling up the DagBag from /home/airflow/.local/lib/python3.8/site-packages/airflow/example_dags/example_trigger_target_dag.py
[2024-11-06T07:10:34.070+0000] {processor.py:840} INFO - DAG(s) 'example_trigger_target_dag' retrieved from /home/airflow/.local/lib/python3.8/site-packages/airflow/example_dags/example_trigger_target_dag.py
[2024-11-06T07:10:34.085+0000] {logging_mixin.py:188} INFO - [2024-11-06T07:10:34.085+0000] {dag.py:3036} INFO - Sync 1 DAGs
[2024-11-06T07:10:34.095+0000] {logging_mixin.py:188} INFO - [2024-11-06T07:10:34.094+0000] {dag.py:3823} INFO - Setting next_dagrun for example_trigger_target_dag to None, run_after=None
[2024-11-06T07:10:34.118+0000] {processor.py:183} INFO - Processing /home/airflow/.local/lib/python3.8/site-packages/airflow/example_dags/example_trigger_target_dag.py took 0.058 seconds
[2024-11-06T07:11:04.610+0000] {processor.py:161} INFO - Started process (PID=1276) to work on /home/airflow/.local/lib/python3.8/site-packages/airflow/example_dags/example_trigger_target_dag.py
[2024-11-06T07:11:04.618+0000] {processor.py:830} INFO - Processing file /home/airflow/.local/lib/python3.8/site-packages/airflow/example_dags/example_trigger_target_dag.py for tasks to queue
[2024-11-06T07:11:04.620+0000] {logging_mixin.py:188} INFO - [2024-11-06T07:11:04.620+0000] {dagbag.py:538} INFO - Filling up the DagBag from /home/airflow/.local/lib/python3.8/site-packages/airflow/example_dags/example_trigger_target_dag.py
[2024-11-06T07:11:04.638+0000] {processor.py:840} INFO - DAG(s) 'example_trigger_target_dag' retrieved from /home/airflow/.local/lib/python3.8/site-packages/airflow/example_dags/example_trigger_target_dag.py
[2024-11-06T07:11:04.691+0000] {logging_mixin.py:188} INFO - [2024-11-06T07:11:04.691+0000] {dag.py:3036} INFO - Sync 1 DAGs
[2024-11-06T07:11:04.724+0000] {logging_mixin.py:188} INFO - [2024-11-06T07:11:04.724+0000] {dag.py:3823} INFO - Setting next_dagrun for example_trigger_target_dag to None, run_after=None
[2024-11-06T07:11:04.757+0000] {processor.py:183} INFO - Processing /home/airflow/.local/lib/python3.8/site-packages/airflow/example_dags/example_trigger_target_dag.py took 0.157 seconds
[2024-11-06T07:11:35.080+0000] {processor.py:161} INFO - Started process (PID=1333) to work on /home/airflow/.local/lib/python3.8/site-packages/airflow/example_dags/example_trigger_target_dag.py
[2024-11-06T07:11:35.080+0000] {processor.py:830} INFO - Processing file /home/airflow/.local/lib/python3.8/site-packages/airflow/example_dags/example_trigger_target_dag.py for tasks to queue
[2024-11-06T07:11:35.082+0000] {logging_mixin.py:188} INFO - [2024-11-06T07:11:35.081+0000] {dagbag.py:538} INFO - Filling up the DagBag from /home/airflow/.local/lib/python3.8/site-packages/airflow/example_dags/example_trigger_target_dag.py
[2024-11-06T07:11:35.086+0000] {processor.py:840} INFO - DAG(s) 'example_trigger_target_dag' retrieved from /home/airflow/.local/lib/python3.8/site-packages/airflow/example_dags/example_trigger_target_dag.py
[2024-11-06T07:11:35.101+0000] {logging_mixin.py:188} INFO - [2024-11-06T07:11:35.101+0000] {dag.py:3036} INFO - Sync 1 DAGs
[2024-11-06T07:11:35.111+0000] {logging_mixin.py:188} INFO - [2024-11-06T07:11:35.111+0000] {dag.py:3823} INFO - Setting next_dagrun for example_trigger_target_dag to None, run_after=None
[2024-11-06T07:11:35.130+0000] {processor.py:183} INFO - Processing /home/airflow/.local/lib/python3.8/site-packages/airflow/example_dags/example_trigger_target_dag.py took 0.053 seconds
[2024-11-06T07:12:05.481+0000] {processor.py:161} INFO - Started process (PID=1390) to work on /home/airflow/.local/lib/python3.8/site-packages/airflow/example_dags/example_trigger_target_dag.py
[2024-11-06T07:12:05.481+0000] {processor.py:830} INFO - Processing file /home/airflow/.local/lib/python3.8/site-packages/airflow/example_dags/example_trigger_target_dag.py for tasks to queue
[2024-11-06T07:12:05.483+0000] {logging_mixin.py:188} INFO - [2024-11-06T07:12:05.482+0000] {dagbag.py:538} INFO - Filling up the DagBag from /home/airflow/.local/lib/python3.8/site-packages/airflow/example_dags/example_trigger_target_dag.py
[2024-11-06T07:12:05.487+0000] {processor.py:840} INFO - DAG(s) 'example_trigger_target_dag' retrieved from /home/airflow/.local/lib/python3.8/site-packages/airflow/example_dags/example_trigger_target_dag.py
[2024-11-06T07:12:05.504+0000] {logging_mixin.py:188} INFO - [2024-11-06T07:12:05.504+0000] {dag.py:3036} INFO - Sync 1 DAGs
[2024-11-06T07:12:05.513+0000] {logging_mixin.py:188} INFO - [2024-11-06T07:12:05.513+0000] {dag.py:3823} INFO - Setting next_dagrun for example_trigger_target_dag to None, run_after=None
[2024-11-06T07:12:05.531+0000] {processor.py:183} INFO - Processing /home/airflow/.local/lib/python3.8/site-packages/airflow/example_dags/example_trigger_target_dag.py took 0.053 seconds
[2024-11-06T07:13:56.804+0000] {processor.py:161} INFO - Started process (PID=68) to work on /home/airflow/.local/lib/python3.8/site-packages/airflow/example_dags/example_trigger_target_dag.py
[2024-11-06T07:13:56.824+0000] {processor.py:830} INFO - Processing file /home/airflow/.local/lib/python3.8/site-packages/airflow/example_dags/example_trigger_target_dag.py for tasks to queue
[2024-11-06T07:13:56.839+0000] {logging_mixin.py:188} INFO - [2024-11-06T07:13:56.838+0000] {dagbag.py:538} INFO - Filling up the DagBag from /home/airflow/.local/lib/python3.8/site-packages/airflow/example_dags/example_trigger_target_dag.py
[2024-11-06T07:13:56.881+0000] {processor.py:840} INFO - DAG(s) 'example_trigger_target_dag' retrieved from /home/airflow/.local/lib/python3.8/site-packages/airflow/example_dags/example_trigger_target_dag.py
[2024-11-06T07:13:57.427+0000] {logging_mixin.py:188} INFO - [2024-11-06T07:13:57.427+0000] {dag.py:3036} INFO - Sync 1 DAGs
[2024-11-06T07:13:57.468+0000] {logging_mixin.py:188} INFO - [2024-11-06T07:13:57.468+0000] {dag.py:3823} INFO - Setting next_dagrun for example_trigger_target_dag to None, run_after=None
[2024-11-06T07:13:57.550+0000] {processor.py:183} INFO - Processing /home/airflow/.local/lib/python3.8/site-packages/airflow/example_dags/example_trigger_target_dag.py took 0.774 seconds
[2024-11-06T07:14:27.604+0000] {processor.py:161} INFO - Started process (PID=125) to work on /home/airflow/.local/lib/python3.8/site-packages/airflow/example_dags/example_trigger_target_dag.py
[2024-11-06T07:14:27.605+0000] {processor.py:830} INFO - Processing file /home/airflow/.local/lib/python3.8/site-packages/airflow/example_dags/example_trigger_target_dag.py for tasks to queue
[2024-11-06T07:14:27.607+0000] {logging_mixin.py:188} INFO - [2024-11-06T07:14:27.606+0000] {dagbag.py:538} INFO - Filling up the DagBag from /home/airflow/.local/lib/python3.8/site-packages/airflow/example_dags/example_trigger_target_dag.py
[2024-11-06T07:14:27.613+0000] {processor.py:840} INFO - DAG(s) 'example_trigger_target_dag' retrieved from /home/airflow/.local/lib/python3.8/site-packages/airflow/example_dags/example_trigger_target_dag.py
[2024-11-06T07:14:27.639+0000] {logging_mixin.py:188} INFO - [2024-11-06T07:14:27.639+0000] {dag.py:3036} INFO - Sync 1 DAGs
[2024-11-06T07:14:27.655+0000] {logging_mixin.py:188} INFO - [2024-11-06T07:14:27.655+0000] {dag.py:3823} INFO - Setting next_dagrun for example_trigger_target_dag to None, run_after=None
[2024-11-06T07:14:27.679+0000] {processor.py:183} INFO - Processing /home/airflow/.local/lib/python3.8/site-packages/airflow/example_dags/example_trigger_target_dag.py took 0.079 seconds
[2024-11-06T07:14:57.731+0000] {processor.py:161} INFO - Started process (PID=182) to work on /home/airflow/.local/lib/python3.8/site-packages/airflow/example_dags/example_trigger_target_dag.py
[2024-11-06T07:14:57.732+0000] {processor.py:830} INFO - Processing file /home/airflow/.local/lib/python3.8/site-packages/airflow/example_dags/example_trigger_target_dag.py for tasks to queue
[2024-11-06T07:14:57.734+0000] {logging_mixin.py:188} INFO - [2024-11-06T07:14:57.733+0000] {dagbag.py:538} INFO - Filling up the DagBag from /home/airflow/.local/lib/python3.8/site-packages/airflow/example_dags/example_trigger_target_dag.py
[2024-11-06T07:14:57.741+0000] {processor.py:840} INFO - DAG(s) 'example_trigger_target_dag' retrieved from /home/airflow/.local/lib/python3.8/site-packages/airflow/example_dags/example_trigger_target_dag.py
[2024-11-06T07:14:57.761+0000] {logging_mixin.py:188} INFO - [2024-11-06T07:14:57.761+0000] {dag.py:3036} INFO - Sync 1 DAGs
[2024-11-06T07:14:57.775+0000] {logging_mixin.py:188} INFO - [2024-11-06T07:14:57.775+0000] {dag.py:3823} INFO - Setting next_dagrun for example_trigger_target_dag to None, run_after=None
[2024-11-06T07:14:57.814+0000] {processor.py:183} INFO - Processing /home/airflow/.local/lib/python3.8/site-packages/airflow/example_dags/example_trigger_target_dag.py took 0.086 seconds
