[2024-11-06T07:00:36.630+0000] {processor.py:161} INFO - Started process (PID=102) to work on /home/airflow/.local/lib/python3.8/site-packages/airflow/example_dags/example_sla_dag.py
[2024-11-06T07:00:36.633+0000] {processor.py:830} INFO - Processing file /home/airflow/.local/lib/python3.8/site-packages/airflow/example_dags/example_sla_dag.py for tasks to queue
[2024-11-06T07:00:36.640+0000] {logging_mixin.py:188} INFO - [2024-11-06T07:00:36.639+0000] {dagbag.py:538} INFO - Filling up the DagBag from /home/airflow/.local/lib/python3.8/site-packages/airflow/example_dags/example_sla_dag.py
[2024-11-06T07:00:36.692+0000] {processor.py:840} INFO - DAG(s) 'example_sla_dag' retrieved from /home/airflow/.local/lib/python3.8/site-packages/airflow/example_dags/example_sla_dag.py
[2024-11-06T07:00:37.319+0000] {logging_mixin.py:188} INFO - [2024-11-06T07:00:37.319+0000] {dag.py:3036} INFO - Sync 1 DAGs
[2024-11-06T07:00:37.460+0000] {logging_mixin.py:188} INFO - [2024-11-06T07:00:37.444+0000] {dag.py:3823} INFO - Setting next_dagrun for example_sla_dag to 2024-11-06 06:58:00+00:00, run_after=2024-11-06 07:00:00+00:00
[2024-11-06T07:00:37.537+0000] {processor.py:183} INFO - Processing /home/airflow/.local/lib/python3.8/site-packages/airflow/example_dags/example_sla_dag.py took 0.913 seconds
[2024-11-06T07:01:08.487+0000] {processor.py:161} INFO - Started process (PID=166) to work on /home/airflow/.local/lib/python3.8/site-packages/airflow/example_dags/example_sla_dag.py
[2024-11-06T07:01:08.488+0000] {processor.py:830} INFO - Processing file /home/airflow/.local/lib/python3.8/site-packages/airflow/example_dags/example_sla_dag.py for tasks to queue
[2024-11-06T07:01:08.490+0000] {logging_mixin.py:188} INFO - [2024-11-06T07:01:08.490+0000] {dagbag.py:538} INFO - Filling up the DagBag from /home/airflow/.local/lib/python3.8/site-packages/airflow/example_dags/example_sla_dag.py
[2024-11-06T07:01:08.497+0000] {processor.py:840} INFO - DAG(s) 'example_sla_dag' retrieved from /home/airflow/.local/lib/python3.8/site-packages/airflow/example_dags/example_sla_dag.py
[2024-11-06T07:01:08.512+0000] {logging_mixin.py:188} INFO - [2024-11-06T07:01:08.512+0000] {dag.py:3036} INFO - Sync 1 DAGs
[2024-11-06T07:01:08.549+0000] {logging_mixin.py:188} INFO - [2024-11-06T07:01:08.549+0000] {dag.py:3823} INFO - Setting next_dagrun for example_sla_dag to 2024-11-06 06:58:00+00:00, run_after=2024-11-06 07:00:00+00:00
[2024-11-06T07:01:08.736+0000] {processor.py:183} INFO - Processing /home/airflow/.local/lib/python3.8/site-packages/airflow/example_dags/example_sla_dag.py took 0.251 seconds
[2024-11-06T07:01:38.949+0000] {processor.py:161} INFO - Started process (PID=224) to work on /home/airflow/.local/lib/python3.8/site-packages/airflow/example_dags/example_sla_dag.py
[2024-11-06T07:01:38.950+0000] {processor.py:830} INFO - Processing file /home/airflow/.local/lib/python3.8/site-packages/airflow/example_dags/example_sla_dag.py for tasks to queue
[2024-11-06T07:01:38.952+0000] {logging_mixin.py:188} INFO - [2024-11-06T07:01:38.952+0000] {dagbag.py:538} INFO - Filling up the DagBag from /home/airflow/.local/lib/python3.8/site-packages/airflow/example_dags/example_sla_dag.py
[2024-11-06T07:01:38.978+0000] {processor.py:840} INFO - DAG(s) 'example_sla_dag' retrieved from /home/airflow/.local/lib/python3.8/site-packages/airflow/example_dags/example_sla_dag.py
[2024-11-06T07:01:38.998+0000] {logging_mixin.py:188} INFO - [2024-11-06T07:01:38.998+0000] {dag.py:3036} INFO - Sync 1 DAGs
[2024-11-06T07:01:39.040+0000] {logging_mixin.py:188} INFO - [2024-11-06T07:01:39.040+0000] {dag.py:3823} INFO - Setting next_dagrun for example_sla_dag to 2024-11-06 06:58:00+00:00, run_after=2024-11-06 07:00:00+00:00
[2024-11-06T07:01:39.060+0000] {processor.py:183} INFO - Processing /home/airflow/.local/lib/python3.8/site-packages/airflow/example_dags/example_sla_dag.py took 0.114 seconds
[2024-11-06T07:02:10.023+0000] {processor.py:161} INFO - Started process (PID=281) to work on /home/airflow/.local/lib/python3.8/site-packages/airflow/example_dags/example_sla_dag.py
[2024-11-06T07:02:10.024+0000] {processor.py:830} INFO - Processing file /home/airflow/.local/lib/python3.8/site-packages/airflow/example_dags/example_sla_dag.py for tasks to queue
[2024-11-06T07:02:10.036+0000] {logging_mixin.py:188} INFO - [2024-11-06T07:02:10.036+0000] {dagbag.py:538} INFO - Filling up the DagBag from /home/airflow/.local/lib/python3.8/site-packages/airflow/example_dags/example_sla_dag.py
[2024-11-06T07:02:10.046+0000] {processor.py:840} INFO - DAG(s) 'example_sla_dag' retrieved from /home/airflow/.local/lib/python3.8/site-packages/airflow/example_dags/example_sla_dag.py
[2024-11-06T07:02:10.070+0000] {logging_mixin.py:188} INFO - [2024-11-06T07:02:10.070+0000] {dag.py:3036} INFO - Sync 1 DAGs
[2024-11-06T07:02:10.099+0000] {logging_mixin.py:188} INFO - [2024-11-06T07:02:10.099+0000] {dag.py:3823} INFO - Setting next_dagrun for example_sla_dag to 2024-11-06 07:00:00+00:00, run_after=2024-11-06 07:02:00+00:00
[2024-11-06T07:02:10.118+0000] {processor.py:183} INFO - Processing /home/airflow/.local/lib/python3.8/site-packages/airflow/example_dags/example_sla_dag.py took 0.098 seconds
[2024-11-06T07:02:40.939+0000] {processor.py:161} INFO - Started process (PID=339) to work on /home/airflow/.local/lib/python3.8/site-packages/airflow/example_dags/example_sla_dag.py
[2024-11-06T07:02:40.940+0000] {processor.py:830} INFO - Processing file /home/airflow/.local/lib/python3.8/site-packages/airflow/example_dags/example_sla_dag.py for tasks to queue
[2024-11-06T07:02:40.941+0000] {logging_mixin.py:188} INFO - [2024-11-06T07:02:40.941+0000] {dagbag.py:538} INFO - Filling up the DagBag from /home/airflow/.local/lib/python3.8/site-packages/airflow/example_dags/example_sla_dag.py
[2024-11-06T07:02:40.951+0000] {processor.py:840} INFO - DAG(s) 'example_sla_dag' retrieved from /home/airflow/.local/lib/python3.8/site-packages/airflow/example_dags/example_sla_dag.py
[2024-11-06T07:02:40.974+0000] {logging_mixin.py:188} INFO - [2024-11-06T07:02:40.972+0000] {dag.py:3036} INFO - Sync 1 DAGs
[2024-11-06T07:02:41.009+0000] {logging_mixin.py:188} INFO - [2024-11-06T07:02:41.008+0000] {dag.py:3823} INFO - Setting next_dagrun for example_sla_dag to 2024-11-06 07:00:00+00:00, run_after=2024-11-06 07:02:00+00:00
[2024-11-06T07:02:41.033+0000] {processor.py:183} INFO - Processing /home/airflow/.local/lib/python3.8/site-packages/airflow/example_dags/example_sla_dag.py took 0.097 seconds
[2024-11-06T07:03:11.166+0000] {processor.py:161} INFO - Started process (PID=397) to work on /home/airflow/.local/lib/python3.8/site-packages/airflow/example_dags/example_sla_dag.py
[2024-11-06T07:03:11.167+0000] {processor.py:830} INFO - Processing file /home/airflow/.local/lib/python3.8/site-packages/airflow/example_dags/example_sla_dag.py for tasks to queue
[2024-11-06T07:03:11.168+0000] {logging_mixin.py:188} INFO - [2024-11-06T07:03:11.168+0000] {dagbag.py:538} INFO - Filling up the DagBag from /home/airflow/.local/lib/python3.8/site-packages/airflow/example_dags/example_sla_dag.py
[2024-11-06T07:03:11.178+0000] {processor.py:840} INFO - DAG(s) 'example_sla_dag' retrieved from /home/airflow/.local/lib/python3.8/site-packages/airflow/example_dags/example_sla_dag.py
[2024-11-06T07:03:11.202+0000] {logging_mixin.py:188} INFO - [2024-11-06T07:03:11.201+0000] {dag.py:3036} INFO - Sync 1 DAGs
[2024-11-06T07:03:11.267+0000] {logging_mixin.py:188} INFO - [2024-11-06T07:03:11.267+0000] {dag.py:3823} INFO - Setting next_dagrun for example_sla_dag to 2024-11-06 07:00:00+00:00, run_after=2024-11-06 07:02:00+00:00
[2024-11-06T07:03:11.307+0000] {processor.py:183} INFO - Processing /home/airflow/.local/lib/python3.8/site-packages/airflow/example_dags/example_sla_dag.py took 0.145 seconds
[2024-11-06T07:03:41.500+0000] {processor.py:161} INFO - Started process (PID=454) to work on /home/airflow/.local/lib/python3.8/site-packages/airflow/example_dags/example_sla_dag.py
[2024-11-06T07:03:41.502+0000] {processor.py:830} INFO - Processing file /home/airflow/.local/lib/python3.8/site-packages/airflow/example_dags/example_sla_dag.py for tasks to queue
[2024-11-06T07:03:41.503+0000] {logging_mixin.py:188} INFO - [2024-11-06T07:03:41.503+0000] {dagbag.py:538} INFO - Filling up the DagBag from /home/airflow/.local/lib/python3.8/site-packages/airflow/example_dags/example_sla_dag.py
[2024-11-06T07:03:41.513+0000] {processor.py:840} INFO - DAG(s) 'example_sla_dag' retrieved from /home/airflow/.local/lib/python3.8/site-packages/airflow/example_dags/example_sla_dag.py
[2024-11-06T07:03:41.536+0000] {logging_mixin.py:188} INFO - [2024-11-06T07:03:41.536+0000] {dag.py:3036} INFO - Sync 1 DAGs
[2024-11-06T07:03:41.573+0000] {logging_mixin.py:188} INFO - [2024-11-06T07:03:41.573+0000] {dag.py:3823} INFO - Setting next_dagrun for example_sla_dag to 2024-11-06 07:00:00+00:00, run_after=2024-11-06 07:02:00+00:00
[2024-11-06T07:03:41.610+0000] {processor.py:183} INFO - Processing /home/airflow/.local/lib/python3.8/site-packages/airflow/example_dags/example_sla_dag.py took 0.113 seconds
[2024-11-06T07:04:11.825+0000] {processor.py:161} INFO - Started process (PID=512) to work on /home/airflow/.local/lib/python3.8/site-packages/airflow/example_dags/example_sla_dag.py
[2024-11-06T07:04:11.826+0000] {processor.py:830} INFO - Processing file /home/airflow/.local/lib/python3.8/site-packages/airflow/example_dags/example_sla_dag.py for tasks to queue
[2024-11-06T07:04:11.828+0000] {logging_mixin.py:188} INFO - [2024-11-06T07:04:11.827+0000] {dagbag.py:538} INFO - Filling up the DagBag from /home/airflow/.local/lib/python3.8/site-packages/airflow/example_dags/example_sla_dag.py
[2024-11-06T07:04:11.837+0000] {processor.py:840} INFO - DAG(s) 'example_sla_dag' retrieved from /home/airflow/.local/lib/python3.8/site-packages/airflow/example_dags/example_sla_dag.py
[2024-11-06T07:04:11.875+0000] {logging_mixin.py:188} INFO - [2024-11-06T07:04:11.875+0000] {dag.py:3036} INFO - Sync 1 DAGs
[2024-11-06T07:04:11.915+0000] {logging_mixin.py:188} INFO - [2024-11-06T07:04:11.915+0000] {dag.py:3823} INFO - Setting next_dagrun for example_sla_dag to 2024-11-06 07:02:00+00:00, run_after=2024-11-06 07:04:00+00:00
[2024-11-06T07:04:11.941+0000] {processor.py:183} INFO - Processing /home/airflow/.local/lib/python3.8/site-packages/airflow/example_dags/example_sla_dag.py took 0.120 seconds
[2024-11-06T07:04:42.237+0000] {processor.py:161} INFO - Started process (PID=569) to work on /home/airflow/.local/lib/python3.8/site-packages/airflow/example_dags/example_sla_dag.py
[2024-11-06T07:04:42.238+0000] {processor.py:830} INFO - Processing file /home/airflow/.local/lib/python3.8/site-packages/airflow/example_dags/example_sla_dag.py for tasks to queue
[2024-11-06T07:04:42.241+0000] {logging_mixin.py:188} INFO - [2024-11-06T07:04:42.241+0000] {dagbag.py:538} INFO - Filling up the DagBag from /home/airflow/.local/lib/python3.8/site-packages/airflow/example_dags/example_sla_dag.py
[2024-11-06T07:04:42.265+0000] {processor.py:840} INFO - DAG(s) 'example_sla_dag' retrieved from /home/airflow/.local/lib/python3.8/site-packages/airflow/example_dags/example_sla_dag.py
[2024-11-06T07:04:42.294+0000] {logging_mixin.py:188} INFO - [2024-11-06T07:04:42.294+0000] {dag.py:3036} INFO - Sync 1 DAGs
[2024-11-06T07:04:42.326+0000] {logging_mixin.py:188} INFO - [2024-11-06T07:04:42.326+0000] {dag.py:3823} INFO - Setting next_dagrun for example_sla_dag to 2024-11-06 07:02:00+00:00, run_after=2024-11-06 07:04:00+00:00
[2024-11-06T07:04:42.347+0000] {processor.py:183} INFO - Processing /home/airflow/.local/lib/python3.8/site-packages/airflow/example_dags/example_sla_dag.py took 0.114 seconds
[2024-11-06T07:05:12.498+0000] {processor.py:161} INFO - Started process (PID=626) to work on /home/airflow/.local/lib/python3.8/site-packages/airflow/example_dags/example_sla_dag.py
[2024-11-06T07:05:12.499+0000] {processor.py:830} INFO - Processing file /home/airflow/.local/lib/python3.8/site-packages/airflow/example_dags/example_sla_dag.py for tasks to queue
[2024-11-06T07:05:12.501+0000] {logging_mixin.py:188} INFO - [2024-11-06T07:05:12.500+0000] {dagbag.py:538} INFO - Filling up the DagBag from /home/airflow/.local/lib/python3.8/site-packages/airflow/example_dags/example_sla_dag.py
[2024-11-06T07:05:12.518+0000] {processor.py:840} INFO - DAG(s) 'example_sla_dag' retrieved from /home/airflow/.local/lib/python3.8/site-packages/airflow/example_dags/example_sla_dag.py
[2024-11-06T07:05:12.558+0000] {logging_mixin.py:188} INFO - [2024-11-06T07:05:12.557+0000] {dag.py:3036} INFO - Sync 1 DAGs
[2024-11-06T07:05:12.588+0000] {logging_mixin.py:188} INFO - [2024-11-06T07:05:12.588+0000] {dag.py:3823} INFO - Setting next_dagrun for example_sla_dag to 2024-11-06 07:02:00+00:00, run_after=2024-11-06 07:04:00+00:00
[2024-11-06T07:05:12.610+0000] {processor.py:183} INFO - Processing /home/airflow/.local/lib/python3.8/site-packages/airflow/example_dags/example_sla_dag.py took 0.116 seconds
[2024-11-06T07:05:43.420+0000] {processor.py:161} INFO - Started process (PID=683) to work on /home/airflow/.local/lib/python3.8/site-packages/airflow/example_dags/example_sla_dag.py
[2024-11-06T07:05:43.429+0000] {processor.py:830} INFO - Processing file /home/airflow/.local/lib/python3.8/site-packages/airflow/example_dags/example_sla_dag.py for tasks to queue
[2024-11-06T07:05:43.431+0000] {logging_mixin.py:188} INFO - [2024-11-06T07:05:43.431+0000] {dagbag.py:538} INFO - Filling up the DagBag from /home/airflow/.local/lib/python3.8/site-packages/airflow/example_dags/example_sla_dag.py
[2024-11-06T07:05:43.472+0000] {processor.py:840} INFO - DAG(s) 'example_sla_dag' retrieved from /home/airflow/.local/lib/python3.8/site-packages/airflow/example_dags/example_sla_dag.py
[2024-11-06T07:05:43.528+0000] {logging_mixin.py:188} INFO - [2024-11-06T07:05:43.527+0000] {dag.py:3036} INFO - Sync 1 DAGs
[2024-11-06T07:05:43.594+0000] {logging_mixin.py:188} INFO - [2024-11-06T07:05:43.593+0000] {dag.py:3823} INFO - Setting next_dagrun for example_sla_dag to 2024-11-06 07:02:00+00:00, run_after=2024-11-06 07:04:00+00:00
[2024-11-06T07:05:43.637+0000] {processor.py:183} INFO - Processing /home/airflow/.local/lib/python3.8/site-packages/airflow/example_dags/example_sla_dag.py took 0.221 seconds
[2024-11-06T07:06:13.733+0000] {processor.py:161} INFO - Started process (PID=740) to work on /home/airflow/.local/lib/python3.8/site-packages/airflow/example_dags/example_sla_dag.py
[2024-11-06T07:06:13.738+0000] {processor.py:830} INFO - Processing file /home/airflow/.local/lib/python3.8/site-packages/airflow/example_dags/example_sla_dag.py for tasks to queue
[2024-11-06T07:06:13.740+0000] {logging_mixin.py:188} INFO - [2024-11-06T07:06:13.740+0000] {dagbag.py:538} INFO - Filling up the DagBag from /home/airflow/.local/lib/python3.8/site-packages/airflow/example_dags/example_sla_dag.py
[2024-11-06T07:06:13.751+0000] {processor.py:840} INFO - DAG(s) 'example_sla_dag' retrieved from /home/airflow/.local/lib/python3.8/site-packages/airflow/example_dags/example_sla_dag.py
[2024-11-06T07:06:13.812+0000] {logging_mixin.py:188} INFO - [2024-11-06T07:06:13.812+0000] {dag.py:3036} INFO - Sync 1 DAGs
[2024-11-06T07:06:13.901+0000] {logging_mixin.py:188} INFO - [2024-11-06T07:06:13.878+0000] {dag.py:3823} INFO - Setting next_dagrun for example_sla_dag to 2024-11-06 07:04:00+00:00, run_after=2024-11-06 07:06:00+00:00
[2024-11-06T07:06:13.952+0000] {processor.py:183} INFO - Processing /home/airflow/.local/lib/python3.8/site-packages/airflow/example_dags/example_sla_dag.py took 0.223 seconds
[2024-11-06T07:06:44.459+0000] {processor.py:161} INFO - Started process (PID=798) to work on /home/airflow/.local/lib/python3.8/site-packages/airflow/example_dags/example_sla_dag.py
[2024-11-06T07:06:44.460+0000] {processor.py:830} INFO - Processing file /home/airflow/.local/lib/python3.8/site-packages/airflow/example_dags/example_sla_dag.py for tasks to queue
[2024-11-06T07:06:44.462+0000] {logging_mixin.py:188} INFO - [2024-11-06T07:06:44.461+0000] {dagbag.py:538} INFO - Filling up the DagBag from /home/airflow/.local/lib/python3.8/site-packages/airflow/example_dags/example_sla_dag.py
[2024-11-06T07:06:44.498+0000] {processor.py:840} INFO - DAG(s) 'example_sla_dag' retrieved from /home/airflow/.local/lib/python3.8/site-packages/airflow/example_dags/example_sla_dag.py
[2024-11-06T07:06:44.539+0000] {logging_mixin.py:188} INFO - [2024-11-06T07:06:44.539+0000] {dag.py:3036} INFO - Sync 1 DAGs
[2024-11-06T07:06:44.574+0000] {logging_mixin.py:188} INFO - [2024-11-06T07:06:44.574+0000] {dag.py:3823} INFO - Setting next_dagrun for example_sla_dag to 2024-11-06 07:04:00+00:00, run_after=2024-11-06 07:06:00+00:00
[2024-11-06T07:06:44.610+0000] {processor.py:183} INFO - Processing /home/airflow/.local/lib/python3.8/site-packages/airflow/example_dags/example_sla_dag.py took 0.167 seconds
[2024-11-06T07:07:15.061+0000] {processor.py:161} INFO - Started process (PID=855) to work on /home/airflow/.local/lib/python3.8/site-packages/airflow/example_dags/example_sla_dag.py
[2024-11-06T07:07:15.062+0000] {processor.py:830} INFO - Processing file /home/airflow/.local/lib/python3.8/site-packages/airflow/example_dags/example_sla_dag.py for tasks to queue
[2024-11-06T07:07:15.065+0000] {logging_mixin.py:188} INFO - [2024-11-06T07:07:15.065+0000] {dagbag.py:538} INFO - Filling up the DagBag from /home/airflow/.local/lib/python3.8/site-packages/airflow/example_dags/example_sla_dag.py
[2024-11-06T07:07:15.080+0000] {processor.py:840} INFO - DAG(s) 'example_sla_dag' retrieved from /home/airflow/.local/lib/python3.8/site-packages/airflow/example_dags/example_sla_dag.py
[2024-11-06T07:07:15.102+0000] {logging_mixin.py:188} INFO - [2024-11-06T07:07:15.102+0000] {dag.py:3036} INFO - Sync 1 DAGs
[2024-11-06T07:07:15.132+0000] {logging_mixin.py:188} INFO - [2024-11-06T07:07:15.132+0000] {dag.py:3823} INFO - Setting next_dagrun for example_sla_dag to 2024-11-06 07:04:00+00:00, run_after=2024-11-06 07:06:00+00:00
[2024-11-06T07:07:15.154+0000] {processor.py:183} INFO - Processing /home/airflow/.local/lib/python3.8/site-packages/airflow/example_dags/example_sla_dag.py took 0.097 seconds
[2024-11-06T07:07:45.751+0000] {processor.py:161} INFO - Started process (PID=913) to work on /home/airflow/.local/lib/python3.8/site-packages/airflow/example_dags/example_sla_dag.py
[2024-11-06T07:07:45.752+0000] {processor.py:830} INFO - Processing file /home/airflow/.local/lib/python3.8/site-packages/airflow/example_dags/example_sla_dag.py for tasks to queue
[2024-11-06T07:07:45.754+0000] {logging_mixin.py:188} INFO - [2024-11-06T07:07:45.754+0000] {dagbag.py:538} INFO - Filling up the DagBag from /home/airflow/.local/lib/python3.8/site-packages/airflow/example_dags/example_sla_dag.py
[2024-11-06T07:07:45.763+0000] {processor.py:840} INFO - DAG(s) 'example_sla_dag' retrieved from /home/airflow/.local/lib/python3.8/site-packages/airflow/example_dags/example_sla_dag.py
[2024-11-06T07:07:45.785+0000] {logging_mixin.py:188} INFO - [2024-11-06T07:07:45.785+0000] {dag.py:3036} INFO - Sync 1 DAGs
[2024-11-06T07:07:45.818+0000] {logging_mixin.py:188} INFO - [2024-11-06T07:07:45.818+0000] {dag.py:3823} INFO - Setting next_dagrun for example_sla_dag to 2024-11-06 07:04:00+00:00, run_after=2024-11-06 07:06:00+00:00
[2024-11-06T07:07:45.843+0000] {processor.py:183} INFO - Processing /home/airflow/.local/lib/python3.8/site-packages/airflow/example_dags/example_sla_dag.py took 0.095 seconds
[2024-11-06T07:08:15.994+0000] {processor.py:161} INFO - Started process (PID=971) to work on /home/airflow/.local/lib/python3.8/site-packages/airflow/example_dags/example_sla_dag.py
[2024-11-06T07:08:15.995+0000] {processor.py:830} INFO - Processing file /home/airflow/.local/lib/python3.8/site-packages/airflow/example_dags/example_sla_dag.py for tasks to queue
[2024-11-06T07:08:15.996+0000] {logging_mixin.py:188} INFO - [2024-11-06T07:08:15.996+0000] {dagbag.py:538} INFO - Filling up the DagBag from /home/airflow/.local/lib/python3.8/site-packages/airflow/example_dags/example_sla_dag.py
[2024-11-06T07:08:16.006+0000] {processor.py:840} INFO - DAG(s) 'example_sla_dag' retrieved from /home/airflow/.local/lib/python3.8/site-packages/airflow/example_dags/example_sla_dag.py
[2024-11-06T07:08:16.027+0000] {logging_mixin.py:188} INFO - [2024-11-06T07:08:16.027+0000] {dag.py:3036} INFO - Sync 1 DAGs
[2024-11-06T07:08:16.058+0000] {logging_mixin.py:188} INFO - [2024-11-06T07:08:16.058+0000] {dag.py:3823} INFO - Setting next_dagrun for example_sla_dag to 2024-11-06 07:06:00+00:00, run_after=2024-11-06 07:08:00+00:00
[2024-11-06T07:08:16.083+0000] {processor.py:183} INFO - Processing /home/airflow/.local/lib/python3.8/site-packages/airflow/example_dags/example_sla_dag.py took 0.092 seconds
[2024-11-06T07:08:46.286+0000] {processor.py:161} INFO - Started process (PID=1028) to work on /home/airflow/.local/lib/python3.8/site-packages/airflow/example_dags/example_sla_dag.py
[2024-11-06T07:08:46.287+0000] {processor.py:830} INFO - Processing file /home/airflow/.local/lib/python3.8/site-packages/airflow/example_dags/example_sla_dag.py for tasks to queue
[2024-11-06T07:08:46.289+0000] {logging_mixin.py:188} INFO - [2024-11-06T07:08:46.289+0000] {dagbag.py:538} INFO - Filling up the DagBag from /home/airflow/.local/lib/python3.8/site-packages/airflow/example_dags/example_sla_dag.py
[2024-11-06T07:08:46.299+0000] {processor.py:840} INFO - DAG(s) 'example_sla_dag' retrieved from /home/airflow/.local/lib/python3.8/site-packages/airflow/example_dags/example_sla_dag.py
[2024-11-06T07:08:46.322+0000] {logging_mixin.py:188} INFO - [2024-11-06T07:08:46.321+0000] {dag.py:3036} INFO - Sync 1 DAGs
[2024-11-06T07:08:46.355+0000] {logging_mixin.py:188} INFO - [2024-11-06T07:08:46.355+0000] {dag.py:3823} INFO - Setting next_dagrun for example_sla_dag to 2024-11-06 07:06:00+00:00, run_after=2024-11-06 07:08:00+00:00
[2024-11-06T07:08:46.386+0000] {processor.py:183} INFO - Processing /home/airflow/.local/lib/python3.8/site-packages/airflow/example_dags/example_sla_dag.py took 0.103 seconds
[2024-11-06T07:09:16.737+0000] {processor.py:161} INFO - Started process (PID=1086) to work on /home/airflow/.local/lib/python3.8/site-packages/airflow/example_dags/example_sla_dag.py
[2024-11-06T07:09:16.747+0000] {processor.py:830} INFO - Processing file /home/airflow/.local/lib/python3.8/site-packages/airflow/example_dags/example_sla_dag.py for tasks to queue
[2024-11-06T07:09:16.751+0000] {logging_mixin.py:188} INFO - [2024-11-06T07:09:16.750+0000] {dagbag.py:538} INFO - Filling up the DagBag from /home/airflow/.local/lib/python3.8/site-packages/airflow/example_dags/example_sla_dag.py
[2024-11-06T07:09:16.768+0000] {processor.py:840} INFO - DAG(s) 'example_sla_dag' retrieved from /home/airflow/.local/lib/python3.8/site-packages/airflow/example_dags/example_sla_dag.py
[2024-11-06T07:09:16.789+0000] {logging_mixin.py:188} INFO - [2024-11-06T07:09:16.788+0000] {dag.py:3036} INFO - Sync 1 DAGs
[2024-11-06T07:09:16.821+0000] {logging_mixin.py:188} INFO - [2024-11-06T07:09:16.821+0000] {dag.py:3823} INFO - Setting next_dagrun for example_sla_dag to 2024-11-06 07:06:00+00:00, run_after=2024-11-06 07:08:00+00:00
[2024-11-06T07:09:16.842+0000] {processor.py:183} INFO - Processing /home/airflow/.local/lib/python3.8/site-packages/airflow/example_dags/example_sla_dag.py took 0.108 seconds
[2024-11-06T07:09:47.310+0000] {processor.py:161} INFO - Started process (PID=1143) to work on /home/airflow/.local/lib/python3.8/site-packages/airflow/example_dags/example_sla_dag.py
[2024-11-06T07:09:47.311+0000] {processor.py:830} INFO - Processing file /home/airflow/.local/lib/python3.8/site-packages/airflow/example_dags/example_sla_dag.py for tasks to queue
[2024-11-06T07:09:47.312+0000] {logging_mixin.py:188} INFO - [2024-11-06T07:09:47.312+0000] {dagbag.py:538} INFO - Filling up the DagBag from /home/airflow/.local/lib/python3.8/site-packages/airflow/example_dags/example_sla_dag.py
[2024-11-06T07:09:47.322+0000] {processor.py:840} INFO - DAG(s) 'example_sla_dag' retrieved from /home/airflow/.local/lib/python3.8/site-packages/airflow/example_dags/example_sla_dag.py
[2024-11-06T07:09:47.345+0000] {logging_mixin.py:188} INFO - [2024-11-06T07:09:47.345+0000] {dag.py:3036} INFO - Sync 1 DAGs
[2024-11-06T07:09:47.379+0000] {logging_mixin.py:188} INFO - [2024-11-06T07:09:47.379+0000] {dag.py:3823} INFO - Setting next_dagrun for example_sla_dag to 2024-11-06 07:06:00+00:00, run_after=2024-11-06 07:08:00+00:00
[2024-11-06T07:09:47.404+0000] {processor.py:183} INFO - Processing /home/airflow/.local/lib/python3.8/site-packages/airflow/example_dags/example_sla_dag.py took 0.097 seconds
[2024-11-06T07:10:17.923+0000] {processor.py:161} INFO - Started process (PID=1200) to work on /home/airflow/.local/lib/python3.8/site-packages/airflow/example_dags/example_sla_dag.py
[2024-11-06T07:10:17.924+0000] {processor.py:830} INFO - Processing file /home/airflow/.local/lib/python3.8/site-packages/airflow/example_dags/example_sla_dag.py for tasks to queue
[2024-11-06T07:10:17.927+0000] {logging_mixin.py:188} INFO - [2024-11-06T07:10:17.926+0000] {dagbag.py:538} INFO - Filling up the DagBag from /home/airflow/.local/lib/python3.8/site-packages/airflow/example_dags/example_sla_dag.py
[2024-11-06T07:10:17.947+0000] {processor.py:840} INFO - DAG(s) 'example_sla_dag' retrieved from /home/airflow/.local/lib/python3.8/site-packages/airflow/example_dags/example_sla_dag.py
[2024-11-06T07:10:17.988+0000] {logging_mixin.py:188} INFO - [2024-11-06T07:10:17.988+0000] {dag.py:3036} INFO - Sync 1 DAGs
[2024-11-06T07:10:18.019+0000] {logging_mixin.py:188} INFO - [2024-11-06T07:10:18.019+0000] {dag.py:3823} INFO - Setting next_dagrun for example_sla_dag to 2024-11-06 07:08:00+00:00, run_after=2024-11-06 07:10:00+00:00
[2024-11-06T07:10:18.039+0000] {processor.py:183} INFO - Processing /home/airflow/.local/lib/python3.8/site-packages/airflow/example_dags/example_sla_dag.py took 0.120 seconds
[2024-11-06T07:10:48.263+0000] {processor.py:161} INFO - Started process (PID=1257) to work on /home/airflow/.local/lib/python3.8/site-packages/airflow/example_dags/example_sla_dag.py
[2024-11-06T07:10:48.264+0000] {processor.py:830} INFO - Processing file /home/airflow/.local/lib/python3.8/site-packages/airflow/example_dags/example_sla_dag.py for tasks to queue
[2024-11-06T07:10:48.265+0000] {logging_mixin.py:188} INFO - [2024-11-06T07:10:48.265+0000] {dagbag.py:538} INFO - Filling up the DagBag from /home/airflow/.local/lib/python3.8/site-packages/airflow/example_dags/example_sla_dag.py
[2024-11-06T07:10:48.275+0000] {processor.py:840} INFO - DAG(s) 'example_sla_dag' retrieved from /home/airflow/.local/lib/python3.8/site-packages/airflow/example_dags/example_sla_dag.py
[2024-11-06T07:10:48.298+0000] {logging_mixin.py:188} INFO - [2024-11-06T07:10:48.297+0000] {dag.py:3036} INFO - Sync 1 DAGs
[2024-11-06T07:10:48.337+0000] {logging_mixin.py:188} INFO - [2024-11-06T07:10:48.336+0000] {dag.py:3823} INFO - Setting next_dagrun for example_sla_dag to 2024-11-06 07:08:00+00:00, run_after=2024-11-06 07:10:00+00:00
[2024-11-06T07:10:48.362+0000] {processor.py:183} INFO - Processing /home/airflow/.local/lib/python3.8/site-packages/airflow/example_dags/example_sla_dag.py took 0.102 seconds
[2024-11-06T07:11:19.006+0000] {processor.py:161} INFO - Started process (PID=1314) to work on /home/airflow/.local/lib/python3.8/site-packages/airflow/example_dags/example_sla_dag.py
[2024-11-06T07:11:19.007+0000] {processor.py:830} INFO - Processing file /home/airflow/.local/lib/python3.8/site-packages/airflow/example_dags/example_sla_dag.py for tasks to queue
[2024-11-06T07:11:19.009+0000] {logging_mixin.py:188} INFO - [2024-11-06T07:11:19.008+0000] {dagbag.py:538} INFO - Filling up the DagBag from /home/airflow/.local/lib/python3.8/site-packages/airflow/example_dags/example_sla_dag.py
[2024-11-06T07:11:19.018+0000] {processor.py:840} INFO - DAG(s) 'example_sla_dag' retrieved from /home/airflow/.local/lib/python3.8/site-packages/airflow/example_dags/example_sla_dag.py
[2024-11-06T07:11:19.041+0000] {logging_mixin.py:188} INFO - [2024-11-06T07:11:19.040+0000] {dag.py:3036} INFO - Sync 1 DAGs
[2024-11-06T07:11:19.070+0000] {logging_mixin.py:188} INFO - [2024-11-06T07:11:19.070+0000] {dag.py:3823} INFO - Setting next_dagrun for example_sla_dag to 2024-11-06 07:08:00+00:00, run_after=2024-11-06 07:10:00+00:00
[2024-11-06T07:11:19.098+0000] {processor.py:183} INFO - Processing /home/airflow/.local/lib/python3.8/site-packages/airflow/example_dags/example_sla_dag.py took 0.094 seconds
[2024-11-06T07:11:49.199+0000] {processor.py:161} INFO - Started process (PID=1371) to work on /home/airflow/.local/lib/python3.8/site-packages/airflow/example_dags/example_sla_dag.py
[2024-11-06T07:11:49.200+0000] {processor.py:830} INFO - Processing file /home/airflow/.local/lib/python3.8/site-packages/airflow/example_dags/example_sla_dag.py for tasks to queue
[2024-11-06T07:11:49.202+0000] {logging_mixin.py:188} INFO - [2024-11-06T07:11:49.202+0000] {dagbag.py:538} INFO - Filling up the DagBag from /home/airflow/.local/lib/python3.8/site-packages/airflow/example_dags/example_sla_dag.py
[2024-11-06T07:11:49.211+0000] {processor.py:840} INFO - DAG(s) 'example_sla_dag' retrieved from /home/airflow/.local/lib/python3.8/site-packages/airflow/example_dags/example_sla_dag.py
[2024-11-06T07:11:49.234+0000] {logging_mixin.py:188} INFO - [2024-11-06T07:11:49.234+0000] {dag.py:3036} INFO - Sync 1 DAGs
[2024-11-06T07:11:49.265+0000] {logging_mixin.py:188} INFO - [2024-11-06T07:11:49.265+0000] {dag.py:3823} INFO - Setting next_dagrun for example_sla_dag to 2024-11-06 07:08:00+00:00, run_after=2024-11-06 07:10:00+00:00
[2024-11-06T07:11:49.291+0000] {processor.py:183} INFO - Processing /home/airflow/.local/lib/python3.8/site-packages/airflow/example_dags/example_sla_dag.py took 0.095 seconds
[2024-11-06T07:12:20.197+0000] {processor.py:161} INFO - Started process (PID=1428) to work on /home/airflow/.local/lib/python3.8/site-packages/airflow/example_dags/example_sla_dag.py
[2024-11-06T07:12:20.198+0000] {processor.py:830} INFO - Processing file /home/airflow/.local/lib/python3.8/site-packages/airflow/example_dags/example_sla_dag.py for tasks to queue
[2024-11-06T07:12:20.200+0000] {logging_mixin.py:188} INFO - [2024-11-06T07:12:20.200+0000] {dagbag.py:538} INFO - Filling up the DagBag from /home/airflow/.local/lib/python3.8/site-packages/airflow/example_dags/example_sla_dag.py
[2024-11-06T07:12:20.210+0000] {processor.py:840} INFO - DAG(s) 'example_sla_dag' retrieved from /home/airflow/.local/lib/python3.8/site-packages/airflow/example_dags/example_sla_dag.py
[2024-11-06T07:12:20.231+0000] {logging_mixin.py:188} INFO - [2024-11-06T07:12:20.231+0000] {dag.py:3036} INFO - Sync 1 DAGs
[2024-11-06T07:12:20.263+0000] {logging_mixin.py:188} INFO - [2024-11-06T07:12:20.263+0000] {dag.py:3823} INFO - Setting next_dagrun for example_sla_dag to 2024-11-06 07:10:00+00:00, run_after=2024-11-06 07:12:00+00:00
[2024-11-06T07:12:20.298+0000] {processor.py:183} INFO - Processing /home/airflow/.local/lib/python3.8/site-packages/airflow/example_dags/example_sla_dag.py took 0.103 seconds
[2024-11-06T07:14:10.281+0000] {processor.py:161} INFO - Started process (PID=100) to work on /home/airflow/.local/lib/python3.8/site-packages/airflow/example_dags/example_sla_dag.py
[2024-11-06T07:14:10.289+0000] {processor.py:830} INFO - Processing file /home/airflow/.local/lib/python3.8/site-packages/airflow/example_dags/example_sla_dag.py for tasks to queue
[2024-11-06T07:14:10.291+0000] {logging_mixin.py:188} INFO - [2024-11-06T07:14:10.290+0000] {dagbag.py:538} INFO - Filling up the DagBag from /home/airflow/.local/lib/python3.8/site-packages/airflow/example_dags/example_sla_dag.py
[2024-11-06T07:14:10.327+0000] {processor.py:840} INFO - DAG(s) 'example_sla_dag' retrieved from /home/airflow/.local/lib/python3.8/site-packages/airflow/example_dags/example_sla_dag.py
[2024-11-06T07:14:10.804+0000] {logging_mixin.py:188} INFO - [2024-11-06T07:14:10.804+0000] {dag.py:3036} INFO - Sync 1 DAGs
[2024-11-06T07:14:10.990+0000] {logging_mixin.py:188} INFO - [2024-11-06T07:14:10.990+0000] {dag.py:3823} INFO - Setting next_dagrun for example_sla_dag to 2024-11-06 07:12:00+00:00, run_after=2024-11-06 07:14:00+00:00
[2024-11-06T07:14:11.088+0000] {processor.py:183} INFO - Processing /home/airflow/.local/lib/python3.8/site-packages/airflow/example_dags/example_sla_dag.py took 0.819 seconds
[2024-11-06T07:14:41.696+0000] {processor.py:161} INFO - Started process (PID=157) to work on /home/airflow/.local/lib/python3.8/site-packages/airflow/example_dags/example_sla_dag.py
[2024-11-06T07:14:41.697+0000] {processor.py:830} INFO - Processing file /home/airflow/.local/lib/python3.8/site-packages/airflow/example_dags/example_sla_dag.py for tasks to queue
[2024-11-06T07:14:41.699+0000] {logging_mixin.py:188} INFO - [2024-11-06T07:14:41.699+0000] {dagbag.py:538} INFO - Filling up the DagBag from /home/airflow/.local/lib/python3.8/site-packages/airflow/example_dags/example_sla_dag.py
[2024-11-06T07:14:41.709+0000] {processor.py:840} INFO - DAG(s) 'example_sla_dag' retrieved from /home/airflow/.local/lib/python3.8/site-packages/airflow/example_dags/example_sla_dag.py
[2024-11-06T07:14:41.735+0000] {logging_mixin.py:188} INFO - [2024-11-06T07:14:41.735+0000] {dag.py:3036} INFO - Sync 1 DAGs
[2024-11-06T07:14:41.763+0000] {logging_mixin.py:188} INFO - [2024-11-06T07:14:41.762+0000] {dag.py:3823} INFO - Setting next_dagrun for example_sla_dag to 2024-11-06 07:12:00+00:00, run_after=2024-11-06 07:14:00+00:00
[2024-11-06T07:14:41.784+0000] {processor.py:183} INFO - Processing /home/airflow/.local/lib/python3.8/site-packages/airflow/example_dags/example_sla_dag.py took 0.091 seconds
[2024-11-06T07:15:12.681+0000] {processor.py:161} INFO - Started process (PID=221) to work on /home/airflow/.local/lib/python3.8/site-packages/airflow/example_dags/example_sla_dag.py
[2024-11-06T07:15:12.682+0000] {processor.py:830} INFO - Processing file /home/airflow/.local/lib/python3.8/site-packages/airflow/example_dags/example_sla_dag.py for tasks to queue
[2024-11-06T07:15:12.684+0000] {logging_mixin.py:188} INFO - [2024-11-06T07:15:12.684+0000] {dagbag.py:538} INFO - Filling up the DagBag from /home/airflow/.local/lib/python3.8/site-packages/airflow/example_dags/example_sla_dag.py
[2024-11-06T07:15:12.693+0000] {processor.py:840} INFO - DAG(s) 'example_sla_dag' retrieved from /home/airflow/.local/lib/python3.8/site-packages/airflow/example_dags/example_sla_dag.py
[2024-11-06T07:15:12.714+0000] {logging_mixin.py:188} INFO - [2024-11-06T07:15:12.713+0000] {dag.py:3036} INFO - Sync 1 DAGs
[2024-11-06T07:15:12.741+0000] {logging_mixin.py:188} INFO - [2024-11-06T07:15:12.741+0000] {dag.py:3823} INFO - Setting next_dagrun for example_sla_dag to 2024-11-06 07:12:00+00:00, run_after=2024-11-06 07:14:00+00:00
[2024-11-06T07:15:12.762+0000] {processor.py:183} INFO - Processing /home/airflow/.local/lib/python3.8/site-packages/airflow/example_dags/example_sla_dag.py took 0.084 seconds
