[2024-11-06T07:00:36.177+0000] {processor.py:161} INFO - Started process (PID=101) to work on /home/airflow/.local/lib/python3.8/site-packages/airflow/example_dags/example_trigger_controller_dag.py
[2024-11-06T07:00:36.184+0000] {processor.py:830} INFO - Processing file /home/airflow/.local/lib/python3.8/site-packages/airflow/example_dags/example_trigger_controller_dag.py for tasks to queue
[2024-11-06T07:00:36.211+0000] {logging_mixin.py:188} INFO - [2024-11-06T07:00:36.211+0000] {dagbag.py:538} INFO - Filling up the DagBag from /home/airflow/.local/lib/python3.8/site-packages/airflow/example_dags/example_trigger_controller_dag.py
[2024-11-06T07:00:36.229+0000] {processor.py:840} INFO - DAG(s) 'example_trigger_controller_dag' retrieved from /home/airflow/.local/lib/python3.8/site-packages/airflow/example_dags/example_trigger_controller_dag.py
[2024-11-06T07:00:36.851+0000] {logging_mixin.py:188} INFO - [2024-11-06T07:00:36.851+0000] {dag.py:3036} INFO - Sync 1 DAGs
[2024-11-06T07:00:37.024+0000] {logging_mixin.py:188} INFO - [2024-11-06T07:00:37.023+0000] {dag.py:3823} INFO - Setting next_dagrun for example_trigger_controller_dag to 2021-01-01 00:00:00+00:00, run_after=2021-01-01 00:00:00+00:00
[2024-11-06T07:00:37.093+0000] {processor.py:183} INFO - Processing /home/airflow/.local/lib/python3.8/site-packages/airflow/example_dags/example_trigger_controller_dag.py took 0.938 seconds
[2024-11-06T07:01:07.393+0000] {processor.py:161} INFO - Started process (PID=165) to work on /home/airflow/.local/lib/python3.8/site-packages/airflow/example_dags/example_trigger_controller_dag.py
[2024-11-06T07:01:07.394+0000] {processor.py:830} INFO - Processing file /home/airflow/.local/lib/python3.8/site-packages/airflow/example_dags/example_trigger_controller_dag.py for tasks to queue
[2024-11-06T07:01:07.396+0000] {logging_mixin.py:188} INFO - [2024-11-06T07:01:07.396+0000] {dagbag.py:538} INFO - Filling up the DagBag from /home/airflow/.local/lib/python3.8/site-packages/airflow/example_dags/example_trigger_controller_dag.py
[2024-11-06T07:01:07.402+0000] {processor.py:840} INFO - DAG(s) 'example_trigger_controller_dag' retrieved from /home/airflow/.local/lib/python3.8/site-packages/airflow/example_dags/example_trigger_controller_dag.py
[2024-11-06T07:01:07.427+0000] {logging_mixin.py:188} INFO - [2024-11-06T07:01:07.426+0000] {dag.py:3036} INFO - Sync 1 DAGs
[2024-11-06T07:01:07.451+0000] {logging_mixin.py:188} INFO - [2024-11-06T07:01:07.451+0000] {dag.py:3823} INFO - Setting next_dagrun for example_trigger_controller_dag to 2021-01-01 00:00:00+00:00, run_after=2021-01-01 00:00:00+00:00
[2024-11-06T07:01:07.479+0000] {processor.py:183} INFO - Processing /home/airflow/.local/lib/python3.8/site-packages/airflow/example_dags/example_trigger_controller_dag.py took 0.089 seconds
[2024-11-06T07:01:37.857+0000] {processor.py:161} INFO - Started process (PID=223) to work on /home/airflow/.local/lib/python3.8/site-packages/airflow/example_dags/example_trigger_controller_dag.py
[2024-11-06T07:01:37.858+0000] {processor.py:830} INFO - Processing file /home/airflow/.local/lib/python3.8/site-packages/airflow/example_dags/example_trigger_controller_dag.py for tasks to queue
[2024-11-06T07:01:37.861+0000] {logging_mixin.py:188} INFO - [2024-11-06T07:01:37.860+0000] {dagbag.py:538} INFO - Filling up the DagBag from /home/airflow/.local/lib/python3.8/site-packages/airflow/example_dags/example_trigger_controller_dag.py
[2024-11-06T07:01:37.865+0000] {processor.py:840} INFO - DAG(s) 'example_trigger_controller_dag' retrieved from /home/airflow/.local/lib/python3.8/site-packages/airflow/example_dags/example_trigger_controller_dag.py
[2024-11-06T07:01:37.885+0000] {logging_mixin.py:188} INFO - [2024-11-06T07:01:37.885+0000] {dag.py:3036} INFO - Sync 1 DAGs
[2024-11-06T07:01:37.909+0000] {logging_mixin.py:188} INFO - [2024-11-06T07:01:37.909+0000] {dag.py:3823} INFO - Setting next_dagrun for example_trigger_controller_dag to 2021-01-01 00:00:00+00:00, run_after=2021-01-01 00:00:00+00:00
[2024-11-06T07:01:37.932+0000] {processor.py:183} INFO - Processing /home/airflow/.local/lib/python3.8/site-packages/airflow/example_dags/example_trigger_controller_dag.py took 0.078 seconds
[2024-11-06T07:02:08.886+0000] {processor.py:161} INFO - Started process (PID=280) to work on /home/airflow/.local/lib/python3.8/site-packages/airflow/example_dags/example_trigger_controller_dag.py
[2024-11-06T07:02:08.887+0000] {processor.py:830} INFO - Processing file /home/airflow/.local/lib/python3.8/site-packages/airflow/example_dags/example_trigger_controller_dag.py for tasks to queue
[2024-11-06T07:02:08.890+0000] {logging_mixin.py:188} INFO - [2024-11-06T07:02:08.890+0000] {dagbag.py:538} INFO - Filling up the DagBag from /home/airflow/.local/lib/python3.8/site-packages/airflow/example_dags/example_trigger_controller_dag.py
[2024-11-06T07:02:08.895+0000] {processor.py:840} INFO - DAG(s) 'example_trigger_controller_dag' retrieved from /home/airflow/.local/lib/python3.8/site-packages/airflow/example_dags/example_trigger_controller_dag.py
[2024-11-06T07:02:08.940+0000] {logging_mixin.py:188} INFO - [2024-11-06T07:02:08.940+0000] {dag.py:3036} INFO - Sync 1 DAGs
[2024-11-06T07:02:08.969+0000] {logging_mixin.py:188} INFO - [2024-11-06T07:02:08.969+0000] {dag.py:3823} INFO - Setting next_dagrun for example_trigger_controller_dag to 2021-01-01 00:00:00+00:00, run_after=2021-01-01 00:00:00+00:00
[2024-11-06T07:02:09.015+0000] {processor.py:183} INFO - Processing /home/airflow/.local/lib/python3.8/site-packages/airflow/example_dags/example_trigger_controller_dag.py took 0.131 seconds
[2024-11-06T07:02:39.843+0000] {processor.py:161} INFO - Started process (PID=338) to work on /home/airflow/.local/lib/python3.8/site-packages/airflow/example_dags/example_trigger_controller_dag.py
[2024-11-06T07:02:39.843+0000] {processor.py:830} INFO - Processing file /home/airflow/.local/lib/python3.8/site-packages/airflow/example_dags/example_trigger_controller_dag.py for tasks to queue
[2024-11-06T07:02:39.846+0000] {logging_mixin.py:188} INFO - [2024-11-06T07:02:39.845+0000] {dagbag.py:538} INFO - Filling up the DagBag from /home/airflow/.local/lib/python3.8/site-packages/airflow/example_dags/example_trigger_controller_dag.py
[2024-11-06T07:02:39.851+0000] {processor.py:840} INFO - DAG(s) 'example_trigger_controller_dag' retrieved from /home/airflow/.local/lib/python3.8/site-packages/airflow/example_dags/example_trigger_controller_dag.py
[2024-11-06T07:02:39.870+0000] {logging_mixin.py:188} INFO - [2024-11-06T07:02:39.870+0000] {dag.py:3036} INFO - Sync 1 DAGs
[2024-11-06T07:02:39.894+0000] {logging_mixin.py:188} INFO - [2024-11-06T07:02:39.894+0000] {dag.py:3823} INFO - Setting next_dagrun for example_trigger_controller_dag to 2021-01-01 00:00:00+00:00, run_after=2021-01-01 00:00:00+00:00
[2024-11-06T07:02:39.919+0000] {processor.py:183} INFO - Processing /home/airflow/.local/lib/python3.8/site-packages/airflow/example_dags/example_trigger_controller_dag.py took 0.080 seconds
[2024-11-06T07:03:10.153+0000] {processor.py:161} INFO - Started process (PID=396) to work on /home/airflow/.local/lib/python3.8/site-packages/airflow/example_dags/example_trigger_controller_dag.py
[2024-11-06T07:03:10.154+0000] {processor.py:830} INFO - Processing file /home/airflow/.local/lib/python3.8/site-packages/airflow/example_dags/example_trigger_controller_dag.py for tasks to queue
[2024-11-06T07:03:10.156+0000] {logging_mixin.py:188} INFO - [2024-11-06T07:03:10.156+0000] {dagbag.py:538} INFO - Filling up the DagBag from /home/airflow/.local/lib/python3.8/site-packages/airflow/example_dags/example_trigger_controller_dag.py
[2024-11-06T07:03:10.161+0000] {processor.py:840} INFO - DAG(s) 'example_trigger_controller_dag' retrieved from /home/airflow/.local/lib/python3.8/site-packages/airflow/example_dags/example_trigger_controller_dag.py
[2024-11-06T07:03:10.180+0000] {logging_mixin.py:188} INFO - [2024-11-06T07:03:10.180+0000] {dag.py:3036} INFO - Sync 1 DAGs
[2024-11-06T07:03:10.205+0000] {logging_mixin.py:188} INFO - [2024-11-06T07:03:10.204+0000] {dag.py:3823} INFO - Setting next_dagrun for example_trigger_controller_dag to 2021-01-01 00:00:00+00:00, run_after=2021-01-01 00:00:00+00:00
[2024-11-06T07:03:10.224+0000] {processor.py:183} INFO - Processing /home/airflow/.local/lib/python3.8/site-packages/airflow/example_dags/example_trigger_controller_dag.py took 0.079 seconds
[2024-11-06T07:03:40.388+0000] {processor.py:161} INFO - Started process (PID=453) to work on /home/airflow/.local/lib/python3.8/site-packages/airflow/example_dags/example_trigger_controller_dag.py
[2024-11-06T07:03:40.389+0000] {processor.py:830} INFO - Processing file /home/airflow/.local/lib/python3.8/site-packages/airflow/example_dags/example_trigger_controller_dag.py for tasks to queue
[2024-11-06T07:03:40.391+0000] {logging_mixin.py:188} INFO - [2024-11-06T07:03:40.390+0000] {dagbag.py:538} INFO - Filling up the DagBag from /home/airflow/.local/lib/python3.8/site-packages/airflow/example_dags/example_trigger_controller_dag.py
[2024-11-06T07:03:40.401+0000] {processor.py:840} INFO - DAG(s) 'example_trigger_controller_dag' retrieved from /home/airflow/.local/lib/python3.8/site-packages/airflow/example_dags/example_trigger_controller_dag.py
[2024-11-06T07:03:40.425+0000] {logging_mixin.py:188} INFO - [2024-11-06T07:03:40.425+0000] {dag.py:3036} INFO - Sync 1 DAGs
[2024-11-06T07:03:40.449+0000] {logging_mixin.py:188} INFO - [2024-11-06T07:03:40.449+0000] {dag.py:3823} INFO - Setting next_dagrun for example_trigger_controller_dag to 2021-01-01 00:00:00+00:00, run_after=2021-01-01 00:00:00+00:00
[2024-11-06T07:03:40.474+0000] {processor.py:183} INFO - Processing /home/airflow/.local/lib/python3.8/site-packages/airflow/example_dags/example_trigger_controller_dag.py took 0.089 seconds
[2024-11-06T07:04:10.696+0000] {processor.py:161} INFO - Started process (PID=511) to work on /home/airflow/.local/lib/python3.8/site-packages/airflow/example_dags/example_trigger_controller_dag.py
[2024-11-06T07:04:10.697+0000] {processor.py:830} INFO - Processing file /home/airflow/.local/lib/python3.8/site-packages/airflow/example_dags/example_trigger_controller_dag.py for tasks to queue
[2024-11-06T07:04:10.698+0000] {logging_mixin.py:188} INFO - [2024-11-06T07:04:10.698+0000] {dagbag.py:538} INFO - Filling up the DagBag from /home/airflow/.local/lib/python3.8/site-packages/airflow/example_dags/example_trigger_controller_dag.py
[2024-11-06T07:04:10.704+0000] {processor.py:840} INFO - DAG(s) 'example_trigger_controller_dag' retrieved from /home/airflow/.local/lib/python3.8/site-packages/airflow/example_dags/example_trigger_controller_dag.py
[2024-11-06T07:04:10.728+0000] {logging_mixin.py:188} INFO - [2024-11-06T07:04:10.728+0000] {dag.py:3036} INFO - Sync 1 DAGs
[2024-11-06T07:04:10.780+0000] {logging_mixin.py:188} INFO - [2024-11-06T07:04:10.779+0000] {dag.py:3823} INFO - Setting next_dagrun for example_trigger_controller_dag to 2021-01-01 00:00:00+00:00, run_after=2021-01-01 00:00:00+00:00
[2024-11-06T07:04:10.816+0000] {processor.py:183} INFO - Processing /home/airflow/.local/lib/python3.8/site-packages/airflow/example_dags/example_trigger_controller_dag.py took 0.124 seconds
[2024-11-06T07:04:41.100+0000] {processor.py:161} INFO - Started process (PID=568) to work on /home/airflow/.local/lib/python3.8/site-packages/airflow/example_dags/example_trigger_controller_dag.py
[2024-11-06T07:04:41.101+0000] {processor.py:830} INFO - Processing file /home/airflow/.local/lib/python3.8/site-packages/airflow/example_dags/example_trigger_controller_dag.py for tasks to queue
[2024-11-06T07:04:41.103+0000] {logging_mixin.py:188} INFO - [2024-11-06T07:04:41.103+0000] {dagbag.py:538} INFO - Filling up the DagBag from /home/airflow/.local/lib/python3.8/site-packages/airflow/example_dags/example_trigger_controller_dag.py
[2024-11-06T07:04:41.109+0000] {processor.py:840} INFO - DAG(s) 'example_trigger_controller_dag' retrieved from /home/airflow/.local/lib/python3.8/site-packages/airflow/example_dags/example_trigger_controller_dag.py
[2024-11-06T07:04:41.139+0000] {logging_mixin.py:188} INFO - [2024-11-06T07:04:41.139+0000] {dag.py:3036} INFO - Sync 1 DAGs
[2024-11-06T07:04:41.178+0000] {logging_mixin.py:188} INFO - [2024-11-06T07:04:41.178+0000] {dag.py:3823} INFO - Setting next_dagrun for example_trigger_controller_dag to 2021-01-01 00:00:00+00:00, run_after=2021-01-01 00:00:00+00:00
[2024-11-06T07:04:41.202+0000] {processor.py:183} INFO - Processing /home/airflow/.local/lib/python3.8/site-packages/airflow/example_dags/example_trigger_controller_dag.py took 0.105 seconds
[2024-11-06T07:05:11.482+0000] {processor.py:161} INFO - Started process (PID=625) to work on /home/airflow/.local/lib/python3.8/site-packages/airflow/example_dags/example_trigger_controller_dag.py
[2024-11-06T07:05:11.498+0000] {processor.py:830} INFO - Processing file /home/airflow/.local/lib/python3.8/site-packages/airflow/example_dags/example_trigger_controller_dag.py for tasks to queue
[2024-11-06T07:05:11.505+0000] {logging_mixin.py:188} INFO - [2024-11-06T07:05:11.504+0000] {dagbag.py:538} INFO - Filling up the DagBag from /home/airflow/.local/lib/python3.8/site-packages/airflow/example_dags/example_trigger_controller_dag.py
[2024-11-06T07:05:11.513+0000] {processor.py:840} INFO - DAG(s) 'example_trigger_controller_dag' retrieved from /home/airflow/.local/lib/python3.8/site-packages/airflow/example_dags/example_trigger_controller_dag.py
[2024-11-06T07:05:11.536+0000] {logging_mixin.py:188} INFO - [2024-11-06T07:05:11.535+0000] {dag.py:3036} INFO - Sync 1 DAGs
[2024-11-06T07:05:11.562+0000] {logging_mixin.py:188} INFO - [2024-11-06T07:05:11.562+0000] {dag.py:3823} INFO - Setting next_dagrun for example_trigger_controller_dag to 2021-01-01 00:00:00+00:00, run_after=2021-01-01 00:00:00+00:00
[2024-11-06T07:05:11.583+0000] {processor.py:183} INFO - Processing /home/airflow/.local/lib/python3.8/site-packages/airflow/example_dags/example_trigger_controller_dag.py took 0.105 seconds
[2024-11-06T07:05:42.171+0000] {processor.py:161} INFO - Started process (PID=682) to work on /home/airflow/.local/lib/python3.8/site-packages/airflow/example_dags/example_trigger_controller_dag.py
[2024-11-06T07:05:42.181+0000] {processor.py:830} INFO - Processing file /home/airflow/.local/lib/python3.8/site-packages/airflow/example_dags/example_trigger_controller_dag.py for tasks to queue
[2024-11-06T07:05:42.190+0000] {logging_mixin.py:188} INFO - [2024-11-06T07:05:42.182+0000] {dagbag.py:538} INFO - Filling up the DagBag from /home/airflow/.local/lib/python3.8/site-packages/airflow/example_dags/example_trigger_controller_dag.py
[2024-11-06T07:05:42.205+0000] {processor.py:840} INFO - DAG(s) 'example_trigger_controller_dag' retrieved from /home/airflow/.local/lib/python3.8/site-packages/airflow/example_dags/example_trigger_controller_dag.py
[2024-11-06T07:05:42.306+0000] {logging_mixin.py:188} INFO - [2024-11-06T07:05:42.306+0000] {dag.py:3036} INFO - Sync 1 DAGs
[2024-11-06T07:05:42.377+0000] {logging_mixin.py:188} INFO - [2024-11-06T07:05:42.376+0000] {dag.py:3823} INFO - Setting next_dagrun for example_trigger_controller_dag to 2021-01-01 00:00:00+00:00, run_after=2021-01-01 00:00:00+00:00
[2024-11-06T07:05:42.420+0000] {processor.py:183} INFO - Processing /home/airflow/.local/lib/python3.8/site-packages/airflow/example_dags/example_trigger_controller_dag.py took 0.252 seconds
[2024-11-06T07:06:12.600+0000] {processor.py:161} INFO - Started process (PID=739) to work on /home/airflow/.local/lib/python3.8/site-packages/airflow/example_dags/example_trigger_controller_dag.py
[2024-11-06T07:06:12.610+0000] {processor.py:830} INFO - Processing file /home/airflow/.local/lib/python3.8/site-packages/airflow/example_dags/example_trigger_controller_dag.py for tasks to queue
[2024-11-06T07:06:12.612+0000] {logging_mixin.py:188} INFO - [2024-11-06T07:06:12.612+0000] {dagbag.py:538} INFO - Filling up the DagBag from /home/airflow/.local/lib/python3.8/site-packages/airflow/example_dags/example_trigger_controller_dag.py
[2024-11-06T07:06:12.624+0000] {processor.py:840} INFO - DAG(s) 'example_trigger_controller_dag' retrieved from /home/airflow/.local/lib/python3.8/site-packages/airflow/example_dags/example_trigger_controller_dag.py
[2024-11-06T07:06:12.664+0000] {logging_mixin.py:188} INFO - [2024-11-06T07:06:12.664+0000] {dag.py:3036} INFO - Sync 1 DAGs
[2024-11-06T07:06:12.705+0000] {logging_mixin.py:188} INFO - [2024-11-06T07:06:12.705+0000] {dag.py:3823} INFO - Setting next_dagrun for example_trigger_controller_dag to 2021-01-01 00:00:00+00:00, run_after=2021-01-01 00:00:00+00:00
[2024-11-06T07:06:12.752+0000] {processor.py:183} INFO - Processing /home/airflow/.local/lib/python3.8/site-packages/airflow/example_dags/example_trigger_controller_dag.py took 0.173 seconds
[2024-11-06T07:06:43.268+0000] {processor.py:161} INFO - Started process (PID=797) to work on /home/airflow/.local/lib/python3.8/site-packages/airflow/example_dags/example_trigger_controller_dag.py
[2024-11-06T07:06:43.269+0000] {processor.py:830} INFO - Processing file /home/airflow/.local/lib/python3.8/site-packages/airflow/example_dags/example_trigger_controller_dag.py for tasks to queue
[2024-11-06T07:06:43.271+0000] {logging_mixin.py:188} INFO - [2024-11-06T07:06:43.270+0000] {dagbag.py:538} INFO - Filling up the DagBag from /home/airflow/.local/lib/python3.8/site-packages/airflow/example_dags/example_trigger_controller_dag.py
[2024-11-06T07:06:43.275+0000] {processor.py:840} INFO - DAG(s) 'example_trigger_controller_dag' retrieved from /home/airflow/.local/lib/python3.8/site-packages/airflow/example_dags/example_trigger_controller_dag.py
[2024-11-06T07:06:43.296+0000] {logging_mixin.py:188} INFO - [2024-11-06T07:06:43.295+0000] {dag.py:3036} INFO - Sync 1 DAGs
[2024-11-06T07:06:43.320+0000] {logging_mixin.py:188} INFO - [2024-11-06T07:06:43.320+0000] {dag.py:3823} INFO - Setting next_dagrun for example_trigger_controller_dag to 2021-01-01 00:00:00+00:00, run_after=2021-01-01 00:00:00+00:00
[2024-11-06T07:06:43.342+0000] {processor.py:183} INFO - Processing /home/airflow/.local/lib/python3.8/site-packages/airflow/example_dags/example_trigger_controller_dag.py took 0.077 seconds
[2024-11-06T07:07:13.945+0000] {processor.py:161} INFO - Started process (PID=854) to work on /home/airflow/.local/lib/python3.8/site-packages/airflow/example_dags/example_trigger_controller_dag.py
[2024-11-06T07:07:13.952+0000] {processor.py:830} INFO - Processing file /home/airflow/.local/lib/python3.8/site-packages/airflow/example_dags/example_trigger_controller_dag.py for tasks to queue
[2024-11-06T07:07:13.954+0000] {logging_mixin.py:188} INFO - [2024-11-06T07:07:13.953+0000] {dagbag.py:538} INFO - Filling up the DagBag from /home/airflow/.local/lib/python3.8/site-packages/airflow/example_dags/example_trigger_controller_dag.py
[2024-11-06T07:07:13.959+0000] {processor.py:840} INFO - DAG(s) 'example_trigger_controller_dag' retrieved from /home/airflow/.local/lib/python3.8/site-packages/airflow/example_dags/example_trigger_controller_dag.py
[2024-11-06T07:07:13.981+0000] {logging_mixin.py:188} INFO - [2024-11-06T07:07:13.980+0000] {dag.py:3036} INFO - Sync 1 DAGs
[2024-11-06T07:07:14.012+0000] {logging_mixin.py:188} INFO - [2024-11-06T07:07:14.012+0000] {dag.py:3823} INFO - Setting next_dagrun for example_trigger_controller_dag to 2021-01-01 00:00:00+00:00, run_after=2021-01-01 00:00:00+00:00
[2024-11-06T07:07:14.040+0000] {processor.py:183} INFO - Processing /home/airflow/.local/lib/python3.8/site-packages/airflow/example_dags/example_trigger_controller_dag.py took 0.100 seconds
[2024-11-06T07:07:44.744+0000] {processor.py:161} INFO - Started process (PID=912) to work on /home/airflow/.local/lib/python3.8/site-packages/airflow/example_dags/example_trigger_controller_dag.py
[2024-11-06T07:07:44.745+0000] {processor.py:830} INFO - Processing file /home/airflow/.local/lib/python3.8/site-packages/airflow/example_dags/example_trigger_controller_dag.py for tasks to queue
[2024-11-06T07:07:44.747+0000] {logging_mixin.py:188} INFO - [2024-11-06T07:07:44.746+0000] {dagbag.py:538} INFO - Filling up the DagBag from /home/airflow/.local/lib/python3.8/site-packages/airflow/example_dags/example_trigger_controller_dag.py
[2024-11-06T07:07:44.752+0000] {processor.py:840} INFO - DAG(s) 'example_trigger_controller_dag' retrieved from /home/airflow/.local/lib/python3.8/site-packages/airflow/example_dags/example_trigger_controller_dag.py
[2024-11-06T07:07:44.771+0000] {logging_mixin.py:188} INFO - [2024-11-06T07:07:44.771+0000] {dag.py:3036} INFO - Sync 1 DAGs
[2024-11-06T07:07:44.791+0000] {logging_mixin.py:188} INFO - [2024-11-06T07:07:44.791+0000] {dag.py:3823} INFO - Setting next_dagrun for example_trigger_controller_dag to 2021-01-01 00:00:00+00:00, run_after=2021-01-01 00:00:00+00:00
[2024-11-06T07:07:44.814+0000] {processor.py:183} INFO - Processing /home/airflow/.local/lib/python3.8/site-packages/airflow/example_dags/example_trigger_controller_dag.py took 0.073 seconds
[2024-11-06T07:08:14.984+0000] {processor.py:161} INFO - Started process (PID=970) to work on /home/airflow/.local/lib/python3.8/site-packages/airflow/example_dags/example_trigger_controller_dag.py
[2024-11-06T07:08:14.984+0000] {processor.py:830} INFO - Processing file /home/airflow/.local/lib/python3.8/site-packages/airflow/example_dags/example_trigger_controller_dag.py for tasks to queue
[2024-11-06T07:08:14.986+0000] {logging_mixin.py:188} INFO - [2024-11-06T07:08:14.985+0000] {dagbag.py:538} INFO - Filling up the DagBag from /home/airflow/.local/lib/python3.8/site-packages/airflow/example_dags/example_trigger_controller_dag.py
[2024-11-06T07:08:14.989+0000] {processor.py:840} INFO - DAG(s) 'example_trigger_controller_dag' retrieved from /home/airflow/.local/lib/python3.8/site-packages/airflow/example_dags/example_trigger_controller_dag.py
[2024-11-06T07:08:15.005+0000] {logging_mixin.py:188} INFO - [2024-11-06T07:08:15.005+0000] {dag.py:3036} INFO - Sync 1 DAGs
[2024-11-06T07:08:15.028+0000] {logging_mixin.py:188} INFO - [2024-11-06T07:08:15.028+0000] {dag.py:3823} INFO - Setting next_dagrun for example_trigger_controller_dag to 2021-01-01 00:00:00+00:00, run_after=2021-01-01 00:00:00+00:00
[2024-11-06T07:08:15.048+0000] {processor.py:183} INFO - Processing /home/airflow/.local/lib/python3.8/site-packages/airflow/example_dags/example_trigger_controller_dag.py took 0.067 seconds
[2024-11-06T07:08:45.222+0000] {processor.py:161} INFO - Started process (PID=1027) to work on /home/airflow/.local/lib/python3.8/site-packages/airflow/example_dags/example_trigger_controller_dag.py
[2024-11-06T07:08:45.223+0000] {processor.py:830} INFO - Processing file /home/airflow/.local/lib/python3.8/site-packages/airflow/example_dags/example_trigger_controller_dag.py for tasks to queue
[2024-11-06T07:08:45.225+0000] {logging_mixin.py:188} INFO - [2024-11-06T07:08:45.225+0000] {dagbag.py:538} INFO - Filling up the DagBag from /home/airflow/.local/lib/python3.8/site-packages/airflow/example_dags/example_trigger_controller_dag.py
[2024-11-06T07:08:45.230+0000] {processor.py:840} INFO - DAG(s) 'example_trigger_controller_dag' retrieved from /home/airflow/.local/lib/python3.8/site-packages/airflow/example_dags/example_trigger_controller_dag.py
[2024-11-06T07:08:45.254+0000] {logging_mixin.py:188} INFO - [2024-11-06T07:08:45.254+0000] {dag.py:3036} INFO - Sync 1 DAGs
[2024-11-06T07:08:45.275+0000] {logging_mixin.py:188} INFO - [2024-11-06T07:08:45.275+0000] {dag.py:3823} INFO - Setting next_dagrun for example_trigger_controller_dag to 2021-01-01 00:00:00+00:00, run_after=2021-01-01 00:00:00+00:00
[2024-11-06T07:08:45.296+0000] {processor.py:183} INFO - Processing /home/airflow/.local/lib/python3.8/site-packages/airflow/example_dags/example_trigger_controller_dag.py took 0.077 seconds
[2024-11-06T07:09:15.726+0000] {processor.py:161} INFO - Started process (PID=1085) to work on /home/airflow/.local/lib/python3.8/site-packages/airflow/example_dags/example_trigger_controller_dag.py
[2024-11-06T07:09:15.727+0000] {processor.py:830} INFO - Processing file /home/airflow/.local/lib/python3.8/site-packages/airflow/example_dags/example_trigger_controller_dag.py for tasks to queue
[2024-11-06T07:09:15.728+0000] {logging_mixin.py:188} INFO - [2024-11-06T07:09:15.728+0000] {dagbag.py:538} INFO - Filling up the DagBag from /home/airflow/.local/lib/python3.8/site-packages/airflow/example_dags/example_trigger_controller_dag.py
[2024-11-06T07:09:15.732+0000] {processor.py:840} INFO - DAG(s) 'example_trigger_controller_dag' retrieved from /home/airflow/.local/lib/python3.8/site-packages/airflow/example_dags/example_trigger_controller_dag.py
[2024-11-06T07:09:15.747+0000] {logging_mixin.py:188} INFO - [2024-11-06T07:09:15.747+0000] {dag.py:3036} INFO - Sync 1 DAGs
[2024-11-06T07:09:15.764+0000] {logging_mixin.py:188} INFO - [2024-11-06T07:09:15.764+0000] {dag.py:3823} INFO - Setting next_dagrun for example_trigger_controller_dag to 2021-01-01 00:00:00+00:00, run_after=2021-01-01 00:00:00+00:00
[2024-11-06T07:09:15.788+0000] {processor.py:183} INFO - Processing /home/airflow/.local/lib/python3.8/site-packages/airflow/example_dags/example_trigger_controller_dag.py took 0.064 seconds
[2024-11-06T07:09:46.299+0000] {processor.py:161} INFO - Started process (PID=1142) to work on /home/airflow/.local/lib/python3.8/site-packages/airflow/example_dags/example_trigger_controller_dag.py
[2024-11-06T07:09:46.300+0000] {processor.py:830} INFO - Processing file /home/airflow/.local/lib/python3.8/site-packages/airflow/example_dags/example_trigger_controller_dag.py for tasks to queue
[2024-11-06T07:09:46.301+0000] {logging_mixin.py:188} INFO - [2024-11-06T07:09:46.301+0000] {dagbag.py:538} INFO - Filling up the DagBag from /home/airflow/.local/lib/python3.8/site-packages/airflow/example_dags/example_trigger_controller_dag.py
[2024-11-06T07:09:46.305+0000] {processor.py:840} INFO - DAG(s) 'example_trigger_controller_dag' retrieved from /home/airflow/.local/lib/python3.8/site-packages/airflow/example_dags/example_trigger_controller_dag.py
[2024-11-06T07:09:46.320+0000] {logging_mixin.py:188} INFO - [2024-11-06T07:09:46.320+0000] {dag.py:3036} INFO - Sync 1 DAGs
[2024-11-06T07:09:46.337+0000] {logging_mixin.py:188} INFO - [2024-11-06T07:09:46.337+0000] {dag.py:3823} INFO - Setting next_dagrun for example_trigger_controller_dag to 2021-01-01 00:00:00+00:00, run_after=2021-01-01 00:00:00+00:00
[2024-11-06T07:09:46.360+0000] {processor.py:183} INFO - Processing /home/airflow/.local/lib/python3.8/site-packages/airflow/example_dags/example_trigger_controller_dag.py took 0.063 seconds
[2024-11-06T07:10:16.904+0000] {processor.py:161} INFO - Started process (PID=1199) to work on /home/airflow/.local/lib/python3.8/site-packages/airflow/example_dags/example_trigger_controller_dag.py
[2024-11-06T07:10:16.904+0000] {processor.py:830} INFO - Processing file /home/airflow/.local/lib/python3.8/site-packages/airflow/example_dags/example_trigger_controller_dag.py for tasks to queue
[2024-11-06T07:10:16.906+0000] {logging_mixin.py:188} INFO - [2024-11-06T07:10:16.906+0000] {dagbag.py:538} INFO - Filling up the DagBag from /home/airflow/.local/lib/python3.8/site-packages/airflow/example_dags/example_trigger_controller_dag.py
[2024-11-06T07:10:16.909+0000] {processor.py:840} INFO - DAG(s) 'example_trigger_controller_dag' retrieved from /home/airflow/.local/lib/python3.8/site-packages/airflow/example_dags/example_trigger_controller_dag.py
[2024-11-06T07:10:16.927+0000] {logging_mixin.py:188} INFO - [2024-11-06T07:10:16.927+0000] {dag.py:3036} INFO - Sync 1 DAGs
[2024-11-06T07:10:16.947+0000] {logging_mixin.py:188} INFO - [2024-11-06T07:10:16.947+0000] {dag.py:3823} INFO - Setting next_dagrun for example_trigger_controller_dag to 2021-01-01 00:00:00+00:00, run_after=2021-01-01 00:00:00+00:00
[2024-11-06T07:10:16.966+0000] {processor.py:183} INFO - Processing /home/airflow/.local/lib/python3.8/site-packages/airflow/example_dags/example_trigger_controller_dag.py took 0.064 seconds
[2024-11-06T07:10:47.252+0000] {processor.py:161} INFO - Started process (PID=1256) to work on /home/airflow/.local/lib/python3.8/site-packages/airflow/example_dags/example_trigger_controller_dag.py
[2024-11-06T07:10:47.253+0000] {processor.py:830} INFO - Processing file /home/airflow/.local/lib/python3.8/site-packages/airflow/example_dags/example_trigger_controller_dag.py for tasks to queue
[2024-11-06T07:10:47.254+0000] {logging_mixin.py:188} INFO - [2024-11-06T07:10:47.254+0000] {dagbag.py:538} INFO - Filling up the DagBag from /home/airflow/.local/lib/python3.8/site-packages/airflow/example_dags/example_trigger_controller_dag.py
[2024-11-06T07:10:47.258+0000] {processor.py:840} INFO - DAG(s) 'example_trigger_controller_dag' retrieved from /home/airflow/.local/lib/python3.8/site-packages/airflow/example_dags/example_trigger_controller_dag.py
[2024-11-06T07:10:47.273+0000] {logging_mixin.py:188} INFO - [2024-11-06T07:10:47.273+0000] {dag.py:3036} INFO - Sync 1 DAGs
[2024-11-06T07:10:47.289+0000] {logging_mixin.py:188} INFO - [2024-11-06T07:10:47.289+0000] {dag.py:3823} INFO - Setting next_dagrun for example_trigger_controller_dag to 2021-01-01 00:00:00+00:00, run_after=2021-01-01 00:00:00+00:00
[2024-11-06T07:10:47.311+0000] {processor.py:183} INFO - Processing /home/airflow/.local/lib/python3.8/site-packages/airflow/example_dags/example_trigger_controller_dag.py took 0.061 seconds
[2024-11-06T07:11:18.000+0000] {processor.py:161} INFO - Started process (PID=1313) to work on /home/airflow/.local/lib/python3.8/site-packages/airflow/example_dags/example_trigger_controller_dag.py
[2024-11-06T07:11:18.001+0000] {processor.py:830} INFO - Processing file /home/airflow/.local/lib/python3.8/site-packages/airflow/example_dags/example_trigger_controller_dag.py for tasks to queue
[2024-11-06T07:11:18.003+0000] {logging_mixin.py:188} INFO - [2024-11-06T07:11:18.003+0000] {dagbag.py:538} INFO - Filling up the DagBag from /home/airflow/.local/lib/python3.8/site-packages/airflow/example_dags/example_trigger_controller_dag.py
[2024-11-06T07:11:18.010+0000] {processor.py:840} INFO - DAG(s) 'example_trigger_controller_dag' retrieved from /home/airflow/.local/lib/python3.8/site-packages/airflow/example_dags/example_trigger_controller_dag.py
[2024-11-06T07:11:18.031+0000] {logging_mixin.py:188} INFO - [2024-11-06T07:11:18.030+0000] {dag.py:3036} INFO - Sync 1 DAGs
[2024-11-06T07:11:18.048+0000] {logging_mixin.py:188} INFO - [2024-11-06T07:11:18.048+0000] {dag.py:3823} INFO - Setting next_dagrun for example_trigger_controller_dag to 2021-01-01 00:00:00+00:00, run_after=2021-01-01 00:00:00+00:00
[2024-11-06T07:11:18.100+0000] {processor.py:183} INFO - Processing /home/airflow/.local/lib/python3.8/site-packages/airflow/example_dags/example_trigger_controller_dag.py took 0.104 seconds
[2024-11-06T07:11:48.189+0000] {processor.py:161} INFO - Started process (PID=1370) to work on /home/airflow/.local/lib/python3.8/site-packages/airflow/example_dags/example_trigger_controller_dag.py
[2024-11-06T07:11:48.190+0000] {processor.py:830} INFO - Processing file /home/airflow/.local/lib/python3.8/site-packages/airflow/example_dags/example_trigger_controller_dag.py for tasks to queue
[2024-11-06T07:11:48.191+0000] {logging_mixin.py:188} INFO - [2024-11-06T07:11:48.191+0000] {dagbag.py:538} INFO - Filling up the DagBag from /home/airflow/.local/lib/python3.8/site-packages/airflow/example_dags/example_trigger_controller_dag.py
[2024-11-06T07:11:48.195+0000] {processor.py:840} INFO - DAG(s) 'example_trigger_controller_dag' retrieved from /home/airflow/.local/lib/python3.8/site-packages/airflow/example_dags/example_trigger_controller_dag.py
[2024-11-06T07:11:48.210+0000] {logging_mixin.py:188} INFO - [2024-11-06T07:11:48.210+0000] {dag.py:3036} INFO - Sync 1 DAGs
[2024-11-06T07:11:48.230+0000] {logging_mixin.py:188} INFO - [2024-11-06T07:11:48.230+0000] {dag.py:3823} INFO - Setting next_dagrun for example_trigger_controller_dag to 2021-01-01 00:00:00+00:00, run_after=2021-01-01 00:00:00+00:00
[2024-11-06T07:11:48.255+0000] {processor.py:183} INFO - Processing /home/airflow/.local/lib/python3.8/site-packages/airflow/example_dags/example_trigger_controller_dag.py took 0.068 seconds
[2024-11-06T07:12:19.076+0000] {processor.py:161} INFO - Started process (PID=1427) to work on /home/airflow/.local/lib/python3.8/site-packages/airflow/example_dags/example_trigger_controller_dag.py
[2024-11-06T07:12:19.078+0000] {processor.py:830} INFO - Processing file /home/airflow/.local/lib/python3.8/site-packages/airflow/example_dags/example_trigger_controller_dag.py for tasks to queue
[2024-11-06T07:12:19.080+0000] {logging_mixin.py:188} INFO - [2024-11-06T07:12:19.080+0000] {dagbag.py:538} INFO - Filling up the DagBag from /home/airflow/.local/lib/python3.8/site-packages/airflow/example_dags/example_trigger_controller_dag.py
[2024-11-06T07:12:19.085+0000] {processor.py:840} INFO - DAG(s) 'example_trigger_controller_dag' retrieved from /home/airflow/.local/lib/python3.8/site-packages/airflow/example_dags/example_trigger_controller_dag.py
[2024-11-06T07:12:19.106+0000] {logging_mixin.py:188} INFO - [2024-11-06T07:12:19.105+0000] {dag.py:3036} INFO - Sync 1 DAGs
[2024-11-06T07:12:19.130+0000] {logging_mixin.py:188} INFO - [2024-11-06T07:12:19.129+0000] {dag.py:3823} INFO - Setting next_dagrun for example_trigger_controller_dag to 2021-01-01 00:00:00+00:00, run_after=2021-01-01 00:00:00+00:00
[2024-11-06T07:12:19.176+0000] {processor.py:183} INFO - Processing /home/airflow/.local/lib/python3.8/site-packages/airflow/example_dags/example_trigger_controller_dag.py took 0.104 seconds
[2024-11-06T07:14:10.209+0000] {processor.py:161} INFO - Started process (PID=99) to work on /home/airflow/.local/lib/python3.8/site-packages/airflow/example_dags/example_trigger_controller_dag.py
[2024-11-06T07:14:10.210+0000] {processor.py:830} INFO - Processing file /home/airflow/.local/lib/python3.8/site-packages/airflow/example_dags/example_trigger_controller_dag.py for tasks to queue
[2024-11-06T07:14:10.226+0000] {logging_mixin.py:188} INFO - [2024-11-06T07:14:10.226+0000] {dagbag.py:538} INFO - Filling up the DagBag from /home/airflow/.local/lib/python3.8/site-packages/airflow/example_dags/example_trigger_controller_dag.py
[2024-11-06T07:14:10.245+0000] {processor.py:840} INFO - DAG(s) 'example_trigger_controller_dag' retrieved from /home/airflow/.local/lib/python3.8/site-packages/airflow/example_dags/example_trigger_controller_dag.py
[2024-11-06T07:14:10.646+0000] {logging_mixin.py:188} INFO - [2024-11-06T07:14:10.646+0000] {dag.py:3036} INFO - Sync 1 DAGs
[2024-11-06T07:14:10.690+0000] {logging_mixin.py:188} INFO - [2024-11-06T07:14:10.689+0000] {dag.py:3823} INFO - Setting next_dagrun for example_trigger_controller_dag to 2021-01-01 00:00:00+00:00, run_after=2021-01-01 00:00:00+00:00
[2024-11-06T07:14:10.730+0000] {processor.py:183} INFO - Processing /home/airflow/.local/lib/python3.8/site-packages/airflow/example_dags/example_trigger_controller_dag.py took 0.533 seconds
[2024-11-06T07:14:41.686+0000] {processor.py:161} INFO - Started process (PID=156) to work on /home/airflow/.local/lib/python3.8/site-packages/airflow/example_dags/example_trigger_controller_dag.py
[2024-11-06T07:14:41.687+0000] {processor.py:830} INFO - Processing file /home/airflow/.local/lib/python3.8/site-packages/airflow/example_dags/example_trigger_controller_dag.py for tasks to queue
[2024-11-06T07:14:41.688+0000] {logging_mixin.py:188} INFO - [2024-11-06T07:14:41.688+0000] {dagbag.py:538} INFO - Filling up the DagBag from /home/airflow/.local/lib/python3.8/site-packages/airflow/example_dags/example_trigger_controller_dag.py
[2024-11-06T07:14:41.693+0000] {processor.py:840} INFO - DAG(s) 'example_trigger_controller_dag' retrieved from /home/airflow/.local/lib/python3.8/site-packages/airflow/example_dags/example_trigger_controller_dag.py
[2024-11-06T07:14:41.715+0000] {logging_mixin.py:188} INFO - [2024-11-06T07:14:41.715+0000] {dag.py:3036} INFO - Sync 1 DAGs
[2024-11-06T07:14:41.739+0000] {logging_mixin.py:188} INFO - [2024-11-06T07:14:41.738+0000] {dag.py:3823} INFO - Setting next_dagrun for example_trigger_controller_dag to 2021-01-01 00:00:00+00:00, run_after=2021-01-01 00:00:00+00:00
[2024-11-06T07:14:41.764+0000] {processor.py:183} INFO - Processing /home/airflow/.local/lib/python3.8/site-packages/airflow/example_dags/example_trigger_controller_dag.py took 0.082 seconds
[2024-11-06T07:15:12.665+0000] {processor.py:161} INFO - Started process (PID=220) to work on /home/airflow/.local/lib/python3.8/site-packages/airflow/example_dags/example_trigger_controller_dag.py
[2024-11-06T07:15:12.666+0000] {processor.py:830} INFO - Processing file /home/airflow/.local/lib/python3.8/site-packages/airflow/example_dags/example_trigger_controller_dag.py for tasks to queue
[2024-11-06T07:15:12.668+0000] {logging_mixin.py:188} INFO - [2024-11-06T07:15:12.668+0000] {dagbag.py:538} INFO - Filling up the DagBag from /home/airflow/.local/lib/python3.8/site-packages/airflow/example_dags/example_trigger_controller_dag.py
[2024-11-06T07:15:12.673+0000] {processor.py:840} INFO - DAG(s) 'example_trigger_controller_dag' retrieved from /home/airflow/.local/lib/python3.8/site-packages/airflow/example_dags/example_trigger_controller_dag.py
[2024-11-06T07:15:12.695+0000] {logging_mixin.py:188} INFO - [2024-11-06T07:15:12.694+0000] {dag.py:3036} INFO - Sync 1 DAGs
[2024-11-06T07:15:12.719+0000] {logging_mixin.py:188} INFO - [2024-11-06T07:15:12.719+0000] {dag.py:3823} INFO - Setting next_dagrun for example_trigger_controller_dag to 2021-01-01 00:00:00+00:00, run_after=2021-01-01 00:00:00+00:00
[2024-11-06T07:15:12.742+0000] {processor.py:183} INFO - Processing /home/airflow/.local/lib/python3.8/site-packages/airflow/example_dags/example_trigger_controller_dag.py took 0.080 seconds
