[2024-11-06T07:00:26.617+0000] {processor.py:161} INFO - Started process (PID=77) to work on /home/airflow/.local/lib/python3.8/site-packages/airflow/example_dags/example_latest_only.py
[2024-11-06T07:00:26.618+0000] {processor.py:830} INFO - Processing file /home/airflow/.local/lib/python3.8/site-packages/airflow/example_dags/example_latest_only.py for tasks to queue
[2024-11-06T07:00:26.626+0000] {logging_mixin.py:188} INFO - [2024-11-06T07:00:26.623+0000] {dagbag.py:538} INFO - Filling up the DagBag from /home/airflow/.local/lib/python3.8/site-packages/airflow/example_dags/example_latest_only.py
[2024-11-06T07:00:26.658+0000] {processor.py:840} INFO - DAG(s) 'latest_only' retrieved from /home/airflow/.local/lib/python3.8/site-packages/airflow/example_dags/example_latest_only.py
[2024-11-06T07:00:26.979+0000] {logging_mixin.py:188} INFO - [2024-11-06T07:00:26.978+0000] {dag.py:3036} INFO - Sync 1 DAGs
[2024-11-06T07:00:27.007+0000] {logging_mixin.py:188} INFO - [2024-11-06T07:00:27.007+0000] {dag.py:3823} INFO - Setting next_dagrun for latest_only to 2024-11-06 00:00:00+00:00, run_after=2024-11-06 04:00:00+00:00
[2024-11-06T07:00:27.226+0000] {processor.py:183} INFO - Processing /home/airflow/.local/lib/python3.8/site-packages/airflow/example_dags/example_latest_only.py took 0.617 seconds
[2024-11-06T07:00:57.921+0000] {processor.py:161} INFO - Started process (PID=134) to work on /home/airflow/.local/lib/python3.8/site-packages/airflow/example_dags/example_latest_only.py
[2024-11-06T07:00:57.923+0000] {processor.py:830} INFO - Processing file /home/airflow/.local/lib/python3.8/site-packages/airflow/example_dags/example_latest_only.py for tasks to queue
[2024-11-06T07:00:57.925+0000] {logging_mixin.py:188} INFO - [2024-11-06T07:00:57.925+0000] {dagbag.py:538} INFO - Filling up the DagBag from /home/airflow/.local/lib/python3.8/site-packages/airflow/example_dags/example_latest_only.py
[2024-11-06T07:00:57.931+0000] {processor.py:840} INFO - DAG(s) 'latest_only' retrieved from /home/airflow/.local/lib/python3.8/site-packages/airflow/example_dags/example_latest_only.py
[2024-11-06T07:00:57.955+0000] {logging_mixin.py:188} INFO - [2024-11-06T07:00:57.955+0000] {dag.py:3036} INFO - Sync 1 DAGs
[2024-11-06T07:00:57.982+0000] {logging_mixin.py:188} INFO - [2024-11-06T07:00:57.982+0000] {dag.py:3823} INFO - Setting next_dagrun for latest_only to 2024-11-06 00:00:00+00:00, run_after=2024-11-06 04:00:00+00:00
[2024-11-06T07:00:58.009+0000] {processor.py:183} INFO - Processing /home/airflow/.local/lib/python3.8/site-packages/airflow/example_dags/example_latest_only.py took 0.091 seconds
[2024-11-06T07:01:28.450+0000] {processor.py:161} INFO - Started process (PID=192) to work on /home/airflow/.local/lib/python3.8/site-packages/airflow/example_dags/example_latest_only.py
[2024-11-06T07:01:28.451+0000] {processor.py:830} INFO - Processing file /home/airflow/.local/lib/python3.8/site-packages/airflow/example_dags/example_latest_only.py for tasks to queue
[2024-11-06T07:01:28.453+0000] {logging_mixin.py:188} INFO - [2024-11-06T07:01:28.452+0000] {dagbag.py:538} INFO - Filling up the DagBag from /home/airflow/.local/lib/python3.8/site-packages/airflow/example_dags/example_latest_only.py
[2024-11-06T07:01:28.458+0000] {processor.py:840} INFO - DAG(s) 'latest_only' retrieved from /home/airflow/.local/lib/python3.8/site-packages/airflow/example_dags/example_latest_only.py
[2024-11-06T07:01:28.480+0000] {logging_mixin.py:188} INFO - [2024-11-06T07:01:28.480+0000] {dag.py:3036} INFO - Sync 1 DAGs
[2024-11-06T07:01:28.506+0000] {logging_mixin.py:188} INFO - [2024-11-06T07:01:28.505+0000] {dag.py:3823} INFO - Setting next_dagrun for latest_only to 2024-11-06 00:00:00+00:00, run_after=2024-11-06 04:00:00+00:00
[2024-11-06T07:01:28.548+0000] {processor.py:183} INFO - Processing /home/airflow/.local/lib/python3.8/site-packages/airflow/example_dags/example_latest_only.py took 0.101 seconds
[2024-11-06T07:01:58.652+0000] {processor.py:161} INFO - Started process (PID=250) to work on /home/airflow/.local/lib/python3.8/site-packages/airflow/example_dags/example_latest_only.py
[2024-11-06T07:01:58.653+0000] {processor.py:830} INFO - Processing file /home/airflow/.local/lib/python3.8/site-packages/airflow/example_dags/example_latest_only.py for tasks to queue
[2024-11-06T07:01:58.654+0000] {logging_mixin.py:188} INFO - [2024-11-06T07:01:58.654+0000] {dagbag.py:538} INFO - Filling up the DagBag from /home/airflow/.local/lib/python3.8/site-packages/airflow/example_dags/example_latest_only.py
[2024-11-06T07:01:58.659+0000] {processor.py:840} INFO - DAG(s) 'latest_only' retrieved from /home/airflow/.local/lib/python3.8/site-packages/airflow/example_dags/example_latest_only.py
[2024-11-06T07:01:58.687+0000] {logging_mixin.py:188} INFO - [2024-11-06T07:01:58.687+0000] {dag.py:3036} INFO - Sync 1 DAGs
[2024-11-06T07:01:58.713+0000] {logging_mixin.py:188} INFO - [2024-11-06T07:01:58.712+0000] {dag.py:3823} INFO - Setting next_dagrun for latest_only to 2024-11-06 00:00:00+00:00, run_after=2024-11-06 04:00:00+00:00
[2024-11-06T07:01:58.766+0000] {processor.py:183} INFO - Processing /home/airflow/.local/lib/python3.8/site-packages/airflow/example_dags/example_latest_only.py took 0.118 seconds
[2024-11-06T07:02:29.487+0000] {processor.py:161} INFO - Started process (PID=307) to work on /home/airflow/.local/lib/python3.8/site-packages/airflow/example_dags/example_latest_only.py
[2024-11-06T07:02:29.488+0000] {processor.py:830} INFO - Processing file /home/airflow/.local/lib/python3.8/site-packages/airflow/example_dags/example_latest_only.py for tasks to queue
[2024-11-06T07:02:29.490+0000] {logging_mixin.py:188} INFO - [2024-11-06T07:02:29.490+0000] {dagbag.py:538} INFO - Filling up the DagBag from /home/airflow/.local/lib/python3.8/site-packages/airflow/example_dags/example_latest_only.py
[2024-11-06T07:02:29.495+0000] {processor.py:840} INFO - DAG(s) 'latest_only' retrieved from /home/airflow/.local/lib/python3.8/site-packages/airflow/example_dags/example_latest_only.py
[2024-11-06T07:02:29.518+0000] {logging_mixin.py:188} INFO - [2024-11-06T07:02:29.517+0000] {dag.py:3036} INFO - Sync 1 DAGs
[2024-11-06T07:02:29.544+0000] {logging_mixin.py:188} INFO - [2024-11-06T07:02:29.543+0000] {dag.py:3823} INFO - Setting next_dagrun for latest_only to 2024-11-06 00:00:00+00:00, run_after=2024-11-06 04:00:00+00:00
[2024-11-06T07:02:29.568+0000] {processor.py:183} INFO - Processing /home/airflow/.local/lib/python3.8/site-packages/airflow/example_dags/example_latest_only.py took 0.083 seconds
[2024-11-06T07:02:59.805+0000] {processor.py:161} INFO - Started process (PID=365) to work on /home/airflow/.local/lib/python3.8/site-packages/airflow/example_dags/example_latest_only.py
[2024-11-06T07:02:59.808+0000] {processor.py:830} INFO - Processing file /home/airflow/.local/lib/python3.8/site-packages/airflow/example_dags/example_latest_only.py for tasks to queue
[2024-11-06T07:02:59.810+0000] {logging_mixin.py:188} INFO - [2024-11-06T07:02:59.810+0000] {dagbag.py:538} INFO - Filling up the DagBag from /home/airflow/.local/lib/python3.8/site-packages/airflow/example_dags/example_latest_only.py
[2024-11-06T07:02:59.817+0000] {processor.py:840} INFO - DAG(s) 'latest_only' retrieved from /home/airflow/.local/lib/python3.8/site-packages/airflow/example_dags/example_latest_only.py
[2024-11-06T07:02:59.879+0000] {logging_mixin.py:188} INFO - [2024-11-06T07:02:59.879+0000] {dag.py:3036} INFO - Sync 1 DAGs
[2024-11-06T07:02:59.920+0000] {logging_mixin.py:188} INFO - [2024-11-06T07:02:59.920+0000] {dag.py:3823} INFO - Setting next_dagrun for latest_only to 2024-11-06 00:00:00+00:00, run_after=2024-11-06 04:00:00+00:00
[2024-11-06T07:02:59.970+0000] {processor.py:183} INFO - Processing /home/airflow/.local/lib/python3.8/site-packages/airflow/example_dags/example_latest_only.py took 0.169 seconds
[2024-11-06T07:03:30.727+0000] {processor.py:161} INFO - Started process (PID=423) to work on /home/airflow/.local/lib/python3.8/site-packages/airflow/example_dags/example_latest_only.py
[2024-11-06T07:03:30.730+0000] {processor.py:830} INFO - Processing file /home/airflow/.local/lib/python3.8/site-packages/airflow/example_dags/example_latest_only.py for tasks to queue
[2024-11-06T07:03:30.733+0000] {logging_mixin.py:188} INFO - [2024-11-06T07:03:30.732+0000] {dagbag.py:538} INFO - Filling up the DagBag from /home/airflow/.local/lib/python3.8/site-packages/airflow/example_dags/example_latest_only.py
[2024-11-06T07:03:30.744+0000] {processor.py:840} INFO - DAG(s) 'latest_only' retrieved from /home/airflow/.local/lib/python3.8/site-packages/airflow/example_dags/example_latest_only.py
[2024-11-06T07:03:30.791+0000] {logging_mixin.py:188} INFO - [2024-11-06T07:03:30.790+0000] {dag.py:3036} INFO - Sync 1 DAGs
[2024-11-06T07:03:30.832+0000] {logging_mixin.py:188} INFO - [2024-11-06T07:03:30.832+0000] {dag.py:3823} INFO - Setting next_dagrun for latest_only to 2024-11-06 00:00:00+00:00, run_after=2024-11-06 04:00:00+00:00
[2024-11-06T07:03:30.890+0000] {processor.py:183} INFO - Processing /home/airflow/.local/lib/python3.8/site-packages/airflow/example_dags/example_latest_only.py took 0.168 seconds
[2024-11-06T07:04:01.844+0000] {processor.py:161} INFO - Started process (PID=480) to work on /home/airflow/.local/lib/python3.8/site-packages/airflow/example_dags/example_latest_only.py
[2024-11-06T07:04:01.847+0000] {processor.py:830} INFO - Processing file /home/airflow/.local/lib/python3.8/site-packages/airflow/example_dags/example_latest_only.py for tasks to queue
[2024-11-06T07:04:01.849+0000] {logging_mixin.py:188} INFO - [2024-11-06T07:04:01.849+0000] {dagbag.py:538} INFO - Filling up the DagBag from /home/airflow/.local/lib/python3.8/site-packages/airflow/example_dags/example_latest_only.py
[2024-11-06T07:04:01.856+0000] {processor.py:840} INFO - DAG(s) 'latest_only' retrieved from /home/airflow/.local/lib/python3.8/site-packages/airflow/example_dags/example_latest_only.py
[2024-11-06T07:04:01.881+0000] {logging_mixin.py:188} INFO - [2024-11-06T07:04:01.880+0000] {dag.py:3036} INFO - Sync 1 DAGs
[2024-11-06T07:04:01.911+0000] {logging_mixin.py:188} INFO - [2024-11-06T07:04:01.910+0000] {dag.py:3823} INFO - Setting next_dagrun for latest_only to 2024-11-06 00:00:00+00:00, run_after=2024-11-06 04:00:00+00:00
[2024-11-06T07:04:01.939+0000] {processor.py:183} INFO - Processing /home/airflow/.local/lib/python3.8/site-packages/airflow/example_dags/example_latest_only.py took 0.099 seconds
[2024-11-06T07:04:32.075+0000] {processor.py:161} INFO - Started process (PID=538) to work on /home/airflow/.local/lib/python3.8/site-packages/airflow/example_dags/example_latest_only.py
[2024-11-06T07:04:32.076+0000] {processor.py:830} INFO - Processing file /home/airflow/.local/lib/python3.8/site-packages/airflow/example_dags/example_latest_only.py for tasks to queue
[2024-11-06T07:04:32.078+0000] {logging_mixin.py:188} INFO - [2024-11-06T07:04:32.077+0000] {dagbag.py:538} INFO - Filling up the DagBag from /home/airflow/.local/lib/python3.8/site-packages/airflow/example_dags/example_latest_only.py
[2024-11-06T07:04:32.091+0000] {processor.py:840} INFO - DAG(s) 'latest_only' retrieved from /home/airflow/.local/lib/python3.8/site-packages/airflow/example_dags/example_latest_only.py
[2024-11-06T07:04:32.176+0000] {logging_mixin.py:188} INFO - [2024-11-06T07:04:32.176+0000] {dag.py:3036} INFO - Sync 1 DAGs
[2024-11-06T07:04:32.206+0000] {logging_mixin.py:188} INFO - [2024-11-06T07:04:32.206+0000] {dag.py:3823} INFO - Setting next_dagrun for latest_only to 2024-11-06 00:00:00+00:00, run_after=2024-11-06 04:00:00+00:00
[2024-11-06T07:04:32.235+0000] {processor.py:183} INFO - Processing /home/airflow/.local/lib/python3.8/site-packages/airflow/example_dags/example_latest_only.py took 0.168 seconds
[2024-11-06T07:05:02.445+0000] {processor.py:161} INFO - Started process (PID=595) to work on /home/airflow/.local/lib/python3.8/site-packages/airflow/example_dags/example_latest_only.py
[2024-11-06T07:05:02.446+0000] {processor.py:830} INFO - Processing file /home/airflow/.local/lib/python3.8/site-packages/airflow/example_dags/example_latest_only.py for tasks to queue
[2024-11-06T07:05:02.448+0000] {logging_mixin.py:188} INFO - [2024-11-06T07:05:02.448+0000] {dagbag.py:538} INFO - Filling up the DagBag from /home/airflow/.local/lib/python3.8/site-packages/airflow/example_dags/example_latest_only.py
[2024-11-06T07:05:02.454+0000] {processor.py:840} INFO - DAG(s) 'latest_only' retrieved from /home/airflow/.local/lib/python3.8/site-packages/airflow/example_dags/example_latest_only.py
[2024-11-06T07:05:02.476+0000] {logging_mixin.py:188} INFO - [2024-11-06T07:05:02.476+0000] {dag.py:3036} INFO - Sync 1 DAGs
[2024-11-06T07:05:02.505+0000] {logging_mixin.py:188} INFO - [2024-11-06T07:05:02.505+0000] {dag.py:3823} INFO - Setting next_dagrun for latest_only to 2024-11-06 00:00:00+00:00, run_after=2024-11-06 04:00:00+00:00
[2024-11-06T07:05:02.530+0000] {processor.py:183} INFO - Processing /home/airflow/.local/lib/python3.8/site-packages/airflow/example_dags/example_latest_only.py took 0.091 seconds
[2024-11-06T07:05:32.575+0000] {processor.py:161} INFO - Started process (PID=652) to work on /home/airflow/.local/lib/python3.8/site-packages/airflow/example_dags/example_latest_only.py
[2024-11-06T07:05:32.576+0000] {processor.py:830} INFO - Processing file /home/airflow/.local/lib/python3.8/site-packages/airflow/example_dags/example_latest_only.py for tasks to queue
[2024-11-06T07:05:32.578+0000] {logging_mixin.py:188} INFO - [2024-11-06T07:05:32.578+0000] {dagbag.py:538} INFO - Filling up the DagBag from /home/airflow/.local/lib/python3.8/site-packages/airflow/example_dags/example_latest_only.py
[2024-11-06T07:05:32.584+0000] {processor.py:840} INFO - DAG(s) 'latest_only' retrieved from /home/airflow/.local/lib/python3.8/site-packages/airflow/example_dags/example_latest_only.py
[2024-11-06T07:05:32.608+0000] {logging_mixin.py:188} INFO - [2024-11-06T07:05:32.607+0000] {dag.py:3036} INFO - Sync 1 DAGs
[2024-11-06T07:05:32.633+0000] {logging_mixin.py:188} INFO - [2024-11-06T07:05:32.633+0000] {dag.py:3823} INFO - Setting next_dagrun for latest_only to 2024-11-06 00:00:00+00:00, run_after=2024-11-06 04:00:00+00:00
[2024-11-06T07:05:32.674+0000] {processor.py:183} INFO - Processing /home/airflow/.local/lib/python3.8/site-packages/airflow/example_dags/example_latest_only.py took 0.103 seconds
[2024-11-06T07:06:02.991+0000] {processor.py:161} INFO - Started process (PID=709) to work on /home/airflow/.local/lib/python3.8/site-packages/airflow/example_dags/example_latest_only.py
[2024-11-06T07:06:02.992+0000] {processor.py:830} INFO - Processing file /home/airflow/.local/lib/python3.8/site-packages/airflow/example_dags/example_latest_only.py for tasks to queue
[2024-11-06T07:06:02.993+0000] {logging_mixin.py:188} INFO - [2024-11-06T07:06:02.993+0000] {dagbag.py:538} INFO - Filling up the DagBag from /home/airflow/.local/lib/python3.8/site-packages/airflow/example_dags/example_latest_only.py
[2024-11-06T07:06:03.001+0000] {processor.py:840} INFO - DAG(s) 'latest_only' retrieved from /home/airflow/.local/lib/python3.8/site-packages/airflow/example_dags/example_latest_only.py
[2024-11-06T07:06:03.035+0000] {logging_mixin.py:188} INFO - [2024-11-06T07:06:03.035+0000] {dag.py:3036} INFO - Sync 1 DAGs
[2024-11-06T07:06:03.059+0000] {logging_mixin.py:188} INFO - [2024-11-06T07:06:03.058+0000] {dag.py:3823} INFO - Setting next_dagrun for latest_only to 2024-11-06 00:00:00+00:00, run_after=2024-11-06 04:00:00+00:00
[2024-11-06T07:06:03.082+0000] {processor.py:183} INFO - Processing /home/airflow/.local/lib/python3.8/site-packages/airflow/example_dags/example_latest_only.py took 0.095 seconds
[2024-11-06T07:06:33.704+0000] {processor.py:161} INFO - Started process (PID=766) to work on /home/airflow/.local/lib/python3.8/site-packages/airflow/example_dags/example_latest_only.py
[2024-11-06T07:06:33.705+0000] {processor.py:830} INFO - Processing file /home/airflow/.local/lib/python3.8/site-packages/airflow/example_dags/example_latest_only.py for tasks to queue
[2024-11-06T07:06:33.707+0000] {logging_mixin.py:188} INFO - [2024-11-06T07:06:33.707+0000] {dagbag.py:538} INFO - Filling up the DagBag from /home/airflow/.local/lib/python3.8/site-packages/airflow/example_dags/example_latest_only.py
[2024-11-06T07:06:33.712+0000] {processor.py:840} INFO - DAG(s) 'latest_only' retrieved from /home/airflow/.local/lib/python3.8/site-packages/airflow/example_dags/example_latest_only.py
[2024-11-06T07:06:33.734+0000] {logging_mixin.py:188} INFO - [2024-11-06T07:06:33.734+0000] {dag.py:3036} INFO - Sync 1 DAGs
[2024-11-06T07:06:33.760+0000] {logging_mixin.py:188} INFO - [2024-11-06T07:06:33.760+0000] {dag.py:3823} INFO - Setting next_dagrun for latest_only to 2024-11-06 00:00:00+00:00, run_after=2024-11-06 04:00:00+00:00
[2024-11-06T07:06:33.784+0000] {processor.py:183} INFO - Processing /home/airflow/.local/lib/python3.8/site-packages/airflow/example_dags/example_latest_only.py took 0.083 seconds
[2024-11-06T07:07:04.392+0000] {processor.py:161} INFO - Started process (PID=824) to work on /home/airflow/.local/lib/python3.8/site-packages/airflow/example_dags/example_latest_only.py
[2024-11-06T07:07:04.393+0000] {processor.py:830} INFO - Processing file /home/airflow/.local/lib/python3.8/site-packages/airflow/example_dags/example_latest_only.py for tasks to queue
[2024-11-06T07:07:04.395+0000] {logging_mixin.py:188} INFO - [2024-11-06T07:07:04.394+0000] {dagbag.py:538} INFO - Filling up the DagBag from /home/airflow/.local/lib/python3.8/site-packages/airflow/example_dags/example_latest_only.py
[2024-11-06T07:07:04.399+0000] {processor.py:840} INFO - DAG(s) 'latest_only' retrieved from /home/airflow/.local/lib/python3.8/site-packages/airflow/example_dags/example_latest_only.py
[2024-11-06T07:07:04.422+0000] {logging_mixin.py:188} INFO - [2024-11-06T07:07:04.422+0000] {dag.py:3036} INFO - Sync 1 DAGs
[2024-11-06T07:07:04.448+0000] {logging_mixin.py:188} INFO - [2024-11-06T07:07:04.448+0000] {dag.py:3823} INFO - Setting next_dagrun for latest_only to 2024-11-06 00:00:00+00:00, run_after=2024-11-06 04:00:00+00:00
[2024-11-06T07:07:04.472+0000] {processor.py:183} INFO - Processing /home/airflow/.local/lib/python3.8/site-packages/airflow/example_dags/example_latest_only.py took 0.083 seconds
[2024-11-06T07:07:35.146+0000] {processor.py:161} INFO - Started process (PID=881) to work on /home/airflow/.local/lib/python3.8/site-packages/airflow/example_dags/example_latest_only.py
[2024-11-06T07:07:35.147+0000] {processor.py:830} INFO - Processing file /home/airflow/.local/lib/python3.8/site-packages/airflow/example_dags/example_latest_only.py for tasks to queue
[2024-11-06T07:07:35.149+0000] {logging_mixin.py:188} INFO - [2024-11-06T07:07:35.148+0000] {dagbag.py:538} INFO - Filling up the DagBag from /home/airflow/.local/lib/python3.8/site-packages/airflow/example_dags/example_latest_only.py
[2024-11-06T07:07:35.154+0000] {processor.py:840} INFO - DAG(s) 'latest_only' retrieved from /home/airflow/.local/lib/python3.8/site-packages/airflow/example_dags/example_latest_only.py
[2024-11-06T07:07:35.179+0000] {logging_mixin.py:188} INFO - [2024-11-06T07:07:35.178+0000] {dag.py:3036} INFO - Sync 1 DAGs
[2024-11-06T07:07:35.205+0000] {logging_mixin.py:188} INFO - [2024-11-06T07:07:35.205+0000] {dag.py:3823} INFO - Setting next_dagrun for latest_only to 2024-11-06 00:00:00+00:00, run_after=2024-11-06 04:00:00+00:00
[2024-11-06T07:07:35.255+0000] {processor.py:183} INFO - Processing /home/airflow/.local/lib/python3.8/site-packages/airflow/example_dags/example_latest_only.py took 0.112 seconds
[2024-11-06T07:08:05.337+0000] {processor.py:161} INFO - Started process (PID=939) to work on /home/airflow/.local/lib/python3.8/site-packages/airflow/example_dags/example_latest_only.py
[2024-11-06T07:08:05.338+0000] {processor.py:830} INFO - Processing file /home/airflow/.local/lib/python3.8/site-packages/airflow/example_dags/example_latest_only.py for tasks to queue
[2024-11-06T07:08:05.340+0000] {logging_mixin.py:188} INFO - [2024-11-06T07:08:05.340+0000] {dagbag.py:538} INFO - Filling up the DagBag from /home/airflow/.local/lib/python3.8/site-packages/airflow/example_dags/example_latest_only.py
[2024-11-06T07:08:05.345+0000] {processor.py:840} INFO - DAG(s) 'latest_only' retrieved from /home/airflow/.local/lib/python3.8/site-packages/airflow/example_dags/example_latest_only.py
[2024-11-06T07:08:05.367+0000] {logging_mixin.py:188} INFO - [2024-11-06T07:08:05.367+0000] {dag.py:3036} INFO - Sync 1 DAGs
[2024-11-06T07:08:05.409+0000] {logging_mixin.py:188} INFO - [2024-11-06T07:08:05.409+0000] {dag.py:3823} INFO - Setting next_dagrun for latest_only to 2024-11-06 00:00:00+00:00, run_after=2024-11-06 04:00:00+00:00
[2024-11-06T07:08:05.446+0000] {processor.py:183} INFO - Processing /home/airflow/.local/lib/python3.8/site-packages/airflow/example_dags/example_latest_only.py took 0.112 seconds
[2024-11-06T07:08:35.638+0000] {processor.py:161} INFO - Started process (PID=997) to work on /home/airflow/.local/lib/python3.8/site-packages/airflow/example_dags/example_latest_only.py
[2024-11-06T07:08:35.643+0000] {processor.py:830} INFO - Processing file /home/airflow/.local/lib/python3.8/site-packages/airflow/example_dags/example_latest_only.py for tasks to queue
[2024-11-06T07:08:35.648+0000] {logging_mixin.py:188} INFO - [2024-11-06T07:08:35.647+0000] {dagbag.py:538} INFO - Filling up the DagBag from /home/airflow/.local/lib/python3.8/site-packages/airflow/example_dags/example_latest_only.py
[2024-11-06T07:08:35.654+0000] {processor.py:840} INFO - DAG(s) 'latest_only' retrieved from /home/airflow/.local/lib/python3.8/site-packages/airflow/example_dags/example_latest_only.py
[2024-11-06T07:08:35.682+0000] {logging_mixin.py:188} INFO - [2024-11-06T07:08:35.682+0000] {dag.py:3036} INFO - Sync 1 DAGs
[2024-11-06T07:08:35.704+0000] {logging_mixin.py:188} INFO - [2024-11-06T07:08:35.704+0000] {dag.py:3823} INFO - Setting next_dagrun for latest_only to 2024-11-06 00:00:00+00:00, run_after=2024-11-06 04:00:00+00:00
[2024-11-06T07:08:35.726+0000] {processor.py:183} INFO - Processing /home/airflow/.local/lib/python3.8/site-packages/airflow/example_dags/example_latest_only.py took 0.104 seconds
[2024-11-06T07:09:06.122+0000] {processor.py:161} INFO - Started process (PID=1054) to work on /home/airflow/.local/lib/python3.8/site-packages/airflow/example_dags/example_latest_only.py
[2024-11-06T07:09:06.123+0000] {processor.py:830} INFO - Processing file /home/airflow/.local/lib/python3.8/site-packages/airflow/example_dags/example_latest_only.py for tasks to queue
[2024-11-06T07:09:06.124+0000] {logging_mixin.py:188} INFO - [2024-11-06T07:09:06.124+0000] {dagbag.py:538} INFO - Filling up the DagBag from /home/airflow/.local/lib/python3.8/site-packages/airflow/example_dags/example_latest_only.py
[2024-11-06T07:09:06.129+0000] {processor.py:840} INFO - DAG(s) 'latest_only' retrieved from /home/airflow/.local/lib/python3.8/site-packages/airflow/example_dags/example_latest_only.py
[2024-11-06T07:09:06.150+0000] {logging_mixin.py:188} INFO - [2024-11-06T07:09:06.150+0000] {dag.py:3036} INFO - Sync 1 DAGs
[2024-11-06T07:09:06.176+0000] {logging_mixin.py:188} INFO - [2024-11-06T07:09:06.176+0000] {dag.py:3823} INFO - Setting next_dagrun for latest_only to 2024-11-06 00:00:00+00:00, run_after=2024-11-06 04:00:00+00:00
[2024-11-06T07:09:06.216+0000] {processor.py:183} INFO - Processing /home/airflow/.local/lib/python3.8/site-packages/airflow/example_dags/example_latest_only.py took 0.098 seconds
[2024-11-06T07:09:36.891+0000] {processor.py:161} INFO - Started process (PID=1112) to work on /home/airflow/.local/lib/python3.8/site-packages/airflow/example_dags/example_latest_only.py
[2024-11-06T07:09:36.892+0000] {processor.py:830} INFO - Processing file /home/airflow/.local/lib/python3.8/site-packages/airflow/example_dags/example_latest_only.py for tasks to queue
[2024-11-06T07:09:36.894+0000] {logging_mixin.py:188} INFO - [2024-11-06T07:09:36.894+0000] {dagbag.py:538} INFO - Filling up the DagBag from /home/airflow/.local/lib/python3.8/site-packages/airflow/example_dags/example_latest_only.py
[2024-11-06T07:09:36.900+0000] {processor.py:840} INFO - DAG(s) 'latest_only' retrieved from /home/airflow/.local/lib/python3.8/site-packages/airflow/example_dags/example_latest_only.py
[2024-11-06T07:09:36.921+0000] {logging_mixin.py:188} INFO - [2024-11-06T07:09:36.920+0000] {dag.py:3036} INFO - Sync 1 DAGs
[2024-11-06T07:09:36.944+0000] {logging_mixin.py:188} INFO - [2024-11-06T07:09:36.944+0000] {dag.py:3823} INFO - Setting next_dagrun for latest_only to 2024-11-06 00:00:00+00:00, run_after=2024-11-06 04:00:00+00:00
[2024-11-06T07:09:36.969+0000] {processor.py:183} INFO - Processing /home/airflow/.local/lib/python3.8/site-packages/airflow/example_dags/example_latest_only.py took 0.082 seconds
[2024-11-06T07:10:07.288+0000] {processor.py:161} INFO - Started process (PID=1169) to work on /home/airflow/.local/lib/python3.8/site-packages/airflow/example_dags/example_latest_only.py
[2024-11-06T07:10:07.289+0000] {processor.py:830} INFO - Processing file /home/airflow/.local/lib/python3.8/site-packages/airflow/example_dags/example_latest_only.py for tasks to queue
[2024-11-06T07:10:07.295+0000] {logging_mixin.py:188} INFO - [2024-11-06T07:10:07.294+0000] {dagbag.py:538} INFO - Filling up the DagBag from /home/airflow/.local/lib/python3.8/site-packages/airflow/example_dags/example_latest_only.py
[2024-11-06T07:10:07.300+0000] {processor.py:840} INFO - DAG(s) 'latest_only' retrieved from /home/airflow/.local/lib/python3.8/site-packages/airflow/example_dags/example_latest_only.py
[2024-11-06T07:10:07.326+0000] {logging_mixin.py:188} INFO - [2024-11-06T07:10:07.326+0000] {dag.py:3036} INFO - Sync 1 DAGs
[2024-11-06T07:10:07.351+0000] {logging_mixin.py:188} INFO - [2024-11-06T07:10:07.351+0000] {dag.py:3823} INFO - Setting next_dagrun for latest_only to 2024-11-06 00:00:00+00:00, run_after=2024-11-06 04:00:00+00:00
[2024-11-06T07:10:07.381+0000] {processor.py:183} INFO - Processing /home/airflow/.local/lib/python3.8/site-packages/airflow/example_dags/example_latest_only.py took 0.097 seconds
[2024-11-06T07:10:37.729+0000] {processor.py:161} INFO - Started process (PID=1226) to work on /home/airflow/.local/lib/python3.8/site-packages/airflow/example_dags/example_latest_only.py
[2024-11-06T07:10:37.734+0000] {processor.py:830} INFO - Processing file /home/airflow/.local/lib/python3.8/site-packages/airflow/example_dags/example_latest_only.py for tasks to queue
[2024-11-06T07:10:37.741+0000] {logging_mixin.py:188} INFO - [2024-11-06T07:10:37.740+0000] {dagbag.py:538} INFO - Filling up the DagBag from /home/airflow/.local/lib/python3.8/site-packages/airflow/example_dags/example_latest_only.py
[2024-11-06T07:10:37.746+0000] {processor.py:840} INFO - DAG(s) 'latest_only' retrieved from /home/airflow/.local/lib/python3.8/site-packages/airflow/example_dags/example_latest_only.py
[2024-11-06T07:10:37.769+0000] {logging_mixin.py:188} INFO - [2024-11-06T07:10:37.769+0000] {dag.py:3036} INFO - Sync 1 DAGs
[2024-11-06T07:10:37.794+0000] {logging_mixin.py:188} INFO - [2024-11-06T07:10:37.794+0000] {dag.py:3823} INFO - Setting next_dagrun for latest_only to 2024-11-06 00:00:00+00:00, run_after=2024-11-06 04:00:00+00:00
[2024-11-06T07:10:37.815+0000] {processor.py:183} INFO - Processing /home/airflow/.local/lib/python3.8/site-packages/airflow/example_dags/example_latest_only.py took 0.090 seconds
[2024-11-06T07:11:08.242+0000] {processor.py:161} INFO - Started process (PID=1283) to work on /home/airflow/.local/lib/python3.8/site-packages/airflow/example_dags/example_latest_only.py
[2024-11-06T07:11:08.243+0000] {processor.py:830} INFO - Processing file /home/airflow/.local/lib/python3.8/site-packages/airflow/example_dags/example_latest_only.py for tasks to queue
[2024-11-06T07:11:08.245+0000] {logging_mixin.py:188} INFO - [2024-11-06T07:11:08.245+0000] {dagbag.py:538} INFO - Filling up the DagBag from /home/airflow/.local/lib/python3.8/site-packages/airflow/example_dags/example_latest_only.py
[2024-11-06T07:11:08.258+0000] {processor.py:840} INFO - DAG(s) 'latest_only' retrieved from /home/airflow/.local/lib/python3.8/site-packages/airflow/example_dags/example_latest_only.py
[2024-11-06T07:11:08.311+0000] {logging_mixin.py:188} INFO - [2024-11-06T07:11:08.311+0000] {dag.py:3036} INFO - Sync 1 DAGs
[2024-11-06T07:11:08.353+0000] {logging_mixin.py:188} INFO - [2024-11-06T07:11:08.353+0000] {dag.py:3823} INFO - Setting next_dagrun for latest_only to 2024-11-06 00:00:00+00:00, run_after=2024-11-06 04:00:00+00:00
[2024-11-06T07:11:08.397+0000] {processor.py:183} INFO - Processing /home/airflow/.local/lib/python3.8/site-packages/airflow/example_dags/example_latest_only.py took 0.166 seconds
[2024-11-06T07:11:38.586+0000] {processor.py:161} INFO - Started process (PID=1340) to work on /home/airflow/.local/lib/python3.8/site-packages/airflow/example_dags/example_latest_only.py
[2024-11-06T07:11:38.587+0000] {processor.py:830} INFO - Processing file /home/airflow/.local/lib/python3.8/site-packages/airflow/example_dags/example_latest_only.py for tasks to queue
[2024-11-06T07:11:38.589+0000] {logging_mixin.py:188} INFO - [2024-11-06T07:11:38.589+0000] {dagbag.py:538} INFO - Filling up the DagBag from /home/airflow/.local/lib/python3.8/site-packages/airflow/example_dags/example_latest_only.py
[2024-11-06T07:11:38.595+0000] {processor.py:840} INFO - DAG(s) 'latest_only' retrieved from /home/airflow/.local/lib/python3.8/site-packages/airflow/example_dags/example_latest_only.py
[2024-11-06T07:11:38.617+0000] {logging_mixin.py:188} INFO - [2024-11-06T07:11:38.617+0000] {dag.py:3036} INFO - Sync 1 DAGs
[2024-11-06T07:11:38.640+0000] {logging_mixin.py:188} INFO - [2024-11-06T07:11:38.640+0000] {dag.py:3823} INFO - Setting next_dagrun for latest_only to 2024-11-06 00:00:00+00:00, run_after=2024-11-06 04:00:00+00:00
[2024-11-06T07:11:38.662+0000] {processor.py:183} INFO - Processing /home/airflow/.local/lib/python3.8/site-packages/airflow/example_dags/example_latest_only.py took 0.079 seconds
[2024-11-06T07:12:09.057+0000] {processor.py:161} INFO - Started process (PID=1403) to work on /home/airflow/.local/lib/python3.8/site-packages/airflow/example_dags/example_latest_only.py
[2024-11-06T07:12:09.062+0000] {processor.py:830} INFO - Processing file /home/airflow/.local/lib/python3.8/site-packages/airflow/example_dags/example_latest_only.py for tasks to queue
[2024-11-06T07:12:09.069+0000] {logging_mixin.py:188} INFO - [2024-11-06T07:12:09.066+0000] {dagbag.py:538} INFO - Filling up the DagBag from /home/airflow/.local/lib/python3.8/site-packages/airflow/example_dags/example_latest_only.py
[2024-11-06T07:12:09.078+0000] {processor.py:840} INFO - DAG(s) 'latest_only' retrieved from /home/airflow/.local/lib/python3.8/site-packages/airflow/example_dags/example_latest_only.py
[2024-11-06T07:12:09.148+0000] {logging_mixin.py:188} INFO - [2024-11-06T07:12:09.148+0000] {dag.py:3036} INFO - Sync 1 DAGs
[2024-11-06T07:12:09.183+0000] {logging_mixin.py:188} INFO - [2024-11-06T07:12:09.183+0000] {dag.py:3823} INFO - Setting next_dagrun for latest_only to 2024-11-06 00:00:00+00:00, run_after=2024-11-06 04:00:00+00:00
[2024-11-06T07:12:09.228+0000] {processor.py:183} INFO - Processing /home/airflow/.local/lib/python3.8/site-packages/airflow/example_dags/example_latest_only.py took 0.203 seconds
[2024-11-06T07:13:59.976+0000] {processor.py:161} INFO - Started process (PID=75) to work on /home/airflow/.local/lib/python3.8/site-packages/airflow/example_dags/example_latest_only.py
[2024-11-06T07:13:59.981+0000] {processor.py:830} INFO - Processing file /home/airflow/.local/lib/python3.8/site-packages/airflow/example_dags/example_latest_only.py for tasks to queue
[2024-11-06T07:13:59.993+0000] {logging_mixin.py:188} INFO - [2024-11-06T07:13:59.992+0000] {dagbag.py:538} INFO - Filling up the DagBag from /home/airflow/.local/lib/python3.8/site-packages/airflow/example_dags/example_latest_only.py
[2024-11-06T07:14:00.023+0000] {processor.py:840} INFO - DAG(s) 'latest_only' retrieved from /home/airflow/.local/lib/python3.8/site-packages/airflow/example_dags/example_latest_only.py
[2024-11-06T07:14:00.336+0000] {logging_mixin.py:188} INFO - [2024-11-06T07:14:00.336+0000] {dag.py:3036} INFO - Sync 1 DAGs
[2024-11-06T07:14:00.394+0000] {logging_mixin.py:188} INFO - [2024-11-06T07:14:00.387+0000] {dag.py:3823} INFO - Setting next_dagrun for latest_only to 2024-11-06 00:00:00+00:00, run_after=2024-11-06 04:00:00+00:00
[2024-11-06T07:14:00.429+0000] {processor.py:183} INFO - Processing /home/airflow/.local/lib/python3.8/site-packages/airflow/example_dags/example_latest_only.py took 0.466 seconds
[2024-11-06T07:14:30.992+0000] {processor.py:161} INFO - Started process (PID=132) to work on /home/airflow/.local/lib/python3.8/site-packages/airflow/example_dags/example_latest_only.py
[2024-11-06T07:14:30.993+0000] {processor.py:830} INFO - Processing file /home/airflow/.local/lib/python3.8/site-packages/airflow/example_dags/example_latest_only.py for tasks to queue
[2024-11-06T07:14:30.995+0000] {logging_mixin.py:188} INFO - [2024-11-06T07:14:30.995+0000] {dagbag.py:538} INFO - Filling up the DagBag from /home/airflow/.local/lib/python3.8/site-packages/airflow/example_dags/example_latest_only.py
[2024-11-06T07:14:31.009+0000] {processor.py:840} INFO - DAG(s) 'latest_only' retrieved from /home/airflow/.local/lib/python3.8/site-packages/airflow/example_dags/example_latest_only.py
[2024-11-06T07:14:31.143+0000] {logging_mixin.py:188} INFO - [2024-11-06T07:14:31.142+0000] {dag.py:3036} INFO - Sync 1 DAGs
[2024-11-06T07:14:31.212+0000] {logging_mixin.py:188} INFO - [2024-11-06T07:14:31.212+0000] {dag.py:3823} INFO - Setting next_dagrun for latest_only to 2024-11-06 00:00:00+00:00, run_after=2024-11-06 04:00:00+00:00
[2024-11-06T07:14:31.242+0000] {processor.py:183} INFO - Processing /home/airflow/.local/lib/python3.8/site-packages/airflow/example_dags/example_latest_only.py took 0.254 seconds
[2024-11-06T07:15:02.154+0000] {processor.py:161} INFO - Started process (PID=189) to work on /home/airflow/.local/lib/python3.8/site-packages/airflow/example_dags/example_latest_only.py
[2024-11-06T07:15:02.160+0000] {processor.py:830} INFO - Processing file /home/airflow/.local/lib/python3.8/site-packages/airflow/example_dags/example_latest_only.py for tasks to queue
[2024-11-06T07:15:02.165+0000] {logging_mixin.py:188} INFO - [2024-11-06T07:15:02.165+0000] {dagbag.py:538} INFO - Filling up the DagBag from /home/airflow/.local/lib/python3.8/site-packages/airflow/example_dags/example_latest_only.py
[2024-11-06T07:15:02.170+0000] {processor.py:840} INFO - DAG(s) 'latest_only' retrieved from /home/airflow/.local/lib/python3.8/site-packages/airflow/example_dags/example_latest_only.py
[2024-11-06T07:15:02.192+0000] {logging_mixin.py:188} INFO - [2024-11-06T07:15:02.192+0000] {dag.py:3036} INFO - Sync 1 DAGs
[2024-11-06T07:15:02.218+0000] {logging_mixin.py:188} INFO - [2024-11-06T07:15:02.217+0000] {dag.py:3823} INFO - Setting next_dagrun for latest_only to 2024-11-06 00:00:00+00:00, run_after=2024-11-06 04:00:00+00:00
[2024-11-06T07:15:02.238+0000] {processor.py:183} INFO - Processing /home/airflow/.local/lib/python3.8/site-packages/airflow/example_dags/example_latest_only.py took 0.088 seconds
