[2024-11-06T07:00:39.516+0000] {processor.py:161} INFO - Started process (PID=112) to work on /home/airflow/.local/lib/python3.8/site-packages/airflow/example_dags/example_branch_labels.py
[2024-11-06T07:00:39.526+0000] {processor.py:830} INFO - Processing file /home/airflow/.local/lib/python3.8/site-packages/airflow/example_dags/example_branch_labels.py for tasks to queue
[2024-11-06T07:00:39.529+0000] {logging_mixin.py:188} INFO - [2024-11-06T07:00:39.528+0000] {dagbag.py:538} INFO - Filling up the DagBag from /home/airflow/.local/lib/python3.8/site-packages/airflow/example_dags/example_branch_labels.py
[2024-11-06T07:00:39.582+0000] {processor.py:840} INFO - DAG(s) 'example_branch_labels' retrieved from /home/airflow/.local/lib/python3.8/site-packages/airflow/example_dags/example_branch_labels.py
[2024-11-06T07:00:40.221+0000] {logging_mixin.py:188} INFO - [2024-11-06T07:00:40.221+0000] {dag.py:3036} INFO - Sync 1 DAGs
[2024-11-06T07:00:40.389+0000] {logging_mixin.py:188} INFO - [2024-11-06T07:00:40.389+0000] {dag.py:3823} INFO - Setting next_dagrun for example_branch_labels to 2024-11-05 00:00:00+00:00, run_after=2024-11-06 00:00:00+00:00
[2024-11-06T07:00:40.568+0000] {processor.py:183} INFO - Processing /home/airflow/.local/lib/python3.8/site-packages/airflow/example_dags/example_branch_labels.py took 1.065 seconds
[2024-11-06T07:01:10.943+0000] {processor.py:161} INFO - Started process (PID=170) to work on /home/airflow/.local/lib/python3.8/site-packages/airflow/example_dags/example_branch_labels.py
[2024-11-06T07:01:10.945+0000] {processor.py:830} INFO - Processing file /home/airflow/.local/lib/python3.8/site-packages/airflow/example_dags/example_branch_labels.py for tasks to queue
[2024-11-06T07:01:10.946+0000] {logging_mixin.py:188} INFO - [2024-11-06T07:01:10.946+0000] {dagbag.py:538} INFO - Filling up the DagBag from /home/airflow/.local/lib/python3.8/site-packages/airflow/example_dags/example_branch_labels.py
[2024-11-06T07:01:10.954+0000] {processor.py:840} INFO - DAG(s) 'example_branch_labels' retrieved from /home/airflow/.local/lib/python3.8/site-packages/airflow/example_dags/example_branch_labels.py
[2024-11-06T07:01:10.970+0000] {logging_mixin.py:188} INFO - [2024-11-06T07:01:10.970+0000] {dag.py:3036} INFO - Sync 1 DAGs
[2024-11-06T07:01:10.989+0000] {logging_mixin.py:188} INFO - [2024-11-06T07:01:10.988+0000] {dag.py:3823} INFO - Setting next_dagrun for example_branch_labels to 2024-11-05 00:00:00+00:00, run_after=2024-11-06 00:00:00+00:00
[2024-11-06T07:01:11.014+0000] {processor.py:183} INFO - Processing /home/airflow/.local/lib/python3.8/site-packages/airflow/example_dags/example_branch_labels.py took 0.075 seconds
[2024-11-06T07:01:41.388+0000] {processor.py:161} INFO - Started process (PID=228) to work on /home/airflow/.local/lib/python3.8/site-packages/airflow/example_dags/example_branch_labels.py
[2024-11-06T07:01:41.389+0000] {processor.py:830} INFO - Processing file /home/airflow/.local/lib/python3.8/site-packages/airflow/example_dags/example_branch_labels.py for tasks to queue
[2024-11-06T07:01:41.391+0000] {logging_mixin.py:188} INFO - [2024-11-06T07:01:41.391+0000] {dagbag.py:538} INFO - Filling up the DagBag from /home/airflow/.local/lib/python3.8/site-packages/airflow/example_dags/example_branch_labels.py
[2024-11-06T07:01:41.406+0000] {processor.py:840} INFO - DAG(s) 'example_branch_labels' retrieved from /home/airflow/.local/lib/python3.8/site-packages/airflow/example_dags/example_branch_labels.py
[2024-11-06T07:01:41.429+0000] {logging_mixin.py:188} INFO - [2024-11-06T07:01:41.429+0000] {dag.py:3036} INFO - Sync 1 DAGs
[2024-11-06T07:01:41.472+0000] {logging_mixin.py:188} INFO - [2024-11-06T07:01:41.471+0000] {dag.py:3823} INFO - Setting next_dagrun for example_branch_labels to 2024-11-05 00:00:00+00:00, run_after=2024-11-06 00:00:00+00:00
[2024-11-06T07:01:41.495+0000] {processor.py:183} INFO - Processing /home/airflow/.local/lib/python3.8/site-packages/airflow/example_dags/example_branch_labels.py took 0.122 seconds
[2024-11-06T07:02:12.398+0000] {processor.py:161} INFO - Started process (PID=285) to work on /home/airflow/.local/lib/python3.8/site-packages/airflow/example_dags/example_branch_labels.py
[2024-11-06T07:02:12.400+0000] {processor.py:830} INFO - Processing file /home/airflow/.local/lib/python3.8/site-packages/airflow/example_dags/example_branch_labels.py for tasks to queue
[2024-11-06T07:02:12.401+0000] {logging_mixin.py:188} INFO - [2024-11-06T07:02:12.401+0000] {dagbag.py:538} INFO - Filling up the DagBag from /home/airflow/.local/lib/python3.8/site-packages/airflow/example_dags/example_branch_labels.py
[2024-11-06T07:02:12.413+0000] {processor.py:840} INFO - DAG(s) 'example_branch_labels' retrieved from /home/airflow/.local/lib/python3.8/site-packages/airflow/example_dags/example_branch_labels.py
[2024-11-06T07:02:12.437+0000] {logging_mixin.py:188} INFO - [2024-11-06T07:02:12.437+0000] {dag.py:3036} INFO - Sync 1 DAGs
[2024-11-06T07:02:12.466+0000] {logging_mixin.py:188} INFO - [2024-11-06T07:02:12.465+0000] {dag.py:3823} INFO - Setting next_dagrun for example_branch_labels to 2024-11-05 00:00:00+00:00, run_after=2024-11-06 00:00:00+00:00
[2024-11-06T07:02:12.486+0000] {processor.py:183} INFO - Processing /home/airflow/.local/lib/python3.8/site-packages/airflow/example_dags/example_branch_labels.py took 0.091 seconds
[2024-11-06T07:02:43.211+0000] {processor.py:161} INFO - Started process (PID=343) to work on /home/airflow/.local/lib/python3.8/site-packages/airflow/example_dags/example_branch_labels.py
[2024-11-06T07:02:43.212+0000] {processor.py:830} INFO - Processing file /home/airflow/.local/lib/python3.8/site-packages/airflow/example_dags/example_branch_labels.py for tasks to queue
[2024-11-06T07:02:43.214+0000] {logging_mixin.py:188} INFO - [2024-11-06T07:02:43.214+0000] {dagbag.py:538} INFO - Filling up the DagBag from /home/airflow/.local/lib/python3.8/site-packages/airflow/example_dags/example_branch_labels.py
[2024-11-06T07:02:43.224+0000] {processor.py:840} INFO - DAG(s) 'example_branch_labels' retrieved from /home/airflow/.local/lib/python3.8/site-packages/airflow/example_dags/example_branch_labels.py
[2024-11-06T07:02:43.249+0000] {logging_mixin.py:188} INFO - [2024-11-06T07:02:43.249+0000] {dag.py:3036} INFO - Sync 1 DAGs
[2024-11-06T07:02:43.277+0000] {logging_mixin.py:188} INFO - [2024-11-06T07:02:43.277+0000] {dag.py:3823} INFO - Setting next_dagrun for example_branch_labels to 2024-11-05 00:00:00+00:00, run_after=2024-11-06 00:00:00+00:00
[2024-11-06T07:02:43.298+0000] {processor.py:183} INFO - Processing /home/airflow/.local/lib/python3.8/site-packages/airflow/example_dags/example_branch_labels.py took 0.090 seconds
[2024-11-06T07:03:13.359+0000] {processor.py:161} INFO - Started process (PID=401) to work on /home/airflow/.local/lib/python3.8/site-packages/airflow/example_dags/example_branch_labels.py
[2024-11-06T07:03:13.360+0000] {processor.py:830} INFO - Processing file /home/airflow/.local/lib/python3.8/site-packages/airflow/example_dags/example_branch_labels.py for tasks to queue
[2024-11-06T07:03:13.362+0000] {logging_mixin.py:188} INFO - [2024-11-06T07:03:13.361+0000] {dagbag.py:538} INFO - Filling up the DagBag from /home/airflow/.local/lib/python3.8/site-packages/airflow/example_dags/example_branch_labels.py
[2024-11-06T07:03:13.371+0000] {processor.py:840} INFO - DAG(s) 'example_branch_labels' retrieved from /home/airflow/.local/lib/python3.8/site-packages/airflow/example_dags/example_branch_labels.py
[2024-11-06T07:03:13.395+0000] {logging_mixin.py:188} INFO - [2024-11-06T07:03:13.395+0000] {dag.py:3036} INFO - Sync 1 DAGs
[2024-11-06T07:03:13.420+0000] {logging_mixin.py:188} INFO - [2024-11-06T07:03:13.420+0000] {dag.py:3823} INFO - Setting next_dagrun for example_branch_labels to 2024-11-05 00:00:00+00:00, run_after=2024-11-06 00:00:00+00:00
[2024-11-06T07:03:13.444+0000] {processor.py:183} INFO - Processing /home/airflow/.local/lib/python3.8/site-packages/airflow/example_dags/example_branch_labels.py took 0.090 seconds
[2024-11-06T07:03:43.547+0000] {processor.py:161} INFO - Started process (PID=457) to work on /home/airflow/.local/lib/python3.8/site-packages/airflow/example_dags/example_branch_labels.py
[2024-11-06T07:03:43.548+0000] {processor.py:830} INFO - Processing file /home/airflow/.local/lib/python3.8/site-packages/airflow/example_dags/example_branch_labels.py for tasks to queue
[2024-11-06T07:03:43.550+0000] {logging_mixin.py:188} INFO - [2024-11-06T07:03:43.550+0000] {dagbag.py:538} INFO - Filling up the DagBag from /home/airflow/.local/lib/python3.8/site-packages/airflow/example_dags/example_branch_labels.py
[2024-11-06T07:03:43.560+0000] {processor.py:840} INFO - DAG(s) 'example_branch_labels' retrieved from /home/airflow/.local/lib/python3.8/site-packages/airflow/example_dags/example_branch_labels.py
[2024-11-06T07:03:43.585+0000] {logging_mixin.py:188} INFO - [2024-11-06T07:03:43.585+0000] {dag.py:3036} INFO - Sync 1 DAGs
[2024-11-06T07:03:43.612+0000] {logging_mixin.py:188} INFO - [2024-11-06T07:03:43.611+0000] {dag.py:3823} INFO - Setting next_dagrun for example_branch_labels to 2024-11-05 00:00:00+00:00, run_after=2024-11-06 00:00:00+00:00
[2024-11-06T07:03:43.642+0000] {processor.py:183} INFO - Processing /home/airflow/.local/lib/python3.8/site-packages/airflow/example_dags/example_branch_labels.py took 0.099 seconds
[2024-11-06T07:04:13.997+0000] {processor.py:161} INFO - Started process (PID=516) to work on /home/airflow/.local/lib/python3.8/site-packages/airflow/example_dags/example_branch_labels.py
[2024-11-06T07:04:13.998+0000] {processor.py:830} INFO - Processing file /home/airflow/.local/lib/python3.8/site-packages/airflow/example_dags/example_branch_labels.py for tasks to queue
[2024-11-06T07:04:14.000+0000] {logging_mixin.py:188} INFO - [2024-11-06T07:04:13.999+0000] {dagbag.py:538} INFO - Filling up the DagBag from /home/airflow/.local/lib/python3.8/site-packages/airflow/example_dags/example_branch_labels.py
[2024-11-06T07:04:14.020+0000] {processor.py:840} INFO - DAG(s) 'example_branch_labels' retrieved from /home/airflow/.local/lib/python3.8/site-packages/airflow/example_dags/example_branch_labels.py
[2024-11-06T07:04:14.067+0000] {logging_mixin.py:188} INFO - [2024-11-06T07:04:14.067+0000] {dag.py:3036} INFO - Sync 1 DAGs
[2024-11-06T07:04:14.146+0000] {logging_mixin.py:188} INFO - [2024-11-06T07:04:14.146+0000] {dag.py:3823} INFO - Setting next_dagrun for example_branch_labels to 2024-11-05 00:00:00+00:00, run_after=2024-11-06 00:00:00+00:00
[2024-11-06T07:04:14.218+0000] {processor.py:183} INFO - Processing /home/airflow/.local/lib/python3.8/site-packages/airflow/example_dags/example_branch_labels.py took 0.225 seconds
[2024-11-06T07:04:44.394+0000] {processor.py:161} INFO - Started process (PID=572) to work on /home/airflow/.local/lib/python3.8/site-packages/airflow/example_dags/example_branch_labels.py
[2024-11-06T07:04:44.395+0000] {processor.py:830} INFO - Processing file /home/airflow/.local/lib/python3.8/site-packages/airflow/example_dags/example_branch_labels.py for tasks to queue
[2024-11-06T07:04:44.396+0000] {logging_mixin.py:188} INFO - [2024-11-06T07:04:44.396+0000] {dagbag.py:538} INFO - Filling up the DagBag from /home/airflow/.local/lib/python3.8/site-packages/airflow/example_dags/example_branch_labels.py
[2024-11-06T07:04:44.403+0000] {processor.py:840} INFO - DAG(s) 'example_branch_labels' retrieved from /home/airflow/.local/lib/python3.8/site-packages/airflow/example_dags/example_branch_labels.py
[2024-11-06T07:04:44.420+0000] {logging_mixin.py:188} INFO - [2024-11-06T07:04:44.419+0000] {dag.py:3036} INFO - Sync 1 DAGs
[2024-11-06T07:04:44.437+0000] {logging_mixin.py:188} INFO - [2024-11-06T07:04:44.437+0000] {dag.py:3823} INFO - Setting next_dagrun for example_branch_labels to 2024-11-05 00:00:00+00:00, run_after=2024-11-06 00:00:00+00:00
[2024-11-06T07:04:44.456+0000] {processor.py:183} INFO - Processing /home/airflow/.local/lib/python3.8/site-packages/airflow/example_dags/example_branch_labels.py took 0.064 seconds
[2024-11-06T07:05:14.656+0000] {processor.py:161} INFO - Started process (PID=629) to work on /home/airflow/.local/lib/python3.8/site-packages/airflow/example_dags/example_branch_labels.py
[2024-11-06T07:05:14.657+0000] {processor.py:830} INFO - Processing file /home/airflow/.local/lib/python3.8/site-packages/airflow/example_dags/example_branch_labels.py for tasks to queue
[2024-11-06T07:05:14.659+0000] {logging_mixin.py:188} INFO - [2024-11-06T07:05:14.659+0000] {dagbag.py:538} INFO - Filling up the DagBag from /home/airflow/.local/lib/python3.8/site-packages/airflow/example_dags/example_branch_labels.py
[2024-11-06T07:05:14.668+0000] {processor.py:840} INFO - DAG(s) 'example_branch_labels' retrieved from /home/airflow/.local/lib/python3.8/site-packages/airflow/example_dags/example_branch_labels.py
[2024-11-06T07:05:14.691+0000] {logging_mixin.py:188} INFO - [2024-11-06T07:05:14.691+0000] {dag.py:3036} INFO - Sync 1 DAGs
[2024-11-06T07:05:14.718+0000] {logging_mixin.py:188} INFO - [2024-11-06T07:05:14.718+0000] {dag.py:3823} INFO - Setting next_dagrun for example_branch_labels to 2024-11-05 00:00:00+00:00, run_after=2024-11-06 00:00:00+00:00
[2024-11-06T07:05:14.741+0000] {processor.py:183} INFO - Processing /home/airflow/.local/lib/python3.8/site-packages/airflow/example_dags/example_branch_labels.py took 0.088 seconds
[2024-11-06T07:05:45.681+0000] {processor.py:161} INFO - Started process (PID=686) to work on /home/airflow/.local/lib/python3.8/site-packages/airflow/example_dags/example_branch_labels.py
[2024-11-06T07:05:45.682+0000] {processor.py:830} INFO - Processing file /home/airflow/.local/lib/python3.8/site-packages/airflow/example_dags/example_branch_labels.py for tasks to queue
[2024-11-06T07:05:45.684+0000] {logging_mixin.py:188} INFO - [2024-11-06T07:05:45.684+0000] {dagbag.py:538} INFO - Filling up the DagBag from /home/airflow/.local/lib/python3.8/site-packages/airflow/example_dags/example_branch_labels.py
[2024-11-06T07:05:45.693+0000] {processor.py:840} INFO - DAG(s) 'example_branch_labels' retrieved from /home/airflow/.local/lib/python3.8/site-packages/airflow/example_dags/example_branch_labels.py
[2024-11-06T07:05:45.720+0000] {logging_mixin.py:188} INFO - [2024-11-06T07:05:45.720+0000] {dag.py:3036} INFO - Sync 1 DAGs
[2024-11-06T07:05:45.748+0000] {logging_mixin.py:188} INFO - [2024-11-06T07:05:45.747+0000] {dag.py:3823} INFO - Setting next_dagrun for example_branch_labels to 2024-11-05 00:00:00+00:00, run_after=2024-11-06 00:00:00+00:00
[2024-11-06T07:05:45.771+0000] {processor.py:183} INFO - Processing /home/airflow/.local/lib/python3.8/site-packages/airflow/example_dags/example_branch_labels.py took 0.093 seconds
[2024-11-06T07:06:16.043+0000] {processor.py:161} INFO - Started process (PID=743) to work on /home/airflow/.local/lib/python3.8/site-packages/airflow/example_dags/example_branch_labels.py
[2024-11-06T07:06:16.044+0000] {processor.py:830} INFO - Processing file /home/airflow/.local/lib/python3.8/site-packages/airflow/example_dags/example_branch_labels.py for tasks to queue
[2024-11-06T07:06:16.046+0000] {logging_mixin.py:188} INFO - [2024-11-06T07:06:16.046+0000] {dagbag.py:538} INFO - Filling up the DagBag from /home/airflow/.local/lib/python3.8/site-packages/airflow/example_dags/example_branch_labels.py
[2024-11-06T07:06:16.055+0000] {processor.py:840} INFO - DAG(s) 'example_branch_labels' retrieved from /home/airflow/.local/lib/python3.8/site-packages/airflow/example_dags/example_branch_labels.py
[2024-11-06T07:06:16.097+0000] {logging_mixin.py:188} INFO - [2024-11-06T07:06:16.097+0000] {dag.py:3036} INFO - Sync 1 DAGs
[2024-11-06T07:06:16.144+0000] {logging_mixin.py:188} INFO - [2024-11-06T07:06:16.144+0000] {dag.py:3823} INFO - Setting next_dagrun for example_branch_labels to 2024-11-05 00:00:00+00:00, run_after=2024-11-06 00:00:00+00:00
[2024-11-06T07:06:16.208+0000] {processor.py:183} INFO - Processing /home/airflow/.local/lib/python3.8/site-packages/airflow/example_dags/example_branch_labels.py took 0.171 seconds
[2024-11-06T07:06:46.685+0000] {processor.py:161} INFO - Started process (PID=801) to work on /home/airflow/.local/lib/python3.8/site-packages/airflow/example_dags/example_branch_labels.py
[2024-11-06T07:06:46.686+0000] {processor.py:830} INFO - Processing file /home/airflow/.local/lib/python3.8/site-packages/airflow/example_dags/example_branch_labels.py for tasks to queue
[2024-11-06T07:06:46.688+0000] {logging_mixin.py:188} INFO - [2024-11-06T07:06:46.687+0000] {dagbag.py:538} INFO - Filling up the DagBag from /home/airflow/.local/lib/python3.8/site-packages/airflow/example_dags/example_branch_labels.py
[2024-11-06T07:06:46.697+0000] {processor.py:840} INFO - DAG(s) 'example_branch_labels' retrieved from /home/airflow/.local/lib/python3.8/site-packages/airflow/example_dags/example_branch_labels.py
[2024-11-06T07:06:46.722+0000] {logging_mixin.py:188} INFO - [2024-11-06T07:06:46.722+0000] {dag.py:3036} INFO - Sync 1 DAGs
[2024-11-06T07:06:46.752+0000] {logging_mixin.py:188} INFO - [2024-11-06T07:06:46.751+0000] {dag.py:3823} INFO - Setting next_dagrun for example_branch_labels to 2024-11-05 00:00:00+00:00, run_after=2024-11-06 00:00:00+00:00
[2024-11-06T07:06:46.776+0000] {processor.py:183} INFO - Processing /home/airflow/.local/lib/python3.8/site-packages/airflow/example_dags/example_branch_labels.py took 0.095 seconds
[2024-11-06T07:07:17.207+0000] {processor.py:161} INFO - Started process (PID=858) to work on /home/airflow/.local/lib/python3.8/site-packages/airflow/example_dags/example_branch_labels.py
[2024-11-06T07:07:17.208+0000] {processor.py:830} INFO - Processing file /home/airflow/.local/lib/python3.8/site-packages/airflow/example_dags/example_branch_labels.py for tasks to queue
[2024-11-06T07:07:17.210+0000] {logging_mixin.py:188} INFO - [2024-11-06T07:07:17.209+0000] {dagbag.py:538} INFO - Filling up the DagBag from /home/airflow/.local/lib/python3.8/site-packages/airflow/example_dags/example_branch_labels.py
[2024-11-06T07:07:17.219+0000] {processor.py:840} INFO - DAG(s) 'example_branch_labels' retrieved from /home/airflow/.local/lib/python3.8/site-packages/airflow/example_dags/example_branch_labels.py
[2024-11-06T07:07:17.265+0000] {logging_mixin.py:188} INFO - [2024-11-06T07:07:17.265+0000] {dag.py:3036} INFO - Sync 1 DAGs
[2024-11-06T07:07:17.345+0000] {logging_mixin.py:188} INFO - [2024-11-06T07:07:17.345+0000] {dag.py:3823} INFO - Setting next_dagrun for example_branch_labels to 2024-11-05 00:00:00+00:00, run_after=2024-11-06 00:00:00+00:00
[2024-11-06T07:07:17.449+0000] {processor.py:183} INFO - Processing /home/airflow/.local/lib/python3.8/site-packages/airflow/example_dags/example_branch_labels.py took 0.247 seconds
[2024-11-06T07:07:47.879+0000] {processor.py:161} INFO - Started process (PID=916) to work on /home/airflow/.local/lib/python3.8/site-packages/airflow/example_dags/example_branch_labels.py
[2024-11-06T07:07:47.880+0000] {processor.py:830} INFO - Processing file /home/airflow/.local/lib/python3.8/site-packages/airflow/example_dags/example_branch_labels.py for tasks to queue
[2024-11-06T07:07:47.882+0000] {logging_mixin.py:188} INFO - [2024-11-06T07:07:47.882+0000] {dagbag.py:538} INFO - Filling up the DagBag from /home/airflow/.local/lib/python3.8/site-packages/airflow/example_dags/example_branch_labels.py
[2024-11-06T07:07:47.892+0000] {processor.py:840} INFO - DAG(s) 'example_branch_labels' retrieved from /home/airflow/.local/lib/python3.8/site-packages/airflow/example_dags/example_branch_labels.py
[2024-11-06T07:07:47.917+0000] {logging_mixin.py:188} INFO - [2024-11-06T07:07:47.917+0000] {dag.py:3036} INFO - Sync 1 DAGs
[2024-11-06T07:07:47.957+0000] {logging_mixin.py:188} INFO - [2024-11-06T07:07:47.957+0000] {dag.py:3823} INFO - Setting next_dagrun for example_branch_labels to 2024-11-05 00:00:00+00:00, run_after=2024-11-06 00:00:00+00:00
[2024-11-06T07:07:47.995+0000] {processor.py:183} INFO - Processing /home/airflow/.local/lib/python3.8/site-packages/airflow/example_dags/example_branch_labels.py took 0.119 seconds
[2024-11-06T07:08:18.130+0000] {processor.py:161} INFO - Started process (PID=974) to work on /home/airflow/.local/lib/python3.8/site-packages/airflow/example_dags/example_branch_labels.py
[2024-11-06T07:08:18.131+0000] {processor.py:830} INFO - Processing file /home/airflow/.local/lib/python3.8/site-packages/airflow/example_dags/example_branch_labels.py for tasks to queue
[2024-11-06T07:08:18.132+0000] {logging_mixin.py:188} INFO - [2024-11-06T07:08:18.132+0000] {dagbag.py:538} INFO - Filling up the DagBag from /home/airflow/.local/lib/python3.8/site-packages/airflow/example_dags/example_branch_labels.py
[2024-11-06T07:08:18.142+0000] {processor.py:840} INFO - DAG(s) 'example_branch_labels' retrieved from /home/airflow/.local/lib/python3.8/site-packages/airflow/example_dags/example_branch_labels.py
[2024-11-06T07:08:18.166+0000] {logging_mixin.py:188} INFO - [2024-11-06T07:08:18.166+0000] {dag.py:3036} INFO - Sync 1 DAGs
[2024-11-06T07:08:18.193+0000] {logging_mixin.py:188} INFO - [2024-11-06T07:08:18.193+0000] {dag.py:3823} INFO - Setting next_dagrun for example_branch_labels to 2024-11-05 00:00:00+00:00, run_after=2024-11-06 00:00:00+00:00
[2024-11-06T07:08:18.262+0000] {processor.py:183} INFO - Processing /home/airflow/.local/lib/python3.8/site-packages/airflow/example_dags/example_branch_labels.py took 0.135 seconds
[2024-11-06T07:08:48.431+0000] {processor.py:161} INFO - Started process (PID=1031) to work on /home/airflow/.local/lib/python3.8/site-packages/airflow/example_dags/example_branch_labels.py
[2024-11-06T07:08:48.432+0000] {processor.py:830} INFO - Processing file /home/airflow/.local/lib/python3.8/site-packages/airflow/example_dags/example_branch_labels.py for tasks to queue
[2024-11-06T07:08:48.433+0000] {logging_mixin.py:188} INFO - [2024-11-06T07:08:48.433+0000] {dagbag.py:538} INFO - Filling up the DagBag from /home/airflow/.local/lib/python3.8/site-packages/airflow/example_dags/example_branch_labels.py
[2024-11-06T07:08:48.442+0000] {processor.py:840} INFO - DAG(s) 'example_branch_labels' retrieved from /home/airflow/.local/lib/python3.8/site-packages/airflow/example_dags/example_branch_labels.py
[2024-11-06T07:08:48.467+0000] {logging_mixin.py:188} INFO - [2024-11-06T07:08:48.467+0000] {dag.py:3036} INFO - Sync 1 DAGs
[2024-11-06T07:08:48.494+0000] {logging_mixin.py:188} INFO - [2024-11-06T07:08:48.494+0000] {dag.py:3823} INFO - Setting next_dagrun for example_branch_labels to 2024-11-05 00:00:00+00:00, run_after=2024-11-06 00:00:00+00:00
[2024-11-06T07:08:48.526+0000] {processor.py:183} INFO - Processing /home/airflow/.local/lib/python3.8/site-packages/airflow/example_dags/example_branch_labels.py took 0.099 seconds
[2024-11-06T07:09:18.875+0000] {processor.py:161} INFO - Started process (PID=1089) to work on /home/airflow/.local/lib/python3.8/site-packages/airflow/example_dags/example_branch_labels.py
[2024-11-06T07:09:18.876+0000] {processor.py:830} INFO - Processing file /home/airflow/.local/lib/python3.8/site-packages/airflow/example_dags/example_branch_labels.py for tasks to queue
[2024-11-06T07:09:18.877+0000] {logging_mixin.py:188} INFO - [2024-11-06T07:09:18.877+0000] {dagbag.py:538} INFO - Filling up the DagBag from /home/airflow/.local/lib/python3.8/site-packages/airflow/example_dags/example_branch_labels.py
[2024-11-06T07:09:18.886+0000] {processor.py:840} INFO - DAG(s) 'example_branch_labels' retrieved from /home/airflow/.local/lib/python3.8/site-packages/airflow/example_dags/example_branch_labels.py
[2024-11-06T07:09:18.911+0000] {logging_mixin.py:188} INFO - [2024-11-06T07:09:18.911+0000] {dag.py:3036} INFO - Sync 1 DAGs
[2024-11-06T07:09:18.938+0000] {logging_mixin.py:188} INFO - [2024-11-06T07:09:18.938+0000] {dag.py:3823} INFO - Setting next_dagrun for example_branch_labels to 2024-11-05 00:00:00+00:00, run_after=2024-11-06 00:00:00+00:00
[2024-11-06T07:09:18.959+0000] {processor.py:183} INFO - Processing /home/airflow/.local/lib/python3.8/site-packages/airflow/example_dags/example_branch_labels.py took 0.088 seconds
[2024-11-06T07:09:49.453+0000] {processor.py:161} INFO - Started process (PID=1146) to work on /home/airflow/.local/lib/python3.8/site-packages/airflow/example_dags/example_branch_labels.py
[2024-11-06T07:09:49.454+0000] {processor.py:830} INFO - Processing file /home/airflow/.local/lib/python3.8/site-packages/airflow/example_dags/example_branch_labels.py for tasks to queue
[2024-11-06T07:09:49.456+0000] {logging_mixin.py:188} INFO - [2024-11-06T07:09:49.455+0000] {dagbag.py:538} INFO - Filling up the DagBag from /home/airflow/.local/lib/python3.8/site-packages/airflow/example_dags/example_branch_labels.py
[2024-11-06T07:09:49.464+0000] {processor.py:840} INFO - DAG(s) 'example_branch_labels' retrieved from /home/airflow/.local/lib/python3.8/site-packages/airflow/example_dags/example_branch_labels.py
[2024-11-06T07:09:49.489+0000] {logging_mixin.py:188} INFO - [2024-11-06T07:09:49.489+0000] {dag.py:3036} INFO - Sync 1 DAGs
[2024-11-06T07:09:49.515+0000] {logging_mixin.py:188} INFO - [2024-11-06T07:09:49.515+0000] {dag.py:3823} INFO - Setting next_dagrun for example_branch_labels to 2024-11-05 00:00:00+00:00, run_after=2024-11-06 00:00:00+00:00
[2024-11-06T07:09:49.554+0000] {processor.py:183} INFO - Processing /home/airflow/.local/lib/python3.8/site-packages/airflow/example_dags/example_branch_labels.py took 0.105 seconds
[2024-11-06T07:10:20.082+0000] {processor.py:161} INFO - Started process (PID=1203) to work on /home/airflow/.local/lib/python3.8/site-packages/airflow/example_dags/example_branch_labels.py
[2024-11-06T07:10:20.083+0000] {processor.py:830} INFO - Processing file /home/airflow/.local/lib/python3.8/site-packages/airflow/example_dags/example_branch_labels.py for tasks to queue
[2024-11-06T07:10:20.085+0000] {logging_mixin.py:188} INFO - [2024-11-06T07:10:20.084+0000] {dagbag.py:538} INFO - Filling up the DagBag from /home/airflow/.local/lib/python3.8/site-packages/airflow/example_dags/example_branch_labels.py
[2024-11-06T07:10:20.094+0000] {processor.py:840} INFO - DAG(s) 'example_branch_labels' retrieved from /home/airflow/.local/lib/python3.8/site-packages/airflow/example_dags/example_branch_labels.py
[2024-11-06T07:10:20.136+0000] {logging_mixin.py:188} INFO - [2024-11-06T07:10:20.136+0000] {dag.py:3036} INFO - Sync 1 DAGs
[2024-11-06T07:10:20.163+0000] {logging_mixin.py:188} INFO - [2024-11-06T07:10:20.163+0000] {dag.py:3823} INFO - Setting next_dagrun for example_branch_labels to 2024-11-05 00:00:00+00:00, run_after=2024-11-06 00:00:00+00:00
[2024-11-06T07:10:20.184+0000] {processor.py:183} INFO - Processing /home/airflow/.local/lib/python3.8/site-packages/airflow/example_dags/example_branch_labels.py took 0.106 seconds
[2024-11-06T07:10:50.394+0000] {processor.py:161} INFO - Started process (PID=1260) to work on /home/airflow/.local/lib/python3.8/site-packages/airflow/example_dags/example_branch_labels.py
[2024-11-06T07:10:50.395+0000] {processor.py:830} INFO - Processing file /home/airflow/.local/lib/python3.8/site-packages/airflow/example_dags/example_branch_labels.py for tasks to queue
[2024-11-06T07:10:50.396+0000] {logging_mixin.py:188} INFO - [2024-11-06T07:10:50.396+0000] {dagbag.py:538} INFO - Filling up the DagBag from /home/airflow/.local/lib/python3.8/site-packages/airflow/example_dags/example_branch_labels.py
[2024-11-06T07:10:50.405+0000] {processor.py:840} INFO - DAG(s) 'example_branch_labels' retrieved from /home/airflow/.local/lib/python3.8/site-packages/airflow/example_dags/example_branch_labels.py
[2024-11-06T07:10:50.430+0000] {logging_mixin.py:188} INFO - [2024-11-06T07:10:50.430+0000] {dag.py:3036} INFO - Sync 1 DAGs
[2024-11-06T07:10:50.459+0000] {logging_mixin.py:188} INFO - [2024-11-06T07:10:50.459+0000] {dag.py:3823} INFO - Setting next_dagrun for example_branch_labels to 2024-11-05 00:00:00+00:00, run_after=2024-11-06 00:00:00+00:00
[2024-11-06T07:10:50.487+0000] {processor.py:183} INFO - Processing /home/airflow/.local/lib/python3.8/site-packages/airflow/example_dags/example_branch_labels.py took 0.097 seconds
[2024-11-06T07:11:21.036+0000] {processor.py:161} INFO - Started process (PID=1317) to work on /home/airflow/.local/lib/python3.8/site-packages/airflow/example_dags/example_branch_labels.py
[2024-11-06T07:11:21.038+0000] {processor.py:830} INFO - Processing file /home/airflow/.local/lib/python3.8/site-packages/airflow/example_dags/example_branch_labels.py for tasks to queue
[2024-11-06T07:11:21.039+0000] {logging_mixin.py:188} INFO - [2024-11-06T07:11:21.039+0000] {dagbag.py:538} INFO - Filling up the DagBag from /home/airflow/.local/lib/python3.8/site-packages/airflow/example_dags/example_branch_labels.py
[2024-11-06T07:11:21.048+0000] {processor.py:840} INFO - DAG(s) 'example_branch_labels' retrieved from /home/airflow/.local/lib/python3.8/site-packages/airflow/example_dags/example_branch_labels.py
[2024-11-06T07:11:21.074+0000] {logging_mixin.py:188} INFO - [2024-11-06T07:11:21.074+0000] {dag.py:3036} INFO - Sync 1 DAGs
[2024-11-06T07:11:21.102+0000] {logging_mixin.py:188} INFO - [2024-11-06T07:11:21.101+0000] {dag.py:3823} INFO - Setting next_dagrun for example_branch_labels to 2024-11-05 00:00:00+00:00, run_after=2024-11-06 00:00:00+00:00
[2024-11-06T07:11:21.129+0000] {processor.py:183} INFO - Processing /home/airflow/.local/lib/python3.8/site-packages/airflow/example_dags/example_branch_labels.py took 0.096 seconds
[2024-11-06T07:11:51.337+0000] {processor.py:161} INFO - Started process (PID=1374) to work on /home/airflow/.local/lib/python3.8/site-packages/airflow/example_dags/example_branch_labels.py
[2024-11-06T07:11:51.338+0000] {processor.py:830} INFO - Processing file /home/airflow/.local/lib/python3.8/site-packages/airflow/example_dags/example_branch_labels.py for tasks to queue
[2024-11-06T07:11:51.346+0000] {logging_mixin.py:188} INFO - [2024-11-06T07:11:51.346+0000] {dagbag.py:538} INFO - Filling up the DagBag from /home/airflow/.local/lib/python3.8/site-packages/airflow/example_dags/example_branch_labels.py
[2024-11-06T07:11:51.365+0000] {processor.py:840} INFO - DAG(s) 'example_branch_labels' retrieved from /home/airflow/.local/lib/python3.8/site-packages/airflow/example_dags/example_branch_labels.py
[2024-11-06T07:11:51.388+0000] {logging_mixin.py:188} INFO - [2024-11-06T07:11:51.388+0000] {dag.py:3036} INFO - Sync 1 DAGs
[2024-11-06T07:11:51.415+0000] {logging_mixin.py:188} INFO - [2024-11-06T07:11:51.415+0000] {dag.py:3823} INFO - Setting next_dagrun for example_branch_labels to 2024-11-05 00:00:00+00:00, run_after=2024-11-06 00:00:00+00:00
[2024-11-06T07:11:51.437+0000] {processor.py:183} INFO - Processing /home/airflow/.local/lib/python3.8/site-packages/airflow/example_dags/example_branch_labels.py took 0.103 seconds
[2024-11-06T07:12:22.372+0000] {processor.py:161} INFO - Started process (PID=1431) to work on /home/airflow/.local/lib/python3.8/site-packages/airflow/example_dags/example_branch_labels.py
[2024-11-06T07:12:22.373+0000] {processor.py:830} INFO - Processing file /home/airflow/.local/lib/python3.8/site-packages/airflow/example_dags/example_branch_labels.py for tasks to queue
[2024-11-06T07:12:22.375+0000] {logging_mixin.py:188} INFO - [2024-11-06T07:12:22.374+0000] {dagbag.py:538} INFO - Filling up the DagBag from /home/airflow/.local/lib/python3.8/site-packages/airflow/example_dags/example_branch_labels.py
[2024-11-06T07:12:22.384+0000] {processor.py:840} INFO - DAG(s) 'example_branch_labels' retrieved from /home/airflow/.local/lib/python3.8/site-packages/airflow/example_dags/example_branch_labels.py
[2024-11-06T07:12:22.411+0000] {logging_mixin.py:188} INFO - [2024-11-06T07:12:22.410+0000] {dag.py:3036} INFO - Sync 1 DAGs
[2024-11-06T07:12:22.440+0000] {logging_mixin.py:188} INFO - [2024-11-06T07:12:22.440+0000] {dag.py:3823} INFO - Setting next_dagrun for example_branch_labels to 2024-11-05 00:00:00+00:00, run_after=2024-11-06 00:00:00+00:00
[2024-11-06T07:12:22.465+0000] {processor.py:183} INFO - Processing /home/airflow/.local/lib/python3.8/site-packages/airflow/example_dags/example_branch_labels.py took 0.096 seconds
[2024-11-06T07:14:13.058+0000] {processor.py:161} INFO - Started process (PID=110) to work on /home/airflow/.local/lib/python3.8/site-packages/airflow/example_dags/example_branch_labels.py
[2024-11-06T07:14:13.076+0000] {processor.py:830} INFO - Processing file /home/airflow/.local/lib/python3.8/site-packages/airflow/example_dags/example_branch_labels.py for tasks to queue
[2024-11-06T07:14:13.083+0000] {logging_mixin.py:188} INFO - [2024-11-06T07:14:13.078+0000] {dagbag.py:538} INFO - Filling up the DagBag from /home/airflow/.local/lib/python3.8/site-packages/airflow/example_dags/example_branch_labels.py
[2024-11-06T07:14:13.151+0000] {processor.py:840} INFO - DAG(s) 'example_branch_labels' retrieved from /home/airflow/.local/lib/python3.8/site-packages/airflow/example_dags/example_branch_labels.py
[2024-11-06T07:14:13.754+0000] {logging_mixin.py:188} INFO - [2024-11-06T07:14:13.753+0000] {dag.py:3036} INFO - Sync 1 DAGs
[2024-11-06T07:14:13.912+0000] {logging_mixin.py:188} INFO - [2024-11-06T07:14:13.905+0000] {dag.py:3823} INFO - Setting next_dagrun for example_branch_labels to 2024-11-05 00:00:00+00:00, run_after=2024-11-06 00:00:00+00:00
[2024-11-06T07:14:14.014+0000] {processor.py:183} INFO - Processing /home/airflow/.local/lib/python3.8/site-packages/airflow/example_dags/example_branch_labels.py took 0.965 seconds
[2024-11-06T07:14:44.115+0000] {processor.py:161} INFO - Started process (PID=168) to work on /home/airflow/.local/lib/python3.8/site-packages/airflow/example_dags/example_branch_labels.py
[2024-11-06T07:14:44.115+0000] {processor.py:830} INFO - Processing file /home/airflow/.local/lib/python3.8/site-packages/airflow/example_dags/example_branch_labels.py for tasks to queue
[2024-11-06T07:14:44.117+0000] {logging_mixin.py:188} INFO - [2024-11-06T07:14:44.116+0000] {dagbag.py:538} INFO - Filling up the DagBag from /home/airflow/.local/lib/python3.8/site-packages/airflow/example_dags/example_branch_labels.py
[2024-11-06T07:14:44.123+0000] {processor.py:840} INFO - DAG(s) 'example_branch_labels' retrieved from /home/airflow/.local/lib/python3.8/site-packages/airflow/example_dags/example_branch_labels.py
[2024-11-06T07:14:44.140+0000] {logging_mixin.py:188} INFO - [2024-11-06T07:14:44.140+0000] {dag.py:3036} INFO - Sync 1 DAGs
[2024-11-06T07:14:44.157+0000] {logging_mixin.py:188} INFO - [2024-11-06T07:14:44.157+0000] {dag.py:3823} INFO - Setting next_dagrun for example_branch_labels to 2024-11-05 00:00:00+00:00, run_after=2024-11-06 00:00:00+00:00
[2024-11-06T07:14:44.176+0000] {processor.py:183} INFO - Processing /home/airflow/.local/lib/python3.8/site-packages/airflow/example_dags/example_branch_labels.py took 0.064 seconds
[2024-11-06T07:15:14.973+0000] {processor.py:161} INFO - Started process (PID=225) to work on /home/airflow/.local/lib/python3.8/site-packages/airflow/example_dags/example_branch_labels.py
[2024-11-06T07:15:14.974+0000] {processor.py:830} INFO - Processing file /home/airflow/.local/lib/python3.8/site-packages/airflow/example_dags/example_branch_labels.py for tasks to queue
[2024-11-06T07:15:14.976+0000] {logging_mixin.py:188} INFO - [2024-11-06T07:15:14.976+0000] {dagbag.py:538} INFO - Filling up the DagBag from /home/airflow/.local/lib/python3.8/site-packages/airflow/example_dags/example_branch_labels.py
[2024-11-06T07:15:14.985+0000] {processor.py:840} INFO - DAG(s) 'example_branch_labels' retrieved from /home/airflow/.local/lib/python3.8/site-packages/airflow/example_dags/example_branch_labels.py
[2024-11-06T07:15:15.029+0000] {logging_mixin.py:188} INFO - [2024-11-06T07:15:15.029+0000] {dag.py:3036} INFO - Sync 1 DAGs
[2024-11-06T07:15:15.057+0000] {logging_mixin.py:188} INFO - [2024-11-06T07:15:15.056+0000] {dag.py:3823} INFO - Setting next_dagrun for example_branch_labels to 2024-11-05 00:00:00+00:00, run_after=2024-11-06 00:00:00+00:00
[2024-11-06T07:15:15.092+0000] {processor.py:183} INFO - Processing /home/airflow/.local/lib/python3.8/site-packages/airflow/example_dags/example_branch_labels.py took 0.122 seconds
