[2024-11-06T07:00:26.769+0000] {processor.py:161} INFO - Started process (PID=78) to work on /home/airflow/.local/lib/python3.8/site-packages/airflow/example_dags/example_params_trigger_ui.py
[2024-11-06T07:00:26.770+0000] {processor.py:830} INFO - Processing file /home/airflow/.local/lib/python3.8/site-packages/airflow/example_dags/example_params_trigger_ui.py for tasks to queue
[2024-11-06T07:00:26.780+0000] {logging_mixin.py:188} INFO - [2024-11-06T07:00:26.780+0000] {dagbag.py:538} INFO - Filling up the DagBag from /home/airflow/.local/lib/python3.8/site-packages/airflow/example_dags/example_params_trigger_ui.py
[2024-11-06T07:00:26.864+0000] {processor.py:840} INFO - DAG(s) 'example_params_trigger_ui' retrieved from /home/airflow/.local/lib/python3.8/site-packages/airflow/example_dags/example_params_trigger_ui.py
[2024-11-06T07:00:27.377+0000] {logging_mixin.py:188} INFO - [2024-11-06T07:00:27.377+0000] {dag.py:3036} INFO - Sync 1 DAGs
[2024-11-06T07:00:27.441+0000] {logging_mixin.py:188} INFO - [2024-11-06T07:00:27.441+0000] {dag.py:3823} INFO - Setting next_dagrun for example_params_trigger_ui to None, run_after=None
[2024-11-06T07:00:27.587+0000] {processor.py:183} INFO - Processing /home/airflow/.local/lib/python3.8/site-packages/airflow/example_dags/example_params_trigger_ui.py took 0.851 seconds
[2024-11-06T07:00:57.934+0000] {processor.py:161} INFO - Started process (PID=135) to work on /home/airflow/.local/lib/python3.8/site-packages/airflow/example_dags/example_params_trigger_ui.py
[2024-11-06T07:00:57.935+0000] {processor.py:830} INFO - Processing file /home/airflow/.local/lib/python3.8/site-packages/airflow/example_dags/example_params_trigger_ui.py for tasks to queue
[2024-11-06T07:00:57.937+0000] {logging_mixin.py:188} INFO - [2024-11-06T07:00:57.937+0000] {dagbag.py:538} INFO - Filling up the DagBag from /home/airflow/.local/lib/python3.8/site-packages/airflow/example_dags/example_params_trigger_ui.py
[2024-11-06T07:00:57.958+0000] {processor.py:840} INFO - DAG(s) 'example_params_trigger_ui' retrieved from /home/airflow/.local/lib/python3.8/site-packages/airflow/example_dags/example_params_trigger_ui.py
[2024-11-06T07:00:58.022+0000] {logging_mixin.py:188} INFO - [2024-11-06T07:00:58.022+0000] {dag.py:3036} INFO - Sync 1 DAGs
[2024-11-06T07:00:58.035+0000] {logging_mixin.py:188} INFO - [2024-11-06T07:00:58.035+0000] {dag.py:3823} INFO - Setting next_dagrun for example_params_trigger_ui to None, run_after=None
[2024-11-06T07:00:58.056+0000] {processor.py:183} INFO - Processing /home/airflow/.local/lib/python3.8/site-packages/airflow/example_dags/example_params_trigger_ui.py took 0.125 seconds
[2024-11-06T07:01:28.466+0000] {processor.py:161} INFO - Started process (PID=193) to work on /home/airflow/.local/lib/python3.8/site-packages/airflow/example_dags/example_params_trigger_ui.py
[2024-11-06T07:01:28.467+0000] {processor.py:830} INFO - Processing file /home/airflow/.local/lib/python3.8/site-packages/airflow/example_dags/example_params_trigger_ui.py for tasks to queue
[2024-11-06T07:01:28.469+0000] {logging_mixin.py:188} INFO - [2024-11-06T07:01:28.468+0000] {dagbag.py:538} INFO - Filling up the DagBag from /home/airflow/.local/lib/python3.8/site-packages/airflow/example_dags/example_params_trigger_ui.py
[2024-11-06T07:01:28.484+0000] {processor.py:840} INFO - DAG(s) 'example_params_trigger_ui' retrieved from /home/airflow/.local/lib/python3.8/site-packages/airflow/example_dags/example_params_trigger_ui.py
[2024-11-06T07:01:28.540+0000] {logging_mixin.py:188} INFO - [2024-11-06T07:01:28.540+0000] {dag.py:3036} INFO - Sync 1 DAGs
[2024-11-06T07:01:28.554+0000] {logging_mixin.py:188} INFO - [2024-11-06T07:01:28.554+0000] {dag.py:3823} INFO - Setting next_dagrun for example_params_trigger_ui to None, run_after=None
[2024-11-06T07:01:28.593+0000] {processor.py:183} INFO - Processing /home/airflow/.local/lib/python3.8/site-packages/airflow/example_dags/example_params_trigger_ui.py took 0.130 seconds
[2024-11-06T07:01:58.665+0000] {processor.py:161} INFO - Started process (PID=251) to work on /home/airflow/.local/lib/python3.8/site-packages/airflow/example_dags/example_params_trigger_ui.py
[2024-11-06T07:01:58.666+0000] {processor.py:830} INFO - Processing file /home/airflow/.local/lib/python3.8/site-packages/airflow/example_dags/example_params_trigger_ui.py for tasks to queue
[2024-11-06T07:01:58.668+0000] {logging_mixin.py:188} INFO - [2024-11-06T07:01:58.667+0000] {dagbag.py:538} INFO - Filling up the DagBag from /home/airflow/.local/lib/python3.8/site-packages/airflow/example_dags/example_params_trigger_ui.py
[2024-11-06T07:01:58.683+0000] {processor.py:840} INFO - DAG(s) 'example_params_trigger_ui' retrieved from /home/airflow/.local/lib/python3.8/site-packages/airflow/example_dags/example_params_trigger_ui.py
[2024-11-06T07:01:58.742+0000] {logging_mixin.py:188} INFO - [2024-11-06T07:01:58.742+0000] {dag.py:3036} INFO - Sync 1 DAGs
[2024-11-06T07:01:58.752+0000] {logging_mixin.py:188} INFO - [2024-11-06T07:01:58.751+0000] {dag.py:3823} INFO - Setting next_dagrun for example_params_trigger_ui to None, run_after=None
[2024-11-06T07:01:58.773+0000] {processor.py:183} INFO - Processing /home/airflow/.local/lib/python3.8/site-packages/airflow/example_dags/example_params_trigger_ui.py took 0.112 seconds
[2024-11-06T07:02:29.499+0000] {processor.py:161} INFO - Started process (PID=308) to work on /home/airflow/.local/lib/python3.8/site-packages/airflow/example_dags/example_params_trigger_ui.py
[2024-11-06T07:02:29.500+0000] {processor.py:830} INFO - Processing file /home/airflow/.local/lib/python3.8/site-packages/airflow/example_dags/example_params_trigger_ui.py for tasks to queue
[2024-11-06T07:02:29.502+0000] {logging_mixin.py:188} INFO - [2024-11-06T07:02:29.502+0000] {dagbag.py:538} INFO - Filling up the DagBag from /home/airflow/.local/lib/python3.8/site-packages/airflow/example_dags/example_params_trigger_ui.py
[2024-11-06T07:02:29.523+0000] {processor.py:840} INFO - DAG(s) 'example_params_trigger_ui' retrieved from /home/airflow/.local/lib/python3.8/site-packages/airflow/example_dags/example_params_trigger_ui.py
[2024-11-06T07:02:29.588+0000] {logging_mixin.py:188} INFO - [2024-11-06T07:02:29.588+0000] {dag.py:3036} INFO - Sync 1 DAGs
[2024-11-06T07:02:29.598+0000] {logging_mixin.py:188} INFO - [2024-11-06T07:02:29.598+0000] {dag.py:3823} INFO - Setting next_dagrun for example_params_trigger_ui to None, run_after=None
[2024-11-06T07:02:29.627+0000] {processor.py:183} INFO - Processing /home/airflow/.local/lib/python3.8/site-packages/airflow/example_dags/example_params_trigger_ui.py took 0.132 seconds
[2024-11-06T07:02:59.812+0000] {processor.py:161} INFO - Started process (PID=366) to work on /home/airflow/.local/lib/python3.8/site-packages/airflow/example_dags/example_params_trigger_ui.py
[2024-11-06T07:02:59.814+0000] {processor.py:830} INFO - Processing file /home/airflow/.local/lib/python3.8/site-packages/airflow/example_dags/example_params_trigger_ui.py for tasks to queue
[2024-11-06T07:02:59.818+0000] {logging_mixin.py:188} INFO - [2024-11-06T07:02:59.818+0000] {dagbag.py:538} INFO - Filling up the DagBag from /home/airflow/.local/lib/python3.8/site-packages/airflow/example_dags/example_params_trigger_ui.py
[2024-11-06T07:02:59.834+0000] {processor.py:840} INFO - DAG(s) 'example_params_trigger_ui' retrieved from /home/airflow/.local/lib/python3.8/site-packages/airflow/example_dags/example_params_trigger_ui.py
[2024-11-06T07:02:59.972+0000] {logging_mixin.py:188} INFO - [2024-11-06T07:02:59.971+0000] {dag.py:3036} INFO - Sync 1 DAGs
[2024-11-06T07:03:00.021+0000] {logging_mixin.py:188} INFO - [2024-11-06T07:03:00.021+0000] {dag.py:3823} INFO - Setting next_dagrun for example_params_trigger_ui to None, run_after=None
[2024-11-06T07:03:00.049+0000] {processor.py:183} INFO - Processing /home/airflow/.local/lib/python3.8/site-packages/airflow/example_dags/example_params_trigger_ui.py took 0.240 seconds
[2024-11-06T07:03:30.737+0000] {processor.py:161} INFO - Started process (PID=424) to work on /home/airflow/.local/lib/python3.8/site-packages/airflow/example_dags/example_params_trigger_ui.py
[2024-11-06T07:03:30.742+0000] {processor.py:830} INFO - Processing file /home/airflow/.local/lib/python3.8/site-packages/airflow/example_dags/example_params_trigger_ui.py for tasks to queue
[2024-11-06T07:03:30.747+0000] {logging_mixin.py:188} INFO - [2024-11-06T07:03:30.747+0000] {dagbag.py:538} INFO - Filling up the DagBag from /home/airflow/.local/lib/python3.8/site-packages/airflow/example_dags/example_params_trigger_ui.py
[2024-11-06T07:03:30.785+0000] {processor.py:840} INFO - DAG(s) 'example_params_trigger_ui' retrieved from /home/airflow/.local/lib/python3.8/site-packages/airflow/example_dags/example_params_trigger_ui.py
[2024-11-06T07:03:30.917+0000] {logging_mixin.py:188} INFO - [2024-11-06T07:03:30.917+0000] {dag.py:3036} INFO - Sync 1 DAGs
[2024-11-06T07:03:30.932+0000] {logging_mixin.py:188} INFO - [2024-11-06T07:03:30.932+0000] {dag.py:3823} INFO - Setting next_dagrun for example_params_trigger_ui to None, run_after=None
[2024-11-06T07:03:30.955+0000] {processor.py:183} INFO - Processing /home/airflow/.local/lib/python3.8/site-packages/airflow/example_dags/example_params_trigger_ui.py took 0.221 seconds
[2024-11-06T07:04:01.850+0000] {processor.py:161} INFO - Started process (PID=481) to work on /home/airflow/.local/lib/python3.8/site-packages/airflow/example_dags/example_params_trigger_ui.py
[2024-11-06T07:04:01.851+0000] {processor.py:830} INFO - Processing file /home/airflow/.local/lib/python3.8/site-packages/airflow/example_dags/example_params_trigger_ui.py for tasks to queue
[2024-11-06T07:04:01.853+0000] {logging_mixin.py:188} INFO - [2024-11-06T07:04:01.853+0000] {dagbag.py:538} INFO - Filling up the DagBag from /home/airflow/.local/lib/python3.8/site-packages/airflow/example_dags/example_params_trigger_ui.py
[2024-11-06T07:04:01.869+0000] {processor.py:840} INFO - DAG(s) 'example_params_trigger_ui' retrieved from /home/airflow/.local/lib/python3.8/site-packages/airflow/example_dags/example_params_trigger_ui.py
[2024-11-06T07:04:01.936+0000] {logging_mixin.py:188} INFO - [2024-11-06T07:04:01.936+0000] {dag.py:3036} INFO - Sync 1 DAGs
[2024-11-06T07:04:01.950+0000] {logging_mixin.py:188} INFO - [2024-11-06T07:04:01.950+0000] {dag.py:3823} INFO - Setting next_dagrun for example_params_trigger_ui to None, run_after=None
[2024-11-06T07:04:01.969+0000] {processor.py:183} INFO - Processing /home/airflow/.local/lib/python3.8/site-packages/airflow/example_dags/example_params_trigger_ui.py took 0.128 seconds
[2024-11-06T07:04:32.123+0000] {processor.py:161} INFO - Started process (PID=539) to work on /home/airflow/.local/lib/python3.8/site-packages/airflow/example_dags/example_params_trigger_ui.py
[2024-11-06T07:04:32.131+0000] {processor.py:830} INFO - Processing file /home/airflow/.local/lib/python3.8/site-packages/airflow/example_dags/example_params_trigger_ui.py for tasks to queue
[2024-11-06T07:04:32.133+0000] {logging_mixin.py:188} INFO - [2024-11-06T07:04:32.132+0000] {dagbag.py:538} INFO - Filling up the DagBag from /home/airflow/.local/lib/python3.8/site-packages/airflow/example_dags/example_params_trigger_ui.py
[2024-11-06T07:04:32.157+0000] {processor.py:840} INFO - DAG(s) 'example_params_trigger_ui' retrieved from /home/airflow/.local/lib/python3.8/site-packages/airflow/example_dags/example_params_trigger_ui.py
[2024-11-06T07:04:32.294+0000] {logging_mixin.py:188} INFO - [2024-11-06T07:04:32.294+0000] {dag.py:3036} INFO - Sync 1 DAGs
[2024-11-06T07:04:32.308+0000] {logging_mixin.py:188} INFO - [2024-11-06T07:04:32.307+0000] {dag.py:3823} INFO - Setting next_dagrun for example_params_trigger_ui to None, run_after=None
[2024-11-06T07:04:32.334+0000] {processor.py:183} INFO - Processing /home/airflow/.local/lib/python3.8/site-packages/airflow/example_dags/example_params_trigger_ui.py took 0.214 seconds
[2024-11-06T07:05:02.455+0000] {processor.py:161} INFO - Started process (PID=596) to work on /home/airflow/.local/lib/python3.8/site-packages/airflow/example_dags/example_params_trigger_ui.py
[2024-11-06T07:05:02.456+0000] {processor.py:830} INFO - Processing file /home/airflow/.local/lib/python3.8/site-packages/airflow/example_dags/example_params_trigger_ui.py for tasks to queue
[2024-11-06T07:05:02.459+0000] {logging_mixin.py:188} INFO - [2024-11-06T07:05:02.458+0000] {dagbag.py:538} INFO - Filling up the DagBag from /home/airflow/.local/lib/python3.8/site-packages/airflow/example_dags/example_params_trigger_ui.py
[2024-11-06T07:05:02.475+0000] {processor.py:840} INFO - DAG(s) 'example_params_trigger_ui' retrieved from /home/airflow/.local/lib/python3.8/site-packages/airflow/example_dags/example_params_trigger_ui.py
[2024-11-06T07:05:02.547+0000] {logging_mixin.py:188} INFO - [2024-11-06T07:05:02.547+0000] {dag.py:3036} INFO - Sync 1 DAGs
[2024-11-06T07:05:02.557+0000] {logging_mixin.py:188} INFO - [2024-11-06T07:05:02.556+0000] {dag.py:3823} INFO - Setting next_dagrun for example_params_trigger_ui to None, run_after=None
[2024-11-06T07:05:02.576+0000] {processor.py:183} INFO - Processing /home/airflow/.local/lib/python3.8/site-packages/airflow/example_dags/example_params_trigger_ui.py took 0.124 seconds
[2024-11-06T07:05:32.665+0000] {processor.py:161} INFO - Started process (PID=653) to work on /home/airflow/.local/lib/python3.8/site-packages/airflow/example_dags/example_params_trigger_ui.py
[2024-11-06T07:05:32.666+0000] {processor.py:830} INFO - Processing file /home/airflow/.local/lib/python3.8/site-packages/airflow/example_dags/example_params_trigger_ui.py for tasks to queue
[2024-11-06T07:05:32.668+0000] {logging_mixin.py:188} INFO - [2024-11-06T07:05:32.668+0000] {dagbag.py:538} INFO - Filling up the DagBag from /home/airflow/.local/lib/python3.8/site-packages/airflow/example_dags/example_params_trigger_ui.py
[2024-11-06T07:05:32.687+0000] {processor.py:840} INFO - DAG(s) 'example_params_trigger_ui' retrieved from /home/airflow/.local/lib/python3.8/site-packages/airflow/example_dags/example_params_trigger_ui.py
[2024-11-06T07:05:32.769+0000] {logging_mixin.py:188} INFO - [2024-11-06T07:05:32.769+0000] {dag.py:3036} INFO - Sync 1 DAGs
[2024-11-06T07:05:32.787+0000] {logging_mixin.py:188} INFO - [2024-11-06T07:05:32.787+0000] {dag.py:3823} INFO - Setting next_dagrun for example_params_trigger_ui to None, run_after=None
[2024-11-06T07:05:32.811+0000] {processor.py:183} INFO - Processing /home/airflow/.local/lib/python3.8/site-packages/airflow/example_dags/example_params_trigger_ui.py took 0.150 seconds
[2024-11-06T07:06:03.091+0000] {processor.py:161} INFO - Started process (PID=710) to work on /home/airflow/.local/lib/python3.8/site-packages/airflow/example_dags/example_params_trigger_ui.py
[2024-11-06T07:06:03.092+0000] {processor.py:830} INFO - Processing file /home/airflow/.local/lib/python3.8/site-packages/airflow/example_dags/example_params_trigger_ui.py for tasks to queue
[2024-11-06T07:06:03.095+0000] {logging_mixin.py:188} INFO - [2024-11-06T07:06:03.095+0000] {dagbag.py:538} INFO - Filling up the DagBag from /home/airflow/.local/lib/python3.8/site-packages/airflow/example_dags/example_params_trigger_ui.py
[2024-11-06T07:06:03.107+0000] {processor.py:840} INFO - DAG(s) 'example_params_trigger_ui' retrieved from /home/airflow/.local/lib/python3.8/site-packages/airflow/example_dags/example_params_trigger_ui.py
[2024-11-06T07:06:03.156+0000] {logging_mixin.py:188} INFO - [2024-11-06T07:06:03.156+0000] {dag.py:3036} INFO - Sync 1 DAGs
[2024-11-06T07:06:03.166+0000] {logging_mixin.py:188} INFO - [2024-11-06T07:06:03.166+0000] {dag.py:3823} INFO - Setting next_dagrun for example_params_trigger_ui to None, run_after=None
[2024-11-06T07:06:03.187+0000] {processor.py:183} INFO - Processing /home/airflow/.local/lib/python3.8/site-packages/airflow/example_dags/example_params_trigger_ui.py took 0.099 seconds
[2024-11-06T07:06:33.714+0000] {processor.py:161} INFO - Started process (PID=767) to work on /home/airflow/.local/lib/python3.8/site-packages/airflow/example_dags/example_params_trigger_ui.py
[2024-11-06T07:06:33.715+0000] {processor.py:830} INFO - Processing file /home/airflow/.local/lib/python3.8/site-packages/airflow/example_dags/example_params_trigger_ui.py for tasks to queue
[2024-11-06T07:06:33.717+0000] {logging_mixin.py:188} INFO - [2024-11-06T07:06:33.717+0000] {dagbag.py:538} INFO - Filling up the DagBag from /home/airflow/.local/lib/python3.8/site-packages/airflow/example_dags/example_params_trigger_ui.py
[2024-11-06T07:06:33.733+0000] {processor.py:840} INFO - DAG(s) 'example_params_trigger_ui' retrieved from /home/airflow/.local/lib/python3.8/site-packages/airflow/example_dags/example_params_trigger_ui.py
[2024-11-06T07:06:33.799+0000] {logging_mixin.py:188} INFO - [2024-11-06T07:06:33.799+0000] {dag.py:3036} INFO - Sync 1 DAGs
[2024-11-06T07:06:33.810+0000] {logging_mixin.py:188} INFO - [2024-11-06T07:06:33.810+0000] {dag.py:3823} INFO - Setting next_dagrun for example_params_trigger_ui to None, run_after=None
[2024-11-06T07:06:33.837+0000] {processor.py:183} INFO - Processing /home/airflow/.local/lib/python3.8/site-packages/airflow/example_dags/example_params_trigger_ui.py took 0.126 seconds
[2024-11-06T07:07:04.405+0000] {processor.py:161} INFO - Started process (PID=825) to work on /home/airflow/.local/lib/python3.8/site-packages/airflow/example_dags/example_params_trigger_ui.py
[2024-11-06T07:07:04.406+0000] {processor.py:830} INFO - Processing file /home/airflow/.local/lib/python3.8/site-packages/airflow/example_dags/example_params_trigger_ui.py for tasks to queue
[2024-11-06T07:07:04.408+0000] {logging_mixin.py:188} INFO - [2024-11-06T07:07:04.407+0000] {dagbag.py:538} INFO - Filling up the DagBag from /home/airflow/.local/lib/python3.8/site-packages/airflow/example_dags/example_params_trigger_ui.py
[2024-11-06T07:07:04.424+0000] {processor.py:840} INFO - DAG(s) 'example_params_trigger_ui' retrieved from /home/airflow/.local/lib/python3.8/site-packages/airflow/example_dags/example_params_trigger_ui.py
[2024-11-06T07:07:04.491+0000] {logging_mixin.py:188} INFO - [2024-11-06T07:07:04.491+0000] {dag.py:3036} INFO - Sync 1 DAGs
[2024-11-06T07:07:04.501+0000] {logging_mixin.py:188} INFO - [2024-11-06T07:07:04.501+0000] {dag.py:3823} INFO - Setting next_dagrun for example_params_trigger_ui to None, run_after=None
[2024-11-06T07:07:04.520+0000] {processor.py:183} INFO - Processing /home/airflow/.local/lib/python3.8/site-packages/airflow/example_dags/example_params_trigger_ui.py took 0.119 seconds
[2024-11-06T07:07:35.194+0000] {processor.py:161} INFO - Started process (PID=882) to work on /home/airflow/.local/lib/python3.8/site-packages/airflow/example_dags/example_params_trigger_ui.py
[2024-11-06T07:07:35.195+0000] {processor.py:830} INFO - Processing file /home/airflow/.local/lib/python3.8/site-packages/airflow/example_dags/example_params_trigger_ui.py for tasks to queue
[2024-11-06T07:07:35.197+0000] {logging_mixin.py:188} INFO - [2024-11-06T07:07:35.196+0000] {dagbag.py:538} INFO - Filling up the DagBag from /home/airflow/.local/lib/python3.8/site-packages/airflow/example_dags/example_params_trigger_ui.py
[2024-11-06T07:07:35.213+0000] {processor.py:840} INFO - DAG(s) 'example_params_trigger_ui' retrieved from /home/airflow/.local/lib/python3.8/site-packages/airflow/example_dags/example_params_trigger_ui.py
[2024-11-06T07:07:35.284+0000] {logging_mixin.py:188} INFO - [2024-11-06T07:07:35.283+0000] {dag.py:3036} INFO - Sync 1 DAGs
[2024-11-06T07:07:35.293+0000] {logging_mixin.py:188} INFO - [2024-11-06T07:07:35.293+0000] {dag.py:3823} INFO - Setting next_dagrun for example_params_trigger_ui to None, run_after=None
[2024-11-06T07:07:35.311+0000] {processor.py:183} INFO - Processing /home/airflow/.local/lib/python3.8/site-packages/airflow/example_dags/example_params_trigger_ui.py took 0.130 seconds
[2024-11-06T07:08:05.347+0000] {processor.py:161} INFO - Started process (PID=940) to work on /home/airflow/.local/lib/python3.8/site-packages/airflow/example_dags/example_params_trigger_ui.py
[2024-11-06T07:08:05.348+0000] {processor.py:830} INFO - Processing file /home/airflow/.local/lib/python3.8/site-packages/airflow/example_dags/example_params_trigger_ui.py for tasks to queue
[2024-11-06T07:08:05.350+0000] {logging_mixin.py:188} INFO - [2024-11-06T07:08:05.350+0000] {dagbag.py:538} INFO - Filling up the DagBag from /home/airflow/.local/lib/python3.8/site-packages/airflow/example_dags/example_params_trigger_ui.py
[2024-11-06T07:08:05.366+0000] {processor.py:840} INFO - DAG(s) 'example_params_trigger_ui' retrieved from /home/airflow/.local/lib/python3.8/site-packages/airflow/example_dags/example_params_trigger_ui.py
[2024-11-06T07:08:05.457+0000] {logging_mixin.py:188} INFO - [2024-11-06T07:08:05.457+0000] {dag.py:3036} INFO - Sync 1 DAGs
[2024-11-06T07:08:05.473+0000] {logging_mixin.py:188} INFO - [2024-11-06T07:08:05.473+0000] {dag.py:3823} INFO - Setting next_dagrun for example_params_trigger_ui to None, run_after=None
[2024-11-06T07:08:05.494+0000] {processor.py:183} INFO - Processing /home/airflow/.local/lib/python3.8/site-packages/airflow/example_dags/example_params_trigger_ui.py took 0.150 seconds
[2024-11-06T07:08:35.732+0000] {processor.py:161} INFO - Started process (PID=998) to work on /home/airflow/.local/lib/python3.8/site-packages/airflow/example_dags/example_params_trigger_ui.py
[2024-11-06T07:08:35.732+0000] {processor.py:830} INFO - Processing file /home/airflow/.local/lib/python3.8/site-packages/airflow/example_dags/example_params_trigger_ui.py for tasks to queue
[2024-11-06T07:08:35.734+0000] {logging_mixin.py:188} INFO - [2024-11-06T07:08:35.734+0000] {dagbag.py:538} INFO - Filling up the DagBag from /home/airflow/.local/lib/python3.8/site-packages/airflow/example_dags/example_params_trigger_ui.py
[2024-11-06T07:08:35.747+0000] {processor.py:840} INFO - DAG(s) 'example_params_trigger_ui' retrieved from /home/airflow/.local/lib/python3.8/site-packages/airflow/example_dags/example_params_trigger_ui.py
[2024-11-06T07:08:35.789+0000] {logging_mixin.py:188} INFO - [2024-11-06T07:08:35.789+0000] {dag.py:3036} INFO - Sync 1 DAGs
[2024-11-06T07:08:35.799+0000] {logging_mixin.py:188} INFO - [2024-11-06T07:08:35.798+0000] {dag.py:3823} INFO - Setting next_dagrun for example_params_trigger_ui to None, run_after=None
[2024-11-06T07:08:35.817+0000] {processor.py:183} INFO - Processing /home/airflow/.local/lib/python3.8/site-packages/airflow/example_dags/example_params_trigger_ui.py took 0.088 seconds
[2024-11-06T07:09:06.218+0000] {processor.py:161} INFO - Started process (PID=1055) to work on /home/airflow/.local/lib/python3.8/site-packages/airflow/example_dags/example_params_trigger_ui.py
[2024-11-06T07:09:06.219+0000] {processor.py:830} INFO - Processing file /home/airflow/.local/lib/python3.8/site-packages/airflow/example_dags/example_params_trigger_ui.py for tasks to queue
[2024-11-06T07:09:06.220+0000] {logging_mixin.py:188} INFO - [2024-11-06T07:09:06.220+0000] {dagbag.py:538} INFO - Filling up the DagBag from /home/airflow/.local/lib/python3.8/site-packages/airflow/example_dags/example_params_trigger_ui.py
[2024-11-06T07:09:06.235+0000] {processor.py:840} INFO - DAG(s) 'example_params_trigger_ui' retrieved from /home/airflow/.local/lib/python3.8/site-packages/airflow/example_dags/example_params_trigger_ui.py
[2024-11-06T07:09:06.277+0000] {logging_mixin.py:188} INFO - [2024-11-06T07:09:06.277+0000] {dag.py:3036} INFO - Sync 1 DAGs
[2024-11-06T07:09:06.287+0000] {logging_mixin.py:188} INFO - [2024-11-06T07:09:06.287+0000] {dag.py:3823} INFO - Setting next_dagrun for example_params_trigger_ui to None, run_after=None
[2024-11-06T07:09:06.312+0000] {processor.py:183} INFO - Processing /home/airflow/.local/lib/python3.8/site-packages/airflow/example_dags/example_params_trigger_ui.py took 0.098 seconds
[2024-11-06T07:09:36.985+0000] {processor.py:161} INFO - Started process (PID=1113) to work on /home/airflow/.local/lib/python3.8/site-packages/airflow/example_dags/example_params_trigger_ui.py
[2024-11-06T07:09:36.986+0000] {processor.py:830} INFO - Processing file /home/airflow/.local/lib/python3.8/site-packages/airflow/example_dags/example_params_trigger_ui.py for tasks to queue
[2024-11-06T07:09:36.987+0000] {logging_mixin.py:188} INFO - [2024-11-06T07:09:36.987+0000] {dagbag.py:538} INFO - Filling up the DagBag from /home/airflow/.local/lib/python3.8/site-packages/airflow/example_dags/example_params_trigger_ui.py
[2024-11-06T07:09:36.998+0000] {processor.py:840} INFO - DAG(s) 'example_params_trigger_ui' retrieved from /home/airflow/.local/lib/python3.8/site-packages/airflow/example_dags/example_params_trigger_ui.py
[2024-11-06T07:09:37.039+0000] {logging_mixin.py:188} INFO - [2024-11-06T07:09:37.039+0000] {dag.py:3036} INFO - Sync 1 DAGs
[2024-11-06T07:09:37.049+0000] {logging_mixin.py:188} INFO - [2024-11-06T07:09:37.049+0000] {dag.py:3823} INFO - Setting next_dagrun for example_params_trigger_ui to None, run_after=None
[2024-11-06T07:09:37.069+0000] {processor.py:183} INFO - Processing /home/airflow/.local/lib/python3.8/site-packages/airflow/example_dags/example_params_trigger_ui.py took 0.088 seconds
[2024-11-06T07:10:07.418+0000] {processor.py:161} INFO - Started process (PID=1170) to work on /home/airflow/.local/lib/python3.8/site-packages/airflow/example_dags/example_params_trigger_ui.py
[2024-11-06T07:10:07.419+0000] {processor.py:830} INFO - Processing file /home/airflow/.local/lib/python3.8/site-packages/airflow/example_dags/example_params_trigger_ui.py for tasks to queue
[2024-11-06T07:10:07.421+0000] {logging_mixin.py:188} INFO - [2024-11-06T07:10:07.421+0000] {dagbag.py:538} INFO - Filling up the DagBag from /home/airflow/.local/lib/python3.8/site-packages/airflow/example_dags/example_params_trigger_ui.py
[2024-11-06T07:10:07.437+0000] {processor.py:840} INFO - DAG(s) 'example_params_trigger_ui' retrieved from /home/airflow/.local/lib/python3.8/site-packages/airflow/example_dags/example_params_trigger_ui.py
[2024-11-06T07:10:07.482+0000] {logging_mixin.py:188} INFO - [2024-11-06T07:10:07.482+0000] {dag.py:3036} INFO - Sync 1 DAGs
[2024-11-06T07:10:07.492+0000] {logging_mixin.py:188} INFO - [2024-11-06T07:10:07.492+0000] {dag.py:3823} INFO - Setting next_dagrun for example_params_trigger_ui to None, run_after=None
[2024-11-06T07:10:07.513+0000] {processor.py:183} INFO - Processing /home/airflow/.local/lib/python3.8/site-packages/airflow/example_dags/example_params_trigger_ui.py took 0.100 seconds
[2024-11-06T07:10:37.828+0000] {processor.py:161} INFO - Started process (PID=1227) to work on /home/airflow/.local/lib/python3.8/site-packages/airflow/example_dags/example_params_trigger_ui.py
[2024-11-06T07:10:37.829+0000] {processor.py:830} INFO - Processing file /home/airflow/.local/lib/python3.8/site-packages/airflow/example_dags/example_params_trigger_ui.py for tasks to queue
[2024-11-06T07:10:37.831+0000] {logging_mixin.py:188} INFO - [2024-11-06T07:10:37.831+0000] {dagbag.py:538} INFO - Filling up the DagBag from /home/airflow/.local/lib/python3.8/site-packages/airflow/example_dags/example_params_trigger_ui.py
[2024-11-06T07:10:37.841+0000] {processor.py:840} INFO - DAG(s) 'example_params_trigger_ui' retrieved from /home/airflow/.local/lib/python3.8/site-packages/airflow/example_dags/example_params_trigger_ui.py
[2024-11-06T07:10:37.894+0000] {logging_mixin.py:188} INFO - [2024-11-06T07:10:37.894+0000] {dag.py:3036} INFO - Sync 1 DAGs
[2024-11-06T07:10:37.904+0000] {logging_mixin.py:188} INFO - [2024-11-06T07:10:37.904+0000] {dag.py:3823} INFO - Setting next_dagrun for example_params_trigger_ui to None, run_after=None
[2024-11-06T07:10:37.924+0000] {processor.py:183} INFO - Processing /home/airflow/.local/lib/python3.8/site-packages/airflow/example_dags/example_params_trigger_ui.py took 0.099 seconds
[2024-11-06T07:11:08.306+0000] {processor.py:161} INFO - Started process (PID=1284) to work on /home/airflow/.local/lib/python3.8/site-packages/airflow/example_dags/example_params_trigger_ui.py
[2024-11-06T07:11:08.307+0000] {processor.py:830} INFO - Processing file /home/airflow/.local/lib/python3.8/site-packages/airflow/example_dags/example_params_trigger_ui.py for tasks to queue
[2024-11-06T07:11:08.309+0000] {logging_mixin.py:188} INFO - [2024-11-06T07:11:08.308+0000] {dagbag.py:538} INFO - Filling up the DagBag from /home/airflow/.local/lib/python3.8/site-packages/airflow/example_dags/example_params_trigger_ui.py
[2024-11-06T07:11:08.335+0000] {processor.py:840} INFO - DAG(s) 'example_params_trigger_ui' retrieved from /home/airflow/.local/lib/python3.8/site-packages/airflow/example_dags/example_params_trigger_ui.py
[2024-11-06T07:11:08.457+0000] {logging_mixin.py:188} INFO - [2024-11-06T07:11:08.456+0000] {dag.py:3036} INFO - Sync 1 DAGs
[2024-11-06T07:11:08.473+0000] {logging_mixin.py:188} INFO - [2024-11-06T07:11:08.473+0000] {dag.py:3823} INFO - Setting next_dagrun for example_params_trigger_ui to None, run_after=None
[2024-11-06T07:11:08.503+0000] {processor.py:183} INFO - Processing /home/airflow/.local/lib/python3.8/site-packages/airflow/example_dags/example_params_trigger_ui.py took 0.210 seconds
[2024-11-06T07:11:38.676+0000] {processor.py:161} INFO - Started process (PID=1341) to work on /home/airflow/.local/lib/python3.8/site-packages/airflow/example_dags/example_params_trigger_ui.py
[2024-11-06T07:11:38.677+0000] {processor.py:830} INFO - Processing file /home/airflow/.local/lib/python3.8/site-packages/airflow/example_dags/example_params_trigger_ui.py for tasks to queue
[2024-11-06T07:11:38.678+0000] {logging_mixin.py:188} INFO - [2024-11-06T07:11:38.678+0000] {dagbag.py:538} INFO - Filling up the DagBag from /home/airflow/.local/lib/python3.8/site-packages/airflow/example_dags/example_params_trigger_ui.py
[2024-11-06T07:11:38.691+0000] {processor.py:840} INFO - DAG(s) 'example_params_trigger_ui' retrieved from /home/airflow/.local/lib/python3.8/site-packages/airflow/example_dags/example_params_trigger_ui.py
[2024-11-06T07:11:38.755+0000] {logging_mixin.py:188} INFO - [2024-11-06T07:11:38.755+0000] {dag.py:3036} INFO - Sync 1 DAGs
[2024-11-06T07:11:38.773+0000] {logging_mixin.py:188} INFO - [2024-11-06T07:11:38.773+0000] {dag.py:3823} INFO - Setting next_dagrun for example_params_trigger_ui to None, run_after=None
[2024-11-06T07:11:38.792+0000] {processor.py:183} INFO - Processing /home/airflow/.local/lib/python3.8/site-packages/airflow/example_dags/example_params_trigger_ui.py took 0.120 seconds
[2024-11-06T07:12:09.205+0000] {processor.py:161} INFO - Started process (PID=1404) to work on /home/airflow/.local/lib/python3.8/site-packages/airflow/example_dags/example_params_trigger_ui.py
[2024-11-06T07:12:09.206+0000] {processor.py:830} INFO - Processing file /home/airflow/.local/lib/python3.8/site-packages/airflow/example_dags/example_params_trigger_ui.py for tasks to queue
[2024-11-06T07:12:09.208+0000] {logging_mixin.py:188} INFO - [2024-11-06T07:12:09.208+0000] {dagbag.py:538} INFO - Filling up the DagBag from /home/airflow/.local/lib/python3.8/site-packages/airflow/example_dags/example_params_trigger_ui.py
[2024-11-06T07:12:09.224+0000] {processor.py:840} INFO - DAG(s) 'example_params_trigger_ui' retrieved from /home/airflow/.local/lib/python3.8/site-packages/airflow/example_dags/example_params_trigger_ui.py
[2024-11-06T07:12:09.301+0000] {logging_mixin.py:188} INFO - [2024-11-06T07:12:09.300+0000] {dag.py:3036} INFO - Sync 1 DAGs
[2024-11-06T07:12:09.315+0000] {logging_mixin.py:188} INFO - [2024-11-06T07:12:09.314+0000] {dag.py:3823} INFO - Setting next_dagrun for example_params_trigger_ui to None, run_after=None
[2024-11-06T07:12:09.340+0000] {processor.py:183} INFO - Processing /home/airflow/.local/lib/python3.8/site-packages/airflow/example_dags/example_params_trigger_ui.py took 0.138 seconds
[2024-11-06T07:14:00.354+0000] {processor.py:161} INFO - Started process (PID=76) to work on /home/airflow/.local/lib/python3.8/site-packages/airflow/example_dags/example_params_trigger_ui.py
[2024-11-06T07:14:00.355+0000] {processor.py:830} INFO - Processing file /home/airflow/.local/lib/python3.8/site-packages/airflow/example_dags/example_params_trigger_ui.py for tasks to queue
[2024-11-06T07:14:00.357+0000] {logging_mixin.py:188} INFO - [2024-11-06T07:14:00.357+0000] {dagbag.py:538} INFO - Filling up the DagBag from /home/airflow/.local/lib/python3.8/site-packages/airflow/example_dags/example_params_trigger_ui.py
[2024-11-06T07:14:00.393+0000] {processor.py:840} INFO - DAG(s) 'example_params_trigger_ui' retrieved from /home/airflow/.local/lib/python3.8/site-packages/airflow/example_dags/example_params_trigger_ui.py
[2024-11-06T07:14:00.915+0000] {logging_mixin.py:188} INFO - [2024-11-06T07:14:00.915+0000] {dag.py:3036} INFO - Sync 1 DAGs
[2024-11-06T07:14:00.948+0000] {logging_mixin.py:188} INFO - [2024-11-06T07:14:00.948+0000] {dag.py:3823} INFO - Setting next_dagrun for example_params_trigger_ui to None, run_after=None
[2024-11-06T07:14:01.006+0000] {processor.py:183} INFO - Processing /home/airflow/.local/lib/python3.8/site-packages/airflow/example_dags/example_params_trigger_ui.py took 0.661 seconds
[2024-11-06T07:14:31.263+0000] {processor.py:161} INFO - Started process (PID=133) to work on /home/airflow/.local/lib/python3.8/site-packages/airflow/example_dags/example_params_trigger_ui.py
[2024-11-06T07:14:31.264+0000] {processor.py:830} INFO - Processing file /home/airflow/.local/lib/python3.8/site-packages/airflow/example_dags/example_params_trigger_ui.py for tasks to queue
[2024-11-06T07:14:31.266+0000] {logging_mixin.py:188} INFO - [2024-11-06T07:14:31.265+0000] {dagbag.py:538} INFO - Filling up the DagBag from /home/airflow/.local/lib/python3.8/site-packages/airflow/example_dags/example_params_trigger_ui.py
[2024-11-06T07:14:31.282+0000] {processor.py:840} INFO - DAG(s) 'example_params_trigger_ui' retrieved from /home/airflow/.local/lib/python3.8/site-packages/airflow/example_dags/example_params_trigger_ui.py
[2024-11-06T07:14:31.435+0000] {logging_mixin.py:188} INFO - [2024-11-06T07:14:31.434+0000] {dag.py:3036} INFO - Sync 1 DAGs
[2024-11-06T07:14:31.458+0000] {logging_mixin.py:188} INFO - [2024-11-06T07:14:31.458+0000] {dag.py:3823} INFO - Setting next_dagrun for example_params_trigger_ui to None, run_after=None
[2024-11-06T07:14:31.482+0000] {processor.py:183} INFO - Processing /home/airflow/.local/lib/python3.8/site-packages/airflow/example_dags/example_params_trigger_ui.py took 0.223 seconds
[2024-11-06T07:15:02.256+0000] {processor.py:161} INFO - Started process (PID=190) to work on /home/airflow/.local/lib/python3.8/site-packages/airflow/example_dags/example_params_trigger_ui.py
[2024-11-06T07:15:02.257+0000] {processor.py:830} INFO - Processing file /home/airflow/.local/lib/python3.8/site-packages/airflow/example_dags/example_params_trigger_ui.py for tasks to queue
[2024-11-06T07:15:02.258+0000] {logging_mixin.py:188} INFO - [2024-11-06T07:15:02.258+0000] {dagbag.py:538} INFO - Filling up the DagBag from /home/airflow/.local/lib/python3.8/site-packages/airflow/example_dags/example_params_trigger_ui.py
[2024-11-06T07:15:02.269+0000] {processor.py:840} INFO - DAG(s) 'example_params_trigger_ui' retrieved from /home/airflow/.local/lib/python3.8/site-packages/airflow/example_dags/example_params_trigger_ui.py
[2024-11-06T07:15:02.313+0000] {logging_mixin.py:188} INFO - [2024-11-06T07:15:02.312+0000] {dag.py:3036} INFO - Sync 1 DAGs
[2024-11-06T07:15:02.322+0000] {logging_mixin.py:188} INFO - [2024-11-06T07:15:02.322+0000] {dag.py:3823} INFO - Setting next_dagrun for example_params_trigger_ui to None, run_after=None
[2024-11-06T07:15:02.341+0000] {processor.py:183} INFO - Processing /home/airflow/.local/lib/python3.8/site-packages/airflow/example_dags/example_params_trigger_ui.py took 0.088 seconds
