[2024-11-06T07:00:25.969+0000] {processor.py:161} INFO - Started process (PID=76) to work on /home/airflow/.local/lib/python3.8/site-packages/airflow/example_dags/example_python_decorator.py
[2024-11-06T07:00:25.978+0000] {processor.py:830} INFO - Processing file /home/airflow/.local/lib/python3.8/site-packages/airflow/example_dags/example_python_decorator.py for tasks to queue
[2024-11-06T07:00:25.980+0000] {logging_mixin.py:188} INFO - [2024-11-06T07:00:25.980+0000] {dagbag.py:538} INFO - Filling up the DagBag from /home/airflow/.local/lib/python3.8/site-packages/airflow/example_dags/example_python_decorator.py
[2024-11-06T07:00:26.047+0000] {processor.py:840} INFO - DAG(s) 'example_python_decorator' retrieved from /home/airflow/.local/lib/python3.8/site-packages/airflow/example_dags/example_python_decorator.py
[2024-11-06T07:00:26.501+0000] {logging_mixin.py:188} INFO - [2024-11-06T07:00:26.500+0000] {dag.py:3036} INFO - Sync 1 DAGs
[2024-11-06T07:00:26.569+0000] {logging_mixin.py:188} INFO - [2024-11-06T07:00:26.568+0000] {dag.py:3823} INFO - Setting next_dagrun for example_python_decorator to None, run_after=None
[2024-11-06T07:00:26.642+0000] {processor.py:183} INFO - Processing /home/airflow/.local/lib/python3.8/site-packages/airflow/example_dags/example_python_decorator.py took 0.676 seconds
[2024-11-06T07:00:56.849+0000] {processor.py:161} INFO - Started process (PID=133) to work on /home/airflow/.local/lib/python3.8/site-packages/airflow/example_dags/example_python_decorator.py
[2024-11-06T07:00:56.850+0000] {processor.py:830} INFO - Processing file /home/airflow/.local/lib/python3.8/site-packages/airflow/example_dags/example_python_decorator.py for tasks to queue
[2024-11-06T07:00:56.851+0000] {logging_mixin.py:188} INFO - [2024-11-06T07:00:56.851+0000] {dagbag.py:538} INFO - Filling up the DagBag from /home/airflow/.local/lib/python3.8/site-packages/airflow/example_dags/example_python_decorator.py
[2024-11-06T07:00:56.869+0000] {processor.py:840} INFO - DAG(s) 'example_python_decorator' retrieved from /home/airflow/.local/lib/python3.8/site-packages/airflow/example_dags/example_python_decorator.py
[2024-11-06T07:00:56.894+0000] {logging_mixin.py:188} INFO - [2024-11-06T07:00:56.894+0000] {dag.py:3036} INFO - Sync 1 DAGs
[2024-11-06T07:00:56.907+0000] {logging_mixin.py:188} INFO - [2024-11-06T07:00:56.907+0000] {dag.py:3823} INFO - Setting next_dagrun for example_python_decorator to None, run_after=None
[2024-11-06T07:00:56.938+0000] {processor.py:183} INFO - Processing /home/airflow/.local/lib/python3.8/site-packages/airflow/example_dags/example_python_decorator.py took 0.093 seconds
[2024-11-06T07:01:27.355+0000] {processor.py:161} INFO - Started process (PID=191) to work on /home/airflow/.local/lib/python3.8/site-packages/airflow/example_dags/example_python_decorator.py
[2024-11-06T07:01:27.356+0000] {processor.py:830} INFO - Processing file /home/airflow/.local/lib/python3.8/site-packages/airflow/example_dags/example_python_decorator.py for tasks to queue
[2024-11-06T07:01:27.358+0000] {logging_mixin.py:188} INFO - [2024-11-06T07:01:27.358+0000] {dagbag.py:538} INFO - Filling up the DagBag from /home/airflow/.local/lib/python3.8/site-packages/airflow/example_dags/example_python_decorator.py
[2024-11-06T07:01:27.374+0000] {processor.py:840} INFO - DAG(s) 'example_python_decorator' retrieved from /home/airflow/.local/lib/python3.8/site-packages/airflow/example_dags/example_python_decorator.py
[2024-11-06T07:01:27.401+0000] {logging_mixin.py:188} INFO - [2024-11-06T07:01:27.401+0000] {dag.py:3036} INFO - Sync 1 DAGs
[2024-11-06T07:01:27.414+0000] {logging_mixin.py:188} INFO - [2024-11-06T07:01:27.414+0000] {dag.py:3823} INFO - Setting next_dagrun for example_python_decorator to None, run_after=None
[2024-11-06T07:01:27.436+0000] {processor.py:183} INFO - Processing /home/airflow/.local/lib/python3.8/site-packages/airflow/example_dags/example_python_decorator.py took 0.085 seconds
[2024-11-06T07:01:57.575+0000] {processor.py:161} INFO - Started process (PID=249) to work on /home/airflow/.local/lib/python3.8/site-packages/airflow/example_dags/example_python_decorator.py
[2024-11-06T07:01:57.576+0000] {processor.py:830} INFO - Processing file /home/airflow/.local/lib/python3.8/site-packages/airflow/example_dags/example_python_decorator.py for tasks to queue
[2024-11-06T07:01:57.578+0000] {logging_mixin.py:188} INFO - [2024-11-06T07:01:57.578+0000] {dagbag.py:538} INFO - Filling up the DagBag from /home/airflow/.local/lib/python3.8/site-packages/airflow/example_dags/example_python_decorator.py
[2024-11-06T07:01:57.594+0000] {processor.py:840} INFO - DAG(s) 'example_python_decorator' retrieved from /home/airflow/.local/lib/python3.8/site-packages/airflow/example_dags/example_python_decorator.py
[2024-11-06T07:01:57.612+0000] {logging_mixin.py:188} INFO - [2024-11-06T07:01:57.612+0000] {dag.py:3036} INFO - Sync 1 DAGs
[2024-11-06T07:01:57.626+0000] {logging_mixin.py:188} INFO - [2024-11-06T07:01:57.626+0000] {dag.py:3823} INFO - Setting next_dagrun for example_python_decorator to None, run_after=None
[2024-11-06T07:01:57.656+0000] {processor.py:183} INFO - Processing /home/airflow/.local/lib/python3.8/site-packages/airflow/example_dags/example_python_decorator.py took 0.085 seconds
[2024-11-06T07:02:28.430+0000] {processor.py:161} INFO - Started process (PID=306) to work on /home/airflow/.local/lib/python3.8/site-packages/airflow/example_dags/example_python_decorator.py
[2024-11-06T07:02:28.431+0000] {processor.py:830} INFO - Processing file /home/airflow/.local/lib/python3.8/site-packages/airflow/example_dags/example_python_decorator.py for tasks to queue
[2024-11-06T07:02:28.434+0000] {logging_mixin.py:188} INFO - [2024-11-06T07:02:28.433+0000] {dagbag.py:538} INFO - Filling up the DagBag from /home/airflow/.local/lib/python3.8/site-packages/airflow/example_dags/example_python_decorator.py
[2024-11-06T07:02:28.448+0000] {processor.py:840} INFO - DAG(s) 'example_python_decorator' retrieved from /home/airflow/.local/lib/python3.8/site-packages/airflow/example_dags/example_python_decorator.py
[2024-11-06T07:02:28.473+0000] {logging_mixin.py:188} INFO - [2024-11-06T07:02:28.473+0000] {dag.py:3036} INFO - Sync 1 DAGs
[2024-11-06T07:02:28.482+0000] {logging_mixin.py:188} INFO - [2024-11-06T07:02:28.482+0000] {dag.py:3823} INFO - Setting next_dagrun for example_python_decorator to None, run_after=None
[2024-11-06T07:02:28.501+0000] {processor.py:183} INFO - Processing /home/airflow/.local/lib/python3.8/site-packages/airflow/example_dags/example_python_decorator.py took 0.075 seconds
[2024-11-06T07:02:58.753+0000] {processor.py:161} INFO - Started process (PID=364) to work on /home/airflow/.local/lib/python3.8/site-packages/airflow/example_dags/example_python_decorator.py
[2024-11-06T07:02:58.754+0000] {processor.py:830} INFO - Processing file /home/airflow/.local/lib/python3.8/site-packages/airflow/example_dags/example_python_decorator.py for tasks to queue
[2024-11-06T07:02:58.756+0000] {logging_mixin.py:188} INFO - [2024-11-06T07:02:58.756+0000] {dagbag.py:538} INFO - Filling up the DagBag from /home/airflow/.local/lib/python3.8/site-packages/airflow/example_dags/example_python_decorator.py
[2024-11-06T07:02:58.809+0000] {processor.py:840} INFO - DAG(s) 'example_python_decorator' retrieved from /home/airflow/.local/lib/python3.8/site-packages/airflow/example_dags/example_python_decorator.py
[2024-11-06T07:02:58.892+0000] {logging_mixin.py:188} INFO - [2024-11-06T07:02:58.890+0000] {dag.py:3036} INFO - Sync 1 DAGs
[2024-11-06T07:02:58.934+0000] {logging_mixin.py:188} INFO - [2024-11-06T07:02:58.934+0000] {dag.py:3823} INFO - Setting next_dagrun for example_python_decorator to None, run_after=None
[2024-11-06T07:02:58.957+0000] {processor.py:183} INFO - Processing /home/airflow/.local/lib/python3.8/site-packages/airflow/example_dags/example_python_decorator.py took 0.208 seconds
[2024-11-06T07:03:29.692+0000] {processor.py:161} INFO - Started process (PID=422) to work on /home/airflow/.local/lib/python3.8/site-packages/airflow/example_dags/example_python_decorator.py
[2024-11-06T07:03:29.694+0000] {processor.py:830} INFO - Processing file /home/airflow/.local/lib/python3.8/site-packages/airflow/example_dags/example_python_decorator.py for tasks to queue
[2024-11-06T07:03:29.698+0000] {logging_mixin.py:188} INFO - [2024-11-06T07:03:29.697+0000] {dagbag.py:538} INFO - Filling up the DagBag from /home/airflow/.local/lib/python3.8/site-packages/airflow/example_dags/example_python_decorator.py
[2024-11-06T07:03:29.709+0000] {processor.py:840} INFO - DAG(s) 'example_python_decorator' retrieved from /home/airflow/.local/lib/python3.8/site-packages/airflow/example_dags/example_python_decorator.py
[2024-11-06T07:03:29.725+0000] {logging_mixin.py:188} INFO - [2024-11-06T07:03:29.725+0000] {dag.py:3036} INFO - Sync 1 DAGs
[2024-11-06T07:03:29.735+0000] {logging_mixin.py:188} INFO - [2024-11-06T07:03:29.735+0000] {dag.py:3823} INFO - Setting next_dagrun for example_python_decorator to None, run_after=None
[2024-11-06T07:03:29.764+0000] {processor.py:183} INFO - Processing /home/airflow/.local/lib/python3.8/site-packages/airflow/example_dags/example_python_decorator.py took 0.075 seconds
[2024-11-06T07:04:00.769+0000] {processor.py:161} INFO - Started process (PID=479) to work on /home/airflow/.local/lib/python3.8/site-packages/airflow/example_dags/example_python_decorator.py
[2024-11-06T07:04:00.770+0000] {processor.py:830} INFO - Processing file /home/airflow/.local/lib/python3.8/site-packages/airflow/example_dags/example_python_decorator.py for tasks to queue
[2024-11-06T07:04:00.772+0000] {logging_mixin.py:188} INFO - [2024-11-06T07:04:00.772+0000] {dagbag.py:538} INFO - Filling up the DagBag from /home/airflow/.local/lib/python3.8/site-packages/airflow/example_dags/example_python_decorator.py
[2024-11-06T07:04:00.806+0000] {processor.py:840} INFO - DAG(s) 'example_python_decorator' retrieved from /home/airflow/.local/lib/python3.8/site-packages/airflow/example_dags/example_python_decorator.py
[2024-11-06T07:04:00.840+0000] {logging_mixin.py:188} INFO - [2024-11-06T07:04:00.839+0000] {dag.py:3036} INFO - Sync 1 DAGs
[2024-11-06T07:04:00.855+0000] {logging_mixin.py:188} INFO - [2024-11-06T07:04:00.855+0000] {dag.py:3823} INFO - Setting next_dagrun for example_python_decorator to None, run_after=None
[2024-11-06T07:04:00.879+0000] {processor.py:183} INFO - Processing /home/airflow/.local/lib/python3.8/site-packages/airflow/example_dags/example_python_decorator.py took 0.123 seconds
[2024-11-06T07:04:30.939+0000] {processor.py:161} INFO - Started process (PID=537) to work on /home/airflow/.local/lib/python3.8/site-packages/airflow/example_dags/example_python_decorator.py
[2024-11-06T07:04:30.940+0000] {processor.py:830} INFO - Processing file /home/airflow/.local/lib/python3.8/site-packages/airflow/example_dags/example_python_decorator.py for tasks to queue
[2024-11-06T07:04:30.942+0000] {logging_mixin.py:188} INFO - [2024-11-06T07:04:30.942+0000] {dagbag.py:538} INFO - Filling up the DagBag from /home/airflow/.local/lib/python3.8/site-packages/airflow/example_dags/example_python_decorator.py
[2024-11-06T07:04:30.960+0000] {processor.py:840} INFO - DAG(s) 'example_python_decorator' retrieved from /home/airflow/.local/lib/python3.8/site-packages/airflow/example_dags/example_python_decorator.py
[2024-11-06T07:04:30.994+0000] {logging_mixin.py:188} INFO - [2024-11-06T07:04:30.994+0000] {dag.py:3036} INFO - Sync 1 DAGs
[2024-11-06T07:04:31.009+0000] {logging_mixin.py:188} INFO - [2024-11-06T07:04:31.009+0000] {dag.py:3823} INFO - Setting next_dagrun for example_python_decorator to None, run_after=None
[2024-11-06T07:04:31.034+0000] {processor.py:183} INFO - Processing /home/airflow/.local/lib/python3.8/site-packages/airflow/example_dags/example_python_decorator.py took 0.099 seconds
[2024-11-06T07:05:01.407+0000] {processor.py:161} INFO - Started process (PID=594) to work on /home/airflow/.local/lib/python3.8/site-packages/airflow/example_dags/example_python_decorator.py
[2024-11-06T07:05:01.408+0000] {processor.py:830} INFO - Processing file /home/airflow/.local/lib/python3.8/site-packages/airflow/example_dags/example_python_decorator.py for tasks to queue
[2024-11-06T07:05:01.410+0000] {logging_mixin.py:188} INFO - [2024-11-06T07:05:01.410+0000] {dagbag.py:538} INFO - Filling up the DagBag from /home/airflow/.local/lib/python3.8/site-packages/airflow/example_dags/example_python_decorator.py
[2024-11-06T07:05:01.422+0000] {processor.py:840} INFO - DAG(s) 'example_python_decorator' retrieved from /home/airflow/.local/lib/python3.8/site-packages/airflow/example_dags/example_python_decorator.py
[2024-11-06T07:05:01.440+0000] {logging_mixin.py:188} INFO - [2024-11-06T07:05:01.439+0000] {dag.py:3036} INFO - Sync 1 DAGs
[2024-11-06T07:05:01.450+0000] {logging_mixin.py:188} INFO - [2024-11-06T07:05:01.449+0000] {dag.py:3823} INFO - Setting next_dagrun for example_python_decorator to None, run_after=None
[2024-11-06T07:05:01.469+0000] {processor.py:183} INFO - Processing /home/airflow/.local/lib/python3.8/site-packages/airflow/example_dags/example_python_decorator.py took 0.065 seconds
[2024-11-06T07:05:32.531+0000] {processor.py:161} INFO - Started process (PID=651) to work on /home/airflow/.local/lib/python3.8/site-packages/airflow/example_dags/example_python_decorator.py
[2024-11-06T07:05:32.533+0000] {processor.py:830} INFO - Processing file /home/airflow/.local/lib/python3.8/site-packages/airflow/example_dags/example_python_decorator.py for tasks to queue
[2024-11-06T07:05:32.535+0000] {logging_mixin.py:188} INFO - [2024-11-06T07:05:32.535+0000] {dagbag.py:538} INFO - Filling up the DagBag from /home/airflow/.local/lib/python3.8/site-packages/airflow/example_dags/example_python_decorator.py
[2024-11-06T07:05:32.551+0000] {processor.py:840} INFO - DAG(s) 'example_python_decorator' retrieved from /home/airflow/.local/lib/python3.8/site-packages/airflow/example_dags/example_python_decorator.py
[2024-11-06T07:05:32.577+0000] {logging_mixin.py:188} INFO - [2024-11-06T07:05:32.577+0000] {dag.py:3036} INFO - Sync 1 DAGs
[2024-11-06T07:05:32.592+0000] {logging_mixin.py:188} INFO - [2024-11-06T07:05:32.592+0000] {dag.py:3823} INFO - Setting next_dagrun for example_python_decorator to None, run_after=None
[2024-11-06T07:05:32.618+0000] {processor.py:183} INFO - Processing /home/airflow/.local/lib/python3.8/site-packages/airflow/example_dags/example_python_decorator.py took 0.092 seconds
[2024-11-06T07:06:02.976+0000] {processor.py:161} INFO - Started process (PID=708) to work on /home/airflow/.local/lib/python3.8/site-packages/airflow/example_dags/example_python_decorator.py
[2024-11-06T07:06:02.977+0000] {processor.py:830} INFO - Processing file /home/airflow/.local/lib/python3.8/site-packages/airflow/example_dags/example_python_decorator.py for tasks to queue
[2024-11-06T07:06:02.978+0000] {logging_mixin.py:188} INFO - [2024-11-06T07:06:02.978+0000] {dagbag.py:538} INFO - Filling up the DagBag from /home/airflow/.local/lib/python3.8/site-packages/airflow/example_dags/example_python_decorator.py
[2024-11-06T07:06:02.995+0000] {processor.py:840} INFO - DAG(s) 'example_python_decorator' retrieved from /home/airflow/.local/lib/python3.8/site-packages/airflow/example_dags/example_python_decorator.py
[2024-11-06T07:06:03.026+0000] {logging_mixin.py:188} INFO - [2024-11-06T07:06:03.026+0000] {dag.py:3036} INFO - Sync 1 DAGs
[2024-11-06T07:06:03.041+0000] {logging_mixin.py:188} INFO - [2024-11-06T07:06:03.041+0000] {dag.py:3823} INFO - Setting next_dagrun for example_python_decorator to None, run_after=None
[2024-11-06T07:06:03.063+0000] {processor.py:183} INFO - Processing /home/airflow/.local/lib/python3.8/site-packages/airflow/example_dags/example_python_decorator.py took 0.091 seconds
[2024-11-06T07:06:33.622+0000] {processor.py:161} INFO - Started process (PID=765) to work on /home/airflow/.local/lib/python3.8/site-packages/airflow/example_dags/example_python_decorator.py
[2024-11-06T07:06:33.623+0000] {processor.py:830} INFO - Processing file /home/airflow/.local/lib/python3.8/site-packages/airflow/example_dags/example_python_decorator.py for tasks to queue
[2024-11-06T07:06:33.624+0000] {logging_mixin.py:188} INFO - [2024-11-06T07:06:33.624+0000] {dagbag.py:538} INFO - Filling up the DagBag from /home/airflow/.local/lib/python3.8/site-packages/airflow/example_dags/example_python_decorator.py
[2024-11-06T07:06:33.635+0000] {processor.py:840} INFO - DAG(s) 'example_python_decorator' retrieved from /home/airflow/.local/lib/python3.8/site-packages/airflow/example_dags/example_python_decorator.py
[2024-11-06T07:06:33.652+0000] {logging_mixin.py:188} INFO - [2024-11-06T07:06:33.652+0000] {dag.py:3036} INFO - Sync 1 DAGs
[2024-11-06T07:06:33.661+0000] {logging_mixin.py:188} INFO - [2024-11-06T07:06:33.661+0000] {dag.py:3823} INFO - Setting next_dagrun for example_python_decorator to None, run_after=None
[2024-11-06T07:06:33.685+0000] {processor.py:183} INFO - Processing /home/airflow/.local/lib/python3.8/site-packages/airflow/example_dags/example_python_decorator.py took 0.065 seconds
[2024-11-06T07:07:04.307+0000] {processor.py:161} INFO - Started process (PID=823) to work on /home/airflow/.local/lib/python3.8/site-packages/airflow/example_dags/example_python_decorator.py
[2024-11-06T07:07:04.308+0000] {processor.py:830} INFO - Processing file /home/airflow/.local/lib/python3.8/site-packages/airflow/example_dags/example_python_decorator.py for tasks to queue
[2024-11-06T07:07:04.309+0000] {logging_mixin.py:188} INFO - [2024-11-06T07:07:04.309+0000] {dagbag.py:538} INFO - Filling up the DagBag from /home/airflow/.local/lib/python3.8/site-packages/airflow/example_dags/example_python_decorator.py
[2024-11-06T07:07:04.323+0000] {processor.py:840} INFO - DAG(s) 'example_python_decorator' retrieved from /home/airflow/.local/lib/python3.8/site-packages/airflow/example_dags/example_python_decorator.py
[2024-11-06T07:07:04.341+0000] {logging_mixin.py:188} INFO - [2024-11-06T07:07:04.341+0000] {dag.py:3036} INFO - Sync 1 DAGs
[2024-11-06T07:07:04.351+0000] {logging_mixin.py:188} INFO - [2024-11-06T07:07:04.351+0000] {dag.py:3823} INFO - Setting next_dagrun for example_python_decorator to None, run_after=None
[2024-11-06T07:07:04.371+0000] {processor.py:183} INFO - Processing /home/airflow/.local/lib/python3.8/site-packages/airflow/example_dags/example_python_decorator.py took 0.067 seconds
[2024-11-06T07:07:35.066+0000] {processor.py:161} INFO - Started process (PID=880) to work on /home/airflow/.local/lib/python3.8/site-packages/airflow/example_dags/example_python_decorator.py
[2024-11-06T07:07:35.067+0000] {processor.py:830} INFO - Processing file /home/airflow/.local/lib/python3.8/site-packages/airflow/example_dags/example_python_decorator.py for tasks to queue
[2024-11-06T07:07:35.069+0000] {logging_mixin.py:188} INFO - [2024-11-06T07:07:35.069+0000] {dagbag.py:538} INFO - Filling up the DagBag from /home/airflow/.local/lib/python3.8/site-packages/airflow/example_dags/example_python_decorator.py
[2024-11-06T07:07:35.079+0000] {processor.py:840} INFO - DAG(s) 'example_python_decorator' retrieved from /home/airflow/.local/lib/python3.8/site-packages/airflow/example_dags/example_python_decorator.py
[2024-11-06T07:07:35.097+0000] {logging_mixin.py:188} INFO - [2024-11-06T07:07:35.096+0000] {dag.py:3036} INFO - Sync 1 DAGs
[2024-11-06T07:07:35.106+0000] {logging_mixin.py:188} INFO - [2024-11-06T07:07:35.106+0000] {dag.py:3823} INFO - Setting next_dagrun for example_python_decorator to None, run_after=None
[2024-11-06T07:07:35.125+0000] {processor.py:183} INFO - Processing /home/airflow/.local/lib/python3.8/site-packages/airflow/example_dags/example_python_decorator.py took 0.062 seconds
[2024-11-06T07:08:05.261+0000] {processor.py:161} INFO - Started process (PID=938) to work on /home/airflow/.local/lib/python3.8/site-packages/airflow/example_dags/example_python_decorator.py
[2024-11-06T07:08:05.262+0000] {processor.py:830} INFO - Processing file /home/airflow/.local/lib/python3.8/site-packages/airflow/example_dags/example_python_decorator.py for tasks to queue
[2024-11-06T07:08:05.263+0000] {logging_mixin.py:188} INFO - [2024-11-06T07:08:05.263+0000] {dagbag.py:538} INFO - Filling up the DagBag from /home/airflow/.local/lib/python3.8/site-packages/airflow/example_dags/example_python_decorator.py
[2024-11-06T07:08:05.274+0000] {processor.py:840} INFO - DAG(s) 'example_python_decorator' retrieved from /home/airflow/.local/lib/python3.8/site-packages/airflow/example_dags/example_python_decorator.py
[2024-11-06T07:08:05.291+0000] {logging_mixin.py:188} INFO - [2024-11-06T07:08:05.290+0000] {dag.py:3036} INFO - Sync 1 DAGs
[2024-11-06T07:08:05.300+0000] {logging_mixin.py:188} INFO - [2024-11-06T07:08:05.300+0000] {dag.py:3823} INFO - Setting next_dagrun for example_python_decorator to None, run_after=None
[2024-11-06T07:08:05.317+0000] {processor.py:183} INFO - Processing /home/airflow/.local/lib/python3.8/site-packages/airflow/example_dags/example_python_decorator.py took 0.060 seconds
[2024-11-06T07:08:35.599+0000] {processor.py:161} INFO - Started process (PID=996) to work on /home/airflow/.local/lib/python3.8/site-packages/airflow/example_dags/example_python_decorator.py
[2024-11-06T07:08:35.600+0000] {processor.py:830} INFO - Processing file /home/airflow/.local/lib/python3.8/site-packages/airflow/example_dags/example_python_decorator.py for tasks to queue
[2024-11-06T07:08:35.602+0000] {logging_mixin.py:188} INFO - [2024-11-06T07:08:35.602+0000] {dagbag.py:538} INFO - Filling up the DagBag from /home/airflow/.local/lib/python3.8/site-packages/airflow/example_dags/example_python_decorator.py
[2024-11-06T07:08:35.626+0000] {processor.py:840} INFO - DAG(s) 'example_python_decorator' retrieved from /home/airflow/.local/lib/python3.8/site-packages/airflow/example_dags/example_python_decorator.py
[2024-11-06T07:08:35.661+0000] {logging_mixin.py:188} INFO - [2024-11-06T07:08:35.661+0000] {dag.py:3036} INFO - Sync 1 DAGs
[2024-11-06T07:08:35.677+0000] {logging_mixin.py:188} INFO - [2024-11-06T07:08:35.677+0000] {dag.py:3823} INFO - Setting next_dagrun for example_python_decorator to None, run_after=None
[2024-11-06T07:08:35.703+0000] {processor.py:183} INFO - Processing /home/airflow/.local/lib/python3.8/site-packages/airflow/example_dags/example_python_decorator.py took 0.107 seconds
[2024-11-06T07:09:06.104+0000] {processor.py:161} INFO - Started process (PID=1053) to work on /home/airflow/.local/lib/python3.8/site-packages/airflow/example_dags/example_python_decorator.py
[2024-11-06T07:09:06.106+0000] {processor.py:830} INFO - Processing file /home/airflow/.local/lib/python3.8/site-packages/airflow/example_dags/example_python_decorator.py for tasks to queue
[2024-11-06T07:09:06.108+0000] {logging_mixin.py:188} INFO - [2024-11-06T07:09:06.107+0000] {dagbag.py:538} INFO - Filling up the DagBag from /home/airflow/.local/lib/python3.8/site-packages/airflow/example_dags/example_python_decorator.py
[2024-11-06T07:09:06.123+0000] {processor.py:840} INFO - DAG(s) 'example_python_decorator' retrieved from /home/airflow/.local/lib/python3.8/site-packages/airflow/example_dags/example_python_decorator.py
[2024-11-06T07:09:06.149+0000] {logging_mixin.py:188} INFO - [2024-11-06T07:09:06.149+0000] {dag.py:3036} INFO - Sync 1 DAGs
[2024-11-06T07:09:06.164+0000] {logging_mixin.py:188} INFO - [2024-11-06T07:09:06.164+0000] {dag.py:3823} INFO - Setting next_dagrun for example_python_decorator to None, run_after=None
[2024-11-06T07:09:06.193+0000] {processor.py:183} INFO - Processing /home/airflow/.local/lib/python3.8/site-packages/airflow/example_dags/example_python_decorator.py took 0.092 seconds
[2024-11-06T07:09:36.872+0000] {processor.py:161} INFO - Started process (PID=1111) to work on /home/airflow/.local/lib/python3.8/site-packages/airflow/example_dags/example_python_decorator.py
[2024-11-06T07:09:36.874+0000] {processor.py:830} INFO - Processing file /home/airflow/.local/lib/python3.8/site-packages/airflow/example_dags/example_python_decorator.py for tasks to queue
[2024-11-06T07:09:36.876+0000] {logging_mixin.py:188} INFO - [2024-11-06T07:09:36.875+0000] {dagbag.py:538} INFO - Filling up the DagBag from /home/airflow/.local/lib/python3.8/site-packages/airflow/example_dags/example_python_decorator.py
[2024-11-06T07:09:36.892+0000] {processor.py:840} INFO - DAG(s) 'example_python_decorator' retrieved from /home/airflow/.local/lib/python3.8/site-packages/airflow/example_dags/example_python_decorator.py
[2024-11-06T07:09:36.917+0000] {logging_mixin.py:188} INFO - [2024-11-06T07:09:36.917+0000] {dag.py:3036} INFO - Sync 1 DAGs
[2024-11-06T07:09:36.932+0000] {logging_mixin.py:188} INFO - [2024-11-06T07:09:36.932+0000] {dag.py:3823} INFO - Setting next_dagrun for example_python_decorator to None, run_after=None
[2024-11-06T07:09:36.958+0000] {processor.py:183} INFO - Processing /home/airflow/.local/lib/python3.8/site-packages/airflow/example_dags/example_python_decorator.py took 0.089 seconds
[2024-11-06T07:10:07.243+0000] {processor.py:161} INFO - Started process (PID=1168) to work on /home/airflow/.local/lib/python3.8/site-packages/airflow/example_dags/example_python_decorator.py
[2024-11-06T07:10:07.244+0000] {processor.py:830} INFO - Processing file /home/airflow/.local/lib/python3.8/site-packages/airflow/example_dags/example_python_decorator.py for tasks to queue
[2024-11-06T07:10:07.255+0000] {logging_mixin.py:188} INFO - [2024-11-06T07:10:07.255+0000] {dagbag.py:538} INFO - Filling up the DagBag from /home/airflow/.local/lib/python3.8/site-packages/airflow/example_dags/example_python_decorator.py
[2024-11-06T07:10:07.289+0000] {processor.py:840} INFO - DAG(s) 'example_python_decorator' retrieved from /home/airflow/.local/lib/python3.8/site-packages/airflow/example_dags/example_python_decorator.py
[2024-11-06T07:10:07.325+0000] {logging_mixin.py:188} INFO - [2024-11-06T07:10:07.325+0000] {dag.py:3036} INFO - Sync 1 DAGs
[2024-11-06T07:10:07.340+0000] {logging_mixin.py:188} INFO - [2024-11-06T07:10:07.339+0000] {dag.py:3823} INFO - Setting next_dagrun for example_python_decorator to None, run_after=None
[2024-11-06T07:10:07.374+0000] {processor.py:183} INFO - Processing /home/airflow/.local/lib/python3.8/site-packages/airflow/example_dags/example_python_decorator.py took 0.134 seconds
[2024-11-06T07:10:37.682+0000] {processor.py:161} INFO - Started process (PID=1225) to work on /home/airflow/.local/lib/python3.8/site-packages/airflow/example_dags/example_python_decorator.py
[2024-11-06T07:10:37.690+0000] {processor.py:830} INFO - Processing file /home/airflow/.local/lib/python3.8/site-packages/airflow/example_dags/example_python_decorator.py for tasks to queue
[2024-11-06T07:10:37.698+0000] {logging_mixin.py:188} INFO - [2024-11-06T07:10:37.698+0000] {dagbag.py:538} INFO - Filling up the DagBag from /home/airflow/.local/lib/python3.8/site-packages/airflow/example_dags/example_python_decorator.py
[2024-11-06T07:10:37.731+0000] {processor.py:840} INFO - DAG(s) 'example_python_decorator' retrieved from /home/airflow/.local/lib/python3.8/site-packages/airflow/example_dags/example_python_decorator.py
[2024-11-06T07:10:37.758+0000] {logging_mixin.py:188} INFO - [2024-11-06T07:10:37.758+0000] {dag.py:3036} INFO - Sync 1 DAGs
[2024-11-06T07:10:37.773+0000] {logging_mixin.py:188} INFO - [2024-11-06T07:10:37.773+0000] {dag.py:3823} INFO - Setting next_dagrun for example_python_decorator to None, run_after=None
[2024-11-06T07:10:37.797+0000] {processor.py:183} INFO - Processing /home/airflow/.local/lib/python3.8/site-packages/airflow/example_dags/example_python_decorator.py took 0.119 seconds
[2024-11-06T07:11:08.161+0000] {processor.py:161} INFO - Started process (PID=1282) to work on /home/airflow/.local/lib/python3.8/site-packages/airflow/example_dags/example_python_decorator.py
[2024-11-06T07:11:08.162+0000] {processor.py:830} INFO - Processing file /home/airflow/.local/lib/python3.8/site-packages/airflow/example_dags/example_python_decorator.py for tasks to queue
[2024-11-06T07:11:08.164+0000] {logging_mixin.py:188} INFO - [2024-11-06T07:11:08.164+0000] {dagbag.py:538} INFO - Filling up the DagBag from /home/airflow/.local/lib/python3.8/site-packages/airflow/example_dags/example_python_decorator.py
[2024-11-06T07:11:08.180+0000] {processor.py:840} INFO - DAG(s) 'example_python_decorator' retrieved from /home/airflow/.local/lib/python3.8/site-packages/airflow/example_dags/example_python_decorator.py
[2024-11-06T07:11:08.207+0000] {logging_mixin.py:188} INFO - [2024-11-06T07:11:08.207+0000] {dag.py:3036} INFO - Sync 1 DAGs
[2024-11-06T07:11:08.230+0000] {logging_mixin.py:188} INFO - [2024-11-06T07:11:08.230+0000] {dag.py:3823} INFO - Setting next_dagrun for example_python_decorator to None, run_after=None
[2024-11-06T07:11:08.260+0000] {processor.py:183} INFO - Processing /home/airflow/.local/lib/python3.8/site-packages/airflow/example_dags/example_python_decorator.py took 0.103 seconds
[2024-11-06T07:11:38.567+0000] {processor.py:161} INFO - Started process (PID=1339) to work on /home/airflow/.local/lib/python3.8/site-packages/airflow/example_dags/example_python_decorator.py
[2024-11-06T07:11:38.568+0000] {processor.py:830} INFO - Processing file /home/airflow/.local/lib/python3.8/site-packages/airflow/example_dags/example_python_decorator.py for tasks to queue
[2024-11-06T07:11:38.570+0000] {logging_mixin.py:188} INFO - [2024-11-06T07:11:38.570+0000] {dagbag.py:538} INFO - Filling up the DagBag from /home/airflow/.local/lib/python3.8/site-packages/airflow/example_dags/example_python_decorator.py
[2024-11-06T07:11:38.586+0000] {processor.py:840} INFO - DAG(s) 'example_python_decorator' retrieved from /home/airflow/.local/lib/python3.8/site-packages/airflow/example_dags/example_python_decorator.py
[2024-11-06T07:11:38.611+0000] {logging_mixin.py:188} INFO - [2024-11-06T07:11:38.611+0000] {dag.py:3036} INFO - Sync 1 DAGs
[2024-11-06T07:11:38.626+0000] {logging_mixin.py:188} INFO - [2024-11-06T07:11:38.626+0000] {dag.py:3823} INFO - Setting next_dagrun for example_python_decorator to None, run_after=None
[2024-11-06T07:11:38.649+0000] {processor.py:183} INFO - Processing /home/airflow/.local/lib/python3.8/site-packages/airflow/example_dags/example_python_decorator.py took 0.085 seconds
[2024-11-06T07:12:08.935+0000] {processor.py:161} INFO - Started process (PID=1396) to work on /home/airflow/.local/lib/python3.8/site-packages/airflow/example_dags/example_python_decorator.py
[2024-11-06T07:12:08.936+0000] {processor.py:830} INFO - Processing file /home/airflow/.local/lib/python3.8/site-packages/airflow/example_dags/example_python_decorator.py for tasks to queue
[2024-11-06T07:12:08.938+0000] {logging_mixin.py:188} INFO - [2024-11-06T07:12:08.938+0000] {dagbag.py:538} INFO - Filling up the DagBag from /home/airflow/.local/lib/python3.8/site-packages/airflow/example_dags/example_python_decorator.py
[2024-11-06T07:12:08.981+0000] {processor.py:840} INFO - DAG(s) 'example_python_decorator' retrieved from /home/airflow/.local/lib/python3.8/site-packages/airflow/example_dags/example_python_decorator.py
[2024-11-06T07:12:09.040+0000] {logging_mixin.py:188} INFO - [2024-11-06T07:12:09.039+0000] {dag.py:3036} INFO - Sync 1 DAGs
[2024-11-06T07:12:09.096+0000] {logging_mixin.py:188} INFO - [2024-11-06T07:12:09.096+0000] {dag.py:3823} INFO - Setting next_dagrun for example_python_decorator to None, run_after=None
[2024-11-06T07:12:09.133+0000] {processor.py:183} INFO - Processing /home/airflow/.local/lib/python3.8/site-packages/airflow/example_dags/example_python_decorator.py took 0.217 seconds
[2024-11-06T07:13:59.498+0000] {processor.py:161} INFO - Started process (PID=74) to work on /home/airflow/.local/lib/python3.8/site-packages/airflow/example_dags/example_python_decorator.py
[2024-11-06T07:13:59.511+0000] {processor.py:830} INFO - Processing file /home/airflow/.local/lib/python3.8/site-packages/airflow/example_dags/example_python_decorator.py for tasks to queue
[2024-11-06T07:13:59.513+0000] {logging_mixin.py:188} INFO - [2024-11-06T07:13:59.512+0000] {dagbag.py:538} INFO - Filling up the DagBag from /home/airflow/.local/lib/python3.8/site-packages/airflow/example_dags/example_python_decorator.py
[2024-11-06T07:13:59.548+0000] {processor.py:840} INFO - DAG(s) 'example_python_decorator' retrieved from /home/airflow/.local/lib/python3.8/site-packages/airflow/example_dags/example_python_decorator.py
[2024-11-06T07:14:00.081+0000] {logging_mixin.py:188} INFO - [2024-11-06T07:14:00.080+0000] {dag.py:3036} INFO - Sync 1 DAGs
[2024-11-06T07:14:00.134+0000] {logging_mixin.py:188} INFO - [2024-11-06T07:14:00.133+0000] {dag.py:3823} INFO - Setting next_dagrun for example_python_decorator to None, run_after=None
[2024-11-06T07:14:00.258+0000] {processor.py:183} INFO - Processing /home/airflow/.local/lib/python3.8/site-packages/airflow/example_dags/example_python_decorator.py took 0.769 seconds
[2024-11-06T07:14:30.965+0000] {processor.py:161} INFO - Started process (PID=131) to work on /home/airflow/.local/lib/python3.8/site-packages/airflow/example_dags/example_python_decorator.py
[2024-11-06T07:14:30.966+0000] {processor.py:830} INFO - Processing file /home/airflow/.local/lib/python3.8/site-packages/airflow/example_dags/example_python_decorator.py for tasks to queue
[2024-11-06T07:14:30.968+0000] {logging_mixin.py:188} INFO - [2024-11-06T07:14:30.968+0000] {dagbag.py:538} INFO - Filling up the DagBag from /home/airflow/.local/lib/python3.8/site-packages/airflow/example_dags/example_python_decorator.py
[2024-11-06T07:14:31.000+0000] {processor.py:840} INFO - DAG(s) 'example_python_decorator' retrieved from /home/airflow/.local/lib/python3.8/site-packages/airflow/example_dags/example_python_decorator.py
[2024-11-06T07:14:31.067+0000] {logging_mixin.py:188} INFO - [2024-11-06T07:14:31.067+0000] {dag.py:3036} INFO - Sync 1 DAGs
[2024-11-06T07:14:31.169+0000] {logging_mixin.py:188} INFO - [2024-11-06T07:14:31.168+0000] {dag.py:3823} INFO - Setting next_dagrun for example_python_decorator to None, run_after=None
[2024-11-06T07:14:31.223+0000] {processor.py:183} INFO - Processing /home/airflow/.local/lib/python3.8/site-packages/airflow/example_dags/example_python_decorator.py took 0.264 seconds
[2024-11-06T07:15:02.144+0000] {processor.py:161} INFO - Started process (PID=188) to work on /home/airflow/.local/lib/python3.8/site-packages/airflow/example_dags/example_python_decorator.py
[2024-11-06T07:15:02.145+0000] {processor.py:830} INFO - Processing file /home/airflow/.local/lib/python3.8/site-packages/airflow/example_dags/example_python_decorator.py for tasks to queue
[2024-11-06T07:15:02.147+0000] {logging_mixin.py:188} INFO - [2024-11-06T07:15:02.146+0000] {dagbag.py:538} INFO - Filling up the DagBag from /home/airflow/.local/lib/python3.8/site-packages/airflow/example_dags/example_python_decorator.py
[2024-11-06T07:15:02.171+0000] {processor.py:840} INFO - DAG(s) 'example_python_decorator' retrieved from /home/airflow/.local/lib/python3.8/site-packages/airflow/example_dags/example_python_decorator.py
[2024-11-06T07:15:02.195+0000] {logging_mixin.py:188} INFO - [2024-11-06T07:15:02.194+0000] {dag.py:3036} INFO - Sync 1 DAGs
[2024-11-06T07:15:02.208+0000] {logging_mixin.py:188} INFO - [2024-11-06T07:15:02.208+0000] {dag.py:3823} INFO - Setting next_dagrun for example_python_decorator to None, run_after=None
[2024-11-06T07:15:02.231+0000] {processor.py:183} INFO - Processing /home/airflow/.local/lib/python3.8/site-packages/airflow/example_dags/example_python_decorator.py took 0.091 seconds
