[2024-11-06T07:00:30.449+0000] {processor.py:161} INFO - Started process (PID=87) to work on /home/airflow/.local/lib/python3.8/site-packages/airflow/example_dags/example_datasets.py
[2024-11-06T07:00:30.460+0000] {processor.py:830} INFO - Processing file /home/airflow/.local/lib/python3.8/site-packages/airflow/example_dags/example_datasets.py for tasks to queue
[2024-11-06T07:00:30.469+0000] {logging_mixin.py:188} INFO - [2024-11-06T07:00:30.469+0000] {dagbag.py:538} INFO - Filling up the DagBag from /home/airflow/.local/lib/python3.8/site-packages/airflow/example_dags/example_datasets.py
[2024-11-06T07:00:30.508+0000] {processor.py:840} INFO - DAG(s) 'dataset_produces_1', 'dataset_consumes_1_never_scheduled', 'dataset_consumes_1_and_2', 'dataset_consumes_1', 'dataset_consumes_unknown_never_scheduled', 'dataset_produces_2' retrieved from /home/airflow/.local/lib/python3.8/site-packages/airflow/example_dags/example_datasets.py
[2024-11-06T07:00:31.228+0000] {logging_mixin.py:188} INFO - [2024-11-06T07:00:31.227+0000] {dag.py:3036} INFO - Sync 6 DAGs
[2024-11-06T07:00:31.270+0000] {logging_mixin.py:188} INFO - [2024-11-06T07:00:31.269+0000] {dag.py:3823} INFO - Setting next_dagrun for dataset_consumes_1 to None, run_after=None
[2024-11-06T07:00:31.275+0000] {logging_mixin.py:188} INFO - [2024-11-06T07:00:31.275+0000] {dag.py:3823} INFO - Setting next_dagrun for dataset_consumes_1_and_2 to None, run_after=None
[2024-11-06T07:00:31.279+0000] {logging_mixin.py:188} INFO - [2024-11-06T07:00:31.279+0000] {dag.py:3823} INFO - Setting next_dagrun for dataset_consumes_1_never_scheduled to None, run_after=None
[2024-11-06T07:00:31.281+0000] {logging_mixin.py:188} INFO - [2024-11-06T07:00:31.281+0000] {dag.py:3823} INFO - Setting next_dagrun for dataset_consumes_unknown_never_scheduled to None, run_after=None
[2024-11-06T07:00:31.287+0000] {logging_mixin.py:188} INFO - [2024-11-06T07:00:31.287+0000] {dag.py:3823} INFO - Setting next_dagrun for dataset_produces_1 to 2024-11-05 00:00:00+00:00, run_after=2024-11-06 00:00:00+00:00
[2024-11-06T07:00:31.295+0000] {logging_mixin.py:188} INFO - [2024-11-06T07:00:31.294+0000] {dag.py:3823} INFO - Setting next_dagrun for dataset_produces_2 to None, run_after=None
[2024-11-06T07:00:31.360+0000] {processor.py:183} INFO - Processing /home/airflow/.local/lib/python3.8/site-packages/airflow/example_dags/example_datasets.py took 0.915 seconds
[2024-11-06T07:01:01.520+0000] {processor.py:161} INFO - Started process (PID=144) to work on /home/airflow/.local/lib/python3.8/site-packages/airflow/example_dags/example_datasets.py
[2024-11-06T07:01:01.521+0000] {processor.py:830} INFO - Processing file /home/airflow/.local/lib/python3.8/site-packages/airflow/example_dags/example_datasets.py for tasks to queue
[2024-11-06T07:01:01.523+0000] {logging_mixin.py:188} INFO - [2024-11-06T07:01:01.523+0000] {dagbag.py:538} INFO - Filling up the DagBag from /home/airflow/.local/lib/python3.8/site-packages/airflow/example_dags/example_datasets.py
[2024-11-06T07:01:01.535+0000] {processor.py:840} INFO - DAG(s) 'dataset_consumes_1', 'dataset_consumes_unknown_never_scheduled', 'dataset_consumes_1_never_scheduled', 'dataset_consumes_1_and_2', 'dataset_produces_1', 'dataset_produces_2' retrieved from /home/airflow/.local/lib/python3.8/site-packages/airflow/example_dags/example_datasets.py
[2024-11-06T07:01:01.578+0000] {logging_mixin.py:188} INFO - [2024-11-06T07:01:01.577+0000] {dag.py:3036} INFO - Sync 6 DAGs
[2024-11-06T07:01:01.606+0000] {logging_mixin.py:188} INFO - [2024-11-06T07:01:01.606+0000] {dag.py:3823} INFO - Setting next_dagrun for dataset_consumes_1 to None, run_after=None
[2024-11-06T07:01:01.609+0000] {logging_mixin.py:188} INFO - [2024-11-06T07:01:01.609+0000] {dag.py:3823} INFO - Setting next_dagrun for dataset_consumes_1_and_2 to None, run_after=None
[2024-11-06T07:01:01.611+0000] {logging_mixin.py:188} INFO - [2024-11-06T07:01:01.610+0000] {dag.py:3823} INFO - Setting next_dagrun for dataset_consumes_1_never_scheduled to None, run_after=None
[2024-11-06T07:01:01.612+0000] {logging_mixin.py:188} INFO - [2024-11-06T07:01:01.612+0000] {dag.py:3823} INFO - Setting next_dagrun for dataset_consumes_unknown_never_scheduled to None, run_after=None
[2024-11-06T07:01:01.615+0000] {logging_mixin.py:188} INFO - [2024-11-06T07:01:01.615+0000] {dag.py:3823} INFO - Setting next_dagrun for dataset_produces_1 to 2024-11-05 00:00:00+00:00, run_after=2024-11-06 00:00:00+00:00
[2024-11-06T07:01:01.616+0000] {logging_mixin.py:188} INFO - [2024-11-06T07:01:01.616+0000] {dag.py:3823} INFO - Setting next_dagrun for dataset_produces_2 to None, run_after=None
[2024-11-06T07:01:01.644+0000] {processor.py:183} INFO - Processing /home/airflow/.local/lib/python3.8/site-packages/airflow/example_dags/example_datasets.py took 0.128 seconds
[2024-11-06T07:01:32.121+0000] {processor.py:161} INFO - Started process (PID=202) to work on /home/airflow/.local/lib/python3.8/site-packages/airflow/example_dags/example_datasets.py
[2024-11-06T07:01:32.122+0000] {processor.py:830} INFO - Processing file /home/airflow/.local/lib/python3.8/site-packages/airflow/example_dags/example_datasets.py for tasks to queue
[2024-11-06T07:01:32.124+0000] {logging_mixin.py:188} INFO - [2024-11-06T07:01:32.124+0000] {dagbag.py:538} INFO - Filling up the DagBag from /home/airflow/.local/lib/python3.8/site-packages/airflow/example_dags/example_datasets.py
[2024-11-06T07:01:32.135+0000] {processor.py:840} INFO - DAG(s) 'dataset_consumes_1_and_2', 'dataset_produces_1', 'dataset_consumes_1', 'dataset_produces_2', 'dataset_consumes_unknown_never_scheduled', 'dataset_consumes_1_never_scheduled' retrieved from /home/airflow/.local/lib/python3.8/site-packages/airflow/example_dags/example_datasets.py
[2024-11-06T07:01:32.173+0000] {logging_mixin.py:188} INFO - [2024-11-06T07:01:32.173+0000] {dag.py:3036} INFO - Sync 6 DAGs
[2024-11-06T07:01:32.199+0000] {logging_mixin.py:188} INFO - [2024-11-06T07:01:32.198+0000] {dag.py:3823} INFO - Setting next_dagrun for dataset_consumes_1 to None, run_after=None
[2024-11-06T07:01:32.202+0000] {logging_mixin.py:188} INFO - [2024-11-06T07:01:32.202+0000] {dag.py:3823} INFO - Setting next_dagrun for dataset_consumes_1_and_2 to None, run_after=None
[2024-11-06T07:01:32.203+0000] {logging_mixin.py:188} INFO - [2024-11-06T07:01:32.203+0000] {dag.py:3823} INFO - Setting next_dagrun for dataset_consumes_1_never_scheduled to None, run_after=None
[2024-11-06T07:01:32.204+0000] {logging_mixin.py:188} INFO - [2024-11-06T07:01:32.204+0000] {dag.py:3823} INFO - Setting next_dagrun for dataset_consumes_unknown_never_scheduled to None, run_after=None
[2024-11-06T07:01:32.206+0000] {logging_mixin.py:188} INFO - [2024-11-06T07:01:32.206+0000] {dag.py:3823} INFO - Setting next_dagrun for dataset_produces_1 to 2024-11-05 00:00:00+00:00, run_after=2024-11-06 00:00:00+00:00
[2024-11-06T07:01:32.207+0000] {logging_mixin.py:188} INFO - [2024-11-06T07:01:32.207+0000] {dag.py:3823} INFO - Setting next_dagrun for dataset_produces_2 to None, run_after=None
[2024-11-06T07:01:32.235+0000] {processor.py:183} INFO - Processing /home/airflow/.local/lib/python3.8/site-packages/airflow/example_dags/example_datasets.py took 0.119 seconds
[2024-11-06T07:02:03.119+0000] {processor.py:161} INFO - Started process (PID=260) to work on /home/airflow/.local/lib/python3.8/site-packages/airflow/example_dags/example_datasets.py
[2024-11-06T07:02:03.120+0000] {processor.py:830} INFO - Processing file /home/airflow/.local/lib/python3.8/site-packages/airflow/example_dags/example_datasets.py for tasks to queue
[2024-11-06T07:02:03.122+0000] {logging_mixin.py:188} INFO - [2024-11-06T07:02:03.122+0000] {dagbag.py:538} INFO - Filling up the DagBag from /home/airflow/.local/lib/python3.8/site-packages/airflow/example_dags/example_datasets.py
[2024-11-06T07:02:03.135+0000] {processor.py:840} INFO - DAG(s) 'dataset_consumes_1', 'dataset_produces_2', 'dataset_produces_1', 'dataset_consumes_1_and_2', 'dataset_consumes_1_never_scheduled', 'dataset_consumes_unknown_never_scheduled' retrieved from /home/airflow/.local/lib/python3.8/site-packages/airflow/example_dags/example_datasets.py
[2024-11-06T07:02:03.177+0000] {logging_mixin.py:188} INFO - [2024-11-06T07:02:03.177+0000] {dag.py:3036} INFO - Sync 6 DAGs
[2024-11-06T07:02:03.201+0000] {logging_mixin.py:188} INFO - [2024-11-06T07:02:03.200+0000] {dag.py:3823} INFO - Setting next_dagrun for dataset_consumes_1 to None, run_after=None
[2024-11-06T07:02:03.204+0000] {logging_mixin.py:188} INFO - [2024-11-06T07:02:03.204+0000] {dag.py:3823} INFO - Setting next_dagrun for dataset_consumes_1_and_2 to None, run_after=None
[2024-11-06T07:02:03.205+0000] {logging_mixin.py:188} INFO - [2024-11-06T07:02:03.205+0000] {dag.py:3823} INFO - Setting next_dagrun for dataset_consumes_1_never_scheduled to None, run_after=None
[2024-11-06T07:02:03.207+0000] {logging_mixin.py:188} INFO - [2024-11-06T07:02:03.206+0000] {dag.py:3823} INFO - Setting next_dagrun for dataset_consumes_unknown_never_scheduled to None, run_after=None
[2024-11-06T07:02:03.209+0000] {logging_mixin.py:188} INFO - [2024-11-06T07:02:03.209+0000] {dag.py:3823} INFO - Setting next_dagrun for dataset_produces_1 to 2024-11-05 00:00:00+00:00, run_after=2024-11-06 00:00:00+00:00
[2024-11-06T07:02:03.210+0000] {logging_mixin.py:188} INFO - [2024-11-06T07:02:03.210+0000] {dag.py:3823} INFO - Setting next_dagrun for dataset_produces_2 to None, run_after=None
[2024-11-06T07:02:03.237+0000] {processor.py:183} INFO - Processing /home/airflow/.local/lib/python3.8/site-packages/airflow/example_dags/example_datasets.py took 0.121 seconds
[2024-11-06T07:02:34.078+0000] {processor.py:161} INFO - Started process (PID=317) to work on /home/airflow/.local/lib/python3.8/site-packages/airflow/example_dags/example_datasets.py
[2024-11-06T07:02:34.078+0000] {processor.py:830} INFO - Processing file /home/airflow/.local/lib/python3.8/site-packages/airflow/example_dags/example_datasets.py for tasks to queue
[2024-11-06T07:02:34.080+0000] {logging_mixin.py:188} INFO - [2024-11-06T07:02:34.080+0000] {dagbag.py:538} INFO - Filling up the DagBag from /home/airflow/.local/lib/python3.8/site-packages/airflow/example_dags/example_datasets.py
[2024-11-06T07:02:34.092+0000] {processor.py:840} INFO - DAG(s) 'dataset_produces_2', 'dataset_consumes_1', 'dataset_consumes_1_never_scheduled', 'dataset_consumes_1_and_2', 'dataset_produces_1', 'dataset_consumes_unknown_never_scheduled' retrieved from /home/airflow/.local/lib/python3.8/site-packages/airflow/example_dags/example_datasets.py
[2024-11-06T07:02:34.134+0000] {logging_mixin.py:188} INFO - [2024-11-06T07:02:34.134+0000] {dag.py:3036} INFO - Sync 6 DAGs
[2024-11-06T07:02:34.159+0000] {logging_mixin.py:188} INFO - [2024-11-06T07:02:34.159+0000] {dag.py:3823} INFO - Setting next_dagrun for dataset_consumes_1 to None, run_after=None
[2024-11-06T07:02:34.162+0000] {logging_mixin.py:188} INFO - [2024-11-06T07:02:34.162+0000] {dag.py:3823} INFO - Setting next_dagrun for dataset_consumes_1_and_2 to None, run_after=None
[2024-11-06T07:02:34.163+0000] {logging_mixin.py:188} INFO - [2024-11-06T07:02:34.163+0000] {dag.py:3823} INFO - Setting next_dagrun for dataset_consumes_1_never_scheduled to None, run_after=None
[2024-11-06T07:02:34.164+0000] {logging_mixin.py:188} INFO - [2024-11-06T07:02:34.164+0000] {dag.py:3823} INFO - Setting next_dagrun for dataset_consumes_unknown_never_scheduled to None, run_after=None
[2024-11-06T07:02:34.166+0000] {logging_mixin.py:188} INFO - [2024-11-06T07:02:34.166+0000] {dag.py:3823} INFO - Setting next_dagrun for dataset_produces_1 to 2024-11-05 00:00:00+00:00, run_after=2024-11-06 00:00:00+00:00
[2024-11-06T07:02:34.167+0000] {logging_mixin.py:188} INFO - [2024-11-06T07:02:34.167+0000] {dag.py:3823} INFO - Setting next_dagrun for dataset_produces_2 to None, run_after=None
[2024-11-06T07:02:34.201+0000] {processor.py:183} INFO - Processing /home/airflow/.local/lib/python3.8/site-packages/airflow/example_dags/example_datasets.py took 0.127 seconds
[2024-11-06T07:03:04.280+0000] {processor.py:161} INFO - Started process (PID=375) to work on /home/airflow/.local/lib/python3.8/site-packages/airflow/example_dags/example_datasets.py
[2024-11-06T07:03:04.281+0000] {processor.py:830} INFO - Processing file /home/airflow/.local/lib/python3.8/site-packages/airflow/example_dags/example_datasets.py for tasks to queue
[2024-11-06T07:03:04.283+0000] {logging_mixin.py:188} INFO - [2024-11-06T07:03:04.283+0000] {dagbag.py:538} INFO - Filling up the DagBag from /home/airflow/.local/lib/python3.8/site-packages/airflow/example_dags/example_datasets.py
[2024-11-06T07:03:04.294+0000] {processor.py:840} INFO - DAG(s) 'dataset_consumes_1_and_2', 'dataset_produces_2', 'dataset_consumes_unknown_never_scheduled', 'dataset_produces_1', 'dataset_consumes_1_never_scheduled', 'dataset_consumes_1' retrieved from /home/airflow/.local/lib/python3.8/site-packages/airflow/example_dags/example_datasets.py
[2024-11-06T07:03:04.397+0000] {logging_mixin.py:188} INFO - [2024-11-06T07:03:04.397+0000] {dag.py:3036} INFO - Sync 6 DAGs
[2024-11-06T07:03:04.420+0000] {logging_mixin.py:188} INFO - [2024-11-06T07:03:04.420+0000] {dag.py:3823} INFO - Setting next_dagrun for dataset_consumes_1 to None, run_after=None
[2024-11-06T07:03:04.423+0000] {logging_mixin.py:188} INFO - [2024-11-06T07:03:04.423+0000] {dag.py:3823} INFO - Setting next_dagrun for dataset_consumes_1_and_2 to None, run_after=None
[2024-11-06T07:03:04.424+0000] {logging_mixin.py:188} INFO - [2024-11-06T07:03:04.424+0000] {dag.py:3823} INFO - Setting next_dagrun for dataset_consumes_1_never_scheduled to None, run_after=None
[2024-11-06T07:03:04.425+0000] {logging_mixin.py:188} INFO - [2024-11-06T07:03:04.425+0000] {dag.py:3823} INFO - Setting next_dagrun for dataset_consumes_unknown_never_scheduled to None, run_after=None
[2024-11-06T07:03:04.427+0000] {logging_mixin.py:188} INFO - [2024-11-06T07:03:04.427+0000] {dag.py:3823} INFO - Setting next_dagrun for dataset_produces_1 to 2024-11-05 00:00:00+00:00, run_after=2024-11-06 00:00:00+00:00
[2024-11-06T07:03:04.428+0000] {logging_mixin.py:188} INFO - [2024-11-06T07:03:04.428+0000] {dag.py:3823} INFO - Setting next_dagrun for dataset_produces_2 to None, run_after=None
[2024-11-06T07:03:04.457+0000] {processor.py:183} INFO - Processing /home/airflow/.local/lib/python3.8/site-packages/airflow/example_dags/example_datasets.py took 0.181 seconds
[2024-11-06T07:03:34.598+0000] {processor.py:161} INFO - Started process (PID=433) to work on /home/airflow/.local/lib/python3.8/site-packages/airflow/example_dags/example_datasets.py
[2024-11-06T07:03:34.599+0000] {processor.py:830} INFO - Processing file /home/airflow/.local/lib/python3.8/site-packages/airflow/example_dags/example_datasets.py for tasks to queue
[2024-11-06T07:03:34.602+0000] {logging_mixin.py:188} INFO - [2024-11-06T07:03:34.601+0000] {dagbag.py:538} INFO - Filling up the DagBag from /home/airflow/.local/lib/python3.8/site-packages/airflow/example_dags/example_datasets.py
[2024-11-06T07:03:34.613+0000] {processor.py:840} INFO - DAG(s) 'dataset_consumes_1_never_scheduled', 'dataset_produces_2', 'dataset_consumes_1_and_2', 'dataset_consumes_unknown_never_scheduled', 'dataset_consumes_1', 'dataset_produces_1' retrieved from /home/airflow/.local/lib/python3.8/site-packages/airflow/example_dags/example_datasets.py
[2024-11-06T07:03:34.652+0000] {logging_mixin.py:188} INFO - [2024-11-06T07:03:34.652+0000] {dag.py:3036} INFO - Sync 6 DAGs
[2024-11-06T07:03:34.676+0000] {logging_mixin.py:188} INFO - [2024-11-06T07:03:34.675+0000] {dag.py:3823} INFO - Setting next_dagrun for dataset_consumes_1 to None, run_after=None
[2024-11-06T07:03:34.680+0000] {logging_mixin.py:188} INFO - [2024-11-06T07:03:34.680+0000] {dag.py:3823} INFO - Setting next_dagrun for dataset_consumes_1_and_2 to None, run_after=None
[2024-11-06T07:03:34.681+0000] {logging_mixin.py:188} INFO - [2024-11-06T07:03:34.681+0000] {dag.py:3823} INFO - Setting next_dagrun for dataset_consumes_1_never_scheduled to None, run_after=None
[2024-11-06T07:03:34.682+0000] {logging_mixin.py:188} INFO - [2024-11-06T07:03:34.681+0000] {dag.py:3823} INFO - Setting next_dagrun for dataset_consumes_unknown_never_scheduled to None, run_after=None
[2024-11-06T07:03:34.684+0000] {logging_mixin.py:188} INFO - [2024-11-06T07:03:34.684+0000] {dag.py:3823} INFO - Setting next_dagrun for dataset_produces_1 to 2024-11-05 00:00:00+00:00, run_after=2024-11-06 00:00:00+00:00
[2024-11-06T07:03:34.685+0000] {logging_mixin.py:188} INFO - [2024-11-06T07:03:34.685+0000] {dag.py:3823} INFO - Setting next_dagrun for dataset_produces_2 to None, run_after=None
[2024-11-06T07:03:34.713+0000] {processor.py:183} INFO - Processing /home/airflow/.local/lib/python3.8/site-packages/airflow/example_dags/example_datasets.py took 0.119 seconds
[2024-11-06T07:04:04.833+0000] {processor.py:161} INFO - Started process (PID=490) to work on /home/airflow/.local/lib/python3.8/site-packages/airflow/example_dags/example_datasets.py
[2024-11-06T07:04:04.841+0000] {processor.py:830} INFO - Processing file /home/airflow/.local/lib/python3.8/site-packages/airflow/example_dags/example_datasets.py for tasks to queue
[2024-11-06T07:04:04.844+0000] {logging_mixin.py:188} INFO - [2024-11-06T07:04:04.844+0000] {dagbag.py:538} INFO - Filling up the DagBag from /home/airflow/.local/lib/python3.8/site-packages/airflow/example_dags/example_datasets.py
[2024-11-06T07:04:04.857+0000] {processor.py:840} INFO - DAG(s) 'dataset_produces_2', 'dataset_produces_1', 'dataset_consumes_1', 'dataset_consumes_1_never_scheduled', 'dataset_consumes_unknown_never_scheduled', 'dataset_consumes_1_and_2' retrieved from /home/airflow/.local/lib/python3.8/site-packages/airflow/example_dags/example_datasets.py
[2024-11-06T07:04:04.950+0000] {logging_mixin.py:188} INFO - [2024-11-06T07:04:04.949+0000] {dag.py:3036} INFO - Sync 6 DAGs
[2024-11-06T07:04:04.977+0000] {logging_mixin.py:188} INFO - [2024-11-06T07:04:04.977+0000] {dag.py:3823} INFO - Setting next_dagrun for dataset_consumes_1 to None, run_after=None
[2024-11-06T07:04:04.981+0000] {logging_mixin.py:188} INFO - [2024-11-06T07:04:04.981+0000] {dag.py:3823} INFO - Setting next_dagrun for dataset_consumes_1_and_2 to None, run_after=None
[2024-11-06T07:04:04.982+0000] {logging_mixin.py:188} INFO - [2024-11-06T07:04:04.982+0000] {dag.py:3823} INFO - Setting next_dagrun for dataset_consumes_1_never_scheduled to None, run_after=None
[2024-11-06T07:04:04.984+0000] {logging_mixin.py:188} INFO - [2024-11-06T07:04:04.983+0000] {dag.py:3823} INFO - Setting next_dagrun for dataset_consumes_unknown_never_scheduled to None, run_after=None
[2024-11-06T07:04:04.987+0000] {logging_mixin.py:188} INFO - [2024-11-06T07:04:04.987+0000] {dag.py:3823} INFO - Setting next_dagrun for dataset_produces_1 to 2024-11-05 00:00:00+00:00, run_after=2024-11-06 00:00:00+00:00
[2024-11-06T07:04:04.988+0000] {logging_mixin.py:188} INFO - [2024-11-06T07:04:04.988+0000] {dag.py:3823} INFO - Setting next_dagrun for dataset_produces_2 to None, run_after=None
[2024-11-06T07:04:05.024+0000] {processor.py:183} INFO - Processing /home/airflow/.local/lib/python3.8/site-packages/airflow/example_dags/example_datasets.py took 0.194 seconds
[2024-11-06T07:04:35.147+0000] {processor.py:161} INFO - Started process (PID=548) to work on /home/airflow/.local/lib/python3.8/site-packages/airflow/example_dags/example_datasets.py
[2024-11-06T07:04:35.149+0000] {processor.py:830} INFO - Processing file /home/airflow/.local/lib/python3.8/site-packages/airflow/example_dags/example_datasets.py for tasks to queue
[2024-11-06T07:04:35.150+0000] {logging_mixin.py:188} INFO - [2024-11-06T07:04:35.150+0000] {dagbag.py:538} INFO - Filling up the DagBag from /home/airflow/.local/lib/python3.8/site-packages/airflow/example_dags/example_datasets.py
[2024-11-06T07:04:35.162+0000] {processor.py:840} INFO - DAG(s) 'dataset_consumes_unknown_never_scheduled', 'dataset_consumes_1', 'dataset_consumes_1_never_scheduled', 'dataset_produces_1', 'dataset_consumes_1_and_2', 'dataset_produces_2' retrieved from /home/airflow/.local/lib/python3.8/site-packages/airflow/example_dags/example_datasets.py
[2024-11-06T07:04:35.200+0000] {logging_mixin.py:188} INFO - [2024-11-06T07:04:35.200+0000] {dag.py:3036} INFO - Sync 6 DAGs
[2024-11-06T07:04:35.228+0000] {logging_mixin.py:188} INFO - [2024-11-06T07:04:35.228+0000] {dag.py:3823} INFO - Setting next_dagrun for dataset_consumes_1 to None, run_after=None
[2024-11-06T07:04:35.231+0000] {logging_mixin.py:188} INFO - [2024-11-06T07:04:35.231+0000] {dag.py:3823} INFO - Setting next_dagrun for dataset_consumes_1_and_2 to None, run_after=None
[2024-11-06T07:04:35.232+0000] {logging_mixin.py:188} INFO - [2024-11-06T07:04:35.232+0000] {dag.py:3823} INFO - Setting next_dagrun for dataset_consumes_1_never_scheduled to None, run_after=None
[2024-11-06T07:04:35.233+0000] {logging_mixin.py:188} INFO - [2024-11-06T07:04:35.233+0000] {dag.py:3823} INFO - Setting next_dagrun for dataset_consumes_unknown_never_scheduled to None, run_after=None
[2024-11-06T07:04:35.235+0000] {logging_mixin.py:188} INFO - [2024-11-06T07:04:35.235+0000] {dag.py:3823} INFO - Setting next_dagrun for dataset_produces_1 to 2024-11-05 00:00:00+00:00, run_after=2024-11-06 00:00:00+00:00
[2024-11-06T07:04:35.236+0000] {logging_mixin.py:188} INFO - [2024-11-06T07:04:35.236+0000] {dag.py:3823} INFO - Setting next_dagrun for dataset_produces_2 to None, run_after=None
[2024-11-06T07:04:35.263+0000] {processor.py:183} INFO - Processing /home/airflow/.local/lib/python3.8/site-packages/airflow/example_dags/example_datasets.py took 0.119 seconds
[2024-11-06T07:05:06.226+0000] {processor.py:161} INFO - Started process (PID=605) to work on /home/airflow/.local/lib/python3.8/site-packages/airflow/example_dags/example_datasets.py
[2024-11-06T07:05:06.246+0000] {processor.py:830} INFO - Processing file /home/airflow/.local/lib/python3.8/site-packages/airflow/example_dags/example_datasets.py for tasks to queue
[2024-11-06T07:05:06.248+0000] {logging_mixin.py:188} INFO - [2024-11-06T07:05:06.248+0000] {dagbag.py:538} INFO - Filling up the DagBag from /home/airflow/.local/lib/python3.8/site-packages/airflow/example_dags/example_datasets.py
[2024-11-06T07:05:06.272+0000] {processor.py:840} INFO - DAG(s) 'dataset_produces_2', 'dataset_produces_1', 'dataset_consumes_1_never_scheduled', 'dataset_consumes_1', 'dataset_consumes_unknown_never_scheduled', 'dataset_consumes_1_and_2' retrieved from /home/airflow/.local/lib/python3.8/site-packages/airflow/example_dags/example_datasets.py
[2024-11-06T07:05:06.331+0000] {logging_mixin.py:188} INFO - [2024-11-06T07:05:06.331+0000] {dag.py:3036} INFO - Sync 6 DAGs
[2024-11-06T07:05:06.360+0000] {logging_mixin.py:188} INFO - [2024-11-06T07:05:06.359+0000] {dag.py:3823} INFO - Setting next_dagrun for dataset_consumes_1 to None, run_after=None
[2024-11-06T07:05:06.364+0000] {logging_mixin.py:188} INFO - [2024-11-06T07:05:06.364+0000] {dag.py:3823} INFO - Setting next_dagrun for dataset_consumes_1_and_2 to None, run_after=None
[2024-11-06T07:05:06.365+0000] {logging_mixin.py:188} INFO - [2024-11-06T07:05:06.365+0000] {dag.py:3823} INFO - Setting next_dagrun for dataset_consumes_1_never_scheduled to None, run_after=None
[2024-11-06T07:05:06.367+0000] {logging_mixin.py:188} INFO - [2024-11-06T07:05:06.366+0000] {dag.py:3823} INFO - Setting next_dagrun for dataset_consumes_unknown_never_scheduled to None, run_after=None
[2024-11-06T07:05:06.371+0000] {logging_mixin.py:188} INFO - [2024-11-06T07:05:06.371+0000] {dag.py:3823} INFO - Setting next_dagrun for dataset_produces_1 to 2024-11-05 00:00:00+00:00, run_after=2024-11-06 00:00:00+00:00
[2024-11-06T07:05:06.373+0000] {logging_mixin.py:188} INFO - [2024-11-06T07:05:06.373+0000] {dag.py:3823} INFO - Setting next_dagrun for dataset_produces_2 to None, run_after=None
[2024-11-06T07:05:06.416+0000] {processor.py:183} INFO - Processing /home/airflow/.local/lib/python3.8/site-packages/airflow/example_dags/example_datasets.py took 0.194 seconds
[2024-11-06T07:05:36.744+0000] {processor.py:161} INFO - Started process (PID=662) to work on /home/airflow/.local/lib/python3.8/site-packages/airflow/example_dags/example_datasets.py
[2024-11-06T07:05:36.745+0000] {processor.py:830} INFO - Processing file /home/airflow/.local/lib/python3.8/site-packages/airflow/example_dags/example_datasets.py for tasks to queue
[2024-11-06T07:05:36.747+0000] {logging_mixin.py:188} INFO - [2024-11-06T07:05:36.747+0000] {dagbag.py:538} INFO - Filling up the DagBag from /home/airflow/.local/lib/python3.8/site-packages/airflow/example_dags/example_datasets.py
[2024-11-06T07:05:36.758+0000] {processor.py:840} INFO - DAG(s) 'dataset_consumes_1_never_scheduled', 'dataset_consumes_1_and_2', 'dataset_consumes_unknown_never_scheduled', 'dataset_produces_1', 'dataset_consumes_1', 'dataset_produces_2' retrieved from /home/airflow/.local/lib/python3.8/site-packages/airflow/example_dags/example_datasets.py
[2024-11-06T07:05:36.805+0000] {logging_mixin.py:188} INFO - [2024-11-06T07:05:36.805+0000] {dag.py:3036} INFO - Sync 6 DAGs
[2024-11-06T07:05:36.832+0000] {logging_mixin.py:188} INFO - [2024-11-06T07:05:36.832+0000] {dag.py:3823} INFO - Setting next_dagrun for dataset_consumes_1 to None, run_after=None
[2024-11-06T07:05:36.836+0000] {logging_mixin.py:188} INFO - [2024-11-06T07:05:36.836+0000] {dag.py:3823} INFO - Setting next_dagrun for dataset_consumes_1_and_2 to None, run_after=None
[2024-11-06T07:05:36.837+0000] {logging_mixin.py:188} INFO - [2024-11-06T07:05:36.837+0000] {dag.py:3823} INFO - Setting next_dagrun for dataset_consumes_1_never_scheduled to None, run_after=None
[2024-11-06T07:05:36.839+0000] {logging_mixin.py:188} INFO - [2024-11-06T07:05:36.838+0000] {dag.py:3823} INFO - Setting next_dagrun for dataset_consumes_unknown_never_scheduled to None, run_after=None
[2024-11-06T07:05:36.842+0000] {logging_mixin.py:188} INFO - [2024-11-06T07:05:36.842+0000] {dag.py:3823} INFO - Setting next_dagrun for dataset_produces_1 to 2024-11-05 00:00:00+00:00, run_after=2024-11-06 00:00:00+00:00
[2024-11-06T07:05:36.843+0000] {logging_mixin.py:188} INFO - [2024-11-06T07:05:36.843+0000] {dag.py:3823} INFO - Setting next_dagrun for dataset_produces_2 to None, run_after=None
[2024-11-06T07:05:36.880+0000] {processor.py:183} INFO - Processing /home/airflow/.local/lib/python3.8/site-packages/airflow/example_dags/example_datasets.py took 0.140 seconds
[2024-11-06T07:06:07.628+0000] {processor.py:161} INFO - Started process (PID=719) to work on /home/airflow/.local/lib/python3.8/site-packages/airflow/example_dags/example_datasets.py
[2024-11-06T07:06:07.629+0000] {processor.py:830} INFO - Processing file /home/airflow/.local/lib/python3.8/site-packages/airflow/example_dags/example_datasets.py for tasks to queue
[2024-11-06T07:06:07.631+0000] {logging_mixin.py:188} INFO - [2024-11-06T07:06:07.630+0000] {dagbag.py:538} INFO - Filling up the DagBag from /home/airflow/.local/lib/python3.8/site-packages/airflow/example_dags/example_datasets.py
[2024-11-06T07:06:07.642+0000] {processor.py:840} INFO - DAG(s) 'dataset_consumes_unknown_never_scheduled', 'dataset_consumes_1_and_2', 'dataset_produces_2', 'dataset_consumes_1_never_scheduled', 'dataset_consumes_1', 'dataset_produces_1' retrieved from /home/airflow/.local/lib/python3.8/site-packages/airflow/example_dags/example_datasets.py
[2024-11-06T07:06:07.682+0000] {logging_mixin.py:188} INFO - [2024-11-06T07:06:07.681+0000] {dag.py:3036} INFO - Sync 6 DAGs
[2024-11-06T07:06:07.709+0000] {logging_mixin.py:188} INFO - [2024-11-06T07:06:07.709+0000] {dag.py:3823} INFO - Setting next_dagrun for dataset_consumes_1 to None, run_after=None
[2024-11-06T07:06:07.714+0000] {logging_mixin.py:188} INFO - [2024-11-06T07:06:07.713+0000] {dag.py:3823} INFO - Setting next_dagrun for dataset_consumes_1_and_2 to None, run_after=None
[2024-11-06T07:06:07.715+0000] {logging_mixin.py:188} INFO - [2024-11-06T07:06:07.715+0000] {dag.py:3823} INFO - Setting next_dagrun for dataset_consumes_1_never_scheduled to None, run_after=None
[2024-11-06T07:06:07.717+0000] {logging_mixin.py:188} INFO - [2024-11-06T07:06:07.717+0000] {dag.py:3823} INFO - Setting next_dagrun for dataset_consumes_unknown_never_scheduled to None, run_after=None
[2024-11-06T07:06:07.721+0000] {logging_mixin.py:188} INFO - [2024-11-06T07:06:07.720+0000] {dag.py:3823} INFO - Setting next_dagrun for dataset_produces_1 to 2024-11-05 00:00:00+00:00, run_after=2024-11-06 00:00:00+00:00
[2024-11-06T07:06:07.722+0000] {logging_mixin.py:188} INFO - [2024-11-06T07:06:07.722+0000] {dag.py:3823} INFO - Setting next_dagrun for dataset_produces_2 to None, run_after=None
[2024-11-06T07:06:07.763+0000] {processor.py:183} INFO - Processing /home/airflow/.local/lib/python3.8/site-packages/airflow/example_dags/example_datasets.py took 0.138 seconds
[2024-11-06T07:06:38.371+0000] {processor.py:161} INFO - Started process (PID=783) to work on /home/airflow/.local/lib/python3.8/site-packages/airflow/example_dags/example_datasets.py
[2024-11-06T07:06:38.372+0000] {processor.py:830} INFO - Processing file /home/airflow/.local/lib/python3.8/site-packages/airflow/example_dags/example_datasets.py for tasks to queue
[2024-11-06T07:06:38.373+0000] {logging_mixin.py:188} INFO - [2024-11-06T07:06:38.373+0000] {dagbag.py:538} INFO - Filling up the DagBag from /home/airflow/.local/lib/python3.8/site-packages/airflow/example_dags/example_datasets.py
[2024-11-06T07:06:38.384+0000] {processor.py:840} INFO - DAG(s) 'dataset_produces_2', 'dataset_consumes_1_never_scheduled', 'dataset_consumes_1', 'dataset_produces_1', 'dataset_consumes_1_and_2', 'dataset_consumes_unknown_never_scheduled' retrieved from /home/airflow/.local/lib/python3.8/site-packages/airflow/example_dags/example_datasets.py
[2024-11-06T07:06:38.424+0000] {logging_mixin.py:188} INFO - [2024-11-06T07:06:38.424+0000] {dag.py:3036} INFO - Sync 6 DAGs
[2024-11-06T07:06:38.464+0000] {logging_mixin.py:188} INFO - [2024-11-06T07:06:38.464+0000] {dag.py:3823} INFO - Setting next_dagrun for dataset_consumes_1 to None, run_after=None
[2024-11-06T07:06:38.475+0000] {logging_mixin.py:188} INFO - [2024-11-06T07:06:38.475+0000] {dag.py:3823} INFO - Setting next_dagrun for dataset_consumes_1_and_2 to None, run_after=None
[2024-11-06T07:06:38.479+0000] {logging_mixin.py:188} INFO - [2024-11-06T07:06:38.479+0000] {dag.py:3823} INFO - Setting next_dagrun for dataset_consumes_1_never_scheduled to None, run_after=None
[2024-11-06T07:06:38.481+0000] {logging_mixin.py:188} INFO - [2024-11-06T07:06:38.481+0000] {dag.py:3823} INFO - Setting next_dagrun for dataset_consumes_unknown_never_scheduled to None, run_after=None
[2024-11-06T07:06:38.485+0000] {logging_mixin.py:188} INFO - [2024-11-06T07:06:38.485+0000] {dag.py:3823} INFO - Setting next_dagrun for dataset_produces_1 to 2024-11-05 00:00:00+00:00, run_after=2024-11-06 00:00:00+00:00
[2024-11-06T07:06:38.490+0000] {logging_mixin.py:188} INFO - [2024-11-06T07:06:38.490+0000] {dag.py:3823} INFO - Setting next_dagrun for dataset_produces_2 to None, run_after=None
[2024-11-06T07:06:38.548+0000] {processor.py:183} INFO - Processing /home/airflow/.local/lib/python3.8/site-packages/airflow/example_dags/example_datasets.py took 0.180 seconds
[2024-11-06T07:07:09.099+0000] {processor.py:161} INFO - Started process (PID=840) to work on /home/airflow/.local/lib/python3.8/site-packages/airflow/example_dags/example_datasets.py
[2024-11-06T07:07:09.100+0000] {processor.py:830} INFO - Processing file /home/airflow/.local/lib/python3.8/site-packages/airflow/example_dags/example_datasets.py for tasks to queue
[2024-11-06T07:07:09.101+0000] {logging_mixin.py:188} INFO - [2024-11-06T07:07:09.101+0000] {dagbag.py:538} INFO - Filling up the DagBag from /home/airflow/.local/lib/python3.8/site-packages/airflow/example_dags/example_datasets.py
[2024-11-06T07:07:09.113+0000] {processor.py:840} INFO - DAG(s) 'dataset_consumes_1', 'dataset_consumes_unknown_never_scheduled', 'dataset_consumes_1_never_scheduled', 'dataset_produces_2', 'dataset_produces_1', 'dataset_consumes_1_and_2' retrieved from /home/airflow/.local/lib/python3.8/site-packages/airflow/example_dags/example_datasets.py
[2024-11-06T07:07:09.155+0000] {logging_mixin.py:188} INFO - [2024-11-06T07:07:09.155+0000] {dag.py:3036} INFO - Sync 6 DAGs
[2024-11-06T07:07:09.184+0000] {logging_mixin.py:188} INFO - [2024-11-06T07:07:09.184+0000] {dag.py:3823} INFO - Setting next_dagrun for dataset_consumes_1 to None, run_after=None
[2024-11-06T07:07:09.188+0000] {logging_mixin.py:188} INFO - [2024-11-06T07:07:09.188+0000] {dag.py:3823} INFO - Setting next_dagrun for dataset_consumes_1_and_2 to None, run_after=None
[2024-11-06T07:07:09.189+0000] {logging_mixin.py:188} INFO - [2024-11-06T07:07:09.189+0000] {dag.py:3823} INFO - Setting next_dagrun for dataset_consumes_1_never_scheduled to None, run_after=None
[2024-11-06T07:07:09.191+0000] {logging_mixin.py:188} INFO - [2024-11-06T07:07:09.191+0000] {dag.py:3823} INFO - Setting next_dagrun for dataset_consumes_unknown_never_scheduled to None, run_after=None
[2024-11-06T07:07:09.194+0000] {logging_mixin.py:188} INFO - [2024-11-06T07:07:09.194+0000] {dag.py:3823} INFO - Setting next_dagrun for dataset_produces_1 to 2024-11-05 00:00:00+00:00, run_after=2024-11-06 00:00:00+00:00
[2024-11-06T07:07:09.196+0000] {logging_mixin.py:188} INFO - [2024-11-06T07:07:09.195+0000] {dag.py:3823} INFO - Setting next_dagrun for dataset_produces_2 to None, run_after=None
[2024-11-06T07:07:09.233+0000] {processor.py:183} INFO - Processing /home/airflow/.local/lib/python3.8/site-packages/airflow/example_dags/example_datasets.py took 0.142 seconds
[2024-11-06T07:07:39.833+0000] {processor.py:161} INFO - Started process (PID=898) to work on /home/airflow/.local/lib/python3.8/site-packages/airflow/example_dags/example_datasets.py
[2024-11-06T07:07:39.834+0000] {processor.py:830} INFO - Processing file /home/airflow/.local/lib/python3.8/site-packages/airflow/example_dags/example_datasets.py for tasks to queue
[2024-11-06T07:07:39.836+0000] {logging_mixin.py:188} INFO - [2024-11-06T07:07:39.836+0000] {dagbag.py:538} INFO - Filling up the DagBag from /home/airflow/.local/lib/python3.8/site-packages/airflow/example_dags/example_datasets.py
[2024-11-06T07:07:39.846+0000] {processor.py:840} INFO - DAG(s) 'dataset_produces_2', 'dataset_produces_1', 'dataset_consumes_1', 'dataset_consumes_1_and_2', 'dataset_consumes_1_never_scheduled', 'dataset_consumes_unknown_never_scheduled' retrieved from /home/airflow/.local/lib/python3.8/site-packages/airflow/example_dags/example_datasets.py
[2024-11-06T07:07:39.887+0000] {logging_mixin.py:188} INFO - [2024-11-06T07:07:39.887+0000] {dag.py:3036} INFO - Sync 6 DAGs
[2024-11-06T07:07:39.913+0000] {logging_mixin.py:188} INFO - [2024-11-06T07:07:39.913+0000] {dag.py:3823} INFO - Setting next_dagrun for dataset_consumes_1 to None, run_after=None
[2024-11-06T07:07:39.917+0000] {logging_mixin.py:188} INFO - [2024-11-06T07:07:39.917+0000] {dag.py:3823} INFO - Setting next_dagrun for dataset_consumes_1_and_2 to None, run_after=None
[2024-11-06T07:07:39.919+0000] {logging_mixin.py:188} INFO - [2024-11-06T07:07:39.919+0000] {dag.py:3823} INFO - Setting next_dagrun for dataset_consumes_1_never_scheduled to None, run_after=None
[2024-11-06T07:07:39.920+0000] {logging_mixin.py:188} INFO - [2024-11-06T07:07:39.920+0000] {dag.py:3823} INFO - Setting next_dagrun for dataset_consumes_unknown_never_scheduled to None, run_after=None
[2024-11-06T07:07:39.924+0000] {logging_mixin.py:188} INFO - [2024-11-06T07:07:39.924+0000] {dag.py:3823} INFO - Setting next_dagrun for dataset_produces_1 to 2024-11-05 00:00:00+00:00, run_after=2024-11-06 00:00:00+00:00
[2024-11-06T07:07:39.925+0000] {logging_mixin.py:188} INFO - [2024-11-06T07:07:39.925+0000] {dag.py:3823} INFO - Setting next_dagrun for dataset_produces_2 to None, run_after=None
[2024-11-06T07:07:39.962+0000] {processor.py:183} INFO - Processing /home/airflow/.local/lib/python3.8/site-packages/airflow/example_dags/example_datasets.py took 0.131 seconds
[2024-11-06T07:08:09.997+0000] {processor.py:161} INFO - Started process (PID=956) to work on /home/airflow/.local/lib/python3.8/site-packages/airflow/example_dags/example_datasets.py
[2024-11-06T07:08:09.998+0000] {processor.py:830} INFO - Processing file /home/airflow/.local/lib/python3.8/site-packages/airflow/example_dags/example_datasets.py for tasks to queue
[2024-11-06T07:08:10.000+0000] {logging_mixin.py:188} INFO - [2024-11-06T07:08:10.000+0000] {dagbag.py:538} INFO - Filling up the DagBag from /home/airflow/.local/lib/python3.8/site-packages/airflow/example_dags/example_datasets.py
[2024-11-06T07:08:10.011+0000] {processor.py:840} INFO - DAG(s) 'dataset_consumes_1', 'dataset_consumes_unknown_never_scheduled', 'dataset_produces_1', 'dataset_consumes_1_never_scheduled', 'dataset_produces_2', 'dataset_consumes_1_and_2' retrieved from /home/airflow/.local/lib/python3.8/site-packages/airflow/example_dags/example_datasets.py
[2024-11-06T07:08:10.053+0000] {logging_mixin.py:188} INFO - [2024-11-06T07:08:10.053+0000] {dag.py:3036} INFO - Sync 6 DAGs
[2024-11-06T07:08:10.080+0000] {logging_mixin.py:188} INFO - [2024-11-06T07:08:10.080+0000] {dag.py:3823} INFO - Setting next_dagrun for dataset_consumes_1 to None, run_after=None
[2024-11-06T07:08:10.084+0000] {logging_mixin.py:188} INFO - [2024-11-06T07:08:10.084+0000] {dag.py:3823} INFO - Setting next_dagrun for dataset_consumes_1_and_2 to None, run_after=None
[2024-11-06T07:08:10.086+0000] {logging_mixin.py:188} INFO - [2024-11-06T07:08:10.086+0000] {dag.py:3823} INFO - Setting next_dagrun for dataset_consumes_1_never_scheduled to None, run_after=None
[2024-11-06T07:08:10.087+0000] {logging_mixin.py:188} INFO - [2024-11-06T07:08:10.087+0000] {dag.py:3823} INFO - Setting next_dagrun for dataset_consumes_unknown_never_scheduled to None, run_after=None
[2024-11-06T07:08:10.091+0000] {logging_mixin.py:188} INFO - [2024-11-06T07:08:10.091+0000] {dag.py:3823} INFO - Setting next_dagrun for dataset_produces_1 to 2024-11-05 00:00:00+00:00, run_after=2024-11-06 00:00:00+00:00
[2024-11-06T07:08:10.093+0000] {logging_mixin.py:188} INFO - [2024-11-06T07:08:10.093+0000] {dag.py:3823} INFO - Setting next_dagrun for dataset_produces_2 to None, run_after=None
[2024-11-06T07:08:10.160+0000] {processor.py:183} INFO - Processing /home/airflow/.local/lib/python3.8/site-packages/airflow/example_dags/example_datasets.py took 0.166 seconds
[2024-11-06T07:08:40.287+0000] {processor.py:161} INFO - Started process (PID=1014) to work on /home/airflow/.local/lib/python3.8/site-packages/airflow/example_dags/example_datasets.py
[2024-11-06T07:08:40.288+0000] {processor.py:830} INFO - Processing file /home/airflow/.local/lib/python3.8/site-packages/airflow/example_dags/example_datasets.py for tasks to queue
[2024-11-06T07:08:40.290+0000] {logging_mixin.py:188} INFO - [2024-11-06T07:08:40.290+0000] {dagbag.py:538} INFO - Filling up the DagBag from /home/airflow/.local/lib/python3.8/site-packages/airflow/example_dags/example_datasets.py
[2024-11-06T07:08:40.306+0000] {processor.py:840} INFO - DAG(s) 'dataset_consumes_unknown_never_scheduled', 'dataset_produces_2', 'dataset_produces_1', 'dataset_consumes_1', 'dataset_consumes_1_and_2', 'dataset_consumes_1_never_scheduled' retrieved from /home/airflow/.local/lib/python3.8/site-packages/airflow/example_dags/example_datasets.py
[2024-11-06T07:08:40.349+0000] {logging_mixin.py:188} INFO - [2024-11-06T07:08:40.348+0000] {dag.py:3036} INFO - Sync 6 DAGs
[2024-11-06T07:08:40.373+0000] {logging_mixin.py:188} INFO - [2024-11-06T07:08:40.372+0000] {dag.py:3823} INFO - Setting next_dagrun for dataset_consumes_1 to None, run_after=None
[2024-11-06T07:08:40.377+0000] {logging_mixin.py:188} INFO - [2024-11-06T07:08:40.376+0000] {dag.py:3823} INFO - Setting next_dagrun for dataset_consumes_1_and_2 to None, run_after=None
[2024-11-06T07:08:40.378+0000] {logging_mixin.py:188} INFO - [2024-11-06T07:08:40.378+0000] {dag.py:3823} INFO - Setting next_dagrun for dataset_consumes_1_never_scheduled to None, run_after=None
[2024-11-06T07:08:40.379+0000] {logging_mixin.py:188} INFO - [2024-11-06T07:08:40.379+0000] {dag.py:3823} INFO - Setting next_dagrun for dataset_consumes_unknown_never_scheduled to None, run_after=None
[2024-11-06T07:08:40.383+0000] {logging_mixin.py:188} INFO - [2024-11-06T07:08:40.383+0000] {dag.py:3823} INFO - Setting next_dagrun for dataset_produces_1 to 2024-11-05 00:00:00+00:00, run_after=2024-11-06 00:00:00+00:00
[2024-11-06T07:08:40.384+0000] {logging_mixin.py:188} INFO - [2024-11-06T07:08:40.384+0000] {dag.py:3823} INFO - Setting next_dagrun for dataset_produces_2 to None, run_after=None
[2024-11-06T07:08:40.431+0000] {processor.py:183} INFO - Processing /home/airflow/.local/lib/python3.8/site-packages/airflow/example_dags/example_datasets.py took 0.150 seconds
[2024-11-06T07:09:10.810+0000] {processor.py:161} INFO - Started process (PID=1071) to work on /home/airflow/.local/lib/python3.8/site-packages/airflow/example_dags/example_datasets.py
[2024-11-06T07:09:10.811+0000] {processor.py:830} INFO - Processing file /home/airflow/.local/lib/python3.8/site-packages/airflow/example_dags/example_datasets.py for tasks to queue
[2024-11-06T07:09:10.813+0000] {logging_mixin.py:188} INFO - [2024-11-06T07:09:10.812+0000] {dagbag.py:538} INFO - Filling up the DagBag from /home/airflow/.local/lib/python3.8/site-packages/airflow/example_dags/example_datasets.py
[2024-11-06T07:09:10.823+0000] {processor.py:840} INFO - DAG(s) 'dataset_consumes_1', 'dataset_consumes_unknown_never_scheduled', 'dataset_produces_1', 'dataset_consumes_1_never_scheduled', 'dataset_produces_2', 'dataset_consumes_1_and_2' retrieved from /home/airflow/.local/lib/python3.8/site-packages/airflow/example_dags/example_datasets.py
[2024-11-06T07:09:10.865+0000] {logging_mixin.py:188} INFO - [2024-11-06T07:09:10.865+0000] {dag.py:3036} INFO - Sync 6 DAGs
[2024-11-06T07:09:10.892+0000] {logging_mixin.py:188} INFO - [2024-11-06T07:09:10.891+0000] {dag.py:3823} INFO - Setting next_dagrun for dataset_consumes_1 to None, run_after=None
[2024-11-06T07:09:10.896+0000] {logging_mixin.py:188} INFO - [2024-11-06T07:09:10.895+0000] {dag.py:3823} INFO - Setting next_dagrun for dataset_consumes_1_and_2 to None, run_after=None
[2024-11-06T07:09:10.897+0000] {logging_mixin.py:188} INFO - [2024-11-06T07:09:10.897+0000] {dag.py:3823} INFO - Setting next_dagrun for dataset_consumes_1_never_scheduled to None, run_after=None
[2024-11-06T07:09:10.899+0000] {logging_mixin.py:188} INFO - [2024-11-06T07:09:10.898+0000] {dag.py:3823} INFO - Setting next_dagrun for dataset_consumes_unknown_never_scheduled to None, run_after=None
[2024-11-06T07:09:10.902+0000] {logging_mixin.py:188} INFO - [2024-11-06T07:09:10.902+0000] {dag.py:3823} INFO - Setting next_dagrun for dataset_produces_1 to 2024-11-05 00:00:00+00:00, run_after=2024-11-06 00:00:00+00:00
[2024-11-06T07:09:10.904+0000] {logging_mixin.py:188} INFO - [2024-11-06T07:09:10.904+0000] {dag.py:3823} INFO - Setting next_dagrun for dataset_produces_2 to None, run_after=None
[2024-11-06T07:09:10.948+0000] {processor.py:183} INFO - Processing /home/airflow/.local/lib/python3.8/site-packages/airflow/example_dags/example_datasets.py took 0.141 seconds
[2024-11-06T07:09:41.506+0000] {processor.py:161} INFO - Started process (PID=1128) to work on /home/airflow/.local/lib/python3.8/site-packages/airflow/example_dags/example_datasets.py
[2024-11-06T07:09:41.507+0000] {processor.py:830} INFO - Processing file /home/airflow/.local/lib/python3.8/site-packages/airflow/example_dags/example_datasets.py for tasks to queue
[2024-11-06T07:09:41.508+0000] {logging_mixin.py:188} INFO - [2024-11-06T07:09:41.508+0000] {dagbag.py:538} INFO - Filling up the DagBag from /home/airflow/.local/lib/python3.8/site-packages/airflow/example_dags/example_datasets.py
[2024-11-06T07:09:41.518+0000] {processor.py:840} INFO - DAG(s) 'dataset_produces_1', 'dataset_produces_2', 'dataset_consumes_unknown_never_scheduled', 'dataset_consumes_1_never_scheduled', 'dataset_consumes_1', 'dataset_consumes_1_and_2' retrieved from /home/airflow/.local/lib/python3.8/site-packages/airflow/example_dags/example_datasets.py
[2024-11-06T07:09:41.559+0000] {logging_mixin.py:188} INFO - [2024-11-06T07:09:41.559+0000] {dag.py:3036} INFO - Sync 6 DAGs
[2024-11-06T07:09:41.587+0000] {logging_mixin.py:188} INFO - [2024-11-06T07:09:41.586+0000] {dag.py:3823} INFO - Setting next_dagrun for dataset_consumes_1 to None, run_after=None
[2024-11-06T07:09:41.591+0000] {logging_mixin.py:188} INFO - [2024-11-06T07:09:41.591+0000] {dag.py:3823} INFO - Setting next_dagrun for dataset_consumes_1_and_2 to None, run_after=None
[2024-11-06T07:09:41.592+0000] {logging_mixin.py:188} INFO - [2024-11-06T07:09:41.592+0000] {dag.py:3823} INFO - Setting next_dagrun for dataset_consumes_1_never_scheduled to None, run_after=None
[2024-11-06T07:09:41.593+0000] {logging_mixin.py:188} INFO - [2024-11-06T07:09:41.593+0000] {dag.py:3823} INFO - Setting next_dagrun for dataset_consumes_unknown_never_scheduled to None, run_after=None
[2024-11-06T07:09:41.597+0000] {logging_mixin.py:188} INFO - [2024-11-06T07:09:41.597+0000] {dag.py:3823} INFO - Setting next_dagrun for dataset_produces_1 to 2024-11-05 00:00:00+00:00, run_after=2024-11-06 00:00:00+00:00
[2024-11-06T07:09:41.599+0000] {logging_mixin.py:188} INFO - [2024-11-06T07:09:41.599+0000] {dag.py:3823} INFO - Setting next_dagrun for dataset_produces_2 to None, run_after=None
[2024-11-06T07:09:41.635+0000] {processor.py:183} INFO - Processing /home/airflow/.local/lib/python3.8/site-packages/airflow/example_dags/example_datasets.py took 0.134 seconds
[2024-11-06T07:10:12.021+0000] {processor.py:161} INFO - Started process (PID=1185) to work on /home/airflow/.local/lib/python3.8/site-packages/airflow/example_dags/example_datasets.py
[2024-11-06T07:10:12.022+0000] {processor.py:830} INFO - Processing file /home/airflow/.local/lib/python3.8/site-packages/airflow/example_dags/example_datasets.py for tasks to queue
[2024-11-06T07:10:12.024+0000] {logging_mixin.py:188} INFO - [2024-11-06T07:10:12.023+0000] {dagbag.py:538} INFO - Filling up the DagBag from /home/airflow/.local/lib/python3.8/site-packages/airflow/example_dags/example_datasets.py
[2024-11-06T07:10:12.035+0000] {processor.py:840} INFO - DAG(s) 'dataset_consumes_1_and_2', 'dataset_produces_1', 'dataset_consumes_1_never_scheduled', 'dataset_consumes_1', 'dataset_consumes_unknown_never_scheduled', 'dataset_produces_2' retrieved from /home/airflow/.local/lib/python3.8/site-packages/airflow/example_dags/example_datasets.py
[2024-11-06T07:10:12.074+0000] {logging_mixin.py:188} INFO - [2024-11-06T07:10:12.074+0000] {dag.py:3036} INFO - Sync 6 DAGs
[2024-11-06T07:10:12.102+0000] {logging_mixin.py:188} INFO - [2024-11-06T07:10:12.101+0000] {dag.py:3823} INFO - Setting next_dagrun for dataset_consumes_1 to None, run_after=None
[2024-11-06T07:10:12.105+0000] {logging_mixin.py:188} INFO - [2024-11-06T07:10:12.105+0000] {dag.py:3823} INFO - Setting next_dagrun for dataset_consumes_1_and_2 to None, run_after=None
[2024-11-06T07:10:12.107+0000] {logging_mixin.py:188} INFO - [2024-11-06T07:10:12.106+0000] {dag.py:3823} INFO - Setting next_dagrun for dataset_consumes_1_never_scheduled to None, run_after=None
[2024-11-06T07:10:12.108+0000] {logging_mixin.py:188} INFO - [2024-11-06T07:10:12.108+0000] {dag.py:3823} INFO - Setting next_dagrun for dataset_consumes_unknown_never_scheduled to None, run_after=None
[2024-11-06T07:10:12.111+0000] {logging_mixin.py:188} INFO - [2024-11-06T07:10:12.111+0000] {dag.py:3823} INFO - Setting next_dagrun for dataset_produces_1 to 2024-11-05 00:00:00+00:00, run_after=2024-11-06 00:00:00+00:00
[2024-11-06T07:10:12.113+0000] {logging_mixin.py:188} INFO - [2024-11-06T07:10:12.112+0000] {dag.py:3823} INFO - Setting next_dagrun for dataset_produces_2 to None, run_after=None
[2024-11-06T07:10:12.152+0000] {processor.py:183} INFO - Processing /home/airflow/.local/lib/python3.8/site-packages/airflow/example_dags/example_datasets.py took 0.134 seconds
[2024-11-06T07:10:42.355+0000] {processor.py:161} INFO - Started process (PID=1242) to work on /home/airflow/.local/lib/python3.8/site-packages/airflow/example_dags/example_datasets.py
[2024-11-06T07:10:42.356+0000] {processor.py:830} INFO - Processing file /home/airflow/.local/lib/python3.8/site-packages/airflow/example_dags/example_datasets.py for tasks to queue
[2024-11-06T07:10:42.358+0000] {logging_mixin.py:188} INFO - [2024-11-06T07:10:42.358+0000] {dagbag.py:538} INFO - Filling up the DagBag from /home/airflow/.local/lib/python3.8/site-packages/airflow/example_dags/example_datasets.py
[2024-11-06T07:10:42.373+0000] {processor.py:840} INFO - DAG(s) 'dataset_consumes_1_never_scheduled', 'dataset_consumes_1', 'dataset_produces_1', 'dataset_consumes_unknown_never_scheduled', 'dataset_consumes_1_and_2', 'dataset_produces_2' retrieved from /home/airflow/.local/lib/python3.8/site-packages/airflow/example_dags/example_datasets.py
[2024-11-06T07:10:42.413+0000] {logging_mixin.py:188} INFO - [2024-11-06T07:10:42.413+0000] {dag.py:3036} INFO - Sync 6 DAGs
[2024-11-06T07:10:42.441+0000] {logging_mixin.py:188} INFO - [2024-11-06T07:10:42.440+0000] {dag.py:3823} INFO - Setting next_dagrun for dataset_consumes_1 to None, run_after=None
[2024-11-06T07:10:42.445+0000] {logging_mixin.py:188} INFO - [2024-11-06T07:10:42.444+0000] {dag.py:3823} INFO - Setting next_dagrun for dataset_consumes_1_and_2 to None, run_after=None
[2024-11-06T07:10:42.446+0000] {logging_mixin.py:188} INFO - [2024-11-06T07:10:42.446+0000] {dag.py:3823} INFO - Setting next_dagrun for dataset_consumes_1_never_scheduled to None, run_after=None
[2024-11-06T07:10:42.447+0000] {logging_mixin.py:188} INFO - [2024-11-06T07:10:42.447+0000] {dag.py:3823} INFO - Setting next_dagrun for dataset_consumes_unknown_never_scheduled to None, run_after=None
[2024-11-06T07:10:42.451+0000] {logging_mixin.py:188} INFO - [2024-11-06T07:10:42.451+0000] {dag.py:3823} INFO - Setting next_dagrun for dataset_produces_1 to 2024-11-05 00:00:00+00:00, run_after=2024-11-06 00:00:00+00:00
[2024-11-06T07:10:42.452+0000] {logging_mixin.py:188} INFO - [2024-11-06T07:10:42.452+0000] {dag.py:3823} INFO - Setting next_dagrun for dataset_produces_2 to None, run_after=None
[2024-11-06T07:10:42.493+0000] {processor.py:183} INFO - Processing /home/airflow/.local/lib/python3.8/site-packages/airflow/example_dags/example_datasets.py took 0.143 seconds
[2024-11-06T07:11:13.101+0000] {processor.py:161} INFO - Started process (PID=1299) to work on /home/airflow/.local/lib/python3.8/site-packages/airflow/example_dags/example_datasets.py
[2024-11-06T07:11:13.102+0000] {processor.py:830} INFO - Processing file /home/airflow/.local/lib/python3.8/site-packages/airflow/example_dags/example_datasets.py for tasks to queue
[2024-11-06T07:11:13.104+0000] {logging_mixin.py:188} INFO - [2024-11-06T07:11:13.104+0000] {dagbag.py:538} INFO - Filling up the DagBag from /home/airflow/.local/lib/python3.8/site-packages/airflow/example_dags/example_datasets.py
[2024-11-06T07:11:13.116+0000] {processor.py:840} INFO - DAG(s) 'dataset_consumes_1_never_scheduled', 'dataset_produces_2', 'dataset_consumes_1', 'dataset_consumes_1_and_2', 'dataset_produces_1', 'dataset_consumes_unknown_never_scheduled' retrieved from /home/airflow/.local/lib/python3.8/site-packages/airflow/example_dags/example_datasets.py
[2024-11-06T07:11:13.153+0000] {logging_mixin.py:188} INFO - [2024-11-06T07:11:13.153+0000] {dag.py:3036} INFO - Sync 6 DAGs
[2024-11-06T07:11:13.176+0000] {logging_mixin.py:188} INFO - [2024-11-06T07:11:13.176+0000] {dag.py:3823} INFO - Setting next_dagrun for dataset_consumes_1 to None, run_after=None
[2024-11-06T07:11:13.179+0000] {logging_mixin.py:188} INFO - [2024-11-06T07:11:13.179+0000] {dag.py:3823} INFO - Setting next_dagrun for dataset_consumes_1_and_2 to None, run_after=None
[2024-11-06T07:11:13.180+0000] {logging_mixin.py:188} INFO - [2024-11-06T07:11:13.180+0000] {dag.py:3823} INFO - Setting next_dagrun for dataset_consumes_1_never_scheduled to None, run_after=None
[2024-11-06T07:11:13.181+0000] {logging_mixin.py:188} INFO - [2024-11-06T07:11:13.181+0000] {dag.py:3823} INFO - Setting next_dagrun for dataset_consumes_unknown_never_scheduled to None, run_after=None
[2024-11-06T07:11:13.185+0000] {logging_mixin.py:188} INFO - [2024-11-06T07:11:13.185+0000] {dag.py:3823} INFO - Setting next_dagrun for dataset_produces_1 to 2024-11-05 00:00:00+00:00, run_after=2024-11-06 00:00:00+00:00
[2024-11-06T07:11:13.186+0000] {logging_mixin.py:188} INFO - [2024-11-06T07:11:13.186+0000] {dag.py:3823} INFO - Setting next_dagrun for dataset_produces_2 to None, run_after=None
[2024-11-06T07:11:13.227+0000] {processor.py:183} INFO - Processing /home/airflow/.local/lib/python3.8/site-packages/airflow/example_dags/example_datasets.py took 0.129 seconds
[2024-11-06T07:11:43.295+0000] {processor.py:161} INFO - Started process (PID=1356) to work on /home/airflow/.local/lib/python3.8/site-packages/airflow/example_dags/example_datasets.py
[2024-11-06T07:11:43.296+0000] {processor.py:830} INFO - Processing file /home/airflow/.local/lib/python3.8/site-packages/airflow/example_dags/example_datasets.py for tasks to queue
[2024-11-06T07:11:43.298+0000] {logging_mixin.py:188} INFO - [2024-11-06T07:11:43.298+0000] {dagbag.py:538} INFO - Filling up the DagBag from /home/airflow/.local/lib/python3.8/site-packages/airflow/example_dags/example_datasets.py
[2024-11-06T07:11:43.307+0000] {processor.py:840} INFO - DAG(s) 'dataset_produces_2', 'dataset_consumes_1', 'dataset_produces_1', 'dataset_consumes_1_and_2', 'dataset_consumes_1_never_scheduled', 'dataset_consumes_unknown_never_scheduled' retrieved from /home/airflow/.local/lib/python3.8/site-packages/airflow/example_dags/example_datasets.py
[2024-11-06T07:11:43.334+0000] {logging_mixin.py:188} INFO - [2024-11-06T07:11:43.334+0000] {dag.py:3036} INFO - Sync 6 DAGs
[2024-11-06T07:11:43.352+0000] {logging_mixin.py:188} INFO - [2024-11-06T07:11:43.351+0000] {dag.py:3823} INFO - Setting next_dagrun for dataset_consumes_1 to None, run_after=None
[2024-11-06T07:11:43.356+0000] {logging_mixin.py:188} INFO - [2024-11-06T07:11:43.356+0000] {dag.py:3823} INFO - Setting next_dagrun for dataset_consumes_1_and_2 to None, run_after=None
[2024-11-06T07:11:43.357+0000] {logging_mixin.py:188} INFO - [2024-11-06T07:11:43.357+0000] {dag.py:3823} INFO - Setting next_dagrun for dataset_consumes_1_never_scheduled to None, run_after=None
[2024-11-06T07:11:43.358+0000] {logging_mixin.py:188} INFO - [2024-11-06T07:11:43.357+0000] {dag.py:3823} INFO - Setting next_dagrun for dataset_consumes_unknown_never_scheduled to None, run_after=None
[2024-11-06T07:11:43.360+0000] {logging_mixin.py:188} INFO - [2024-11-06T07:11:43.360+0000] {dag.py:3823} INFO - Setting next_dagrun for dataset_produces_1 to 2024-11-05 00:00:00+00:00, run_after=2024-11-06 00:00:00+00:00
[2024-11-06T07:11:43.361+0000] {logging_mixin.py:188} INFO - [2024-11-06T07:11:43.361+0000] {dag.py:3823} INFO - Setting next_dagrun for dataset_produces_2 to None, run_after=None
[2024-11-06T07:11:43.390+0000] {processor.py:183} INFO - Processing /home/airflow/.local/lib/python3.8/site-packages/airflow/example_dags/example_datasets.py took 0.097 seconds
[2024-11-06T07:12:13.911+0000] {processor.py:161} INFO - Started process (PID=1413) to work on /home/airflow/.local/lib/python3.8/site-packages/airflow/example_dags/example_datasets.py
[2024-11-06T07:12:13.911+0000] {processor.py:830} INFO - Processing file /home/airflow/.local/lib/python3.8/site-packages/airflow/example_dags/example_datasets.py for tasks to queue
[2024-11-06T07:12:13.913+0000] {logging_mixin.py:188} INFO - [2024-11-06T07:12:13.913+0000] {dagbag.py:538} INFO - Filling up the DagBag from /home/airflow/.local/lib/python3.8/site-packages/airflow/example_dags/example_datasets.py
[2024-11-06T07:12:13.924+0000] {processor.py:840} INFO - DAG(s) 'dataset_consumes_1_never_scheduled', 'dataset_produces_2', 'dataset_consumes_1_and_2', 'dataset_produces_1', 'dataset_consumes_unknown_never_scheduled', 'dataset_consumes_1' retrieved from /home/airflow/.local/lib/python3.8/site-packages/airflow/example_dags/example_datasets.py
[2024-11-06T07:12:13.983+0000] {logging_mixin.py:188} INFO - [2024-11-06T07:12:13.983+0000] {dag.py:3036} INFO - Sync 6 DAGs
[2024-11-06T07:12:14.032+0000] {logging_mixin.py:188} INFO - [2024-11-06T07:12:14.031+0000] {dag.py:3823} INFO - Setting next_dagrun for dataset_consumes_1 to None, run_after=None
[2024-11-06T07:12:14.039+0000] {logging_mixin.py:188} INFO - [2024-11-06T07:12:14.039+0000] {dag.py:3823} INFO - Setting next_dagrun for dataset_consumes_1_and_2 to None, run_after=None
[2024-11-06T07:12:14.042+0000] {logging_mixin.py:188} INFO - [2024-11-06T07:12:14.042+0000] {dag.py:3823} INFO - Setting next_dagrun for dataset_consumes_1_never_scheduled to None, run_after=None
[2024-11-06T07:12:14.047+0000] {logging_mixin.py:188} INFO - [2024-11-06T07:12:14.047+0000] {dag.py:3823} INFO - Setting next_dagrun for dataset_consumes_unknown_never_scheduled to None, run_after=None
[2024-11-06T07:12:14.053+0000] {logging_mixin.py:188} INFO - [2024-11-06T07:12:14.053+0000] {dag.py:3823} INFO - Setting next_dagrun for dataset_produces_1 to 2024-11-05 00:00:00+00:00, run_after=2024-11-06 00:00:00+00:00
[2024-11-06T07:12:14.060+0000] {logging_mixin.py:188} INFO - [2024-11-06T07:12:14.060+0000] {dag.py:3823} INFO - Setting next_dagrun for dataset_produces_2 to None, run_after=None
[2024-11-06T07:12:14.174+0000] {processor.py:183} INFO - Processing /home/airflow/.local/lib/python3.8/site-packages/airflow/example_dags/example_datasets.py took 0.268 seconds
[2024-11-06T07:14:03.754+0000] {processor.py:161} INFO - Started process (PID=85) to work on /home/airflow/.local/lib/python3.8/site-packages/airflow/example_dags/example_datasets.py
[2024-11-06T07:14:03.760+0000] {processor.py:830} INFO - Processing file /home/airflow/.local/lib/python3.8/site-packages/airflow/example_dags/example_datasets.py for tasks to queue
[2024-11-06T07:14:03.765+0000] {logging_mixin.py:188} INFO - [2024-11-06T07:14:03.762+0000] {dagbag.py:538} INFO - Filling up the DagBag from /home/airflow/.local/lib/python3.8/site-packages/airflow/example_dags/example_datasets.py
[2024-11-06T07:14:03.806+0000] {processor.py:840} INFO - DAG(s) 'dataset_consumes_1_never_scheduled', 'dataset_produces_1', 'dataset_consumes_1_and_2', 'dataset_produces_2', 'dataset_consumes_unknown_never_scheduled', 'dataset_consumes_1' retrieved from /home/airflow/.local/lib/python3.8/site-packages/airflow/example_dags/example_datasets.py
[2024-11-06T07:14:04.271+0000] {logging_mixin.py:188} INFO - [2024-11-06T07:14:04.271+0000] {dag.py:3036} INFO - Sync 6 DAGs
[2024-11-06T07:14:04.332+0000] {logging_mixin.py:188} INFO - [2024-11-06T07:14:04.332+0000] {dag.py:3823} INFO - Setting next_dagrun for dataset_consumes_1 to None, run_after=None
[2024-11-06T07:14:04.343+0000] {logging_mixin.py:188} INFO - [2024-11-06T07:14:04.342+0000] {dag.py:3823} INFO - Setting next_dagrun for dataset_consumes_1_and_2 to None, run_after=None
[2024-11-06T07:14:04.347+0000] {logging_mixin.py:188} INFO - [2024-11-06T07:14:04.347+0000] {dag.py:3823} INFO - Setting next_dagrun for dataset_consumes_1_never_scheduled to None, run_after=None
[2024-11-06T07:14:04.357+0000] {logging_mixin.py:188} INFO - [2024-11-06T07:14:04.357+0000] {dag.py:3823} INFO - Setting next_dagrun for dataset_consumes_unknown_never_scheduled to None, run_after=None
[2024-11-06T07:14:04.363+0000] {logging_mixin.py:188} INFO - [2024-11-06T07:14:04.363+0000] {dag.py:3823} INFO - Setting next_dagrun for dataset_produces_1 to 2024-11-05 00:00:00+00:00, run_after=2024-11-06 00:00:00+00:00
[2024-11-06T07:14:04.367+0000] {logging_mixin.py:188} INFO - [2024-11-06T07:14:04.367+0000] {dag.py:3823} INFO - Setting next_dagrun for dataset_produces_2 to None, run_after=None
[2024-11-06T07:14:04.455+0000] {processor.py:183} INFO - Processing /home/airflow/.local/lib/python3.8/site-packages/airflow/example_dags/example_datasets.py took 0.705 seconds
[2024-11-06T07:14:34.876+0000] {processor.py:161} INFO - Started process (PID=142) to work on /home/airflow/.local/lib/python3.8/site-packages/airflow/example_dags/example_datasets.py
[2024-11-06T07:14:34.877+0000] {processor.py:830} INFO - Processing file /home/airflow/.local/lib/python3.8/site-packages/airflow/example_dags/example_datasets.py for tasks to queue
[2024-11-06T07:14:34.879+0000] {logging_mixin.py:188} INFO - [2024-11-06T07:14:34.878+0000] {dagbag.py:538} INFO - Filling up the DagBag from /home/airflow/.local/lib/python3.8/site-packages/airflow/example_dags/example_datasets.py
[2024-11-06T07:14:34.890+0000] {processor.py:840} INFO - DAG(s) 'dataset_consumes_1_never_scheduled', 'dataset_consumes_1_and_2', 'dataset_consumes_unknown_never_scheduled', 'dataset_produces_2', 'dataset_consumes_1', 'dataset_produces_1' retrieved from /home/airflow/.local/lib/python3.8/site-packages/airflow/example_dags/example_datasets.py
[2024-11-06T07:14:34.926+0000] {logging_mixin.py:188} INFO - [2024-11-06T07:14:34.926+0000] {dag.py:3036} INFO - Sync 6 DAGs
[2024-11-06T07:14:34.948+0000] {logging_mixin.py:188} INFO - [2024-11-06T07:14:34.948+0000] {dag.py:3823} INFO - Setting next_dagrun for dataset_consumes_1 to None, run_after=None
[2024-11-06T07:14:34.951+0000] {logging_mixin.py:188} INFO - [2024-11-06T07:14:34.951+0000] {dag.py:3823} INFO - Setting next_dagrun for dataset_consumes_1_and_2 to None, run_after=None
[2024-11-06T07:14:34.952+0000] {logging_mixin.py:188} INFO - [2024-11-06T07:14:34.952+0000] {dag.py:3823} INFO - Setting next_dagrun for dataset_consumes_1_never_scheduled to None, run_after=None
[2024-11-06T07:14:34.953+0000] {logging_mixin.py:188} INFO - [2024-11-06T07:14:34.953+0000] {dag.py:3823} INFO - Setting next_dagrun for dataset_consumes_unknown_never_scheduled to None, run_after=None
[2024-11-06T07:14:34.955+0000] {logging_mixin.py:188} INFO - [2024-11-06T07:14:34.955+0000] {dag.py:3823} INFO - Setting next_dagrun for dataset_produces_1 to 2024-11-05 00:00:00+00:00, run_after=2024-11-06 00:00:00+00:00
[2024-11-06T07:14:34.956+0000] {logging_mixin.py:188} INFO - [2024-11-06T07:14:34.956+0000] {dag.py:3823} INFO - Setting next_dagrun for dataset_produces_2 to None, run_after=None
[2024-11-06T07:14:34.984+0000] {processor.py:183} INFO - Processing /home/airflow/.local/lib/python3.8/site-packages/airflow/example_dags/example_datasets.py took 0.112 seconds
[2024-11-06T07:15:05.790+0000] {processor.py:161} INFO - Started process (PID=199) to work on /home/airflow/.local/lib/python3.8/site-packages/airflow/example_dags/example_datasets.py
[2024-11-06T07:15:05.791+0000] {processor.py:830} INFO - Processing file /home/airflow/.local/lib/python3.8/site-packages/airflow/example_dags/example_datasets.py for tasks to queue
[2024-11-06T07:15:05.794+0000] {logging_mixin.py:188} INFO - [2024-11-06T07:15:05.793+0000] {dagbag.py:538} INFO - Filling up the DagBag from /home/airflow/.local/lib/python3.8/site-packages/airflow/example_dags/example_datasets.py
[2024-11-06T07:15:05.810+0000] {processor.py:840} INFO - DAG(s) 'dataset_consumes_1_never_scheduled', 'dataset_consumes_1_and_2', 'dataset_consumes_1', 'dataset_produces_2', 'dataset_consumes_unknown_never_scheduled', 'dataset_produces_1' retrieved from /home/airflow/.local/lib/python3.8/site-packages/airflow/example_dags/example_datasets.py
[2024-11-06T07:15:05.848+0000] {logging_mixin.py:188} INFO - [2024-11-06T07:15:05.847+0000] {dag.py:3036} INFO - Sync 6 DAGs
[2024-11-06T07:15:05.871+0000] {logging_mixin.py:188} INFO - [2024-11-06T07:15:05.871+0000] {dag.py:3823} INFO - Setting next_dagrun for dataset_consumes_1 to None, run_after=None
[2024-11-06T07:15:05.874+0000] {logging_mixin.py:188} INFO - [2024-11-06T07:15:05.874+0000] {dag.py:3823} INFO - Setting next_dagrun for dataset_consumes_1_and_2 to None, run_after=None
[2024-11-06T07:15:05.875+0000] {logging_mixin.py:188} INFO - [2024-11-06T07:15:05.875+0000] {dag.py:3823} INFO - Setting next_dagrun for dataset_consumes_1_never_scheduled to None, run_after=None
[2024-11-06T07:15:05.876+0000] {logging_mixin.py:188} INFO - [2024-11-06T07:15:05.876+0000] {dag.py:3823} INFO - Setting next_dagrun for dataset_consumes_unknown_never_scheduled to None, run_after=None
[2024-11-06T07:15:05.879+0000] {logging_mixin.py:188} INFO - [2024-11-06T07:15:05.878+0000] {dag.py:3823} INFO - Setting next_dagrun for dataset_produces_1 to 2024-11-05 00:00:00+00:00, run_after=2024-11-06 00:00:00+00:00
[2024-11-06T07:15:05.879+0000] {logging_mixin.py:188} INFO - [2024-11-06T07:15:05.879+0000] {dag.py:3823} INFO - Setting next_dagrun for dataset_produces_2 to None, run_after=None
[2024-11-06T07:15:05.907+0000] {processor.py:183} INFO - Processing /home/airflow/.local/lib/python3.8/site-packages/airflow/example_dags/example_datasets.py took 0.121 seconds
