[2024-11-06T07:00:22.632+0000] {processor.py:161} INFO - Started process (PID=66) to work on /home/airflow/.local/lib/python3.8/site-packages/airflow/example_dags/example_short_circuit_decorator.py
[2024-11-06T07:00:22.635+0000] {processor.py:830} INFO - Processing file /home/airflow/.local/lib/python3.8/site-packages/airflow/example_dags/example_short_circuit_decorator.py for tasks to queue
[2024-11-06T07:00:22.638+0000] {logging_mixin.py:188} INFO - [2024-11-06T07:00:22.638+0000] {dagbag.py:538} INFO - Filling up the DagBag from /home/airflow/.local/lib/python3.8/site-packages/airflow/example_dags/example_short_circuit_decorator.py
[2024-11-06T07:00:22.661+0000] {processor.py:840} INFO - DAG(s) 'example_short_circuit_decorator' retrieved from /home/airflow/.local/lib/python3.8/site-packages/airflow/example_dags/example_short_circuit_decorator.py
[2024-11-06T07:00:23.036+0000] {logging_mixin.py:188} INFO - [2024-11-06T07:00:23.036+0000] {dag.py:3036} INFO - Sync 1 DAGs
[2024-11-06T07:00:23.134+0000] {logging_mixin.py:188} INFO - [2024-11-06T07:00:23.134+0000] {dag.py:3823} INFO - Setting next_dagrun for example_short_circuit_decorator to 2024-11-05 00:00:00+00:00, run_after=2024-11-06 00:00:00+00:00
[2024-11-06T07:00:23.197+0000] {processor.py:183} INFO - Processing /home/airflow/.local/lib/python3.8/site-packages/airflow/example_dags/example_short_circuit_decorator.py took 0.569 seconds
[2024-11-06T07:00:53.295+0000] {processor.py:161} INFO - Started process (PID=123) to work on /home/airflow/.local/lib/python3.8/site-packages/airflow/example_dags/example_short_circuit_decorator.py
[2024-11-06T07:00:53.296+0000] {processor.py:830} INFO - Processing file /home/airflow/.local/lib/python3.8/site-packages/airflow/example_dags/example_short_circuit_decorator.py for tasks to queue
[2024-11-06T07:00:53.298+0000] {logging_mixin.py:188} INFO - [2024-11-06T07:00:53.298+0000] {dagbag.py:538} INFO - Filling up the DagBag from /home/airflow/.local/lib/python3.8/site-packages/airflow/example_dags/example_short_circuit_decorator.py
[2024-11-06T07:00:53.309+0000] {processor.py:840} INFO - DAG(s) 'example_short_circuit_decorator' retrieved from /home/airflow/.local/lib/python3.8/site-packages/airflow/example_dags/example_short_circuit_decorator.py
[2024-11-06T07:00:53.335+0000] {logging_mixin.py:188} INFO - [2024-11-06T07:00:53.335+0000] {dag.py:3036} INFO - Sync 1 DAGs
[2024-11-06T07:00:53.361+0000] {logging_mixin.py:188} INFO - [2024-11-06T07:00:53.361+0000] {dag.py:3823} INFO - Setting next_dagrun for example_short_circuit_decorator to 2024-11-05 00:00:00+00:00, run_after=2024-11-06 00:00:00+00:00
[2024-11-06T07:00:53.382+0000] {processor.py:183} INFO - Processing /home/airflow/.local/lib/python3.8/site-packages/airflow/example_dags/example_short_circuit_decorator.py took 0.090 seconds
[2024-11-06T07:01:23.441+0000] {processor.py:161} INFO - Started process (PID=180) to work on /home/airflow/.local/lib/python3.8/site-packages/airflow/example_dags/example_short_circuit_decorator.py
[2024-11-06T07:01:23.447+0000] {processor.py:830} INFO - Processing file /home/airflow/.local/lib/python3.8/site-packages/airflow/example_dags/example_short_circuit_decorator.py for tasks to queue
[2024-11-06T07:01:23.449+0000] {logging_mixin.py:188} INFO - [2024-11-06T07:01:23.449+0000] {dagbag.py:538} INFO - Filling up the DagBag from /home/airflow/.local/lib/python3.8/site-packages/airflow/example_dags/example_short_circuit_decorator.py
[2024-11-06T07:01:23.464+0000] {processor.py:840} INFO - DAG(s) 'example_short_circuit_decorator' retrieved from /home/airflow/.local/lib/python3.8/site-packages/airflow/example_dags/example_short_circuit_decorator.py
[2024-11-06T07:01:23.516+0000] {logging_mixin.py:188} INFO - [2024-11-06T07:01:23.516+0000] {dag.py:3036} INFO - Sync 1 DAGs
[2024-11-06T07:01:23.626+0000] {logging_mixin.py:188} INFO - [2024-11-06T07:01:23.624+0000] {dag.py:3823} INFO - Setting next_dagrun for example_short_circuit_decorator to 2024-11-05 00:00:00+00:00, run_after=2024-11-06 00:00:00+00:00
[2024-11-06T07:01:23.687+0000] {processor.py:183} INFO - Processing /home/airflow/.local/lib/python3.8/site-packages/airflow/example_dags/example_short_circuit_decorator.py took 0.258 seconds
[2024-11-06T07:01:53.785+0000] {processor.py:161} INFO - Started process (PID=238) to work on /home/airflow/.local/lib/python3.8/site-packages/airflow/example_dags/example_short_circuit_decorator.py
[2024-11-06T07:01:53.786+0000] {processor.py:830} INFO - Processing file /home/airflow/.local/lib/python3.8/site-packages/airflow/example_dags/example_short_circuit_decorator.py for tasks to queue
[2024-11-06T07:01:53.788+0000] {logging_mixin.py:188} INFO - [2024-11-06T07:01:53.788+0000] {dagbag.py:538} INFO - Filling up the DagBag from /home/airflow/.local/lib/python3.8/site-packages/airflow/example_dags/example_short_circuit_decorator.py
[2024-11-06T07:01:53.801+0000] {processor.py:840} INFO - DAG(s) 'example_short_circuit_decorator' retrieved from /home/airflow/.local/lib/python3.8/site-packages/airflow/example_dags/example_short_circuit_decorator.py
[2024-11-06T07:01:53.842+0000] {logging_mixin.py:188} INFO - [2024-11-06T07:01:53.842+0000] {dag.py:3036} INFO - Sync 1 DAGs
[2024-11-06T07:01:53.869+0000] {logging_mixin.py:188} INFO - [2024-11-06T07:01:53.869+0000] {dag.py:3823} INFO - Setting next_dagrun for example_short_circuit_decorator to 2024-11-05 00:00:00+00:00, run_after=2024-11-06 00:00:00+00:00
[2024-11-06T07:01:53.894+0000] {processor.py:183} INFO - Processing /home/airflow/.local/lib/python3.8/site-packages/airflow/example_dags/example_short_circuit_decorator.py took 0.112 seconds
[2024-11-06T07:02:24.264+0000] {processor.py:161} INFO - Started process (PID=296) to work on /home/airflow/.local/lib/python3.8/site-packages/airflow/example_dags/example_short_circuit_decorator.py
[2024-11-06T07:02:24.278+0000] {processor.py:830} INFO - Processing file /home/airflow/.local/lib/python3.8/site-packages/airflow/example_dags/example_short_circuit_decorator.py for tasks to queue
[2024-11-06T07:02:24.280+0000] {logging_mixin.py:188} INFO - [2024-11-06T07:02:24.280+0000] {dagbag.py:538} INFO - Filling up the DagBag from /home/airflow/.local/lib/python3.8/site-packages/airflow/example_dags/example_short_circuit_decorator.py
[2024-11-06T07:02:24.299+0000] {processor.py:840} INFO - DAG(s) 'example_short_circuit_decorator' retrieved from /home/airflow/.local/lib/python3.8/site-packages/airflow/example_dags/example_short_circuit_decorator.py
[2024-11-06T07:02:24.339+0000] {logging_mixin.py:188} INFO - [2024-11-06T07:02:24.339+0000] {dag.py:3036} INFO - Sync 1 DAGs
[2024-11-06T07:02:24.420+0000] {logging_mixin.py:188} INFO - [2024-11-06T07:02:24.420+0000] {dag.py:3823} INFO - Setting next_dagrun for example_short_circuit_decorator to 2024-11-05 00:00:00+00:00, run_after=2024-11-06 00:00:00+00:00
[2024-11-06T07:02:24.472+0000] {processor.py:183} INFO - Processing /home/airflow/.local/lib/python3.8/site-packages/airflow/example_dags/example_short_circuit_decorator.py took 0.211 seconds
[2024-11-06T07:02:54.634+0000] {processor.py:161} INFO - Started process (PID=354) to work on /home/airflow/.local/lib/python3.8/site-packages/airflow/example_dags/example_short_circuit_decorator.py
[2024-11-06T07:02:54.635+0000] {processor.py:830} INFO - Processing file /home/airflow/.local/lib/python3.8/site-packages/airflow/example_dags/example_short_circuit_decorator.py for tasks to queue
[2024-11-06T07:02:54.637+0000] {logging_mixin.py:188} INFO - [2024-11-06T07:02:54.637+0000] {dagbag.py:538} INFO - Filling up the DagBag from /home/airflow/.local/lib/python3.8/site-packages/airflow/example_dags/example_short_circuit_decorator.py
[2024-11-06T07:02:54.649+0000] {processor.py:840} INFO - DAG(s) 'example_short_circuit_decorator' retrieved from /home/airflow/.local/lib/python3.8/site-packages/airflow/example_dags/example_short_circuit_decorator.py
[2024-11-06T07:02:54.675+0000] {logging_mixin.py:188} INFO - [2024-11-06T07:02:54.674+0000] {dag.py:3036} INFO - Sync 1 DAGs
[2024-11-06T07:02:54.700+0000] {logging_mixin.py:188} INFO - [2024-11-06T07:02:54.700+0000] {dag.py:3823} INFO - Setting next_dagrun for example_short_circuit_decorator to 2024-11-05 00:00:00+00:00, run_after=2024-11-06 00:00:00+00:00
[2024-11-06T07:02:54.723+0000] {processor.py:183} INFO - Processing /home/airflow/.local/lib/python3.8/site-packages/airflow/example_dags/example_short_circuit_decorator.py took 0.092 seconds
[2024-11-06T07:03:24.876+0000] {processor.py:161} INFO - Started process (PID=412) to work on /home/airflow/.local/lib/python3.8/site-packages/airflow/example_dags/example_short_circuit_decorator.py
[2024-11-06T07:03:24.876+0000] {processor.py:830} INFO - Processing file /home/airflow/.local/lib/python3.8/site-packages/airflow/example_dags/example_short_circuit_decorator.py for tasks to queue
[2024-11-06T07:03:24.878+0000] {logging_mixin.py:188} INFO - [2024-11-06T07:03:24.878+0000] {dagbag.py:538} INFO - Filling up the DagBag from /home/airflow/.local/lib/python3.8/site-packages/airflow/example_dags/example_short_circuit_decorator.py
[2024-11-06T07:03:24.889+0000] {processor.py:840} INFO - DAG(s) 'example_short_circuit_decorator' retrieved from /home/airflow/.local/lib/python3.8/site-packages/airflow/example_dags/example_short_circuit_decorator.py
[2024-11-06T07:03:24.913+0000] {logging_mixin.py:188} INFO - [2024-11-06T07:03:24.913+0000] {dag.py:3036} INFO - Sync 1 DAGs
[2024-11-06T07:03:24.939+0000] {logging_mixin.py:188} INFO - [2024-11-06T07:03:24.938+0000] {dag.py:3823} INFO - Setting next_dagrun for example_short_circuit_decorator to 2024-11-05 00:00:00+00:00, run_after=2024-11-06 00:00:00+00:00
[2024-11-06T07:03:24.963+0000] {processor.py:183} INFO - Processing /home/airflow/.local/lib/python3.8/site-packages/airflow/example_dags/example_short_circuit_decorator.py took 0.090 seconds
[2024-11-06T07:03:55.072+0000] {processor.py:161} INFO - Started process (PID=469) to work on /home/airflow/.local/lib/python3.8/site-packages/airflow/example_dags/example_short_circuit_decorator.py
[2024-11-06T07:03:55.073+0000] {processor.py:830} INFO - Processing file /home/airflow/.local/lib/python3.8/site-packages/airflow/example_dags/example_short_circuit_decorator.py for tasks to queue
[2024-11-06T07:03:55.075+0000] {logging_mixin.py:188} INFO - [2024-11-06T07:03:55.075+0000] {dagbag.py:538} INFO - Filling up the DagBag from /home/airflow/.local/lib/python3.8/site-packages/airflow/example_dags/example_short_circuit_decorator.py
[2024-11-06T07:03:55.086+0000] {processor.py:840} INFO - DAG(s) 'example_short_circuit_decorator' retrieved from /home/airflow/.local/lib/python3.8/site-packages/airflow/example_dags/example_short_circuit_decorator.py
[2024-11-06T07:03:55.112+0000] {logging_mixin.py:188} INFO - [2024-11-06T07:03:55.111+0000] {dag.py:3036} INFO - Sync 1 DAGs
[2024-11-06T07:03:55.137+0000] {logging_mixin.py:188} INFO - [2024-11-06T07:03:55.137+0000] {dag.py:3823} INFO - Setting next_dagrun for example_short_circuit_decorator to 2024-11-05 00:00:00+00:00, run_after=2024-11-06 00:00:00+00:00
[2024-11-06T07:03:55.163+0000] {processor.py:183} INFO - Processing /home/airflow/.local/lib/python3.8/site-packages/airflow/example_dags/example_short_circuit_decorator.py took 0.094 seconds
[2024-11-06T07:04:26.205+0000] {processor.py:161} INFO - Started process (PID=527) to work on /home/airflow/.local/lib/python3.8/site-packages/airflow/example_dags/example_short_circuit_decorator.py
[2024-11-06T07:04:26.206+0000] {processor.py:830} INFO - Processing file /home/airflow/.local/lib/python3.8/site-packages/airflow/example_dags/example_short_circuit_decorator.py for tasks to queue
[2024-11-06T07:04:26.208+0000] {logging_mixin.py:188} INFO - [2024-11-06T07:04:26.208+0000] {dagbag.py:538} INFO - Filling up the DagBag from /home/airflow/.local/lib/python3.8/site-packages/airflow/example_dags/example_short_circuit_decorator.py
[2024-11-06T07:04:26.219+0000] {processor.py:840} INFO - DAG(s) 'example_short_circuit_decorator' retrieved from /home/airflow/.local/lib/python3.8/site-packages/airflow/example_dags/example_short_circuit_decorator.py
[2024-11-06T07:04:26.244+0000] {logging_mixin.py:188} INFO - [2024-11-06T07:04:26.243+0000] {dag.py:3036} INFO - Sync 1 DAGs
[2024-11-06T07:04:26.268+0000] {logging_mixin.py:188} INFO - [2024-11-06T07:04:26.268+0000] {dag.py:3823} INFO - Setting next_dagrun for example_short_circuit_decorator to 2024-11-05 00:00:00+00:00, run_after=2024-11-06 00:00:00+00:00
[2024-11-06T07:04:26.299+0000] {processor.py:183} INFO - Processing /home/airflow/.local/lib/python3.8/site-packages/airflow/example_dags/example_short_circuit_decorator.py took 0.098 seconds
[2024-11-06T07:04:56.807+0000] {processor.py:161} INFO - Started process (PID=584) to work on /home/airflow/.local/lib/python3.8/site-packages/airflow/example_dags/example_short_circuit_decorator.py
[2024-11-06T07:04:56.808+0000] {processor.py:830} INFO - Processing file /home/airflow/.local/lib/python3.8/site-packages/airflow/example_dags/example_short_circuit_decorator.py for tasks to queue
[2024-11-06T07:04:56.810+0000] {logging_mixin.py:188} INFO - [2024-11-06T07:04:56.809+0000] {dagbag.py:538} INFO - Filling up the DagBag from /home/airflow/.local/lib/python3.8/site-packages/airflow/example_dags/example_short_circuit_decorator.py
[2024-11-06T07:04:56.822+0000] {processor.py:840} INFO - DAG(s) 'example_short_circuit_decorator' retrieved from /home/airflow/.local/lib/python3.8/site-packages/airflow/example_dags/example_short_circuit_decorator.py
[2024-11-06T07:04:56.848+0000] {logging_mixin.py:188} INFO - [2024-11-06T07:04:56.847+0000] {dag.py:3036} INFO - Sync 1 DAGs
[2024-11-06T07:04:56.874+0000] {logging_mixin.py:188} INFO - [2024-11-06T07:04:56.874+0000] {dag.py:3823} INFO - Setting next_dagrun for example_short_circuit_decorator to 2024-11-05 00:00:00+00:00, run_after=2024-11-06 00:00:00+00:00
[2024-11-06T07:04:56.897+0000] {processor.py:183} INFO - Processing /home/airflow/.local/lib/python3.8/site-packages/airflow/example_dags/example_short_circuit_decorator.py took 0.094 seconds
[2024-11-06T07:05:27.572+0000] {processor.py:161} INFO - Started process (PID=641) to work on /home/airflow/.local/lib/python3.8/site-packages/airflow/example_dags/example_short_circuit_decorator.py
[2024-11-06T07:05:27.583+0000] {processor.py:830} INFO - Processing file /home/airflow/.local/lib/python3.8/site-packages/airflow/example_dags/example_short_circuit_decorator.py for tasks to queue
[2024-11-06T07:05:27.584+0000] {logging_mixin.py:188} INFO - [2024-11-06T07:05:27.584+0000] {dagbag.py:538} INFO - Filling up the DagBag from /home/airflow/.local/lib/python3.8/site-packages/airflow/example_dags/example_short_circuit_decorator.py
[2024-11-06T07:05:27.607+0000] {processor.py:840} INFO - DAG(s) 'example_short_circuit_decorator' retrieved from /home/airflow/.local/lib/python3.8/site-packages/airflow/example_dags/example_short_circuit_decorator.py
[2024-11-06T07:05:27.710+0000] {logging_mixin.py:188} INFO - [2024-11-06T07:05:27.710+0000] {dag.py:3036} INFO - Sync 1 DAGs
[2024-11-06T07:05:27.762+0000] {logging_mixin.py:188} INFO - [2024-11-06T07:05:27.762+0000] {dag.py:3823} INFO - Setting next_dagrun for example_short_circuit_decorator to 2024-11-05 00:00:00+00:00, run_after=2024-11-06 00:00:00+00:00
[2024-11-06T07:05:27.791+0000] {processor.py:183} INFO - Processing /home/airflow/.local/lib/python3.8/site-packages/airflow/example_dags/example_short_circuit_decorator.py took 0.230 seconds
[2024-11-06T07:05:58.362+0000] {processor.py:161} INFO - Started process (PID=698) to work on /home/airflow/.local/lib/python3.8/site-packages/airflow/example_dags/example_short_circuit_decorator.py
[2024-11-06T07:05:58.363+0000] {processor.py:830} INFO - Processing file /home/airflow/.local/lib/python3.8/site-packages/airflow/example_dags/example_short_circuit_decorator.py for tasks to queue
[2024-11-06T07:05:58.365+0000] {logging_mixin.py:188} INFO - [2024-11-06T07:05:58.365+0000] {dagbag.py:538} INFO - Filling up the DagBag from /home/airflow/.local/lib/python3.8/site-packages/airflow/example_dags/example_short_circuit_decorator.py
[2024-11-06T07:05:58.376+0000] {processor.py:840} INFO - DAG(s) 'example_short_circuit_decorator' retrieved from /home/airflow/.local/lib/python3.8/site-packages/airflow/example_dags/example_short_circuit_decorator.py
[2024-11-06T07:05:58.410+0000] {logging_mixin.py:188} INFO - [2024-11-06T07:05:58.410+0000] {dag.py:3036} INFO - Sync 1 DAGs
[2024-11-06T07:05:58.438+0000] {logging_mixin.py:188} INFO - [2024-11-06T07:05:58.438+0000] {dag.py:3823} INFO - Setting next_dagrun for example_short_circuit_decorator to 2024-11-05 00:00:00+00:00, run_after=2024-11-06 00:00:00+00:00
[2024-11-06T07:05:58.466+0000] {processor.py:183} INFO - Processing /home/airflow/.local/lib/python3.8/site-packages/airflow/example_dags/example_short_circuit_decorator.py took 0.107 seconds
[2024-11-06T07:06:28.987+0000] {processor.py:161} INFO - Started process (PID=755) to work on /home/airflow/.local/lib/python3.8/site-packages/airflow/example_dags/example_short_circuit_decorator.py
[2024-11-06T07:06:28.988+0000] {processor.py:830} INFO - Processing file /home/airflow/.local/lib/python3.8/site-packages/airflow/example_dags/example_short_circuit_decorator.py for tasks to queue
[2024-11-06T07:06:28.990+0000] {logging_mixin.py:188} INFO - [2024-11-06T07:06:28.990+0000] {dagbag.py:538} INFO - Filling up the DagBag from /home/airflow/.local/lib/python3.8/site-packages/airflow/example_dags/example_short_circuit_decorator.py
[2024-11-06T07:06:29.002+0000] {processor.py:840} INFO - DAG(s) 'example_short_circuit_decorator' retrieved from /home/airflow/.local/lib/python3.8/site-packages/airflow/example_dags/example_short_circuit_decorator.py
[2024-11-06T07:06:29.030+0000] {logging_mixin.py:188} INFO - [2024-11-06T07:06:29.030+0000] {dag.py:3036} INFO - Sync 1 DAGs
[2024-11-06T07:06:29.055+0000] {logging_mixin.py:188} INFO - [2024-11-06T07:06:29.055+0000] {dag.py:3823} INFO - Setting next_dagrun for example_short_circuit_decorator to 2024-11-05 00:00:00+00:00, run_after=2024-11-06 00:00:00+00:00
[2024-11-06T07:06:29.079+0000] {processor.py:183} INFO - Processing /home/airflow/.local/lib/python3.8/site-packages/airflow/example_dags/example_short_circuit_decorator.py took 0.095 seconds
[2024-11-06T07:06:59.630+0000] {processor.py:161} INFO - Started process (PID=813) to work on /home/airflow/.local/lib/python3.8/site-packages/airflow/example_dags/example_short_circuit_decorator.py
[2024-11-06T07:06:59.630+0000] {processor.py:830} INFO - Processing file /home/airflow/.local/lib/python3.8/site-packages/airflow/example_dags/example_short_circuit_decorator.py for tasks to queue
[2024-11-06T07:06:59.632+0000] {logging_mixin.py:188} INFO - [2024-11-06T07:06:59.632+0000] {dagbag.py:538} INFO - Filling up the DagBag from /home/airflow/.local/lib/python3.8/site-packages/airflow/example_dags/example_short_circuit_decorator.py
[2024-11-06T07:06:59.643+0000] {processor.py:840} INFO - DAG(s) 'example_short_circuit_decorator' retrieved from /home/airflow/.local/lib/python3.8/site-packages/airflow/example_dags/example_short_circuit_decorator.py
[2024-11-06T07:06:59.667+0000] {logging_mixin.py:188} INFO - [2024-11-06T07:06:59.666+0000] {dag.py:3036} INFO - Sync 1 DAGs
[2024-11-06T07:06:59.692+0000] {logging_mixin.py:188} INFO - [2024-11-06T07:06:59.692+0000] {dag.py:3823} INFO - Setting next_dagrun for example_short_circuit_decorator to 2024-11-05 00:00:00+00:00, run_after=2024-11-06 00:00:00+00:00
[2024-11-06T07:06:59.715+0000] {processor.py:183} INFO - Processing /home/airflow/.local/lib/python3.8/site-packages/airflow/example_dags/example_short_circuit_decorator.py took 0.089 seconds
[2024-11-06T07:07:30.378+0000] {processor.py:161} INFO - Started process (PID=870) to work on /home/airflow/.local/lib/python3.8/site-packages/airflow/example_dags/example_short_circuit_decorator.py
[2024-11-06T07:07:30.379+0000] {processor.py:830} INFO - Processing file /home/airflow/.local/lib/python3.8/site-packages/airflow/example_dags/example_short_circuit_decorator.py for tasks to queue
[2024-11-06T07:07:30.381+0000] {logging_mixin.py:188} INFO - [2024-11-06T07:07:30.381+0000] {dagbag.py:538} INFO - Filling up the DagBag from /home/airflow/.local/lib/python3.8/site-packages/airflow/example_dags/example_short_circuit_decorator.py
[2024-11-06T07:07:30.392+0000] {processor.py:840} INFO - DAG(s) 'example_short_circuit_decorator' retrieved from /home/airflow/.local/lib/python3.8/site-packages/airflow/example_dags/example_short_circuit_decorator.py
[2024-11-06T07:07:30.417+0000] {logging_mixin.py:188} INFO - [2024-11-06T07:07:30.416+0000] {dag.py:3036} INFO - Sync 1 DAGs
[2024-11-06T07:07:30.443+0000] {logging_mixin.py:188} INFO - [2024-11-06T07:07:30.443+0000] {dag.py:3823} INFO - Setting next_dagrun for example_short_circuit_decorator to 2024-11-05 00:00:00+00:00, run_after=2024-11-06 00:00:00+00:00
[2024-11-06T07:07:30.465+0000] {processor.py:183} INFO - Processing /home/airflow/.local/lib/python3.8/site-packages/airflow/example_dags/example_short_circuit_decorator.py took 0.092 seconds
[2024-11-06T07:08:00.664+0000] {processor.py:161} INFO - Started process (PID=928) to work on /home/airflow/.local/lib/python3.8/site-packages/airflow/example_dags/example_short_circuit_decorator.py
[2024-11-06T07:08:00.665+0000] {processor.py:830} INFO - Processing file /home/airflow/.local/lib/python3.8/site-packages/airflow/example_dags/example_short_circuit_decorator.py for tasks to queue
[2024-11-06T07:08:00.667+0000] {logging_mixin.py:188} INFO - [2024-11-06T07:08:00.667+0000] {dagbag.py:538} INFO - Filling up the DagBag from /home/airflow/.local/lib/python3.8/site-packages/airflow/example_dags/example_short_circuit_decorator.py
[2024-11-06T07:08:00.678+0000] {processor.py:840} INFO - DAG(s) 'example_short_circuit_decorator' retrieved from /home/airflow/.local/lib/python3.8/site-packages/airflow/example_dags/example_short_circuit_decorator.py
[2024-11-06T07:08:00.703+0000] {logging_mixin.py:188} INFO - [2024-11-06T07:08:00.703+0000] {dag.py:3036} INFO - Sync 1 DAGs
[2024-11-06T07:08:00.728+0000] {logging_mixin.py:188} INFO - [2024-11-06T07:08:00.728+0000] {dag.py:3823} INFO - Setting next_dagrun for example_short_circuit_decorator to 2024-11-05 00:00:00+00:00, run_after=2024-11-06 00:00:00+00:00
[2024-11-06T07:08:00.753+0000] {processor.py:183} INFO - Processing /home/airflow/.local/lib/python3.8/site-packages/airflow/example_dags/example_short_circuit_decorator.py took 0.092 seconds
[2024-11-06T07:08:30.896+0000] {processor.py:161} INFO - Started process (PID=986) to work on /home/airflow/.local/lib/python3.8/site-packages/airflow/example_dags/example_short_circuit_decorator.py
[2024-11-06T07:08:30.897+0000] {processor.py:830} INFO - Processing file /home/airflow/.local/lib/python3.8/site-packages/airflow/example_dags/example_short_circuit_decorator.py for tasks to queue
[2024-11-06T07:08:30.903+0000] {logging_mixin.py:188} INFO - [2024-11-06T07:08:30.903+0000] {dagbag.py:538} INFO - Filling up the DagBag from /home/airflow/.local/lib/python3.8/site-packages/airflow/example_dags/example_short_circuit_decorator.py
[2024-11-06T07:08:30.915+0000] {processor.py:840} INFO - DAG(s) 'example_short_circuit_decorator' retrieved from /home/airflow/.local/lib/python3.8/site-packages/airflow/example_dags/example_short_circuit_decorator.py
[2024-11-06T07:08:30.940+0000] {logging_mixin.py:188} INFO - [2024-11-06T07:08:30.940+0000] {dag.py:3036} INFO - Sync 1 DAGs
[2024-11-06T07:08:30.995+0000] {logging_mixin.py:188} INFO - [2024-11-06T07:08:30.995+0000] {dag.py:3823} INFO - Setting next_dagrun for example_short_circuit_decorator to 2024-11-05 00:00:00+00:00, run_after=2024-11-06 00:00:00+00:00
[2024-11-06T07:08:31.019+0000] {processor.py:183} INFO - Processing /home/airflow/.local/lib/python3.8/site-packages/airflow/example_dags/example_short_circuit_decorator.py took 0.127 seconds
[2024-11-06T07:09:01.450+0000] {processor.py:161} INFO - Started process (PID=1043) to work on /home/airflow/.local/lib/python3.8/site-packages/airflow/example_dags/example_short_circuit_decorator.py
[2024-11-06T07:09:01.451+0000] {processor.py:830} INFO - Processing file /home/airflow/.local/lib/python3.8/site-packages/airflow/example_dags/example_short_circuit_decorator.py for tasks to queue
[2024-11-06T07:09:01.457+0000] {logging_mixin.py:188} INFO - [2024-11-06T07:09:01.455+0000] {dagbag.py:538} INFO - Filling up the DagBag from /home/airflow/.local/lib/python3.8/site-packages/airflow/example_dags/example_short_circuit_decorator.py
[2024-11-06T07:09:01.471+0000] {processor.py:840} INFO - DAG(s) 'example_short_circuit_decorator' retrieved from /home/airflow/.local/lib/python3.8/site-packages/airflow/example_dags/example_short_circuit_decorator.py
[2024-11-06T07:09:01.499+0000] {logging_mixin.py:188} INFO - [2024-11-06T07:09:01.499+0000] {dag.py:3036} INFO - Sync 1 DAGs
[2024-11-06T07:09:01.528+0000] {logging_mixin.py:188} INFO - [2024-11-06T07:09:01.528+0000] {dag.py:3823} INFO - Setting next_dagrun for example_short_circuit_decorator to 2024-11-05 00:00:00+00:00, run_after=2024-11-06 00:00:00+00:00
[2024-11-06T07:09:01.552+0000] {processor.py:183} INFO - Processing /home/airflow/.local/lib/python3.8/site-packages/airflow/example_dags/example_short_circuit_decorator.py took 0.106 seconds
[2024-11-06T07:09:32.081+0000] {processor.py:161} INFO - Started process (PID=1101) to work on /home/airflow/.local/lib/python3.8/site-packages/airflow/example_dags/example_short_circuit_decorator.py
[2024-11-06T07:09:32.087+0000] {processor.py:830} INFO - Processing file /home/airflow/.local/lib/python3.8/site-packages/airflow/example_dags/example_short_circuit_decorator.py for tasks to queue
[2024-11-06T07:09:32.089+0000] {logging_mixin.py:188} INFO - [2024-11-06T07:09:32.088+0000] {dagbag.py:538} INFO - Filling up the DagBag from /home/airflow/.local/lib/python3.8/site-packages/airflow/example_dags/example_short_circuit_decorator.py
[2024-11-06T07:09:32.108+0000] {processor.py:840} INFO - DAG(s) 'example_short_circuit_decorator' retrieved from /home/airflow/.local/lib/python3.8/site-packages/airflow/example_dags/example_short_circuit_decorator.py
[2024-11-06T07:09:32.186+0000] {logging_mixin.py:188} INFO - [2024-11-06T07:09:32.186+0000] {dag.py:3036} INFO - Sync 1 DAGs
[2024-11-06T07:09:32.249+0000] {logging_mixin.py:188} INFO - [2024-11-06T07:09:32.249+0000] {dag.py:3823} INFO - Setting next_dagrun for example_short_circuit_decorator to 2024-11-05 00:00:00+00:00, run_after=2024-11-06 00:00:00+00:00
[2024-11-06T07:09:32.290+0000] {processor.py:183} INFO - Processing /home/airflow/.local/lib/python3.8/site-packages/airflow/example_dags/example_short_circuit_decorator.py took 0.228 seconds
[2024-11-06T07:10:02.455+0000] {processor.py:161} INFO - Started process (PID=1158) to work on /home/airflow/.local/lib/python3.8/site-packages/airflow/example_dags/example_short_circuit_decorator.py
[2024-11-06T07:10:02.455+0000] {processor.py:830} INFO - Processing file /home/airflow/.local/lib/python3.8/site-packages/airflow/example_dags/example_short_circuit_decorator.py for tasks to queue
[2024-11-06T07:10:02.457+0000] {logging_mixin.py:188} INFO - [2024-11-06T07:10:02.457+0000] {dagbag.py:538} INFO - Filling up the DagBag from /home/airflow/.local/lib/python3.8/site-packages/airflow/example_dags/example_short_circuit_decorator.py
[2024-11-06T07:10:02.468+0000] {processor.py:840} INFO - DAG(s) 'example_short_circuit_decorator' retrieved from /home/airflow/.local/lib/python3.8/site-packages/airflow/example_dags/example_short_circuit_decorator.py
[2024-11-06T07:10:02.493+0000] {logging_mixin.py:188} INFO - [2024-11-06T07:10:02.493+0000] {dag.py:3036} INFO - Sync 1 DAGs
[2024-11-06T07:10:02.538+0000] {logging_mixin.py:188} INFO - [2024-11-06T07:10:02.537+0000] {dag.py:3823} INFO - Setting next_dagrun for example_short_circuit_decorator to 2024-11-05 00:00:00+00:00, run_after=2024-11-06 00:00:00+00:00
[2024-11-06T07:10:02.613+0000] {processor.py:183} INFO - Processing /home/airflow/.local/lib/python3.8/site-packages/airflow/example_dags/example_short_circuit_decorator.py took 0.162 seconds
[2024-11-06T07:10:32.733+0000] {processor.py:161} INFO - Started process (PID=1215) to work on /home/airflow/.local/lib/python3.8/site-packages/airflow/example_dags/example_short_circuit_decorator.py
[2024-11-06T07:10:32.743+0000] {processor.py:830} INFO - Processing file /home/airflow/.local/lib/python3.8/site-packages/airflow/example_dags/example_short_circuit_decorator.py for tasks to queue
[2024-11-06T07:10:32.747+0000] {logging_mixin.py:188} INFO - [2024-11-06T07:10:32.747+0000] {dagbag.py:538} INFO - Filling up the DagBag from /home/airflow/.local/lib/python3.8/site-packages/airflow/example_dags/example_short_circuit_decorator.py
[2024-11-06T07:10:32.761+0000] {processor.py:840} INFO - DAG(s) 'example_short_circuit_decorator' retrieved from /home/airflow/.local/lib/python3.8/site-packages/airflow/example_dags/example_short_circuit_decorator.py
[2024-11-06T07:10:32.807+0000] {logging_mixin.py:188} INFO - [2024-11-06T07:10:32.807+0000] {dag.py:3036} INFO - Sync 1 DAGs
[2024-11-06T07:10:32.849+0000] {logging_mixin.py:188} INFO - [2024-11-06T07:10:32.849+0000] {dag.py:3823} INFO - Setting next_dagrun for example_short_circuit_decorator to 2024-11-05 00:00:00+00:00, run_after=2024-11-06 00:00:00+00:00
[2024-11-06T07:10:32.881+0000] {processor.py:183} INFO - Processing /home/airflow/.local/lib/python3.8/site-packages/airflow/example_dags/example_short_circuit_decorator.py took 0.151 seconds
[2024-11-06T07:11:03.130+0000] {processor.py:161} INFO - Started process (PID=1272) to work on /home/airflow/.local/lib/python3.8/site-packages/airflow/example_dags/example_short_circuit_decorator.py
[2024-11-06T07:11:03.147+0000] {processor.py:830} INFO - Processing file /home/airflow/.local/lib/python3.8/site-packages/airflow/example_dags/example_short_circuit_decorator.py for tasks to queue
[2024-11-06T07:11:03.149+0000] {logging_mixin.py:188} INFO - [2024-11-06T07:11:03.149+0000] {dagbag.py:538} INFO - Filling up the DagBag from /home/airflow/.local/lib/python3.8/site-packages/airflow/example_dags/example_short_circuit_decorator.py
[2024-11-06T07:11:03.171+0000] {processor.py:840} INFO - DAG(s) 'example_short_circuit_decorator' retrieved from /home/airflow/.local/lib/python3.8/site-packages/airflow/example_dags/example_short_circuit_decorator.py
[2024-11-06T07:11:03.228+0000] {logging_mixin.py:188} INFO - [2024-11-06T07:11:03.228+0000] {dag.py:3036} INFO - Sync 1 DAGs
[2024-11-06T07:11:03.282+0000] {logging_mixin.py:188} INFO - [2024-11-06T07:11:03.282+0000] {dag.py:3823} INFO - Setting next_dagrun for example_short_circuit_decorator to 2024-11-05 00:00:00+00:00, run_after=2024-11-06 00:00:00+00:00
[2024-11-06T07:11:03.335+0000] {processor.py:183} INFO - Processing /home/airflow/.local/lib/python3.8/site-packages/airflow/example_dags/example_short_circuit_decorator.py took 0.208 seconds
[2024-11-06T07:11:33.476+0000] {processor.py:161} INFO - Started process (PID=1327) to work on /home/airflow/.local/lib/python3.8/site-packages/airflow/example_dags/example_short_circuit_decorator.py
[2024-11-06T07:11:33.477+0000] {processor.py:830} INFO - Processing file /home/airflow/.local/lib/python3.8/site-packages/airflow/example_dags/example_short_circuit_decorator.py for tasks to queue
[2024-11-06T07:11:33.478+0000] {logging_mixin.py:188} INFO - [2024-11-06T07:11:33.478+0000] {dagbag.py:538} INFO - Filling up the DagBag from /home/airflow/.local/lib/python3.8/site-packages/airflow/example_dags/example_short_circuit_decorator.py
[2024-11-06T07:11:33.489+0000] {processor.py:840} INFO - DAG(s) 'example_short_circuit_decorator' retrieved from /home/airflow/.local/lib/python3.8/site-packages/airflow/example_dags/example_short_circuit_decorator.py
[2024-11-06T07:11:33.513+0000] {logging_mixin.py:188} INFO - [2024-11-06T07:11:33.513+0000] {dag.py:3036} INFO - Sync 1 DAGs
[2024-11-06T07:11:33.539+0000] {logging_mixin.py:188} INFO - [2024-11-06T07:11:33.538+0000] {dag.py:3823} INFO - Setting next_dagrun for example_short_circuit_decorator to 2024-11-05 00:00:00+00:00, run_after=2024-11-06 00:00:00+00:00
[2024-11-06T07:11:33.565+0000] {processor.py:183} INFO - Processing /home/airflow/.local/lib/python3.8/site-packages/airflow/example_dags/example_short_circuit_decorator.py took 0.093 seconds
[2024-11-06T07:12:03.838+0000] {processor.py:161} INFO - Started process (PID=1384) to work on /home/airflow/.local/lib/python3.8/site-packages/airflow/example_dags/example_short_circuit_decorator.py
[2024-11-06T07:12:03.841+0000] {processor.py:830} INFO - Processing file /home/airflow/.local/lib/python3.8/site-packages/airflow/example_dags/example_short_circuit_decorator.py for tasks to queue
[2024-11-06T07:12:03.848+0000] {logging_mixin.py:188} INFO - [2024-11-06T07:12:03.848+0000] {dagbag.py:538} INFO - Filling up the DagBag from /home/airflow/.local/lib/python3.8/site-packages/airflow/example_dags/example_short_circuit_decorator.py
[2024-11-06T07:12:03.861+0000] {processor.py:840} INFO - DAG(s) 'example_short_circuit_decorator' retrieved from /home/airflow/.local/lib/python3.8/site-packages/airflow/example_dags/example_short_circuit_decorator.py
[2024-11-06T07:12:03.897+0000] {logging_mixin.py:188} INFO - [2024-11-06T07:12:03.896+0000] {dag.py:3036} INFO - Sync 1 DAGs
[2024-11-06T07:12:03.922+0000] {logging_mixin.py:188} INFO - [2024-11-06T07:12:03.922+0000] {dag.py:3823} INFO - Setting next_dagrun for example_short_circuit_decorator to 2024-11-05 00:00:00+00:00, run_after=2024-11-06 00:00:00+00:00
[2024-11-06T07:12:03.946+0000] {processor.py:183} INFO - Processing /home/airflow/.local/lib/python3.8/site-packages/airflow/example_dags/example_short_circuit_decorator.py took 0.111 seconds
[2024-11-06T07:13:55.754+0000] {processor.py:161} INFO - Started process (PID=64) to work on /home/airflow/.local/lib/python3.8/site-packages/airflow/example_dags/example_short_circuit_decorator.py
[2024-11-06T07:13:55.760+0000] {processor.py:830} INFO - Processing file /home/airflow/.local/lib/python3.8/site-packages/airflow/example_dags/example_short_circuit_decorator.py for tasks to queue
[2024-11-06T07:13:55.766+0000] {logging_mixin.py:188} INFO - [2024-11-06T07:13:55.766+0000] {dagbag.py:538} INFO - Filling up the DagBag from /home/airflow/.local/lib/python3.8/site-packages/airflow/example_dags/example_short_circuit_decorator.py
[2024-11-06T07:13:55.810+0000] {processor.py:840} INFO - DAG(s) 'example_short_circuit_decorator' retrieved from /home/airflow/.local/lib/python3.8/site-packages/airflow/example_dags/example_short_circuit_decorator.py
[2024-11-06T07:13:56.139+0000] {logging_mixin.py:188} INFO - [2024-11-06T07:13:56.138+0000] {dag.py:3036} INFO - Sync 1 DAGs
[2024-11-06T07:13:56.240+0000] {logging_mixin.py:188} INFO - [2024-11-06T07:13:56.240+0000] {dag.py:3823} INFO - Setting next_dagrun for example_short_circuit_decorator to 2024-11-05 00:00:00+00:00, run_after=2024-11-06 00:00:00+00:00
[2024-11-06T07:13:56.324+0000] {processor.py:183} INFO - Processing /home/airflow/.local/lib/python3.8/site-packages/airflow/example_dags/example_short_circuit_decorator.py took 0.592 seconds
[2024-11-06T07:14:26.488+0000] {processor.py:161} INFO - Started process (PID=122) to work on /home/airflow/.local/lib/python3.8/site-packages/airflow/example_dags/example_short_circuit_decorator.py
[2024-11-06T07:14:26.489+0000] {processor.py:830} INFO - Processing file /home/airflow/.local/lib/python3.8/site-packages/airflow/example_dags/example_short_circuit_decorator.py for tasks to queue
[2024-11-06T07:14:26.490+0000] {logging_mixin.py:188} INFO - [2024-11-06T07:14:26.490+0000] {dagbag.py:538} INFO - Filling up the DagBag from /home/airflow/.local/lib/python3.8/site-packages/airflow/example_dags/example_short_circuit_decorator.py
[2024-11-06T07:14:26.497+0000] {processor.py:840} INFO - DAG(s) 'example_short_circuit_decorator' retrieved from /home/airflow/.local/lib/python3.8/site-packages/airflow/example_dags/example_short_circuit_decorator.py
[2024-11-06T07:14:26.517+0000] {logging_mixin.py:188} INFO - [2024-11-06T07:14:26.517+0000] {dag.py:3036} INFO - Sync 1 DAGs
[2024-11-06T07:14:26.533+0000] {logging_mixin.py:188} INFO - [2024-11-06T07:14:26.533+0000] {dag.py:3823} INFO - Setting next_dagrun for example_short_circuit_decorator to 2024-11-05 00:00:00+00:00, run_after=2024-11-06 00:00:00+00:00
[2024-11-06T07:14:26.551+0000] {processor.py:183} INFO - Processing /home/airflow/.local/lib/python3.8/site-packages/airflow/example_dags/example_short_circuit_decorator.py took 0.066 seconds
[2024-11-06T07:14:56.628+0000] {processor.py:161} INFO - Started process (PID=179) to work on /home/airflow/.local/lib/python3.8/site-packages/airflow/example_dags/example_short_circuit_decorator.py
[2024-11-06T07:14:56.629+0000] {processor.py:830} INFO - Processing file /home/airflow/.local/lib/python3.8/site-packages/airflow/example_dags/example_short_circuit_decorator.py for tasks to queue
[2024-11-06T07:14:56.630+0000] {logging_mixin.py:188} INFO - [2024-11-06T07:14:56.630+0000] {dagbag.py:538} INFO - Filling up the DagBag from /home/airflow/.local/lib/python3.8/site-packages/airflow/example_dags/example_short_circuit_decorator.py
[2024-11-06T07:14:56.639+0000] {processor.py:840} INFO - DAG(s) 'example_short_circuit_decorator' retrieved from /home/airflow/.local/lib/python3.8/site-packages/airflow/example_dags/example_short_circuit_decorator.py
[2024-11-06T07:14:56.661+0000] {logging_mixin.py:188} INFO - [2024-11-06T07:14:56.661+0000] {dag.py:3036} INFO - Sync 1 DAGs
[2024-11-06T07:14:56.677+0000] {logging_mixin.py:188} INFO - [2024-11-06T07:14:56.677+0000] {dag.py:3823} INFO - Setting next_dagrun for example_short_circuit_decorator to 2024-11-05 00:00:00+00:00, run_after=2024-11-06 00:00:00+00:00
[2024-11-06T07:14:56.697+0000] {processor.py:183} INFO - Processing /home/airflow/.local/lib/python3.8/site-packages/airflow/example_dags/example_short_circuit_decorator.py took 0.071 seconds
