[2024-11-06T07:00:32.815+0000] {processor.py:161} INFO - Started process (PID=92) to work on /home/airflow/.local/lib/python3.8/site-packages/airflow/example_dags/example_short_circuit_operator.py
[2024-11-06T07:00:32.816+0000] {processor.py:830} INFO - Processing file /home/airflow/.local/lib/python3.8/site-packages/airflow/example_dags/example_short_circuit_operator.py for tasks to queue
[2024-11-06T07:00:32.827+0000] {logging_mixin.py:188} INFO - [2024-11-06T07:00:32.818+0000] {dagbag.py:538} INFO - Filling up the DagBag from /home/airflow/.local/lib/python3.8/site-packages/airflow/example_dags/example_short_circuit_operator.py
[2024-11-06T07:00:32.845+0000] {processor.py:840} INFO - DAG(s) 'example_short_circuit_operator' retrieved from /home/airflow/.local/lib/python3.8/site-packages/airflow/example_dags/example_short_circuit_operator.py
[2024-11-06T07:00:33.246+0000] {logging_mixin.py:188} INFO - [2024-11-06T07:00:33.246+0000] {dag.py:3036} INFO - Sync 1 DAGs
[2024-11-06T07:00:33.320+0000] {logging_mixin.py:188} INFO - [2024-11-06T07:00:33.320+0000] {dag.py:3823} INFO - Setting next_dagrun for example_short_circuit_operator to 2024-11-05 00:00:00+00:00, run_after=2024-11-06 00:00:00+00:00
[2024-11-06T07:00:33.399+0000] {processor.py:183} INFO - Processing /home/airflow/.local/lib/python3.8/site-packages/airflow/example_dags/example_short_circuit_operator.py took 0.608 seconds
[2024-11-06T07:01:03.892+0000] {processor.py:161} INFO - Started process (PID=149) to work on /home/airflow/.local/lib/python3.8/site-packages/airflow/example_dags/example_short_circuit_operator.py
[2024-11-06T07:01:03.893+0000] {processor.py:830} INFO - Processing file /home/airflow/.local/lib/python3.8/site-packages/airflow/example_dags/example_short_circuit_operator.py for tasks to queue
[2024-11-06T07:01:03.895+0000] {logging_mixin.py:188} INFO - [2024-11-06T07:01:03.895+0000] {dagbag.py:538} INFO - Filling up the DagBag from /home/airflow/.local/lib/python3.8/site-packages/airflow/example_dags/example_short_circuit_operator.py
[2024-11-06T07:01:03.905+0000] {processor.py:840} INFO - DAG(s) 'example_short_circuit_operator' retrieved from /home/airflow/.local/lib/python3.8/site-packages/airflow/example_dags/example_short_circuit_operator.py
[2024-11-06T07:01:03.933+0000] {logging_mixin.py:188} INFO - [2024-11-06T07:01:03.933+0000] {dag.py:3036} INFO - Sync 1 DAGs
[2024-11-06T07:01:03.962+0000] {logging_mixin.py:188} INFO - [2024-11-06T07:01:03.962+0000] {dag.py:3823} INFO - Setting next_dagrun for example_short_circuit_operator to 2024-11-05 00:00:00+00:00, run_after=2024-11-06 00:00:00+00:00
[2024-11-06T07:01:03.996+0000] {processor.py:183} INFO - Processing /home/airflow/.local/lib/python3.8/site-packages/airflow/example_dags/example_short_circuit_operator.py took 0.107 seconds
[2024-11-06T07:01:34.375+0000] {processor.py:161} INFO - Started process (PID=207) to work on /home/airflow/.local/lib/python3.8/site-packages/airflow/example_dags/example_short_circuit_operator.py
[2024-11-06T07:01:34.376+0000] {processor.py:830} INFO - Processing file /home/airflow/.local/lib/python3.8/site-packages/airflow/example_dags/example_short_circuit_operator.py for tasks to queue
[2024-11-06T07:01:34.378+0000] {logging_mixin.py:188} INFO - [2024-11-06T07:01:34.378+0000] {dagbag.py:538} INFO - Filling up the DagBag from /home/airflow/.local/lib/python3.8/site-packages/airflow/example_dags/example_short_circuit_operator.py
[2024-11-06T07:01:34.387+0000] {processor.py:840} INFO - DAG(s) 'example_short_circuit_operator' retrieved from /home/airflow/.local/lib/python3.8/site-packages/airflow/example_dags/example_short_circuit_operator.py
[2024-11-06T07:01:34.416+0000] {logging_mixin.py:188} INFO - [2024-11-06T07:01:34.416+0000] {dag.py:3036} INFO - Sync 1 DAGs
[2024-11-06T07:01:34.442+0000] {logging_mixin.py:188} INFO - [2024-11-06T07:01:34.442+0000] {dag.py:3823} INFO - Setting next_dagrun for example_short_circuit_operator to 2024-11-05 00:00:00+00:00, run_after=2024-11-06 00:00:00+00:00
[2024-11-06T07:01:34.467+0000] {processor.py:183} INFO - Processing /home/airflow/.local/lib/python3.8/site-packages/airflow/example_dags/example_short_circuit_operator.py took 0.098 seconds
[2024-11-06T07:02:05.385+0000] {processor.py:161} INFO - Started process (PID=265) to work on /home/airflow/.local/lib/python3.8/site-packages/airflow/example_dags/example_short_circuit_operator.py
[2024-11-06T07:02:05.386+0000] {processor.py:830} INFO - Processing file /home/airflow/.local/lib/python3.8/site-packages/airflow/example_dags/example_short_circuit_operator.py for tasks to queue
[2024-11-06T07:02:05.388+0000] {logging_mixin.py:188} INFO - [2024-11-06T07:02:05.388+0000] {dagbag.py:538} INFO - Filling up the DagBag from /home/airflow/.local/lib/python3.8/site-packages/airflow/example_dags/example_short_circuit_operator.py
[2024-11-06T07:02:05.398+0000] {processor.py:840} INFO - DAG(s) 'example_short_circuit_operator' retrieved from /home/airflow/.local/lib/python3.8/site-packages/airflow/example_dags/example_short_circuit_operator.py
[2024-11-06T07:02:05.425+0000] {logging_mixin.py:188} INFO - [2024-11-06T07:02:05.425+0000] {dag.py:3036} INFO - Sync 1 DAGs
[2024-11-06T07:02:05.470+0000] {logging_mixin.py:188} INFO - [2024-11-06T07:02:05.470+0000] {dag.py:3823} INFO - Setting next_dagrun for example_short_circuit_operator to 2024-11-05 00:00:00+00:00, run_after=2024-11-06 00:00:00+00:00
[2024-11-06T07:02:05.499+0000] {processor.py:183} INFO - Processing /home/airflow/.local/lib/python3.8/site-packages/airflow/example_dags/example_short_circuit_operator.py took 0.118 seconds
[2024-11-06T07:02:36.321+0000] {processor.py:161} INFO - Started process (PID=322) to work on /home/airflow/.local/lib/python3.8/site-packages/airflow/example_dags/example_short_circuit_operator.py
[2024-11-06T07:02:36.322+0000] {processor.py:830} INFO - Processing file /home/airflow/.local/lib/python3.8/site-packages/airflow/example_dags/example_short_circuit_operator.py for tasks to queue
[2024-11-06T07:02:36.324+0000] {logging_mixin.py:188} INFO - [2024-11-06T07:02:36.324+0000] {dagbag.py:538} INFO - Filling up the DagBag from /home/airflow/.local/lib/python3.8/site-packages/airflow/example_dags/example_short_circuit_operator.py
[2024-11-06T07:02:36.333+0000] {processor.py:840} INFO - DAG(s) 'example_short_circuit_operator' retrieved from /home/airflow/.local/lib/python3.8/site-packages/airflow/example_dags/example_short_circuit_operator.py
[2024-11-06T07:02:36.360+0000] {logging_mixin.py:188} INFO - [2024-11-06T07:02:36.360+0000] {dag.py:3036} INFO - Sync 1 DAGs
[2024-11-06T07:02:36.388+0000] {logging_mixin.py:188} INFO - [2024-11-06T07:02:36.388+0000] {dag.py:3823} INFO - Setting next_dagrun for example_short_circuit_operator to 2024-11-05 00:00:00+00:00, run_after=2024-11-06 00:00:00+00:00
[2024-11-06T07:02:36.417+0000] {processor.py:183} INFO - Processing /home/airflow/.local/lib/python3.8/site-packages/airflow/example_dags/example_short_circuit_operator.py took 0.100 seconds
[2024-11-06T07:03:06.583+0000] {processor.py:161} INFO - Started process (PID=380) to work on /home/airflow/.local/lib/python3.8/site-packages/airflow/example_dags/example_short_circuit_operator.py
[2024-11-06T07:03:06.584+0000] {processor.py:830} INFO - Processing file /home/airflow/.local/lib/python3.8/site-packages/airflow/example_dags/example_short_circuit_operator.py for tasks to queue
[2024-11-06T07:03:06.586+0000] {logging_mixin.py:188} INFO - [2024-11-06T07:03:06.586+0000] {dagbag.py:538} INFO - Filling up the DagBag from /home/airflow/.local/lib/python3.8/site-packages/airflow/example_dags/example_short_circuit_operator.py
[2024-11-06T07:03:06.596+0000] {processor.py:840} INFO - DAG(s) 'example_short_circuit_operator' retrieved from /home/airflow/.local/lib/python3.8/site-packages/airflow/example_dags/example_short_circuit_operator.py
[2024-11-06T07:03:06.623+0000] {logging_mixin.py:188} INFO - [2024-11-06T07:03:06.623+0000] {dag.py:3036} INFO - Sync 1 DAGs
[2024-11-06T07:03:06.662+0000] {logging_mixin.py:188} INFO - [2024-11-06T07:03:06.662+0000] {dag.py:3823} INFO - Setting next_dagrun for example_short_circuit_operator to 2024-11-05 00:00:00+00:00, run_after=2024-11-06 00:00:00+00:00
[2024-11-06T07:03:06.698+0000] {processor.py:183} INFO - Processing /home/airflow/.local/lib/python3.8/site-packages/airflow/example_dags/example_short_circuit_operator.py took 0.118 seconds
[2024-11-06T07:03:36.884+0000] {processor.py:161} INFO - Started process (PID=438) to work on /home/airflow/.local/lib/python3.8/site-packages/airflow/example_dags/example_short_circuit_operator.py
[2024-11-06T07:03:36.885+0000] {processor.py:830} INFO - Processing file /home/airflow/.local/lib/python3.8/site-packages/airflow/example_dags/example_short_circuit_operator.py for tasks to queue
[2024-11-06T07:03:36.888+0000] {logging_mixin.py:188} INFO - [2024-11-06T07:03:36.887+0000] {dagbag.py:538} INFO - Filling up the DagBag from /home/airflow/.local/lib/python3.8/site-packages/airflow/example_dags/example_short_circuit_operator.py
[2024-11-06T07:03:36.896+0000] {processor.py:840} INFO - DAG(s) 'example_short_circuit_operator' retrieved from /home/airflow/.local/lib/python3.8/site-packages/airflow/example_dags/example_short_circuit_operator.py
[2024-11-06T07:03:36.940+0000] {logging_mixin.py:188} INFO - [2024-11-06T07:03:36.940+0000] {dag.py:3036} INFO - Sync 1 DAGs
[2024-11-06T07:03:36.970+0000] {logging_mixin.py:188} INFO - [2024-11-06T07:03:36.969+0000] {dag.py:3823} INFO - Setting next_dagrun for example_short_circuit_operator to 2024-11-05 00:00:00+00:00, run_after=2024-11-06 00:00:00+00:00
[2024-11-06T07:03:36.993+0000] {processor.py:183} INFO - Processing /home/airflow/.local/lib/python3.8/site-packages/airflow/example_dags/example_short_circuit_operator.py took 0.113 seconds
[2024-11-06T07:04:07.205+0000] {processor.py:161} INFO - Started process (PID=495) to work on /home/airflow/.local/lib/python3.8/site-packages/airflow/example_dags/example_short_circuit_operator.py
[2024-11-06T07:04:07.206+0000] {processor.py:830} INFO - Processing file /home/airflow/.local/lib/python3.8/site-packages/airflow/example_dags/example_short_circuit_operator.py for tasks to queue
[2024-11-06T07:04:07.208+0000] {logging_mixin.py:188} INFO - [2024-11-06T07:04:07.208+0000] {dagbag.py:538} INFO - Filling up the DagBag from /home/airflow/.local/lib/python3.8/site-packages/airflow/example_dags/example_short_circuit_operator.py
[2024-11-06T07:04:07.218+0000] {processor.py:840} INFO - DAG(s) 'example_short_circuit_operator' retrieved from /home/airflow/.local/lib/python3.8/site-packages/airflow/example_dags/example_short_circuit_operator.py
[2024-11-06T07:04:07.247+0000] {logging_mixin.py:188} INFO - [2024-11-06T07:04:07.246+0000] {dag.py:3036} INFO - Sync 1 DAGs
[2024-11-06T07:04:07.289+0000] {logging_mixin.py:188} INFO - [2024-11-06T07:04:07.289+0000] {dag.py:3823} INFO - Setting next_dagrun for example_short_circuit_operator to 2024-11-05 00:00:00+00:00, run_after=2024-11-06 00:00:00+00:00
[2024-11-06T07:04:07.317+0000] {processor.py:183} INFO - Processing /home/airflow/.local/lib/python3.8/site-packages/airflow/example_dags/example_short_circuit_operator.py took 0.115 seconds
[2024-11-06T07:04:37.571+0000] {processor.py:161} INFO - Started process (PID=559) to work on /home/airflow/.local/lib/python3.8/site-packages/airflow/example_dags/example_short_circuit_operator.py
[2024-11-06T07:04:37.572+0000] {processor.py:830} INFO - Processing file /home/airflow/.local/lib/python3.8/site-packages/airflow/example_dags/example_short_circuit_operator.py for tasks to queue
[2024-11-06T07:04:37.574+0000] {logging_mixin.py:188} INFO - [2024-11-06T07:04:37.574+0000] {dagbag.py:538} INFO - Filling up the DagBag from /home/airflow/.local/lib/python3.8/site-packages/airflow/example_dags/example_short_circuit_operator.py
[2024-11-06T07:04:37.598+0000] {processor.py:840} INFO - DAG(s) 'example_short_circuit_operator' retrieved from /home/airflow/.local/lib/python3.8/site-packages/airflow/example_dags/example_short_circuit_operator.py
[2024-11-06T07:04:37.695+0000] {logging_mixin.py:188} INFO - [2024-11-06T07:04:37.694+0000] {dag.py:3036} INFO - Sync 1 DAGs
[2024-11-06T07:04:37.720+0000] {logging_mixin.py:188} INFO - [2024-11-06T07:04:37.719+0000] {dag.py:3823} INFO - Setting next_dagrun for example_short_circuit_operator to 2024-11-05 00:00:00+00:00, run_after=2024-11-06 00:00:00+00:00
[2024-11-06T07:04:37.759+0000] {processor.py:183} INFO - Processing /home/airflow/.local/lib/python3.8/site-packages/airflow/example_dags/example_short_circuit_operator.py took 0.203 seconds
[2024-11-06T07:05:07.846+0000] {processor.py:161} INFO - Started process (PID=616) to work on /home/airflow/.local/lib/python3.8/site-packages/airflow/example_dags/example_short_circuit_operator.py
[2024-11-06T07:05:07.847+0000] {processor.py:830} INFO - Processing file /home/airflow/.local/lib/python3.8/site-packages/airflow/example_dags/example_short_circuit_operator.py for tasks to queue
[2024-11-06T07:05:07.849+0000] {logging_mixin.py:188} INFO - [2024-11-06T07:05:07.849+0000] {dagbag.py:538} INFO - Filling up the DagBag from /home/airflow/.local/lib/python3.8/site-packages/airflow/example_dags/example_short_circuit_operator.py
[2024-11-06T07:05:07.858+0000] {processor.py:840} INFO - DAG(s) 'example_short_circuit_operator' retrieved from /home/airflow/.local/lib/python3.8/site-packages/airflow/example_dags/example_short_circuit_operator.py
[2024-11-06T07:05:07.886+0000] {logging_mixin.py:188} INFO - [2024-11-06T07:05:07.886+0000] {dag.py:3036} INFO - Sync 1 DAGs
[2024-11-06T07:05:07.912+0000] {logging_mixin.py:188} INFO - [2024-11-06T07:05:07.912+0000] {dag.py:3823} INFO - Setting next_dagrun for example_short_circuit_operator to 2024-11-05 00:00:00+00:00, run_after=2024-11-06 00:00:00+00:00
[2024-11-06T07:05:07.937+0000] {processor.py:183} INFO - Processing /home/airflow/.local/lib/python3.8/site-packages/airflow/example_dags/example_short_circuit_operator.py took 0.094 seconds
[2024-11-06T07:05:38.286+0000] {processor.py:161} INFO - Started process (PID=673) to work on /home/airflow/.local/lib/python3.8/site-packages/airflow/example_dags/example_short_circuit_operator.py
[2024-11-06T07:05:38.303+0000] {processor.py:830} INFO - Processing file /home/airflow/.local/lib/python3.8/site-packages/airflow/example_dags/example_short_circuit_operator.py for tasks to queue
[2024-11-06T07:05:38.311+0000] {logging_mixin.py:188} INFO - [2024-11-06T07:05:38.311+0000] {dagbag.py:538} INFO - Filling up the DagBag from /home/airflow/.local/lib/python3.8/site-packages/airflow/example_dags/example_short_circuit_operator.py
[2024-11-06T07:05:38.364+0000] {processor.py:840} INFO - DAG(s) 'example_short_circuit_operator' retrieved from /home/airflow/.local/lib/python3.8/site-packages/airflow/example_dags/example_short_circuit_operator.py
[2024-11-06T07:05:38.517+0000] {logging_mixin.py:188} INFO - [2024-11-06T07:05:38.517+0000] {dag.py:3036} INFO - Sync 1 DAGs
[2024-11-06T07:05:38.656+0000] {logging_mixin.py:188} INFO - [2024-11-06T07:05:38.655+0000] {dag.py:3823} INFO - Setting next_dagrun for example_short_circuit_operator to 2024-11-05 00:00:00+00:00, run_after=2024-11-06 00:00:00+00:00
[2024-11-06T07:05:38.778+0000] {processor.py:183} INFO - Processing /home/airflow/.local/lib/python3.8/site-packages/airflow/example_dags/example_short_circuit_operator.py took 0.510 seconds
[2024-11-06T07:06:08.944+0000] {processor.py:161} INFO - Started process (PID=730) to work on /home/airflow/.local/lib/python3.8/site-packages/airflow/example_dags/example_short_circuit_operator.py
[2024-11-06T07:06:08.945+0000] {processor.py:830} INFO - Processing file /home/airflow/.local/lib/python3.8/site-packages/airflow/example_dags/example_short_circuit_operator.py for tasks to queue
[2024-11-06T07:06:08.946+0000] {logging_mixin.py:188} INFO - [2024-11-06T07:06:08.946+0000] {dagbag.py:538} INFO - Filling up the DagBag from /home/airflow/.local/lib/python3.8/site-packages/airflow/example_dags/example_short_circuit_operator.py
[2024-11-06T07:06:08.955+0000] {processor.py:840} INFO - DAG(s) 'example_short_circuit_operator' retrieved from /home/airflow/.local/lib/python3.8/site-packages/airflow/example_dags/example_short_circuit_operator.py
[2024-11-06T07:06:08.982+0000] {logging_mixin.py:188} INFO - [2024-11-06T07:06:08.982+0000] {dag.py:3036} INFO - Sync 1 DAGs
[2024-11-06T07:06:09.007+0000] {logging_mixin.py:188} INFO - [2024-11-06T07:06:09.006+0000] {dag.py:3823} INFO - Setting next_dagrun for example_short_circuit_operator to 2024-11-05 00:00:00+00:00, run_after=2024-11-06 00:00:00+00:00
[2024-11-06T07:06:09.026+0000] {processor.py:183} INFO - Processing /home/airflow/.local/lib/python3.8/site-packages/airflow/example_dags/example_short_circuit_operator.py took 0.086 seconds
[2024-11-06T07:06:39.744+0000] {processor.py:161} INFO - Started process (PID=788) to work on /home/airflow/.local/lib/python3.8/site-packages/airflow/example_dags/example_short_circuit_operator.py
[2024-11-06T07:06:39.745+0000] {processor.py:830} INFO - Processing file /home/airflow/.local/lib/python3.8/site-packages/airflow/example_dags/example_short_circuit_operator.py for tasks to queue
[2024-11-06T07:06:39.747+0000] {logging_mixin.py:188} INFO - [2024-11-06T07:06:39.746+0000] {dagbag.py:538} INFO - Filling up the DagBag from /home/airflow/.local/lib/python3.8/site-packages/airflow/example_dags/example_short_circuit_operator.py
[2024-11-06T07:06:39.756+0000] {processor.py:840} INFO - DAG(s) 'example_short_circuit_operator' retrieved from /home/airflow/.local/lib/python3.8/site-packages/airflow/example_dags/example_short_circuit_operator.py
[2024-11-06T07:06:39.782+0000] {logging_mixin.py:188} INFO - [2024-11-06T07:06:39.782+0000] {dag.py:3036} INFO - Sync 1 DAGs
[2024-11-06T07:06:39.807+0000] {logging_mixin.py:188} INFO - [2024-11-06T07:06:39.807+0000] {dag.py:3823} INFO - Setting next_dagrun for example_short_circuit_operator to 2024-11-05 00:00:00+00:00, run_after=2024-11-06 00:00:00+00:00
[2024-11-06T07:06:39.842+0000] {processor.py:183} INFO - Processing /home/airflow/.local/lib/python3.8/site-packages/airflow/example_dags/example_short_circuit_operator.py took 0.102 seconds
[2024-11-06T07:07:10.364+0000] {processor.py:161} INFO - Started process (PID=845) to work on /home/airflow/.local/lib/python3.8/site-packages/airflow/example_dags/example_short_circuit_operator.py
[2024-11-06T07:07:10.365+0000] {processor.py:830} INFO - Processing file /home/airflow/.local/lib/python3.8/site-packages/airflow/example_dags/example_short_circuit_operator.py for tasks to queue
[2024-11-06T07:07:10.367+0000] {logging_mixin.py:188} INFO - [2024-11-06T07:07:10.366+0000] {dagbag.py:538} INFO - Filling up the DagBag from /home/airflow/.local/lib/python3.8/site-packages/airflow/example_dags/example_short_circuit_operator.py
[2024-11-06T07:07:10.376+0000] {processor.py:840} INFO - DAG(s) 'example_short_circuit_operator' retrieved from /home/airflow/.local/lib/python3.8/site-packages/airflow/example_dags/example_short_circuit_operator.py
[2024-11-06T07:07:10.413+0000] {logging_mixin.py:188} INFO - [2024-11-06T07:07:10.412+0000] {dag.py:3036} INFO - Sync 1 DAGs
[2024-11-06T07:07:10.439+0000] {logging_mixin.py:188} INFO - [2024-11-06T07:07:10.439+0000] {dag.py:3823} INFO - Setting next_dagrun for example_short_circuit_operator to 2024-11-05 00:00:00+00:00, run_after=2024-11-06 00:00:00+00:00
[2024-11-06T07:07:10.467+0000] {processor.py:183} INFO - Processing /home/airflow/.local/lib/python3.8/site-packages/airflow/example_dags/example_short_circuit_operator.py took 0.107 seconds
[2024-11-06T07:07:41.095+0000] {processor.py:161} INFO - Started process (PID=903) to work on /home/airflow/.local/lib/python3.8/site-packages/airflow/example_dags/example_short_circuit_operator.py
[2024-11-06T07:07:41.096+0000] {processor.py:830} INFO - Processing file /home/airflow/.local/lib/python3.8/site-packages/airflow/example_dags/example_short_circuit_operator.py for tasks to queue
[2024-11-06T07:07:41.098+0000] {logging_mixin.py:188} INFO - [2024-11-06T07:07:41.097+0000] {dagbag.py:538} INFO - Filling up the DagBag from /home/airflow/.local/lib/python3.8/site-packages/airflow/example_dags/example_short_circuit_operator.py
[2024-11-06T07:07:41.107+0000] {processor.py:840} INFO - DAG(s) 'example_short_circuit_operator' retrieved from /home/airflow/.local/lib/python3.8/site-packages/airflow/example_dags/example_short_circuit_operator.py
[2024-11-06T07:07:41.134+0000] {logging_mixin.py:188} INFO - [2024-11-06T07:07:41.133+0000] {dag.py:3036} INFO - Sync 1 DAGs
[2024-11-06T07:07:41.158+0000] {logging_mixin.py:188} INFO - [2024-11-06T07:07:41.158+0000] {dag.py:3823} INFO - Setting next_dagrun for example_short_circuit_operator to 2024-11-05 00:00:00+00:00, run_after=2024-11-06 00:00:00+00:00
[2024-11-06T07:07:41.184+0000] {processor.py:183} INFO - Processing /home/airflow/.local/lib/python3.8/site-packages/airflow/example_dags/example_short_circuit_operator.py took 0.093 seconds
[2024-11-06T07:08:11.334+0000] {processor.py:161} INFO - Started process (PID=961) to work on /home/airflow/.local/lib/python3.8/site-packages/airflow/example_dags/example_short_circuit_operator.py
[2024-11-06T07:08:11.335+0000] {processor.py:830} INFO - Processing file /home/airflow/.local/lib/python3.8/site-packages/airflow/example_dags/example_short_circuit_operator.py for tasks to queue
[2024-11-06T07:08:11.337+0000] {logging_mixin.py:188} INFO - [2024-11-06T07:08:11.336+0000] {dagbag.py:538} INFO - Filling up the DagBag from /home/airflow/.local/lib/python3.8/site-packages/airflow/example_dags/example_short_circuit_operator.py
[2024-11-06T07:08:11.345+0000] {processor.py:840} INFO - DAG(s) 'example_short_circuit_operator' retrieved from /home/airflow/.local/lib/python3.8/site-packages/airflow/example_dags/example_short_circuit_operator.py
[2024-11-06T07:08:11.372+0000] {logging_mixin.py:188} INFO - [2024-11-06T07:08:11.372+0000] {dag.py:3036} INFO - Sync 1 DAGs
[2024-11-06T07:08:11.397+0000] {logging_mixin.py:188} INFO - [2024-11-06T07:08:11.397+0000] {dag.py:3823} INFO - Setting next_dagrun for example_short_circuit_operator to 2024-11-05 00:00:00+00:00, run_after=2024-11-06 00:00:00+00:00
[2024-11-06T07:08:11.437+0000] {processor.py:183} INFO - Processing /home/airflow/.local/lib/python3.8/site-packages/airflow/example_dags/example_short_circuit_operator.py took 0.106 seconds
[2024-11-06T07:08:41.549+0000] {processor.py:161} INFO - Started process (PID=1018) to work on /home/airflow/.local/lib/python3.8/site-packages/airflow/example_dags/example_short_circuit_operator.py
[2024-11-06T07:08:41.550+0000] {processor.py:830} INFO - Processing file /home/airflow/.local/lib/python3.8/site-packages/airflow/example_dags/example_short_circuit_operator.py for tasks to queue
[2024-11-06T07:08:41.552+0000] {logging_mixin.py:188} INFO - [2024-11-06T07:08:41.552+0000] {dagbag.py:538} INFO - Filling up the DagBag from /home/airflow/.local/lib/python3.8/site-packages/airflow/example_dags/example_short_circuit_operator.py
[2024-11-06T07:08:41.561+0000] {processor.py:840} INFO - DAG(s) 'example_short_circuit_operator' retrieved from /home/airflow/.local/lib/python3.8/site-packages/airflow/example_dags/example_short_circuit_operator.py
[2024-11-06T07:08:41.587+0000] {logging_mixin.py:188} INFO - [2024-11-06T07:08:41.586+0000] {dag.py:3036} INFO - Sync 1 DAGs
[2024-11-06T07:08:41.611+0000] {logging_mixin.py:188} INFO - [2024-11-06T07:08:41.611+0000] {dag.py:3823} INFO - Setting next_dagrun for example_short_circuit_operator to 2024-11-05 00:00:00+00:00, run_after=2024-11-06 00:00:00+00:00
[2024-11-06T07:08:41.640+0000] {processor.py:183} INFO - Processing /home/airflow/.local/lib/python3.8/site-packages/airflow/example_dags/example_short_circuit_operator.py took 0.095 seconds
[2024-11-06T07:09:12.090+0000] {processor.py:161} INFO - Started process (PID=1076) to work on /home/airflow/.local/lib/python3.8/site-packages/airflow/example_dags/example_short_circuit_operator.py
[2024-11-06T07:09:12.091+0000] {processor.py:830} INFO - Processing file /home/airflow/.local/lib/python3.8/site-packages/airflow/example_dags/example_short_circuit_operator.py for tasks to queue
[2024-11-06T07:09:12.093+0000] {logging_mixin.py:188} INFO - [2024-11-06T07:09:12.093+0000] {dagbag.py:538} INFO - Filling up the DagBag from /home/airflow/.local/lib/python3.8/site-packages/airflow/example_dags/example_short_circuit_operator.py
[2024-11-06T07:09:12.105+0000] {processor.py:840} INFO - DAG(s) 'example_short_circuit_operator' retrieved from /home/airflow/.local/lib/python3.8/site-packages/airflow/example_dags/example_short_circuit_operator.py
[2024-11-06T07:09:12.131+0000] {logging_mixin.py:188} INFO - [2024-11-06T07:09:12.131+0000] {dag.py:3036} INFO - Sync 1 DAGs
[2024-11-06T07:09:12.156+0000] {logging_mixin.py:188} INFO - [2024-11-06T07:09:12.156+0000] {dag.py:3823} INFO - Setting next_dagrun for example_short_circuit_operator to 2024-11-05 00:00:00+00:00, run_after=2024-11-06 00:00:00+00:00
[2024-11-06T07:09:12.179+0000] {processor.py:183} INFO - Processing /home/airflow/.local/lib/python3.8/site-packages/airflow/example_dags/example_short_circuit_operator.py took 0.093 seconds
[2024-11-06T07:09:42.782+0000] {processor.py:161} INFO - Started process (PID=1133) to work on /home/airflow/.local/lib/python3.8/site-packages/airflow/example_dags/example_short_circuit_operator.py
[2024-11-06T07:09:42.783+0000] {processor.py:830} INFO - Processing file /home/airflow/.local/lib/python3.8/site-packages/airflow/example_dags/example_short_circuit_operator.py for tasks to queue
[2024-11-06T07:09:42.784+0000] {logging_mixin.py:188} INFO - [2024-11-06T07:09:42.784+0000] {dagbag.py:538} INFO - Filling up the DagBag from /home/airflow/.local/lib/python3.8/site-packages/airflow/example_dags/example_short_circuit_operator.py
[2024-11-06T07:09:42.794+0000] {processor.py:840} INFO - DAG(s) 'example_short_circuit_operator' retrieved from /home/airflow/.local/lib/python3.8/site-packages/airflow/example_dags/example_short_circuit_operator.py
[2024-11-06T07:09:42.823+0000] {logging_mixin.py:188} INFO - [2024-11-06T07:09:42.823+0000] {dag.py:3036} INFO - Sync 1 DAGs
[2024-11-06T07:09:42.858+0000] {logging_mixin.py:188} INFO - [2024-11-06T07:09:42.858+0000] {dag.py:3823} INFO - Setting next_dagrun for example_short_circuit_operator to 2024-11-05 00:00:00+00:00, run_after=2024-11-06 00:00:00+00:00
[2024-11-06T07:09:42.890+0000] {processor.py:183} INFO - Processing /home/airflow/.local/lib/python3.8/site-packages/airflow/example_dags/example_short_circuit_operator.py took 0.112 seconds
[2024-11-06T07:10:13.324+0000] {processor.py:161} INFO - Started process (PID=1190) to work on /home/airflow/.local/lib/python3.8/site-packages/airflow/example_dags/example_short_circuit_operator.py
[2024-11-06T07:10:13.325+0000] {processor.py:830} INFO - Processing file /home/airflow/.local/lib/python3.8/site-packages/airflow/example_dags/example_short_circuit_operator.py for tasks to queue
[2024-11-06T07:10:13.327+0000] {logging_mixin.py:188} INFO - [2024-11-06T07:10:13.327+0000] {dagbag.py:538} INFO - Filling up the DagBag from /home/airflow/.local/lib/python3.8/site-packages/airflow/example_dags/example_short_circuit_operator.py
[2024-11-06T07:10:13.336+0000] {processor.py:840} INFO - DAG(s) 'example_short_circuit_operator' retrieved from /home/airflow/.local/lib/python3.8/site-packages/airflow/example_dags/example_short_circuit_operator.py
[2024-11-06T07:10:13.362+0000] {logging_mixin.py:188} INFO - [2024-11-06T07:10:13.362+0000] {dag.py:3036} INFO - Sync 1 DAGs
[2024-11-06T07:10:13.387+0000] {logging_mixin.py:188} INFO - [2024-11-06T07:10:13.387+0000] {dag.py:3823} INFO - Setting next_dagrun for example_short_circuit_operator to 2024-11-05 00:00:00+00:00, run_after=2024-11-06 00:00:00+00:00
[2024-11-06T07:10:13.428+0000] {processor.py:183} INFO - Processing /home/airflow/.local/lib/python3.8/site-packages/airflow/example_dags/example_short_circuit_operator.py took 0.113 seconds
[2024-11-06T07:10:43.670+0000] {processor.py:161} INFO - Started process (PID=1247) to work on /home/airflow/.local/lib/python3.8/site-packages/airflow/example_dags/example_short_circuit_operator.py
[2024-11-06T07:10:43.672+0000] {processor.py:830} INFO - Processing file /home/airflow/.local/lib/python3.8/site-packages/airflow/example_dags/example_short_circuit_operator.py for tasks to queue
[2024-11-06T07:10:43.673+0000] {logging_mixin.py:188} INFO - [2024-11-06T07:10:43.673+0000] {dagbag.py:538} INFO - Filling up the DagBag from /home/airflow/.local/lib/python3.8/site-packages/airflow/example_dags/example_short_circuit_operator.py
[2024-11-06T07:10:43.687+0000] {processor.py:840} INFO - DAG(s) 'example_short_circuit_operator' retrieved from /home/airflow/.local/lib/python3.8/site-packages/airflow/example_dags/example_short_circuit_operator.py
[2024-11-06T07:10:43.714+0000] {logging_mixin.py:188} INFO - [2024-11-06T07:10:43.714+0000] {dag.py:3036} INFO - Sync 1 DAGs
[2024-11-06T07:10:43.738+0000] {logging_mixin.py:188} INFO - [2024-11-06T07:10:43.738+0000] {dag.py:3823} INFO - Setting next_dagrun for example_short_circuit_operator to 2024-11-05 00:00:00+00:00, run_after=2024-11-06 00:00:00+00:00
[2024-11-06T07:10:43.762+0000] {processor.py:183} INFO - Processing /home/airflow/.local/lib/python3.8/site-packages/airflow/example_dags/example_short_circuit_operator.py took 0.096 seconds
[2024-11-06T07:11:14.390+0000] {processor.py:161} INFO - Started process (PID=1304) to work on /home/airflow/.local/lib/python3.8/site-packages/airflow/example_dags/example_short_circuit_operator.py
[2024-11-06T07:11:14.391+0000] {processor.py:830} INFO - Processing file /home/airflow/.local/lib/python3.8/site-packages/airflow/example_dags/example_short_circuit_operator.py for tasks to queue
[2024-11-06T07:11:14.393+0000] {logging_mixin.py:188} INFO - [2024-11-06T07:11:14.393+0000] {dagbag.py:538} INFO - Filling up the DagBag from /home/airflow/.local/lib/python3.8/site-packages/airflow/example_dags/example_short_circuit_operator.py
[2024-11-06T07:11:14.402+0000] {processor.py:840} INFO - DAG(s) 'example_short_circuit_operator' retrieved from /home/airflow/.local/lib/python3.8/site-packages/airflow/example_dags/example_short_circuit_operator.py
[2024-11-06T07:11:14.430+0000] {logging_mixin.py:188} INFO - [2024-11-06T07:11:14.429+0000] {dag.py:3036} INFO - Sync 1 DAGs
[2024-11-06T07:11:14.455+0000] {logging_mixin.py:188} INFO - [2024-11-06T07:11:14.455+0000] {dag.py:3823} INFO - Setting next_dagrun for example_short_circuit_operator to 2024-11-05 00:00:00+00:00, run_after=2024-11-06 00:00:00+00:00
[2024-11-06T07:11:14.475+0000] {processor.py:183} INFO - Processing /home/airflow/.local/lib/python3.8/site-packages/airflow/example_dags/example_short_circuit_operator.py took 0.088 seconds
[2024-11-06T07:11:44.615+0000] {processor.py:161} INFO - Started process (PID=1361) to work on /home/airflow/.local/lib/python3.8/site-packages/airflow/example_dags/example_short_circuit_operator.py
[2024-11-06T07:11:44.616+0000] {processor.py:830} INFO - Processing file /home/airflow/.local/lib/python3.8/site-packages/airflow/example_dags/example_short_circuit_operator.py for tasks to queue
[2024-11-06T07:11:44.618+0000] {logging_mixin.py:188} INFO - [2024-11-06T07:11:44.617+0000] {dagbag.py:538} INFO - Filling up the DagBag from /home/airflow/.local/lib/python3.8/site-packages/airflow/example_dags/example_short_circuit_operator.py
[2024-11-06T07:11:44.627+0000] {processor.py:840} INFO - DAG(s) 'example_short_circuit_operator' retrieved from /home/airflow/.local/lib/python3.8/site-packages/airflow/example_dags/example_short_circuit_operator.py
[2024-11-06T07:11:44.654+0000] {logging_mixin.py:188} INFO - [2024-11-06T07:11:44.653+0000] {dag.py:3036} INFO - Sync 1 DAGs
[2024-11-06T07:11:44.682+0000] {logging_mixin.py:188} INFO - [2024-11-06T07:11:44.682+0000] {dag.py:3823} INFO - Setting next_dagrun for example_short_circuit_operator to 2024-11-05 00:00:00+00:00, run_after=2024-11-06 00:00:00+00:00
[2024-11-06T07:11:44.705+0000] {processor.py:183} INFO - Processing /home/airflow/.local/lib/python3.8/site-packages/airflow/example_dags/example_short_circuit_operator.py took 0.095 seconds
[2024-11-06T07:12:15.425+0000] {processor.py:161} INFO - Started process (PID=1418) to work on /home/airflow/.local/lib/python3.8/site-packages/airflow/example_dags/example_short_circuit_operator.py
[2024-11-06T07:12:15.445+0000] {processor.py:830} INFO - Processing file /home/airflow/.local/lib/python3.8/site-packages/airflow/example_dags/example_short_circuit_operator.py for tasks to queue
[2024-11-06T07:12:15.447+0000] {logging_mixin.py:188} INFO - [2024-11-06T07:12:15.447+0000] {dagbag.py:538} INFO - Filling up the DagBag from /home/airflow/.local/lib/python3.8/site-packages/airflow/example_dags/example_short_circuit_operator.py
[2024-11-06T07:12:15.462+0000] {processor.py:840} INFO - DAG(s) 'example_short_circuit_operator' retrieved from /home/airflow/.local/lib/python3.8/site-packages/airflow/example_dags/example_short_circuit_operator.py
[2024-11-06T07:12:15.561+0000] {logging_mixin.py:188} INFO - [2024-11-06T07:12:15.561+0000] {dag.py:3036} INFO - Sync 1 DAGs
[2024-11-06T07:12:15.639+0000] {logging_mixin.py:188} INFO - [2024-11-06T07:12:15.639+0000] {dag.py:3823} INFO - Setting next_dagrun for example_short_circuit_operator to 2024-11-05 00:00:00+00:00, run_after=2024-11-06 00:00:00+00:00
[2024-11-06T07:12:15.696+0000] {processor.py:183} INFO - Processing /home/airflow/.local/lib/python3.8/site-packages/airflow/example_dags/example_short_circuit_operator.py took 0.274 seconds
[2024-11-06T07:14:06.152+0000] {processor.py:161} INFO - Started process (PID=90) to work on /home/airflow/.local/lib/python3.8/site-packages/airflow/example_dags/example_short_circuit_operator.py
[2024-11-06T07:14:06.155+0000] {processor.py:830} INFO - Processing file /home/airflow/.local/lib/python3.8/site-packages/airflow/example_dags/example_short_circuit_operator.py for tasks to queue
[2024-11-06T07:14:06.159+0000] {logging_mixin.py:188} INFO - [2024-11-06T07:14:06.158+0000] {dagbag.py:538} INFO - Filling up the DagBag from /home/airflow/.local/lib/python3.8/site-packages/airflow/example_dags/example_short_circuit_operator.py
[2024-11-06T07:14:06.178+0000] {processor.py:840} INFO - DAG(s) 'example_short_circuit_operator' retrieved from /home/airflow/.local/lib/python3.8/site-packages/airflow/example_dags/example_short_circuit_operator.py
[2024-11-06T07:14:06.758+0000] {logging_mixin.py:188} INFO - [2024-11-06T07:14:06.757+0000] {dag.py:3036} INFO - Sync 1 DAGs
[2024-11-06T07:14:06.830+0000] {logging_mixin.py:188} INFO - [2024-11-06T07:14:06.829+0000] {dag.py:3823} INFO - Setting next_dagrun for example_short_circuit_operator to 2024-11-05 00:00:00+00:00, run_after=2024-11-06 00:00:00+00:00
[2024-11-06T07:14:07.125+0000] {processor.py:183} INFO - Processing /home/airflow/.local/lib/python3.8/site-packages/airflow/example_dags/example_short_circuit_operator.py took 0.978 seconds
[2024-11-06T07:14:37.208+0000] {processor.py:161} INFO - Started process (PID=147) to work on /home/airflow/.local/lib/python3.8/site-packages/airflow/example_dags/example_short_circuit_operator.py
[2024-11-06T07:14:37.209+0000] {processor.py:830} INFO - Processing file /home/airflow/.local/lib/python3.8/site-packages/airflow/example_dags/example_short_circuit_operator.py for tasks to queue
[2024-11-06T07:14:37.211+0000] {logging_mixin.py:188} INFO - [2024-11-06T07:14:37.211+0000] {dagbag.py:538} INFO - Filling up the DagBag from /home/airflow/.local/lib/python3.8/site-packages/airflow/example_dags/example_short_circuit_operator.py
[2024-11-06T07:14:37.220+0000] {processor.py:840} INFO - DAG(s) 'example_short_circuit_operator' retrieved from /home/airflow/.local/lib/python3.8/site-packages/airflow/example_dags/example_short_circuit_operator.py
[2024-11-06T07:14:37.253+0000] {logging_mixin.py:188} INFO - [2024-11-06T07:14:37.253+0000] {dag.py:3036} INFO - Sync 1 DAGs
[2024-11-06T07:14:37.278+0000] {logging_mixin.py:188} INFO - [2024-11-06T07:14:37.278+0000] {dag.py:3823} INFO - Setting next_dagrun for example_short_circuit_operator to 2024-11-05 00:00:00+00:00, run_after=2024-11-06 00:00:00+00:00
[2024-11-06T07:14:37.307+0000] {processor.py:183} INFO - Processing /home/airflow/.local/lib/python3.8/site-packages/airflow/example_dags/example_short_circuit_operator.py took 0.102 seconds
[2024-11-06T07:15:08.119+0000] {processor.py:161} INFO - Started process (PID=204) to work on /home/airflow/.local/lib/python3.8/site-packages/airflow/example_dags/example_short_circuit_operator.py
[2024-11-06T07:15:08.120+0000] {processor.py:830} INFO - Processing file /home/airflow/.local/lib/python3.8/site-packages/airflow/example_dags/example_short_circuit_operator.py for tasks to queue
[2024-11-06T07:15:08.121+0000] {logging_mixin.py:188} INFO - [2024-11-06T07:15:08.121+0000] {dagbag.py:538} INFO - Filling up the DagBag from /home/airflow/.local/lib/python3.8/site-packages/airflow/example_dags/example_short_circuit_operator.py
[2024-11-06T07:15:08.129+0000] {processor.py:840} INFO - DAG(s) 'example_short_circuit_operator' retrieved from /home/airflow/.local/lib/python3.8/site-packages/airflow/example_dags/example_short_circuit_operator.py
[2024-11-06T07:15:08.148+0000] {logging_mixin.py:188} INFO - [2024-11-06T07:15:08.147+0000] {dag.py:3036} INFO - Sync 1 DAGs
[2024-11-06T07:15:08.164+0000] {logging_mixin.py:188} INFO - [2024-11-06T07:15:08.164+0000] {dag.py:3823} INFO - Setting next_dagrun for example_short_circuit_operator to 2024-11-05 00:00:00+00:00, run_after=2024-11-06 00:00:00+00:00
[2024-11-06T07:15:08.183+0000] {processor.py:183} INFO - Processing /home/airflow/.local/lib/python3.8/site-packages/airflow/example_dags/example_short_circuit_operator.py took 0.067 seconds
