[2024-11-06T07:00:22.649+0000] {processor.py:161} INFO - Started process (PID=67) to work on /home/airflow/.local/lib/python3.8/site-packages/airflow/example_dags/example_skip_dag.py
[2024-11-06T07:00:22.650+0000] {processor.py:830} INFO - Processing file /home/airflow/.local/lib/python3.8/site-packages/airflow/example_dags/example_skip_dag.py for tasks to queue
[2024-11-06T07:00:22.653+0000] {logging_mixin.py:188} INFO - [2024-11-06T07:00:22.653+0000] {dagbag.py:538} INFO - Filling up the DagBag from /home/airflow/.local/lib/python3.8/site-packages/airflow/example_dags/example_skip_dag.py
[2024-11-06T07:00:22.672+0000] {processor.py:840} INFO - DAG(s) 'example_skip_dag' retrieved from /home/airflow/.local/lib/python3.8/site-packages/airflow/example_dags/example_skip_dag.py
[2024-11-06T07:00:23.049+0000] {logging_mixin.py:188} INFO - [2024-11-06T07:00:23.048+0000] {dag.py:3036} INFO - Sync 1 DAGs
[2024-11-06T07:00:23.130+0000] {logging_mixin.py:188} INFO - [2024-11-06T07:00:23.129+0000] {dag.py:3823} INFO - Setting next_dagrun for example_skip_dag to 2024-11-05 00:00:00+00:00, run_after=2024-11-06 00:00:00+00:00
[2024-11-06T07:00:23.193+0000] {processor.py:183} INFO - Processing /home/airflow/.local/lib/python3.8/site-packages/airflow/example_dags/example_skip_dag.py took 0.551 seconds
[2024-11-06T07:00:53.407+0000] {processor.py:161} INFO - Started process (PID=124) to work on /home/airflow/.local/lib/python3.8/site-packages/airflow/example_dags/example_skip_dag.py
[2024-11-06T07:00:53.407+0000] {processor.py:830} INFO - Processing file /home/airflow/.local/lib/python3.8/site-packages/airflow/example_dags/example_skip_dag.py for tasks to queue
[2024-11-06T07:00:53.409+0000] {logging_mixin.py:188} INFO - [2024-11-06T07:00:53.409+0000] {dagbag.py:538} INFO - Filling up the DagBag from /home/airflow/.local/lib/python3.8/site-packages/airflow/example_dags/example_skip_dag.py
[2024-11-06T07:00:53.416+0000] {processor.py:840} INFO - DAG(s) 'example_skip_dag' retrieved from /home/airflow/.local/lib/python3.8/site-packages/airflow/example_dags/example_skip_dag.py
[2024-11-06T07:00:53.435+0000] {logging_mixin.py:188} INFO - [2024-11-06T07:00:53.435+0000] {dag.py:3036} INFO - Sync 1 DAGs
[2024-11-06T07:00:53.458+0000] {logging_mixin.py:188} INFO - [2024-11-06T07:00:53.458+0000] {dag.py:3823} INFO - Setting next_dagrun for example_skip_dag to 2024-11-05 00:00:00+00:00, run_after=2024-11-06 00:00:00+00:00
[2024-11-06T07:00:53.482+0000] {processor.py:183} INFO - Processing /home/airflow/.local/lib/python3.8/site-packages/airflow/example_dags/example_skip_dag.py took 0.079 seconds
[2024-11-06T07:01:23.775+0000] {processor.py:161} INFO - Started process (PID=182) to work on /home/airflow/.local/lib/python3.8/site-packages/airflow/example_dags/example_skip_dag.py
[2024-11-06T07:01:23.783+0000] {processor.py:830} INFO - Processing file /home/airflow/.local/lib/python3.8/site-packages/airflow/example_dags/example_skip_dag.py for tasks to queue
[2024-11-06T07:01:23.785+0000] {logging_mixin.py:188} INFO - [2024-11-06T07:01:23.785+0000] {dagbag.py:538} INFO - Filling up the DagBag from /home/airflow/.local/lib/python3.8/site-packages/airflow/example_dags/example_skip_dag.py
[2024-11-06T07:01:23.832+0000] {processor.py:840} INFO - DAG(s) 'example_skip_dag' retrieved from /home/airflow/.local/lib/python3.8/site-packages/airflow/example_dags/example_skip_dag.py
[2024-11-06T07:01:23.914+0000] {logging_mixin.py:188} INFO - [2024-11-06T07:01:23.913+0000] {dag.py:3036} INFO - Sync 1 DAGs
[2024-11-06T07:01:23.954+0000] {logging_mixin.py:188} INFO - [2024-11-06T07:01:23.953+0000] {dag.py:3823} INFO - Setting next_dagrun for example_skip_dag to 2024-11-05 00:00:00+00:00, run_after=2024-11-06 00:00:00+00:00
[2024-11-06T07:01:23.988+0000] {processor.py:183} INFO - Processing /home/airflow/.local/lib/python3.8/site-packages/airflow/example_dags/example_skip_dag.py took 0.234 seconds
[2024-11-06T07:01:54.078+0000] {processor.py:161} INFO - Started process (PID=240) to work on /home/airflow/.local/lib/python3.8/site-packages/airflow/example_dags/example_skip_dag.py
[2024-11-06T07:01:54.079+0000] {processor.py:830} INFO - Processing file /home/airflow/.local/lib/python3.8/site-packages/airflow/example_dags/example_skip_dag.py for tasks to queue
[2024-11-06T07:01:54.081+0000] {logging_mixin.py:188} INFO - [2024-11-06T07:01:54.080+0000] {dagbag.py:538} INFO - Filling up the DagBag from /home/airflow/.local/lib/python3.8/site-packages/airflow/example_dags/example_skip_dag.py
[2024-11-06T07:01:54.088+0000] {processor.py:840} INFO - DAG(s) 'example_skip_dag' retrieved from /home/airflow/.local/lib/python3.8/site-packages/airflow/example_dags/example_skip_dag.py
[2024-11-06T07:01:54.113+0000] {logging_mixin.py:188} INFO - [2024-11-06T07:01:54.113+0000] {dag.py:3036} INFO - Sync 1 DAGs
[2024-11-06T07:01:54.136+0000] {logging_mixin.py:188} INFO - [2024-11-06T07:01:54.136+0000] {dag.py:3823} INFO - Setting next_dagrun for example_skip_dag to 2024-11-05 00:00:00+00:00, run_after=2024-11-06 00:00:00+00:00
[2024-11-06T07:01:54.160+0000] {processor.py:183} INFO - Processing /home/airflow/.local/lib/python3.8/site-packages/airflow/example_dags/example_skip_dag.py took 0.086 seconds
[2024-11-06T07:02:24.566+0000] {processor.py:161} INFO - Started process (PID=297) to work on /home/airflow/.local/lib/python3.8/site-packages/airflow/example_dags/example_skip_dag.py
[2024-11-06T07:02:24.567+0000] {processor.py:830} INFO - Processing file /home/airflow/.local/lib/python3.8/site-packages/airflow/example_dags/example_skip_dag.py for tasks to queue
[2024-11-06T07:02:24.575+0000] {logging_mixin.py:188} INFO - [2024-11-06T07:02:24.575+0000] {dagbag.py:538} INFO - Filling up the DagBag from /home/airflow/.local/lib/python3.8/site-packages/airflow/example_dags/example_skip_dag.py
[2024-11-06T07:02:24.587+0000] {processor.py:840} INFO - DAG(s) 'example_skip_dag' retrieved from /home/airflow/.local/lib/python3.8/site-packages/airflow/example_dags/example_skip_dag.py
[2024-11-06T07:02:24.638+0000] {logging_mixin.py:188} INFO - [2024-11-06T07:02:24.638+0000] {dag.py:3036} INFO - Sync 1 DAGs
[2024-11-06T07:02:24.709+0000] {logging_mixin.py:188} INFO - [2024-11-06T07:02:24.708+0000] {dag.py:3823} INFO - Setting next_dagrun for example_skip_dag to 2024-11-05 00:00:00+00:00, run_after=2024-11-06 00:00:00+00:00
[2024-11-06T07:02:24.759+0000] {processor.py:183} INFO - Processing /home/airflow/.local/lib/python3.8/site-packages/airflow/example_dags/example_skip_dag.py took 0.212 seconds
[2024-11-06T07:02:55.648+0000] {processor.py:161} INFO - Started process (PID=355) to work on /home/airflow/.local/lib/python3.8/site-packages/airflow/example_dags/example_skip_dag.py
[2024-11-06T07:02:55.650+0000] {processor.py:830} INFO - Processing file /home/airflow/.local/lib/python3.8/site-packages/airflow/example_dags/example_skip_dag.py for tasks to queue
[2024-11-06T07:02:55.652+0000] {logging_mixin.py:188} INFO - [2024-11-06T07:02:55.651+0000] {dagbag.py:538} INFO - Filling up the DagBag from /home/airflow/.local/lib/python3.8/site-packages/airflow/example_dags/example_skip_dag.py
[2024-11-06T07:02:55.659+0000] {processor.py:840} INFO - DAG(s) 'example_skip_dag' retrieved from /home/airflow/.local/lib/python3.8/site-packages/airflow/example_dags/example_skip_dag.py
[2024-11-06T07:02:55.684+0000] {logging_mixin.py:188} INFO - [2024-11-06T07:02:55.683+0000] {dag.py:3036} INFO - Sync 1 DAGs
[2024-11-06T07:02:55.709+0000] {logging_mixin.py:188} INFO - [2024-11-06T07:02:55.708+0000] {dag.py:3823} INFO - Setting next_dagrun for example_skip_dag to 2024-11-05 00:00:00+00:00, run_after=2024-11-06 00:00:00+00:00
[2024-11-06T07:02:55.733+0000] {processor.py:183} INFO - Processing /home/airflow/.local/lib/python3.8/site-packages/airflow/example_dags/example_skip_dag.py took 0.088 seconds
[2024-11-06T07:03:25.883+0000] {processor.py:161} INFO - Started process (PID=413) to work on /home/airflow/.local/lib/python3.8/site-packages/airflow/example_dags/example_skip_dag.py
[2024-11-06T07:03:25.884+0000] {processor.py:830} INFO - Processing file /home/airflow/.local/lib/python3.8/site-packages/airflow/example_dags/example_skip_dag.py for tasks to queue
[2024-11-06T07:03:25.885+0000] {logging_mixin.py:188} INFO - [2024-11-06T07:03:25.885+0000] {dagbag.py:538} INFO - Filling up the DagBag from /home/airflow/.local/lib/python3.8/site-packages/airflow/example_dags/example_skip_dag.py
[2024-11-06T07:03:25.890+0000] {processor.py:840} INFO - DAG(s) 'example_skip_dag' retrieved from /home/airflow/.local/lib/python3.8/site-packages/airflow/example_dags/example_skip_dag.py
[2024-11-06T07:03:25.907+0000] {logging_mixin.py:188} INFO - [2024-11-06T07:03:25.907+0000] {dag.py:3036} INFO - Sync 1 DAGs
[2024-11-06T07:03:25.923+0000] {logging_mixin.py:188} INFO - [2024-11-06T07:03:25.923+0000] {dag.py:3823} INFO - Setting next_dagrun for example_skip_dag to 2024-11-05 00:00:00+00:00, run_after=2024-11-06 00:00:00+00:00
[2024-11-06T07:03:25.952+0000] {processor.py:183} INFO - Processing /home/airflow/.local/lib/python3.8/site-packages/airflow/example_dags/example_skip_dag.py took 0.071 seconds
[2024-11-06T07:03:56.195+0000] {processor.py:161} INFO - Started process (PID=470) to work on /home/airflow/.local/lib/python3.8/site-packages/airflow/example_dags/example_skip_dag.py
[2024-11-06T07:03:56.196+0000] {processor.py:830} INFO - Processing file /home/airflow/.local/lib/python3.8/site-packages/airflow/example_dags/example_skip_dag.py for tasks to queue
[2024-11-06T07:03:56.197+0000] {logging_mixin.py:188} INFO - [2024-11-06T07:03:56.197+0000] {dagbag.py:538} INFO - Filling up the DagBag from /home/airflow/.local/lib/python3.8/site-packages/airflow/example_dags/example_skip_dag.py
[2024-11-06T07:03:56.202+0000] {processor.py:840} INFO - DAG(s) 'example_skip_dag' retrieved from /home/airflow/.local/lib/python3.8/site-packages/airflow/example_dags/example_skip_dag.py
[2024-11-06T07:03:56.218+0000] {logging_mixin.py:188} INFO - [2024-11-06T07:03:56.218+0000] {dag.py:3036} INFO - Sync 1 DAGs
[2024-11-06T07:03:56.235+0000] {logging_mixin.py:188} INFO - [2024-11-06T07:03:56.235+0000] {dag.py:3823} INFO - Setting next_dagrun for example_skip_dag to 2024-11-05 00:00:00+00:00, run_after=2024-11-06 00:00:00+00:00
[2024-11-06T07:03:56.259+0000] {processor.py:183} INFO - Processing /home/airflow/.local/lib/python3.8/site-packages/airflow/example_dags/example_skip_dag.py took 0.067 seconds
[2024-11-06T07:04:26.341+0000] {processor.py:161} INFO - Started process (PID=528) to work on /home/airflow/.local/lib/python3.8/site-packages/airflow/example_dags/example_skip_dag.py
[2024-11-06T07:04:26.342+0000] {processor.py:830} INFO - Processing file /home/airflow/.local/lib/python3.8/site-packages/airflow/example_dags/example_skip_dag.py for tasks to queue
[2024-11-06T07:04:26.343+0000] {logging_mixin.py:188} INFO - [2024-11-06T07:04:26.343+0000] {dagbag.py:538} INFO - Filling up the DagBag from /home/airflow/.local/lib/python3.8/site-packages/airflow/example_dags/example_skip_dag.py
[2024-11-06T07:04:26.353+0000] {processor.py:840} INFO - DAG(s) 'example_skip_dag' retrieved from /home/airflow/.local/lib/python3.8/site-packages/airflow/example_dags/example_skip_dag.py
[2024-11-06T07:04:26.376+0000] {logging_mixin.py:188} INFO - [2024-11-06T07:04:26.376+0000] {dag.py:3036} INFO - Sync 1 DAGs
[2024-11-06T07:04:26.393+0000] {logging_mixin.py:188} INFO - [2024-11-06T07:04:26.393+0000] {dag.py:3823} INFO - Setting next_dagrun for example_skip_dag to 2024-11-05 00:00:00+00:00, run_after=2024-11-06 00:00:00+00:00
[2024-11-06T07:04:26.415+0000] {processor.py:183} INFO - Processing /home/airflow/.local/lib/python3.8/site-packages/airflow/example_dags/example_skip_dag.py took 0.083 seconds
[2024-11-06T07:04:56.922+0000] {processor.py:161} INFO - Started process (PID=585) to work on /home/airflow/.local/lib/python3.8/site-packages/airflow/example_dags/example_skip_dag.py
[2024-11-06T07:04:56.923+0000] {processor.py:830} INFO - Processing file /home/airflow/.local/lib/python3.8/site-packages/airflow/example_dags/example_skip_dag.py for tasks to queue
[2024-11-06T07:04:56.925+0000] {logging_mixin.py:188} INFO - [2024-11-06T07:04:56.924+0000] {dagbag.py:538} INFO - Filling up the DagBag from /home/airflow/.local/lib/python3.8/site-packages/airflow/example_dags/example_skip_dag.py
[2024-11-06T07:04:56.932+0000] {processor.py:840} INFO - DAG(s) 'example_skip_dag' retrieved from /home/airflow/.local/lib/python3.8/site-packages/airflow/example_dags/example_skip_dag.py
[2024-11-06T07:04:56.949+0000] {logging_mixin.py:188} INFO - [2024-11-06T07:04:56.949+0000] {dag.py:3036} INFO - Sync 1 DAGs
[2024-11-06T07:04:56.965+0000] {logging_mixin.py:188} INFO - [2024-11-06T07:04:56.965+0000] {dag.py:3823} INFO - Setting next_dagrun for example_skip_dag to 2024-11-05 00:00:00+00:00, run_after=2024-11-06 00:00:00+00:00
[2024-11-06T07:04:56.984+0000] {processor.py:183} INFO - Processing /home/airflow/.local/lib/python3.8/site-packages/airflow/example_dags/example_skip_dag.py took 0.065 seconds
[2024-11-06T07:05:27.842+0000] {processor.py:161} INFO - Started process (PID=642) to work on /home/airflow/.local/lib/python3.8/site-packages/airflow/example_dags/example_skip_dag.py
[2024-11-06T07:05:27.843+0000] {processor.py:830} INFO - Processing file /home/airflow/.local/lib/python3.8/site-packages/airflow/example_dags/example_skip_dag.py for tasks to queue
[2024-11-06T07:05:27.845+0000] {logging_mixin.py:188} INFO - [2024-11-06T07:05:27.845+0000] {dagbag.py:538} INFO - Filling up the DagBag from /home/airflow/.local/lib/python3.8/site-packages/airflow/example_dags/example_skip_dag.py
[2024-11-06T07:05:27.852+0000] {processor.py:840} INFO - DAG(s) 'example_skip_dag' retrieved from /home/airflow/.local/lib/python3.8/site-packages/airflow/example_dags/example_skip_dag.py
[2024-11-06T07:05:27.877+0000] {logging_mixin.py:188} INFO - [2024-11-06T07:05:27.876+0000] {dag.py:3036} INFO - Sync 1 DAGs
[2024-11-06T07:05:27.903+0000] {logging_mixin.py:188} INFO - [2024-11-06T07:05:27.902+0000] {dag.py:3823} INFO - Setting next_dagrun for example_skip_dag to 2024-11-05 00:00:00+00:00, run_after=2024-11-06 00:00:00+00:00
[2024-11-06T07:05:27.932+0000] {processor.py:183} INFO - Processing /home/airflow/.local/lib/python3.8/site-packages/airflow/example_dags/example_skip_dag.py took 0.094 seconds
[2024-11-06T07:05:58.491+0000] {processor.py:161} INFO - Started process (PID=699) to work on /home/airflow/.local/lib/python3.8/site-packages/airflow/example_dags/example_skip_dag.py
[2024-11-06T07:05:58.491+0000] {processor.py:830} INFO - Processing file /home/airflow/.local/lib/python3.8/site-packages/airflow/example_dags/example_skip_dag.py for tasks to queue
[2024-11-06T07:05:58.493+0000] {logging_mixin.py:188} INFO - [2024-11-06T07:05:58.492+0000] {dagbag.py:538} INFO - Filling up the DagBag from /home/airflow/.local/lib/python3.8/site-packages/airflow/example_dags/example_skip_dag.py
[2024-11-06T07:05:58.498+0000] {processor.py:840} INFO - DAG(s) 'example_skip_dag' retrieved from /home/airflow/.local/lib/python3.8/site-packages/airflow/example_dags/example_skip_dag.py
[2024-11-06T07:05:58.515+0000] {logging_mixin.py:188} INFO - [2024-11-06T07:05:58.515+0000] {dag.py:3036} INFO - Sync 1 DAGs
[2024-11-06T07:05:58.532+0000] {logging_mixin.py:188} INFO - [2024-11-06T07:05:58.532+0000] {dag.py:3823} INFO - Setting next_dagrun for example_skip_dag to 2024-11-05 00:00:00+00:00, run_after=2024-11-06 00:00:00+00:00
[2024-11-06T07:05:58.555+0000] {processor.py:183} INFO - Processing /home/airflow/.local/lib/python3.8/site-packages/airflow/example_dags/example_skip_dag.py took 0.067 seconds
[2024-11-06T07:06:29.107+0000] {processor.py:161} INFO - Started process (PID=756) to work on /home/airflow/.local/lib/python3.8/site-packages/airflow/example_dags/example_skip_dag.py
[2024-11-06T07:06:29.108+0000] {processor.py:830} INFO - Processing file /home/airflow/.local/lib/python3.8/site-packages/airflow/example_dags/example_skip_dag.py for tasks to queue
[2024-11-06T07:06:29.110+0000] {logging_mixin.py:188} INFO - [2024-11-06T07:06:29.110+0000] {dagbag.py:538} INFO - Filling up the DagBag from /home/airflow/.local/lib/python3.8/site-packages/airflow/example_dags/example_skip_dag.py
[2024-11-06T07:06:29.115+0000] {processor.py:840} INFO - DAG(s) 'example_skip_dag' retrieved from /home/airflow/.local/lib/python3.8/site-packages/airflow/example_dags/example_skip_dag.py
[2024-11-06T07:06:29.132+0000] {logging_mixin.py:188} INFO - [2024-11-06T07:06:29.132+0000] {dag.py:3036} INFO - Sync 1 DAGs
[2024-11-06T07:06:29.149+0000] {logging_mixin.py:188} INFO - [2024-11-06T07:06:29.149+0000] {dag.py:3823} INFO - Setting next_dagrun for example_skip_dag to 2024-11-05 00:00:00+00:00, run_after=2024-11-06 00:00:00+00:00
[2024-11-06T07:06:29.171+0000] {processor.py:183} INFO - Processing /home/airflow/.local/lib/python3.8/site-packages/airflow/example_dags/example_skip_dag.py took 0.067 seconds
[2024-11-06T07:06:59.741+0000] {processor.py:161} INFO - Started process (PID=814) to work on /home/airflow/.local/lib/python3.8/site-packages/airflow/example_dags/example_skip_dag.py
[2024-11-06T07:06:59.742+0000] {processor.py:830} INFO - Processing file /home/airflow/.local/lib/python3.8/site-packages/airflow/example_dags/example_skip_dag.py for tasks to queue
[2024-11-06T07:06:59.743+0000] {logging_mixin.py:188} INFO - [2024-11-06T07:06:59.743+0000] {dagbag.py:538} INFO - Filling up the DagBag from /home/airflow/.local/lib/python3.8/site-packages/airflow/example_dags/example_skip_dag.py
[2024-11-06T07:06:59.749+0000] {processor.py:840} INFO - DAG(s) 'example_skip_dag' retrieved from /home/airflow/.local/lib/python3.8/site-packages/airflow/example_dags/example_skip_dag.py
[2024-11-06T07:06:59.770+0000] {logging_mixin.py:188} INFO - [2024-11-06T07:06:59.770+0000] {dag.py:3036} INFO - Sync 1 DAGs
[2024-11-06T07:06:59.787+0000] {logging_mixin.py:188} INFO - [2024-11-06T07:06:59.787+0000] {dag.py:3823} INFO - Setting next_dagrun for example_skip_dag to 2024-11-05 00:00:00+00:00, run_after=2024-11-06 00:00:00+00:00
[2024-11-06T07:06:59.805+0000] {processor.py:183} INFO - Processing /home/airflow/.local/lib/python3.8/site-packages/airflow/example_dags/example_skip_dag.py took 0.067 seconds
[2024-11-06T07:07:30.491+0000] {processor.py:161} INFO - Started process (PID=871) to work on /home/airflow/.local/lib/python3.8/site-packages/airflow/example_dags/example_skip_dag.py
[2024-11-06T07:07:30.492+0000] {processor.py:830} INFO - Processing file /home/airflow/.local/lib/python3.8/site-packages/airflow/example_dags/example_skip_dag.py for tasks to queue
[2024-11-06T07:07:30.493+0000] {logging_mixin.py:188} INFO - [2024-11-06T07:07:30.493+0000] {dagbag.py:538} INFO - Filling up the DagBag from /home/airflow/.local/lib/python3.8/site-packages/airflow/example_dags/example_skip_dag.py
[2024-11-06T07:07:30.498+0000] {processor.py:840} INFO - DAG(s) 'example_skip_dag' retrieved from /home/airflow/.local/lib/python3.8/site-packages/airflow/example_dags/example_skip_dag.py
[2024-11-06T07:07:30.516+0000] {logging_mixin.py:188} INFO - [2024-11-06T07:07:30.516+0000] {dag.py:3036} INFO - Sync 1 DAGs
[2024-11-06T07:07:30.533+0000] {logging_mixin.py:188} INFO - [2024-11-06T07:07:30.532+0000] {dag.py:3823} INFO - Setting next_dagrun for example_skip_dag to 2024-11-05 00:00:00+00:00, run_after=2024-11-06 00:00:00+00:00
[2024-11-06T07:07:30.551+0000] {processor.py:183} INFO - Processing /home/airflow/.local/lib/python3.8/site-packages/airflow/example_dags/example_skip_dag.py took 0.063 seconds
[2024-11-06T07:08:00.777+0000] {processor.py:161} INFO - Started process (PID=929) to work on /home/airflow/.local/lib/python3.8/site-packages/airflow/example_dags/example_skip_dag.py
[2024-11-06T07:08:00.778+0000] {processor.py:830} INFO - Processing file /home/airflow/.local/lib/python3.8/site-packages/airflow/example_dags/example_skip_dag.py for tasks to queue
[2024-11-06T07:08:00.779+0000] {logging_mixin.py:188} INFO - [2024-11-06T07:08:00.779+0000] {dagbag.py:538} INFO - Filling up the DagBag from /home/airflow/.local/lib/python3.8/site-packages/airflow/example_dags/example_skip_dag.py
[2024-11-06T07:08:00.784+0000] {processor.py:840} INFO - DAG(s) 'example_skip_dag' retrieved from /home/airflow/.local/lib/python3.8/site-packages/airflow/example_dags/example_skip_dag.py
[2024-11-06T07:08:00.800+0000] {logging_mixin.py:188} INFO - [2024-11-06T07:08:00.800+0000] {dag.py:3036} INFO - Sync 1 DAGs
[2024-11-06T07:08:00.817+0000] {logging_mixin.py:188} INFO - [2024-11-06T07:08:00.817+0000] {dag.py:3823} INFO - Setting next_dagrun for example_skip_dag to 2024-11-05 00:00:00+00:00, run_after=2024-11-06 00:00:00+00:00
[2024-11-06T07:08:00.835+0000] {processor.py:183} INFO - Processing /home/airflow/.local/lib/python3.8/site-packages/airflow/example_dags/example_skip_dag.py took 0.061 seconds
[2024-11-06T07:08:31.039+0000] {processor.py:161} INFO - Started process (PID=987) to work on /home/airflow/.local/lib/python3.8/site-packages/airflow/example_dags/example_skip_dag.py
[2024-11-06T07:08:31.039+0000] {processor.py:830} INFO - Processing file /home/airflow/.local/lib/python3.8/site-packages/airflow/example_dags/example_skip_dag.py for tasks to queue
[2024-11-06T07:08:31.041+0000] {logging_mixin.py:188} INFO - [2024-11-06T07:08:31.040+0000] {dagbag.py:538} INFO - Filling up the DagBag from /home/airflow/.local/lib/python3.8/site-packages/airflow/example_dags/example_skip_dag.py
[2024-11-06T07:08:31.046+0000] {processor.py:840} INFO - DAG(s) 'example_skip_dag' retrieved from /home/airflow/.local/lib/python3.8/site-packages/airflow/example_dags/example_skip_dag.py
[2024-11-06T07:08:31.062+0000] {logging_mixin.py:188} INFO - [2024-11-06T07:08:31.062+0000] {dag.py:3036} INFO - Sync 1 DAGs
[2024-11-06T07:08:31.079+0000] {logging_mixin.py:188} INFO - [2024-11-06T07:08:31.079+0000] {dag.py:3823} INFO - Setting next_dagrun for example_skip_dag to 2024-11-05 00:00:00+00:00, run_after=2024-11-06 00:00:00+00:00
[2024-11-06T07:08:31.106+0000] {processor.py:183} INFO - Processing /home/airflow/.local/lib/python3.8/site-packages/airflow/example_dags/example_skip_dag.py took 0.069 seconds
[2024-11-06T07:09:01.588+0000] {processor.py:161} INFO - Started process (PID=1044) to work on /home/airflow/.local/lib/python3.8/site-packages/airflow/example_dags/example_skip_dag.py
[2024-11-06T07:09:01.596+0000] {processor.py:830} INFO - Processing file /home/airflow/.local/lib/python3.8/site-packages/airflow/example_dags/example_skip_dag.py for tasks to queue
[2024-11-06T07:09:01.598+0000] {logging_mixin.py:188} INFO - [2024-11-06T07:09:01.598+0000] {dagbag.py:538} INFO - Filling up the DagBag from /home/airflow/.local/lib/python3.8/site-packages/airflow/example_dags/example_skip_dag.py
[2024-11-06T07:09:01.608+0000] {processor.py:840} INFO - DAG(s) 'example_skip_dag' retrieved from /home/airflow/.local/lib/python3.8/site-packages/airflow/example_dags/example_skip_dag.py
[2024-11-06T07:09:01.653+0000] {logging_mixin.py:188} INFO - [2024-11-06T07:09:01.653+0000] {dag.py:3036} INFO - Sync 1 DAGs
[2024-11-06T07:09:01.674+0000] {logging_mixin.py:188} INFO - [2024-11-06T07:09:01.673+0000] {dag.py:3823} INFO - Setting next_dagrun for example_skip_dag to 2024-11-05 00:00:00+00:00, run_after=2024-11-06 00:00:00+00:00
[2024-11-06T07:09:01.703+0000] {processor.py:183} INFO - Processing /home/airflow/.local/lib/python3.8/site-packages/airflow/example_dags/example_skip_dag.py took 0.120 seconds
[2024-11-06T07:09:32.328+0000] {processor.py:161} INFO - Started process (PID=1102) to work on /home/airflow/.local/lib/python3.8/site-packages/airflow/example_dags/example_skip_dag.py
[2024-11-06T07:09:32.329+0000] {processor.py:830} INFO - Processing file /home/airflow/.local/lib/python3.8/site-packages/airflow/example_dags/example_skip_dag.py for tasks to queue
[2024-11-06T07:09:32.333+0000] {logging_mixin.py:188} INFO - [2024-11-06T07:09:32.333+0000] {dagbag.py:538} INFO - Filling up the DagBag from /home/airflow/.local/lib/python3.8/site-packages/airflow/example_dags/example_skip_dag.py
[2024-11-06T07:09:32.360+0000] {processor.py:840} INFO - DAG(s) 'example_skip_dag' retrieved from /home/airflow/.local/lib/python3.8/site-packages/airflow/example_dags/example_skip_dag.py
[2024-11-06T07:09:32.414+0000] {logging_mixin.py:188} INFO - [2024-11-06T07:09:32.414+0000] {dag.py:3036} INFO - Sync 1 DAGs
[2024-11-06T07:09:32.443+0000] {logging_mixin.py:188} INFO - [2024-11-06T07:09:32.442+0000] {dag.py:3823} INFO - Setting next_dagrun for example_skip_dag to 2024-11-05 00:00:00+00:00, run_after=2024-11-06 00:00:00+00:00
[2024-11-06T07:09:32.470+0000] {processor.py:183} INFO - Processing /home/airflow/.local/lib/python3.8/site-packages/airflow/example_dags/example_skip_dag.py took 0.146 seconds
[2024-11-06T07:10:02.639+0000] {processor.py:161} INFO - Started process (PID=1159) to work on /home/airflow/.local/lib/python3.8/site-packages/airflow/example_dags/example_skip_dag.py
[2024-11-06T07:10:02.640+0000] {processor.py:830} INFO - Processing file /home/airflow/.local/lib/python3.8/site-packages/airflow/example_dags/example_skip_dag.py for tasks to queue
[2024-11-06T07:10:02.643+0000] {logging_mixin.py:188} INFO - [2024-11-06T07:10:02.643+0000] {dagbag.py:538} INFO - Filling up the DagBag from /home/airflow/.local/lib/python3.8/site-packages/airflow/example_dags/example_skip_dag.py
[2024-11-06T07:10:02.651+0000] {processor.py:840} INFO - DAG(s) 'example_skip_dag' retrieved from /home/airflow/.local/lib/python3.8/site-packages/airflow/example_dags/example_skip_dag.py
[2024-11-06T07:10:02.671+0000] {logging_mixin.py:188} INFO - [2024-11-06T07:10:02.670+0000] {dag.py:3036} INFO - Sync 1 DAGs
[2024-11-06T07:10:02.693+0000] {logging_mixin.py:188} INFO - [2024-11-06T07:10:02.692+0000] {dag.py:3823} INFO - Setting next_dagrun for example_skip_dag to 2024-11-05 00:00:00+00:00, run_after=2024-11-06 00:00:00+00:00
[2024-11-06T07:10:02.716+0000] {processor.py:183} INFO - Processing /home/airflow/.local/lib/python3.8/site-packages/airflow/example_dags/example_skip_dag.py took 0.081 seconds
[2024-11-06T07:10:32.936+0000] {processor.py:161} INFO - Started process (PID=1216) to work on /home/airflow/.local/lib/python3.8/site-packages/airflow/example_dags/example_skip_dag.py
[2024-11-06T07:10:32.937+0000] {processor.py:830} INFO - Processing file /home/airflow/.local/lib/python3.8/site-packages/airflow/example_dags/example_skip_dag.py for tasks to queue
[2024-11-06T07:10:32.939+0000] {logging_mixin.py:188} INFO - [2024-11-06T07:10:32.939+0000] {dagbag.py:538} INFO - Filling up the DagBag from /home/airflow/.local/lib/python3.8/site-packages/airflow/example_dags/example_skip_dag.py
[2024-11-06T07:10:32.946+0000] {processor.py:840} INFO - DAG(s) 'example_skip_dag' retrieved from /home/airflow/.local/lib/python3.8/site-packages/airflow/example_dags/example_skip_dag.py
[2024-11-06T07:10:32.968+0000] {logging_mixin.py:188} INFO - [2024-11-06T07:10:32.968+0000] {dag.py:3036} INFO - Sync 1 DAGs
[2024-11-06T07:10:32.992+0000] {logging_mixin.py:188} INFO - [2024-11-06T07:10:32.992+0000] {dag.py:3823} INFO - Setting next_dagrun for example_skip_dag to 2024-11-05 00:00:00+00:00, run_after=2024-11-06 00:00:00+00:00
[2024-11-06T07:10:33.016+0000] {processor.py:183} INFO - Processing /home/airflow/.local/lib/python3.8/site-packages/airflow/example_dags/example_skip_dag.py took 0.085 seconds
[2024-11-06T07:11:03.350+0000] {processor.py:161} INFO - Started process (PID=1273) to work on /home/airflow/.local/lib/python3.8/site-packages/airflow/example_dags/example_skip_dag.py
[2024-11-06T07:11:03.351+0000] {processor.py:830} INFO - Processing file /home/airflow/.local/lib/python3.8/site-packages/airflow/example_dags/example_skip_dag.py for tasks to queue
[2024-11-06T07:11:03.353+0000] {logging_mixin.py:188} INFO - [2024-11-06T07:11:03.352+0000] {dagbag.py:538} INFO - Filling up the DagBag from /home/airflow/.local/lib/python3.8/site-packages/airflow/example_dags/example_skip_dag.py
[2024-11-06T07:11:03.361+0000] {processor.py:840} INFO - DAG(s) 'example_skip_dag' retrieved from /home/airflow/.local/lib/python3.8/site-packages/airflow/example_dags/example_skip_dag.py
[2024-11-06T07:11:03.390+0000] {logging_mixin.py:188} INFO - [2024-11-06T07:11:03.389+0000] {dag.py:3036} INFO - Sync 1 DAGs
[2024-11-06T07:11:03.429+0000] {logging_mixin.py:188} INFO - [2024-11-06T07:11:03.428+0000] {dag.py:3823} INFO - Setting next_dagrun for example_skip_dag to 2024-11-05 00:00:00+00:00, run_after=2024-11-06 00:00:00+00:00
[2024-11-06T07:11:03.456+0000] {processor.py:183} INFO - Processing /home/airflow/.local/lib/python3.8/site-packages/airflow/example_dags/example_skip_dag.py took 0.110 seconds
[2024-11-06T07:11:33.968+0000] {processor.py:161} INFO - Started process (PID=1330) to work on /home/airflow/.local/lib/python3.8/site-packages/airflow/example_dags/example_skip_dag.py
[2024-11-06T07:11:33.969+0000] {processor.py:830} INFO - Processing file /home/airflow/.local/lib/python3.8/site-packages/airflow/example_dags/example_skip_dag.py for tasks to queue
[2024-11-06T07:11:33.970+0000] {logging_mixin.py:188} INFO - [2024-11-06T07:11:33.970+0000] {dagbag.py:538} INFO - Filling up the DagBag from /home/airflow/.local/lib/python3.8/site-packages/airflow/example_dags/example_skip_dag.py
[2024-11-06T07:11:33.975+0000] {processor.py:840} INFO - DAG(s) 'example_skip_dag' retrieved from /home/airflow/.local/lib/python3.8/site-packages/airflow/example_dags/example_skip_dag.py
[2024-11-06T07:11:33.992+0000] {logging_mixin.py:188} INFO - [2024-11-06T07:11:33.992+0000] {dag.py:3036} INFO - Sync 1 DAGs
[2024-11-06T07:11:34.010+0000] {logging_mixin.py:188} INFO - [2024-11-06T07:11:34.009+0000] {dag.py:3823} INFO - Setting next_dagrun for example_skip_dag to 2024-11-05 00:00:00+00:00, run_after=2024-11-06 00:00:00+00:00
[2024-11-06T07:11:34.029+0000] {processor.py:183} INFO - Processing /home/airflow/.local/lib/python3.8/site-packages/airflow/example_dags/example_skip_dag.py took 0.064 seconds
[2024-11-06T07:12:04.367+0000] {processor.py:161} INFO - Started process (PID=1387) to work on /home/airflow/.local/lib/python3.8/site-packages/airflow/example_dags/example_skip_dag.py
[2024-11-06T07:12:04.368+0000] {processor.py:830} INFO - Processing file /home/airflow/.local/lib/python3.8/site-packages/airflow/example_dags/example_skip_dag.py for tasks to queue
[2024-11-06T07:12:04.369+0000] {logging_mixin.py:188} INFO - [2024-11-06T07:12:04.369+0000] {dagbag.py:538} INFO - Filling up the DagBag from /home/airflow/.local/lib/python3.8/site-packages/airflow/example_dags/example_skip_dag.py
[2024-11-06T07:12:04.375+0000] {processor.py:840} INFO - DAG(s) 'example_skip_dag' retrieved from /home/airflow/.local/lib/python3.8/site-packages/airflow/example_dags/example_skip_dag.py
[2024-11-06T07:12:04.392+0000] {logging_mixin.py:188} INFO - [2024-11-06T07:12:04.392+0000] {dag.py:3036} INFO - Sync 1 DAGs
[2024-11-06T07:12:04.410+0000] {logging_mixin.py:188} INFO - [2024-11-06T07:12:04.410+0000] {dag.py:3823} INFO - Setting next_dagrun for example_skip_dag to 2024-11-05 00:00:00+00:00, run_after=2024-11-06 00:00:00+00:00
[2024-11-06T07:12:04.428+0000] {processor.py:183} INFO - Processing /home/airflow/.local/lib/python3.8/site-packages/airflow/example_dags/example_skip_dag.py took 0.064 seconds
[2024-11-06T07:13:55.799+0000] {processor.py:161} INFO - Started process (PID=65) to work on /home/airflow/.local/lib/python3.8/site-packages/airflow/example_dags/example_skip_dag.py
[2024-11-06T07:13:55.803+0000] {processor.py:830} INFO - Processing file /home/airflow/.local/lib/python3.8/site-packages/airflow/example_dags/example_skip_dag.py for tasks to queue
[2024-11-06T07:13:55.804+0000] {logging_mixin.py:188} INFO - [2024-11-06T07:13:55.804+0000] {dagbag.py:538} INFO - Filling up the DagBag from /home/airflow/.local/lib/python3.8/site-packages/airflow/example_dags/example_skip_dag.py
[2024-11-06T07:13:55.836+0000] {processor.py:840} INFO - DAG(s) 'example_skip_dag' retrieved from /home/airflow/.local/lib/python3.8/site-packages/airflow/example_dags/example_skip_dag.py
[2024-11-06T07:13:56.134+0000] {logging_mixin.py:188} INFO - [2024-11-06T07:13:56.134+0000] {dag.py:3036} INFO - Sync 1 DAGs
[2024-11-06T07:13:56.195+0000] {logging_mixin.py:188} INFO - [2024-11-06T07:13:56.195+0000] {dag.py:3823} INFO - Setting next_dagrun for example_skip_dag to 2024-11-05 00:00:00+00:00, run_after=2024-11-06 00:00:00+00:00
[2024-11-06T07:13:56.300+0000] {processor.py:183} INFO - Processing /home/airflow/.local/lib/python3.8/site-packages/airflow/example_dags/example_skip_dag.py took 0.511 seconds
[2024-11-06T07:14:26.379+0000] {processor.py:161} INFO - Started process (PID=121) to work on /home/airflow/.local/lib/python3.8/site-packages/airflow/example_dags/example_skip_dag.py
[2024-11-06T07:14:26.380+0000] {processor.py:830} INFO - Processing file /home/airflow/.local/lib/python3.8/site-packages/airflow/example_dags/example_skip_dag.py for tasks to queue
[2024-11-06T07:14:26.382+0000] {logging_mixin.py:188} INFO - [2024-11-06T07:14:26.381+0000] {dagbag.py:538} INFO - Filling up the DagBag from /home/airflow/.local/lib/python3.8/site-packages/airflow/example_dags/example_skip_dag.py
[2024-11-06T07:14:26.389+0000] {processor.py:840} INFO - DAG(s) 'example_skip_dag' retrieved from /home/airflow/.local/lib/python3.8/site-packages/airflow/example_dags/example_skip_dag.py
[2024-11-06T07:14:26.414+0000] {logging_mixin.py:188} INFO - [2024-11-06T07:14:26.414+0000] {dag.py:3036} INFO - Sync 1 DAGs
[2024-11-06T07:14:26.440+0000] {logging_mixin.py:188} INFO - [2024-11-06T07:14:26.440+0000] {dag.py:3823} INFO - Setting next_dagrun for example_skip_dag to 2024-11-05 00:00:00+00:00, run_after=2024-11-06 00:00:00+00:00
[2024-11-06T07:14:26.463+0000] {processor.py:183} INFO - Processing /home/airflow/.local/lib/python3.8/site-packages/airflow/example_dags/example_skip_dag.py took 0.087 seconds
[2024-11-06T07:14:56.517+0000] {processor.py:161} INFO - Started process (PID=178) to work on /home/airflow/.local/lib/python3.8/site-packages/airflow/example_dags/example_skip_dag.py
[2024-11-06T07:14:56.518+0000] {processor.py:830} INFO - Processing file /home/airflow/.local/lib/python3.8/site-packages/airflow/example_dags/example_skip_dag.py for tasks to queue
[2024-11-06T07:14:56.520+0000] {logging_mixin.py:188} INFO - [2024-11-06T07:14:56.520+0000] {dagbag.py:538} INFO - Filling up the DagBag from /home/airflow/.local/lib/python3.8/site-packages/airflow/example_dags/example_skip_dag.py
[2024-11-06T07:14:56.527+0000] {processor.py:840} INFO - DAG(s) 'example_skip_dag' retrieved from /home/airflow/.local/lib/python3.8/site-packages/airflow/example_dags/example_skip_dag.py
[2024-11-06T07:14:56.552+0000] {logging_mixin.py:188} INFO - [2024-11-06T07:14:56.552+0000] {dag.py:3036} INFO - Sync 1 DAGs
[2024-11-06T07:14:56.576+0000] {logging_mixin.py:188} INFO - [2024-11-06T07:14:56.576+0000] {dag.py:3823} INFO - Setting next_dagrun for example_skip_dag to 2024-11-05 00:00:00+00:00, run_after=2024-11-06 00:00:00+00:00
[2024-11-06T07:14:56.605+0000] {processor.py:183} INFO - Processing /home/airflow/.local/lib/python3.8/site-packages/airflow/example_dags/example_skip_dag.py took 0.091 seconds
