[2024-11-06T07:00:31.420+0000] {processor.py:161} INFO - Started process (PID=89) to work on /home/airflow/.local/lib/python3.8/site-packages/airflow/example_dags/example_python_operator.py
[2024-11-06T07:00:31.434+0000] {processor.py:830} INFO - Processing file /home/airflow/.local/lib/python3.8/site-packages/airflow/example_dags/example_python_operator.py for tasks to queue
[2024-11-06T07:00:31.439+0000] {logging_mixin.py:188} INFO - [2024-11-06T07:00:31.439+0000] {dagbag.py:538} INFO - Filling up the DagBag from /home/airflow/.local/lib/python3.8/site-packages/airflow/example_dags/example_python_operator.py
[2024-11-06T07:00:31.474+0000] {processor.py:840} INFO - DAG(s) 'example_python_operator' retrieved from /home/airflow/.local/lib/python3.8/site-packages/airflow/example_dags/example_python_operator.py
[2024-11-06T07:00:32.150+0000] {logging_mixin.py:188} INFO - [2024-11-06T07:00:32.150+0000] {dag.py:3036} INFO - Sync 1 DAGs
[2024-11-06T07:00:32.171+0000] {logging_mixin.py:188} INFO - [2024-11-06T07:00:32.171+0000] {dag.py:3823} INFO - Setting next_dagrun for example_python_operator to None, run_after=None
[2024-11-06T07:00:32.212+0000] {processor.py:183} INFO - Processing /home/airflow/.local/lib/python3.8/site-packages/airflow/example_dags/example_python_operator.py took 0.795 seconds
[2024-11-06T07:01:02.643+0000] {processor.py:161} INFO - Started process (PID=146) to work on /home/airflow/.local/lib/python3.8/site-packages/airflow/example_dags/example_python_operator.py
[2024-11-06T07:01:02.644+0000] {processor.py:830} INFO - Processing file /home/airflow/.local/lib/python3.8/site-packages/airflow/example_dags/example_python_operator.py for tasks to queue
[2024-11-06T07:01:02.646+0000] {logging_mixin.py:188} INFO - [2024-11-06T07:01:02.645+0000] {dagbag.py:538} INFO - Filling up the DagBag from /home/airflow/.local/lib/python3.8/site-packages/airflow/example_dags/example_python_operator.py
[2024-11-06T07:01:02.672+0000] {processor.py:840} INFO - DAG(s) 'example_python_operator' retrieved from /home/airflow/.local/lib/python3.8/site-packages/airflow/example_dags/example_python_operator.py
[2024-11-06T07:01:02.702+0000] {logging_mixin.py:188} INFO - [2024-11-06T07:01:02.701+0000] {dag.py:3036} INFO - Sync 1 DAGs
[2024-11-06T07:01:02.721+0000] {logging_mixin.py:188} INFO - [2024-11-06T07:01:02.721+0000] {dag.py:3823} INFO - Setting next_dagrun for example_python_operator to None, run_after=None
[2024-11-06T07:01:02.770+0000] {processor.py:183} INFO - Processing /home/airflow/.local/lib/python3.8/site-packages/airflow/example_dags/example_python_operator.py took 0.131 seconds
[2024-11-06T07:01:33.227+0000] {processor.py:161} INFO - Started process (PID=204) to work on /home/airflow/.local/lib/python3.8/site-packages/airflow/example_dags/example_python_operator.py
[2024-11-06T07:01:33.228+0000] {processor.py:830} INFO - Processing file /home/airflow/.local/lib/python3.8/site-packages/airflow/example_dags/example_python_operator.py for tasks to queue
[2024-11-06T07:01:33.230+0000] {logging_mixin.py:188} INFO - [2024-11-06T07:01:33.230+0000] {dagbag.py:538} INFO - Filling up the DagBag from /home/airflow/.local/lib/python3.8/site-packages/airflow/example_dags/example_python_operator.py
[2024-11-06T07:01:33.242+0000] {processor.py:840} INFO - DAG(s) 'example_python_operator' retrieved from /home/airflow/.local/lib/python3.8/site-packages/airflow/example_dags/example_python_operator.py
[2024-11-06T07:01:33.270+0000] {logging_mixin.py:188} INFO - [2024-11-06T07:01:33.270+0000] {dag.py:3036} INFO - Sync 1 DAGs
[2024-11-06T07:01:33.284+0000] {logging_mixin.py:188} INFO - [2024-11-06T07:01:33.284+0000] {dag.py:3823} INFO - Setting next_dagrun for example_python_operator to None, run_after=None
[2024-11-06T07:01:33.308+0000] {processor.py:183} INFO - Processing /home/airflow/.local/lib/python3.8/site-packages/airflow/example_dags/example_python_operator.py took 0.085 seconds
[2024-11-06T07:02:04.233+0000] {processor.py:161} INFO - Started process (PID=262) to work on /home/airflow/.local/lib/python3.8/site-packages/airflow/example_dags/example_python_operator.py
[2024-11-06T07:02:04.235+0000] {processor.py:830} INFO - Processing file /home/airflow/.local/lib/python3.8/site-packages/airflow/example_dags/example_python_operator.py for tasks to queue
[2024-11-06T07:02:04.236+0000] {logging_mixin.py:188} INFO - [2024-11-06T07:02:04.236+0000] {dagbag.py:538} INFO - Filling up the DagBag from /home/airflow/.local/lib/python3.8/site-packages/airflow/example_dags/example_python_operator.py
[2024-11-06T07:02:04.253+0000] {processor.py:840} INFO - DAG(s) 'example_python_operator' retrieved from /home/airflow/.local/lib/python3.8/site-packages/airflow/example_dags/example_python_operator.py
[2024-11-06T07:02:04.278+0000] {logging_mixin.py:188} INFO - [2024-11-06T07:02:04.278+0000] {dag.py:3036} INFO - Sync 1 DAGs
[2024-11-06T07:02:04.293+0000] {logging_mixin.py:188} INFO - [2024-11-06T07:02:04.293+0000] {dag.py:3823} INFO - Setting next_dagrun for example_python_operator to None, run_after=None
[2024-11-06T07:02:04.322+0000] {processor.py:183} INFO - Processing /home/airflow/.local/lib/python3.8/site-packages/airflow/example_dags/example_python_operator.py took 0.092 seconds
[2024-11-06T07:02:35.177+0000] {processor.py:161} INFO - Started process (PID=319) to work on /home/airflow/.local/lib/python3.8/site-packages/airflow/example_dags/example_python_operator.py
[2024-11-06T07:02:35.178+0000] {processor.py:830} INFO - Processing file /home/airflow/.local/lib/python3.8/site-packages/airflow/example_dags/example_python_operator.py for tasks to queue
[2024-11-06T07:02:35.180+0000] {logging_mixin.py:188} INFO - [2024-11-06T07:02:35.180+0000] {dagbag.py:538} INFO - Filling up the DagBag from /home/airflow/.local/lib/python3.8/site-packages/airflow/example_dags/example_python_operator.py
[2024-11-06T07:02:35.194+0000] {processor.py:840} INFO - DAG(s) 'example_python_operator' retrieved from /home/airflow/.local/lib/python3.8/site-packages/airflow/example_dags/example_python_operator.py
[2024-11-06T07:02:35.221+0000] {logging_mixin.py:188} INFO - [2024-11-06T07:02:35.221+0000] {dag.py:3036} INFO - Sync 1 DAGs
[2024-11-06T07:02:35.235+0000] {logging_mixin.py:188} INFO - [2024-11-06T07:02:35.235+0000] {dag.py:3823} INFO - Setting next_dagrun for example_python_operator to None, run_after=None
[2024-11-06T07:02:35.261+0000] {processor.py:183} INFO - Processing /home/airflow/.local/lib/python3.8/site-packages/airflow/example_dags/example_python_operator.py took 0.087 seconds
[2024-11-06T07:03:05.437+0000] {processor.py:161} INFO - Started process (PID=377) to work on /home/airflow/.local/lib/python3.8/site-packages/airflow/example_dags/example_python_operator.py
[2024-11-06T07:03:05.438+0000] {processor.py:830} INFO - Processing file /home/airflow/.local/lib/python3.8/site-packages/airflow/example_dags/example_python_operator.py for tasks to queue
[2024-11-06T07:03:05.441+0000] {logging_mixin.py:188} INFO - [2024-11-06T07:03:05.441+0000] {dagbag.py:538} INFO - Filling up the DagBag from /home/airflow/.local/lib/python3.8/site-packages/airflow/example_dags/example_python_operator.py
[2024-11-06T07:03:05.453+0000] {processor.py:840} INFO - DAG(s) 'example_python_operator' retrieved from /home/airflow/.local/lib/python3.8/site-packages/airflow/example_dags/example_python_operator.py
[2024-11-06T07:03:05.478+0000] {logging_mixin.py:188} INFO - [2024-11-06T07:03:05.478+0000] {dag.py:3036} INFO - Sync 1 DAGs
[2024-11-06T07:03:05.492+0000] {logging_mixin.py:188} INFO - [2024-11-06T07:03:05.492+0000] {dag.py:3823} INFO - Setting next_dagrun for example_python_operator to None, run_after=None
[2024-11-06T07:03:05.516+0000] {processor.py:183} INFO - Processing /home/airflow/.local/lib/python3.8/site-packages/airflow/example_dags/example_python_operator.py took 0.082 seconds
[2024-11-06T07:03:35.706+0000] {processor.py:161} INFO - Started process (PID=435) to work on /home/airflow/.local/lib/python3.8/site-packages/airflow/example_dags/example_python_operator.py
[2024-11-06T07:03:35.707+0000] {processor.py:830} INFO - Processing file /home/airflow/.local/lib/python3.8/site-packages/airflow/example_dags/example_python_operator.py for tasks to queue
[2024-11-06T07:03:35.709+0000] {logging_mixin.py:188} INFO - [2024-11-06T07:03:35.708+0000] {dagbag.py:538} INFO - Filling up the DagBag from /home/airflow/.local/lib/python3.8/site-packages/airflow/example_dags/example_python_operator.py
[2024-11-06T07:03:35.721+0000] {processor.py:840} INFO - DAG(s) 'example_python_operator' retrieved from /home/airflow/.local/lib/python3.8/site-packages/airflow/example_dags/example_python_operator.py
[2024-11-06T07:03:35.751+0000] {logging_mixin.py:188} INFO - [2024-11-06T07:03:35.751+0000] {dag.py:3036} INFO - Sync 1 DAGs
[2024-11-06T07:03:35.775+0000] {logging_mixin.py:188} INFO - [2024-11-06T07:03:35.775+0000] {dag.py:3823} INFO - Setting next_dagrun for example_python_operator to None, run_after=None
[2024-11-06T07:03:35.800+0000] {processor.py:183} INFO - Processing /home/airflow/.local/lib/python3.8/site-packages/airflow/example_dags/example_python_operator.py took 0.098 seconds
[2024-11-06T07:04:05.991+0000] {processor.py:161} INFO - Started process (PID=492) to work on /home/airflow/.local/lib/python3.8/site-packages/airflow/example_dags/example_python_operator.py
[2024-11-06T07:04:06.002+0000] {processor.py:830} INFO - Processing file /home/airflow/.local/lib/python3.8/site-packages/airflow/example_dags/example_python_operator.py for tasks to queue
[2024-11-06T07:04:06.004+0000] {logging_mixin.py:188} INFO - [2024-11-06T07:04:06.004+0000] {dagbag.py:538} INFO - Filling up the DagBag from /home/airflow/.local/lib/python3.8/site-packages/airflow/example_dags/example_python_operator.py
[2024-11-06T07:04:06.036+0000] {processor.py:840} INFO - DAG(s) 'example_python_operator' retrieved from /home/airflow/.local/lib/python3.8/site-packages/airflow/example_dags/example_python_operator.py
[2024-11-06T07:04:06.096+0000] {logging_mixin.py:188} INFO - [2024-11-06T07:04:06.093+0000] {dag.py:3036} INFO - Sync 1 DAGs
[2024-11-06T07:04:06.112+0000] {logging_mixin.py:188} INFO - [2024-11-06T07:04:06.112+0000] {dag.py:3823} INFO - Setting next_dagrun for example_python_operator to None, run_after=None
[2024-11-06T07:04:06.149+0000] {processor.py:183} INFO - Processing /home/airflow/.local/lib/python3.8/site-packages/airflow/example_dags/example_python_operator.py took 0.161 seconds
[2024-11-06T07:04:36.278+0000] {processor.py:161} INFO - Started process (PID=550) to work on /home/airflow/.local/lib/python3.8/site-packages/airflow/example_dags/example_python_operator.py
[2024-11-06T07:04:36.279+0000] {processor.py:830} INFO - Processing file /home/airflow/.local/lib/python3.8/site-packages/airflow/example_dags/example_python_operator.py for tasks to queue
[2024-11-06T07:04:36.283+0000] {logging_mixin.py:188} INFO - [2024-11-06T07:04:36.283+0000] {dagbag.py:538} INFO - Filling up the DagBag from /home/airflow/.local/lib/python3.8/site-packages/airflow/example_dags/example_python_operator.py
[2024-11-06T07:04:36.305+0000] {processor.py:840} INFO - DAG(s) 'example_python_operator' retrieved from /home/airflow/.local/lib/python3.8/site-packages/airflow/example_dags/example_python_operator.py
[2024-11-06T07:04:36.380+0000] {logging_mixin.py:188} INFO - [2024-11-06T07:04:36.379+0000] {dag.py:3036} INFO - Sync 1 DAGs
[2024-11-06T07:04:36.404+0000] {logging_mixin.py:188} INFO - [2024-11-06T07:04:36.404+0000] {dag.py:3823} INFO - Setting next_dagrun for example_python_operator to None, run_after=None
[2024-11-06T07:04:36.456+0000] {processor.py:183} INFO - Processing /home/airflow/.local/lib/python3.8/site-packages/airflow/example_dags/example_python_operator.py took 0.189 seconds
[2024-11-06T07:05:06.590+0000] {processor.py:161} INFO - Started process (PID=607) to work on /home/airflow/.local/lib/python3.8/site-packages/airflow/example_dags/example_python_operator.py
[2024-11-06T07:05:06.591+0000] {processor.py:830} INFO - Processing file /home/airflow/.local/lib/python3.8/site-packages/airflow/example_dags/example_python_operator.py for tasks to queue
[2024-11-06T07:05:06.592+0000] {logging_mixin.py:188} INFO - [2024-11-06T07:05:06.592+0000] {dagbag.py:538} INFO - Filling up the DagBag from /home/airflow/.local/lib/python3.8/site-packages/airflow/example_dags/example_python_operator.py
[2024-11-06T07:05:06.603+0000] {processor.py:840} INFO - DAG(s) 'example_python_operator' retrieved from /home/airflow/.local/lib/python3.8/site-packages/airflow/example_dags/example_python_operator.py
[2024-11-06T07:05:06.625+0000] {logging_mixin.py:188} INFO - [2024-11-06T07:05:06.625+0000] {dag.py:3036} INFO - Sync 1 DAGs
[2024-11-06T07:05:06.640+0000] {logging_mixin.py:188} INFO - [2024-11-06T07:05:06.640+0000] {dag.py:3823} INFO - Setting next_dagrun for example_python_operator to None, run_after=None
[2024-11-06T07:05:06.663+0000] {processor.py:183} INFO - Processing /home/airflow/.local/lib/python3.8/site-packages/airflow/example_dags/example_python_operator.py took 0.077 seconds
[2024-11-06T07:05:36.978+0000] {processor.py:161} INFO - Started process (PID=664) to work on /home/airflow/.local/lib/python3.8/site-packages/airflow/example_dags/example_python_operator.py
[2024-11-06T07:05:36.980+0000] {processor.py:830} INFO - Processing file /home/airflow/.local/lib/python3.8/site-packages/airflow/example_dags/example_python_operator.py for tasks to queue
[2024-11-06T07:05:36.984+0000] {logging_mixin.py:188} INFO - [2024-11-06T07:05:36.984+0000] {dagbag.py:538} INFO - Filling up the DagBag from /home/airflow/.local/lib/python3.8/site-packages/airflow/example_dags/example_python_operator.py
[2024-11-06T07:05:37.024+0000] {processor.py:840} INFO - DAG(s) 'example_python_operator' retrieved from /home/airflow/.local/lib/python3.8/site-packages/airflow/example_dags/example_python_operator.py
[2024-11-06T07:05:37.058+0000] {logging_mixin.py:188} INFO - [2024-11-06T07:05:37.058+0000] {dag.py:3036} INFO - Sync 1 DAGs
[2024-11-06T07:05:37.088+0000] {logging_mixin.py:188} INFO - [2024-11-06T07:05:37.088+0000] {dag.py:3823} INFO - Setting next_dagrun for example_python_operator to None, run_after=None
[2024-11-06T07:05:37.153+0000] {processor.py:183} INFO - Processing /home/airflow/.local/lib/python3.8/site-packages/airflow/example_dags/example_python_operator.py took 0.182 seconds
[2024-11-06T07:06:07.803+0000] {processor.py:161} INFO - Started process (PID=721) to work on /home/airflow/.local/lib/python3.8/site-packages/airflow/example_dags/example_python_operator.py
[2024-11-06T07:06:07.804+0000] {processor.py:830} INFO - Processing file /home/airflow/.local/lib/python3.8/site-packages/airflow/example_dags/example_python_operator.py for tasks to queue
[2024-11-06T07:06:07.805+0000] {logging_mixin.py:188} INFO - [2024-11-06T07:06:07.805+0000] {dagbag.py:538} INFO - Filling up the DagBag from /home/airflow/.local/lib/python3.8/site-packages/airflow/example_dags/example_python_operator.py
[2024-11-06T07:06:07.815+0000] {processor.py:840} INFO - DAG(s) 'example_python_operator' retrieved from /home/airflow/.local/lib/python3.8/site-packages/airflow/example_dags/example_python_operator.py
[2024-11-06T07:06:07.840+0000] {logging_mixin.py:188} INFO - [2024-11-06T07:06:07.840+0000] {dag.py:3036} INFO - Sync 1 DAGs
[2024-11-06T07:06:07.855+0000] {logging_mixin.py:188} INFO - [2024-11-06T07:06:07.855+0000] {dag.py:3823} INFO - Setting next_dagrun for example_python_operator to None, run_after=None
[2024-11-06T07:06:07.900+0000] {processor.py:183} INFO - Processing /home/airflow/.local/lib/python3.8/site-packages/airflow/example_dags/example_python_operator.py took 0.099 seconds
[2024-11-06T07:06:38.585+0000] {processor.py:161} INFO - Started process (PID=785) to work on /home/airflow/.local/lib/python3.8/site-packages/airflow/example_dags/example_python_operator.py
[2024-11-06T07:06:38.586+0000] {processor.py:830} INFO - Processing file /home/airflow/.local/lib/python3.8/site-packages/airflow/example_dags/example_python_operator.py for tasks to queue
[2024-11-06T07:06:38.590+0000] {logging_mixin.py:188} INFO - [2024-11-06T07:06:38.589+0000] {dagbag.py:538} INFO - Filling up the DagBag from /home/airflow/.local/lib/python3.8/site-packages/airflow/example_dags/example_python_operator.py
[2024-11-06T07:06:38.601+0000] {processor.py:840} INFO - DAG(s) 'example_python_operator' retrieved from /home/airflow/.local/lib/python3.8/site-packages/airflow/example_dags/example_python_operator.py
[2024-11-06T07:06:38.638+0000] {logging_mixin.py:188} INFO - [2024-11-06T07:06:38.637+0000] {dag.py:3036} INFO - Sync 1 DAGs
[2024-11-06T07:06:38.652+0000] {logging_mixin.py:188} INFO - [2024-11-06T07:06:38.652+0000] {dag.py:3823} INFO - Setting next_dagrun for example_python_operator to None, run_after=None
[2024-11-06T07:06:38.680+0000] {processor.py:183} INFO - Processing /home/airflow/.local/lib/python3.8/site-packages/airflow/example_dags/example_python_operator.py took 0.099 seconds
[2024-11-06T07:07:09.260+0000] {processor.py:161} INFO - Started process (PID=842) to work on /home/airflow/.local/lib/python3.8/site-packages/airflow/example_dags/example_python_operator.py
[2024-11-06T07:07:09.261+0000] {processor.py:830} INFO - Processing file /home/airflow/.local/lib/python3.8/site-packages/airflow/example_dags/example_python_operator.py for tasks to queue
[2024-11-06T07:07:09.262+0000] {logging_mixin.py:188} INFO - [2024-11-06T07:07:09.262+0000] {dagbag.py:538} INFO - Filling up the DagBag from /home/airflow/.local/lib/python3.8/site-packages/airflow/example_dags/example_python_operator.py
[2024-11-06T07:07:09.272+0000] {processor.py:840} INFO - DAG(s) 'example_python_operator' retrieved from /home/airflow/.local/lib/python3.8/site-packages/airflow/example_dags/example_python_operator.py
[2024-11-06T07:07:09.289+0000] {logging_mixin.py:188} INFO - [2024-11-06T07:07:09.289+0000] {dag.py:3036} INFO - Sync 1 DAGs
[2024-11-06T07:07:09.299+0000] {logging_mixin.py:188} INFO - [2024-11-06T07:07:09.299+0000] {dag.py:3823} INFO - Setting next_dagrun for example_python_operator to None, run_after=None
[2024-11-06T07:07:09.317+0000] {processor.py:183} INFO - Processing /home/airflow/.local/lib/python3.8/site-packages/airflow/example_dags/example_python_operator.py took 0.060 seconds
[2024-11-06T07:07:39.986+0000] {processor.py:161} INFO - Started process (PID=900) to work on /home/airflow/.local/lib/python3.8/site-packages/airflow/example_dags/example_python_operator.py
[2024-11-06T07:07:39.987+0000] {processor.py:830} INFO - Processing file /home/airflow/.local/lib/python3.8/site-packages/airflow/example_dags/example_python_operator.py for tasks to queue
[2024-11-06T07:07:39.988+0000] {logging_mixin.py:188} INFO - [2024-11-06T07:07:39.988+0000] {dagbag.py:538} INFO - Filling up the DagBag from /home/airflow/.local/lib/python3.8/site-packages/airflow/example_dags/example_python_operator.py
[2024-11-06T07:07:39.996+0000] {processor.py:840} INFO - DAG(s) 'example_python_operator' retrieved from /home/airflow/.local/lib/python3.8/site-packages/airflow/example_dags/example_python_operator.py
[2024-11-06T07:07:40.014+0000] {logging_mixin.py:188} INFO - [2024-11-06T07:07:40.014+0000] {dag.py:3036} INFO - Sync 1 DAGs
[2024-11-06T07:07:40.023+0000] {logging_mixin.py:188} INFO - [2024-11-06T07:07:40.023+0000] {dag.py:3823} INFO - Setting next_dagrun for example_python_operator to None, run_after=None
[2024-11-06T07:07:40.053+0000] {processor.py:183} INFO - Processing /home/airflow/.local/lib/python3.8/site-packages/airflow/example_dags/example_python_operator.py took 0.069 seconds
[2024-11-06T07:08:10.185+0000] {processor.py:161} INFO - Started process (PID=958) to work on /home/airflow/.local/lib/python3.8/site-packages/airflow/example_dags/example_python_operator.py
[2024-11-06T07:08:10.186+0000] {processor.py:830} INFO - Processing file /home/airflow/.local/lib/python3.8/site-packages/airflow/example_dags/example_python_operator.py for tasks to queue
[2024-11-06T07:08:10.188+0000] {logging_mixin.py:188} INFO - [2024-11-06T07:08:10.187+0000] {dagbag.py:538} INFO - Filling up the DagBag from /home/airflow/.local/lib/python3.8/site-packages/airflow/example_dags/example_python_operator.py
[2024-11-06T07:08:10.203+0000] {processor.py:840} INFO - DAG(s) 'example_python_operator' retrieved from /home/airflow/.local/lib/python3.8/site-packages/airflow/example_dags/example_python_operator.py
[2024-11-06T07:08:10.245+0000] {logging_mixin.py:188} INFO - [2024-11-06T07:08:10.244+0000] {dag.py:3036} INFO - Sync 1 DAGs
[2024-11-06T07:08:10.261+0000] {logging_mixin.py:188} INFO - [2024-11-06T07:08:10.260+0000] {dag.py:3823} INFO - Setting next_dagrun for example_python_operator to None, run_after=None
[2024-11-06T07:08:10.289+0000] {processor.py:183} INFO - Processing /home/airflow/.local/lib/python3.8/site-packages/airflow/example_dags/example_python_operator.py took 0.116 seconds
[2024-11-06T07:08:40.410+0000] {processor.py:161} INFO - Started process (PID=1015) to work on /home/airflow/.local/lib/python3.8/site-packages/airflow/example_dags/example_python_operator.py
[2024-11-06T07:08:40.411+0000] {processor.py:830} INFO - Processing file /home/airflow/.local/lib/python3.8/site-packages/airflow/example_dags/example_python_operator.py for tasks to queue
[2024-11-06T07:08:40.412+0000] {logging_mixin.py:188} INFO - [2024-11-06T07:08:40.412+0000] {dagbag.py:538} INFO - Filling up the DagBag from /home/airflow/.local/lib/python3.8/site-packages/airflow/example_dags/example_python_operator.py
[2024-11-06T07:08:40.420+0000] {processor.py:840} INFO - DAG(s) 'example_python_operator' retrieved from /home/airflow/.local/lib/python3.8/site-packages/airflow/example_dags/example_python_operator.py
[2024-11-06T07:08:40.443+0000] {logging_mixin.py:188} INFO - [2024-11-06T07:08:40.443+0000] {dag.py:3036} INFO - Sync 1 DAGs
[2024-11-06T07:08:40.457+0000] {logging_mixin.py:188} INFO - [2024-11-06T07:08:40.457+0000] {dag.py:3823} INFO - Setting next_dagrun for example_python_operator to None, run_after=None
[2024-11-06T07:08:40.478+0000] {processor.py:183} INFO - Processing /home/airflow/.local/lib/python3.8/site-packages/airflow/example_dags/example_python_operator.py took 0.071 seconds
[2024-11-06T07:09:10.962+0000] {processor.py:161} INFO - Started process (PID=1073) to work on /home/airflow/.local/lib/python3.8/site-packages/airflow/example_dags/example_python_operator.py
[2024-11-06T07:09:10.963+0000] {processor.py:830} INFO - Processing file /home/airflow/.local/lib/python3.8/site-packages/airflow/example_dags/example_python_operator.py for tasks to queue
[2024-11-06T07:09:10.964+0000] {logging_mixin.py:188} INFO - [2024-11-06T07:09:10.964+0000] {dagbag.py:538} INFO - Filling up the DagBag from /home/airflow/.local/lib/python3.8/site-packages/airflow/example_dags/example_python_operator.py
[2024-11-06T07:09:10.975+0000] {processor.py:840} INFO - DAG(s) 'example_python_operator' retrieved from /home/airflow/.local/lib/python3.8/site-packages/airflow/example_dags/example_python_operator.py
[2024-11-06T07:09:11.001+0000] {logging_mixin.py:188} INFO - [2024-11-06T07:09:11.000+0000] {dag.py:3036} INFO - Sync 1 DAGs
[2024-11-06T07:09:11.015+0000] {logging_mixin.py:188} INFO - [2024-11-06T07:09:11.015+0000] {dag.py:3823} INFO - Setting next_dagrun for example_python_operator to None, run_after=None
[2024-11-06T07:09:11.044+0000] {processor.py:183} INFO - Processing /home/airflow/.local/lib/python3.8/site-packages/airflow/example_dags/example_python_operator.py took 0.085 seconds
[2024-11-06T07:09:41.664+0000] {processor.py:161} INFO - Started process (PID=1130) to work on /home/airflow/.local/lib/python3.8/site-packages/airflow/example_dags/example_python_operator.py
[2024-11-06T07:09:41.664+0000] {processor.py:830} INFO - Processing file /home/airflow/.local/lib/python3.8/site-packages/airflow/example_dags/example_python_operator.py for tasks to queue
[2024-11-06T07:09:41.666+0000] {logging_mixin.py:188} INFO - [2024-11-06T07:09:41.665+0000] {dagbag.py:538} INFO - Filling up the DagBag from /home/airflow/.local/lib/python3.8/site-packages/airflow/example_dags/example_python_operator.py
[2024-11-06T07:09:41.677+0000] {processor.py:840} INFO - DAG(s) 'example_python_operator' retrieved from /home/airflow/.local/lib/python3.8/site-packages/airflow/example_dags/example_python_operator.py
[2024-11-06T07:09:41.701+0000] {logging_mixin.py:188} INFO - [2024-11-06T07:09:41.701+0000] {dag.py:3036} INFO - Sync 1 DAGs
[2024-11-06T07:09:41.716+0000] {logging_mixin.py:188} INFO - [2024-11-06T07:09:41.715+0000] {dag.py:3823} INFO - Setting next_dagrun for example_python_operator to None, run_after=None
[2024-11-06T07:09:41.739+0000] {processor.py:183} INFO - Processing /home/airflow/.local/lib/python3.8/site-packages/airflow/example_dags/example_python_operator.py took 0.078 seconds
[2024-11-06T07:10:12.180+0000] {processor.py:161} INFO - Started process (PID=1187) to work on /home/airflow/.local/lib/python3.8/site-packages/airflow/example_dags/example_python_operator.py
[2024-11-06T07:10:12.180+0000] {processor.py:830} INFO - Processing file /home/airflow/.local/lib/python3.8/site-packages/airflow/example_dags/example_python_operator.py for tasks to queue
[2024-11-06T07:10:12.183+0000] {logging_mixin.py:188} INFO - [2024-11-06T07:10:12.182+0000] {dagbag.py:538} INFO - Filling up the DagBag from /home/airflow/.local/lib/python3.8/site-packages/airflow/example_dags/example_python_operator.py
[2024-11-06T07:10:12.209+0000] {processor.py:840} INFO - DAG(s) 'example_python_operator' retrieved from /home/airflow/.local/lib/python3.8/site-packages/airflow/example_dags/example_python_operator.py
[2024-11-06T07:10:12.236+0000] {logging_mixin.py:188} INFO - [2024-11-06T07:10:12.235+0000] {dag.py:3036} INFO - Sync 1 DAGs
[2024-11-06T07:10:12.250+0000] {logging_mixin.py:188} INFO - [2024-11-06T07:10:12.250+0000] {dag.py:3823} INFO - Setting next_dagrun for example_python_operator to None, run_after=None
[2024-11-06T07:10:12.275+0000] {processor.py:183} INFO - Processing /home/airflow/.local/lib/python3.8/site-packages/airflow/example_dags/example_python_operator.py took 0.099 seconds
[2024-11-06T07:10:42.524+0000] {processor.py:161} INFO - Started process (PID=1244) to work on /home/airflow/.local/lib/python3.8/site-packages/airflow/example_dags/example_python_operator.py
[2024-11-06T07:10:42.525+0000] {processor.py:830} INFO - Processing file /home/airflow/.local/lib/python3.8/site-packages/airflow/example_dags/example_python_operator.py for tasks to queue
[2024-11-06T07:10:42.526+0000] {logging_mixin.py:188} INFO - [2024-11-06T07:10:42.526+0000] {dagbag.py:538} INFO - Filling up the DagBag from /home/airflow/.local/lib/python3.8/site-packages/airflow/example_dags/example_python_operator.py
[2024-11-06T07:10:42.538+0000] {processor.py:840} INFO - DAG(s) 'example_python_operator' retrieved from /home/airflow/.local/lib/python3.8/site-packages/airflow/example_dags/example_python_operator.py
[2024-11-06T07:10:42.573+0000] {logging_mixin.py:188} INFO - [2024-11-06T07:10:42.573+0000] {dag.py:3036} INFO - Sync 1 DAGs
[2024-11-06T07:10:42.590+0000] {logging_mixin.py:188} INFO - [2024-11-06T07:10:42.589+0000] {dag.py:3823} INFO - Setting next_dagrun for example_python_operator to None, run_after=None
[2024-11-06T07:10:42.631+0000] {processor.py:183} INFO - Processing /home/airflow/.local/lib/python3.8/site-packages/airflow/example_dags/example_python_operator.py took 0.111 seconds
[2024-11-06T07:11:13.268+0000] {processor.py:161} INFO - Started process (PID=1301) to work on /home/airflow/.local/lib/python3.8/site-packages/airflow/example_dags/example_python_operator.py
[2024-11-06T07:11:13.269+0000] {processor.py:830} INFO - Processing file /home/airflow/.local/lib/python3.8/site-packages/airflow/example_dags/example_python_operator.py for tasks to queue
[2024-11-06T07:11:13.271+0000] {logging_mixin.py:188} INFO - [2024-11-06T07:11:13.270+0000] {dagbag.py:538} INFO - Filling up the DagBag from /home/airflow/.local/lib/python3.8/site-packages/airflow/example_dags/example_python_operator.py
[2024-11-06T07:11:13.283+0000] {processor.py:840} INFO - DAG(s) 'example_python_operator' retrieved from /home/airflow/.local/lib/python3.8/site-packages/airflow/example_dags/example_python_operator.py
[2024-11-06T07:11:13.312+0000] {logging_mixin.py:188} INFO - [2024-11-06T07:11:13.312+0000] {dag.py:3036} INFO - Sync 1 DAGs
[2024-11-06T07:11:13.325+0000] {logging_mixin.py:188} INFO - [2024-11-06T07:11:13.325+0000] {dag.py:3823} INFO - Setting next_dagrun for example_python_operator to None, run_after=None
[2024-11-06T07:11:13.346+0000] {processor.py:183} INFO - Processing /home/airflow/.local/lib/python3.8/site-packages/airflow/example_dags/example_python_operator.py took 0.082 seconds
[2024-11-06T07:11:43.428+0000] {processor.py:161} INFO - Started process (PID=1358) to work on /home/airflow/.local/lib/python3.8/site-packages/airflow/example_dags/example_python_operator.py
[2024-11-06T07:11:43.438+0000] {processor.py:830} INFO - Processing file /home/airflow/.local/lib/python3.8/site-packages/airflow/example_dags/example_python_operator.py for tasks to queue
[2024-11-06T07:11:43.440+0000] {logging_mixin.py:188} INFO - [2024-11-06T07:11:43.440+0000] {dagbag.py:538} INFO - Filling up the DagBag from /home/airflow/.local/lib/python3.8/site-packages/airflow/example_dags/example_python_operator.py
[2024-11-06T07:11:43.454+0000] {processor.py:840} INFO - DAG(s) 'example_python_operator' retrieved from /home/airflow/.local/lib/python3.8/site-packages/airflow/example_dags/example_python_operator.py
[2024-11-06T07:11:43.502+0000] {logging_mixin.py:188} INFO - [2024-11-06T07:11:43.502+0000] {dag.py:3036} INFO - Sync 1 DAGs
[2024-11-06T07:11:43.517+0000] {logging_mixin.py:188} INFO - [2024-11-06T07:11:43.517+0000] {dag.py:3823} INFO - Setting next_dagrun for example_python_operator to None, run_after=None
[2024-11-06T07:11:43.541+0000] {processor.py:183} INFO - Processing /home/airflow/.local/lib/python3.8/site-packages/airflow/example_dags/example_python_operator.py took 0.116 seconds
[2024-11-06T07:12:14.219+0000] {processor.py:161} INFO - Started process (PID=1415) to work on /home/airflow/.local/lib/python3.8/site-packages/airflow/example_dags/example_python_operator.py
[2024-11-06T07:12:14.220+0000] {processor.py:830} INFO - Processing file /home/airflow/.local/lib/python3.8/site-packages/airflow/example_dags/example_python_operator.py for tasks to queue
[2024-11-06T07:12:14.222+0000] {logging_mixin.py:188} INFO - [2024-11-06T07:12:14.222+0000] {dagbag.py:538} INFO - Filling up the DagBag from /home/airflow/.local/lib/python3.8/site-packages/airflow/example_dags/example_python_operator.py
[2024-11-06T07:12:14.234+0000] {processor.py:840} INFO - DAG(s) 'example_python_operator' retrieved from /home/airflow/.local/lib/python3.8/site-packages/airflow/example_dags/example_python_operator.py
[2024-11-06T07:12:14.288+0000] {logging_mixin.py:188} INFO - [2024-11-06T07:12:14.288+0000] {dag.py:3036} INFO - Sync 1 DAGs
[2024-11-06T07:12:14.317+0000] {logging_mixin.py:188} INFO - [2024-11-06T07:12:14.316+0000] {dag.py:3823} INFO - Setting next_dagrun for example_python_operator to None, run_after=None
[2024-11-06T07:12:14.343+0000] {processor.py:183} INFO - Processing /home/airflow/.local/lib/python3.8/site-packages/airflow/example_dags/example_python_operator.py took 0.128 seconds
[2024-11-06T07:14:04.548+0000] {processor.py:161} INFO - Started process (PID=87) to work on /home/airflow/.local/lib/python3.8/site-packages/airflow/example_dags/example_python_operator.py
[2024-11-06T07:14:04.563+0000] {processor.py:830} INFO - Processing file /home/airflow/.local/lib/python3.8/site-packages/airflow/example_dags/example_python_operator.py for tasks to queue
[2024-11-06T07:14:04.570+0000] {logging_mixin.py:188} INFO - [2024-11-06T07:14:04.569+0000] {dagbag.py:538} INFO - Filling up the DagBag from /home/airflow/.local/lib/python3.8/site-packages/airflow/example_dags/example_python_operator.py
[2024-11-06T07:14:04.637+0000] {processor.py:840} INFO - DAG(s) 'example_python_operator' retrieved from /home/airflow/.local/lib/python3.8/site-packages/airflow/example_dags/example_python_operator.py
[2024-11-06T07:14:05.159+0000] {logging_mixin.py:188} INFO - [2024-11-06T07:14:05.159+0000] {dag.py:3036} INFO - Sync 1 DAGs
[2024-11-06T07:14:05.206+0000] {logging_mixin.py:188} INFO - [2024-11-06T07:14:05.204+0000] {dag.py:3823} INFO - Setting next_dagrun for example_python_operator to None, run_after=None
[2024-11-06T07:14:05.326+0000] {processor.py:183} INFO - Processing /home/airflow/.local/lib/python3.8/site-packages/airflow/example_dags/example_python_operator.py took 0.790 seconds
[2024-11-06T07:14:35.970+0000] {processor.py:161} INFO - Started process (PID=144) to work on /home/airflow/.local/lib/python3.8/site-packages/airflow/example_dags/example_python_operator.py
[2024-11-06T07:14:35.971+0000] {processor.py:830} INFO - Processing file /home/airflow/.local/lib/python3.8/site-packages/airflow/example_dags/example_python_operator.py for tasks to queue
[2024-11-06T07:14:35.973+0000] {logging_mixin.py:188} INFO - [2024-11-06T07:14:35.973+0000] {dagbag.py:538} INFO - Filling up the DagBag from /home/airflow/.local/lib/python3.8/site-packages/airflow/example_dags/example_python_operator.py
[2024-11-06T07:14:35.985+0000] {processor.py:840} INFO - DAG(s) 'example_python_operator' retrieved from /home/airflow/.local/lib/python3.8/site-packages/airflow/example_dags/example_python_operator.py
[2024-11-06T07:14:36.014+0000] {logging_mixin.py:188} INFO - [2024-11-06T07:14:36.014+0000] {dag.py:3036} INFO - Sync 1 DAGs
[2024-11-06T07:14:36.028+0000] {logging_mixin.py:188} INFO - [2024-11-06T07:14:36.027+0000] {dag.py:3823} INFO - Setting next_dagrun for example_python_operator to None, run_after=None
[2024-11-06T07:14:36.051+0000] {processor.py:183} INFO - Processing /home/airflow/.local/lib/python3.8/site-packages/airflow/example_dags/example_python_operator.py took 0.084 seconds
[2024-11-06T07:15:06.893+0000] {processor.py:161} INFO - Started process (PID=201) to work on /home/airflow/.local/lib/python3.8/site-packages/airflow/example_dags/example_python_operator.py
[2024-11-06T07:15:06.894+0000] {processor.py:830} INFO - Processing file /home/airflow/.local/lib/python3.8/site-packages/airflow/example_dags/example_python_operator.py for tasks to queue
[2024-11-06T07:15:06.896+0000] {logging_mixin.py:188} INFO - [2024-11-06T07:15:06.896+0000] {dagbag.py:538} INFO - Filling up the DagBag from /home/airflow/.local/lib/python3.8/site-packages/airflow/example_dags/example_python_operator.py
[2024-11-06T07:15:06.908+0000] {processor.py:840} INFO - DAG(s) 'example_python_operator' retrieved from /home/airflow/.local/lib/python3.8/site-packages/airflow/example_dags/example_python_operator.py
[2024-11-06T07:15:06.933+0000] {logging_mixin.py:188} INFO - [2024-11-06T07:15:06.932+0000] {dag.py:3036} INFO - Sync 1 DAGs
[2024-11-06T07:15:06.947+0000] {logging_mixin.py:188} INFO - [2024-11-06T07:15:06.946+0000] {dag.py:3823} INFO - Setting next_dagrun for example_python_operator to None, run_after=None
[2024-11-06T07:15:06.970+0000] {processor.py:183} INFO - Processing /home/airflow/.local/lib/python3.8/site-packages/airflow/example_dags/example_python_operator.py took 0.081 seconds
