[2024-11-06T07:00:34.843+0000] {processor.py:161} INFO - Started process (PID=98) to work on /home/airflow/.local/lib/python3.8/site-packages/airflow/example_dags/example_local_kubernetes_executor.py
[2024-11-06T07:00:34.844+0000] {processor.py:830} INFO - Processing file /home/airflow/.local/lib/python3.8/site-packages/airflow/example_dags/example_local_kubernetes_executor.py for tasks to queue
[2024-11-06T07:00:34.851+0000] {logging_mixin.py:188} INFO - [2024-11-06T07:00:34.851+0000] {dagbag.py:538} INFO - Filling up the DagBag from /home/airflow/.local/lib/python3.8/site-packages/airflow/example_dags/example_local_kubernetes_executor.py
[2024-11-06T07:00:34.864+0000] {processor.py:840} INFO - DAG(s) 'example_local_kubernetes_executor' retrieved from /home/airflow/.local/lib/python3.8/site-packages/airflow/example_dags/example_local_kubernetes_executor.py
[2024-11-06T07:00:35.486+0000] {logging_mixin.py:188} INFO - [2024-11-06T07:00:35.485+0000] {dag.py:3036} INFO - Sync 1 DAGs
[2024-11-06T07:00:35.543+0000] {logging_mixin.py:188} INFO - [2024-11-06T07:00:35.543+0000] {dag.py:3823} INFO - Setting next_dagrun for example_local_kubernetes_executor to None, run_after=None
[2024-11-06T07:00:35.610+0000] {processor.py:183} INFO - Processing /home/airflow/.local/lib/python3.8/site-packages/airflow/example_dags/example_local_kubernetes_executor.py took 0.770 seconds
[2024-11-06T07:01:06.310+0000] {processor.py:161} INFO - Started process (PID=155) to work on /home/airflow/.local/lib/python3.8/site-packages/airflow/example_dags/example_local_kubernetes_executor.py
[2024-11-06T07:01:06.311+0000] {processor.py:830} INFO - Processing file /home/airflow/.local/lib/python3.8/site-packages/airflow/example_dags/example_local_kubernetes_executor.py for tasks to queue
[2024-11-06T07:01:06.313+0000] {logging_mixin.py:188} INFO - [2024-11-06T07:01:06.313+0000] {dagbag.py:538} INFO - Filling up the DagBag from /home/airflow/.local/lib/python3.8/site-packages/airflow/example_dags/example_local_kubernetes_executor.py
[2024-11-06T07:01:06.321+0000] {processor.py:840} INFO - DAG(s) 'example_local_kubernetes_executor' retrieved from /home/airflow/.local/lib/python3.8/site-packages/airflow/example_dags/example_local_kubernetes_executor.py
[2024-11-06T07:01:06.362+0000] {logging_mixin.py:188} INFO - [2024-11-06T07:01:06.361+0000] {dag.py:3036} INFO - Sync 1 DAGs
[2024-11-06T07:01:06.381+0000] {logging_mixin.py:188} INFO - [2024-11-06T07:01:06.381+0000] {dag.py:3823} INFO - Setting next_dagrun for example_local_kubernetes_executor to None, run_after=None
[2024-11-06T07:01:06.400+0000] {processor.py:183} INFO - Processing /home/airflow/.local/lib/python3.8/site-packages/airflow/example_dags/example_local_kubernetes_executor.py took 0.093 seconds
[2024-11-06T07:01:36.726+0000] {processor.py:161} INFO - Started process (PID=213) to work on /home/airflow/.local/lib/python3.8/site-packages/airflow/example_dags/example_local_kubernetes_executor.py
[2024-11-06T07:01:36.727+0000] {processor.py:830} INFO - Processing file /home/airflow/.local/lib/python3.8/site-packages/airflow/example_dags/example_local_kubernetes_executor.py for tasks to queue
[2024-11-06T07:01:36.728+0000] {logging_mixin.py:188} INFO - [2024-11-06T07:01:36.728+0000] {dagbag.py:538} INFO - Filling up the DagBag from /home/airflow/.local/lib/python3.8/site-packages/airflow/example_dags/example_local_kubernetes_executor.py
[2024-11-06T07:01:36.736+0000] {processor.py:840} INFO - DAG(s) 'example_local_kubernetes_executor' retrieved from /home/airflow/.local/lib/python3.8/site-packages/airflow/example_dags/example_local_kubernetes_executor.py
[2024-11-06T07:01:36.778+0000] {logging_mixin.py:188} INFO - [2024-11-06T07:01:36.778+0000] {dag.py:3036} INFO - Sync 1 DAGs
[2024-11-06T07:01:36.795+0000] {logging_mixin.py:188} INFO - [2024-11-06T07:01:36.795+0000] {dag.py:3823} INFO - Setting next_dagrun for example_local_kubernetes_executor to None, run_after=None
[2024-11-06T07:01:36.825+0000] {processor.py:183} INFO - Processing /home/airflow/.local/lib/python3.8/site-packages/airflow/example_dags/example_local_kubernetes_executor.py took 0.102 seconds
[2024-11-06T07:02:07.753+0000] {processor.py:161} INFO - Started process (PID=277) to work on /home/airflow/.local/lib/python3.8/site-packages/airflow/example_dags/example_local_kubernetes_executor.py
[2024-11-06T07:02:07.754+0000] {processor.py:830} INFO - Processing file /home/airflow/.local/lib/python3.8/site-packages/airflow/example_dags/example_local_kubernetes_executor.py for tasks to queue
[2024-11-06T07:02:07.756+0000] {logging_mixin.py:188} INFO - [2024-11-06T07:02:07.755+0000] {dagbag.py:538} INFO - Filling up the DagBag from /home/airflow/.local/lib/python3.8/site-packages/airflow/example_dags/example_local_kubernetes_executor.py
[2024-11-06T07:02:07.764+0000] {processor.py:840} INFO - DAG(s) 'example_local_kubernetes_executor' retrieved from /home/airflow/.local/lib/python3.8/site-packages/airflow/example_dags/example_local_kubernetes_executor.py
[2024-11-06T07:02:07.804+0000] {logging_mixin.py:188} INFO - [2024-11-06T07:02:07.804+0000] {dag.py:3036} INFO - Sync 1 DAGs
[2024-11-06T07:02:07.822+0000] {logging_mixin.py:188} INFO - [2024-11-06T07:02:07.822+0000] {dag.py:3823} INFO - Setting next_dagrun for example_local_kubernetes_executor to None, run_after=None
[2024-11-06T07:02:07.846+0000] {processor.py:183} INFO - Processing /home/airflow/.local/lib/python3.8/site-packages/airflow/example_dags/example_local_kubernetes_executor.py took 0.096 seconds
[2024-11-06T07:02:38.689+0000] {processor.py:161} INFO - Started process (PID=335) to work on /home/airflow/.local/lib/python3.8/site-packages/airflow/example_dags/example_local_kubernetes_executor.py
[2024-11-06T07:02:38.690+0000] {processor.py:830} INFO - Processing file /home/airflow/.local/lib/python3.8/site-packages/airflow/example_dags/example_local_kubernetes_executor.py for tasks to queue
[2024-11-06T07:02:38.692+0000] {logging_mixin.py:188} INFO - [2024-11-06T07:02:38.692+0000] {dagbag.py:538} INFO - Filling up the DagBag from /home/airflow/.local/lib/python3.8/site-packages/airflow/example_dags/example_local_kubernetes_executor.py
[2024-11-06T07:02:38.700+0000] {processor.py:840} INFO - DAG(s) 'example_local_kubernetes_executor' retrieved from /home/airflow/.local/lib/python3.8/site-packages/airflow/example_dags/example_local_kubernetes_executor.py
[2024-11-06T07:02:38.742+0000] {logging_mixin.py:188} INFO - [2024-11-06T07:02:38.742+0000] {dag.py:3036} INFO - Sync 1 DAGs
[2024-11-06T07:02:38.761+0000] {logging_mixin.py:188} INFO - [2024-11-06T07:02:38.760+0000] {dag.py:3823} INFO - Setting next_dagrun for example_local_kubernetes_executor to None, run_after=None
[2024-11-06T07:02:38.796+0000] {processor.py:183} INFO - Processing /home/airflow/.local/lib/python3.8/site-packages/airflow/example_dags/example_local_kubernetes_executor.py took 0.110 seconds
[2024-11-06T07:03:09.023+0000] {processor.py:161} INFO - Started process (PID=393) to work on /home/airflow/.local/lib/python3.8/site-packages/airflow/example_dags/example_local_kubernetes_executor.py
[2024-11-06T07:03:09.033+0000] {processor.py:830} INFO - Processing file /home/airflow/.local/lib/python3.8/site-packages/airflow/example_dags/example_local_kubernetes_executor.py for tasks to queue
[2024-11-06T07:03:09.035+0000] {logging_mixin.py:188} INFO - [2024-11-06T07:03:09.034+0000] {dagbag.py:538} INFO - Filling up the DagBag from /home/airflow/.local/lib/python3.8/site-packages/airflow/example_dags/example_local_kubernetes_executor.py
[2024-11-06T07:03:09.043+0000] {processor.py:840} INFO - DAG(s) 'example_local_kubernetes_executor' retrieved from /home/airflow/.local/lib/python3.8/site-packages/airflow/example_dags/example_local_kubernetes_executor.py
[2024-11-06T07:03:09.083+0000] {logging_mixin.py:188} INFO - [2024-11-06T07:03:09.083+0000] {dag.py:3036} INFO - Sync 1 DAGs
[2024-11-06T07:03:09.096+0000] {logging_mixin.py:188} INFO - [2024-11-06T07:03:09.096+0000] {dag.py:3823} INFO - Setting next_dagrun for example_local_kubernetes_executor to None, run_after=None
[2024-11-06T07:03:09.136+0000] {processor.py:183} INFO - Processing /home/airflow/.local/lib/python3.8/site-packages/airflow/example_dags/example_local_kubernetes_executor.py took 0.117 seconds
[2024-11-06T07:03:39.255+0000] {processor.py:161} INFO - Started process (PID=450) to work on /home/airflow/.local/lib/python3.8/site-packages/airflow/example_dags/example_local_kubernetes_executor.py
[2024-11-06T07:03:39.256+0000] {processor.py:830} INFO - Processing file /home/airflow/.local/lib/python3.8/site-packages/airflow/example_dags/example_local_kubernetes_executor.py for tasks to queue
[2024-11-06T07:03:39.258+0000] {logging_mixin.py:188} INFO - [2024-11-06T07:03:39.257+0000] {dagbag.py:538} INFO - Filling up the DagBag from /home/airflow/.local/lib/python3.8/site-packages/airflow/example_dags/example_local_kubernetes_executor.py
[2024-11-06T07:03:39.266+0000] {processor.py:840} INFO - DAG(s) 'example_local_kubernetes_executor' retrieved from /home/airflow/.local/lib/python3.8/site-packages/airflow/example_dags/example_local_kubernetes_executor.py
[2024-11-06T07:03:39.308+0000] {logging_mixin.py:188} INFO - [2024-11-06T07:03:39.308+0000] {dag.py:3036} INFO - Sync 1 DAGs
[2024-11-06T07:03:39.322+0000] {logging_mixin.py:188} INFO - [2024-11-06T07:03:39.322+0000] {dag.py:3823} INFO - Setting next_dagrun for example_local_kubernetes_executor to None, run_after=None
[2024-11-06T07:03:39.348+0000] {processor.py:183} INFO - Processing /home/airflow/.local/lib/python3.8/site-packages/airflow/example_dags/example_local_kubernetes_executor.py took 0.097 seconds
[2024-11-06T07:04:09.615+0000] {processor.py:161} INFO - Started process (PID=508) to work on /home/airflow/.local/lib/python3.8/site-packages/airflow/example_dags/example_local_kubernetes_executor.py
[2024-11-06T07:04:09.616+0000] {processor.py:830} INFO - Processing file /home/airflow/.local/lib/python3.8/site-packages/airflow/example_dags/example_local_kubernetes_executor.py for tasks to queue
[2024-11-06T07:04:09.618+0000] {logging_mixin.py:188} INFO - [2024-11-06T07:04:09.618+0000] {dagbag.py:538} INFO - Filling up the DagBag from /home/airflow/.local/lib/python3.8/site-packages/airflow/example_dags/example_local_kubernetes_executor.py
[2024-11-06T07:04:09.626+0000] {processor.py:840} INFO - DAG(s) 'example_local_kubernetes_executor' retrieved from /home/airflow/.local/lib/python3.8/site-packages/airflow/example_dags/example_local_kubernetes_executor.py
[2024-11-06T07:04:09.667+0000] {logging_mixin.py:188} INFO - [2024-11-06T07:04:09.666+0000] {dag.py:3036} INFO - Sync 1 DAGs
[2024-11-06T07:04:09.680+0000] {logging_mixin.py:188} INFO - [2024-11-06T07:04:09.680+0000] {dag.py:3823} INFO - Setting next_dagrun for example_local_kubernetes_executor to None, run_after=None
[2024-11-06T07:04:09.703+0000] {processor.py:183} INFO - Processing /home/airflow/.local/lib/python3.8/site-packages/airflow/example_dags/example_local_kubernetes_executor.py took 0.091 seconds
[2024-11-06T07:04:40.066+0000] {processor.py:161} INFO - Started process (PID=565) to work on /home/airflow/.local/lib/python3.8/site-packages/airflow/example_dags/example_local_kubernetes_executor.py
[2024-11-06T07:04:40.067+0000] {processor.py:830} INFO - Processing file /home/airflow/.local/lib/python3.8/site-packages/airflow/example_dags/example_local_kubernetes_executor.py for tasks to queue
[2024-11-06T07:04:40.069+0000] {logging_mixin.py:188} INFO - [2024-11-06T07:04:40.068+0000] {dagbag.py:538} INFO - Filling up the DagBag from /home/airflow/.local/lib/python3.8/site-packages/airflow/example_dags/example_local_kubernetes_executor.py
[2024-11-06T07:04:40.077+0000] {processor.py:840} INFO - DAG(s) 'example_local_kubernetes_executor' retrieved from /home/airflow/.local/lib/python3.8/site-packages/airflow/example_dags/example_local_kubernetes_executor.py
[2024-11-06T07:04:40.126+0000] {logging_mixin.py:188} INFO - [2024-11-06T07:04:40.126+0000] {dag.py:3036} INFO - Sync 1 DAGs
[2024-11-06T07:04:40.144+0000] {logging_mixin.py:188} INFO - [2024-11-06T07:04:40.143+0000] {dag.py:3823} INFO - Setting next_dagrun for example_local_kubernetes_executor to None, run_after=None
[2024-11-06T07:04:40.189+0000] {processor.py:183} INFO - Processing /home/airflow/.local/lib/python3.8/site-packages/airflow/example_dags/example_local_kubernetes_executor.py took 0.126 seconds
[2024-11-06T07:05:10.353+0000] {processor.py:161} INFO - Started process (PID=622) to work on /home/airflow/.local/lib/python3.8/site-packages/airflow/example_dags/example_local_kubernetes_executor.py
[2024-11-06T07:05:10.362+0000] {processor.py:830} INFO - Processing file /home/airflow/.local/lib/python3.8/site-packages/airflow/example_dags/example_local_kubernetes_executor.py for tasks to queue
[2024-11-06T07:05:10.371+0000] {logging_mixin.py:188} INFO - [2024-11-06T07:05:10.371+0000] {dagbag.py:538} INFO - Filling up the DagBag from /home/airflow/.local/lib/python3.8/site-packages/airflow/example_dags/example_local_kubernetes_executor.py
[2024-11-06T07:05:10.400+0000] {processor.py:840} INFO - DAG(s) 'example_local_kubernetes_executor' retrieved from /home/airflow/.local/lib/python3.8/site-packages/airflow/example_dags/example_local_kubernetes_executor.py
[2024-11-06T07:05:10.559+0000] {logging_mixin.py:188} INFO - [2024-11-06T07:05:10.559+0000] {dag.py:3036} INFO - Sync 1 DAGs
[2024-11-06T07:05:10.581+0000] {logging_mixin.py:188} INFO - [2024-11-06T07:05:10.581+0000] {dag.py:3823} INFO - Setting next_dagrun for example_local_kubernetes_executor to None, run_after=None
[2024-11-06T07:05:10.611+0000] {processor.py:183} INFO - Processing /home/airflow/.local/lib/python3.8/site-packages/airflow/example_dags/example_local_kubernetes_executor.py took 0.265 seconds
[2024-11-06T07:05:40.976+0000] {processor.py:161} INFO - Started process (PID=679) to work on /home/airflow/.local/lib/python3.8/site-packages/airflow/example_dags/example_local_kubernetes_executor.py
[2024-11-06T07:05:40.998+0000] {processor.py:830} INFO - Processing file /home/airflow/.local/lib/python3.8/site-packages/airflow/example_dags/example_local_kubernetes_executor.py for tasks to queue
[2024-11-06T07:05:41.000+0000] {logging_mixin.py:188} INFO - [2024-11-06T07:05:40.999+0000] {dagbag.py:538} INFO - Filling up the DagBag from /home/airflow/.local/lib/python3.8/site-packages/airflow/example_dags/example_local_kubernetes_executor.py
[2024-11-06T07:05:41.038+0000] {processor.py:840} INFO - DAG(s) 'example_local_kubernetes_executor' retrieved from /home/airflow/.local/lib/python3.8/site-packages/airflow/example_dags/example_local_kubernetes_executor.py
[2024-11-06T07:05:41.211+0000] {logging_mixin.py:188} INFO - [2024-11-06T07:05:41.211+0000] {dag.py:3036} INFO - Sync 1 DAGs
[2024-11-06T07:05:41.255+0000] {logging_mixin.py:188} INFO - [2024-11-06T07:05:41.247+0000] {dag.py:3823} INFO - Setting next_dagrun for example_local_kubernetes_executor to None, run_after=None
[2024-11-06T07:05:41.329+0000] {processor.py:183} INFO - Processing /home/airflow/.local/lib/python3.8/site-packages/airflow/example_dags/example_local_kubernetes_executor.py took 0.379 seconds
[2024-11-06T07:06:12.234+0000] {processor.py:161} INFO - Started process (PID=736) to work on /home/airflow/.local/lib/python3.8/site-packages/airflow/example_dags/example_local_kubernetes_executor.py
[2024-11-06T07:06:12.241+0000] {processor.py:830} INFO - Processing file /home/airflow/.local/lib/python3.8/site-packages/airflow/example_dags/example_local_kubernetes_executor.py for tasks to queue
[2024-11-06T07:06:12.252+0000] {logging_mixin.py:188} INFO - [2024-11-06T07:06:12.251+0000] {dagbag.py:538} INFO - Filling up the DagBag from /home/airflow/.local/lib/python3.8/site-packages/airflow/example_dags/example_local_kubernetes_executor.py
[2024-11-06T07:06:12.273+0000] {processor.py:840} INFO - DAG(s) 'example_local_kubernetes_executor' retrieved from /home/airflow/.local/lib/python3.8/site-packages/airflow/example_dags/example_local_kubernetes_executor.py
[2024-11-06T07:06:12.435+0000] {logging_mixin.py:188} INFO - [2024-11-06T07:06:12.435+0000] {dag.py:3036} INFO - Sync 1 DAGs
[2024-11-06T07:06:12.484+0000] {logging_mixin.py:188} INFO - [2024-11-06T07:06:12.482+0000] {dag.py:3823} INFO - Setting next_dagrun for example_local_kubernetes_executor to None, run_after=None
[2024-11-06T07:06:12.538+0000] {processor.py:183} INFO - Processing /home/airflow/.local/lib/python3.8/site-packages/airflow/example_dags/example_local_kubernetes_executor.py took 0.310 seconds
[2024-11-06T07:06:43.129+0000] {processor.py:161} INFO - Started process (PID=794) to work on /home/airflow/.local/lib/python3.8/site-packages/airflow/example_dags/example_local_kubernetes_executor.py
[2024-11-06T07:06:43.130+0000] {processor.py:830} INFO - Processing file /home/airflow/.local/lib/python3.8/site-packages/airflow/example_dags/example_local_kubernetes_executor.py for tasks to queue
[2024-11-06T07:06:43.131+0000] {logging_mixin.py:188} INFO - [2024-11-06T07:06:43.131+0000] {dagbag.py:538} INFO - Filling up the DagBag from /home/airflow/.local/lib/python3.8/site-packages/airflow/example_dags/example_local_kubernetes_executor.py
[2024-11-06T07:06:43.139+0000] {processor.py:840} INFO - DAG(s) 'example_local_kubernetes_executor' retrieved from /home/airflow/.local/lib/python3.8/site-packages/airflow/example_dags/example_local_kubernetes_executor.py
[2024-11-06T07:06:43.184+0000] {logging_mixin.py:188} INFO - [2024-11-06T07:06:43.183+0000] {dag.py:3036} INFO - Sync 1 DAGs
[2024-11-06T07:06:43.202+0000] {logging_mixin.py:188} INFO - [2024-11-06T07:06:43.201+0000] {dag.py:3823} INFO - Setting next_dagrun for example_local_kubernetes_executor to None, run_after=None
[2024-11-06T07:06:43.226+0000] {processor.py:183} INFO - Processing /home/airflow/.local/lib/python3.8/site-packages/airflow/example_dags/example_local_kubernetes_executor.py took 0.100 seconds
[2024-11-06T07:07:13.800+0000] {processor.py:161} INFO - Started process (PID=851) to work on /home/airflow/.local/lib/python3.8/site-packages/airflow/example_dags/example_local_kubernetes_executor.py
[2024-11-06T07:07:13.801+0000] {processor.py:830} INFO - Processing file /home/airflow/.local/lib/python3.8/site-packages/airflow/example_dags/example_local_kubernetes_executor.py for tasks to queue
[2024-11-06T07:07:13.803+0000] {logging_mixin.py:188} INFO - [2024-11-06T07:07:13.803+0000] {dagbag.py:538} INFO - Filling up the DagBag from /home/airflow/.local/lib/python3.8/site-packages/airflow/example_dags/example_local_kubernetes_executor.py
[2024-11-06T07:07:13.811+0000] {processor.py:840} INFO - DAG(s) 'example_local_kubernetes_executor' retrieved from /home/airflow/.local/lib/python3.8/site-packages/airflow/example_dags/example_local_kubernetes_executor.py
[2024-11-06T07:07:13.856+0000] {logging_mixin.py:188} INFO - [2024-11-06T07:07:13.855+0000] {dag.py:3036} INFO - Sync 1 DAGs
[2024-11-06T07:07:13.869+0000] {logging_mixin.py:188} INFO - [2024-11-06T07:07:13.869+0000] {dag.py:3823} INFO - Setting next_dagrun for example_local_kubernetes_executor to None, run_after=None
[2024-11-06T07:07:13.908+0000] {processor.py:183} INFO - Processing /home/airflow/.local/lib/python3.8/site-packages/airflow/example_dags/example_local_kubernetes_executor.py took 0.111 seconds
[2024-11-06T07:07:44.529+0000] {processor.py:161} INFO - Started process (PID=909) to work on /home/airflow/.local/lib/python3.8/site-packages/airflow/example_dags/example_local_kubernetes_executor.py
[2024-11-06T07:07:44.530+0000] {processor.py:830} INFO - Processing file /home/airflow/.local/lib/python3.8/site-packages/airflow/example_dags/example_local_kubernetes_executor.py for tasks to queue
[2024-11-06T07:07:44.532+0000] {logging_mixin.py:188} INFO - [2024-11-06T07:07:44.532+0000] {dagbag.py:538} INFO - Filling up the DagBag from /home/airflow/.local/lib/python3.8/site-packages/airflow/example_dags/example_local_kubernetes_executor.py
[2024-11-06T07:07:44.540+0000] {processor.py:840} INFO - DAG(s) 'example_local_kubernetes_executor' retrieved from /home/airflow/.local/lib/python3.8/site-packages/airflow/example_dags/example_local_kubernetes_executor.py
[2024-11-06T07:07:44.585+0000] {logging_mixin.py:188} INFO - [2024-11-06T07:07:44.585+0000] {dag.py:3036} INFO - Sync 1 DAGs
[2024-11-06T07:07:44.600+0000] {logging_mixin.py:188} INFO - [2024-11-06T07:07:44.600+0000] {dag.py:3823} INFO - Setting next_dagrun for example_local_kubernetes_executor to None, run_after=None
[2024-11-06T07:07:44.621+0000] {processor.py:183} INFO - Processing /home/airflow/.local/lib/python3.8/site-packages/airflow/example_dags/example_local_kubernetes_executor.py took 0.096 seconds
[2024-11-06T07:08:14.780+0000] {processor.py:161} INFO - Started process (PID=967) to work on /home/airflow/.local/lib/python3.8/site-packages/airflow/example_dags/example_local_kubernetes_executor.py
[2024-11-06T07:08:14.781+0000] {processor.py:830} INFO - Processing file /home/airflow/.local/lib/python3.8/site-packages/airflow/example_dags/example_local_kubernetes_executor.py for tasks to queue
[2024-11-06T07:08:14.791+0000] {logging_mixin.py:188} INFO - [2024-11-06T07:08:14.791+0000] {dagbag.py:538} INFO - Filling up the DagBag from /home/airflow/.local/lib/python3.8/site-packages/airflow/example_dags/example_local_kubernetes_executor.py
[2024-11-06T07:08:14.805+0000] {processor.py:840} INFO - DAG(s) 'example_local_kubernetes_executor' retrieved from /home/airflow/.local/lib/python3.8/site-packages/airflow/example_dags/example_local_kubernetes_executor.py
[2024-11-06T07:08:14.852+0000] {logging_mixin.py:188} INFO - [2024-11-06T07:08:14.851+0000] {dag.py:3036} INFO - Sync 1 DAGs
[2024-11-06T07:08:14.867+0000] {logging_mixin.py:188} INFO - [2024-11-06T07:08:14.866+0000] {dag.py:3823} INFO - Setting next_dagrun for example_local_kubernetes_executor to None, run_after=None
[2024-11-06T07:08:14.889+0000] {processor.py:183} INFO - Processing /home/airflow/.local/lib/python3.8/site-packages/airflow/example_dags/example_local_kubernetes_executor.py took 0.112 seconds
[2024-11-06T07:08:44.995+0000] {processor.py:161} INFO - Started process (PID=1024) to work on /home/airflow/.local/lib/python3.8/site-packages/airflow/example_dags/example_local_kubernetes_executor.py
[2024-11-06T07:08:44.996+0000] {processor.py:830} INFO - Processing file /home/airflow/.local/lib/python3.8/site-packages/airflow/example_dags/example_local_kubernetes_executor.py for tasks to queue
[2024-11-06T07:08:44.998+0000] {logging_mixin.py:188} INFO - [2024-11-06T07:08:44.997+0000] {dagbag.py:538} INFO - Filling up the DagBag from /home/airflow/.local/lib/python3.8/site-packages/airflow/example_dags/example_local_kubernetes_executor.py
[2024-11-06T07:08:45.006+0000] {processor.py:840} INFO - DAG(s) 'example_local_kubernetes_executor' retrieved from /home/airflow/.local/lib/python3.8/site-packages/airflow/example_dags/example_local_kubernetes_executor.py
[2024-11-06T07:08:45.044+0000] {logging_mixin.py:188} INFO - [2024-11-06T07:08:45.043+0000] {dag.py:3036} INFO - Sync 1 DAGs
[2024-11-06T07:08:45.060+0000] {logging_mixin.py:188} INFO - [2024-11-06T07:08:45.060+0000] {dag.py:3823} INFO - Setting next_dagrun for example_local_kubernetes_executor to None, run_after=None
[2024-11-06T07:08:45.105+0000] {processor.py:183} INFO - Processing /home/airflow/.local/lib/python3.8/site-packages/airflow/example_dags/example_local_kubernetes_executor.py took 0.113 seconds
[2024-11-06T07:09:15.476+0000] {processor.py:161} INFO - Started process (PID=1082) to work on /home/airflow/.local/lib/python3.8/site-packages/airflow/example_dags/example_local_kubernetes_executor.py
[2024-11-06T07:09:15.477+0000] {processor.py:830} INFO - Processing file /home/airflow/.local/lib/python3.8/site-packages/airflow/example_dags/example_local_kubernetes_executor.py for tasks to queue
[2024-11-06T07:09:15.479+0000] {logging_mixin.py:188} INFO - [2024-11-06T07:09:15.478+0000] {dagbag.py:538} INFO - Filling up the DagBag from /home/airflow/.local/lib/python3.8/site-packages/airflow/example_dags/example_local_kubernetes_executor.py
[2024-11-06T07:09:15.487+0000] {processor.py:840} INFO - DAG(s) 'example_local_kubernetes_executor' retrieved from /home/airflow/.local/lib/python3.8/site-packages/airflow/example_dags/example_local_kubernetes_executor.py
[2024-11-06T07:09:15.529+0000] {logging_mixin.py:188} INFO - [2024-11-06T07:09:15.529+0000] {dag.py:3036} INFO - Sync 1 DAGs
[2024-11-06T07:09:15.543+0000] {logging_mixin.py:188} INFO - [2024-11-06T07:09:15.543+0000] {dag.py:3823} INFO - Setting next_dagrun for example_local_kubernetes_executor to None, run_after=None
[2024-11-06T07:09:15.610+0000] {processor.py:183} INFO - Processing /home/airflow/.local/lib/python3.8/site-packages/airflow/example_dags/example_local_kubernetes_executor.py took 0.138 seconds
[2024-11-06T07:09:46.097+0000] {processor.py:161} INFO - Started process (PID=1139) to work on /home/airflow/.local/lib/python3.8/site-packages/airflow/example_dags/example_local_kubernetes_executor.py
[2024-11-06T07:09:46.098+0000] {processor.py:830} INFO - Processing file /home/airflow/.local/lib/python3.8/site-packages/airflow/example_dags/example_local_kubernetes_executor.py for tasks to queue
[2024-11-06T07:09:46.100+0000] {logging_mixin.py:188} INFO - [2024-11-06T07:09:46.100+0000] {dagbag.py:538} INFO - Filling up the DagBag from /home/airflow/.local/lib/python3.8/site-packages/airflow/example_dags/example_local_kubernetes_executor.py
[2024-11-06T07:09:46.108+0000] {processor.py:840} INFO - DAG(s) 'example_local_kubernetes_executor' retrieved from /home/airflow/.local/lib/python3.8/site-packages/airflow/example_dags/example_local_kubernetes_executor.py
[2024-11-06T07:09:46.161+0000] {logging_mixin.py:188} INFO - [2024-11-06T07:09:46.161+0000] {dag.py:3036} INFO - Sync 1 DAGs
[2024-11-06T07:09:46.175+0000] {logging_mixin.py:188} INFO - [2024-11-06T07:09:46.175+0000] {dag.py:3823} INFO - Setting next_dagrun for example_local_kubernetes_executor to None, run_after=None
[2024-11-06T07:09:46.199+0000] {processor.py:183} INFO - Processing /home/airflow/.local/lib/python3.8/site-packages/airflow/example_dags/example_local_kubernetes_executor.py took 0.105 seconds
[2024-11-06T07:10:16.713+0000] {processor.py:161} INFO - Started process (PID=1196) to work on /home/airflow/.local/lib/python3.8/site-packages/airflow/example_dags/example_local_kubernetes_executor.py
[2024-11-06T07:10:16.713+0000] {processor.py:830} INFO - Processing file /home/airflow/.local/lib/python3.8/site-packages/airflow/example_dags/example_local_kubernetes_executor.py for tasks to queue
[2024-11-06T07:10:16.715+0000] {logging_mixin.py:188} INFO - [2024-11-06T07:10:16.715+0000] {dagbag.py:538} INFO - Filling up the DagBag from /home/airflow/.local/lib/python3.8/site-packages/airflow/example_dags/example_local_kubernetes_executor.py
[2024-11-06T07:10:16.723+0000] {processor.py:840} INFO - DAG(s) 'example_local_kubernetes_executor' retrieved from /home/airflow/.local/lib/python3.8/site-packages/airflow/example_dags/example_local_kubernetes_executor.py
[2024-11-06T07:10:16.767+0000] {logging_mixin.py:188} INFO - [2024-11-06T07:10:16.767+0000] {dag.py:3036} INFO - Sync 1 DAGs
[2024-11-06T07:10:16.781+0000] {logging_mixin.py:188} INFO - [2024-11-06T07:10:16.781+0000] {dag.py:3823} INFO - Setting next_dagrun for example_local_kubernetes_executor to None, run_after=None
[2024-11-06T07:10:16.811+0000] {processor.py:183} INFO - Processing /home/airflow/.local/lib/python3.8/site-packages/airflow/example_dags/example_local_kubernetes_executor.py took 0.102 seconds
[2024-11-06T07:10:47.061+0000] {processor.py:161} INFO - Started process (PID=1253) to work on /home/airflow/.local/lib/python3.8/site-packages/airflow/example_dags/example_local_kubernetes_executor.py
[2024-11-06T07:10:47.062+0000] {processor.py:830} INFO - Processing file /home/airflow/.local/lib/python3.8/site-packages/airflow/example_dags/example_local_kubernetes_executor.py for tasks to queue
[2024-11-06T07:10:47.063+0000] {logging_mixin.py:188} INFO - [2024-11-06T07:10:47.063+0000] {dagbag.py:538} INFO - Filling up the DagBag from /home/airflow/.local/lib/python3.8/site-packages/airflow/example_dags/example_local_kubernetes_executor.py
[2024-11-06T07:10:47.071+0000] {processor.py:840} INFO - DAG(s) 'example_local_kubernetes_executor' retrieved from /home/airflow/.local/lib/python3.8/site-packages/airflow/example_dags/example_local_kubernetes_executor.py
[2024-11-06T07:10:47.111+0000] {logging_mixin.py:188} INFO - [2024-11-06T07:10:47.111+0000] {dag.py:3036} INFO - Sync 1 DAGs
[2024-11-06T07:10:47.125+0000] {logging_mixin.py:188} INFO - [2024-11-06T07:10:47.124+0000] {dag.py:3823} INFO - Setting next_dagrun for example_local_kubernetes_executor to None, run_after=None
[2024-11-06T07:10:47.149+0000] {processor.py:183} INFO - Processing /home/airflow/.local/lib/python3.8/site-packages/airflow/example_dags/example_local_kubernetes_executor.py took 0.092 seconds
[2024-11-06T07:11:17.756+0000] {processor.py:161} INFO - Started process (PID=1310) to work on /home/airflow/.local/lib/python3.8/site-packages/airflow/example_dags/example_local_kubernetes_executor.py
[2024-11-06T07:11:17.757+0000] {processor.py:830} INFO - Processing file /home/airflow/.local/lib/python3.8/site-packages/airflow/example_dags/example_local_kubernetes_executor.py for tasks to queue
[2024-11-06T07:11:17.758+0000] {logging_mixin.py:188} INFO - [2024-11-06T07:11:17.758+0000] {dagbag.py:538} INFO - Filling up the DagBag from /home/airflow/.local/lib/python3.8/site-packages/airflow/example_dags/example_local_kubernetes_executor.py
[2024-11-06T07:11:17.766+0000] {processor.py:840} INFO - DAG(s) 'example_local_kubernetes_executor' retrieved from /home/airflow/.local/lib/python3.8/site-packages/airflow/example_dags/example_local_kubernetes_executor.py
[2024-11-06T07:11:17.807+0000] {logging_mixin.py:188} INFO - [2024-11-06T07:11:17.806+0000] {dag.py:3036} INFO - Sync 1 DAGs
[2024-11-06T07:11:17.820+0000] {logging_mixin.py:188} INFO - [2024-11-06T07:11:17.820+0000] {dag.py:3823} INFO - Setting next_dagrun for example_local_kubernetes_executor to None, run_after=None
[2024-11-06T07:11:17.844+0000] {processor.py:183} INFO - Processing /home/airflow/.local/lib/python3.8/site-packages/airflow/example_dags/example_local_kubernetes_executor.py took 0.092 seconds
[2024-11-06T07:11:47.999+0000] {processor.py:161} INFO - Started process (PID=1367) to work on /home/airflow/.local/lib/python3.8/site-packages/airflow/example_dags/example_local_kubernetes_executor.py
[2024-11-06T07:11:48.000+0000] {processor.py:830} INFO - Processing file /home/airflow/.local/lib/python3.8/site-packages/airflow/example_dags/example_local_kubernetes_executor.py for tasks to queue
[2024-11-06T07:11:48.002+0000] {logging_mixin.py:188} INFO - [2024-11-06T07:11:48.001+0000] {dagbag.py:538} INFO - Filling up the DagBag from /home/airflow/.local/lib/python3.8/site-packages/airflow/example_dags/example_local_kubernetes_executor.py
[2024-11-06T07:11:48.017+0000] {processor.py:840} INFO - DAG(s) 'example_local_kubernetes_executor' retrieved from /home/airflow/.local/lib/python3.8/site-packages/airflow/example_dags/example_local_kubernetes_executor.py
[2024-11-06T07:11:48.058+0000] {logging_mixin.py:188} INFO - [2024-11-06T07:11:48.058+0000] {dag.py:3036} INFO - Sync 1 DAGs
[2024-11-06T07:11:48.073+0000] {logging_mixin.py:188} INFO - [2024-11-06T07:11:48.073+0000] {dag.py:3823} INFO - Setting next_dagrun for example_local_kubernetes_executor to None, run_after=None
[2024-11-06T07:11:48.094+0000] {processor.py:183} INFO - Processing /home/airflow/.local/lib/python3.8/site-packages/airflow/example_dags/example_local_kubernetes_executor.py took 0.098 seconds
[2024-11-06T07:12:18.944+0000] {processor.py:161} INFO - Started process (PID=1424) to work on /home/airflow/.local/lib/python3.8/site-packages/airflow/example_dags/example_local_kubernetes_executor.py
[2024-11-06T07:12:18.945+0000] {processor.py:830} INFO - Processing file /home/airflow/.local/lib/python3.8/site-packages/airflow/example_dags/example_local_kubernetes_executor.py for tasks to queue
[2024-11-06T07:12:18.947+0000] {logging_mixin.py:188} INFO - [2024-11-06T07:12:18.946+0000] {dagbag.py:538} INFO - Filling up the DagBag from /home/airflow/.local/lib/python3.8/site-packages/airflow/example_dags/example_local_kubernetes_executor.py
[2024-11-06T07:12:18.954+0000] {processor.py:840} INFO - DAG(s) 'example_local_kubernetes_executor' retrieved from /home/airflow/.local/lib/python3.8/site-packages/airflow/example_dags/example_local_kubernetes_executor.py
[2024-11-06T07:12:18.995+0000] {logging_mixin.py:188} INFO - [2024-11-06T07:12:18.995+0000] {dag.py:3036} INFO - Sync 1 DAGs
[2024-11-06T07:12:19.013+0000] {logging_mixin.py:188} INFO - [2024-11-06T07:12:19.012+0000] {dag.py:3823} INFO - Setting next_dagrun for example_local_kubernetes_executor to None, run_after=None
[2024-11-06T07:12:19.045+0000] {processor.py:183} INFO - Processing /home/airflow/.local/lib/python3.8/site-packages/airflow/example_dags/example_local_kubernetes_executor.py took 0.104 seconds
[2024-11-06T07:14:08.585+0000] {processor.py:161} INFO - Started process (PID=96) to work on /home/airflow/.local/lib/python3.8/site-packages/airflow/example_dags/example_local_kubernetes_executor.py
[2024-11-06T07:14:08.595+0000] {processor.py:830} INFO - Processing file /home/airflow/.local/lib/python3.8/site-packages/airflow/example_dags/example_local_kubernetes_executor.py for tasks to queue
[2024-11-06T07:14:08.596+0000] {logging_mixin.py:188} INFO - [2024-11-06T07:14:08.596+0000] {dagbag.py:538} INFO - Filling up the DagBag from /home/airflow/.local/lib/python3.8/site-packages/airflow/example_dags/example_local_kubernetes_executor.py
[2024-11-06T07:14:08.647+0000] {processor.py:840} INFO - DAG(s) 'example_local_kubernetes_executor' retrieved from /home/airflow/.local/lib/python3.8/site-packages/airflow/example_dags/example_local_kubernetes_executor.py
[2024-11-06T07:14:09.274+0000] {logging_mixin.py:188} INFO - [2024-11-06T07:14:09.273+0000] {dag.py:3036} INFO - Sync 1 DAGs
[2024-11-06T07:14:09.334+0000] {logging_mixin.py:188} INFO - [2024-11-06T07:14:09.334+0000] {dag.py:3823} INFO - Setting next_dagrun for example_local_kubernetes_executor to None, run_after=None
[2024-11-06T07:14:09.391+0000] {processor.py:183} INFO - Processing /home/airflow/.local/lib/python3.8/site-packages/airflow/example_dags/example_local_kubernetes_executor.py took 0.810 seconds
[2024-11-06T07:14:39.589+0000] {processor.py:161} INFO - Started process (PID=153) to work on /home/airflow/.local/lib/python3.8/site-packages/airflow/example_dags/example_local_kubernetes_executor.py
[2024-11-06T07:14:39.590+0000] {processor.py:830} INFO - Processing file /home/airflow/.local/lib/python3.8/site-packages/airflow/example_dags/example_local_kubernetes_executor.py for tasks to queue
[2024-11-06T07:14:39.591+0000] {logging_mixin.py:188} INFO - [2024-11-06T07:14:39.591+0000] {dagbag.py:538} INFO - Filling up the DagBag from /home/airflow/.local/lib/python3.8/site-packages/airflow/example_dags/example_local_kubernetes_executor.py
[2024-11-06T07:14:39.597+0000] {processor.py:840} INFO - DAG(s) 'example_local_kubernetes_executor' retrieved from /home/airflow/.local/lib/python3.8/site-packages/airflow/example_dags/example_local_kubernetes_executor.py
[2024-11-06T07:14:39.624+0000] {logging_mixin.py:188} INFO - [2024-11-06T07:14:39.624+0000] {dag.py:3036} INFO - Sync 1 DAGs
[2024-11-06T07:14:39.633+0000] {logging_mixin.py:188} INFO - [2024-11-06T07:14:39.633+0000] {dag.py:3823} INFO - Setting next_dagrun for example_local_kubernetes_executor to None, run_after=None
[2024-11-06T07:14:39.655+0000] {processor.py:183} INFO - Processing /home/airflow/.local/lib/python3.8/site-packages/airflow/example_dags/example_local_kubernetes_executor.py took 0.069 seconds
[2024-11-06T07:15:10.519+0000] {processor.py:161} INFO - Started process (PID=210) to work on /home/airflow/.local/lib/python3.8/site-packages/airflow/example_dags/example_local_kubernetes_executor.py
[2024-11-06T07:15:10.520+0000] {processor.py:830} INFO - Processing file /home/airflow/.local/lib/python3.8/site-packages/airflow/example_dags/example_local_kubernetes_executor.py for tasks to queue
[2024-11-06T07:15:10.522+0000] {logging_mixin.py:188} INFO - [2024-11-06T07:15:10.522+0000] {dagbag.py:538} INFO - Filling up the DagBag from /home/airflow/.local/lib/python3.8/site-packages/airflow/example_dags/example_local_kubernetes_executor.py
[2024-11-06T07:15:10.539+0000] {processor.py:840} INFO - DAG(s) 'example_local_kubernetes_executor' retrieved from /home/airflow/.local/lib/python3.8/site-packages/airflow/example_dags/example_local_kubernetes_executor.py
[2024-11-06T07:15:10.587+0000] {logging_mixin.py:188} INFO - [2024-11-06T07:15:10.587+0000] {dag.py:3036} INFO - Sync 1 DAGs
[2024-11-06T07:15:10.597+0000] {logging_mixin.py:188} INFO - [2024-11-06T07:15:10.597+0000] {dag.py:3823} INFO - Setting next_dagrun for example_local_kubernetes_executor to None, run_after=None
[2024-11-06T07:15:10.616+0000] {processor.py:183} INFO - Processing /home/airflow/.local/lib/python3.8/site-packages/airflow/example_dags/example_local_kubernetes_executor.py took 0.100 seconds
