[2024-11-06T07:00:22.082+0000] {processor.py:161} INFO - Started process (PID=65) to work on /home/airflow/.local/lib/python3.8/site-packages/airflow/example_dags/example_branch_operator.py
[2024-11-06T07:00:22.083+0000] {processor.py:830} INFO - Processing file /home/airflow/.local/lib/python3.8/site-packages/airflow/example_dags/example_branch_operator.py for tasks to queue
[2024-11-06T07:00:22.085+0000] {logging_mixin.py:188} INFO - [2024-11-06T07:00:22.085+0000] {dagbag.py:538} INFO - Filling up the DagBag from /home/airflow/.local/lib/python3.8/site-packages/airflow/example_dags/example_branch_operator.py
[2024-11-06T07:00:22.121+0000] {processor.py:840} INFO - DAG(s) 'example_branch_operator' retrieved from /home/airflow/.local/lib/python3.8/site-packages/airflow/example_dags/example_branch_operator.py
[2024-11-06T07:00:22.293+0000] {logging_mixin.py:188} INFO - [2024-11-06T07:00:22.293+0000] {dag.py:3036} INFO - Sync 1 DAGs
[2024-11-06T07:00:22.350+0000] {logging_mixin.py:188} INFO - [2024-11-06T07:00:22.349+0000] {dag.py:3823} INFO - Setting next_dagrun for example_branch_operator to 2024-11-05 00:00:00+00:00, run_after=2024-11-06 00:00:00+00:00
[2024-11-06T07:00:22.547+0000] {processor.py:183} INFO - Processing /home/airflow/.local/lib/python3.8/site-packages/airflow/example_dags/example_branch_operator.py took 0.471 seconds
[2024-11-06T07:00:53.279+0000] {processor.py:161} INFO - Started process (PID=122) to work on /home/airflow/.local/lib/python3.8/site-packages/airflow/example_dags/example_branch_operator.py
[2024-11-06T07:00:53.280+0000] {processor.py:830} INFO - Processing file /home/airflow/.local/lib/python3.8/site-packages/airflow/example_dags/example_branch_operator.py for tasks to queue
[2024-11-06T07:00:53.282+0000] {logging_mixin.py:188} INFO - [2024-11-06T07:00:53.281+0000] {dagbag.py:538} INFO - Filling up the DagBag from /home/airflow/.local/lib/python3.8/site-packages/airflow/example_dags/example_branch_operator.py
[2024-11-06T07:00:53.303+0000] {processor.py:840} INFO - DAG(s) 'example_branch_operator' retrieved from /home/airflow/.local/lib/python3.8/site-packages/airflow/example_dags/example_branch_operator.py
[2024-11-06T07:00:53.338+0000] {logging_mixin.py:188} INFO - [2024-11-06T07:00:53.338+0000] {dag.py:3036} INFO - Sync 1 DAGs
[2024-11-06T07:00:53.366+0000] {logging_mixin.py:188} INFO - [2024-11-06T07:00:53.365+0000] {dag.py:3823} INFO - Setting next_dagrun for example_branch_operator to 2024-11-05 00:00:00+00:00, run_after=2024-11-06 00:00:00+00:00
[2024-11-06T07:00:53.401+0000] {processor.py:183} INFO - Processing /home/airflow/.local/lib/python3.8/site-packages/airflow/example_dags/example_branch_operator.py took 0.126 seconds
[2024-11-06T07:01:23.480+0000] {processor.py:161} INFO - Started process (PID=181) to work on /home/airflow/.local/lib/python3.8/site-packages/airflow/example_dags/example_branch_operator.py
[2024-11-06T07:01:23.501+0000] {processor.py:830} INFO - Processing file /home/airflow/.local/lib/python3.8/site-packages/airflow/example_dags/example_branch_operator.py for tasks to queue
[2024-11-06T07:01:23.507+0000] {logging_mixin.py:188} INFO - [2024-11-06T07:01:23.506+0000] {dagbag.py:538} INFO - Filling up the DagBag from /home/airflow/.local/lib/python3.8/site-packages/airflow/example_dags/example_branch_operator.py
[2024-11-06T07:01:23.553+0000] {processor.py:840} INFO - DAG(s) 'example_branch_operator' retrieved from /home/airflow/.local/lib/python3.8/site-packages/airflow/example_dags/example_branch_operator.py
[2024-11-06T07:01:23.654+0000] {logging_mixin.py:188} INFO - [2024-11-06T07:01:23.654+0000] {dag.py:3036} INFO - Sync 1 DAGs
[2024-11-06T07:01:23.714+0000] {logging_mixin.py:188} INFO - [2024-11-06T07:01:23.713+0000] {dag.py:3823} INFO - Setting next_dagrun for example_branch_operator to 2024-11-05 00:00:00+00:00, run_after=2024-11-06 00:00:00+00:00
[2024-11-06T07:01:23.835+0000] {processor.py:183} INFO - Processing /home/airflow/.local/lib/python3.8/site-packages/airflow/example_dags/example_branch_operator.py took 0.386 seconds
[2024-11-06T07:01:53.929+0000] {processor.py:161} INFO - Started process (PID=239) to work on /home/airflow/.local/lib/python3.8/site-packages/airflow/example_dags/example_branch_operator.py
[2024-11-06T07:01:53.930+0000] {processor.py:830} INFO - Processing file /home/airflow/.local/lib/python3.8/site-packages/airflow/example_dags/example_branch_operator.py for tasks to queue
[2024-11-06T07:01:53.932+0000] {logging_mixin.py:188} INFO - [2024-11-06T07:01:53.932+0000] {dagbag.py:538} INFO - Filling up the DagBag from /home/airflow/.local/lib/python3.8/site-packages/airflow/example_dags/example_branch_operator.py
[2024-11-06T07:01:53.954+0000] {processor.py:840} INFO - DAG(s) 'example_branch_operator' retrieved from /home/airflow/.local/lib/python3.8/site-packages/airflow/example_dags/example_branch_operator.py
[2024-11-06T07:01:53.990+0000] {logging_mixin.py:188} INFO - [2024-11-06T07:01:53.990+0000] {dag.py:3036} INFO - Sync 1 DAGs
[2024-11-06T07:01:54.020+0000] {logging_mixin.py:188} INFO - [2024-11-06T07:01:54.019+0000] {dag.py:3823} INFO - Setting next_dagrun for example_branch_operator to 2024-11-05 00:00:00+00:00, run_after=2024-11-06 00:00:00+00:00
[2024-11-06T07:01:54.044+0000] {processor.py:183} INFO - Processing /home/airflow/.local/lib/python3.8/site-packages/airflow/example_dags/example_branch_operator.py took 0.118 seconds
[2024-11-06T07:02:24.266+0000] {processor.py:161} INFO - Started process (PID=295) to work on /home/airflow/.local/lib/python3.8/site-packages/airflow/example_dags/example_branch_operator.py
[2024-11-06T07:02:24.268+0000] {processor.py:830} INFO - Processing file /home/airflow/.local/lib/python3.8/site-packages/airflow/example_dags/example_branch_operator.py for tasks to queue
[2024-11-06T07:02:24.271+0000] {logging_mixin.py:188} INFO - [2024-11-06T07:02:24.271+0000] {dagbag.py:538} INFO - Filling up the DagBag from /home/airflow/.local/lib/python3.8/site-packages/airflow/example_dags/example_branch_operator.py
[2024-11-06T07:02:24.309+0000] {processor.py:840} INFO - DAG(s) 'example_branch_operator' retrieved from /home/airflow/.local/lib/python3.8/site-packages/airflow/example_dags/example_branch_operator.py
[2024-11-06T07:02:24.407+0000] {logging_mixin.py:188} INFO - [2024-11-06T07:02:24.407+0000] {dag.py:3036} INFO - Sync 1 DAGs
[2024-11-06T07:02:24.490+0000] {logging_mixin.py:188} INFO - [2024-11-06T07:02:24.490+0000] {dag.py:3823} INFO - Setting next_dagrun for example_branch_operator to 2024-11-05 00:00:00+00:00, run_after=2024-11-06 00:00:00+00:00
[2024-11-06T07:02:24.532+0000] {processor.py:183} INFO - Processing /home/airflow/.local/lib/python3.8/site-packages/airflow/example_dags/example_branch_operator.py took 0.283 seconds
[2024-11-06T07:02:54.618+0000] {processor.py:161} INFO - Started process (PID=353) to work on /home/airflow/.local/lib/python3.8/site-packages/airflow/example_dags/example_branch_operator.py
[2024-11-06T07:02:54.619+0000] {processor.py:830} INFO - Processing file /home/airflow/.local/lib/python3.8/site-packages/airflow/example_dags/example_branch_operator.py for tasks to queue
[2024-11-06T07:02:54.621+0000] {logging_mixin.py:188} INFO - [2024-11-06T07:02:54.621+0000] {dagbag.py:538} INFO - Filling up the DagBag from /home/airflow/.local/lib/python3.8/site-packages/airflow/example_dags/example_branch_operator.py
[2024-11-06T07:02:54.642+0000] {processor.py:840} INFO - DAG(s) 'example_branch_operator' retrieved from /home/airflow/.local/lib/python3.8/site-packages/airflow/example_dags/example_branch_operator.py
[2024-11-06T07:02:54.676+0000] {logging_mixin.py:188} INFO - [2024-11-06T07:02:54.676+0000] {dag.py:3036} INFO - Sync 1 DAGs
[2024-11-06T07:02:54.704+0000] {logging_mixin.py:188} INFO - [2024-11-06T07:02:54.704+0000] {dag.py:3823} INFO - Setting next_dagrun for example_branch_operator to 2024-11-05 00:00:00+00:00, run_after=2024-11-06 00:00:00+00:00
[2024-11-06T07:02:54.726+0000] {processor.py:183} INFO - Processing /home/airflow/.local/lib/python3.8/site-packages/airflow/example_dags/example_branch_operator.py took 0.111 seconds
[2024-11-06T07:03:24.860+0000] {processor.py:161} INFO - Started process (PID=411) to work on /home/airflow/.local/lib/python3.8/site-packages/airflow/example_dags/example_branch_operator.py
[2024-11-06T07:03:24.861+0000] {processor.py:830} INFO - Processing file /home/airflow/.local/lib/python3.8/site-packages/airflow/example_dags/example_branch_operator.py for tasks to queue
[2024-11-06T07:03:24.862+0000] {logging_mixin.py:188} INFO - [2024-11-06T07:03:24.862+0000] {dagbag.py:538} INFO - Filling up the DagBag from /home/airflow/.local/lib/python3.8/site-packages/airflow/example_dags/example_branch_operator.py
[2024-11-06T07:03:24.883+0000] {processor.py:840} INFO - DAG(s) 'example_branch_operator' retrieved from /home/airflow/.local/lib/python3.8/site-packages/airflow/example_dags/example_branch_operator.py
[2024-11-06T07:03:24.917+0000] {logging_mixin.py:188} INFO - [2024-11-06T07:03:24.917+0000] {dag.py:3036} INFO - Sync 1 DAGs
[2024-11-06T07:03:24.945+0000] {logging_mixin.py:188} INFO - [2024-11-06T07:03:24.945+0000] {dag.py:3823} INFO - Setting next_dagrun for example_branch_operator to 2024-11-05 00:00:00+00:00, run_after=2024-11-06 00:00:00+00:00
[2024-11-06T07:03:24.965+0000] {processor.py:183} INFO - Processing /home/airflow/.local/lib/python3.8/site-packages/airflow/example_dags/example_branch_operator.py took 0.109 seconds
[2024-11-06T07:03:55.062+0000] {processor.py:161} INFO - Started process (PID=468) to work on /home/airflow/.local/lib/python3.8/site-packages/airflow/example_dags/example_branch_operator.py
[2024-11-06T07:03:55.063+0000] {processor.py:830} INFO - Processing file /home/airflow/.local/lib/python3.8/site-packages/airflow/example_dags/example_branch_operator.py for tasks to queue
[2024-11-06T07:03:55.064+0000] {logging_mixin.py:188} INFO - [2024-11-06T07:03:55.064+0000] {dagbag.py:538} INFO - Filling up the DagBag from /home/airflow/.local/lib/python3.8/site-packages/airflow/example_dags/example_branch_operator.py
[2024-11-06T07:03:55.085+0000] {processor.py:840} INFO - DAG(s) 'example_branch_operator' retrieved from /home/airflow/.local/lib/python3.8/site-packages/airflow/example_dags/example_branch_operator.py
[2024-11-06T07:03:55.120+0000] {logging_mixin.py:188} INFO - [2024-11-06T07:03:55.119+0000] {dag.py:3036} INFO - Sync 1 DAGs
[2024-11-06T07:03:55.147+0000] {logging_mixin.py:188} INFO - [2024-11-06T07:03:55.147+0000] {dag.py:3823} INFO - Setting next_dagrun for example_branch_operator to 2024-11-05 00:00:00+00:00, run_after=2024-11-06 00:00:00+00:00
[2024-11-06T07:03:55.170+0000] {processor.py:183} INFO - Processing /home/airflow/.local/lib/python3.8/site-packages/airflow/example_dags/example_branch_operator.py took 0.111 seconds
[2024-11-06T07:04:26.188+0000] {processor.py:161} INFO - Started process (PID=526) to work on /home/airflow/.local/lib/python3.8/site-packages/airflow/example_dags/example_branch_operator.py
[2024-11-06T07:04:26.189+0000] {processor.py:830} INFO - Processing file /home/airflow/.local/lib/python3.8/site-packages/airflow/example_dags/example_branch_operator.py for tasks to queue
[2024-11-06T07:04:26.191+0000] {logging_mixin.py:188} INFO - [2024-11-06T07:04:26.191+0000] {dagbag.py:538} INFO - Filling up the DagBag from /home/airflow/.local/lib/python3.8/site-packages/airflow/example_dags/example_branch_operator.py
[2024-11-06T07:04:26.211+0000] {processor.py:840} INFO - DAG(s) 'example_branch_operator' retrieved from /home/airflow/.local/lib/python3.8/site-packages/airflow/example_dags/example_branch_operator.py
[2024-11-06T07:04:26.244+0000] {logging_mixin.py:188} INFO - [2024-11-06T07:04:26.244+0000] {dag.py:3036} INFO - Sync 1 DAGs
[2024-11-06T07:04:26.270+0000] {logging_mixin.py:188} INFO - [2024-11-06T07:04:26.269+0000] {dag.py:3823} INFO - Setting next_dagrun for example_branch_operator to 2024-11-05 00:00:00+00:00, run_after=2024-11-06 00:00:00+00:00
[2024-11-06T07:04:26.303+0000] {processor.py:183} INFO - Processing /home/airflow/.local/lib/python3.8/site-packages/airflow/example_dags/example_branch_operator.py took 0.118 seconds
[2024-11-06T07:04:56.796+0000] {processor.py:161} INFO - Started process (PID=583) to work on /home/airflow/.local/lib/python3.8/site-packages/airflow/example_dags/example_branch_operator.py
[2024-11-06T07:04:56.797+0000] {processor.py:830} INFO - Processing file /home/airflow/.local/lib/python3.8/site-packages/airflow/example_dags/example_branch_operator.py for tasks to queue
[2024-11-06T07:04:56.798+0000] {logging_mixin.py:188} INFO - [2024-11-06T07:04:56.798+0000] {dagbag.py:538} INFO - Filling up the DagBag from /home/airflow/.local/lib/python3.8/site-packages/airflow/example_dags/example_branch_operator.py
[2024-11-06T07:04:56.819+0000] {processor.py:840} INFO - DAG(s) 'example_branch_operator' retrieved from /home/airflow/.local/lib/python3.8/site-packages/airflow/example_dags/example_branch_operator.py
[2024-11-06T07:04:56.852+0000] {logging_mixin.py:188} INFO - [2024-11-06T07:04:56.852+0000] {dag.py:3036} INFO - Sync 1 DAGs
[2024-11-06T07:04:56.879+0000] {logging_mixin.py:188} INFO - [2024-11-06T07:04:56.879+0000] {dag.py:3823} INFO - Setting next_dagrun for example_branch_operator to 2024-11-05 00:00:00+00:00, run_after=2024-11-06 00:00:00+00:00
[2024-11-06T07:04:56.915+0000] {processor.py:183} INFO - Processing /home/airflow/.local/lib/python3.8/site-packages/airflow/example_dags/example_branch_operator.py took 0.123 seconds
[2024-11-06T07:05:27.567+0000] {processor.py:161} INFO - Started process (PID=640) to work on /home/airflow/.local/lib/python3.8/site-packages/airflow/example_dags/example_branch_operator.py
[2024-11-06T07:05:27.570+0000] {processor.py:830} INFO - Processing file /home/airflow/.local/lib/python3.8/site-packages/airflow/example_dags/example_branch_operator.py for tasks to queue
[2024-11-06T07:05:27.573+0000] {logging_mixin.py:188} INFO - [2024-11-06T07:05:27.573+0000] {dagbag.py:538} INFO - Filling up the DagBag from /home/airflow/.local/lib/python3.8/site-packages/airflow/example_dags/example_branch_operator.py
[2024-11-06T07:05:27.595+0000] {processor.py:840} INFO - DAG(s) 'example_branch_operator' retrieved from /home/airflow/.local/lib/python3.8/site-packages/airflow/example_dags/example_branch_operator.py
[2024-11-06T07:05:27.702+0000] {logging_mixin.py:188} INFO - [2024-11-06T07:05:27.701+0000] {dag.py:3036} INFO - Sync 1 DAGs
[2024-11-06T07:05:27.769+0000] {logging_mixin.py:188} INFO - [2024-11-06T07:05:27.766+0000] {dag.py:3823} INFO - Setting next_dagrun for example_branch_operator to 2024-11-05 00:00:00+00:00, run_after=2024-11-06 00:00:00+00:00
[2024-11-06T07:05:27.809+0000] {processor.py:183} INFO - Processing /home/airflow/.local/lib/python3.8/site-packages/airflow/example_dags/example_branch_operator.py took 0.248 seconds
[2024-11-06T07:05:58.352+0000] {processor.py:161} INFO - Started process (PID=697) to work on /home/airflow/.local/lib/python3.8/site-packages/airflow/example_dags/example_branch_operator.py
[2024-11-06T07:05:58.353+0000] {processor.py:830} INFO - Processing file /home/airflow/.local/lib/python3.8/site-packages/airflow/example_dags/example_branch_operator.py for tasks to queue
[2024-11-06T07:05:58.355+0000] {logging_mixin.py:188} INFO - [2024-11-06T07:05:58.354+0000] {dagbag.py:538} INFO - Filling up the DagBag from /home/airflow/.local/lib/python3.8/site-packages/airflow/example_dags/example_branch_operator.py
[2024-11-06T07:05:58.386+0000] {processor.py:840} INFO - DAG(s) 'example_branch_operator' retrieved from /home/airflow/.local/lib/python3.8/site-packages/airflow/example_dags/example_branch_operator.py
[2024-11-06T07:05:58.424+0000] {logging_mixin.py:188} INFO - [2024-11-06T07:05:58.423+0000] {dag.py:3036} INFO - Sync 1 DAGs
[2024-11-06T07:05:58.451+0000] {logging_mixin.py:188} INFO - [2024-11-06T07:05:58.450+0000] {dag.py:3823} INFO - Setting next_dagrun for example_branch_operator to 2024-11-05 00:00:00+00:00, run_after=2024-11-06 00:00:00+00:00
[2024-11-06T07:05:58.474+0000] {processor.py:183} INFO - Processing /home/airflow/.local/lib/python3.8/site-packages/airflow/example_dags/example_branch_operator.py took 0.126 seconds
[2024-11-06T07:06:28.981+0000] {processor.py:161} INFO - Started process (PID=754) to work on /home/airflow/.local/lib/python3.8/site-packages/airflow/example_dags/example_branch_operator.py
[2024-11-06T07:06:28.982+0000] {processor.py:830} INFO - Processing file /home/airflow/.local/lib/python3.8/site-packages/airflow/example_dags/example_branch_operator.py for tasks to queue
[2024-11-06T07:06:28.983+0000] {logging_mixin.py:188} INFO - [2024-11-06T07:06:28.983+0000] {dagbag.py:538} INFO - Filling up the DagBag from /home/airflow/.local/lib/python3.8/site-packages/airflow/example_dags/example_branch_operator.py
[2024-11-06T07:06:29.011+0000] {processor.py:840} INFO - DAG(s) 'example_branch_operator' retrieved from /home/airflow/.local/lib/python3.8/site-packages/airflow/example_dags/example_branch_operator.py
[2024-11-06T07:06:29.043+0000] {logging_mixin.py:188} INFO - [2024-11-06T07:06:29.043+0000] {dag.py:3036} INFO - Sync 1 DAGs
[2024-11-06T07:06:29.070+0000] {logging_mixin.py:188} INFO - [2024-11-06T07:06:29.069+0000] {dag.py:3823} INFO - Setting next_dagrun for example_branch_operator to 2024-11-05 00:00:00+00:00, run_after=2024-11-06 00:00:00+00:00
[2024-11-06T07:06:29.093+0000] {processor.py:183} INFO - Processing /home/airflow/.local/lib/python3.8/site-packages/airflow/example_dags/example_branch_operator.py took 0.116 seconds
[2024-11-06T07:06:59.614+0000] {processor.py:161} INFO - Started process (PID=812) to work on /home/airflow/.local/lib/python3.8/site-packages/airflow/example_dags/example_branch_operator.py
[2024-11-06T07:06:59.615+0000] {processor.py:830} INFO - Processing file /home/airflow/.local/lib/python3.8/site-packages/airflow/example_dags/example_branch_operator.py for tasks to queue
[2024-11-06T07:06:59.617+0000] {logging_mixin.py:188} INFO - [2024-11-06T07:06:59.617+0000] {dagbag.py:538} INFO - Filling up the DagBag from /home/airflow/.local/lib/python3.8/site-packages/airflow/example_dags/example_branch_operator.py
[2024-11-06T07:06:59.638+0000] {processor.py:840} INFO - DAG(s) 'example_branch_operator' retrieved from /home/airflow/.local/lib/python3.8/site-packages/airflow/example_dags/example_branch_operator.py
[2024-11-06T07:06:59.673+0000] {logging_mixin.py:188} INFO - [2024-11-06T07:06:59.673+0000] {dag.py:3036} INFO - Sync 1 DAGs
[2024-11-06T07:06:59.702+0000] {logging_mixin.py:188} INFO - [2024-11-06T07:06:59.702+0000] {dag.py:3823} INFO - Setting next_dagrun for example_branch_operator to 2024-11-05 00:00:00+00:00, run_after=2024-11-06 00:00:00+00:00
[2024-11-06T07:06:59.723+0000] {processor.py:183} INFO - Processing /home/airflow/.local/lib/python3.8/site-packages/airflow/example_dags/example_branch_operator.py took 0.112 seconds
[2024-11-06T07:07:30.363+0000] {processor.py:161} INFO - Started process (PID=869) to work on /home/airflow/.local/lib/python3.8/site-packages/airflow/example_dags/example_branch_operator.py
[2024-11-06T07:07:30.364+0000] {processor.py:830} INFO - Processing file /home/airflow/.local/lib/python3.8/site-packages/airflow/example_dags/example_branch_operator.py for tasks to queue
[2024-11-06T07:07:30.366+0000] {logging_mixin.py:188} INFO - [2024-11-06T07:07:30.365+0000] {dagbag.py:538} INFO - Filling up the DagBag from /home/airflow/.local/lib/python3.8/site-packages/airflow/example_dags/example_branch_operator.py
[2024-11-06T07:07:30.387+0000] {processor.py:840} INFO - DAG(s) 'example_branch_operator' retrieved from /home/airflow/.local/lib/python3.8/site-packages/airflow/example_dags/example_branch_operator.py
[2024-11-06T07:07:30.420+0000] {logging_mixin.py:188} INFO - [2024-11-06T07:07:30.420+0000] {dag.py:3036} INFO - Sync 1 DAGs
[2024-11-06T07:07:30.446+0000] {logging_mixin.py:188} INFO - [2024-11-06T07:07:30.446+0000] {dag.py:3823} INFO - Setting next_dagrun for example_branch_operator to 2024-11-05 00:00:00+00:00, run_after=2024-11-06 00:00:00+00:00
[2024-11-06T07:07:30.470+0000] {processor.py:183} INFO - Processing /home/airflow/.local/lib/python3.8/site-packages/airflow/example_dags/example_branch_operator.py took 0.110 seconds
[2024-11-06T07:08:00.648+0000] {processor.py:161} INFO - Started process (PID=927) to work on /home/airflow/.local/lib/python3.8/site-packages/airflow/example_dags/example_branch_operator.py
[2024-11-06T07:08:00.648+0000] {processor.py:830} INFO - Processing file /home/airflow/.local/lib/python3.8/site-packages/airflow/example_dags/example_branch_operator.py for tasks to queue
[2024-11-06T07:08:00.650+0000] {logging_mixin.py:188} INFO - [2024-11-06T07:08:00.650+0000] {dagbag.py:538} INFO - Filling up the DagBag from /home/airflow/.local/lib/python3.8/site-packages/airflow/example_dags/example_branch_operator.py
[2024-11-06T07:08:00.671+0000] {processor.py:840} INFO - DAG(s) 'example_branch_operator' retrieved from /home/airflow/.local/lib/python3.8/site-packages/airflow/example_dags/example_branch_operator.py
[2024-11-06T07:08:00.705+0000] {logging_mixin.py:188} INFO - [2024-11-06T07:08:00.705+0000] {dag.py:3036} INFO - Sync 1 DAGs
[2024-11-06T07:08:00.732+0000] {logging_mixin.py:188} INFO - [2024-11-06T07:08:00.731+0000] {dag.py:3823} INFO - Setting next_dagrun for example_branch_operator to 2024-11-05 00:00:00+00:00, run_after=2024-11-06 00:00:00+00:00
[2024-11-06T07:08:00.757+0000] {processor.py:183} INFO - Processing /home/airflow/.local/lib/python3.8/site-packages/airflow/example_dags/example_branch_operator.py took 0.113 seconds
[2024-11-06T07:08:30.883+0000] {processor.py:161} INFO - Started process (PID=985) to work on /home/airflow/.local/lib/python3.8/site-packages/airflow/example_dags/example_branch_operator.py
[2024-11-06T07:08:30.884+0000] {processor.py:830} INFO - Processing file /home/airflow/.local/lib/python3.8/site-packages/airflow/example_dags/example_branch_operator.py for tasks to queue
[2024-11-06T07:08:30.886+0000] {logging_mixin.py:188} INFO - [2024-11-06T07:08:30.886+0000] {dagbag.py:538} INFO - Filling up the DagBag from /home/airflow/.local/lib/python3.8/site-packages/airflow/example_dags/example_branch_operator.py
[2024-11-06T07:08:30.907+0000] {processor.py:840} INFO - DAG(s) 'example_branch_operator' retrieved from /home/airflow/.local/lib/python3.8/site-packages/airflow/example_dags/example_branch_operator.py
[2024-11-06T07:08:30.941+0000] {logging_mixin.py:188} INFO - [2024-11-06T07:08:30.940+0000] {dag.py:3036} INFO - Sync 1 DAGs
[2024-11-06T07:08:30.981+0000] {logging_mixin.py:188} INFO - [2024-11-06T07:08:30.981+0000] {dag.py:3823} INFO - Setting next_dagrun for example_branch_operator to 2024-11-05 00:00:00+00:00, run_after=2024-11-06 00:00:00+00:00
[2024-11-06T07:08:31.015+0000] {processor.py:183} INFO - Processing /home/airflow/.local/lib/python3.8/site-packages/airflow/example_dags/example_branch_operator.py took 0.135 seconds
[2024-11-06T07:09:01.438+0000] {processor.py:161} INFO - Started process (PID=1042) to work on /home/airflow/.local/lib/python3.8/site-packages/airflow/example_dags/example_branch_operator.py
[2024-11-06T07:09:01.439+0000] {processor.py:830} INFO - Processing file /home/airflow/.local/lib/python3.8/site-packages/airflow/example_dags/example_branch_operator.py for tasks to queue
[2024-11-06T07:09:01.440+0000] {logging_mixin.py:188} INFO - [2024-11-06T07:09:01.440+0000] {dagbag.py:538} INFO - Filling up the DagBag from /home/airflow/.local/lib/python3.8/site-packages/airflow/example_dags/example_branch_operator.py
[2024-11-06T07:09:01.464+0000] {processor.py:840} INFO - DAG(s) 'example_branch_operator' retrieved from /home/airflow/.local/lib/python3.8/site-packages/airflow/example_dags/example_branch_operator.py
[2024-11-06T07:09:01.507+0000] {logging_mixin.py:188} INFO - [2024-11-06T07:09:01.505+0000] {dag.py:3036} INFO - Sync 1 DAGs
[2024-11-06T07:09:01.536+0000] {logging_mixin.py:188} INFO - [2024-11-06T07:09:01.535+0000] {dag.py:3823} INFO - Setting next_dagrun for example_branch_operator to 2024-11-05 00:00:00+00:00, run_after=2024-11-06 00:00:00+00:00
[2024-11-06T07:09:01.558+0000] {processor.py:183} INFO - Processing /home/airflow/.local/lib/python3.8/site-packages/airflow/example_dags/example_branch_operator.py took 0.123 seconds
[2024-11-06T07:09:32.056+0000] {processor.py:161} INFO - Started process (PID=1100) to work on /home/airflow/.local/lib/python3.8/site-packages/airflow/example_dags/example_branch_operator.py
[2024-11-06T07:09:32.057+0000] {processor.py:830} INFO - Processing file /home/airflow/.local/lib/python3.8/site-packages/airflow/example_dags/example_branch_operator.py for tasks to queue
[2024-11-06T07:09:32.063+0000] {logging_mixin.py:188} INFO - [2024-11-06T07:09:32.063+0000] {dagbag.py:538} INFO - Filling up the DagBag from /home/airflow/.local/lib/python3.8/site-packages/airflow/example_dags/example_branch_operator.py
[2024-11-06T07:09:32.112+0000] {processor.py:840} INFO - DAG(s) 'example_branch_operator' retrieved from /home/airflow/.local/lib/python3.8/site-packages/airflow/example_dags/example_branch_operator.py
[2024-11-06T07:09:32.219+0000] {logging_mixin.py:188} INFO - [2024-11-06T07:09:32.218+0000] {dag.py:3036} INFO - Sync 1 DAGs
[2024-11-06T07:09:32.277+0000] {logging_mixin.py:188} INFO - [2024-11-06T07:09:32.276+0000] {dag.py:3823} INFO - Setting next_dagrun for example_branch_operator to 2024-11-05 00:00:00+00:00, run_after=2024-11-06 00:00:00+00:00
[2024-11-06T07:09:32.333+0000] {processor.py:183} INFO - Processing /home/airflow/.local/lib/python3.8/site-packages/airflow/example_dags/example_branch_operator.py took 0.284 seconds
[2024-11-06T07:10:02.443+0000] {processor.py:161} INFO - Started process (PID=1157) to work on /home/airflow/.local/lib/python3.8/site-packages/airflow/example_dags/example_branch_operator.py
[2024-11-06T07:10:02.444+0000] {processor.py:830} INFO - Processing file /home/airflow/.local/lib/python3.8/site-packages/airflow/example_dags/example_branch_operator.py for tasks to queue
[2024-11-06T07:10:02.445+0000] {logging_mixin.py:188} INFO - [2024-11-06T07:10:02.445+0000] {dagbag.py:538} INFO - Filling up the DagBag from /home/airflow/.local/lib/python3.8/site-packages/airflow/example_dags/example_branch_operator.py
[2024-11-06T07:10:02.466+0000] {processor.py:840} INFO - DAG(s) 'example_branch_operator' retrieved from /home/airflow/.local/lib/python3.8/site-packages/airflow/example_dags/example_branch_operator.py
[2024-11-06T07:10:02.500+0000] {logging_mixin.py:188} INFO - [2024-11-06T07:10:02.500+0000] {dag.py:3036} INFO - Sync 1 DAGs
[2024-11-06T07:10:02.542+0000] {logging_mixin.py:188} INFO - [2024-11-06T07:10:02.541+0000] {dag.py:3823} INFO - Setting next_dagrun for example_branch_operator to 2024-11-05 00:00:00+00:00, run_after=2024-11-06 00:00:00+00:00
[2024-11-06T07:10:02.573+0000] {processor.py:183} INFO - Processing /home/airflow/.local/lib/python3.8/site-packages/airflow/example_dags/example_branch_operator.py took 0.133 seconds
[2024-11-06T07:10:32.719+0000] {processor.py:161} INFO - Started process (PID=1214) to work on /home/airflow/.local/lib/python3.8/site-packages/airflow/example_dags/example_branch_operator.py
[2024-11-06T07:10:32.722+0000] {processor.py:830} INFO - Processing file /home/airflow/.local/lib/python3.8/site-packages/airflow/example_dags/example_branch_operator.py for tasks to queue
[2024-11-06T07:10:32.724+0000] {logging_mixin.py:188} INFO - [2024-11-06T07:10:32.723+0000] {dagbag.py:538} INFO - Filling up the DagBag from /home/airflow/.local/lib/python3.8/site-packages/airflow/example_dags/example_branch_operator.py
[2024-11-06T07:10:32.747+0000] {processor.py:840} INFO - DAG(s) 'example_branch_operator' retrieved from /home/airflow/.local/lib/python3.8/site-packages/airflow/example_dags/example_branch_operator.py
[2024-11-06T07:10:32.806+0000] {logging_mixin.py:188} INFO - [2024-11-06T07:10:32.806+0000] {dag.py:3036} INFO - Sync 1 DAGs
[2024-11-06T07:10:32.862+0000] {logging_mixin.py:188} INFO - [2024-11-06T07:10:32.861+0000] {dag.py:3823} INFO - Setting next_dagrun for example_branch_operator to 2024-11-05 00:00:00+00:00, run_after=2024-11-06 00:00:00+00:00
[2024-11-06T07:10:32.915+0000] {processor.py:183} INFO - Processing /home/airflow/.local/lib/python3.8/site-packages/airflow/example_dags/example_branch_operator.py took 0.199 seconds
[2024-11-06T07:11:03.132+0000] {processor.py:161} INFO - Started process (PID=1271) to work on /home/airflow/.local/lib/python3.8/site-packages/airflow/example_dags/example_branch_operator.py
[2024-11-06T07:11:03.133+0000] {processor.py:830} INFO - Processing file /home/airflow/.local/lib/python3.8/site-packages/airflow/example_dags/example_branch_operator.py for tasks to queue
[2024-11-06T07:11:03.135+0000] {logging_mixin.py:188} INFO - [2024-11-06T07:11:03.134+0000] {dagbag.py:538} INFO - Filling up the DagBag from /home/airflow/.local/lib/python3.8/site-packages/airflow/example_dags/example_branch_operator.py
[2024-11-06T07:11:03.169+0000] {processor.py:840} INFO - DAG(s) 'example_branch_operator' retrieved from /home/airflow/.local/lib/python3.8/site-packages/airflow/example_dags/example_branch_operator.py
[2024-11-06T07:11:03.227+0000] {logging_mixin.py:188} INFO - [2024-11-06T07:11:03.227+0000] {dag.py:3036} INFO - Sync 1 DAGs
[2024-11-06T07:11:03.255+0000] {logging_mixin.py:188} INFO - [2024-11-06T07:11:03.255+0000] {dag.py:3823} INFO - Setting next_dagrun for example_branch_operator to 2024-11-05 00:00:00+00:00, run_after=2024-11-06 00:00:00+00:00
[2024-11-06T07:11:03.299+0000] {processor.py:183} INFO - Processing /home/airflow/.local/lib/python3.8/site-packages/airflow/example_dags/example_branch_operator.py took 0.184 seconds
[2024-11-06T07:11:33.460+0000] {processor.py:161} INFO - Started process (PID=1326) to work on /home/airflow/.local/lib/python3.8/site-packages/airflow/example_dags/example_branch_operator.py
[2024-11-06T07:11:33.461+0000] {processor.py:830} INFO - Processing file /home/airflow/.local/lib/python3.8/site-packages/airflow/example_dags/example_branch_operator.py for tasks to queue
[2024-11-06T07:11:33.463+0000] {logging_mixin.py:188} INFO - [2024-11-06T07:11:33.462+0000] {dagbag.py:538} INFO - Filling up the DagBag from /home/airflow/.local/lib/python3.8/site-packages/airflow/example_dags/example_branch_operator.py
[2024-11-06T07:11:33.483+0000] {processor.py:840} INFO - DAG(s) 'example_branch_operator' retrieved from /home/airflow/.local/lib/python3.8/site-packages/airflow/example_dags/example_branch_operator.py
[2024-11-06T07:11:33.516+0000] {logging_mixin.py:188} INFO - [2024-11-06T07:11:33.516+0000] {dag.py:3036} INFO - Sync 1 DAGs
[2024-11-06T07:11:33.543+0000] {logging_mixin.py:188} INFO - [2024-11-06T07:11:33.543+0000] {dag.py:3823} INFO - Setting next_dagrun for example_branch_operator to 2024-11-05 00:00:00+00:00, run_after=2024-11-06 00:00:00+00:00
[2024-11-06T07:11:33.566+0000] {processor.py:183} INFO - Processing /home/airflow/.local/lib/python3.8/site-packages/airflow/example_dags/example_branch_operator.py took 0.110 seconds
[2024-11-06T07:12:03.822+0000] {processor.py:161} INFO - Started process (PID=1383) to work on /home/airflow/.local/lib/python3.8/site-packages/airflow/example_dags/example_branch_operator.py
[2024-11-06T07:12:03.823+0000] {processor.py:830} INFO - Processing file /home/airflow/.local/lib/python3.8/site-packages/airflow/example_dags/example_branch_operator.py for tasks to queue
[2024-11-06T07:12:03.824+0000] {logging_mixin.py:188} INFO - [2024-11-06T07:12:03.824+0000] {dagbag.py:538} INFO - Filling up the DagBag from /home/airflow/.local/lib/python3.8/site-packages/airflow/example_dags/example_branch_operator.py
[2024-11-06T07:12:03.865+0000] {processor.py:840} INFO - DAG(s) 'example_branch_operator' retrieved from /home/airflow/.local/lib/python3.8/site-packages/airflow/example_dags/example_branch_operator.py
[2024-11-06T07:12:03.922+0000] {logging_mixin.py:188} INFO - [2024-11-06T07:12:03.922+0000] {dag.py:3036} INFO - Sync 1 DAGs
[2024-11-06T07:12:03.948+0000] {logging_mixin.py:188} INFO - [2024-11-06T07:12:03.948+0000] {dag.py:3823} INFO - Setting next_dagrun for example_branch_operator to 2024-11-05 00:00:00+00:00, run_after=2024-11-06 00:00:00+00:00
[2024-11-06T07:12:03.969+0000] {processor.py:183} INFO - Processing /home/airflow/.local/lib/python3.8/site-packages/airflow/example_dags/example_branch_operator.py took 0.151 seconds
[2024-11-06T07:13:55.211+0000] {processor.py:161} INFO - Started process (PID=63) to work on /home/airflow/.local/lib/python3.8/site-packages/airflow/example_dags/example_branch_operator.py
[2024-11-06T07:13:55.212+0000] {processor.py:830} INFO - Processing file /home/airflow/.local/lib/python3.8/site-packages/airflow/example_dags/example_branch_operator.py for tasks to queue
[2024-11-06T07:13:55.217+0000] {logging_mixin.py:188} INFO - [2024-11-06T07:13:55.215+0000] {dagbag.py:538} INFO - Filling up the DagBag from /home/airflow/.local/lib/python3.8/site-packages/airflow/example_dags/example_branch_operator.py
[2024-11-06T07:13:55.266+0000] {processor.py:840} INFO - DAG(s) 'example_branch_operator' retrieved from /home/airflow/.local/lib/python3.8/site-packages/airflow/example_dags/example_branch_operator.py
[2024-11-06T07:13:55.533+0000] {logging_mixin.py:188} INFO - [2024-11-06T07:13:55.532+0000] {dag.py:3036} INFO - Sync 1 DAGs
[2024-11-06T07:13:55.577+0000] {logging_mixin.py:188} INFO - [2024-11-06T07:13:55.576+0000] {dag.py:3823} INFO - Setting next_dagrun for example_branch_operator to 2024-11-05 00:00:00+00:00, run_after=2024-11-06 00:00:00+00:00
[2024-11-06T07:13:55.612+0000] {processor.py:183} INFO - Processing /home/airflow/.local/lib/python3.8/site-packages/airflow/example_dags/example_branch_operator.py took 0.405 seconds
[2024-11-06T07:14:26.363+0000] {processor.py:161} INFO - Started process (PID=120) to work on /home/airflow/.local/lib/python3.8/site-packages/airflow/example_dags/example_branch_operator.py
[2024-11-06T07:14:26.364+0000] {processor.py:830} INFO - Processing file /home/airflow/.local/lib/python3.8/site-packages/airflow/example_dags/example_branch_operator.py for tasks to queue
[2024-11-06T07:14:26.366+0000] {logging_mixin.py:188} INFO - [2024-11-06T07:14:26.366+0000] {dagbag.py:538} INFO - Filling up the DagBag from /home/airflow/.local/lib/python3.8/site-packages/airflow/example_dags/example_branch_operator.py
[2024-11-06T07:14:26.387+0000] {processor.py:840} INFO - DAG(s) 'example_branch_operator' retrieved from /home/airflow/.local/lib/python3.8/site-packages/airflow/example_dags/example_branch_operator.py
[2024-11-06T07:14:26.421+0000] {logging_mixin.py:188} INFO - [2024-11-06T07:14:26.420+0000] {dag.py:3036} INFO - Sync 1 DAGs
[2024-11-06T07:14:26.448+0000] {logging_mixin.py:188} INFO - [2024-11-06T07:14:26.448+0000] {dag.py:3823} INFO - Setting next_dagrun for example_branch_operator to 2024-11-05 00:00:00+00:00, run_after=2024-11-06 00:00:00+00:00
[2024-11-06T07:14:26.469+0000] {processor.py:183} INFO - Processing /home/airflow/.local/lib/python3.8/site-packages/airflow/example_dags/example_branch_operator.py took 0.108 seconds
[2024-11-06T07:14:56.508+0000] {processor.py:161} INFO - Started process (PID=177) to work on /home/airflow/.local/lib/python3.8/site-packages/airflow/example_dags/example_branch_operator.py
[2024-11-06T07:14:56.509+0000] {processor.py:830} INFO - Processing file /home/airflow/.local/lib/python3.8/site-packages/airflow/example_dags/example_branch_operator.py for tasks to queue
[2024-11-06T07:14:56.510+0000] {logging_mixin.py:188} INFO - [2024-11-06T07:14:56.510+0000] {dagbag.py:538} INFO - Filling up the DagBag from /home/airflow/.local/lib/python3.8/site-packages/airflow/example_dags/example_branch_operator.py
[2024-11-06T07:14:56.531+0000] {processor.py:840} INFO - DAG(s) 'example_branch_operator' retrieved from /home/airflow/.local/lib/python3.8/site-packages/airflow/example_dags/example_branch_operator.py
[2024-11-06T07:14:56.563+0000] {logging_mixin.py:188} INFO - [2024-11-06T07:14:56.563+0000] {dag.py:3036} INFO - Sync 1 DAGs
[2024-11-06T07:14:56.589+0000] {logging_mixin.py:188} INFO - [2024-11-06T07:14:56.589+0000] {dag.py:3823} INFO - Setting next_dagrun for example_branch_operator to 2024-11-05 00:00:00+00:00, run_after=2024-11-06 00:00:00+00:00
[2024-11-06T07:14:56.609+0000] {processor.py:183} INFO - Processing /home/airflow/.local/lib/python3.8/site-packages/airflow/example_dags/example_branch_operator.py took 0.105 seconds
