[2024-11-06T07:00:35.729+0000] {processor.py:161} INFO - Started process (PID=100) to work on /home/airflow/.local/lib/python3.8/site-packages/airflow/example_dags/example_sensors.py
[2024-11-06T07:00:35.731+0000] {processor.py:830} INFO - Processing file /home/airflow/.local/lib/python3.8/site-packages/airflow/example_dags/example_sensors.py for tasks to queue
[2024-11-06T07:00:35.736+0000] {logging_mixin.py:188} INFO - [2024-11-06T07:00:35.736+0000] {dagbag.py:538} INFO - Filling up the DagBag from /home/airflow/.local/lib/python3.8/site-packages/airflow/example_dags/example_sensors.py
[2024-11-06T07:00:35.764+0000] {processor.py:840} INFO - DAG(s) 'example_sensors' retrieved from /home/airflow/.local/lib/python3.8/site-packages/airflow/example_dags/example_sensors.py
[2024-11-06T07:00:36.336+0000] {logging_mixin.py:188} INFO - [2024-11-06T07:00:36.335+0000] {dag.py:3036} INFO - Sync 1 DAGs
[2024-11-06T07:00:36.424+0000] {logging_mixin.py:188} INFO - [2024-11-06T07:00:36.423+0000] {dag.py:3823} INFO - Setting next_dagrun for example_sensors to None, run_after=None
[2024-11-06T07:00:36.530+0000] {processor.py:183} INFO - Processing /home/airflow/.local/lib/python3.8/site-packages/airflow/example_dags/example_sensors.py took 0.804 seconds
[2024-11-06T07:01:07.383+0000] {processor.py:161} INFO - Started process (PID=164) to work on /home/airflow/.local/lib/python3.8/site-packages/airflow/example_dags/example_sensors.py
[2024-11-06T07:01:07.384+0000] {processor.py:830} INFO - Processing file /home/airflow/.local/lib/python3.8/site-packages/airflow/example_dags/example_sensors.py for tasks to queue
[2024-11-06T07:01:07.386+0000] {logging_mixin.py:188} INFO - [2024-11-06T07:01:07.385+0000] {dagbag.py:538} INFO - Filling up the DagBag from /home/airflow/.local/lib/python3.8/site-packages/airflow/example_dags/example_sensors.py
[2024-11-06T07:01:07.396+0000] {processor.py:840} INFO - DAG(s) 'example_sensors' retrieved from /home/airflow/.local/lib/python3.8/site-packages/airflow/example_dags/example_sensors.py
[2024-11-06T07:01:07.427+0000] {logging_mixin.py:188} INFO - [2024-11-06T07:01:07.427+0000] {dag.py:3036} INFO - Sync 1 DAGs
[2024-11-06T07:01:07.441+0000] {logging_mixin.py:188} INFO - [2024-11-06T07:01:07.441+0000] {dag.py:3823} INFO - Setting next_dagrun for example_sensors to None, run_after=None
[2024-11-06T07:01:07.463+0000] {processor.py:183} INFO - Processing /home/airflow/.local/lib/python3.8/site-packages/airflow/example_dags/example_sensors.py took 0.084 seconds
[2024-11-06T07:01:37.842+0000] {processor.py:161} INFO - Started process (PID=222) to work on /home/airflow/.local/lib/python3.8/site-packages/airflow/example_dags/example_sensors.py
[2024-11-06T07:01:37.843+0000] {processor.py:830} INFO - Processing file /home/airflow/.local/lib/python3.8/site-packages/airflow/example_dags/example_sensors.py for tasks to queue
[2024-11-06T07:01:37.845+0000] {logging_mixin.py:188} INFO - [2024-11-06T07:01:37.844+0000] {dagbag.py:538} INFO - Filling up the DagBag from /home/airflow/.local/lib/python3.8/site-packages/airflow/example_dags/example_sensors.py
[2024-11-06T07:01:37.855+0000] {processor.py:840} INFO - DAG(s) 'example_sensors' retrieved from /home/airflow/.local/lib/python3.8/site-packages/airflow/example_dags/example_sensors.py
[2024-11-06T07:01:37.885+0000] {logging_mixin.py:188} INFO - [2024-11-06T07:01:37.885+0000] {dag.py:3036} INFO - Sync 1 DAGs
[2024-11-06T07:01:37.899+0000] {logging_mixin.py:188} INFO - [2024-11-06T07:01:37.898+0000] {dag.py:3823} INFO - Setting next_dagrun for example_sensors to None, run_after=None
[2024-11-06T07:01:37.922+0000] {processor.py:183} INFO - Processing /home/airflow/.local/lib/python3.8/site-packages/airflow/example_dags/example_sensors.py took 0.083 seconds
[2024-11-06T07:02:08.871+0000] {processor.py:161} INFO - Started process (PID=279) to work on /home/airflow/.local/lib/python3.8/site-packages/airflow/example_dags/example_sensors.py
[2024-11-06T07:02:08.872+0000] {processor.py:830} INFO - Processing file /home/airflow/.local/lib/python3.8/site-packages/airflow/example_dags/example_sensors.py for tasks to queue
[2024-11-06T07:02:08.874+0000] {logging_mixin.py:188} INFO - [2024-11-06T07:02:08.874+0000] {dagbag.py:538} INFO - Filling up the DagBag from /home/airflow/.local/lib/python3.8/site-packages/airflow/example_dags/example_sensors.py
[2024-11-06T07:02:08.885+0000] {processor.py:840} INFO - DAG(s) 'example_sensors' retrieved from /home/airflow/.local/lib/python3.8/site-packages/airflow/example_dags/example_sensors.py
[2024-11-06T07:02:08.924+0000] {logging_mixin.py:188} INFO - [2024-11-06T07:02:08.924+0000] {dag.py:3036} INFO - Sync 1 DAGs
[2024-11-06T07:02:08.956+0000] {logging_mixin.py:188} INFO - [2024-11-06T07:02:08.947+0000] {dag.py:3823} INFO - Setting next_dagrun for example_sensors to None, run_after=None
[2024-11-06T07:02:08.998+0000] {processor.py:183} INFO - Processing /home/airflow/.local/lib/python3.8/site-packages/airflow/example_dags/example_sensors.py took 0.130 seconds
[2024-11-06T07:02:39.828+0000] {processor.py:161} INFO - Started process (PID=337) to work on /home/airflow/.local/lib/python3.8/site-packages/airflow/example_dags/example_sensors.py
[2024-11-06T07:02:39.828+0000] {processor.py:830} INFO - Processing file /home/airflow/.local/lib/python3.8/site-packages/airflow/example_dags/example_sensors.py for tasks to queue
[2024-11-06T07:02:39.830+0000] {logging_mixin.py:188} INFO - [2024-11-06T07:02:39.830+0000] {dagbag.py:538} INFO - Filling up the DagBag from /home/airflow/.local/lib/python3.8/site-packages/airflow/example_dags/example_sensors.py
[2024-11-06T07:02:39.840+0000] {processor.py:840} INFO - DAG(s) 'example_sensors' retrieved from /home/airflow/.local/lib/python3.8/site-packages/airflow/example_dags/example_sensors.py
[2024-11-06T07:02:39.870+0000] {logging_mixin.py:188} INFO - [2024-11-06T07:02:39.870+0000] {dag.py:3036} INFO - Sync 1 DAGs
[2024-11-06T07:02:39.884+0000] {logging_mixin.py:188} INFO - [2024-11-06T07:02:39.884+0000] {dag.py:3823} INFO - Setting next_dagrun for example_sensors to None, run_after=None
[2024-11-06T07:02:39.909+0000] {processor.py:183} INFO - Processing /home/airflow/.local/lib/python3.8/site-packages/airflow/example_dags/example_sensors.py took 0.085 seconds
[2024-11-06T07:03:10.139+0000] {processor.py:161} INFO - Started process (PID=395) to work on /home/airflow/.local/lib/python3.8/site-packages/airflow/example_dags/example_sensors.py
[2024-11-06T07:03:10.140+0000] {processor.py:830} INFO - Processing file /home/airflow/.local/lib/python3.8/site-packages/airflow/example_dags/example_sensors.py for tasks to queue
[2024-11-06T07:03:10.141+0000] {logging_mixin.py:188} INFO - [2024-11-06T07:03:10.141+0000] {dagbag.py:538} INFO - Filling up the DagBag from /home/airflow/.local/lib/python3.8/site-packages/airflow/example_dags/example_sensors.py
[2024-11-06T07:03:10.152+0000] {processor.py:840} INFO - DAG(s) 'example_sensors' retrieved from /home/airflow/.local/lib/python3.8/site-packages/airflow/example_dags/example_sensors.py
[2024-11-06T07:03:10.183+0000] {logging_mixin.py:188} INFO - [2024-11-06T07:03:10.182+0000] {dag.py:3036} INFO - Sync 1 DAGs
[2024-11-06T07:03:10.196+0000] {logging_mixin.py:188} INFO - [2024-11-06T07:03:10.196+0000] {dag.py:3823} INFO - Setting next_dagrun for example_sensors to None, run_after=None
[2024-11-06T07:03:10.219+0000] {processor.py:183} INFO - Processing /home/airflow/.local/lib/python3.8/site-packages/airflow/example_dags/example_sensors.py took 0.084 seconds
[2024-11-06T07:03:40.388+0000] {processor.py:161} INFO - Started process (PID=452) to work on /home/airflow/.local/lib/python3.8/site-packages/airflow/example_dags/example_sensors.py
[2024-11-06T07:03:40.394+0000] {processor.py:830} INFO - Processing file /home/airflow/.local/lib/python3.8/site-packages/airflow/example_dags/example_sensors.py for tasks to queue
[2024-11-06T07:03:40.398+0000] {logging_mixin.py:188} INFO - [2024-11-06T07:03:40.397+0000] {dagbag.py:538} INFO - Filling up the DagBag from /home/airflow/.local/lib/python3.8/site-packages/airflow/example_dags/example_sensors.py
[2024-11-06T07:03:40.410+0000] {processor.py:840} INFO - DAG(s) 'example_sensors' retrieved from /home/airflow/.local/lib/python3.8/site-packages/airflow/example_dags/example_sensors.py
[2024-11-06T07:03:40.456+0000] {logging_mixin.py:188} INFO - [2024-11-06T07:03:40.455+0000] {dag.py:3036} INFO - Sync 1 DAGs
[2024-11-06T07:03:40.468+0000] {logging_mixin.py:188} INFO - [2024-11-06T07:03:40.468+0000] {dag.py:3823} INFO - Setting next_dagrun for example_sensors to None, run_after=None
[2024-11-06T07:03:40.490+0000] {processor.py:183} INFO - Processing /home/airflow/.local/lib/python3.8/site-packages/airflow/example_dags/example_sensors.py took 0.106 seconds
[2024-11-06T07:04:10.686+0000] {processor.py:161} INFO - Started process (PID=510) to work on /home/airflow/.local/lib/python3.8/site-packages/airflow/example_dags/example_sensors.py
[2024-11-06T07:04:10.687+0000] {processor.py:830} INFO - Processing file /home/airflow/.local/lib/python3.8/site-packages/airflow/example_dags/example_sensors.py for tasks to queue
[2024-11-06T07:04:10.688+0000] {logging_mixin.py:188} INFO - [2024-11-06T07:04:10.688+0000] {dagbag.py:538} INFO - Filling up the DagBag from /home/airflow/.local/lib/python3.8/site-packages/airflow/example_dags/example_sensors.py
[2024-11-06T07:04:10.699+0000] {processor.py:840} INFO - DAG(s) 'example_sensors' retrieved from /home/airflow/.local/lib/python3.8/site-packages/airflow/example_dags/example_sensors.py
[2024-11-06T07:04:10.737+0000] {logging_mixin.py:188} INFO - [2024-11-06T07:04:10.737+0000] {dag.py:3036} INFO - Sync 1 DAGs
[2024-11-06T07:04:10.754+0000] {logging_mixin.py:188} INFO - [2024-11-06T07:04:10.754+0000] {dag.py:3823} INFO - Setting next_dagrun for example_sensors to None, run_after=None
[2024-11-06T07:04:10.791+0000] {processor.py:183} INFO - Processing /home/airflow/.local/lib/python3.8/site-packages/airflow/example_dags/example_sensors.py took 0.109 seconds
[2024-11-06T07:04:41.091+0000] {processor.py:161} INFO - Started process (PID=567) to work on /home/airflow/.local/lib/python3.8/site-packages/airflow/example_dags/example_sensors.py
[2024-11-06T07:04:41.092+0000] {processor.py:830} INFO - Processing file /home/airflow/.local/lib/python3.8/site-packages/airflow/example_dags/example_sensors.py for tasks to queue
[2024-11-06T07:04:41.094+0000] {logging_mixin.py:188} INFO - [2024-11-06T07:04:41.093+0000] {dagbag.py:538} INFO - Filling up the DagBag from /home/airflow/.local/lib/python3.8/site-packages/airflow/example_dags/example_sensors.py
[2024-11-06T07:04:41.128+0000] {processor.py:840} INFO - DAG(s) 'example_sensors' retrieved from /home/airflow/.local/lib/python3.8/site-packages/airflow/example_dags/example_sensors.py
[2024-11-06T07:04:41.189+0000] {logging_mixin.py:188} INFO - [2024-11-06T07:04:41.189+0000] {dag.py:3036} INFO - Sync 1 DAGs
[2024-11-06T07:04:41.203+0000] {logging_mixin.py:188} INFO - [2024-11-06T07:04:41.203+0000] {dag.py:3823} INFO - Setting next_dagrun for example_sensors to None, run_after=None
[2024-11-06T07:04:41.227+0000] {processor.py:183} INFO - Processing /home/airflow/.local/lib/python3.8/site-packages/airflow/example_dags/example_sensors.py took 0.139 seconds
[2024-11-06T07:05:11.482+0000] {processor.py:161} INFO - Started process (PID=624) to work on /home/airflow/.local/lib/python3.8/site-packages/airflow/example_dags/example_sensors.py
[2024-11-06T07:05:11.483+0000] {processor.py:830} INFO - Processing file /home/airflow/.local/lib/python3.8/site-packages/airflow/example_dags/example_sensors.py for tasks to queue
[2024-11-06T07:05:11.485+0000] {logging_mixin.py:188} INFO - [2024-11-06T07:05:11.484+0000] {dagbag.py:538} INFO - Filling up the DagBag from /home/airflow/.local/lib/python3.8/site-packages/airflow/example_dags/example_sensors.py
[2024-11-06T07:05:11.494+0000] {processor.py:840} INFO - DAG(s) 'example_sensors' retrieved from /home/airflow/.local/lib/python3.8/site-packages/airflow/example_dags/example_sensors.py
[2024-11-06T07:05:11.541+0000] {logging_mixin.py:188} INFO - [2024-11-06T07:05:11.540+0000] {dag.py:3036} INFO - Sync 1 DAGs
[2024-11-06T07:05:11.555+0000] {logging_mixin.py:188} INFO - [2024-11-06T07:05:11.555+0000] {dag.py:3823} INFO - Setting next_dagrun for example_sensors to None, run_after=None
[2024-11-06T07:05:11.578+0000] {processor.py:183} INFO - Processing /home/airflow/.local/lib/python3.8/site-packages/airflow/example_dags/example_sensors.py took 0.100 seconds
[2024-11-06T07:05:42.125+0000] {processor.py:161} INFO - Started process (PID=681) to work on /home/airflow/.local/lib/python3.8/site-packages/airflow/example_dags/example_sensors.py
[2024-11-06T07:05:42.132+0000] {processor.py:830} INFO - Processing file /home/airflow/.local/lib/python3.8/site-packages/airflow/example_dags/example_sensors.py for tasks to queue
[2024-11-06T07:05:42.134+0000] {logging_mixin.py:188} INFO - [2024-11-06T07:05:42.134+0000] {dagbag.py:538} INFO - Filling up the DagBag from /home/airflow/.local/lib/python3.8/site-packages/airflow/example_dags/example_sensors.py
[2024-11-06T07:05:42.164+0000] {processor.py:840} INFO - DAG(s) 'example_sensors' retrieved from /home/airflow/.local/lib/python3.8/site-packages/airflow/example_dags/example_sensors.py
[2024-11-06T07:05:42.239+0000] {logging_mixin.py:188} INFO - [2024-11-06T07:05:42.239+0000] {dag.py:3036} INFO - Sync 1 DAGs
[2024-11-06T07:05:42.271+0000] {logging_mixin.py:188} INFO - [2024-11-06T07:05:42.271+0000] {dag.py:3823} INFO - Setting next_dagrun for example_sensors to None, run_after=None
[2024-11-06T07:05:42.346+0000] {processor.py:183} INFO - Processing /home/airflow/.local/lib/python3.8/site-packages/airflow/example_dags/example_sensors.py took 0.224 seconds
[2024-11-06T07:06:12.557+0000] {processor.py:161} INFO - Started process (PID=738) to work on /home/airflow/.local/lib/python3.8/site-packages/airflow/example_dags/example_sensors.py
[2024-11-06T07:06:12.570+0000] {processor.py:830} INFO - Processing file /home/airflow/.local/lib/python3.8/site-packages/airflow/example_dags/example_sensors.py for tasks to queue
[2024-11-06T07:06:12.574+0000] {logging_mixin.py:188} INFO - [2024-11-06T07:06:12.574+0000] {dagbag.py:538} INFO - Filling up the DagBag from /home/airflow/.local/lib/python3.8/site-packages/airflow/example_dags/example_sensors.py
[2024-11-06T07:06:12.585+0000] {processor.py:840} INFO - DAG(s) 'example_sensors' retrieved from /home/airflow/.local/lib/python3.8/site-packages/airflow/example_dags/example_sensors.py
[2024-11-06T07:06:12.618+0000] {logging_mixin.py:188} INFO - [2024-11-06T07:06:12.618+0000] {dag.py:3036} INFO - Sync 1 DAGs
[2024-11-06T07:06:12.634+0000] {logging_mixin.py:188} INFO - [2024-11-06T07:06:12.634+0000] {dag.py:3823} INFO - Setting next_dagrun for example_sensors to None, run_after=None
[2024-11-06T07:06:12.674+0000] {processor.py:183} INFO - Processing /home/airflow/.local/lib/python3.8/site-packages/airflow/example_dags/example_sensors.py took 0.121 seconds
[2024-11-06T07:06:43.253+0000] {processor.py:161} INFO - Started process (PID=796) to work on /home/airflow/.local/lib/python3.8/site-packages/airflow/example_dags/example_sensors.py
[2024-11-06T07:06:43.254+0000] {processor.py:830} INFO - Processing file /home/airflow/.local/lib/python3.8/site-packages/airflow/example_dags/example_sensors.py for tasks to queue
[2024-11-06T07:06:43.256+0000] {logging_mixin.py:188} INFO - [2024-11-06T07:06:43.255+0000] {dagbag.py:538} INFO - Filling up the DagBag from /home/airflow/.local/lib/python3.8/site-packages/airflow/example_dags/example_sensors.py
[2024-11-06T07:06:43.266+0000] {processor.py:840} INFO - DAG(s) 'example_sensors' retrieved from /home/airflow/.local/lib/python3.8/site-packages/airflow/example_dags/example_sensors.py
[2024-11-06T07:06:43.296+0000] {logging_mixin.py:188} INFO - [2024-11-06T07:06:43.296+0000] {dag.py:3036} INFO - Sync 1 DAGs
[2024-11-06T07:06:43.309+0000] {logging_mixin.py:188} INFO - [2024-11-06T07:06:43.309+0000] {dag.py:3823} INFO - Setting next_dagrun for example_sensors to None, run_after=None
[2024-11-06T07:06:43.332+0000] {processor.py:183} INFO - Processing /home/airflow/.local/lib/python3.8/site-packages/airflow/example_dags/example_sensors.py took 0.082 seconds
[2024-11-06T07:07:13.919+0000] {processor.py:161} INFO - Started process (PID=853) to work on /home/airflow/.local/lib/python3.8/site-packages/airflow/example_dags/example_sensors.py
[2024-11-06T07:07:13.920+0000] {processor.py:830} INFO - Processing file /home/airflow/.local/lib/python3.8/site-packages/airflow/example_dags/example_sensors.py for tasks to queue
[2024-11-06T07:07:13.922+0000] {logging_mixin.py:188} INFO - [2024-11-06T07:07:13.922+0000] {dagbag.py:538} INFO - Filling up the DagBag from /home/airflow/.local/lib/python3.8/site-packages/airflow/example_dags/example_sensors.py
[2024-11-06T07:07:13.932+0000] {processor.py:840} INFO - DAG(s) 'example_sensors' retrieved from /home/airflow/.local/lib/python3.8/site-packages/airflow/example_dags/example_sensors.py
[2024-11-06T07:07:13.959+0000] {logging_mixin.py:188} INFO - [2024-11-06T07:07:13.959+0000] {dag.py:3036} INFO - Sync 1 DAGs
[2024-11-06T07:07:13.974+0000] {logging_mixin.py:188} INFO - [2024-11-06T07:07:13.973+0000] {dag.py:3823} INFO - Setting next_dagrun for example_sensors to None, run_after=None
[2024-11-06T07:07:14.001+0000] {processor.py:183} INFO - Processing /home/airflow/.local/lib/python3.8/site-packages/airflow/example_dags/example_sensors.py took 0.086 seconds
[2024-11-06T07:07:44.638+0000] {processor.py:161} INFO - Started process (PID=911) to work on /home/airflow/.local/lib/python3.8/site-packages/airflow/example_dags/example_sensors.py
[2024-11-06T07:07:44.638+0000] {processor.py:830} INFO - Processing file /home/airflow/.local/lib/python3.8/site-packages/airflow/example_dags/example_sensors.py for tasks to queue
[2024-11-06T07:07:44.640+0000] {logging_mixin.py:188} INFO - [2024-11-06T07:07:44.639+0000] {dagbag.py:538} INFO - Filling up the DagBag from /home/airflow/.local/lib/python3.8/site-packages/airflow/example_dags/example_sensors.py
[2024-11-06T07:07:44.647+0000] {processor.py:840} INFO - DAG(s) 'example_sensors' retrieved from /home/airflow/.local/lib/python3.8/site-packages/airflow/example_dags/example_sensors.py
[2024-11-06T07:07:44.672+0000] {logging_mixin.py:188} INFO - [2024-11-06T07:07:44.671+0000] {dag.py:3036} INFO - Sync 1 DAGs
[2024-11-06T07:07:44.686+0000] {logging_mixin.py:188} INFO - [2024-11-06T07:07:44.685+0000] {dag.py:3823} INFO - Setting next_dagrun for example_sensors to None, run_after=None
[2024-11-06T07:07:44.715+0000] {processor.py:183} INFO - Processing /home/airflow/.local/lib/python3.8/site-packages/airflow/example_dags/example_sensors.py took 0.080 seconds
[2024-11-06T07:08:14.907+0000] {processor.py:161} INFO - Started process (PID=969) to work on /home/airflow/.local/lib/python3.8/site-packages/airflow/example_dags/example_sensors.py
[2024-11-06T07:08:14.908+0000] {processor.py:830} INFO - Processing file /home/airflow/.local/lib/python3.8/site-packages/airflow/example_dags/example_sensors.py for tasks to queue
[2024-11-06T07:08:14.909+0000] {logging_mixin.py:188} INFO - [2024-11-06T07:08:14.909+0000] {dagbag.py:538} INFO - Filling up the DagBag from /home/airflow/.local/lib/python3.8/site-packages/airflow/example_dags/example_sensors.py
[2024-11-06T07:08:14.916+0000] {processor.py:840} INFO - DAG(s) 'example_sensors' retrieved from /home/airflow/.local/lib/python3.8/site-packages/airflow/example_dags/example_sensors.py
[2024-11-06T07:08:14.936+0000] {logging_mixin.py:188} INFO - [2024-11-06T07:08:14.936+0000] {dag.py:3036} INFO - Sync 1 DAGs
[2024-11-06T07:08:14.945+0000] {logging_mixin.py:188} INFO - [2024-11-06T07:08:14.945+0000] {dag.py:3823} INFO - Setting next_dagrun for example_sensors to None, run_after=None
[2024-11-06T07:08:14.965+0000] {processor.py:183} INFO - Processing /home/airflow/.local/lib/python3.8/site-packages/airflow/example_dags/example_sensors.py took 0.061 seconds
[2024-11-06T07:08:45.158+0000] {processor.py:161} INFO - Started process (PID=1026) to work on /home/airflow/.local/lib/python3.8/site-packages/airflow/example_dags/example_sensors.py
[2024-11-06T07:08:45.169+0000] {processor.py:830} INFO - Processing file /home/airflow/.local/lib/python3.8/site-packages/airflow/example_dags/example_sensors.py for tasks to queue
[2024-11-06T07:08:45.172+0000] {logging_mixin.py:188} INFO - [2024-11-06T07:08:45.172+0000] {dagbag.py:538} INFO - Filling up the DagBag from /home/airflow/.local/lib/python3.8/site-packages/airflow/example_dags/example_sensors.py
[2024-11-06T07:08:45.180+0000] {processor.py:840} INFO - DAG(s) 'example_sensors' retrieved from /home/airflow/.local/lib/python3.8/site-packages/airflow/example_dags/example_sensors.py
[2024-11-06T07:08:45.209+0000] {logging_mixin.py:188} INFO - [2024-11-06T07:08:45.208+0000] {dag.py:3036} INFO - Sync 1 DAGs
[2024-11-06T07:08:45.222+0000] {logging_mixin.py:188} INFO - [2024-11-06T07:08:45.222+0000] {dag.py:3823} INFO - Setting next_dagrun for example_sensors to None, run_after=None
[2024-11-06T07:08:45.254+0000] {processor.py:183} INFO - Processing /home/airflow/.local/lib/python3.8/site-packages/airflow/example_dags/example_sensors.py took 0.100 seconds
[2024-11-06T07:09:15.635+0000] {processor.py:161} INFO - Started process (PID=1084) to work on /home/airflow/.local/lib/python3.8/site-packages/airflow/example_dags/example_sensors.py
[2024-11-06T07:09:15.636+0000] {processor.py:830} INFO - Processing file /home/airflow/.local/lib/python3.8/site-packages/airflow/example_dags/example_sensors.py for tasks to queue
[2024-11-06T07:09:15.638+0000] {logging_mixin.py:188} INFO - [2024-11-06T07:09:15.637+0000] {dagbag.py:538} INFO - Filling up the DagBag from /home/airflow/.local/lib/python3.8/site-packages/airflow/example_dags/example_sensors.py
[2024-11-06T07:09:15.646+0000] {processor.py:840} INFO - DAG(s) 'example_sensors' retrieved from /home/airflow/.local/lib/python3.8/site-packages/airflow/example_dags/example_sensors.py
[2024-11-06T07:09:15.667+0000] {logging_mixin.py:188} INFO - [2024-11-06T07:09:15.667+0000] {dag.py:3036} INFO - Sync 1 DAGs
[2024-11-06T07:09:15.677+0000] {logging_mixin.py:188} INFO - [2024-11-06T07:09:15.677+0000] {dag.py:3823} INFO - Setting next_dagrun for example_sensors to None, run_after=None
[2024-11-06T07:09:15.703+0000] {processor.py:183} INFO - Processing /home/airflow/.local/lib/python3.8/site-packages/airflow/example_dags/example_sensors.py took 0.070 seconds
[2024-11-06T07:09:46.224+0000] {processor.py:161} INFO - Started process (PID=1141) to work on /home/airflow/.local/lib/python3.8/site-packages/airflow/example_dags/example_sensors.py
[2024-11-06T07:09:46.224+0000] {processor.py:830} INFO - Processing file /home/airflow/.local/lib/python3.8/site-packages/airflow/example_dags/example_sensors.py for tasks to queue
[2024-11-06T07:09:46.226+0000] {logging_mixin.py:188} INFO - [2024-11-06T07:09:46.225+0000] {dagbag.py:538} INFO - Filling up the DagBag from /home/airflow/.local/lib/python3.8/site-packages/airflow/example_dags/example_sensors.py
[2024-11-06T07:09:46.233+0000] {processor.py:840} INFO - DAG(s) 'example_sensors' retrieved from /home/airflow/.local/lib/python3.8/site-packages/airflow/example_dags/example_sensors.py
[2024-11-06T07:09:46.253+0000] {logging_mixin.py:188} INFO - [2024-11-06T07:09:46.253+0000] {dag.py:3036} INFO - Sync 1 DAGs
[2024-11-06T07:09:46.263+0000] {logging_mixin.py:188} INFO - [2024-11-06T07:09:46.262+0000] {dag.py:3823} INFO - Setting next_dagrun for example_sensors to None, run_after=None
[2024-11-06T07:09:46.281+0000] {processor.py:183} INFO - Processing /home/airflow/.local/lib/python3.8/site-packages/airflow/example_dags/example_sensors.py took 0.060 seconds
[2024-11-06T07:10:16.828+0000] {processor.py:161} INFO - Started process (PID=1198) to work on /home/airflow/.local/lib/python3.8/site-packages/airflow/example_dags/example_sensors.py
[2024-11-06T07:10:16.829+0000] {processor.py:830} INFO - Processing file /home/airflow/.local/lib/python3.8/site-packages/airflow/example_dags/example_sensors.py for tasks to queue
[2024-11-06T07:10:16.831+0000] {logging_mixin.py:188} INFO - [2024-11-06T07:10:16.830+0000] {dagbag.py:538} INFO - Filling up the DagBag from /home/airflow/.local/lib/python3.8/site-packages/airflow/example_dags/example_sensors.py
[2024-11-06T07:10:16.838+0000] {processor.py:840} INFO - DAG(s) 'example_sensors' retrieved from /home/airflow/.local/lib/python3.8/site-packages/airflow/example_dags/example_sensors.py
[2024-11-06T07:10:16.858+0000] {logging_mixin.py:188} INFO - [2024-11-06T07:10:16.858+0000] {dag.py:3036} INFO - Sync 1 DAGs
[2024-11-06T07:10:16.867+0000] {logging_mixin.py:188} INFO - [2024-11-06T07:10:16.867+0000] {dag.py:3823} INFO - Setting next_dagrun for example_sensors to None, run_after=None
[2024-11-06T07:10:16.885+0000] {processor.py:183} INFO - Processing /home/airflow/.local/lib/python3.8/site-packages/airflow/example_dags/example_sensors.py took 0.060 seconds
[2024-11-06T07:10:47.173+0000] {processor.py:161} INFO - Started process (PID=1255) to work on /home/airflow/.local/lib/python3.8/site-packages/airflow/example_dags/example_sensors.py
[2024-11-06T07:10:47.173+0000] {processor.py:830} INFO - Processing file /home/airflow/.local/lib/python3.8/site-packages/airflow/example_dags/example_sensors.py for tasks to queue
[2024-11-06T07:10:47.175+0000] {logging_mixin.py:188} INFO - [2024-11-06T07:10:47.175+0000] {dagbag.py:538} INFO - Filling up the DagBag from /home/airflow/.local/lib/python3.8/site-packages/airflow/example_dags/example_sensors.py
[2024-11-06T07:10:47.183+0000] {processor.py:840} INFO - DAG(s) 'example_sensors' retrieved from /home/airflow/.local/lib/python3.8/site-packages/airflow/example_dags/example_sensors.py
[2024-11-06T07:10:47.203+0000] {logging_mixin.py:188} INFO - [2024-11-06T07:10:47.203+0000] {dag.py:3036} INFO - Sync 1 DAGs
[2024-11-06T07:10:47.212+0000] {logging_mixin.py:188} INFO - [2024-11-06T07:10:47.212+0000] {dag.py:3823} INFO - Setting next_dagrun for example_sensors to None, run_after=None
[2024-11-06T07:10:47.234+0000] {processor.py:183} INFO - Processing /home/airflow/.local/lib/python3.8/site-packages/airflow/example_dags/example_sensors.py took 0.064 seconds
[2024-11-06T07:11:17.868+0000] {processor.py:161} INFO - Started process (PID=1312) to work on /home/airflow/.local/lib/python3.8/site-packages/airflow/example_dags/example_sensors.py
[2024-11-06T07:11:17.869+0000] {processor.py:830} INFO - Processing file /home/airflow/.local/lib/python3.8/site-packages/airflow/example_dags/example_sensors.py for tasks to queue
[2024-11-06T07:11:17.870+0000] {logging_mixin.py:188} INFO - [2024-11-06T07:11:17.870+0000] {dagbag.py:538} INFO - Filling up the DagBag from /home/airflow/.local/lib/python3.8/site-packages/airflow/example_dags/example_sensors.py
[2024-11-06T07:11:17.877+0000] {processor.py:840} INFO - DAG(s) 'example_sensors' retrieved from /home/airflow/.local/lib/python3.8/site-packages/airflow/example_dags/example_sensors.py
[2024-11-06T07:11:17.918+0000] {logging_mixin.py:188} INFO - [2024-11-06T07:11:17.917+0000] {dag.py:3036} INFO - Sync 1 DAGs
[2024-11-06T07:11:17.936+0000] {logging_mixin.py:188} INFO - [2024-11-06T07:11:17.936+0000] {dag.py:3823} INFO - Setting next_dagrun for example_sensors to None, run_after=None
[2024-11-06T07:11:17.962+0000] {processor.py:183} INFO - Processing /home/airflow/.local/lib/python3.8/site-packages/airflow/example_dags/example_sensors.py took 0.096 seconds
[2024-11-06T07:11:48.112+0000] {processor.py:161} INFO - Started process (PID=1369) to work on /home/airflow/.local/lib/python3.8/site-packages/airflow/example_dags/example_sensors.py
[2024-11-06T07:11:48.112+0000] {processor.py:830} INFO - Processing file /home/airflow/.local/lib/python3.8/site-packages/airflow/example_dags/example_sensors.py for tasks to queue
[2024-11-06T07:11:48.114+0000] {logging_mixin.py:188} INFO - [2024-11-06T07:11:48.114+0000] {dagbag.py:538} INFO - Filling up the DagBag from /home/airflow/.local/lib/python3.8/site-packages/airflow/example_dags/example_sensors.py
[2024-11-06T07:11:48.121+0000] {processor.py:840} INFO - DAG(s) 'example_sensors' retrieved from /home/airflow/.local/lib/python3.8/site-packages/airflow/example_dags/example_sensors.py
[2024-11-06T07:11:48.141+0000] {logging_mixin.py:188} INFO - [2024-11-06T07:11:48.141+0000] {dag.py:3036} INFO - Sync 1 DAGs
[2024-11-06T07:11:48.151+0000] {logging_mixin.py:188} INFO - [2024-11-06T07:11:48.150+0000] {dag.py:3823} INFO - Setting next_dagrun for example_sensors to None, run_after=None
[2024-11-06T07:11:48.169+0000] {processor.py:183} INFO - Processing /home/airflow/.local/lib/python3.8/site-packages/airflow/example_dags/example_sensors.py took 0.060 seconds
[2024-11-06T07:12:19.056+0000] {processor.py:161} INFO - Started process (PID=1426) to work on /home/airflow/.local/lib/python3.8/site-packages/airflow/example_dags/example_sensors.py
[2024-11-06T07:12:19.057+0000] {processor.py:830} INFO - Processing file /home/airflow/.local/lib/python3.8/site-packages/airflow/example_dags/example_sensors.py for tasks to queue
[2024-11-06T07:12:19.059+0000] {logging_mixin.py:188} INFO - [2024-11-06T07:12:19.058+0000] {dagbag.py:538} INFO - Filling up the DagBag from /home/airflow/.local/lib/python3.8/site-packages/airflow/example_dags/example_sensors.py
[2024-11-06T07:12:19.068+0000] {processor.py:840} INFO - DAG(s) 'example_sensors' retrieved from /home/airflow/.local/lib/python3.8/site-packages/airflow/example_dags/example_sensors.py
[2024-11-06T07:12:19.100+0000] {logging_mixin.py:188} INFO - [2024-11-06T07:12:19.100+0000] {dag.py:3036} INFO - Sync 1 DAGs
[2024-11-06T07:12:19.115+0000] {logging_mixin.py:188} INFO - [2024-11-06T07:12:19.115+0000] {dag.py:3823} INFO - Setting next_dagrun for example_sensors to None, run_after=None
[2024-11-06T07:12:19.169+0000] {processor.py:183} INFO - Processing /home/airflow/.local/lib/python3.8/site-packages/airflow/example_dags/example_sensors.py took 0.117 seconds
[2024-11-06T07:14:09.522+0000] {processor.py:161} INFO - Started process (PID=98) to work on /home/airflow/.local/lib/python3.8/site-packages/airflow/example_dags/example_sensors.py
[2024-11-06T07:14:09.523+0000] {processor.py:830} INFO - Processing file /home/airflow/.local/lib/python3.8/site-packages/airflow/example_dags/example_sensors.py for tasks to queue
[2024-11-06T07:14:09.525+0000] {logging_mixin.py:188} INFO - [2024-11-06T07:14:09.525+0000] {dagbag.py:538} INFO - Filling up the DagBag from /home/airflow/.local/lib/python3.8/site-packages/airflow/example_dags/example_sensors.py
[2024-11-06T07:14:09.563+0000] {processor.py:840} INFO - DAG(s) 'example_sensors' retrieved from /home/airflow/.local/lib/python3.8/site-packages/airflow/example_dags/example_sensors.py
[2024-11-06T07:14:10.084+0000] {logging_mixin.py:188} INFO - [2024-11-06T07:14:10.084+0000] {dag.py:3036} INFO - Sync 1 DAGs
[2024-11-06T07:14:10.131+0000] {logging_mixin.py:188} INFO - [2024-11-06T07:14:10.131+0000] {dag.py:3823} INFO - Setting next_dagrun for example_sensors to None, run_after=None
[2024-11-06T07:14:10.207+0000] {processor.py:183} INFO - Processing /home/airflow/.local/lib/python3.8/site-packages/airflow/example_dags/example_sensors.py took 0.717 seconds
[2024-11-06T07:14:40.628+0000] {processor.py:161} INFO - Started process (PID=155) to work on /home/airflow/.local/lib/python3.8/site-packages/airflow/example_dags/example_sensors.py
[2024-11-06T07:14:40.631+0000] {processor.py:830} INFO - Processing file /home/airflow/.local/lib/python3.8/site-packages/airflow/example_dags/example_sensors.py for tasks to queue
[2024-11-06T07:14:40.633+0000] {logging_mixin.py:188} INFO - [2024-11-06T07:14:40.633+0000] {dagbag.py:538} INFO - Filling up the DagBag from /home/airflow/.local/lib/python3.8/site-packages/airflow/example_dags/example_sensors.py
[2024-11-06T07:14:40.644+0000] {processor.py:840} INFO - DAG(s) 'example_sensors' retrieved from /home/airflow/.local/lib/python3.8/site-packages/airflow/example_dags/example_sensors.py
[2024-11-06T07:14:40.673+0000] {logging_mixin.py:188} INFO - [2024-11-06T07:14:40.673+0000] {dag.py:3036} INFO - Sync 1 DAGs
[2024-11-06T07:14:40.686+0000] {logging_mixin.py:188} INFO - [2024-11-06T07:14:40.686+0000] {dag.py:3823} INFO - Setting next_dagrun for example_sensors to None, run_after=None
[2024-11-06T07:14:40.706+0000] {processor.py:183} INFO - Processing /home/airflow/.local/lib/python3.8/site-packages/airflow/example_dags/example_sensors.py took 0.088 seconds
[2024-11-06T07:15:11.564+0000] {processor.py:161} INFO - Started process (PID=212) to work on /home/airflow/.local/lib/python3.8/site-packages/airflow/example_dags/example_sensors.py
[2024-11-06T07:15:11.565+0000] {processor.py:830} INFO - Processing file /home/airflow/.local/lib/python3.8/site-packages/airflow/example_dags/example_sensors.py for tasks to queue
[2024-11-06T07:15:11.568+0000] {logging_mixin.py:188} INFO - [2024-11-06T07:15:11.567+0000] {dagbag.py:538} INFO - Filling up the DagBag from /home/airflow/.local/lib/python3.8/site-packages/airflow/example_dags/example_sensors.py
[2024-11-06T07:15:11.582+0000] {processor.py:840} INFO - DAG(s) 'example_sensors' retrieved from /home/airflow/.local/lib/python3.8/site-packages/airflow/example_dags/example_sensors.py
[2024-11-06T07:15:11.619+0000] {logging_mixin.py:188} INFO - [2024-11-06T07:15:11.618+0000] {dag.py:3036} INFO - Sync 1 DAGs
[2024-11-06T07:15:11.635+0000] {logging_mixin.py:188} INFO - [2024-11-06T07:15:11.635+0000] {dag.py:3823} INFO - Setting next_dagrun for example_sensors to None, run_after=None
[2024-11-06T07:15:11.657+0000] {processor.py:183} INFO - Processing /home/airflow/.local/lib/python3.8/site-packages/airflow/example_dags/example_sensors.py took 0.097 seconds
