[2024-11-06T07:00:28.280+0000] {processor.py:161} INFO - Started process (PID=82) to work on /home/airflow/.local/lib/python3.8/site-packages/airflow/example_dags/example_xcom.py
[2024-11-06T07:00:28.284+0000] {processor.py:830} INFO - Processing file /home/airflow/.local/lib/python3.8/site-packages/airflow/example_dags/example_xcom.py for tasks to queue
[2024-11-06T07:00:28.296+0000] {logging_mixin.py:188} INFO - [2024-11-06T07:00:28.294+0000] {dagbag.py:538} INFO - Filling up the DagBag from /home/airflow/.local/lib/python3.8/site-packages/airflow/example_dags/example_xcom.py
[2024-11-06T07:00:28.325+0000] {processor.py:840} INFO - DAG(s) 'example_xcom' retrieved from /home/airflow/.local/lib/python3.8/site-packages/airflow/example_dags/example_xcom.py
[2024-11-06T07:00:28.771+0000] {logging_mixin.py:188} INFO - [2024-11-06T07:00:28.771+0000] {dag.py:3036} INFO - Sync 1 DAGs
[2024-11-06T07:00:28.831+0000] {logging_mixin.py:188} INFO - [2024-11-06T07:00:28.830+0000] {dag.py:3823} INFO - Setting next_dagrun for example_xcom to 2021-01-01 00:00:00+00:00, run_after=2021-01-01 00:00:00+00:00
[2024-11-06T07:00:28.887+0000] {processor.py:183} INFO - Processing /home/airflow/.local/lib/python3.8/site-packages/airflow/example_dags/example_xcom.py took 0.626 seconds
[2024-11-06T07:00:59.226+0000] {processor.py:161} INFO - Started process (PID=139) to work on /home/airflow/.local/lib/python3.8/site-packages/airflow/example_dags/example_xcom.py
[2024-11-06T07:00:59.227+0000] {processor.py:830} INFO - Processing file /home/airflow/.local/lib/python3.8/site-packages/airflow/example_dags/example_xcom.py for tasks to queue
[2024-11-06T07:00:59.229+0000] {logging_mixin.py:188} INFO - [2024-11-06T07:00:59.228+0000] {dagbag.py:538} INFO - Filling up the DagBag from /home/airflow/.local/lib/python3.8/site-packages/airflow/example_dags/example_xcom.py
[2024-11-06T07:00:59.238+0000] {processor.py:840} INFO - DAG(s) 'example_xcom' retrieved from /home/airflow/.local/lib/python3.8/site-packages/airflow/example_dags/example_xcom.py
[2024-11-06T07:00:59.261+0000] {logging_mixin.py:188} INFO - [2024-11-06T07:00:59.261+0000] {dag.py:3036} INFO - Sync 1 DAGs
[2024-11-06T07:00:59.284+0000] {logging_mixin.py:188} INFO - [2024-11-06T07:00:59.284+0000] {dag.py:3823} INFO - Setting next_dagrun for example_xcom to 2021-01-01 00:00:00+00:00, run_after=2021-01-01 00:00:00+00:00
[2024-11-06T07:00:59.303+0000] {processor.py:183} INFO - Processing /home/airflow/.local/lib/python3.8/site-packages/airflow/example_dags/example_xcom.py took 0.081 seconds
[2024-11-06T07:01:29.747+0000] {processor.py:161} INFO - Started process (PID=197) to work on /home/airflow/.local/lib/python3.8/site-packages/airflow/example_dags/example_xcom.py
[2024-11-06T07:01:29.748+0000] {processor.py:830} INFO - Processing file /home/airflow/.local/lib/python3.8/site-packages/airflow/example_dags/example_xcom.py for tasks to queue
[2024-11-06T07:01:29.750+0000] {logging_mixin.py:188} INFO - [2024-11-06T07:01:29.750+0000] {dagbag.py:538} INFO - Filling up the DagBag from /home/airflow/.local/lib/python3.8/site-packages/airflow/example_dags/example_xcom.py
[2024-11-06T07:01:29.761+0000] {processor.py:840} INFO - DAG(s) 'example_xcom' retrieved from /home/airflow/.local/lib/python3.8/site-packages/airflow/example_dags/example_xcom.py
[2024-11-06T07:01:29.794+0000] {logging_mixin.py:188} INFO - [2024-11-06T07:01:29.794+0000] {dag.py:3036} INFO - Sync 1 DAGs
[2024-11-06T07:01:29.821+0000] {logging_mixin.py:188} INFO - [2024-11-06T07:01:29.821+0000] {dag.py:3823} INFO - Setting next_dagrun for example_xcom to 2021-01-01 00:00:00+00:00, run_after=2021-01-01 00:00:00+00:00
[2024-11-06T07:01:29.859+0000] {processor.py:183} INFO - Processing /home/airflow/.local/lib/python3.8/site-packages/airflow/example_dags/example_xcom.py took 0.117 seconds
[2024-11-06T07:02:00.789+0000] {processor.py:161} INFO - Started process (PID=255) to work on /home/airflow/.local/lib/python3.8/site-packages/airflow/example_dags/example_xcom.py
[2024-11-06T07:02:00.790+0000] {processor.py:830} INFO - Processing file /home/airflow/.local/lib/python3.8/site-packages/airflow/example_dags/example_xcom.py for tasks to queue
[2024-11-06T07:02:00.792+0000] {logging_mixin.py:188} INFO - [2024-11-06T07:02:00.791+0000] {dagbag.py:538} INFO - Filling up the DagBag from /home/airflow/.local/lib/python3.8/site-packages/airflow/example_dags/example_xcom.py
[2024-11-06T07:02:00.800+0000] {processor.py:840} INFO - DAG(s) 'example_xcom' retrieved from /home/airflow/.local/lib/python3.8/site-packages/airflow/example_dags/example_xcom.py
[2024-11-06T07:02:00.824+0000] {logging_mixin.py:188} INFO - [2024-11-06T07:02:00.824+0000] {dag.py:3036} INFO - Sync 1 DAGs
[2024-11-06T07:02:00.880+0000] {logging_mixin.py:188} INFO - [2024-11-06T07:02:00.880+0000] {dag.py:3823} INFO - Setting next_dagrun for example_xcom to 2021-01-01 00:00:00+00:00, run_after=2021-01-01 00:00:00+00:00
[2024-11-06T07:02:00.924+0000] {processor.py:183} INFO - Processing /home/airflow/.local/lib/python3.8/site-packages/airflow/example_dags/example_xcom.py took 0.139 seconds
[2024-11-06T07:02:31.752+0000] {processor.py:161} INFO - Started process (PID=312) to work on /home/airflow/.local/lib/python3.8/site-packages/airflow/example_dags/example_xcom.py
[2024-11-06T07:02:31.757+0000] {processor.py:830} INFO - Processing file /home/airflow/.local/lib/python3.8/site-packages/airflow/example_dags/example_xcom.py for tasks to queue
[2024-11-06T07:02:31.765+0000] {logging_mixin.py:188} INFO - [2024-11-06T07:02:31.765+0000] {dagbag.py:538} INFO - Filling up the DagBag from /home/airflow/.local/lib/python3.8/site-packages/airflow/example_dags/example_xcom.py
[2024-11-06T07:02:31.781+0000] {processor.py:840} INFO - DAG(s) 'example_xcom' retrieved from /home/airflow/.local/lib/python3.8/site-packages/airflow/example_dags/example_xcom.py
[2024-11-06T07:02:31.835+0000] {logging_mixin.py:188} INFO - [2024-11-06T07:02:31.832+0000] {dag.py:3036} INFO - Sync 1 DAGs
[2024-11-06T07:02:31.892+0000] {logging_mixin.py:188} INFO - [2024-11-06T07:02:31.891+0000] {dag.py:3823} INFO - Setting next_dagrun for example_xcom to 2021-01-01 00:00:00+00:00, run_after=2021-01-01 00:00:00+00:00
[2024-11-06T07:02:31.920+0000] {processor.py:183} INFO - Processing /home/airflow/.local/lib/python3.8/site-packages/airflow/example_dags/example_xcom.py took 0.172 seconds
[2024-11-06T07:03:02.099+0000] {processor.py:161} INFO - Started process (PID=370) to work on /home/airflow/.local/lib/python3.8/site-packages/airflow/example_dags/example_xcom.py
[2024-11-06T07:03:02.100+0000] {processor.py:830} INFO - Processing file /home/airflow/.local/lib/python3.8/site-packages/airflow/example_dags/example_xcom.py for tasks to queue
[2024-11-06T07:03:02.102+0000] {logging_mixin.py:188} INFO - [2024-11-06T07:03:02.102+0000] {dagbag.py:538} INFO - Filling up the DagBag from /home/airflow/.local/lib/python3.8/site-packages/airflow/example_dags/example_xcom.py
[2024-11-06T07:03:02.111+0000] {processor.py:840} INFO - DAG(s) 'example_xcom' retrieved from /home/airflow/.local/lib/python3.8/site-packages/airflow/example_dags/example_xcom.py
[2024-11-06T07:03:02.135+0000] {logging_mixin.py:188} INFO - [2024-11-06T07:03:02.135+0000] {dag.py:3036} INFO - Sync 1 DAGs
[2024-11-06T07:03:02.159+0000] {logging_mixin.py:188} INFO - [2024-11-06T07:03:02.158+0000] {dag.py:3823} INFO - Setting next_dagrun for example_xcom to 2021-01-01 00:00:00+00:00, run_after=2021-01-01 00:00:00+00:00
[2024-11-06T07:03:02.179+0000] {processor.py:183} INFO - Processing /home/airflow/.local/lib/python3.8/site-packages/airflow/example_dags/example_xcom.py took 0.083 seconds
[2024-11-06T07:03:32.238+0000] {processor.py:161} INFO - Started process (PID=428) to work on /home/airflow/.local/lib/python3.8/site-packages/airflow/example_dags/example_xcom.py
[2024-11-06T07:03:32.259+0000] {processor.py:830} INFO - Processing file /home/airflow/.local/lib/python3.8/site-packages/airflow/example_dags/example_xcom.py for tasks to queue
[2024-11-06T07:03:32.261+0000] {logging_mixin.py:188} INFO - [2024-11-06T07:03:32.261+0000] {dagbag.py:538} INFO - Filling up the DagBag from /home/airflow/.local/lib/python3.8/site-packages/airflow/example_dags/example_xcom.py
[2024-11-06T07:03:32.275+0000] {processor.py:840} INFO - DAG(s) 'example_xcom' retrieved from /home/airflow/.local/lib/python3.8/site-packages/airflow/example_dags/example_xcom.py
[2024-11-06T07:03:32.301+0000] {logging_mixin.py:188} INFO - [2024-11-06T07:03:32.301+0000] {dag.py:3036} INFO - Sync 1 DAGs
[2024-11-06T07:03:32.331+0000] {logging_mixin.py:188} INFO - [2024-11-06T07:03:32.326+0000] {dag.py:3823} INFO - Setting next_dagrun for example_xcom to 2021-01-01 00:00:00+00:00, run_after=2021-01-01 00:00:00+00:00
[2024-11-06T07:03:32.367+0000] {processor.py:183} INFO - Processing /home/airflow/.local/lib/python3.8/site-packages/airflow/example_dags/example_xcom.py took 0.132 seconds
[2024-11-06T07:04:03.149+0000] {processor.py:161} INFO - Started process (PID=485) to work on /home/airflow/.local/lib/python3.8/site-packages/airflow/example_dags/example_xcom.py
[2024-11-06T07:04:03.156+0000] {processor.py:830} INFO - Processing file /home/airflow/.local/lib/python3.8/site-packages/airflow/example_dags/example_xcom.py for tasks to queue
[2024-11-06T07:04:03.158+0000] {logging_mixin.py:188} INFO - [2024-11-06T07:04:03.157+0000] {dagbag.py:538} INFO - Filling up the DagBag from /home/airflow/.local/lib/python3.8/site-packages/airflow/example_dags/example_xcom.py
[2024-11-06T07:04:03.171+0000] {processor.py:840} INFO - DAG(s) 'example_xcom' retrieved from /home/airflow/.local/lib/python3.8/site-packages/airflow/example_dags/example_xcom.py
[2024-11-06T07:04:03.205+0000] {logging_mixin.py:188} INFO - [2024-11-06T07:04:03.204+0000] {dag.py:3036} INFO - Sync 1 DAGs
[2024-11-06T07:04:03.248+0000] {logging_mixin.py:188} INFO - [2024-11-06T07:04:03.247+0000] {dag.py:3823} INFO - Setting next_dagrun for example_xcom to 2021-01-01 00:00:00+00:00, run_after=2021-01-01 00:00:00+00:00
[2024-11-06T07:04:03.272+0000] {processor.py:183} INFO - Processing /home/airflow/.local/lib/python3.8/site-packages/airflow/example_dags/example_xcom.py took 0.134 seconds
[2024-11-06T07:04:33.541+0000] {processor.py:161} INFO - Started process (PID=543) to work on /home/airflow/.local/lib/python3.8/site-packages/airflow/example_dags/example_xcom.py
[2024-11-06T07:04:33.542+0000] {processor.py:830} INFO - Processing file /home/airflow/.local/lib/python3.8/site-packages/airflow/example_dags/example_xcom.py for tasks to queue
[2024-11-06T07:04:33.545+0000] {logging_mixin.py:188} INFO - [2024-11-06T07:04:33.544+0000] {dagbag.py:538} INFO - Filling up the DagBag from /home/airflow/.local/lib/python3.8/site-packages/airflow/example_dags/example_xcom.py
[2024-11-06T07:04:33.553+0000] {processor.py:840} INFO - DAG(s) 'example_xcom' retrieved from /home/airflow/.local/lib/python3.8/site-packages/airflow/example_dags/example_xcom.py
[2024-11-06T07:04:33.608+0000] {logging_mixin.py:188} INFO - [2024-11-06T07:04:33.608+0000] {dag.py:3036} INFO - Sync 1 DAGs
[2024-11-06T07:04:33.659+0000] {logging_mixin.py:188} INFO - [2024-11-06T07:04:33.658+0000] {dag.py:3823} INFO - Setting next_dagrun for example_xcom to 2021-01-01 00:00:00+00:00, run_after=2021-01-01 00:00:00+00:00
[2024-11-06T07:04:33.704+0000] {processor.py:183} INFO - Processing /home/airflow/.local/lib/python3.8/site-packages/airflow/example_dags/example_xcom.py took 0.167 seconds
[2024-11-06T07:05:03.813+0000] {processor.py:161} INFO - Started process (PID=600) to work on /home/airflow/.local/lib/python3.8/site-packages/airflow/example_dags/example_xcom.py
[2024-11-06T07:05:03.814+0000] {processor.py:830} INFO - Processing file /home/airflow/.local/lib/python3.8/site-packages/airflow/example_dags/example_xcom.py for tasks to queue
[2024-11-06T07:05:03.816+0000] {logging_mixin.py:188} INFO - [2024-11-06T07:05:03.816+0000] {dagbag.py:538} INFO - Filling up the DagBag from /home/airflow/.local/lib/python3.8/site-packages/airflow/example_dags/example_xcom.py
[2024-11-06T07:05:03.824+0000] {processor.py:840} INFO - DAG(s) 'example_xcom' retrieved from /home/airflow/.local/lib/python3.8/site-packages/airflow/example_dags/example_xcom.py
[2024-11-06T07:05:03.844+0000] {logging_mixin.py:188} INFO - [2024-11-06T07:05:03.844+0000] {dag.py:3036} INFO - Sync 1 DAGs
[2024-11-06T07:05:03.867+0000] {logging_mixin.py:188} INFO - [2024-11-06T07:05:03.867+0000] {dag.py:3823} INFO - Setting next_dagrun for example_xcom to 2021-01-01 00:00:00+00:00, run_after=2021-01-01 00:00:00+00:00
[2024-11-06T07:05:03.892+0000] {processor.py:183} INFO - Processing /home/airflow/.local/lib/python3.8/site-packages/airflow/example_dags/example_xcom.py took 0.082 seconds
[2024-11-06T07:05:34.041+0000] {processor.py:161} INFO - Started process (PID=657) to work on /home/airflow/.local/lib/python3.8/site-packages/airflow/example_dags/example_xcom.py
[2024-11-06T07:05:34.042+0000] {processor.py:830} INFO - Processing file /home/airflow/.local/lib/python3.8/site-packages/airflow/example_dags/example_xcom.py for tasks to queue
[2024-11-06T07:05:34.044+0000] {logging_mixin.py:188} INFO - [2024-11-06T07:05:34.044+0000] {dagbag.py:538} INFO - Filling up the DagBag from /home/airflow/.local/lib/python3.8/site-packages/airflow/example_dags/example_xcom.py
[2024-11-06T07:05:34.053+0000] {processor.py:840} INFO - DAG(s) 'example_xcom' retrieved from /home/airflow/.local/lib/python3.8/site-packages/airflow/example_dags/example_xcom.py
[2024-11-06T07:05:34.121+0000] {logging_mixin.py:188} INFO - [2024-11-06T07:05:34.121+0000] {dag.py:3036} INFO - Sync 1 DAGs
[2024-11-06T07:05:34.179+0000] {logging_mixin.py:188} INFO - [2024-11-06T07:05:34.179+0000] {dag.py:3823} INFO - Setting next_dagrun for example_xcom to 2021-01-01 00:00:00+00:00, run_after=2021-01-01 00:00:00+00:00
[2024-11-06T07:05:34.254+0000] {processor.py:183} INFO - Processing /home/airflow/.local/lib/python3.8/site-packages/airflow/example_dags/example_xcom.py took 0.217 seconds
[2024-11-06T07:06:04.336+0000] {processor.py:161} INFO - Started process (PID=714) to work on /home/airflow/.local/lib/python3.8/site-packages/airflow/example_dags/example_xcom.py
[2024-11-06T07:06:04.337+0000] {processor.py:830} INFO - Processing file /home/airflow/.local/lib/python3.8/site-packages/airflow/example_dags/example_xcom.py for tasks to queue
[2024-11-06T07:06:04.338+0000] {logging_mixin.py:188} INFO - [2024-11-06T07:06:04.338+0000] {dagbag.py:538} INFO - Filling up the DagBag from /home/airflow/.local/lib/python3.8/site-packages/airflow/example_dags/example_xcom.py
[2024-11-06T07:06:04.344+0000] {processor.py:840} INFO - DAG(s) 'example_xcom' retrieved from /home/airflow/.local/lib/python3.8/site-packages/airflow/example_dags/example_xcom.py
[2024-11-06T07:06:04.362+0000] {logging_mixin.py:188} INFO - [2024-11-06T07:06:04.362+0000] {dag.py:3036} INFO - Sync 1 DAGs
[2024-11-06T07:06:04.380+0000] {logging_mixin.py:188} INFO - [2024-11-06T07:06:04.379+0000] {dag.py:3823} INFO - Setting next_dagrun for example_xcom to 2021-01-01 00:00:00+00:00, run_after=2021-01-01 00:00:00+00:00
[2024-11-06T07:06:04.402+0000] {processor.py:183} INFO - Processing /home/airflow/.local/lib/python3.8/site-packages/airflow/example_dags/example_xcom.py took 0.068 seconds
[2024-11-06T07:06:34.980+0000] {processor.py:161} INFO - Started process (PID=771) to work on /home/airflow/.local/lib/python3.8/site-packages/airflow/example_dags/example_xcom.py
[2024-11-06T07:06:34.981+0000] {processor.py:830} INFO - Processing file /home/airflow/.local/lib/python3.8/site-packages/airflow/example_dags/example_xcom.py for tasks to queue
[2024-11-06T07:06:34.983+0000] {logging_mixin.py:188} INFO - [2024-11-06T07:06:34.983+0000] {dagbag.py:538} INFO - Filling up the DagBag from /home/airflow/.local/lib/python3.8/site-packages/airflow/example_dags/example_xcom.py
[2024-11-06T07:06:34.992+0000] {processor.py:840} INFO - DAG(s) 'example_xcom' retrieved from /home/airflow/.local/lib/python3.8/site-packages/airflow/example_dags/example_xcom.py
[2024-11-06T07:06:35.010+0000] {logging_mixin.py:188} INFO - [2024-11-06T07:06:35.010+0000] {dag.py:3036} INFO - Sync 1 DAGs
[2024-11-06T07:06:35.032+0000] {logging_mixin.py:188} INFO - [2024-11-06T07:06:35.032+0000] {dag.py:3823} INFO - Setting next_dagrun for example_xcom to 2021-01-01 00:00:00+00:00, run_after=2021-01-01 00:00:00+00:00
[2024-11-06T07:06:35.070+0000] {processor.py:183} INFO - Processing /home/airflow/.local/lib/python3.8/site-packages/airflow/example_dags/example_xcom.py took 0.093 seconds
[2024-11-06T07:07:05.667+0000] {processor.py:161} INFO - Started process (PID=829) to work on /home/airflow/.local/lib/python3.8/site-packages/airflow/example_dags/example_xcom.py
[2024-11-06T07:07:05.668+0000] {processor.py:830} INFO - Processing file /home/airflow/.local/lib/python3.8/site-packages/airflow/example_dags/example_xcom.py for tasks to queue
[2024-11-06T07:07:05.670+0000] {logging_mixin.py:188} INFO - [2024-11-06T07:07:05.669+0000] {dagbag.py:538} INFO - Filling up the DagBag from /home/airflow/.local/lib/python3.8/site-packages/airflow/example_dags/example_xcom.py
[2024-11-06T07:07:05.678+0000] {processor.py:840} INFO - DAG(s) 'example_xcom' retrieved from /home/airflow/.local/lib/python3.8/site-packages/airflow/example_dags/example_xcom.py
[2024-11-06T07:07:05.698+0000] {logging_mixin.py:188} INFO - [2024-11-06T07:07:05.698+0000] {dag.py:3036} INFO - Sync 1 DAGs
[2024-11-06T07:07:05.721+0000] {logging_mixin.py:188} INFO - [2024-11-06T07:07:05.721+0000] {dag.py:3823} INFO - Setting next_dagrun for example_xcom to 2021-01-01 00:00:00+00:00, run_after=2021-01-01 00:00:00+00:00
[2024-11-06T07:07:05.750+0000] {processor.py:183} INFO - Processing /home/airflow/.local/lib/python3.8/site-packages/airflow/example_dags/example_xcom.py took 0.086 seconds
[2024-11-06T07:07:36.436+0000] {processor.py:161} INFO - Started process (PID=886) to work on /home/airflow/.local/lib/python3.8/site-packages/airflow/example_dags/example_xcom.py
[2024-11-06T07:07:36.437+0000] {processor.py:830} INFO - Processing file /home/airflow/.local/lib/python3.8/site-packages/airflow/example_dags/example_xcom.py for tasks to queue
[2024-11-06T07:07:36.439+0000] {logging_mixin.py:188} INFO - [2024-11-06T07:07:36.439+0000] {dagbag.py:538} INFO - Filling up the DagBag from /home/airflow/.local/lib/python3.8/site-packages/airflow/example_dags/example_xcom.py
[2024-11-06T07:07:36.448+0000] {processor.py:840} INFO - DAG(s) 'example_xcom' retrieved from /home/airflow/.local/lib/python3.8/site-packages/airflow/example_dags/example_xcom.py
[2024-11-06T07:07:36.472+0000] {logging_mixin.py:188} INFO - [2024-11-06T07:07:36.472+0000] {dag.py:3036} INFO - Sync 1 DAGs
[2024-11-06T07:07:36.495+0000] {logging_mixin.py:188} INFO - [2024-11-06T07:07:36.495+0000] {dag.py:3823} INFO - Setting next_dagrun for example_xcom to 2021-01-01 00:00:00+00:00, run_after=2021-01-01 00:00:00+00:00
[2024-11-06T07:07:36.526+0000] {processor.py:183} INFO - Processing /home/airflow/.local/lib/python3.8/site-packages/airflow/example_dags/example_xcom.py took 0.094 seconds
[2024-11-06T07:08:06.706+0000] {processor.py:161} INFO - Started process (PID=944) to work on /home/airflow/.local/lib/python3.8/site-packages/airflow/example_dags/example_xcom.py
[2024-11-06T07:08:06.707+0000] {processor.py:830} INFO - Processing file /home/airflow/.local/lib/python3.8/site-packages/airflow/example_dags/example_xcom.py for tasks to queue
[2024-11-06T07:08:06.708+0000] {logging_mixin.py:188} INFO - [2024-11-06T07:08:06.708+0000] {dagbag.py:538} INFO - Filling up the DagBag from /home/airflow/.local/lib/python3.8/site-packages/airflow/example_dags/example_xcom.py
[2024-11-06T07:08:06.714+0000] {processor.py:840} INFO - DAG(s) 'example_xcom' retrieved from /home/airflow/.local/lib/python3.8/site-packages/airflow/example_dags/example_xcom.py
[2024-11-06T07:08:06.731+0000] {logging_mixin.py:188} INFO - [2024-11-06T07:08:06.731+0000] {dag.py:3036} INFO - Sync 1 DAGs
[2024-11-06T07:08:06.752+0000] {logging_mixin.py:188} INFO - [2024-11-06T07:08:06.752+0000] {dag.py:3823} INFO - Setting next_dagrun for example_xcom to 2021-01-01 00:00:00+00:00, run_after=2021-01-01 00:00:00+00:00
[2024-11-06T07:08:06.778+0000] {processor.py:183} INFO - Processing /home/airflow/.local/lib/python3.8/site-packages/airflow/example_dags/example_xcom.py took 0.075 seconds
[2024-11-06T07:08:36.909+0000] {processor.py:161} INFO - Started process (PID=1002) to work on /home/airflow/.local/lib/python3.8/site-packages/airflow/example_dags/example_xcom.py
[2024-11-06T07:08:36.909+0000] {processor.py:830} INFO - Processing file /home/airflow/.local/lib/python3.8/site-packages/airflow/example_dags/example_xcom.py for tasks to queue
[2024-11-06T07:08:36.911+0000] {logging_mixin.py:188} INFO - [2024-11-06T07:08:36.911+0000] {dagbag.py:538} INFO - Filling up the DagBag from /home/airflow/.local/lib/python3.8/site-packages/airflow/example_dags/example_xcom.py
[2024-11-06T07:08:36.920+0000] {processor.py:840} INFO - DAG(s) 'example_xcom' retrieved from /home/airflow/.local/lib/python3.8/site-packages/airflow/example_dags/example_xcom.py
[2024-11-06T07:08:36.944+0000] {logging_mixin.py:188} INFO - [2024-11-06T07:08:36.943+0000] {dag.py:3036} INFO - Sync 1 DAGs
[2024-11-06T07:08:36.967+0000] {logging_mixin.py:188} INFO - [2024-11-06T07:08:36.967+0000] {dag.py:3823} INFO - Setting next_dagrun for example_xcom to 2021-01-01 00:00:00+00:00, run_after=2021-01-01 00:00:00+00:00
[2024-11-06T07:08:36.990+0000] {processor.py:183} INFO - Processing /home/airflow/.local/lib/python3.8/site-packages/airflow/example_dags/example_xcom.py took 0.085 seconds
[2024-11-06T07:09:07.451+0000] {processor.py:161} INFO - Started process (PID=1059) to work on /home/airflow/.local/lib/python3.8/site-packages/airflow/example_dags/example_xcom.py
[2024-11-06T07:09:07.452+0000] {processor.py:830} INFO - Processing file /home/airflow/.local/lib/python3.8/site-packages/airflow/example_dags/example_xcom.py for tasks to queue
[2024-11-06T07:09:07.454+0000] {logging_mixin.py:188} INFO - [2024-11-06T07:09:07.454+0000] {dagbag.py:538} INFO - Filling up the DagBag from /home/airflow/.local/lib/python3.8/site-packages/airflow/example_dags/example_xcom.py
[2024-11-06T07:09:07.463+0000] {processor.py:840} INFO - DAG(s) 'example_xcom' retrieved from /home/airflow/.local/lib/python3.8/site-packages/airflow/example_dags/example_xcom.py
[2024-11-06T07:09:07.488+0000] {logging_mixin.py:188} INFO - [2024-11-06T07:09:07.488+0000] {dag.py:3036} INFO - Sync 1 DAGs
[2024-11-06T07:09:07.512+0000] {logging_mixin.py:188} INFO - [2024-11-06T07:09:07.512+0000] {dag.py:3823} INFO - Setting next_dagrun for example_xcom to 2021-01-01 00:00:00+00:00, run_after=2021-01-01 00:00:00+00:00
[2024-11-06T07:09:07.536+0000] {processor.py:183} INFO - Processing /home/airflow/.local/lib/python3.8/site-packages/airflow/example_dags/example_xcom.py took 0.089 seconds
[2024-11-06T07:09:38.208+0000] {processor.py:161} INFO - Started process (PID=1117) to work on /home/airflow/.local/lib/python3.8/site-packages/airflow/example_dags/example_xcom.py
[2024-11-06T07:09:38.209+0000] {processor.py:830} INFO - Processing file /home/airflow/.local/lib/python3.8/site-packages/airflow/example_dags/example_xcom.py for tasks to queue
[2024-11-06T07:09:38.211+0000] {logging_mixin.py:188} INFO - [2024-11-06T07:09:38.210+0000] {dagbag.py:538} INFO - Filling up the DagBag from /home/airflow/.local/lib/python3.8/site-packages/airflow/example_dags/example_xcom.py
[2024-11-06T07:09:38.220+0000] {processor.py:840} INFO - DAG(s) 'example_xcom' retrieved from /home/airflow/.local/lib/python3.8/site-packages/airflow/example_dags/example_xcom.py
[2024-11-06T07:09:38.241+0000] {logging_mixin.py:188} INFO - [2024-11-06T07:09:38.240+0000] {dag.py:3036} INFO - Sync 1 DAGs
[2024-11-06T07:09:38.260+0000] {logging_mixin.py:188} INFO - [2024-11-06T07:09:38.260+0000] {dag.py:3823} INFO - Setting next_dagrun for example_xcom to 2021-01-01 00:00:00+00:00, run_after=2021-01-01 00:00:00+00:00
[2024-11-06T07:09:38.280+0000] {processor.py:183} INFO - Processing /home/airflow/.local/lib/python3.8/site-packages/airflow/example_dags/example_xcom.py took 0.076 seconds
[2024-11-06T07:10:08.625+0000] {processor.py:161} INFO - Started process (PID=1174) to work on /home/airflow/.local/lib/python3.8/site-packages/airflow/example_dags/example_xcom.py
[2024-11-06T07:10:08.626+0000] {processor.py:830} INFO - Processing file /home/airflow/.local/lib/python3.8/site-packages/airflow/example_dags/example_xcom.py for tasks to queue
[2024-11-06T07:10:08.628+0000] {logging_mixin.py:188} INFO - [2024-11-06T07:10:08.628+0000] {dagbag.py:538} INFO - Filling up the DagBag from /home/airflow/.local/lib/python3.8/site-packages/airflow/example_dags/example_xcom.py
[2024-11-06T07:10:08.637+0000] {processor.py:840} INFO - DAG(s) 'example_xcom' retrieved from /home/airflow/.local/lib/python3.8/site-packages/airflow/example_dags/example_xcom.py
[2024-11-06T07:10:08.676+0000] {logging_mixin.py:188} INFO - [2024-11-06T07:10:08.675+0000] {dag.py:3036} INFO - Sync 1 DAGs
[2024-11-06T07:10:08.720+0000] {logging_mixin.py:188} INFO - [2024-11-06T07:10:08.720+0000] {dag.py:3823} INFO - Setting next_dagrun for example_xcom to 2021-01-01 00:00:00+00:00, run_after=2021-01-01 00:00:00+00:00
[2024-11-06T07:10:08.742+0000] {processor.py:183} INFO - Processing /home/airflow/.local/lib/python3.8/site-packages/airflow/example_dags/example_xcom.py took 0.123 seconds
[2024-11-06T07:10:38.991+0000] {processor.py:161} INFO - Started process (PID=1237) to work on /home/airflow/.local/lib/python3.8/site-packages/airflow/example_dags/example_xcom.py
[2024-11-06T07:10:38.992+0000] {processor.py:830} INFO - Processing file /home/airflow/.local/lib/python3.8/site-packages/airflow/example_dags/example_xcom.py for tasks to queue
[2024-11-06T07:10:38.994+0000] {logging_mixin.py:188} INFO - [2024-11-06T07:10:38.994+0000] {dagbag.py:538} INFO - Filling up the DagBag from /home/airflow/.local/lib/python3.8/site-packages/airflow/example_dags/example_xcom.py
[2024-11-06T07:10:39.003+0000] {processor.py:840} INFO - DAG(s) 'example_xcom' retrieved from /home/airflow/.local/lib/python3.8/site-packages/airflow/example_dags/example_xcom.py
[2024-11-06T07:10:39.027+0000] {logging_mixin.py:188} INFO - [2024-11-06T07:10:39.027+0000] {dag.py:3036} INFO - Sync 1 DAGs
[2024-11-06T07:10:39.049+0000] {logging_mixin.py:188} INFO - [2024-11-06T07:10:39.048+0000] {dag.py:3823} INFO - Setting next_dagrun for example_xcom to 2021-01-01 00:00:00+00:00, run_after=2021-01-01 00:00:00+00:00
[2024-11-06T07:10:39.072+0000] {processor.py:183} INFO - Processing /home/airflow/.local/lib/python3.8/site-packages/airflow/example_dags/example_xcom.py took 0.084 seconds
[2024-11-06T07:11:09.748+0000] {processor.py:161} INFO - Started process (PID=1294) to work on /home/airflow/.local/lib/python3.8/site-packages/airflow/example_dags/example_xcom.py
[2024-11-06T07:11:09.749+0000] {processor.py:830} INFO - Processing file /home/airflow/.local/lib/python3.8/site-packages/airflow/example_dags/example_xcom.py for tasks to queue
[2024-11-06T07:11:09.750+0000] {logging_mixin.py:188} INFO - [2024-11-06T07:11:09.750+0000] {dagbag.py:538} INFO - Filling up the DagBag from /home/airflow/.local/lib/python3.8/site-packages/airflow/example_dags/example_xcom.py
[2024-11-06T07:11:09.759+0000] {processor.py:840} INFO - DAG(s) 'example_xcom' retrieved from /home/airflow/.local/lib/python3.8/site-packages/airflow/example_dags/example_xcom.py
[2024-11-06T07:11:09.785+0000] {logging_mixin.py:188} INFO - [2024-11-06T07:11:09.785+0000] {dag.py:3036} INFO - Sync 1 DAGs
[2024-11-06T07:11:09.815+0000] {logging_mixin.py:188} INFO - [2024-11-06T07:11:09.815+0000] {dag.py:3823} INFO - Setting next_dagrun for example_xcom to 2021-01-01 00:00:00+00:00, run_after=2021-01-01 00:00:00+00:00
[2024-11-06T07:11:09.847+0000] {processor.py:183} INFO - Processing /home/airflow/.local/lib/python3.8/site-packages/airflow/example_dags/example_xcom.py took 0.104 seconds
[2024-11-06T07:11:39.918+0000] {processor.py:161} INFO - Started process (PID=1351) to work on /home/airflow/.local/lib/python3.8/site-packages/airflow/example_dags/example_xcom.py
[2024-11-06T07:11:39.919+0000] {processor.py:830} INFO - Processing file /home/airflow/.local/lib/python3.8/site-packages/airflow/example_dags/example_xcom.py for tasks to queue
[2024-11-06T07:11:39.920+0000] {logging_mixin.py:188} INFO - [2024-11-06T07:11:39.920+0000] {dagbag.py:538} INFO - Filling up the DagBag from /home/airflow/.local/lib/python3.8/site-packages/airflow/example_dags/example_xcom.py
[2024-11-06T07:11:39.929+0000] {processor.py:840} INFO - DAG(s) 'example_xcom' retrieved from /home/airflow/.local/lib/python3.8/site-packages/airflow/example_dags/example_xcom.py
[2024-11-06T07:11:39.963+0000] {logging_mixin.py:188} INFO - [2024-11-06T07:11:39.963+0000] {dag.py:3036} INFO - Sync 1 DAGs
[2024-11-06T07:11:40.008+0000] {logging_mixin.py:188} INFO - [2024-11-06T07:11:40.008+0000] {dag.py:3823} INFO - Setting next_dagrun for example_xcom to 2021-01-01 00:00:00+00:00, run_after=2021-01-01 00:00:00+00:00
[2024-11-06T07:11:40.039+0000] {processor.py:183} INFO - Processing /home/airflow/.local/lib/python3.8/site-packages/airflow/example_dags/example_xcom.py took 0.125 seconds
[2024-11-06T07:12:10.448+0000] {processor.py:161} INFO - Started process (PID=1408) to work on /home/airflow/.local/lib/python3.8/site-packages/airflow/example_dags/example_xcom.py
[2024-11-06T07:12:10.449+0000] {processor.py:830} INFO - Processing file /home/airflow/.local/lib/python3.8/site-packages/airflow/example_dags/example_xcom.py for tasks to queue
[2024-11-06T07:12:10.451+0000] {logging_mixin.py:188} INFO - [2024-11-06T07:12:10.451+0000] {dagbag.py:538} INFO - Filling up the DagBag from /home/airflow/.local/lib/python3.8/site-packages/airflow/example_dags/example_xcom.py
[2024-11-06T07:12:10.462+0000] {processor.py:840} INFO - DAG(s) 'example_xcom' retrieved from /home/airflow/.local/lib/python3.8/site-packages/airflow/example_dags/example_xcom.py
[2024-11-06T07:12:10.495+0000] {logging_mixin.py:188} INFO - [2024-11-06T07:12:10.495+0000] {dag.py:3036} INFO - Sync 1 DAGs
[2024-11-06T07:12:10.518+0000] {logging_mixin.py:188} INFO - [2024-11-06T07:12:10.518+0000] {dag.py:3823} INFO - Setting next_dagrun for example_xcom to 2021-01-01 00:00:00+00:00, run_after=2021-01-01 00:00:00+00:00
[2024-11-06T07:12:10.536+0000] {processor.py:183} INFO - Processing /home/airflow/.local/lib/python3.8/site-packages/airflow/example_dags/example_xcom.py took 0.092 seconds
[2024-11-06T07:14:01.828+0000] {processor.py:161} INFO - Started process (PID=80) to work on /home/airflow/.local/lib/python3.8/site-packages/airflow/example_dags/example_xcom.py
[2024-11-06T07:14:01.829+0000] {processor.py:830} INFO - Processing file /home/airflow/.local/lib/python3.8/site-packages/airflow/example_dags/example_xcom.py for tasks to queue
[2024-11-06T07:14:01.839+0000] {logging_mixin.py:188} INFO - [2024-11-06T07:14:01.839+0000] {dagbag.py:538} INFO - Filling up the DagBag from /home/airflow/.local/lib/python3.8/site-packages/airflow/example_dags/example_xcom.py
[2024-11-06T07:14:01.880+0000] {processor.py:840} INFO - DAG(s) 'example_xcom' retrieved from /home/airflow/.local/lib/python3.8/site-packages/airflow/example_dags/example_xcom.py
[2024-11-06T07:14:02.445+0000] {logging_mixin.py:188} INFO - [2024-11-06T07:14:02.445+0000] {dag.py:3036} INFO - Sync 1 DAGs
[2024-11-06T07:14:02.468+0000] {logging_mixin.py:188} INFO - [2024-11-06T07:14:02.468+0000] {dag.py:3823} INFO - Setting next_dagrun for example_xcom to 2021-01-01 00:00:00+00:00, run_after=2021-01-01 00:00:00+00:00
[2024-11-06T07:14:02.500+0000] {processor.py:183} INFO - Processing /home/airflow/.local/lib/python3.8/site-packages/airflow/example_dags/example_xcom.py took 0.676 seconds
[2024-11-06T07:14:32.630+0000] {processor.py:161} INFO - Started process (PID=137) to work on /home/airflow/.local/lib/python3.8/site-packages/airflow/example_dags/example_xcom.py
[2024-11-06T07:14:32.630+0000] {processor.py:830} INFO - Processing file /home/airflow/.local/lib/python3.8/site-packages/airflow/example_dags/example_xcom.py for tasks to queue
[2024-11-06T07:14:32.632+0000] {logging_mixin.py:188} INFO - [2024-11-06T07:14:32.631+0000] {dagbag.py:538} INFO - Filling up the DagBag from /home/airflow/.local/lib/python3.8/site-packages/airflow/example_dags/example_xcom.py
[2024-11-06T07:14:32.637+0000] {processor.py:840} INFO - DAG(s) 'example_xcom' retrieved from /home/airflow/.local/lib/python3.8/site-packages/airflow/example_dags/example_xcom.py
[2024-11-06T07:14:32.654+0000] {logging_mixin.py:188} INFO - [2024-11-06T07:14:32.654+0000] {dag.py:3036} INFO - Sync 1 DAGs
[2024-11-06T07:14:32.670+0000] {logging_mixin.py:188} INFO - [2024-11-06T07:14:32.670+0000] {dag.py:3823} INFO - Setting next_dagrun for example_xcom to 2021-01-01 00:00:00+00:00, run_after=2021-01-01 00:00:00+00:00
[2024-11-06T07:14:32.689+0000] {processor.py:183} INFO - Processing /home/airflow/.local/lib/python3.8/site-packages/airflow/example_dags/example_xcom.py took 0.062 seconds
[2024-11-06T07:15:03.491+0000] {processor.py:161} INFO - Started process (PID=194) to work on /home/airflow/.local/lib/python3.8/site-packages/airflow/example_dags/example_xcom.py
[2024-11-06T07:15:03.492+0000] {processor.py:830} INFO - Processing file /home/airflow/.local/lib/python3.8/site-packages/airflow/example_dags/example_xcom.py for tasks to queue
[2024-11-06T07:15:03.494+0000] {logging_mixin.py:188} INFO - [2024-11-06T07:15:03.493+0000] {dagbag.py:538} INFO - Filling up the DagBag from /home/airflow/.local/lib/python3.8/site-packages/airflow/example_dags/example_xcom.py
[2024-11-06T07:15:03.503+0000] {processor.py:840} INFO - DAG(s) 'example_xcom' retrieved from /home/airflow/.local/lib/python3.8/site-packages/airflow/example_dags/example_xcom.py
[2024-11-06T07:15:03.520+0000] {logging_mixin.py:188} INFO - [2024-11-06T07:15:03.520+0000] {dag.py:3036} INFO - Sync 1 DAGs
[2024-11-06T07:15:03.536+0000] {logging_mixin.py:188} INFO - [2024-11-06T07:15:03.536+0000] {dag.py:3823} INFO - Setting next_dagrun for example_xcom to 2021-01-01 00:00:00+00:00, run_after=2021-01-01 00:00:00+00:00
[2024-11-06T07:15:03.553+0000] {processor.py:183} INFO - Processing /home/airflow/.local/lib/python3.8/site-packages/airflow/example_dags/example_xcom.py took 0.068 seconds
