[2024-11-06T07:00:32.315+0000] {processor.py:161} INFO - Started process (PID=91) to work on /home/airflow/.local/lib/python3.8/site-packages/airflow/example_dags/example_branch_day_of_week_operator.py
[2024-11-06T07:00:32.320+0000] {processor.py:830} INFO - Processing file /home/airflow/.local/lib/python3.8/site-packages/airflow/example_dags/example_branch_day_of_week_operator.py for tasks to queue
[2024-11-06T07:00:32.323+0000] {logging_mixin.py:188} INFO - [2024-11-06T07:00:32.322+0000] {dagbag.py:538} INFO - Filling up the DagBag from /home/airflow/.local/lib/python3.8/site-packages/airflow/example_dags/example_branch_day_of_week_operator.py
[2024-11-06T07:00:32.352+0000] {processor.py:840} INFO - DAG(s) 'example_weekday_branch_operator' retrieved from /home/airflow/.local/lib/python3.8/site-packages/airflow/example_dags/example_branch_day_of_week_operator.py
[2024-11-06T07:00:32.773+0000] {logging_mixin.py:188} INFO - [2024-11-06T07:00:32.772+0000] {dag.py:3036} INFO - Sync 1 DAGs
[2024-11-06T07:00:32.845+0000] {logging_mixin.py:188} INFO - [2024-11-06T07:00:32.844+0000] {dag.py:3823} INFO - Setting next_dagrun for example_weekday_branch_operator to 2024-11-05 00:00:00+00:00, run_after=2024-11-06 00:00:00+00:00
[2024-11-06T07:00:32.940+0000] {processor.py:183} INFO - Processing /home/airflow/.local/lib/python3.8/site-packages/airflow/example_dags/example_branch_day_of_week_operator.py took 0.633 seconds
[2024-11-06T07:01:03.881+0000] {processor.py:161} INFO - Started process (PID=148) to work on /home/airflow/.local/lib/python3.8/site-packages/airflow/example_dags/example_branch_day_of_week_operator.py
[2024-11-06T07:01:03.883+0000] {processor.py:830} INFO - Processing file /home/airflow/.local/lib/python3.8/site-packages/airflow/example_dags/example_branch_day_of_week_operator.py for tasks to queue
[2024-11-06T07:01:03.884+0000] {logging_mixin.py:188} INFO - [2024-11-06T07:01:03.884+0000] {dagbag.py:538} INFO - Filling up the DagBag from /home/airflow/.local/lib/python3.8/site-packages/airflow/example_dags/example_branch_day_of_week_operator.py
[2024-11-06T07:01:03.894+0000] {processor.py:840} INFO - DAG(s) 'example_weekday_branch_operator' retrieved from /home/airflow/.local/lib/python3.8/site-packages/airflow/example_dags/example_branch_day_of_week_operator.py
[2024-11-06T07:01:03.918+0000] {logging_mixin.py:188} INFO - [2024-11-06T07:01:03.918+0000] {dag.py:3036} INFO - Sync 1 DAGs
[2024-11-06T07:01:03.946+0000] {logging_mixin.py:188} INFO - [2024-11-06T07:01:03.946+0000] {dag.py:3823} INFO - Setting next_dagrun for example_weekday_branch_operator to 2024-11-05 00:00:00+00:00, run_after=2024-11-06 00:00:00+00:00
[2024-11-06T07:01:03.985+0000] {processor.py:183} INFO - Processing /home/airflow/.local/lib/python3.8/site-packages/airflow/example_dags/example_branch_day_of_week_operator.py took 0.106 seconds
[2024-11-06T07:01:34.352+0000] {processor.py:161} INFO - Started process (PID=206) to work on /home/airflow/.local/lib/python3.8/site-packages/airflow/example_dags/example_branch_day_of_week_operator.py
[2024-11-06T07:01:34.353+0000] {processor.py:830} INFO - Processing file /home/airflow/.local/lib/python3.8/site-packages/airflow/example_dags/example_branch_day_of_week_operator.py for tasks to queue
[2024-11-06T07:01:34.355+0000] {logging_mixin.py:188} INFO - [2024-11-06T07:01:34.355+0000] {dagbag.py:538} INFO - Filling up the DagBag from /home/airflow/.local/lib/python3.8/site-packages/airflow/example_dags/example_branch_day_of_week_operator.py
[2024-11-06T07:01:34.365+0000] {processor.py:840} INFO - DAG(s) 'example_weekday_branch_operator' retrieved from /home/airflow/.local/lib/python3.8/site-packages/airflow/example_dags/example_branch_day_of_week_operator.py
[2024-11-06T07:01:34.390+0000] {logging_mixin.py:188} INFO - [2024-11-06T07:01:34.390+0000] {dag.py:3036} INFO - Sync 1 DAGs
[2024-11-06T07:01:34.418+0000] {logging_mixin.py:188} INFO - [2024-11-06T07:01:34.418+0000] {dag.py:3823} INFO - Setting next_dagrun for example_weekday_branch_operator to 2024-11-05 00:00:00+00:00, run_after=2024-11-06 00:00:00+00:00
[2024-11-06T07:01:34.446+0000] {processor.py:183} INFO - Processing /home/airflow/.local/lib/python3.8/site-packages/airflow/example_dags/example_branch_day_of_week_operator.py took 0.097 seconds
[2024-11-06T07:02:05.374+0000] {processor.py:161} INFO - Started process (PID=264) to work on /home/airflow/.local/lib/python3.8/site-packages/airflow/example_dags/example_branch_day_of_week_operator.py
[2024-11-06T07:02:05.376+0000] {processor.py:830} INFO - Processing file /home/airflow/.local/lib/python3.8/site-packages/airflow/example_dags/example_branch_day_of_week_operator.py for tasks to queue
[2024-11-06T07:02:05.377+0000] {logging_mixin.py:188} INFO - [2024-11-06T07:02:05.377+0000] {dagbag.py:538} INFO - Filling up the DagBag from /home/airflow/.local/lib/python3.8/site-packages/airflow/example_dags/example_branch_day_of_week_operator.py
[2024-11-06T07:02:05.386+0000] {processor.py:840} INFO - DAG(s) 'example_weekday_branch_operator' retrieved from /home/airflow/.local/lib/python3.8/site-packages/airflow/example_dags/example_branch_day_of_week_operator.py
[2024-11-06T07:02:05.411+0000] {logging_mixin.py:188} INFO - [2024-11-06T07:02:05.411+0000] {dag.py:3036} INFO - Sync 1 DAGs
[2024-11-06T07:02:05.438+0000] {logging_mixin.py:188} INFO - [2024-11-06T07:02:05.438+0000] {dag.py:3823} INFO - Setting next_dagrun for example_weekday_branch_operator to 2024-11-05 00:00:00+00:00, run_after=2024-11-06 00:00:00+00:00
[2024-11-06T07:02:05.463+0000] {processor.py:183} INFO - Processing /home/airflow/.local/lib/python3.8/site-packages/airflow/example_dags/example_branch_day_of_week_operator.py took 0.092 seconds
[2024-11-06T07:02:36.309+0000] {processor.py:161} INFO - Started process (PID=321) to work on /home/airflow/.local/lib/python3.8/site-packages/airflow/example_dags/example_branch_day_of_week_operator.py
[2024-11-06T07:02:36.310+0000] {processor.py:830} INFO - Processing file /home/airflow/.local/lib/python3.8/site-packages/airflow/example_dags/example_branch_day_of_week_operator.py for tasks to queue
[2024-11-06T07:02:36.312+0000] {logging_mixin.py:188} INFO - [2024-11-06T07:02:36.311+0000] {dagbag.py:538} INFO - Filling up the DagBag from /home/airflow/.local/lib/python3.8/site-packages/airflow/example_dags/example_branch_day_of_week_operator.py
[2024-11-06T07:02:36.323+0000] {processor.py:840} INFO - DAG(s) 'example_weekday_branch_operator' retrieved from /home/airflow/.local/lib/python3.8/site-packages/airflow/example_dags/example_branch_day_of_week_operator.py
[2024-11-06T07:02:36.347+0000] {logging_mixin.py:188} INFO - [2024-11-06T07:02:36.347+0000] {dag.py:3036} INFO - Sync 1 DAGs
[2024-11-06T07:02:36.387+0000] {logging_mixin.py:188} INFO - [2024-11-06T07:02:36.387+0000] {dag.py:3823} INFO - Setting next_dagrun for example_weekday_branch_operator to 2024-11-05 00:00:00+00:00, run_after=2024-11-06 00:00:00+00:00
[2024-11-06T07:02:36.410+0000] {processor.py:183} INFO - Processing /home/airflow/.local/lib/python3.8/site-packages/airflow/example_dags/example_branch_day_of_week_operator.py took 0.105 seconds
[2024-11-06T07:03:06.573+0000] {processor.py:161} INFO - Started process (PID=379) to work on /home/airflow/.local/lib/python3.8/site-packages/airflow/example_dags/example_branch_day_of_week_operator.py
[2024-11-06T07:03:06.574+0000] {processor.py:830} INFO - Processing file /home/airflow/.local/lib/python3.8/site-packages/airflow/example_dags/example_branch_day_of_week_operator.py for tasks to queue
[2024-11-06T07:03:06.576+0000] {logging_mixin.py:188} INFO - [2024-11-06T07:03:06.576+0000] {dagbag.py:538} INFO - Filling up the DagBag from /home/airflow/.local/lib/python3.8/site-packages/airflow/example_dags/example_branch_day_of_week_operator.py
[2024-11-06T07:03:06.585+0000] {processor.py:840} INFO - DAG(s) 'example_weekday_branch_operator' retrieved from /home/airflow/.local/lib/python3.8/site-packages/airflow/example_dags/example_branch_day_of_week_operator.py
[2024-11-06T07:03:06.610+0000] {logging_mixin.py:188} INFO - [2024-11-06T07:03:06.610+0000] {dag.py:3036} INFO - Sync 1 DAGs
[2024-11-06T07:03:06.657+0000] {logging_mixin.py:188} INFO - [2024-11-06T07:03:06.657+0000] {dag.py:3823} INFO - Setting next_dagrun for example_weekday_branch_operator to 2024-11-05 00:00:00+00:00, run_after=2024-11-06 00:00:00+00:00
[2024-11-06T07:03:06.689+0000] {processor.py:183} INFO - Processing /home/airflow/.local/lib/python3.8/site-packages/airflow/example_dags/example_branch_day_of_week_operator.py took 0.119 seconds
[2024-11-06T07:03:36.850+0000] {processor.py:161} INFO - Started process (PID=437) to work on /home/airflow/.local/lib/python3.8/site-packages/airflow/example_dags/example_branch_day_of_week_operator.py
[2024-11-06T07:03:36.851+0000] {processor.py:830} INFO - Processing file /home/airflow/.local/lib/python3.8/site-packages/airflow/example_dags/example_branch_day_of_week_operator.py for tasks to queue
[2024-11-06T07:03:36.853+0000] {logging_mixin.py:188} INFO - [2024-11-06T07:03:36.853+0000] {dagbag.py:538} INFO - Filling up the DagBag from /home/airflow/.local/lib/python3.8/site-packages/airflow/example_dags/example_branch_day_of_week_operator.py
[2024-11-06T07:03:36.862+0000] {processor.py:840} INFO - DAG(s) 'example_weekday_branch_operator' retrieved from /home/airflow/.local/lib/python3.8/site-packages/airflow/example_dags/example_branch_day_of_week_operator.py
[2024-11-06T07:03:36.909+0000] {logging_mixin.py:188} INFO - [2024-11-06T07:03:36.908+0000] {dag.py:3036} INFO - Sync 1 DAGs
[2024-11-06T07:03:36.952+0000] {logging_mixin.py:188} INFO - [2024-11-06T07:03:36.952+0000] {dag.py:3823} INFO - Setting next_dagrun for example_weekday_branch_operator to 2024-11-05 00:00:00+00:00, run_after=2024-11-06 00:00:00+00:00
[2024-11-06T07:03:36.976+0000] {processor.py:183} INFO - Processing /home/airflow/.local/lib/python3.8/site-packages/airflow/example_dags/example_branch_day_of_week_operator.py took 0.130 seconds
[2024-11-06T07:04:07.194+0000] {processor.py:161} INFO - Started process (PID=494) to work on /home/airflow/.local/lib/python3.8/site-packages/airflow/example_dags/example_branch_day_of_week_operator.py
[2024-11-06T07:04:07.195+0000] {processor.py:830} INFO - Processing file /home/airflow/.local/lib/python3.8/site-packages/airflow/example_dags/example_branch_day_of_week_operator.py for tasks to queue
[2024-11-06T07:04:07.197+0000] {logging_mixin.py:188} INFO - [2024-11-06T07:04:07.196+0000] {dagbag.py:538} INFO - Filling up the DagBag from /home/airflow/.local/lib/python3.8/site-packages/airflow/example_dags/example_branch_day_of_week_operator.py
[2024-11-06T07:04:07.206+0000] {processor.py:840} INFO - DAG(s) 'example_weekday_branch_operator' retrieved from /home/airflow/.local/lib/python3.8/site-packages/airflow/example_dags/example_branch_day_of_week_operator.py
[2024-11-06T07:04:07.231+0000] {logging_mixin.py:188} INFO - [2024-11-06T07:04:07.231+0000] {dag.py:3036} INFO - Sync 1 DAGs
[2024-11-06T07:04:07.275+0000] {logging_mixin.py:188} INFO - [2024-11-06T07:04:07.274+0000] {dag.py:3823} INFO - Setting next_dagrun for example_weekday_branch_operator to 2024-11-05 00:00:00+00:00, run_after=2024-11-06 00:00:00+00:00
[2024-11-06T07:04:07.305+0000] {processor.py:183} INFO - Processing /home/airflow/.local/lib/python3.8/site-packages/airflow/example_dags/example_branch_day_of_week_operator.py took 0.114 seconds
[2024-11-06T07:04:37.551+0000] {processor.py:161} INFO - Started process (PID=552) to work on /home/airflow/.local/lib/python3.8/site-packages/airflow/example_dags/example_branch_day_of_week_operator.py
[2024-11-06T07:04:37.554+0000] {processor.py:830} INFO - Processing file /home/airflow/.local/lib/python3.8/site-packages/airflow/example_dags/example_branch_day_of_week_operator.py for tasks to queue
[2024-11-06T07:04:37.559+0000] {logging_mixin.py:188} INFO - [2024-11-06T07:04:37.559+0000] {dagbag.py:538} INFO - Filling up the DagBag from /home/airflow/.local/lib/python3.8/site-packages/airflow/example_dags/example_branch_day_of_week_operator.py
[2024-11-06T07:04:37.578+0000] {processor.py:840} INFO - DAG(s) 'example_weekday_branch_operator' retrieved from /home/airflow/.local/lib/python3.8/site-packages/airflow/example_dags/example_branch_day_of_week_operator.py
[2024-11-06T07:04:37.699+0000] {logging_mixin.py:188} INFO - [2024-11-06T07:04:37.699+0000] {dag.py:3036} INFO - Sync 1 DAGs
[2024-11-06T07:04:37.747+0000] {logging_mixin.py:188} INFO - [2024-11-06T07:04:37.747+0000] {dag.py:3823} INFO - Setting next_dagrun for example_weekday_branch_operator to 2024-11-05 00:00:00+00:00, run_after=2024-11-06 00:00:00+00:00
[2024-11-06T07:04:37.782+0000] {processor.py:183} INFO - Processing /home/airflow/.local/lib/python3.8/site-packages/airflow/example_dags/example_branch_day_of_week_operator.py took 0.251 seconds
[2024-11-06T07:05:07.835+0000] {processor.py:161} INFO - Started process (PID=615) to work on /home/airflow/.local/lib/python3.8/site-packages/airflow/example_dags/example_branch_day_of_week_operator.py
[2024-11-06T07:05:07.836+0000] {processor.py:830} INFO - Processing file /home/airflow/.local/lib/python3.8/site-packages/airflow/example_dags/example_branch_day_of_week_operator.py for tasks to queue
[2024-11-06T07:05:07.838+0000] {logging_mixin.py:188} INFO - [2024-11-06T07:05:07.838+0000] {dagbag.py:538} INFO - Filling up the DagBag from /home/airflow/.local/lib/python3.8/site-packages/airflow/example_dags/example_branch_day_of_week_operator.py
[2024-11-06T07:05:07.847+0000] {processor.py:840} INFO - DAG(s) 'example_weekday_branch_operator' retrieved from /home/airflow/.local/lib/python3.8/site-packages/airflow/example_dags/example_branch_day_of_week_operator.py
[2024-11-06T07:05:07.871+0000] {logging_mixin.py:188} INFO - [2024-11-06T07:05:07.871+0000] {dag.py:3036} INFO - Sync 1 DAGs
[2024-11-06T07:05:07.899+0000] {logging_mixin.py:188} INFO - [2024-11-06T07:05:07.898+0000] {dag.py:3823} INFO - Setting next_dagrun for example_weekday_branch_operator to 2024-11-05 00:00:00+00:00, run_after=2024-11-06 00:00:00+00:00
[2024-11-06T07:05:07.925+0000] {processor.py:183} INFO - Processing /home/airflow/.local/lib/python3.8/site-packages/airflow/example_dags/example_branch_day_of_week_operator.py took 0.093 seconds
[2024-11-06T07:05:38.230+0000] {processor.py:161} INFO - Started process (PID=672) to work on /home/airflow/.local/lib/python3.8/site-packages/airflow/example_dags/example_branch_day_of_week_operator.py
[2024-11-06T07:05:38.233+0000] {processor.py:830} INFO - Processing file /home/airflow/.local/lib/python3.8/site-packages/airflow/example_dags/example_branch_day_of_week_operator.py for tasks to queue
[2024-11-06T07:05:38.241+0000] {logging_mixin.py:188} INFO - [2024-11-06T07:05:38.240+0000] {dagbag.py:538} INFO - Filling up the DagBag from /home/airflow/.local/lib/python3.8/site-packages/airflow/example_dags/example_branch_day_of_week_operator.py
[2024-11-06T07:05:38.284+0000] {processor.py:840} INFO - DAG(s) 'example_weekday_branch_operator' retrieved from /home/airflow/.local/lib/python3.8/site-packages/airflow/example_dags/example_branch_day_of_week_operator.py
[2024-11-06T07:05:38.405+0000] {logging_mixin.py:188} INFO - [2024-11-06T07:05:38.405+0000] {dag.py:3036} INFO - Sync 1 DAGs
[2024-11-06T07:05:38.488+0000] {logging_mixin.py:188} INFO - [2024-11-06T07:05:38.488+0000] {dag.py:3823} INFO - Setting next_dagrun for example_weekday_branch_operator to 2024-11-05 00:00:00+00:00, run_after=2024-11-06 00:00:00+00:00
[2024-11-06T07:05:38.550+0000] {processor.py:183} INFO - Processing /home/airflow/.local/lib/python3.8/site-packages/airflow/example_dags/example_branch_day_of_week_operator.py took 0.329 seconds
[2024-11-06T07:06:08.932+0000] {processor.py:161} INFO - Started process (PID=729) to work on /home/airflow/.local/lib/python3.8/site-packages/airflow/example_dags/example_branch_day_of_week_operator.py
[2024-11-06T07:06:08.933+0000] {processor.py:830} INFO - Processing file /home/airflow/.local/lib/python3.8/site-packages/airflow/example_dags/example_branch_day_of_week_operator.py for tasks to queue
[2024-11-06T07:06:08.935+0000] {logging_mixin.py:188} INFO - [2024-11-06T07:06:08.934+0000] {dagbag.py:538} INFO - Filling up the DagBag from /home/airflow/.local/lib/python3.8/site-packages/airflow/example_dags/example_branch_day_of_week_operator.py
[2024-11-06T07:06:08.943+0000] {processor.py:840} INFO - DAG(s) 'example_weekday_branch_operator' retrieved from /home/airflow/.local/lib/python3.8/site-packages/airflow/example_dags/example_branch_day_of_week_operator.py
[2024-11-06T07:06:08.969+0000] {logging_mixin.py:188} INFO - [2024-11-06T07:06:08.968+0000] {dag.py:3036} INFO - Sync 1 DAGs
[2024-11-06T07:06:08.996+0000] {logging_mixin.py:188} INFO - [2024-11-06T07:06:08.995+0000] {dag.py:3823} INFO - Setting next_dagrun for example_weekday_branch_operator to 2024-11-05 00:00:00+00:00, run_after=2024-11-06 00:00:00+00:00
[2024-11-06T07:06:09.022+0000] {processor.py:183} INFO - Processing /home/airflow/.local/lib/python3.8/site-packages/airflow/example_dags/example_branch_day_of_week_operator.py took 0.093 seconds
[2024-11-06T07:06:39.733+0000] {processor.py:161} INFO - Started process (PID=787) to work on /home/airflow/.local/lib/python3.8/site-packages/airflow/example_dags/example_branch_day_of_week_operator.py
[2024-11-06T07:06:39.734+0000] {processor.py:830} INFO - Processing file /home/airflow/.local/lib/python3.8/site-packages/airflow/example_dags/example_branch_day_of_week_operator.py for tasks to queue
[2024-11-06T07:06:39.736+0000] {logging_mixin.py:188} INFO - [2024-11-06T07:06:39.736+0000] {dagbag.py:538} INFO - Filling up the DagBag from /home/airflow/.local/lib/python3.8/site-packages/airflow/example_dags/example_branch_day_of_week_operator.py
[2024-11-06T07:06:39.745+0000] {processor.py:840} INFO - DAG(s) 'example_weekday_branch_operator' retrieved from /home/airflow/.local/lib/python3.8/site-packages/airflow/example_dags/example_branch_day_of_week_operator.py
[2024-11-06T07:06:39.775+0000] {logging_mixin.py:188} INFO - [2024-11-06T07:06:39.775+0000] {dag.py:3036} INFO - Sync 1 DAGs
[2024-11-06T07:06:39.802+0000] {logging_mixin.py:188} INFO - [2024-11-06T07:06:39.802+0000] {dag.py:3823} INFO - Setting next_dagrun for example_weekday_branch_operator to 2024-11-05 00:00:00+00:00, run_after=2024-11-06 00:00:00+00:00
[2024-11-06T07:06:39.835+0000] {processor.py:183} INFO - Processing /home/airflow/.local/lib/python3.8/site-packages/airflow/example_dags/example_branch_day_of_week_operator.py took 0.105 seconds
[2024-11-06T07:07:10.357+0000] {processor.py:161} INFO - Started process (PID=844) to work on /home/airflow/.local/lib/python3.8/site-packages/airflow/example_dags/example_branch_day_of_week_operator.py
[2024-11-06T07:07:10.358+0000] {processor.py:830} INFO - Processing file /home/airflow/.local/lib/python3.8/site-packages/airflow/example_dags/example_branch_day_of_week_operator.py for tasks to queue
[2024-11-06T07:07:10.360+0000] {logging_mixin.py:188} INFO - [2024-11-06T07:07:10.359+0000] {dagbag.py:538} INFO - Filling up the DagBag from /home/airflow/.local/lib/python3.8/site-packages/airflow/example_dags/example_branch_day_of_week_operator.py
[2024-11-06T07:07:10.369+0000] {processor.py:840} INFO - DAG(s) 'example_weekday_branch_operator' retrieved from /home/airflow/.local/lib/python3.8/site-packages/airflow/example_dags/example_branch_day_of_week_operator.py
[2024-11-06T07:07:10.396+0000] {logging_mixin.py:188} INFO - [2024-11-06T07:07:10.395+0000] {dag.py:3036} INFO - Sync 1 DAGs
[2024-11-06T07:07:10.432+0000] {logging_mixin.py:188} INFO - [2024-11-06T07:07:10.431+0000] {dag.py:3823} INFO - Setting next_dagrun for example_weekday_branch_operator to 2024-11-05 00:00:00+00:00, run_after=2024-11-06 00:00:00+00:00
[2024-11-06T07:07:10.456+0000] {processor.py:183} INFO - Processing /home/airflow/.local/lib/python3.8/site-packages/airflow/example_dags/example_branch_day_of_week_operator.py took 0.103 seconds
[2024-11-06T07:07:41.083+0000] {processor.py:161} INFO - Started process (PID=902) to work on /home/airflow/.local/lib/python3.8/site-packages/airflow/example_dags/example_branch_day_of_week_operator.py
[2024-11-06T07:07:41.084+0000] {processor.py:830} INFO - Processing file /home/airflow/.local/lib/python3.8/site-packages/airflow/example_dags/example_branch_day_of_week_operator.py for tasks to queue
[2024-11-06T07:07:41.086+0000] {logging_mixin.py:188} INFO - [2024-11-06T07:07:41.086+0000] {dagbag.py:538} INFO - Filling up the DagBag from /home/airflow/.local/lib/python3.8/site-packages/airflow/example_dags/example_branch_day_of_week_operator.py
[2024-11-06T07:07:41.095+0000] {processor.py:840} INFO - DAG(s) 'example_weekday_branch_operator' retrieved from /home/airflow/.local/lib/python3.8/site-packages/airflow/example_dags/example_branch_day_of_week_operator.py
[2024-11-06T07:07:41.119+0000] {logging_mixin.py:188} INFO - [2024-11-06T07:07:41.119+0000] {dag.py:3036} INFO - Sync 1 DAGs
[2024-11-06T07:07:41.146+0000] {logging_mixin.py:188} INFO - [2024-11-06T07:07:41.146+0000] {dag.py:3823} INFO - Setting next_dagrun for example_weekday_branch_operator to 2024-11-05 00:00:00+00:00, run_after=2024-11-06 00:00:00+00:00
[2024-11-06T07:07:41.169+0000] {processor.py:183} INFO - Processing /home/airflow/.local/lib/python3.8/site-packages/airflow/example_dags/example_branch_day_of_week_operator.py took 0.089 seconds
[2024-11-06T07:08:11.324+0000] {processor.py:161} INFO - Started process (PID=960) to work on /home/airflow/.local/lib/python3.8/site-packages/airflow/example_dags/example_branch_day_of_week_operator.py
[2024-11-06T07:08:11.325+0000] {processor.py:830} INFO - Processing file /home/airflow/.local/lib/python3.8/site-packages/airflow/example_dags/example_branch_day_of_week_operator.py for tasks to queue
[2024-11-06T07:08:11.327+0000] {logging_mixin.py:188} INFO - [2024-11-06T07:08:11.327+0000] {dagbag.py:538} INFO - Filling up the DagBag from /home/airflow/.local/lib/python3.8/site-packages/airflow/example_dags/example_branch_day_of_week_operator.py
[2024-11-06T07:08:11.336+0000] {processor.py:840} INFO - DAG(s) 'example_weekday_branch_operator' retrieved from /home/airflow/.local/lib/python3.8/site-packages/airflow/example_dags/example_branch_day_of_week_operator.py
[2024-11-06T07:08:11.360+0000] {logging_mixin.py:188} INFO - [2024-11-06T07:08:11.360+0000] {dag.py:3036} INFO - Sync 1 DAGs
[2024-11-06T07:08:11.387+0000] {logging_mixin.py:188} INFO - [2024-11-06T07:08:11.387+0000] {dag.py:3823} INFO - Setting next_dagrun for example_weekday_branch_operator to 2024-11-05 00:00:00+00:00, run_after=2024-11-06 00:00:00+00:00
[2024-11-06T07:08:11.414+0000] {processor.py:183} INFO - Processing /home/airflow/.local/lib/python3.8/site-packages/airflow/example_dags/example_branch_day_of_week_operator.py took 0.093 seconds
[2024-11-06T07:08:41.541+0000] {processor.py:161} INFO - Started process (PID=1017) to work on /home/airflow/.local/lib/python3.8/site-packages/airflow/example_dags/example_branch_day_of_week_operator.py
[2024-11-06T07:08:41.543+0000] {processor.py:830} INFO - Processing file /home/airflow/.local/lib/python3.8/site-packages/airflow/example_dags/example_branch_day_of_week_operator.py for tasks to queue
[2024-11-06T07:08:41.545+0000] {logging_mixin.py:188} INFO - [2024-11-06T07:08:41.545+0000] {dagbag.py:538} INFO - Filling up the DagBag from /home/airflow/.local/lib/python3.8/site-packages/airflow/example_dags/example_branch_day_of_week_operator.py
[2024-11-06T07:08:41.554+0000] {processor.py:840} INFO - DAG(s) 'example_weekday_branch_operator' retrieved from /home/airflow/.local/lib/python3.8/site-packages/airflow/example_dags/example_branch_day_of_week_operator.py
[2024-11-06T07:08:41.583+0000] {logging_mixin.py:188} INFO - [2024-11-06T07:08:41.583+0000] {dag.py:3036} INFO - Sync 1 DAGs
[2024-11-06T07:08:41.610+0000] {logging_mixin.py:188} INFO - [2024-11-06T07:08:41.610+0000] {dag.py:3823} INFO - Setting next_dagrun for example_weekday_branch_operator to 2024-11-05 00:00:00+00:00, run_after=2024-11-06 00:00:00+00:00
[2024-11-06T07:08:41.633+0000] {processor.py:183} INFO - Processing /home/airflow/.local/lib/python3.8/site-packages/airflow/example_dags/example_branch_day_of_week_operator.py took 0.096 seconds
[2024-11-06T07:09:12.079+0000] {processor.py:161} INFO - Started process (PID=1075) to work on /home/airflow/.local/lib/python3.8/site-packages/airflow/example_dags/example_branch_day_of_week_operator.py
[2024-11-06T07:09:12.080+0000] {processor.py:830} INFO - Processing file /home/airflow/.local/lib/python3.8/site-packages/airflow/example_dags/example_branch_day_of_week_operator.py for tasks to queue
[2024-11-06T07:09:12.082+0000] {logging_mixin.py:188} INFO - [2024-11-06T07:09:12.081+0000] {dagbag.py:538} INFO - Filling up the DagBag from /home/airflow/.local/lib/python3.8/site-packages/airflow/example_dags/example_branch_day_of_week_operator.py
[2024-11-06T07:09:12.091+0000] {processor.py:840} INFO - DAG(s) 'example_weekday_branch_operator' retrieved from /home/airflow/.local/lib/python3.8/site-packages/airflow/example_dags/example_branch_day_of_week_operator.py
[2024-11-06T07:09:12.118+0000] {logging_mixin.py:188} INFO - [2024-11-06T07:09:12.118+0000] {dag.py:3036} INFO - Sync 1 DAGs
[2024-11-06T07:09:12.145+0000] {logging_mixin.py:188} INFO - [2024-11-06T07:09:12.145+0000] {dag.py:3823} INFO - Setting next_dagrun for example_weekday_branch_operator to 2024-11-05 00:00:00+00:00, run_after=2024-11-06 00:00:00+00:00
[2024-11-06T07:09:12.171+0000] {processor.py:183} INFO - Processing /home/airflow/.local/lib/python3.8/site-packages/airflow/example_dags/example_branch_day_of_week_operator.py took 0.095 seconds
[2024-11-06T07:09:42.771+0000] {processor.py:161} INFO - Started process (PID=1132) to work on /home/airflow/.local/lib/python3.8/site-packages/airflow/example_dags/example_branch_day_of_week_operator.py
[2024-11-06T07:09:42.772+0000] {processor.py:830} INFO - Processing file /home/airflow/.local/lib/python3.8/site-packages/airflow/example_dags/example_branch_day_of_week_operator.py for tasks to queue
[2024-11-06T07:09:42.773+0000] {logging_mixin.py:188} INFO - [2024-11-06T07:09:42.773+0000] {dagbag.py:538} INFO - Filling up the DagBag from /home/airflow/.local/lib/python3.8/site-packages/airflow/example_dags/example_branch_day_of_week_operator.py
[2024-11-06T07:09:42.782+0000] {processor.py:840} INFO - DAG(s) 'example_weekday_branch_operator' retrieved from /home/airflow/.local/lib/python3.8/site-packages/airflow/example_dags/example_branch_day_of_week_operator.py
[2024-11-06T07:09:42.810+0000] {logging_mixin.py:188} INFO - [2024-11-06T07:09:42.810+0000] {dag.py:3036} INFO - Sync 1 DAGs
[2024-11-06T07:09:42.844+0000] {logging_mixin.py:188} INFO - [2024-11-06T07:09:42.844+0000] {dag.py:3823} INFO - Setting next_dagrun for example_weekday_branch_operator to 2024-11-05 00:00:00+00:00, run_after=2024-11-06 00:00:00+00:00
[2024-11-06T07:09:42.889+0000] {processor.py:183} INFO - Processing /home/airflow/.local/lib/python3.8/site-packages/airflow/example_dags/example_branch_day_of_week_operator.py took 0.121 seconds
[2024-11-06T07:10:13.308+0000] {processor.py:161} INFO - Started process (PID=1189) to work on /home/airflow/.local/lib/python3.8/site-packages/airflow/example_dags/example_branch_day_of_week_operator.py
[2024-11-06T07:10:13.309+0000] {processor.py:830} INFO - Processing file /home/airflow/.local/lib/python3.8/site-packages/airflow/example_dags/example_branch_day_of_week_operator.py for tasks to queue
[2024-11-06T07:10:13.311+0000] {logging_mixin.py:188} INFO - [2024-11-06T07:10:13.310+0000] {dagbag.py:538} INFO - Filling up the DagBag from /home/airflow/.local/lib/python3.8/site-packages/airflow/example_dags/example_branch_day_of_week_operator.py
[2024-11-06T07:10:13.319+0000] {processor.py:840} INFO - DAG(s) 'example_weekday_branch_operator' retrieved from /home/airflow/.local/lib/python3.8/site-packages/airflow/example_dags/example_branch_day_of_week_operator.py
[2024-11-06T07:10:13.345+0000] {logging_mixin.py:188} INFO - [2024-11-06T07:10:13.344+0000] {dag.py:3036} INFO - Sync 1 DAGs
[2024-11-06T07:10:13.373+0000] {logging_mixin.py:188} INFO - [2024-11-06T07:10:13.373+0000] {dag.py:3823} INFO - Setting next_dagrun for example_weekday_branch_operator to 2024-11-05 00:00:00+00:00, run_after=2024-11-06 00:00:00+00:00
[2024-11-06T07:10:13.408+0000] {processor.py:183} INFO - Processing /home/airflow/.local/lib/python3.8/site-packages/airflow/example_dags/example_branch_day_of_week_operator.py took 0.103 seconds
[2024-11-06T07:10:43.659+0000] {processor.py:161} INFO - Started process (PID=1246) to work on /home/airflow/.local/lib/python3.8/site-packages/airflow/example_dags/example_branch_day_of_week_operator.py
[2024-11-06T07:10:43.660+0000] {processor.py:830} INFO - Processing file /home/airflow/.local/lib/python3.8/site-packages/airflow/example_dags/example_branch_day_of_week_operator.py for tasks to queue
[2024-11-06T07:10:43.662+0000] {logging_mixin.py:188} INFO - [2024-11-06T07:10:43.661+0000] {dagbag.py:538} INFO - Filling up the DagBag from /home/airflow/.local/lib/python3.8/site-packages/airflow/example_dags/example_branch_day_of_week_operator.py
[2024-11-06T07:10:43.671+0000] {processor.py:840} INFO - DAG(s) 'example_weekday_branch_operator' retrieved from /home/airflow/.local/lib/python3.8/site-packages/airflow/example_dags/example_branch_day_of_week_operator.py
[2024-11-06T07:10:43.696+0000] {logging_mixin.py:188} INFO - [2024-11-06T07:10:43.696+0000] {dag.py:3036} INFO - Sync 1 DAGs
[2024-11-06T07:10:43.725+0000] {logging_mixin.py:188} INFO - [2024-11-06T07:10:43.725+0000] {dag.py:3823} INFO - Setting next_dagrun for example_weekday_branch_operator to 2024-11-05 00:00:00+00:00, run_after=2024-11-06 00:00:00+00:00
[2024-11-06T07:10:43.747+0000] {processor.py:183} INFO - Processing /home/airflow/.local/lib/python3.8/site-packages/airflow/example_dags/example_branch_day_of_week_operator.py took 0.091 seconds
[2024-11-06T07:11:14.378+0000] {processor.py:161} INFO - Started process (PID=1303) to work on /home/airflow/.local/lib/python3.8/site-packages/airflow/example_dags/example_branch_day_of_week_operator.py
[2024-11-06T07:11:14.379+0000] {processor.py:830} INFO - Processing file /home/airflow/.local/lib/python3.8/site-packages/airflow/example_dags/example_branch_day_of_week_operator.py for tasks to queue
[2024-11-06T07:11:14.381+0000] {logging_mixin.py:188} INFO - [2024-11-06T07:11:14.381+0000] {dagbag.py:538} INFO - Filling up the DagBag from /home/airflow/.local/lib/python3.8/site-packages/airflow/example_dags/example_branch_day_of_week_operator.py
[2024-11-06T07:11:14.390+0000] {processor.py:840} INFO - DAG(s) 'example_weekday_branch_operator' retrieved from /home/airflow/.local/lib/python3.8/site-packages/airflow/example_dags/example_branch_day_of_week_operator.py
[2024-11-06T07:11:14.416+0000] {logging_mixin.py:188} INFO - [2024-11-06T07:11:14.415+0000] {dag.py:3036} INFO - Sync 1 DAGs
[2024-11-06T07:11:14.443+0000] {logging_mixin.py:188} INFO - [2024-11-06T07:11:14.442+0000] {dag.py:3823} INFO - Setting next_dagrun for example_weekday_branch_operator to 2024-11-05 00:00:00+00:00, run_after=2024-11-06 00:00:00+00:00
[2024-11-06T07:11:14.470+0000] {processor.py:183} INFO - Processing /home/airflow/.local/lib/python3.8/site-packages/airflow/example_dags/example_branch_day_of_week_operator.py took 0.095 seconds
[2024-11-06T07:11:44.603+0000] {processor.py:161} INFO - Started process (PID=1360) to work on /home/airflow/.local/lib/python3.8/site-packages/airflow/example_dags/example_branch_day_of_week_operator.py
[2024-11-06T07:11:44.604+0000] {processor.py:830} INFO - Processing file /home/airflow/.local/lib/python3.8/site-packages/airflow/example_dags/example_branch_day_of_week_operator.py for tasks to queue
[2024-11-06T07:11:44.605+0000] {logging_mixin.py:188} INFO - [2024-11-06T07:11:44.605+0000] {dagbag.py:538} INFO - Filling up the DagBag from /home/airflow/.local/lib/python3.8/site-packages/airflow/example_dags/example_branch_day_of_week_operator.py
[2024-11-06T07:11:44.614+0000] {processor.py:840} INFO - DAG(s) 'example_weekday_branch_operator' retrieved from /home/airflow/.local/lib/python3.8/site-packages/airflow/example_dags/example_branch_day_of_week_operator.py
[2024-11-06T07:11:44.640+0000] {logging_mixin.py:188} INFO - [2024-11-06T07:11:44.639+0000] {dag.py:3036} INFO - Sync 1 DAGs
[2024-11-06T07:11:44.666+0000] {logging_mixin.py:188} INFO - [2024-11-06T07:11:44.666+0000] {dag.py:3823} INFO - Setting next_dagrun for example_weekday_branch_operator to 2024-11-05 00:00:00+00:00, run_after=2024-11-06 00:00:00+00:00
[2024-11-06T07:11:44.689+0000] {processor.py:183} INFO - Processing /home/airflow/.local/lib/python3.8/site-packages/airflow/example_dags/example_branch_day_of_week_operator.py took 0.089 seconds
[2024-11-06T07:12:15.396+0000] {processor.py:161} INFO - Started process (PID=1417) to work on /home/airflow/.local/lib/python3.8/site-packages/airflow/example_dags/example_branch_day_of_week_operator.py
[2024-11-06T07:12:15.399+0000] {processor.py:830} INFO - Processing file /home/airflow/.local/lib/python3.8/site-packages/airflow/example_dags/example_branch_day_of_week_operator.py for tasks to queue
[2024-11-06T07:12:15.402+0000] {logging_mixin.py:188} INFO - [2024-11-06T07:12:15.402+0000] {dagbag.py:538} INFO - Filling up the DagBag from /home/airflow/.local/lib/python3.8/site-packages/airflow/example_dags/example_branch_day_of_week_operator.py
[2024-11-06T07:12:15.411+0000] {processor.py:840} INFO - DAG(s) 'example_weekday_branch_operator' retrieved from /home/airflow/.local/lib/python3.8/site-packages/airflow/example_dags/example_branch_day_of_week_operator.py
[2024-11-06T07:12:15.462+0000] {logging_mixin.py:188} INFO - [2024-11-06T07:12:15.462+0000] {dag.py:3036} INFO - Sync 1 DAGs
[2024-11-06T07:12:15.560+0000] {logging_mixin.py:188} INFO - [2024-11-06T07:12:15.560+0000] {dag.py:3823} INFO - Setting next_dagrun for example_weekday_branch_operator to 2024-11-05 00:00:00+00:00, run_after=2024-11-06 00:00:00+00:00
[2024-11-06T07:12:15.612+0000] {processor.py:183} INFO - Processing /home/airflow/.local/lib/python3.8/site-packages/airflow/example_dags/example_branch_day_of_week_operator.py took 0.219 seconds
[2024-11-06T07:14:05.447+0000] {processor.py:161} INFO - Started process (PID=89) to work on /home/airflow/.local/lib/python3.8/site-packages/airflow/example_dags/example_branch_day_of_week_operator.py
[2024-11-06T07:14:05.453+0000] {processor.py:830} INFO - Processing file /home/airflow/.local/lib/python3.8/site-packages/airflow/example_dags/example_branch_day_of_week_operator.py for tasks to queue
[2024-11-06T07:14:05.467+0000] {logging_mixin.py:188} INFO - [2024-11-06T07:14:05.467+0000] {dagbag.py:538} INFO - Filling up the DagBag from /home/airflow/.local/lib/python3.8/site-packages/airflow/example_dags/example_branch_day_of_week_operator.py
[2024-11-06T07:14:05.505+0000] {processor.py:840} INFO - DAG(s) 'example_weekday_branch_operator' retrieved from /home/airflow/.local/lib/python3.8/site-packages/airflow/example_dags/example_branch_day_of_week_operator.py
[2024-11-06T07:14:06.020+0000] {logging_mixin.py:188} INFO - [2024-11-06T07:14:06.020+0000] {dag.py:3036} INFO - Sync 1 DAGs
[2024-11-06T07:14:06.080+0000] {logging_mixin.py:188} INFO - [2024-11-06T07:14:06.080+0000] {dag.py:3823} INFO - Setting next_dagrun for example_weekday_branch_operator to 2024-11-05 00:00:00+00:00, run_after=2024-11-06 00:00:00+00:00
[2024-11-06T07:14:06.167+0000] {processor.py:183} INFO - Processing /home/airflow/.local/lib/python3.8/site-packages/airflow/example_dags/example_branch_day_of_week_operator.py took 0.737 seconds
[2024-11-06T07:14:37.094+0000] {processor.py:161} INFO - Started process (PID=146) to work on /home/airflow/.local/lib/python3.8/site-packages/airflow/example_dags/example_branch_day_of_week_operator.py
[2024-11-06T07:14:37.095+0000] {processor.py:830} INFO - Processing file /home/airflow/.local/lib/python3.8/site-packages/airflow/example_dags/example_branch_day_of_week_operator.py for tasks to queue
[2024-11-06T07:14:37.097+0000] {logging_mixin.py:188} INFO - [2024-11-06T07:14:37.096+0000] {dagbag.py:538} INFO - Filling up the DagBag from /home/airflow/.local/lib/python3.8/site-packages/airflow/example_dags/example_branch_day_of_week_operator.py
[2024-11-06T07:14:37.106+0000] {processor.py:840} INFO - DAG(s) 'example_weekday_branch_operator' retrieved from /home/airflow/.local/lib/python3.8/site-packages/airflow/example_dags/example_branch_day_of_week_operator.py
[2024-11-06T07:14:37.128+0000] {logging_mixin.py:188} INFO - [2024-11-06T07:14:37.127+0000] {dag.py:3036} INFO - Sync 1 DAGs
[2024-11-06T07:14:37.152+0000] {logging_mixin.py:188} INFO - [2024-11-06T07:14:37.151+0000] {dag.py:3823} INFO - Setting next_dagrun for example_weekday_branch_operator to 2024-11-05 00:00:00+00:00, run_after=2024-11-06 00:00:00+00:00
[2024-11-06T07:14:37.184+0000] {processor.py:183} INFO - Processing /home/airflow/.local/lib/python3.8/site-packages/airflow/example_dags/example_branch_day_of_week_operator.py took 0.093 seconds
[2024-11-06T07:15:08.007+0000] {processor.py:161} INFO - Started process (PID=203) to work on /home/airflow/.local/lib/python3.8/site-packages/airflow/example_dags/example_branch_day_of_week_operator.py
[2024-11-06T07:15:08.008+0000] {processor.py:830} INFO - Processing file /home/airflow/.local/lib/python3.8/site-packages/airflow/example_dags/example_branch_day_of_week_operator.py for tasks to queue
[2024-11-06T07:15:08.010+0000] {logging_mixin.py:188} INFO - [2024-11-06T07:15:08.010+0000] {dagbag.py:538} INFO - Filling up the DagBag from /home/airflow/.local/lib/python3.8/site-packages/airflow/example_dags/example_branch_day_of_week_operator.py
[2024-11-06T07:15:08.022+0000] {processor.py:840} INFO - DAG(s) 'example_weekday_branch_operator' retrieved from /home/airflow/.local/lib/python3.8/site-packages/airflow/example_dags/example_branch_day_of_week_operator.py
[2024-11-06T07:15:08.044+0000] {logging_mixin.py:188} INFO - [2024-11-06T07:15:08.044+0000] {dag.py:3036} INFO - Sync 1 DAGs
[2024-11-06T07:15:08.071+0000] {logging_mixin.py:188} INFO - [2024-11-06T07:15:08.071+0000] {dag.py:3823} INFO - Setting next_dagrun for example_weekday_branch_operator to 2024-11-05 00:00:00+00:00, run_after=2024-11-06 00:00:00+00:00
[2024-11-06T07:15:08.094+0000] {processor.py:183} INFO - Processing /home/airflow/.local/lib/python3.8/site-packages/airflow/example_dags/example_branch_day_of_week_operator.py took 0.090 seconds
