[2024-11-06T07:00:35.332+0000] {processor.py:161} INFO - Started process (PID=99) to work on /home/airflow/.local/lib/python3.8/site-packages/airflow/example_dags/example_external_task_marker_dag.py
[2024-11-06T07:00:35.334+0000] {processor.py:830} INFO - Processing file /home/airflow/.local/lib/python3.8/site-packages/airflow/example_dags/example_external_task_marker_dag.py for tasks to queue
[2024-11-06T07:00:35.337+0000] {logging_mixin.py:188} INFO - [2024-11-06T07:00:35.337+0000] {dagbag.py:538} INFO - Filling up the DagBag from /home/airflow/.local/lib/python3.8/site-packages/airflow/example_dags/example_external_task_marker_dag.py
[2024-11-06T07:00:35.359+0000] {processor.py:840} INFO - DAG(s) 'example_external_task_marker_parent', 'example_external_task_marker_child' retrieved from /home/airflow/.local/lib/python3.8/site-packages/airflow/example_dags/example_external_task_marker_dag.py
[2024-11-06T07:00:35.896+0000] {logging_mixin.py:188} INFO - [2024-11-06T07:00:35.896+0000] {dag.py:3036} INFO - Sync 2 DAGs
[2024-11-06T07:00:35.935+0000] {logging_mixin.py:188} INFO - [2024-11-06T07:00:35.935+0000] {dag.py:3823} INFO - Setting next_dagrun for example_external_task_marker_child to None, run_after=None
[2024-11-06T07:00:35.947+0000] {logging_mixin.py:188} INFO - [2024-11-06T07:00:35.947+0000] {dag.py:3823} INFO - Setting next_dagrun for example_external_task_marker_parent to None, run_after=None
[2024-11-06T07:00:36.026+0000] {processor.py:183} INFO - Processing /home/airflow/.local/lib/python3.8/site-packages/airflow/example_dags/example_external_task_marker_dag.py took 0.718 seconds
[2024-11-06T07:01:06.320+0000] {processor.py:161} INFO - Started process (PID=156) to work on /home/airflow/.local/lib/python3.8/site-packages/airflow/example_dags/example_external_task_marker_dag.py
[2024-11-06T07:01:06.321+0000] {processor.py:830} INFO - Processing file /home/airflow/.local/lib/python3.8/site-packages/airflow/example_dags/example_external_task_marker_dag.py for tasks to queue
[2024-11-06T07:01:06.323+0000] {logging_mixin.py:188} INFO - [2024-11-06T07:01:06.323+0000] {dagbag.py:538} INFO - Filling up the DagBag from /home/airflow/.local/lib/python3.8/site-packages/airflow/example_dags/example_external_task_marker_dag.py
[2024-11-06T07:01:06.330+0000] {processor.py:840} INFO - DAG(s) 'example_external_task_marker_child', 'example_external_task_marker_parent' retrieved from /home/airflow/.local/lib/python3.8/site-packages/airflow/example_dags/example_external_task_marker_dag.py
[2024-11-06T07:01:06.354+0000] {logging_mixin.py:188} INFO - [2024-11-06T07:01:06.354+0000] {dag.py:3036} INFO - Sync 2 DAGs
[2024-11-06T07:01:06.369+0000] {logging_mixin.py:188} INFO - [2024-11-06T07:01:06.369+0000] {dag.py:3823} INFO - Setting next_dagrun for example_external_task_marker_child to None, run_after=None
[2024-11-06T07:01:06.373+0000] {logging_mixin.py:188} INFO - [2024-11-06T07:01:06.372+0000] {dag.py:3823} INFO - Setting next_dagrun for example_external_task_marker_parent to None, run_after=None
[2024-11-06T07:01:06.395+0000] {processor.py:183} INFO - Processing /home/airflow/.local/lib/python3.8/site-packages/airflow/example_dags/example_external_task_marker_dag.py took 0.078 seconds
[2024-11-06T07:01:36.735+0000] {processor.py:161} INFO - Started process (PID=214) to work on /home/airflow/.local/lib/python3.8/site-packages/airflow/example_dags/example_external_task_marker_dag.py
[2024-11-06T07:01:36.736+0000] {processor.py:830} INFO - Processing file /home/airflow/.local/lib/python3.8/site-packages/airflow/example_dags/example_external_task_marker_dag.py for tasks to queue
[2024-11-06T07:01:36.738+0000] {logging_mixin.py:188} INFO - [2024-11-06T07:01:36.738+0000] {dagbag.py:538} INFO - Filling up the DagBag from /home/airflow/.local/lib/python3.8/site-packages/airflow/example_dags/example_external_task_marker_dag.py
[2024-11-06T07:01:36.745+0000] {processor.py:840} INFO - DAG(s) 'example_external_task_marker_parent', 'example_external_task_marker_child' retrieved from /home/airflow/.local/lib/python3.8/site-packages/airflow/example_dags/example_external_task_marker_dag.py
[2024-11-06T07:01:36.771+0000] {logging_mixin.py:188} INFO - [2024-11-06T07:01:36.771+0000] {dag.py:3036} INFO - Sync 2 DAGs
[2024-11-06T07:01:36.787+0000] {logging_mixin.py:188} INFO - [2024-11-06T07:01:36.787+0000] {dag.py:3823} INFO - Setting next_dagrun for example_external_task_marker_child to None, run_after=None
[2024-11-06T07:01:36.791+0000] {logging_mixin.py:188} INFO - [2024-11-06T07:01:36.791+0000] {dag.py:3823} INFO - Setting next_dagrun for example_external_task_marker_parent to None, run_after=None
[2024-11-06T07:01:36.814+0000] {processor.py:183} INFO - Processing /home/airflow/.local/lib/python3.8/site-packages/airflow/example_dags/example_external_task_marker_dag.py took 0.082 seconds
[2024-11-06T07:02:07.763+0000] {processor.py:161} INFO - Started process (PID=278) to work on /home/airflow/.local/lib/python3.8/site-packages/airflow/example_dags/example_external_task_marker_dag.py
[2024-11-06T07:02:07.764+0000] {processor.py:830} INFO - Processing file /home/airflow/.local/lib/python3.8/site-packages/airflow/example_dags/example_external_task_marker_dag.py for tasks to queue
[2024-11-06T07:02:07.766+0000] {logging_mixin.py:188} INFO - [2024-11-06T07:02:07.765+0000] {dagbag.py:538} INFO - Filling up the DagBag from /home/airflow/.local/lib/python3.8/site-packages/airflow/example_dags/example_external_task_marker_dag.py
[2024-11-06T07:02:07.773+0000] {processor.py:840} INFO - DAG(s) 'example_external_task_marker_parent', 'example_external_task_marker_child' retrieved from /home/airflow/.local/lib/python3.8/site-packages/airflow/example_dags/example_external_task_marker_dag.py
[2024-11-06T07:02:07.798+0000] {logging_mixin.py:188} INFO - [2024-11-06T07:02:07.797+0000] {dag.py:3036} INFO - Sync 2 DAGs
[2024-11-06T07:02:07.813+0000] {logging_mixin.py:188} INFO - [2024-11-06T07:02:07.812+0000] {dag.py:3823} INFO - Setting next_dagrun for example_external_task_marker_child to None, run_after=None
[2024-11-06T07:02:07.817+0000] {logging_mixin.py:188} INFO - [2024-11-06T07:02:07.816+0000] {dag.py:3823} INFO - Setting next_dagrun for example_external_task_marker_parent to None, run_after=None
[2024-11-06T07:02:07.840+0000] {processor.py:183} INFO - Processing /home/airflow/.local/lib/python3.8/site-packages/airflow/example_dags/example_external_task_marker_dag.py took 0.081 seconds
[2024-11-06T07:02:38.699+0000] {processor.py:161} INFO - Started process (PID=336) to work on /home/airflow/.local/lib/python3.8/site-packages/airflow/example_dags/example_external_task_marker_dag.py
[2024-11-06T07:02:38.701+0000] {processor.py:830} INFO - Processing file /home/airflow/.local/lib/python3.8/site-packages/airflow/example_dags/example_external_task_marker_dag.py for tasks to queue
[2024-11-06T07:02:38.702+0000] {logging_mixin.py:188} INFO - [2024-11-06T07:02:38.702+0000] {dagbag.py:538} INFO - Filling up the DagBag from /home/airflow/.local/lib/python3.8/site-packages/airflow/example_dags/example_external_task_marker_dag.py
[2024-11-06T07:02:38.709+0000] {processor.py:840} INFO - DAG(s) 'example_external_task_marker_child', 'example_external_task_marker_parent' retrieved from /home/airflow/.local/lib/python3.8/site-packages/airflow/example_dags/example_external_task_marker_dag.py
[2024-11-06T07:02:38.771+0000] {logging_mixin.py:188} INFO - [2024-11-06T07:02:38.770+0000] {dag.py:3036} INFO - Sync 2 DAGs
[2024-11-06T07:02:38.782+0000] {logging_mixin.py:188} INFO - [2024-11-06T07:02:38.782+0000] {dag.py:3823} INFO - Setting next_dagrun for example_external_task_marker_child to None, run_after=None
[2024-11-06T07:02:38.785+0000] {logging_mixin.py:188} INFO - [2024-11-06T07:02:38.785+0000] {dag.py:3823} INFO - Setting next_dagrun for example_external_task_marker_parent to None, run_after=None
[2024-11-06T07:02:38.805+0000] {processor.py:183} INFO - Processing /home/airflow/.local/lib/python3.8/site-packages/airflow/example_dags/example_external_task_marker_dag.py took 0.109 seconds
[2024-11-06T07:03:09.024+0000] {processor.py:161} INFO - Started process (PID=394) to work on /home/airflow/.local/lib/python3.8/site-packages/airflow/example_dags/example_external_task_marker_dag.py
[2024-11-06T07:03:09.025+0000] {processor.py:830} INFO - Processing file /home/airflow/.local/lib/python3.8/site-packages/airflow/example_dags/example_external_task_marker_dag.py for tasks to queue
[2024-11-06T07:03:09.027+0000] {logging_mixin.py:188} INFO - [2024-11-06T07:03:09.027+0000] {dagbag.py:538} INFO - Filling up the DagBag from /home/airflow/.local/lib/python3.8/site-packages/airflow/example_dags/example_external_task_marker_dag.py
[2024-11-06T07:03:09.034+0000] {processor.py:840} INFO - DAG(s) 'example_external_task_marker_child', 'example_external_task_marker_parent' retrieved from /home/airflow/.local/lib/python3.8/site-packages/airflow/example_dags/example_external_task_marker_dag.py
[2024-11-06T07:03:09.062+0000] {logging_mixin.py:188} INFO - [2024-11-06T07:03:09.061+0000] {dag.py:3036} INFO - Sync 2 DAGs
[2024-11-06T07:03:09.080+0000] {logging_mixin.py:188} INFO - [2024-11-06T07:03:09.080+0000] {dag.py:3823} INFO - Setting next_dagrun for example_external_task_marker_child to None, run_after=None
[2024-11-06T07:03:09.084+0000] {logging_mixin.py:188} INFO - [2024-11-06T07:03:09.084+0000] {dag.py:3823} INFO - Setting next_dagrun for example_external_task_marker_parent to None, run_after=None
[2024-11-06T07:03:09.109+0000] {processor.py:183} INFO - Processing /home/airflow/.local/lib/python3.8/site-packages/airflow/example_dags/example_external_task_marker_dag.py took 0.088 seconds
[2024-11-06T07:03:39.264+0000] {processor.py:161} INFO - Started process (PID=451) to work on /home/airflow/.local/lib/python3.8/site-packages/airflow/example_dags/example_external_task_marker_dag.py
[2024-11-06T07:03:39.265+0000] {processor.py:830} INFO - Processing file /home/airflow/.local/lib/python3.8/site-packages/airflow/example_dags/example_external_task_marker_dag.py for tasks to queue
[2024-11-06T07:03:39.267+0000] {logging_mixin.py:188} INFO - [2024-11-06T07:03:39.267+0000] {dagbag.py:538} INFO - Filling up the DagBag from /home/airflow/.local/lib/python3.8/site-packages/airflow/example_dags/example_external_task_marker_dag.py
[2024-11-06T07:03:39.274+0000] {processor.py:840} INFO - DAG(s) 'example_external_task_marker_child', 'example_external_task_marker_parent' retrieved from /home/airflow/.local/lib/python3.8/site-packages/airflow/example_dags/example_external_task_marker_dag.py
[2024-11-06T07:03:39.309+0000] {logging_mixin.py:188} INFO - [2024-11-06T07:03:39.309+0000] {dag.py:3036} INFO - Sync 2 DAGs
[2024-11-06T07:03:39.336+0000] {logging_mixin.py:188} INFO - [2024-11-06T07:03:39.336+0000] {dag.py:3823} INFO - Setting next_dagrun for example_external_task_marker_child to None, run_after=None
[2024-11-06T07:03:39.344+0000] {logging_mixin.py:188} INFO - [2024-11-06T07:03:39.344+0000] {dag.py:3823} INFO - Setting next_dagrun for example_external_task_marker_parent to None, run_after=None
[2024-11-06T07:03:39.378+0000] {processor.py:183} INFO - Processing /home/airflow/.local/lib/python3.8/site-packages/airflow/example_dags/example_external_task_marker_dag.py took 0.117 seconds
[2024-11-06T07:04:09.626+0000] {processor.py:161} INFO - Started process (PID=509) to work on /home/airflow/.local/lib/python3.8/site-packages/airflow/example_dags/example_external_task_marker_dag.py
[2024-11-06T07:04:09.627+0000] {processor.py:830} INFO - Processing file /home/airflow/.local/lib/python3.8/site-packages/airflow/example_dags/example_external_task_marker_dag.py for tasks to queue
[2024-11-06T07:04:09.629+0000] {logging_mixin.py:188} INFO - [2024-11-06T07:04:09.629+0000] {dagbag.py:538} INFO - Filling up the DagBag from /home/airflow/.local/lib/python3.8/site-packages/airflow/example_dags/example_external_task_marker_dag.py
[2024-11-06T07:04:09.636+0000] {processor.py:840} INFO - DAG(s) 'example_external_task_marker_parent', 'example_external_task_marker_child' retrieved from /home/airflow/.local/lib/python3.8/site-packages/airflow/example_dags/example_external_task_marker_dag.py
[2024-11-06T07:04:09.661+0000] {logging_mixin.py:188} INFO - [2024-11-06T07:04:09.661+0000] {dag.py:3036} INFO - Sync 2 DAGs
[2024-11-06T07:04:09.680+0000] {logging_mixin.py:188} INFO - [2024-11-06T07:04:09.680+0000] {dag.py:3823} INFO - Setting next_dagrun for example_external_task_marker_child to None, run_after=None
[2024-11-06T07:04:09.684+0000] {logging_mixin.py:188} INFO - [2024-11-06T07:04:09.684+0000] {dag.py:3823} INFO - Setting next_dagrun for example_external_task_marker_parent to None, run_after=None
[2024-11-06T07:04:09.707+0000] {processor.py:183} INFO - Processing /home/airflow/.local/lib/python3.8/site-packages/airflow/example_dags/example_external_task_marker_dag.py took 0.084 seconds
[2024-11-06T07:04:40.082+0000] {processor.py:161} INFO - Started process (PID=566) to work on /home/airflow/.local/lib/python3.8/site-packages/airflow/example_dags/example_external_task_marker_dag.py
[2024-11-06T07:04:40.083+0000] {processor.py:830} INFO - Processing file /home/airflow/.local/lib/python3.8/site-packages/airflow/example_dags/example_external_task_marker_dag.py for tasks to queue
[2024-11-06T07:04:40.085+0000] {logging_mixin.py:188} INFO - [2024-11-06T07:04:40.084+0000] {dagbag.py:538} INFO - Filling up the DagBag from /home/airflow/.local/lib/python3.8/site-packages/airflow/example_dags/example_external_task_marker_dag.py
[2024-11-06T07:04:40.093+0000] {processor.py:840} INFO - DAG(s) 'example_external_task_marker_parent', 'example_external_task_marker_child' retrieved from /home/airflow/.local/lib/python3.8/site-packages/airflow/example_dags/example_external_task_marker_dag.py
[2024-11-06T07:04:40.127+0000] {logging_mixin.py:188} INFO - [2024-11-06T07:04:40.126+0000] {dag.py:3036} INFO - Sync 2 DAGs
[2024-11-06T07:04:40.142+0000] {logging_mixin.py:188} INFO - [2024-11-06T07:04:40.141+0000] {dag.py:3823} INFO - Setting next_dagrun for example_external_task_marker_child to None, run_after=None
[2024-11-06T07:04:40.146+0000] {logging_mixin.py:188} INFO - [2024-11-06T07:04:40.146+0000] {dag.py:3823} INFO - Setting next_dagrun for example_external_task_marker_parent to None, run_after=None
[2024-11-06T07:04:40.189+0000] {processor.py:183} INFO - Processing /home/airflow/.local/lib/python3.8/site-packages/airflow/example_dags/example_external_task_marker_dag.py took 0.112 seconds
[2024-11-06T07:05:10.414+0000] {processor.py:161} INFO - Started process (PID=623) to work on /home/airflow/.local/lib/python3.8/site-packages/airflow/example_dags/example_external_task_marker_dag.py
[2024-11-06T07:05:10.420+0000] {processor.py:830} INFO - Processing file /home/airflow/.local/lib/python3.8/site-packages/airflow/example_dags/example_external_task_marker_dag.py for tasks to queue
[2024-11-06T07:05:10.423+0000] {logging_mixin.py:188} INFO - [2024-11-06T07:05:10.422+0000] {dagbag.py:538} INFO - Filling up the DagBag from /home/airflow/.local/lib/python3.8/site-packages/airflow/example_dags/example_external_task_marker_dag.py
[2024-11-06T07:05:10.430+0000] {processor.py:840} INFO - DAG(s) 'example_external_task_marker_parent', 'example_external_task_marker_child' retrieved from /home/airflow/.local/lib/python3.8/site-packages/airflow/example_dags/example_external_task_marker_dag.py
[2024-11-06T07:05:10.531+0000] {logging_mixin.py:188} INFO - [2024-11-06T07:05:10.530+0000] {dag.py:3036} INFO - Sync 2 DAGs
[2024-11-06T07:05:10.555+0000] {logging_mixin.py:188} INFO - [2024-11-06T07:05:10.554+0000] {dag.py:3823} INFO - Setting next_dagrun for example_external_task_marker_child to None, run_after=None
[2024-11-06T07:05:10.567+0000] {logging_mixin.py:188} INFO - [2024-11-06T07:05:10.567+0000] {dag.py:3823} INFO - Setting next_dagrun for example_external_task_marker_parent to None, run_after=None
[2024-11-06T07:05:10.606+0000] {processor.py:183} INFO - Processing /home/airflow/.local/lib/python3.8/site-packages/airflow/example_dags/example_external_task_marker_dag.py took 0.205 seconds
[2024-11-06T07:05:41.017+0000] {processor.py:161} INFO - Started process (PID=680) to work on /home/airflow/.local/lib/python3.8/site-packages/airflow/example_dags/example_external_task_marker_dag.py
[2024-11-06T07:05:41.018+0000] {processor.py:830} INFO - Processing file /home/airflow/.local/lib/python3.8/site-packages/airflow/example_dags/example_external_task_marker_dag.py for tasks to queue
[2024-11-06T07:05:41.027+0000] {logging_mixin.py:188} INFO - [2024-11-06T07:05:41.027+0000] {dagbag.py:538} INFO - Filling up the DagBag from /home/airflow/.local/lib/python3.8/site-packages/airflow/example_dags/example_external_task_marker_dag.py
[2024-11-06T07:05:41.094+0000] {processor.py:840} INFO - DAG(s) 'example_external_task_marker_child', 'example_external_task_marker_parent' retrieved from /home/airflow/.local/lib/python3.8/site-packages/airflow/example_dags/example_external_task_marker_dag.py
[2024-11-06T07:05:41.206+0000] {logging_mixin.py:188} INFO - [2024-11-06T07:05:41.206+0000] {dag.py:3036} INFO - Sync 2 DAGs
[2024-11-06T07:05:41.257+0000] {logging_mixin.py:188} INFO - [2024-11-06T07:05:41.257+0000] {dag.py:3823} INFO - Setting next_dagrun for example_external_task_marker_child to None, run_after=None
[2024-11-06T07:05:41.266+0000] {logging_mixin.py:188} INFO - [2024-11-06T07:05:41.266+0000] {dag.py:3823} INFO - Setting next_dagrun for example_external_task_marker_parent to None, run_after=None
[2024-11-06T07:05:41.343+0000] {processor.py:183} INFO - Processing /home/airflow/.local/lib/python3.8/site-packages/airflow/example_dags/example_external_task_marker_dag.py took 0.361 seconds
[2024-11-06T07:06:12.250+0000] {processor.py:161} INFO - Started process (PID=737) to work on /home/airflow/.local/lib/python3.8/site-packages/airflow/example_dags/example_external_task_marker_dag.py
[2024-11-06T07:06:12.252+0000] {processor.py:830} INFO - Processing file /home/airflow/.local/lib/python3.8/site-packages/airflow/example_dags/example_external_task_marker_dag.py for tasks to queue
[2024-11-06T07:06:12.255+0000] {logging_mixin.py:188} INFO - [2024-11-06T07:06:12.254+0000] {dagbag.py:538} INFO - Filling up the DagBag from /home/airflow/.local/lib/python3.8/site-packages/airflow/example_dags/example_external_task_marker_dag.py
[2024-11-06T07:06:12.275+0000] {processor.py:840} INFO - DAG(s) 'example_external_task_marker_parent', 'example_external_task_marker_child' retrieved from /home/airflow/.local/lib/python3.8/site-packages/airflow/example_dags/example_external_task_marker_dag.py
[2024-11-06T07:06:12.410+0000] {logging_mixin.py:188} INFO - [2024-11-06T07:06:12.410+0000] {dag.py:3036} INFO - Sync 2 DAGs
[2024-11-06T07:06:12.463+0000] {logging_mixin.py:188} INFO - [2024-11-06T07:06:12.463+0000] {dag.py:3823} INFO - Setting next_dagrun for example_external_task_marker_child to None, run_after=None
[2024-11-06T07:06:12.479+0000] {logging_mixin.py:188} INFO - [2024-11-06T07:06:12.479+0000] {dag.py:3823} INFO - Setting next_dagrun for example_external_task_marker_parent to None, run_after=None
[2024-11-06T07:06:12.511+0000] {processor.py:183} INFO - Processing /home/airflow/.local/lib/python3.8/site-packages/airflow/example_dags/example_external_task_marker_dag.py took 0.280 seconds
[2024-11-06T07:06:43.141+0000] {processor.py:161} INFO - Started process (PID=795) to work on /home/airflow/.local/lib/python3.8/site-packages/airflow/example_dags/example_external_task_marker_dag.py
[2024-11-06T07:06:43.142+0000] {processor.py:830} INFO - Processing file /home/airflow/.local/lib/python3.8/site-packages/airflow/example_dags/example_external_task_marker_dag.py for tasks to queue
[2024-11-06T07:06:43.145+0000] {logging_mixin.py:188} INFO - [2024-11-06T07:06:43.144+0000] {dagbag.py:538} INFO - Filling up the DagBag from /home/airflow/.local/lib/python3.8/site-packages/airflow/example_dags/example_external_task_marker_dag.py
[2024-11-06T07:06:43.151+0000] {processor.py:840} INFO - DAG(s) 'example_external_task_marker_child', 'example_external_task_marker_parent' retrieved from /home/airflow/.local/lib/python3.8/site-packages/airflow/example_dags/example_external_task_marker_dag.py
[2024-11-06T07:06:43.195+0000] {logging_mixin.py:188} INFO - [2024-11-06T07:06:43.195+0000] {dag.py:3036} INFO - Sync 2 DAGs
[2024-11-06T07:06:43.210+0000] {logging_mixin.py:188} INFO - [2024-11-06T07:06:43.210+0000] {dag.py:3823} INFO - Setting next_dagrun for example_external_task_marker_child to None, run_after=None
[2024-11-06T07:06:43.214+0000] {logging_mixin.py:188} INFO - [2024-11-06T07:06:43.214+0000] {dag.py:3823} INFO - Setting next_dagrun for example_external_task_marker_parent to None, run_after=None
[2024-11-06T07:06:43.237+0000] {processor.py:183} INFO - Processing /home/airflow/.local/lib/python3.8/site-packages/airflow/example_dags/example_external_task_marker_dag.py took 0.100 seconds
[2024-11-06T07:07:13.810+0000] {processor.py:161} INFO - Started process (PID=852) to work on /home/airflow/.local/lib/python3.8/site-packages/airflow/example_dags/example_external_task_marker_dag.py
[2024-11-06T07:07:13.811+0000] {processor.py:830} INFO - Processing file /home/airflow/.local/lib/python3.8/site-packages/airflow/example_dags/example_external_task_marker_dag.py for tasks to queue
[2024-11-06T07:07:13.813+0000] {logging_mixin.py:188} INFO - [2024-11-06T07:07:13.812+0000] {dagbag.py:538} INFO - Filling up the DagBag from /home/airflow/.local/lib/python3.8/site-packages/airflow/example_dags/example_external_task_marker_dag.py
[2024-11-06T07:07:13.820+0000] {processor.py:840} INFO - DAG(s) 'example_external_task_marker_child', 'example_external_task_marker_parent' retrieved from /home/airflow/.local/lib/python3.8/site-packages/airflow/example_dags/example_external_task_marker_dag.py
[2024-11-06T07:07:13.845+0000] {logging_mixin.py:188} INFO - [2024-11-06T07:07:13.845+0000] {dag.py:3036} INFO - Sync 2 DAGs
[2024-11-06T07:07:13.860+0000] {logging_mixin.py:188} INFO - [2024-11-06T07:07:13.860+0000] {dag.py:3823} INFO - Setting next_dagrun for example_external_task_marker_child to None, run_after=None
[2024-11-06T07:07:13.864+0000] {logging_mixin.py:188} INFO - [2024-11-06T07:07:13.864+0000] {dag.py:3823} INFO - Setting next_dagrun for example_external_task_marker_parent to None, run_after=None
[2024-11-06T07:07:13.887+0000] {processor.py:183} INFO - Processing /home/airflow/.local/lib/python3.8/site-packages/airflow/example_dags/example_external_task_marker_dag.py took 0.081 seconds
[2024-11-06T07:07:44.539+0000] {processor.py:161} INFO - Started process (PID=910) to work on /home/airflow/.local/lib/python3.8/site-packages/airflow/example_dags/example_external_task_marker_dag.py
[2024-11-06T07:07:44.540+0000] {processor.py:830} INFO - Processing file /home/airflow/.local/lib/python3.8/site-packages/airflow/example_dags/example_external_task_marker_dag.py for tasks to queue
[2024-11-06T07:07:44.542+0000] {logging_mixin.py:188} INFO - [2024-11-06T07:07:44.541+0000] {dagbag.py:538} INFO - Filling up the DagBag from /home/airflow/.local/lib/python3.8/site-packages/airflow/example_dags/example_external_task_marker_dag.py
[2024-11-06T07:07:44.549+0000] {processor.py:840} INFO - DAG(s) 'example_external_task_marker_child', 'example_external_task_marker_parent' retrieved from /home/airflow/.local/lib/python3.8/site-packages/airflow/example_dags/example_external_task_marker_dag.py
[2024-11-06T07:07:44.573+0000] {logging_mixin.py:188} INFO - [2024-11-06T07:07:44.573+0000] {dag.py:3036} INFO - Sync 2 DAGs
[2024-11-06T07:07:44.588+0000] {logging_mixin.py:188} INFO - [2024-11-06T07:07:44.587+0000] {dag.py:3823} INFO - Setting next_dagrun for example_external_task_marker_child to None, run_after=None
[2024-11-06T07:07:44.592+0000] {logging_mixin.py:188} INFO - [2024-11-06T07:07:44.592+0000] {dag.py:3823} INFO - Setting next_dagrun for example_external_task_marker_parent to None, run_after=None
[2024-11-06T07:07:44.613+0000] {processor.py:183} INFO - Processing /home/airflow/.local/lib/python3.8/site-packages/airflow/example_dags/example_external_task_marker_dag.py took 0.077 seconds
[2024-11-06T07:08:14.789+0000] {processor.py:161} INFO - Started process (PID=968) to work on /home/airflow/.local/lib/python3.8/site-packages/airflow/example_dags/example_external_task_marker_dag.py
[2024-11-06T07:08:14.790+0000] {processor.py:830} INFO - Processing file /home/airflow/.local/lib/python3.8/site-packages/airflow/example_dags/example_external_task_marker_dag.py for tasks to queue
[2024-11-06T07:08:14.800+0000] {logging_mixin.py:188} INFO - [2024-11-06T07:08:14.799+0000] {dagbag.py:538} INFO - Filling up the DagBag from /home/airflow/.local/lib/python3.8/site-packages/airflow/example_dags/example_external_task_marker_dag.py
[2024-11-06T07:08:14.810+0000] {processor.py:840} INFO - DAG(s) 'example_external_task_marker_parent', 'example_external_task_marker_child' retrieved from /home/airflow/.local/lib/python3.8/site-packages/airflow/example_dags/example_external_task_marker_dag.py
[2024-11-06T07:08:14.840+0000] {logging_mixin.py:188} INFO - [2024-11-06T07:08:14.840+0000] {dag.py:3036} INFO - Sync 2 DAGs
[2024-11-06T07:08:14.859+0000] {logging_mixin.py:188} INFO - [2024-11-06T07:08:14.859+0000] {dag.py:3823} INFO - Setting next_dagrun for example_external_task_marker_child to None, run_after=None
[2024-11-06T07:08:14.863+0000] {logging_mixin.py:188} INFO - [2024-11-06T07:08:14.863+0000] {dag.py:3823} INFO - Setting next_dagrun for example_external_task_marker_parent to None, run_after=None
[2024-11-06T07:08:14.882+0000] {processor.py:183} INFO - Processing /home/airflow/.local/lib/python3.8/site-packages/airflow/example_dags/example_external_task_marker_dag.py took 0.096 seconds
[2024-11-06T07:08:45.008+0000] {processor.py:161} INFO - Started process (PID=1025) to work on /home/airflow/.local/lib/python3.8/site-packages/airflow/example_dags/example_external_task_marker_dag.py
[2024-11-06T07:08:45.010+0000] {processor.py:830} INFO - Processing file /home/airflow/.local/lib/python3.8/site-packages/airflow/example_dags/example_external_task_marker_dag.py for tasks to queue
[2024-11-06T07:08:45.012+0000] {logging_mixin.py:188} INFO - [2024-11-06T07:08:45.012+0000] {dagbag.py:538} INFO - Filling up the DagBag from /home/airflow/.local/lib/python3.8/site-packages/airflow/example_dags/example_external_task_marker_dag.py
[2024-11-06T07:08:45.042+0000] {processor.py:840} INFO - DAG(s) 'example_external_task_marker_child', 'example_external_task_marker_parent' retrieved from /home/airflow/.local/lib/python3.8/site-packages/airflow/example_dags/example_external_task_marker_dag.py
[2024-11-06T07:08:45.123+0000] {logging_mixin.py:188} INFO - [2024-11-06T07:08:45.122+0000] {dag.py:3036} INFO - Sync 2 DAGs
[2024-11-06T07:08:45.160+0000] {logging_mixin.py:188} INFO - [2024-11-06T07:08:45.160+0000] {dag.py:3823} INFO - Setting next_dagrun for example_external_task_marker_child to None, run_after=None
[2024-11-06T07:08:45.165+0000] {logging_mixin.py:188} INFO - [2024-11-06T07:08:45.165+0000] {dag.py:3823} INFO - Setting next_dagrun for example_external_task_marker_parent to None, run_after=None
[2024-11-06T07:08:45.192+0000] {processor.py:183} INFO - Processing /home/airflow/.local/lib/python3.8/site-packages/airflow/example_dags/example_external_task_marker_dag.py took 0.187 seconds
[2024-11-06T07:09:15.487+0000] {processor.py:161} INFO - Started process (PID=1083) to work on /home/airflow/.local/lib/python3.8/site-packages/airflow/example_dags/example_external_task_marker_dag.py
[2024-11-06T07:09:15.488+0000] {processor.py:830} INFO - Processing file /home/airflow/.local/lib/python3.8/site-packages/airflow/example_dags/example_external_task_marker_dag.py for tasks to queue
[2024-11-06T07:09:15.490+0000] {logging_mixin.py:188} INFO - [2024-11-06T07:09:15.489+0000] {dagbag.py:538} INFO - Filling up the DagBag from /home/airflow/.local/lib/python3.8/site-packages/airflow/example_dags/example_external_task_marker_dag.py
[2024-11-06T07:09:15.497+0000] {processor.py:840} INFO - DAG(s) 'example_external_task_marker_child', 'example_external_task_marker_parent' retrieved from /home/airflow/.local/lib/python3.8/site-packages/airflow/example_dags/example_external_task_marker_dag.py
[2024-11-06T07:09:15.525+0000] {logging_mixin.py:188} INFO - [2024-11-06T07:09:15.522+0000] {dag.py:3036} INFO - Sync 2 DAGs
[2024-11-06T07:09:15.542+0000] {logging_mixin.py:188} INFO - [2024-11-06T07:09:15.541+0000] {dag.py:3823} INFO - Setting next_dagrun for example_external_task_marker_child to None, run_after=None
[2024-11-06T07:09:15.546+0000] {logging_mixin.py:188} INFO - [2024-11-06T07:09:15.546+0000] {dag.py:3823} INFO - Setting next_dagrun for example_external_task_marker_parent to None, run_after=None
[2024-11-06T07:09:15.610+0000] {processor.py:183} INFO - Processing /home/airflow/.local/lib/python3.8/site-packages/airflow/example_dags/example_external_task_marker_dag.py took 0.127 seconds
[2024-11-06T07:09:46.131+0000] {processor.py:161} INFO - Started process (PID=1140) to work on /home/airflow/.local/lib/python3.8/site-packages/airflow/example_dags/example_external_task_marker_dag.py
[2024-11-06T07:09:46.132+0000] {processor.py:830} INFO - Processing file /home/airflow/.local/lib/python3.8/site-packages/airflow/example_dags/example_external_task_marker_dag.py for tasks to queue
[2024-11-06T07:09:46.134+0000] {logging_mixin.py:188} INFO - [2024-11-06T07:09:46.133+0000] {dagbag.py:538} INFO - Filling up the DagBag from /home/airflow/.local/lib/python3.8/site-packages/airflow/example_dags/example_external_task_marker_dag.py
[2024-11-06T07:09:46.146+0000] {processor.py:840} INFO - DAG(s) 'example_external_task_marker_child', 'example_external_task_marker_parent' retrieved from /home/airflow/.local/lib/python3.8/site-packages/airflow/example_dags/example_external_task_marker_dag.py
[2024-11-06T07:09:46.171+0000] {logging_mixin.py:188} INFO - [2024-11-06T07:09:46.171+0000] {dag.py:3036} INFO - Sync 2 DAGs
[2024-11-06T07:09:46.186+0000] {logging_mixin.py:188} INFO - [2024-11-06T07:09:46.186+0000] {dag.py:3823} INFO - Setting next_dagrun for example_external_task_marker_child to None, run_after=None
[2024-11-06T07:09:46.189+0000] {logging_mixin.py:188} INFO - [2024-11-06T07:09:46.189+0000] {dag.py:3823} INFO - Setting next_dagrun for example_external_task_marker_parent to None, run_after=None
[2024-11-06T07:09:46.208+0000] {processor.py:183} INFO - Processing /home/airflow/.local/lib/python3.8/site-packages/airflow/example_dags/example_external_task_marker_dag.py took 0.089 seconds
[2024-11-06T07:10:16.723+0000] {processor.py:161} INFO - Started process (PID=1197) to work on /home/airflow/.local/lib/python3.8/site-packages/airflow/example_dags/example_external_task_marker_dag.py
[2024-11-06T07:10:16.724+0000] {processor.py:830} INFO - Processing file /home/airflow/.local/lib/python3.8/site-packages/airflow/example_dags/example_external_task_marker_dag.py for tasks to queue
[2024-11-06T07:10:16.726+0000] {logging_mixin.py:188} INFO - [2024-11-06T07:10:16.725+0000] {dagbag.py:538} INFO - Filling up the DagBag from /home/airflow/.local/lib/python3.8/site-packages/airflow/example_dags/example_external_task_marker_dag.py
[2024-11-06T07:10:16.733+0000] {processor.py:840} INFO - DAG(s) 'example_external_task_marker_parent', 'example_external_task_marker_child' retrieved from /home/airflow/.local/lib/python3.8/site-packages/airflow/example_dags/example_external_task_marker_dag.py
[2024-11-06T07:10:16.759+0000] {logging_mixin.py:188} INFO - [2024-11-06T07:10:16.758+0000] {dag.py:3036} INFO - Sync 2 DAGs
[2024-11-06T07:10:16.773+0000] {logging_mixin.py:188} INFO - [2024-11-06T07:10:16.773+0000] {dag.py:3823} INFO - Setting next_dagrun for example_external_task_marker_child to None, run_after=None
[2024-11-06T07:10:16.777+0000] {logging_mixin.py:188} INFO - [2024-11-06T07:10:16.777+0000] {dag.py:3823} INFO - Setting next_dagrun for example_external_task_marker_parent to None, run_after=None
[2024-11-06T07:10:16.802+0000] {processor.py:183} INFO - Processing /home/airflow/.local/lib/python3.8/site-packages/airflow/example_dags/example_external_task_marker_dag.py took 0.083 seconds
[2024-11-06T07:10:47.071+0000] {processor.py:161} INFO - Started process (PID=1254) to work on /home/airflow/.local/lib/python3.8/site-packages/airflow/example_dags/example_external_task_marker_dag.py
[2024-11-06T07:10:47.074+0000] {processor.py:830} INFO - Processing file /home/airflow/.local/lib/python3.8/site-packages/airflow/example_dags/example_external_task_marker_dag.py for tasks to queue
[2024-11-06T07:10:47.077+0000] {logging_mixin.py:188} INFO - [2024-11-06T07:10:47.076+0000] {dagbag.py:538} INFO - Filling up the DagBag from /home/airflow/.local/lib/python3.8/site-packages/airflow/example_dags/example_external_task_marker_dag.py
[2024-11-06T07:10:47.083+0000] {processor.py:840} INFO - DAG(s) 'example_external_task_marker_child', 'example_external_task_marker_parent' retrieved from /home/airflow/.local/lib/python3.8/site-packages/airflow/example_dags/example_external_task_marker_dag.py
[2024-11-06T07:10:47.112+0000] {logging_mixin.py:188} INFO - [2024-11-06T07:10:47.112+0000] {dag.py:3036} INFO - Sync 2 DAGs
[2024-11-06T07:10:47.125+0000] {logging_mixin.py:188} INFO - [2024-11-06T07:10:47.125+0000] {dag.py:3823} INFO - Setting next_dagrun for example_external_task_marker_child to None, run_after=None
[2024-11-06T07:10:47.129+0000] {logging_mixin.py:188} INFO - [2024-11-06T07:10:47.129+0000] {dag.py:3823} INFO - Setting next_dagrun for example_external_task_marker_parent to None, run_after=None
[2024-11-06T07:10:47.157+0000] {processor.py:183} INFO - Processing /home/airflow/.local/lib/python3.8/site-packages/airflow/example_dags/example_external_task_marker_dag.py took 0.089 seconds
[2024-11-06T07:11:17.765+0000] {processor.py:161} INFO - Started process (PID=1311) to work on /home/airflow/.local/lib/python3.8/site-packages/airflow/example_dags/example_external_task_marker_dag.py
[2024-11-06T07:11:17.766+0000] {processor.py:830} INFO - Processing file /home/airflow/.local/lib/python3.8/site-packages/airflow/example_dags/example_external_task_marker_dag.py for tasks to queue
[2024-11-06T07:11:17.768+0000] {logging_mixin.py:188} INFO - [2024-11-06T07:11:17.767+0000] {dagbag.py:538} INFO - Filling up the DagBag from /home/airflow/.local/lib/python3.8/site-packages/airflow/example_dags/example_external_task_marker_dag.py
[2024-11-06T07:11:17.775+0000] {processor.py:840} INFO - DAG(s) 'example_external_task_marker_parent', 'example_external_task_marker_child' retrieved from /home/airflow/.local/lib/python3.8/site-packages/airflow/example_dags/example_external_task_marker_dag.py
[2024-11-06T07:11:17.799+0000] {logging_mixin.py:188} INFO - [2024-11-06T07:11:17.799+0000] {dag.py:3036} INFO - Sync 2 DAGs
[2024-11-06T07:11:17.818+0000] {logging_mixin.py:188} INFO - [2024-11-06T07:11:17.818+0000] {dag.py:3823} INFO - Setting next_dagrun for example_external_task_marker_child to None, run_after=None
[2024-11-06T07:11:17.822+0000] {logging_mixin.py:188} INFO - [2024-11-06T07:11:17.822+0000] {dag.py:3823} INFO - Setting next_dagrun for example_external_task_marker_parent to None, run_after=None
[2024-11-06T07:11:17.844+0000] {processor.py:183} INFO - Processing /home/airflow/.local/lib/python3.8/site-packages/airflow/example_dags/example_external_task_marker_dag.py took 0.083 seconds
[2024-11-06T07:11:48.009+0000] {processor.py:161} INFO - Started process (PID=1368) to work on /home/airflow/.local/lib/python3.8/site-packages/airflow/example_dags/example_external_task_marker_dag.py
[2024-11-06T07:11:48.010+0000] {processor.py:830} INFO - Processing file /home/airflow/.local/lib/python3.8/site-packages/airflow/example_dags/example_external_task_marker_dag.py for tasks to queue
[2024-11-06T07:11:48.012+0000] {logging_mixin.py:188} INFO - [2024-11-06T07:11:48.012+0000] {dagbag.py:538} INFO - Filling up the DagBag from /home/airflow/.local/lib/python3.8/site-packages/airflow/example_dags/example_external_task_marker_dag.py
[2024-11-06T07:11:48.019+0000] {processor.py:840} INFO - DAG(s) 'example_external_task_marker_parent', 'example_external_task_marker_child' retrieved from /home/airflow/.local/lib/python3.8/site-packages/airflow/example_dags/example_external_task_marker_dag.py
[2024-11-06T07:11:48.048+0000] {logging_mixin.py:188} INFO - [2024-11-06T07:11:48.048+0000] {dag.py:3036} INFO - Sync 2 DAGs
[2024-11-06T07:11:48.063+0000] {logging_mixin.py:188} INFO - [2024-11-06T07:11:48.062+0000] {dag.py:3823} INFO - Setting next_dagrun for example_external_task_marker_child to None, run_after=None
[2024-11-06T07:11:48.067+0000] {logging_mixin.py:188} INFO - [2024-11-06T07:11:48.066+0000] {dag.py:3823} INFO - Setting next_dagrun for example_external_task_marker_parent to None, run_after=None
[2024-11-06T07:11:48.088+0000] {processor.py:183} INFO - Processing /home/airflow/.local/lib/python3.8/site-packages/airflow/example_dags/example_external_task_marker_dag.py took 0.082 seconds
[2024-11-06T07:12:18.954+0000] {processor.py:161} INFO - Started process (PID=1425) to work on /home/airflow/.local/lib/python3.8/site-packages/airflow/example_dags/example_external_task_marker_dag.py
[2024-11-06T07:12:18.955+0000] {processor.py:830} INFO - Processing file /home/airflow/.local/lib/python3.8/site-packages/airflow/example_dags/example_external_task_marker_dag.py for tasks to queue
[2024-11-06T07:12:18.957+0000] {logging_mixin.py:188} INFO - [2024-11-06T07:12:18.957+0000] {dagbag.py:538} INFO - Filling up the DagBag from /home/airflow/.local/lib/python3.8/site-packages/airflow/example_dags/example_external_task_marker_dag.py
[2024-11-06T07:12:18.964+0000] {processor.py:840} INFO - DAG(s) 'example_external_task_marker_parent', 'example_external_task_marker_child' retrieved from /home/airflow/.local/lib/python3.8/site-packages/airflow/example_dags/example_external_task_marker_dag.py
[2024-11-06T07:12:18.989+0000] {logging_mixin.py:188} INFO - [2024-11-06T07:12:18.989+0000] {dag.py:3036} INFO - Sync 2 DAGs
[2024-11-06T07:12:19.004+0000] {logging_mixin.py:188} INFO - [2024-11-06T07:12:19.004+0000] {dag.py:3823} INFO - Setting next_dagrun for example_external_task_marker_child to None, run_after=None
[2024-11-06T07:12:19.008+0000] {logging_mixin.py:188} INFO - [2024-11-06T07:12:19.008+0000] {dag.py:3823} INFO - Setting next_dagrun for example_external_task_marker_parent to None, run_after=None
[2024-11-06T07:12:19.032+0000] {processor.py:183} INFO - Processing /home/airflow/.local/lib/python3.8/site-packages/airflow/example_dags/example_external_task_marker_dag.py took 0.081 seconds
[2024-11-06T07:14:09.435+0000] {processor.py:161} INFO - Started process (PID=97) to work on /home/airflow/.local/lib/python3.8/site-packages/airflow/example_dags/example_external_task_marker_dag.py
[2024-11-06T07:14:09.446+0000] {processor.py:830} INFO - Processing file /home/airflow/.local/lib/python3.8/site-packages/airflow/example_dags/example_external_task_marker_dag.py for tasks to queue
[2024-11-06T07:14:09.450+0000] {logging_mixin.py:188} INFO - [2024-11-06T07:14:09.450+0000] {dagbag.py:538} INFO - Filling up the DagBag from /home/airflow/.local/lib/python3.8/site-packages/airflow/example_dags/example_external_task_marker_dag.py
[2024-11-06T07:14:09.474+0000] {processor.py:840} INFO - DAG(s) 'example_external_task_marker_child', 'example_external_task_marker_parent' retrieved from /home/airflow/.local/lib/python3.8/site-packages/airflow/example_dags/example_external_task_marker_dag.py
[2024-11-06T07:14:09.953+0000] {logging_mixin.py:188} INFO - [2024-11-06T07:14:09.952+0000] {dag.py:3036} INFO - Sync 2 DAGs
[2024-11-06T07:14:09.984+0000] {logging_mixin.py:188} INFO - [2024-11-06T07:14:09.984+0000] {dag.py:3823} INFO - Setting next_dagrun for example_external_task_marker_child to None, run_after=None
[2024-11-06T07:14:10.019+0000] {logging_mixin.py:188} INFO - [2024-11-06T07:14:10.015+0000] {dag.py:3823} INFO - Setting next_dagrun for example_external_task_marker_parent to None, run_after=None
[2024-11-06T07:14:10.100+0000] {processor.py:183} INFO - Processing /home/airflow/.local/lib/python3.8/site-packages/airflow/example_dags/example_external_task_marker_dag.py took 0.680 seconds
[2024-11-06T07:14:40.610+0000] {processor.py:161} INFO - Started process (PID=154) to work on /home/airflow/.local/lib/python3.8/site-packages/airflow/example_dags/example_external_task_marker_dag.py
[2024-11-06T07:14:40.618+0000] {processor.py:830} INFO - Processing file /home/airflow/.local/lib/python3.8/site-packages/airflow/example_dags/example_external_task_marker_dag.py for tasks to queue
[2024-11-06T07:14:40.620+0000] {logging_mixin.py:188} INFO - [2024-11-06T07:14:40.620+0000] {dagbag.py:538} INFO - Filling up the DagBag from /home/airflow/.local/lib/python3.8/site-packages/airflow/example_dags/example_external_task_marker_dag.py
[2024-11-06T07:14:40.633+0000] {processor.py:840} INFO - DAG(s) 'example_external_task_marker_child', 'example_external_task_marker_parent' retrieved from /home/airflow/.local/lib/python3.8/site-packages/airflow/example_dags/example_external_task_marker_dag.py
[2024-11-06T07:14:40.660+0000] {logging_mixin.py:188} INFO - [2024-11-06T07:14:40.659+0000] {dag.py:3036} INFO - Sync 2 DAGs
[2024-11-06T07:14:40.679+0000] {logging_mixin.py:188} INFO - [2024-11-06T07:14:40.679+0000] {dag.py:3823} INFO - Setting next_dagrun for example_external_task_marker_child to None, run_after=None
[2024-11-06T07:14:40.683+0000] {logging_mixin.py:188} INFO - [2024-11-06T07:14:40.683+0000] {dag.py:3823} INFO - Setting next_dagrun for example_external_task_marker_parent to None, run_after=None
[2024-11-06T07:14:40.702+0000] {processor.py:183} INFO - Processing /home/airflow/.local/lib/python3.8/site-packages/airflow/example_dags/example_external_task_marker_dag.py took 0.096 seconds
[2024-11-06T07:15:11.553+0000] {processor.py:161} INFO - Started process (PID=211) to work on /home/airflow/.local/lib/python3.8/site-packages/airflow/example_dags/example_external_task_marker_dag.py
[2024-11-06T07:15:11.554+0000] {processor.py:830} INFO - Processing file /home/airflow/.local/lib/python3.8/site-packages/airflow/example_dags/example_external_task_marker_dag.py for tasks to queue
[2024-11-06T07:15:11.556+0000] {logging_mixin.py:188} INFO - [2024-11-06T07:15:11.556+0000] {dagbag.py:538} INFO - Filling up the DagBag from /home/airflow/.local/lib/python3.8/site-packages/airflow/example_dags/example_external_task_marker_dag.py
[2024-11-06T07:15:11.562+0000] {processor.py:840} INFO - DAG(s) 'example_external_task_marker_child', 'example_external_task_marker_parent' retrieved from /home/airflow/.local/lib/python3.8/site-packages/airflow/example_dags/example_external_task_marker_dag.py
[2024-11-06T07:15:11.601+0000] {logging_mixin.py:188} INFO - [2024-11-06T07:15:11.600+0000] {dag.py:3036} INFO - Sync 2 DAGs
[2024-11-06T07:15:11.616+0000] {logging_mixin.py:188} INFO - [2024-11-06T07:15:11.616+0000] {dag.py:3823} INFO - Setting next_dagrun for example_external_task_marker_child to None, run_after=None
[2024-11-06T07:15:11.620+0000] {logging_mixin.py:188} INFO - [2024-11-06T07:15:11.620+0000] {dag.py:3823} INFO - Setting next_dagrun for example_external_task_marker_parent to None, run_after=None
[2024-11-06T07:15:11.639+0000] {processor.py:183} INFO - Processing /home/airflow/.local/lib/python3.8/site-packages/airflow/example_dags/example_external_task_marker_dag.py took 0.089 seconds
