[2024-11-06T07:00:34.225+0000] {processor.py:161} INFO - Started process (PID=96) to work on /home/airflow/.local/lib/python3.8/site-packages/airflow/example_dags/example_task_group.py
[2024-11-06T07:00:34.226+0000] {processor.py:830} INFO - Processing file /home/airflow/.local/lib/python3.8/site-packages/airflow/example_dags/example_task_group.py for tasks to queue
[2024-11-06T07:00:34.229+0000] {logging_mixin.py:188} INFO - [2024-11-06T07:00:34.229+0000] {dagbag.py:538} INFO - Filling up the DagBag from /home/airflow/.local/lib/python3.8/site-packages/airflow/example_dags/example_task_group.py
[2024-11-06T07:00:34.246+0000] {processor.py:840} INFO - DAG(s) 'example_task_group' retrieved from /home/airflow/.local/lib/python3.8/site-packages/airflow/example_dags/example_task_group.py
[2024-11-06T07:00:34.581+0000] {logging_mixin.py:188} INFO - [2024-11-06T07:00:34.581+0000] {dag.py:3036} INFO - Sync 1 DAGs
[2024-11-06T07:00:34.671+0000] {logging_mixin.py:188} INFO - [2024-11-06T07:00:34.671+0000] {dag.py:3823} INFO - Setting next_dagrun for example_task_group to 2024-11-05 00:00:00+00:00, run_after=2024-11-06 00:00:00+00:00
[2024-11-06T07:00:34.750+0000] {processor.py:183} INFO - Processing /home/airflow/.local/lib/python3.8/site-packages/airflow/example_dags/example_task_group.py took 0.528 seconds
[2024-11-06T07:01:05.195+0000] {processor.py:161} INFO - Started process (PID=153) to work on /home/airflow/.local/lib/python3.8/site-packages/airflow/example_dags/example_task_group.py
[2024-11-06T07:01:05.196+0000] {processor.py:830} INFO - Processing file /home/airflow/.local/lib/python3.8/site-packages/airflow/example_dags/example_task_group.py for tasks to queue
[2024-11-06T07:01:05.198+0000] {logging_mixin.py:188} INFO - [2024-11-06T07:01:05.197+0000] {dagbag.py:538} INFO - Filling up the DagBag from /home/airflow/.local/lib/python3.8/site-packages/airflow/example_dags/example_task_group.py
[2024-11-06T07:01:05.203+0000] {processor.py:840} INFO - DAG(s) 'example_task_group' retrieved from /home/airflow/.local/lib/python3.8/site-packages/airflow/example_dags/example_task_group.py
[2024-11-06T07:01:05.221+0000] {logging_mixin.py:188} INFO - [2024-11-06T07:01:05.221+0000] {dag.py:3036} INFO - Sync 1 DAGs
[2024-11-06T07:01:05.247+0000] {logging_mixin.py:188} INFO - [2024-11-06T07:01:05.247+0000] {dag.py:3823} INFO - Setting next_dagrun for example_task_group to 2024-11-05 00:00:00+00:00, run_after=2024-11-06 00:00:00+00:00
[2024-11-06T07:01:05.280+0000] {processor.py:183} INFO - Processing /home/airflow/.local/lib/python3.8/site-packages/airflow/example_dags/example_task_group.py took 0.088 seconds
[2024-11-06T07:01:35.632+0000] {processor.py:161} INFO - Started process (PID=211) to work on /home/airflow/.local/lib/python3.8/site-packages/airflow/example_dags/example_task_group.py
[2024-11-06T07:01:35.632+0000] {processor.py:830} INFO - Processing file /home/airflow/.local/lib/python3.8/site-packages/airflow/example_dags/example_task_group.py for tasks to queue
[2024-11-06T07:01:35.634+0000] {logging_mixin.py:188} INFO - [2024-11-06T07:01:35.634+0000] {dagbag.py:538} INFO - Filling up the DagBag from /home/airflow/.local/lib/python3.8/site-packages/airflow/example_dags/example_task_group.py
[2024-11-06T07:01:35.639+0000] {processor.py:840} INFO - DAG(s) 'example_task_group' retrieved from /home/airflow/.local/lib/python3.8/site-packages/airflow/example_dags/example_task_group.py
[2024-11-06T07:01:35.657+0000] {logging_mixin.py:188} INFO - [2024-11-06T07:01:35.657+0000] {dag.py:3036} INFO - Sync 1 DAGs
[2024-11-06T07:01:35.674+0000] {logging_mixin.py:188} INFO - [2024-11-06T07:01:35.674+0000] {dag.py:3823} INFO - Setting next_dagrun for example_task_group to 2024-11-05 00:00:00+00:00, run_after=2024-11-06 00:00:00+00:00
[2024-11-06T07:01:35.695+0000] {processor.py:183} INFO - Processing /home/airflow/.local/lib/python3.8/site-packages/airflow/example_dags/example_task_group.py took 0.065 seconds
[2024-11-06T07:02:06.662+0000] {processor.py:161} INFO - Started process (PID=269) to work on /home/airflow/.local/lib/python3.8/site-packages/airflow/example_dags/example_task_group.py
[2024-11-06T07:02:06.663+0000] {processor.py:830} INFO - Processing file /home/airflow/.local/lib/python3.8/site-packages/airflow/example_dags/example_task_group.py for tasks to queue
[2024-11-06T07:02:06.664+0000] {logging_mixin.py:188} INFO - [2024-11-06T07:02:06.664+0000] {dagbag.py:538} INFO - Filling up the DagBag from /home/airflow/.local/lib/python3.8/site-packages/airflow/example_dags/example_task_group.py
[2024-11-06T07:02:06.669+0000] {processor.py:840} INFO - DAG(s) 'example_task_group' retrieved from /home/airflow/.local/lib/python3.8/site-packages/airflow/example_dags/example_task_group.py
[2024-11-06T07:02:06.687+0000] {logging_mixin.py:188} INFO - [2024-11-06T07:02:06.686+0000] {dag.py:3036} INFO - Sync 1 DAGs
[2024-11-06T07:02:06.703+0000] {logging_mixin.py:188} INFO - [2024-11-06T07:02:06.703+0000] {dag.py:3823} INFO - Setting next_dagrun for example_task_group to 2024-11-05 00:00:00+00:00, run_after=2024-11-06 00:00:00+00:00
[2024-11-06T07:02:06.722+0000] {processor.py:183} INFO - Processing /home/airflow/.local/lib/python3.8/site-packages/airflow/example_dags/example_task_group.py took 0.063 seconds
[2024-11-06T07:02:37.597+0000] {processor.py:161} INFO - Started process (PID=333) to work on /home/airflow/.local/lib/python3.8/site-packages/airflow/example_dags/example_task_group.py
[2024-11-06T07:02:37.598+0000] {processor.py:830} INFO - Processing file /home/airflow/.local/lib/python3.8/site-packages/airflow/example_dags/example_task_group.py for tasks to queue
[2024-11-06T07:02:37.600+0000] {logging_mixin.py:188} INFO - [2024-11-06T07:02:37.599+0000] {dagbag.py:538} INFO - Filling up the DagBag from /home/airflow/.local/lib/python3.8/site-packages/airflow/example_dags/example_task_group.py
[2024-11-06T07:02:37.605+0000] {processor.py:840} INFO - DAG(s) 'example_task_group' retrieved from /home/airflow/.local/lib/python3.8/site-packages/airflow/example_dags/example_task_group.py
[2024-11-06T07:02:37.622+0000] {logging_mixin.py:188} INFO - [2024-11-06T07:02:37.622+0000] {dag.py:3036} INFO - Sync 1 DAGs
[2024-11-06T07:02:37.639+0000] {logging_mixin.py:188} INFO - [2024-11-06T07:02:37.639+0000] {dag.py:3823} INFO - Setting next_dagrun for example_task_group to 2024-11-05 00:00:00+00:00, run_after=2024-11-06 00:00:00+00:00
[2024-11-06T07:02:37.659+0000] {processor.py:183} INFO - Processing /home/airflow/.local/lib/python3.8/site-packages/airflow/example_dags/example_task_group.py took 0.064 seconds
[2024-11-06T07:03:07.871+0000] {processor.py:161} INFO - Started process (PID=391) to work on /home/airflow/.local/lib/python3.8/site-packages/airflow/example_dags/example_task_group.py
[2024-11-06T07:03:07.872+0000] {processor.py:830} INFO - Processing file /home/airflow/.local/lib/python3.8/site-packages/airflow/example_dags/example_task_group.py for tasks to queue
[2024-11-06T07:03:07.874+0000] {logging_mixin.py:188} INFO - [2024-11-06T07:03:07.874+0000] {dagbag.py:538} INFO - Filling up the DagBag from /home/airflow/.local/lib/python3.8/site-packages/airflow/example_dags/example_task_group.py
[2024-11-06T07:03:07.883+0000] {processor.py:840} INFO - DAG(s) 'example_task_group' retrieved from /home/airflow/.local/lib/python3.8/site-packages/airflow/example_dags/example_task_group.py
[2024-11-06T07:03:07.909+0000] {logging_mixin.py:188} INFO - [2024-11-06T07:03:07.909+0000] {dag.py:3036} INFO - Sync 1 DAGs
[2024-11-06T07:03:07.936+0000] {logging_mixin.py:188} INFO - [2024-11-06T07:03:07.936+0000] {dag.py:3823} INFO - Setting next_dagrun for example_task_group to 2024-11-05 00:00:00+00:00, run_after=2024-11-06 00:00:00+00:00
[2024-11-06T07:03:07.961+0000] {processor.py:183} INFO - Processing /home/airflow/.local/lib/python3.8/site-packages/airflow/example_dags/example_task_group.py took 0.093 seconds
[2024-11-06T07:03:38.156+0000] {processor.py:161} INFO - Started process (PID=448) to work on /home/airflow/.local/lib/python3.8/site-packages/airflow/example_dags/example_task_group.py
[2024-11-06T07:03:38.157+0000] {processor.py:830} INFO - Processing file /home/airflow/.local/lib/python3.8/site-packages/airflow/example_dags/example_task_group.py for tasks to queue
[2024-11-06T07:03:38.159+0000] {logging_mixin.py:188} INFO - [2024-11-06T07:03:38.158+0000] {dagbag.py:538} INFO - Filling up the DagBag from /home/airflow/.local/lib/python3.8/site-packages/airflow/example_dags/example_task_group.py
[2024-11-06T07:03:38.166+0000] {processor.py:840} INFO - DAG(s) 'example_task_group' retrieved from /home/airflow/.local/lib/python3.8/site-packages/airflow/example_dags/example_task_group.py
[2024-11-06T07:03:38.183+0000] {logging_mixin.py:188} INFO - [2024-11-06T07:03:38.183+0000] {dag.py:3036} INFO - Sync 1 DAGs
[2024-11-06T07:03:38.199+0000] {logging_mixin.py:188} INFO - [2024-11-06T07:03:38.199+0000] {dag.py:3823} INFO - Setting next_dagrun for example_task_group to 2024-11-05 00:00:00+00:00, run_after=2024-11-06 00:00:00+00:00
[2024-11-06T07:03:38.224+0000] {processor.py:183} INFO - Processing /home/airflow/.local/lib/python3.8/site-packages/airflow/example_dags/example_task_group.py took 0.072 seconds
[2024-11-06T07:04:08.512+0000] {processor.py:161} INFO - Started process (PID=506) to work on /home/airflow/.local/lib/python3.8/site-packages/airflow/example_dags/example_task_group.py
[2024-11-06T07:04:08.513+0000] {processor.py:830} INFO - Processing file /home/airflow/.local/lib/python3.8/site-packages/airflow/example_dags/example_task_group.py for tasks to queue
[2024-11-06T07:04:08.514+0000] {logging_mixin.py:188} INFO - [2024-11-06T07:04:08.514+0000] {dagbag.py:538} INFO - Filling up the DagBag from /home/airflow/.local/lib/python3.8/site-packages/airflow/example_dags/example_task_group.py
[2024-11-06T07:04:08.520+0000] {processor.py:840} INFO - DAG(s) 'example_task_group' retrieved from /home/airflow/.local/lib/python3.8/site-packages/airflow/example_dags/example_task_group.py
[2024-11-06T07:04:08.537+0000] {logging_mixin.py:188} INFO - [2024-11-06T07:04:08.537+0000] {dag.py:3036} INFO - Sync 1 DAGs
[2024-11-06T07:04:08.554+0000] {logging_mixin.py:188} INFO - [2024-11-06T07:04:08.554+0000] {dag.py:3823} INFO - Setting next_dagrun for example_task_group to 2024-11-05 00:00:00+00:00, run_after=2024-11-06 00:00:00+00:00
[2024-11-06T07:04:08.583+0000] {processor.py:183} INFO - Processing /home/airflow/.local/lib/python3.8/site-packages/airflow/example_dags/example_task_group.py took 0.073 seconds
[2024-11-06T07:04:38.952+0000] {processor.py:161} INFO - Started process (PID=563) to work on /home/airflow/.local/lib/python3.8/site-packages/airflow/example_dags/example_task_group.py
[2024-11-06T07:04:38.953+0000] {processor.py:830} INFO - Processing file /home/airflow/.local/lib/python3.8/site-packages/airflow/example_dags/example_task_group.py for tasks to queue
[2024-11-06T07:04:38.955+0000] {logging_mixin.py:188} INFO - [2024-11-06T07:04:38.954+0000] {dagbag.py:538} INFO - Filling up the DagBag from /home/airflow/.local/lib/python3.8/site-packages/airflow/example_dags/example_task_group.py
[2024-11-06T07:04:38.962+0000] {processor.py:840} INFO - DAG(s) 'example_task_group' retrieved from /home/airflow/.local/lib/python3.8/site-packages/airflow/example_dags/example_task_group.py
[2024-11-06T07:04:38.987+0000] {logging_mixin.py:188} INFO - [2024-11-06T07:04:38.987+0000] {dag.py:3036} INFO - Sync 1 DAGs
[2024-11-06T07:04:39.014+0000] {logging_mixin.py:188} INFO - [2024-11-06T07:04:39.013+0000] {dag.py:3823} INFO - Setting next_dagrun for example_task_group to 2024-11-05 00:00:00+00:00, run_after=2024-11-06 00:00:00+00:00
[2024-11-06T07:04:39.036+0000] {processor.py:183} INFO - Processing /home/airflow/.local/lib/python3.8/site-packages/airflow/example_dags/example_task_group.py took 0.087 seconds
[2024-11-06T07:05:09.184+0000] {processor.py:161} INFO - Started process (PID=620) to work on /home/airflow/.local/lib/python3.8/site-packages/airflow/example_dags/example_task_group.py
[2024-11-06T07:05:09.185+0000] {processor.py:830} INFO - Processing file /home/airflow/.local/lib/python3.8/site-packages/airflow/example_dags/example_task_group.py for tasks to queue
[2024-11-06T07:05:09.187+0000] {logging_mixin.py:188} INFO - [2024-11-06T07:05:09.187+0000] {dagbag.py:538} INFO - Filling up the DagBag from /home/airflow/.local/lib/python3.8/site-packages/airflow/example_dags/example_task_group.py
[2024-11-06T07:05:09.195+0000] {processor.py:840} INFO - DAG(s) 'example_task_group' retrieved from /home/airflow/.local/lib/python3.8/site-packages/airflow/example_dags/example_task_group.py
[2024-11-06T07:05:09.232+0000] {logging_mixin.py:188} INFO - [2024-11-06T07:05:09.232+0000] {dag.py:3036} INFO - Sync 1 DAGs
[2024-11-06T07:05:09.257+0000] {logging_mixin.py:188} INFO - [2024-11-06T07:05:09.257+0000] {dag.py:3823} INFO - Setting next_dagrun for example_task_group to 2024-11-05 00:00:00+00:00, run_after=2024-11-06 00:00:00+00:00
[2024-11-06T07:05:09.295+0000] {processor.py:183} INFO - Processing /home/airflow/.local/lib/python3.8/site-packages/airflow/example_dags/example_task_group.py took 0.115 seconds
[2024-11-06T07:05:39.591+0000] {processor.py:161} INFO - Started process (PID=677) to work on /home/airflow/.local/lib/python3.8/site-packages/airflow/example_dags/example_task_group.py
[2024-11-06T07:05:39.597+0000] {processor.py:830} INFO - Processing file /home/airflow/.local/lib/python3.8/site-packages/airflow/example_dags/example_task_group.py for tasks to queue
[2024-11-06T07:05:39.603+0000] {logging_mixin.py:188} INFO - [2024-11-06T07:05:39.603+0000] {dagbag.py:538} INFO - Filling up the DagBag from /home/airflow/.local/lib/python3.8/site-packages/airflow/example_dags/example_task_group.py
[2024-11-06T07:05:39.621+0000] {processor.py:840} INFO - DAG(s) 'example_task_group' retrieved from /home/airflow/.local/lib/python3.8/site-packages/airflow/example_dags/example_task_group.py
[2024-11-06T07:05:39.696+0000] {logging_mixin.py:188} INFO - [2024-11-06T07:05:39.696+0000] {dag.py:3036} INFO - Sync 1 DAGs
[2024-11-06T07:05:39.740+0000] {logging_mixin.py:188} INFO - [2024-11-06T07:05:39.740+0000] {dag.py:3823} INFO - Setting next_dagrun for example_task_group to 2024-11-05 00:00:00+00:00, run_after=2024-11-06 00:00:00+00:00
[2024-11-06T07:05:39.814+0000] {processor.py:183} INFO - Processing /home/airflow/.local/lib/python3.8/site-packages/airflow/example_dags/example_task_group.py took 0.234 seconds
[2024-11-06T07:06:10.104+0000] {processor.py:161} INFO - Started process (PID=734) to work on /home/airflow/.local/lib/python3.8/site-packages/airflow/example_dags/example_task_group.py
[2024-11-06T07:06:10.105+0000] {processor.py:830} INFO - Processing file /home/airflow/.local/lib/python3.8/site-packages/airflow/example_dags/example_task_group.py for tasks to queue
[2024-11-06T07:06:10.107+0000] {logging_mixin.py:188} INFO - [2024-11-06T07:06:10.106+0000] {dagbag.py:538} INFO - Filling up the DagBag from /home/airflow/.local/lib/python3.8/site-packages/airflow/example_dags/example_task_group.py
[2024-11-06T07:06:10.115+0000] {processor.py:840} INFO - DAG(s) 'example_task_group' retrieved from /home/airflow/.local/lib/python3.8/site-packages/airflow/example_dags/example_task_group.py
[2024-11-06T07:06:10.140+0000] {logging_mixin.py:188} INFO - [2024-11-06T07:06:10.140+0000] {dag.py:3036} INFO - Sync 1 DAGs
[2024-11-06T07:06:10.162+0000] {logging_mixin.py:188} INFO - [2024-11-06T07:06:10.162+0000] {dag.py:3823} INFO - Setting next_dagrun for example_task_group to 2024-11-05 00:00:00+00:00, run_after=2024-11-06 00:00:00+00:00
[2024-11-06T07:06:10.183+0000] {processor.py:183} INFO - Processing /home/airflow/.local/lib/python3.8/site-packages/airflow/example_dags/example_task_group.py took 0.083 seconds
[2024-11-06T07:06:41.014+0000] {processor.py:161} INFO - Started process (PID=792) to work on /home/airflow/.local/lib/python3.8/site-packages/airflow/example_dags/example_task_group.py
[2024-11-06T07:06:41.015+0000] {processor.py:830} INFO - Processing file /home/airflow/.local/lib/python3.8/site-packages/airflow/example_dags/example_task_group.py for tasks to queue
[2024-11-06T07:06:41.017+0000] {logging_mixin.py:188} INFO - [2024-11-06T07:06:41.016+0000] {dagbag.py:538} INFO - Filling up the DagBag from /home/airflow/.local/lib/python3.8/site-packages/airflow/example_dags/example_task_group.py
[2024-11-06T07:06:41.025+0000] {processor.py:840} INFO - DAG(s) 'example_task_group' retrieved from /home/airflow/.local/lib/python3.8/site-packages/airflow/example_dags/example_task_group.py
[2024-11-06T07:06:41.050+0000] {logging_mixin.py:188} INFO - [2024-11-06T07:06:41.049+0000] {dag.py:3036} INFO - Sync 1 DAGs
[2024-11-06T07:06:41.075+0000] {logging_mixin.py:188} INFO - [2024-11-06T07:06:41.075+0000] {dag.py:3823} INFO - Setting next_dagrun for example_task_group to 2024-11-05 00:00:00+00:00, run_after=2024-11-06 00:00:00+00:00
[2024-11-06T07:06:41.098+0000] {processor.py:183} INFO - Processing /home/airflow/.local/lib/python3.8/site-packages/airflow/example_dags/example_task_group.py took 0.088 seconds
[2024-11-06T07:07:11.672+0000] {processor.py:161} INFO - Started process (PID=849) to work on /home/airflow/.local/lib/python3.8/site-packages/airflow/example_dags/example_task_group.py
[2024-11-06T07:07:11.672+0000] {processor.py:830} INFO - Processing file /home/airflow/.local/lib/python3.8/site-packages/airflow/example_dags/example_task_group.py for tasks to queue
[2024-11-06T07:07:11.674+0000] {logging_mixin.py:188} INFO - [2024-11-06T07:07:11.674+0000] {dagbag.py:538} INFO - Filling up the DagBag from /home/airflow/.local/lib/python3.8/site-packages/airflow/example_dags/example_task_group.py
[2024-11-06T07:07:11.683+0000] {processor.py:840} INFO - DAG(s) 'example_task_group' retrieved from /home/airflow/.local/lib/python3.8/site-packages/airflow/example_dags/example_task_group.py
[2024-11-06T07:07:11.710+0000] {logging_mixin.py:188} INFO - [2024-11-06T07:07:11.709+0000] {dag.py:3036} INFO - Sync 1 DAGs
[2024-11-06T07:07:11.734+0000] {logging_mixin.py:188} INFO - [2024-11-06T07:07:11.734+0000] {dag.py:3823} INFO - Setting next_dagrun for example_task_group to 2024-11-05 00:00:00+00:00, run_after=2024-11-06 00:00:00+00:00
[2024-11-06T07:07:11.763+0000] {processor.py:183} INFO - Processing /home/airflow/.local/lib/python3.8/site-packages/airflow/example_dags/example_task_group.py took 0.095 seconds
[2024-11-06T07:07:42.393+0000] {processor.py:161} INFO - Started process (PID=907) to work on /home/airflow/.local/lib/python3.8/site-packages/airflow/example_dags/example_task_group.py
[2024-11-06T07:07:42.395+0000] {processor.py:830} INFO - Processing file /home/airflow/.local/lib/python3.8/site-packages/airflow/example_dags/example_task_group.py for tasks to queue
[2024-11-06T07:07:42.397+0000] {logging_mixin.py:188} INFO - [2024-11-06T07:07:42.397+0000] {dagbag.py:538} INFO - Filling up the DagBag from /home/airflow/.local/lib/python3.8/site-packages/airflow/example_dags/example_task_group.py
[2024-11-06T07:07:42.406+0000] {processor.py:840} INFO - DAG(s) 'example_task_group' retrieved from /home/airflow/.local/lib/python3.8/site-packages/airflow/example_dags/example_task_group.py
[2024-11-06T07:07:42.434+0000] {logging_mixin.py:188} INFO - [2024-11-06T07:07:42.434+0000] {dag.py:3036} INFO - Sync 1 DAGs
[2024-11-06T07:07:42.456+0000] {logging_mixin.py:188} INFO - [2024-11-06T07:07:42.456+0000] {dag.py:3823} INFO - Setting next_dagrun for example_task_group to 2024-11-05 00:00:00+00:00, run_after=2024-11-06 00:00:00+00:00
[2024-11-06T07:07:42.478+0000] {processor.py:183} INFO - Processing /home/airflow/.local/lib/python3.8/site-packages/airflow/example_dags/example_task_group.py took 0.088 seconds
[2024-11-06T07:08:12.741+0000] {processor.py:161} INFO - Started process (PID=965) to work on /home/airflow/.local/lib/python3.8/site-packages/airflow/example_dags/example_task_group.py
[2024-11-06T07:08:12.742+0000] {processor.py:830} INFO - Processing file /home/airflow/.local/lib/python3.8/site-packages/airflow/example_dags/example_task_group.py for tasks to queue
[2024-11-06T07:08:12.744+0000] {logging_mixin.py:188} INFO - [2024-11-06T07:08:12.743+0000] {dagbag.py:538} INFO - Filling up the DagBag from /home/airflow/.local/lib/python3.8/site-packages/airflow/example_dags/example_task_group.py
[2024-11-06T07:08:12.752+0000] {processor.py:840} INFO - DAG(s) 'example_task_group' retrieved from /home/airflow/.local/lib/python3.8/site-packages/airflow/example_dags/example_task_group.py
[2024-11-06T07:08:12.779+0000] {logging_mixin.py:188} INFO - [2024-11-06T07:08:12.779+0000] {dag.py:3036} INFO - Sync 1 DAGs
[2024-11-06T07:08:12.804+0000] {logging_mixin.py:188} INFO - [2024-11-06T07:08:12.804+0000] {dag.py:3823} INFO - Setting next_dagrun for example_task_group to 2024-11-05 00:00:00+00:00, run_after=2024-11-06 00:00:00+00:00
[2024-11-06T07:08:12.833+0000] {processor.py:183} INFO - Processing /home/airflow/.local/lib/python3.8/site-packages/airflow/example_dags/example_task_group.py took 0.095 seconds
[2024-11-06T07:08:42.880+0000] {processor.py:161} INFO - Started process (PID=1022) to work on /home/airflow/.local/lib/python3.8/site-packages/airflow/example_dags/example_task_group.py
[2024-11-06T07:08:42.881+0000] {processor.py:830} INFO - Processing file /home/airflow/.local/lib/python3.8/site-packages/airflow/example_dags/example_task_group.py for tasks to queue
[2024-11-06T07:08:42.883+0000] {logging_mixin.py:188} INFO - [2024-11-06T07:08:42.883+0000] {dagbag.py:538} INFO - Filling up the DagBag from /home/airflow/.local/lib/python3.8/site-packages/airflow/example_dags/example_task_group.py
[2024-11-06T07:08:42.891+0000] {processor.py:840} INFO - DAG(s) 'example_task_group' retrieved from /home/airflow/.local/lib/python3.8/site-packages/airflow/example_dags/example_task_group.py
[2024-11-06T07:08:42.932+0000] {logging_mixin.py:188} INFO - [2024-11-06T07:08:42.932+0000] {dag.py:3036} INFO - Sync 1 DAGs
[2024-11-06T07:08:42.956+0000] {logging_mixin.py:188} INFO - [2024-11-06T07:08:42.955+0000] {dag.py:3823} INFO - Setting next_dagrun for example_task_group to 2024-11-05 00:00:00+00:00, run_after=2024-11-06 00:00:00+00:00
[2024-11-06T07:08:42.978+0000] {processor.py:183} INFO - Processing /home/airflow/.local/lib/python3.8/site-packages/airflow/example_dags/example_task_group.py took 0.101 seconds
[2024-11-06T07:09:13.358+0000] {processor.py:161} INFO - Started process (PID=1080) to work on /home/airflow/.local/lib/python3.8/site-packages/airflow/example_dags/example_task_group.py
[2024-11-06T07:09:13.359+0000] {processor.py:830} INFO - Processing file /home/airflow/.local/lib/python3.8/site-packages/airflow/example_dags/example_task_group.py for tasks to queue
[2024-11-06T07:09:13.361+0000] {logging_mixin.py:188} INFO - [2024-11-06T07:09:13.360+0000] {dagbag.py:538} INFO - Filling up the DagBag from /home/airflow/.local/lib/python3.8/site-packages/airflow/example_dags/example_task_group.py
[2024-11-06T07:09:13.369+0000] {processor.py:840} INFO - DAG(s) 'example_task_group' retrieved from /home/airflow/.local/lib/python3.8/site-packages/airflow/example_dags/example_task_group.py
[2024-11-06T07:09:13.395+0000] {logging_mixin.py:188} INFO - [2024-11-06T07:09:13.394+0000] {dag.py:3036} INFO - Sync 1 DAGs
[2024-11-06T07:09:13.419+0000] {logging_mixin.py:188} INFO - [2024-11-06T07:09:13.418+0000] {dag.py:3823} INFO - Setting next_dagrun for example_task_group to 2024-11-05 00:00:00+00:00, run_after=2024-11-06 00:00:00+00:00
[2024-11-06T07:09:13.441+0000] {processor.py:183} INFO - Processing /home/airflow/.local/lib/python3.8/site-packages/airflow/example_dags/example_task_group.py took 0.087 seconds
[2024-11-06T07:09:43.986+0000] {processor.py:161} INFO - Started process (PID=1137) to work on /home/airflow/.local/lib/python3.8/site-packages/airflow/example_dags/example_task_group.py
[2024-11-06T07:09:43.988+0000] {processor.py:830} INFO - Processing file /home/airflow/.local/lib/python3.8/site-packages/airflow/example_dags/example_task_group.py for tasks to queue
[2024-11-06T07:09:43.990+0000] {logging_mixin.py:188} INFO - [2024-11-06T07:09:43.989+0000] {dagbag.py:538} INFO - Filling up the DagBag from /home/airflow/.local/lib/python3.8/site-packages/airflow/example_dags/example_task_group.py
[2024-11-06T07:09:43.998+0000] {processor.py:840} INFO - DAG(s) 'example_task_group' retrieved from /home/airflow/.local/lib/python3.8/site-packages/airflow/example_dags/example_task_group.py
[2024-11-06T07:09:44.023+0000] {logging_mixin.py:188} INFO - [2024-11-06T07:09:44.023+0000] {dag.py:3036} INFO - Sync 1 DAGs
[2024-11-06T07:09:44.042+0000] {logging_mixin.py:188} INFO - [2024-11-06T07:09:44.042+0000] {dag.py:3823} INFO - Setting next_dagrun for example_task_group to 2024-11-05 00:00:00+00:00, run_after=2024-11-06 00:00:00+00:00
[2024-11-06T07:09:44.063+0000] {processor.py:183} INFO - Processing /home/airflow/.local/lib/python3.8/site-packages/airflow/example_dags/example_task_group.py took 0.080 seconds
[2024-11-06T07:10:14.596+0000] {processor.py:161} INFO - Started process (PID=1194) to work on /home/airflow/.local/lib/python3.8/site-packages/airflow/example_dags/example_task_group.py
[2024-11-06T07:10:14.597+0000] {processor.py:830} INFO - Processing file /home/airflow/.local/lib/python3.8/site-packages/airflow/example_dags/example_task_group.py for tasks to queue
[2024-11-06T07:10:14.599+0000] {logging_mixin.py:188} INFO - [2024-11-06T07:10:14.599+0000] {dagbag.py:538} INFO - Filling up the DagBag from /home/airflow/.local/lib/python3.8/site-packages/airflow/example_dags/example_task_group.py
[2024-11-06T07:10:14.608+0000] {processor.py:840} INFO - DAG(s) 'example_task_group' retrieved from /home/airflow/.local/lib/python3.8/site-packages/airflow/example_dags/example_task_group.py
[2024-11-06T07:10:14.633+0000] {logging_mixin.py:188} INFO - [2024-11-06T07:10:14.633+0000] {dag.py:3036} INFO - Sync 1 DAGs
[2024-11-06T07:10:14.656+0000] {logging_mixin.py:188} INFO - [2024-11-06T07:10:14.656+0000] {dag.py:3823} INFO - Setting next_dagrun for example_task_group to 2024-11-05 00:00:00+00:00, run_after=2024-11-06 00:00:00+00:00
[2024-11-06T07:10:14.678+0000] {processor.py:183} INFO - Processing /home/airflow/.local/lib/python3.8/site-packages/airflow/example_dags/example_task_group.py took 0.085 seconds
[2024-11-06T07:10:44.939+0000] {processor.py:161} INFO - Started process (PID=1251) to work on /home/airflow/.local/lib/python3.8/site-packages/airflow/example_dags/example_task_group.py
[2024-11-06T07:10:44.939+0000] {processor.py:830} INFO - Processing file /home/airflow/.local/lib/python3.8/site-packages/airflow/example_dags/example_task_group.py for tasks to queue
[2024-11-06T07:10:44.941+0000] {logging_mixin.py:188} INFO - [2024-11-06T07:10:44.941+0000] {dagbag.py:538} INFO - Filling up the DagBag from /home/airflow/.local/lib/python3.8/site-packages/airflow/example_dags/example_task_group.py
[2024-11-06T07:10:44.950+0000] {processor.py:840} INFO - DAG(s) 'example_task_group' retrieved from /home/airflow/.local/lib/python3.8/site-packages/airflow/example_dags/example_task_group.py
[2024-11-06T07:10:44.975+0000] {logging_mixin.py:188} INFO - [2024-11-06T07:10:44.975+0000] {dag.py:3036} INFO - Sync 1 DAGs
[2024-11-06T07:10:44.997+0000] {logging_mixin.py:188} INFO - [2024-11-06T07:10:44.997+0000] {dag.py:3823} INFO - Setting next_dagrun for example_task_group to 2024-11-05 00:00:00+00:00, run_after=2024-11-06 00:00:00+00:00
[2024-11-06T07:10:45.025+0000] {processor.py:183} INFO - Processing /home/airflow/.local/lib/python3.8/site-packages/airflow/example_dags/example_task_group.py took 0.090 seconds
[2024-11-06T07:11:15.629+0000] {processor.py:161} INFO - Started process (PID=1308) to work on /home/airflow/.local/lib/python3.8/site-packages/airflow/example_dags/example_task_group.py
[2024-11-06T07:11:15.631+0000] {processor.py:830} INFO - Processing file /home/airflow/.local/lib/python3.8/site-packages/airflow/example_dags/example_task_group.py for tasks to queue
[2024-11-06T07:11:15.633+0000] {logging_mixin.py:188} INFO - [2024-11-06T07:11:15.632+0000] {dagbag.py:538} INFO - Filling up the DagBag from /home/airflow/.local/lib/python3.8/site-packages/airflow/example_dags/example_task_group.py
[2024-11-06T07:11:15.641+0000] {processor.py:840} INFO - DAG(s) 'example_task_group' retrieved from /home/airflow/.local/lib/python3.8/site-packages/airflow/example_dags/example_task_group.py
[2024-11-06T07:11:15.667+0000] {logging_mixin.py:188} INFO - [2024-11-06T07:11:15.666+0000] {dag.py:3036} INFO - Sync 1 DAGs
[2024-11-06T07:11:15.691+0000] {logging_mixin.py:188} INFO - [2024-11-06T07:11:15.691+0000] {dag.py:3823} INFO - Setting next_dagrun for example_task_group to 2024-11-05 00:00:00+00:00, run_after=2024-11-06 00:00:00+00:00
[2024-11-06T07:11:15.718+0000] {processor.py:183} INFO - Processing /home/airflow/.local/lib/python3.8/site-packages/airflow/example_dags/example_task_group.py took 0.093 seconds
[2024-11-06T07:11:45.871+0000] {processor.py:161} INFO - Started process (PID=1365) to work on /home/airflow/.local/lib/python3.8/site-packages/airflow/example_dags/example_task_group.py
[2024-11-06T07:11:45.872+0000] {processor.py:830} INFO - Processing file /home/airflow/.local/lib/python3.8/site-packages/airflow/example_dags/example_task_group.py for tasks to queue
[2024-11-06T07:11:45.874+0000] {logging_mixin.py:188} INFO - [2024-11-06T07:11:45.873+0000] {dagbag.py:538} INFO - Filling up the DagBag from /home/airflow/.local/lib/python3.8/site-packages/airflow/example_dags/example_task_group.py
[2024-11-06T07:11:45.882+0000] {processor.py:840} INFO - DAG(s) 'example_task_group' retrieved from /home/airflow/.local/lib/python3.8/site-packages/airflow/example_dags/example_task_group.py
[2024-11-06T07:11:45.908+0000] {logging_mixin.py:188} INFO - [2024-11-06T07:11:45.907+0000] {dag.py:3036} INFO - Sync 1 DAGs
[2024-11-06T07:11:45.932+0000] {logging_mixin.py:188} INFO - [2024-11-06T07:11:45.931+0000] {dag.py:3823} INFO - Setting next_dagrun for example_task_group to 2024-11-05 00:00:00+00:00, run_after=2024-11-06 00:00:00+00:00
[2024-11-06T07:11:45.956+0000] {processor.py:183} INFO - Processing /home/airflow/.local/lib/python3.8/site-packages/airflow/example_dags/example_task_group.py took 0.089 seconds
[2024-11-06T07:12:16.833+0000] {processor.py:161} INFO - Started process (PID=1422) to work on /home/airflow/.local/lib/python3.8/site-packages/airflow/example_dags/example_task_group.py
[2024-11-06T07:12:16.834+0000] {processor.py:830} INFO - Processing file /home/airflow/.local/lib/python3.8/site-packages/airflow/example_dags/example_task_group.py for tasks to queue
[2024-11-06T07:12:16.836+0000] {logging_mixin.py:188} INFO - [2024-11-06T07:12:16.835+0000] {dagbag.py:538} INFO - Filling up the DagBag from /home/airflow/.local/lib/python3.8/site-packages/airflow/example_dags/example_task_group.py
[2024-11-06T07:12:16.844+0000] {processor.py:840} INFO - DAG(s) 'example_task_group' retrieved from /home/airflow/.local/lib/python3.8/site-packages/airflow/example_dags/example_task_group.py
[2024-11-06T07:12:16.869+0000] {logging_mixin.py:188} INFO - [2024-11-06T07:12:16.869+0000] {dag.py:3036} INFO - Sync 1 DAGs
[2024-11-06T07:12:16.893+0000] {logging_mixin.py:188} INFO - [2024-11-06T07:12:16.893+0000] {dag.py:3823} INFO - Setting next_dagrun for example_task_group to 2024-11-05 00:00:00+00:00, run_after=2024-11-06 00:00:00+00:00
[2024-11-06T07:12:16.914+0000] {processor.py:183} INFO - Processing /home/airflow/.local/lib/python3.8/site-packages/airflow/example_dags/example_task_group.py took 0.085 seconds
[2024-11-06T07:14:07.669+0000] {processor.py:161} INFO - Started process (PID=94) to work on /home/airflow/.local/lib/python3.8/site-packages/airflow/example_dags/example_task_group.py
[2024-11-06T07:14:07.672+0000] {processor.py:830} INFO - Processing file /home/airflow/.local/lib/python3.8/site-packages/airflow/example_dags/example_task_group.py for tasks to queue
[2024-11-06T07:14:07.673+0000] {logging_mixin.py:188} INFO - [2024-11-06T07:14:07.673+0000] {dagbag.py:538} INFO - Filling up the DagBag from /home/airflow/.local/lib/python3.8/site-packages/airflow/example_dags/example_task_group.py
[2024-11-06T07:14:07.698+0000] {processor.py:840} INFO - DAG(s) 'example_task_group' retrieved from /home/airflow/.local/lib/python3.8/site-packages/airflow/example_dags/example_task_group.py
[2024-11-06T07:14:08.201+0000] {logging_mixin.py:188} INFO - [2024-11-06T07:14:08.201+0000] {dag.py:3036} INFO - Sync 1 DAGs
[2024-11-06T07:14:08.339+0000] {logging_mixin.py:188} INFO - [2024-11-06T07:14:08.338+0000] {dag.py:3823} INFO - Setting next_dagrun for example_task_group to 2024-11-05 00:00:00+00:00, run_after=2024-11-06 00:00:00+00:00
[2024-11-06T07:14:08.498+0000] {processor.py:183} INFO - Processing /home/airflow/.local/lib/python3.8/site-packages/airflow/example_dags/example_task_group.py took 0.843 seconds
[2024-11-06T07:14:39.483+0000] {processor.py:161} INFO - Started process (PID=151) to work on /home/airflow/.local/lib/python3.8/site-packages/airflow/example_dags/example_task_group.py
[2024-11-06T07:14:39.484+0000] {processor.py:830} INFO - Processing file /home/airflow/.local/lib/python3.8/site-packages/airflow/example_dags/example_task_group.py for tasks to queue
[2024-11-06T07:14:39.486+0000] {logging_mixin.py:188} INFO - [2024-11-06T07:14:39.486+0000] {dagbag.py:538} INFO - Filling up the DagBag from /home/airflow/.local/lib/python3.8/site-packages/airflow/example_dags/example_task_group.py
[2024-11-06T07:14:39.495+0000] {processor.py:840} INFO - DAG(s) 'example_task_group' retrieved from /home/airflow/.local/lib/python3.8/site-packages/airflow/example_dags/example_task_group.py
[2024-11-06T07:14:39.521+0000] {logging_mixin.py:188} INFO - [2024-11-06T07:14:39.520+0000] {dag.py:3036} INFO - Sync 1 DAGs
[2024-11-06T07:14:39.546+0000] {logging_mixin.py:188} INFO - [2024-11-06T07:14:39.545+0000] {dag.py:3823} INFO - Setting next_dagrun for example_task_group to 2024-11-05 00:00:00+00:00, run_after=2024-11-06 00:00:00+00:00
[2024-11-06T07:14:39.573+0000] {processor.py:183} INFO - Processing /home/airflow/.local/lib/python3.8/site-packages/airflow/example_dags/example_task_group.py took 0.094 seconds
[2024-11-06T07:15:10.407+0000] {processor.py:161} INFO - Started process (PID=208) to work on /home/airflow/.local/lib/python3.8/site-packages/airflow/example_dags/example_task_group.py
[2024-11-06T07:15:10.407+0000] {processor.py:830} INFO - Processing file /home/airflow/.local/lib/python3.8/site-packages/airflow/example_dags/example_task_group.py for tasks to queue
[2024-11-06T07:15:10.409+0000] {logging_mixin.py:188} INFO - [2024-11-06T07:15:10.409+0000] {dagbag.py:538} INFO - Filling up the DagBag from /home/airflow/.local/lib/python3.8/site-packages/airflow/example_dags/example_task_group.py
[2024-11-06T07:15:10.417+0000] {processor.py:840} INFO - DAG(s) 'example_task_group' retrieved from /home/airflow/.local/lib/python3.8/site-packages/airflow/example_dags/example_task_group.py
[2024-11-06T07:15:10.443+0000] {logging_mixin.py:188} INFO - [2024-11-06T07:15:10.443+0000] {dag.py:3036} INFO - Sync 1 DAGs
[2024-11-06T07:15:10.468+0000] {logging_mixin.py:188} INFO - [2024-11-06T07:15:10.468+0000] {dag.py:3823} INFO - Setting next_dagrun for example_task_group to 2024-11-05 00:00:00+00:00, run_after=2024-11-06 00:00:00+00:00
[2024-11-06T07:15:10.495+0000] {processor.py:183} INFO - Processing /home/airflow/.local/lib/python3.8/site-packages/airflow/example_dags/example_task_group.py took 0.092 seconds
