[2024-11-06T07:00:33.554+0000] {processor.py:161} INFO - Started process (PID=94) to work on /home/airflow/.local/lib/python3.8/site-packages/airflow/example_dags/example_kubernetes_executor.py
[2024-11-06T07:00:33.554+0000] {processor.py:830} INFO - Processing file /home/airflow/.local/lib/python3.8/site-packages/airflow/example_dags/example_kubernetes_executor.py for tasks to queue
[2024-11-06T07:00:33.565+0000] {logging_mixin.py:188} INFO - [2024-11-06T07:00:33.565+0000] {dagbag.py:538} INFO - Filling up the DagBag from /home/airflow/.local/lib/python3.8/site-packages/airflow/example_dags/example_kubernetes_executor.py
[2024-11-06T07:00:33.589+0000] {processor.py:840} INFO - DAG(s) 'example_kubernetes_executor' retrieved from /home/airflow/.local/lib/python3.8/site-packages/airflow/example_dags/example_kubernetes_executor.py
[2024-11-06T07:00:33.975+0000] {logging_mixin.py:188} INFO - [2024-11-06T07:00:33.975+0000] {dag.py:3036} INFO - Sync 1 DAGs
[2024-11-06T07:00:34.016+0000] {logging_mixin.py:188} INFO - [2024-11-06T07:00:34.015+0000] {dag.py:3823} INFO - Setting next_dagrun for example_kubernetes_executor to None, run_after=None
[2024-11-06T07:00:34.162+0000] {processor.py:183} INFO - Processing /home/airflow/.local/lib/python3.8/site-packages/airflow/example_dags/example_kubernetes_executor.py took 0.612 seconds
[2024-11-06T07:01:05.028+0000] {processor.py:161} INFO - Started process (PID=151) to work on /home/airflow/.local/lib/python3.8/site-packages/airflow/example_dags/example_kubernetes_executor.py
[2024-11-06T07:01:05.029+0000] {processor.py:830} INFO - Processing file /home/airflow/.local/lib/python3.8/site-packages/airflow/example_dags/example_kubernetes_executor.py for tasks to queue
[2024-11-06T07:01:05.031+0000] {logging_mixin.py:188} INFO - [2024-11-06T07:01:05.030+0000] {dagbag.py:538} INFO - Filling up the DagBag from /home/airflow/.local/lib/python3.8/site-packages/airflow/example_dags/example_kubernetes_executor.py
[2024-11-06T07:01:05.048+0000] {processor.py:840} INFO - DAG(s) 'example_kubernetes_executor' retrieved from /home/airflow/.local/lib/python3.8/site-packages/airflow/example_dags/example_kubernetes_executor.py
[2024-11-06T07:01:05.097+0000] {logging_mixin.py:188} INFO - [2024-11-06T07:01:05.096+0000] {dag.py:3036} INFO - Sync 1 DAGs
[2024-11-06T07:01:05.114+0000] {logging_mixin.py:188} INFO - [2024-11-06T07:01:05.114+0000] {dag.py:3823} INFO - Setting next_dagrun for example_kubernetes_executor to None, run_after=None
[2024-11-06T07:01:05.140+0000] {processor.py:183} INFO - Processing /home/airflow/.local/lib/python3.8/site-packages/airflow/example_dags/example_kubernetes_executor.py took 0.116 seconds
[2024-11-06T07:01:35.499+0000] {processor.py:161} INFO - Started process (PID=209) to work on /home/airflow/.local/lib/python3.8/site-packages/airflow/example_dags/example_kubernetes_executor.py
[2024-11-06T07:01:35.500+0000] {processor.py:830} INFO - Processing file /home/airflow/.local/lib/python3.8/site-packages/airflow/example_dags/example_kubernetes_executor.py for tasks to queue
[2024-11-06T07:01:35.501+0000] {logging_mixin.py:188} INFO - [2024-11-06T07:01:35.501+0000] {dagbag.py:538} INFO - Filling up the DagBag from /home/airflow/.local/lib/python3.8/site-packages/airflow/example_dags/example_kubernetes_executor.py
[2024-11-06T07:01:35.519+0000] {processor.py:840} INFO - DAG(s) 'example_kubernetes_executor' retrieved from /home/airflow/.local/lib/python3.8/site-packages/airflow/example_dags/example_kubernetes_executor.py
[2024-11-06T07:01:35.567+0000] {logging_mixin.py:188} INFO - [2024-11-06T07:01:35.567+0000] {dag.py:3036} INFO - Sync 1 DAGs
[2024-11-06T07:01:35.582+0000] {logging_mixin.py:188} INFO - [2024-11-06T07:01:35.581+0000] {dag.py:3823} INFO - Setting next_dagrun for example_kubernetes_executor to None, run_after=None
[2024-11-06T07:01:35.609+0000] {processor.py:183} INFO - Processing /home/airflow/.local/lib/python3.8/site-packages/airflow/example_dags/example_kubernetes_executor.py took 0.113 seconds
[2024-11-06T07:02:06.532+0000] {processor.py:161} INFO - Started process (PID=267) to work on /home/airflow/.local/lib/python3.8/site-packages/airflow/example_dags/example_kubernetes_executor.py
[2024-11-06T07:02:06.533+0000] {processor.py:830} INFO - Processing file /home/airflow/.local/lib/python3.8/site-packages/airflow/example_dags/example_kubernetes_executor.py for tasks to queue
[2024-11-06T07:02:06.535+0000] {logging_mixin.py:188} INFO - [2024-11-06T07:02:06.535+0000] {dagbag.py:538} INFO - Filling up the DagBag from /home/airflow/.local/lib/python3.8/site-packages/airflow/example_dags/example_kubernetes_executor.py
[2024-11-06T07:02:06.552+0000] {processor.py:840} INFO - DAG(s) 'example_kubernetes_executor' retrieved from /home/airflow/.local/lib/python3.8/site-packages/airflow/example_dags/example_kubernetes_executor.py
[2024-11-06T07:02:06.601+0000] {logging_mixin.py:188} INFO - [2024-11-06T07:02:06.601+0000] {dag.py:3036} INFO - Sync 1 DAGs
[2024-11-06T07:02:06.616+0000] {logging_mixin.py:188} INFO - [2024-11-06T07:02:06.616+0000] {dag.py:3823} INFO - Setting next_dagrun for example_kubernetes_executor to None, run_after=None
[2024-11-06T07:02:06.641+0000] {processor.py:183} INFO - Processing /home/airflow/.local/lib/python3.8/site-packages/airflow/example_dags/example_kubernetes_executor.py took 0.112 seconds
[2024-11-06T07:02:37.467+0000] {processor.py:161} INFO - Started process (PID=331) to work on /home/airflow/.local/lib/python3.8/site-packages/airflow/example_dags/example_kubernetes_executor.py
[2024-11-06T07:02:37.468+0000] {processor.py:830} INFO - Processing file /home/airflow/.local/lib/python3.8/site-packages/airflow/example_dags/example_kubernetes_executor.py for tasks to queue
[2024-11-06T07:02:37.470+0000] {logging_mixin.py:188} INFO - [2024-11-06T07:02:37.469+0000] {dagbag.py:538} INFO - Filling up the DagBag from /home/airflow/.local/lib/python3.8/site-packages/airflow/example_dags/example_kubernetes_executor.py
[2024-11-06T07:02:37.487+0000] {processor.py:840} INFO - DAG(s) 'example_kubernetes_executor' retrieved from /home/airflow/.local/lib/python3.8/site-packages/airflow/example_dags/example_kubernetes_executor.py
[2024-11-06T07:02:37.532+0000] {logging_mixin.py:188} INFO - [2024-11-06T07:02:37.532+0000] {dag.py:3036} INFO - Sync 1 DAGs
[2024-11-06T07:02:37.551+0000] {logging_mixin.py:188} INFO - [2024-11-06T07:02:37.551+0000] {dag.py:3823} INFO - Setting next_dagrun for example_kubernetes_executor to None, run_after=None
[2024-11-06T07:02:37.578+0000] {processor.py:183} INFO - Processing /home/airflow/.local/lib/python3.8/site-packages/airflow/example_dags/example_kubernetes_executor.py took 0.115 seconds
[2024-11-06T07:03:07.725+0000] {processor.py:161} INFO - Started process (PID=389) to work on /home/airflow/.local/lib/python3.8/site-packages/airflow/example_dags/example_kubernetes_executor.py
[2024-11-06T07:03:07.726+0000] {processor.py:830} INFO - Processing file /home/airflow/.local/lib/python3.8/site-packages/airflow/example_dags/example_kubernetes_executor.py for tasks to queue
[2024-11-06T07:03:07.728+0000] {logging_mixin.py:188} INFO - [2024-11-06T07:03:07.728+0000] {dagbag.py:538} INFO - Filling up the DagBag from /home/airflow/.local/lib/python3.8/site-packages/airflow/example_dags/example_kubernetes_executor.py
[2024-11-06T07:03:07.745+0000] {processor.py:840} INFO - DAG(s) 'example_kubernetes_executor' retrieved from /home/airflow/.local/lib/python3.8/site-packages/airflow/example_dags/example_kubernetes_executor.py
[2024-11-06T07:03:07.813+0000] {logging_mixin.py:188} INFO - [2024-11-06T07:03:07.813+0000] {dag.py:3036} INFO - Sync 1 DAGs
[2024-11-06T07:03:07.828+0000] {logging_mixin.py:188} INFO - [2024-11-06T07:03:07.827+0000] {dag.py:3823} INFO - Setting next_dagrun for example_kubernetes_executor to None, run_after=None
[2024-11-06T07:03:07.850+0000] {processor.py:183} INFO - Processing /home/airflow/.local/lib/python3.8/site-packages/airflow/example_dags/example_kubernetes_executor.py took 0.128 seconds
[2024-11-06T07:03:38.025+0000] {processor.py:161} INFO - Started process (PID=446) to work on /home/airflow/.local/lib/python3.8/site-packages/airflow/example_dags/example_kubernetes_executor.py
[2024-11-06T07:03:38.026+0000] {processor.py:830} INFO - Processing file /home/airflow/.local/lib/python3.8/site-packages/airflow/example_dags/example_kubernetes_executor.py for tasks to queue
[2024-11-06T07:03:38.028+0000] {logging_mixin.py:188} INFO - [2024-11-06T07:03:38.028+0000] {dagbag.py:538} INFO - Filling up the DagBag from /home/airflow/.local/lib/python3.8/site-packages/airflow/example_dags/example_kubernetes_executor.py
[2024-11-06T07:03:38.045+0000] {processor.py:840} INFO - DAG(s) 'example_kubernetes_executor' retrieved from /home/airflow/.local/lib/python3.8/site-packages/airflow/example_dags/example_kubernetes_executor.py
[2024-11-06T07:03:38.092+0000] {logging_mixin.py:188} INFO - [2024-11-06T07:03:38.091+0000] {dag.py:3036} INFO - Sync 1 DAGs
[2024-11-06T07:03:38.107+0000] {logging_mixin.py:188} INFO - [2024-11-06T07:03:38.107+0000] {dag.py:3823} INFO - Setting next_dagrun for example_kubernetes_executor to None, run_after=None
[2024-11-06T07:03:38.129+0000] {processor.py:183} INFO - Processing /home/airflow/.local/lib/python3.8/site-packages/airflow/example_dags/example_kubernetes_executor.py took 0.107 seconds
[2024-11-06T07:04:08.366+0000] {processor.py:161} INFO - Started process (PID=504) to work on /home/airflow/.local/lib/python3.8/site-packages/airflow/example_dags/example_kubernetes_executor.py
[2024-11-06T07:04:08.367+0000] {processor.py:830} INFO - Processing file /home/airflow/.local/lib/python3.8/site-packages/airflow/example_dags/example_kubernetes_executor.py for tasks to queue
[2024-11-06T07:04:08.369+0000] {logging_mixin.py:188} INFO - [2024-11-06T07:04:08.368+0000] {dagbag.py:538} INFO - Filling up the DagBag from /home/airflow/.local/lib/python3.8/site-packages/airflow/example_dags/example_kubernetes_executor.py
[2024-11-06T07:04:08.390+0000] {processor.py:840} INFO - DAG(s) 'example_kubernetes_executor' retrieved from /home/airflow/.local/lib/python3.8/site-packages/airflow/example_dags/example_kubernetes_executor.py
[2024-11-06T07:04:08.447+0000] {logging_mixin.py:188} INFO - [2024-11-06T07:04:08.446+0000] {dag.py:3036} INFO - Sync 1 DAGs
[2024-11-06T07:04:08.461+0000] {logging_mixin.py:188} INFO - [2024-11-06T07:04:08.461+0000] {dag.py:3823} INFO - Setting next_dagrun for example_kubernetes_executor to None, run_after=None
[2024-11-06T07:04:08.487+0000] {processor.py:183} INFO - Processing /home/airflow/.local/lib/python3.8/site-packages/airflow/example_dags/example_kubernetes_executor.py took 0.124 seconds
[2024-11-06T07:04:38.820+0000] {processor.py:161} INFO - Started process (PID=561) to work on /home/airflow/.local/lib/python3.8/site-packages/airflow/example_dags/example_kubernetes_executor.py
[2024-11-06T07:04:38.821+0000] {processor.py:830} INFO - Processing file /home/airflow/.local/lib/python3.8/site-packages/airflow/example_dags/example_kubernetes_executor.py for tasks to queue
[2024-11-06T07:04:38.822+0000] {logging_mixin.py:188} INFO - [2024-11-06T07:04:38.822+0000] {dagbag.py:538} INFO - Filling up the DagBag from /home/airflow/.local/lib/python3.8/site-packages/airflow/example_dags/example_kubernetes_executor.py
[2024-11-06T07:04:38.841+0000] {processor.py:840} INFO - DAG(s) 'example_kubernetes_executor' retrieved from /home/airflow/.local/lib/python3.8/site-packages/airflow/example_dags/example_kubernetes_executor.py
[2024-11-06T07:04:38.887+0000] {logging_mixin.py:188} INFO - [2024-11-06T07:04:38.887+0000] {dag.py:3036} INFO - Sync 1 DAGs
[2024-11-06T07:04:38.901+0000] {logging_mixin.py:188} INFO - [2024-11-06T07:04:38.901+0000] {dag.py:3823} INFO - Setting next_dagrun for example_kubernetes_executor to None, run_after=None
[2024-11-06T07:04:38.923+0000] {processor.py:183} INFO - Processing /home/airflow/.local/lib/python3.8/site-packages/airflow/example_dags/example_kubernetes_executor.py took 0.107 seconds
[2024-11-06T07:05:08.970+0000] {processor.py:161} INFO - Started process (PID=618) to work on /home/airflow/.local/lib/python3.8/site-packages/airflow/example_dags/example_kubernetes_executor.py
[2024-11-06T07:05:08.971+0000] {processor.py:830} INFO - Processing file /home/airflow/.local/lib/python3.8/site-packages/airflow/example_dags/example_kubernetes_executor.py for tasks to queue
[2024-11-06T07:05:08.973+0000] {logging_mixin.py:188} INFO - [2024-11-06T07:05:08.973+0000] {dagbag.py:538} INFO - Filling up the DagBag from /home/airflow/.local/lib/python3.8/site-packages/airflow/example_dags/example_kubernetes_executor.py
[2024-11-06T07:05:08.990+0000] {processor.py:840} INFO - DAG(s) 'example_kubernetes_executor' retrieved from /home/airflow/.local/lib/python3.8/site-packages/airflow/example_dags/example_kubernetes_executor.py
[2024-11-06T07:05:09.036+0000] {logging_mixin.py:188} INFO - [2024-11-06T07:05:09.036+0000] {dag.py:3036} INFO - Sync 1 DAGs
[2024-11-06T07:05:09.051+0000] {logging_mixin.py:188} INFO - [2024-11-06T07:05:09.051+0000] {dag.py:3823} INFO - Setting next_dagrun for example_kubernetes_executor to None, run_after=None
[2024-11-06T07:05:09.092+0000] {processor.py:183} INFO - Processing /home/airflow/.local/lib/python3.8/site-packages/airflow/example_dags/example_kubernetes_executor.py took 0.125 seconds
[2024-11-06T07:05:39.259+0000] {processor.py:161} INFO - Started process (PID=675) to work on /home/airflow/.local/lib/python3.8/site-packages/airflow/example_dags/example_kubernetes_executor.py
[2024-11-06T07:05:39.262+0000] {processor.py:830} INFO - Processing file /home/airflow/.local/lib/python3.8/site-packages/airflow/example_dags/example_kubernetes_executor.py for tasks to queue
[2024-11-06T07:05:39.270+0000] {logging_mixin.py:188} INFO - [2024-11-06T07:05:39.270+0000] {dagbag.py:538} INFO - Filling up the DagBag from /home/airflow/.local/lib/python3.8/site-packages/airflow/example_dags/example_kubernetes_executor.py
[2024-11-06T07:05:39.300+0000] {processor.py:840} INFO - DAG(s) 'example_kubernetes_executor' retrieved from /home/airflow/.local/lib/python3.8/site-packages/airflow/example_dags/example_kubernetes_executor.py
[2024-11-06T07:05:39.376+0000] {logging_mixin.py:188} INFO - [2024-11-06T07:05:39.376+0000] {dag.py:3036} INFO - Sync 1 DAGs
[2024-11-06T07:05:39.408+0000] {logging_mixin.py:188} INFO - [2024-11-06T07:05:39.407+0000] {dag.py:3823} INFO - Setting next_dagrun for example_kubernetes_executor to None, run_after=None
[2024-11-06T07:05:39.453+0000] {processor.py:183} INFO - Processing /home/airflow/.local/lib/python3.8/site-packages/airflow/example_dags/example_kubernetes_executor.py took 0.202 seconds
[2024-11-06T07:06:09.964+0000] {processor.py:161} INFO - Started process (PID=732) to work on /home/airflow/.local/lib/python3.8/site-packages/airflow/example_dags/example_kubernetes_executor.py
[2024-11-06T07:06:09.965+0000] {processor.py:830} INFO - Processing file /home/airflow/.local/lib/python3.8/site-packages/airflow/example_dags/example_kubernetes_executor.py for tasks to queue
[2024-11-06T07:06:09.967+0000] {logging_mixin.py:188} INFO - [2024-11-06T07:06:09.967+0000] {dagbag.py:538} INFO - Filling up the DagBag from /home/airflow/.local/lib/python3.8/site-packages/airflow/example_dags/example_kubernetes_executor.py
[2024-11-06T07:06:09.986+0000] {processor.py:840} INFO - DAG(s) 'example_kubernetes_executor' retrieved from /home/airflow/.local/lib/python3.8/site-packages/airflow/example_dags/example_kubernetes_executor.py
[2024-11-06T07:06:10.030+0000] {logging_mixin.py:188} INFO - [2024-11-06T07:06:10.030+0000] {dag.py:3036} INFO - Sync 1 DAGs
[2024-11-06T07:06:10.048+0000] {logging_mixin.py:188} INFO - [2024-11-06T07:06:10.048+0000] {dag.py:3823} INFO - Setting next_dagrun for example_kubernetes_executor to None, run_after=None
[2024-11-06T07:06:10.072+0000] {processor.py:183} INFO - Processing /home/airflow/.local/lib/python3.8/site-packages/airflow/example_dags/example_kubernetes_executor.py took 0.111 seconds
[2024-11-06T07:06:40.883+0000] {processor.py:161} INFO - Started process (PID=790) to work on /home/airflow/.local/lib/python3.8/site-packages/airflow/example_dags/example_kubernetes_executor.py
[2024-11-06T07:06:40.885+0000] {processor.py:830} INFO - Processing file /home/airflow/.local/lib/python3.8/site-packages/airflow/example_dags/example_kubernetes_executor.py for tasks to queue
[2024-11-06T07:06:40.887+0000] {logging_mixin.py:188} INFO - [2024-11-06T07:06:40.886+0000] {dagbag.py:538} INFO - Filling up the DagBag from /home/airflow/.local/lib/python3.8/site-packages/airflow/example_dags/example_kubernetes_executor.py
[2024-11-06T07:06:40.904+0000] {processor.py:840} INFO - DAG(s) 'example_kubernetes_executor' retrieved from /home/airflow/.local/lib/python3.8/site-packages/airflow/example_dags/example_kubernetes_executor.py
[2024-11-06T07:06:40.947+0000] {logging_mixin.py:188} INFO - [2024-11-06T07:06:40.946+0000] {dag.py:3036} INFO - Sync 1 DAGs
[2024-11-06T07:06:40.960+0000] {logging_mixin.py:188} INFO - [2024-11-06T07:06:40.960+0000] {dag.py:3823} INFO - Setting next_dagrun for example_kubernetes_executor to None, run_after=None
[2024-11-06T07:06:40.981+0000] {processor.py:183} INFO - Processing /home/airflow/.local/lib/python3.8/site-packages/airflow/example_dags/example_kubernetes_executor.py took 0.103 seconds
[2024-11-06T07:07:11.501+0000] {processor.py:161} INFO - Started process (PID=847) to work on /home/airflow/.local/lib/python3.8/site-packages/airflow/example_dags/example_kubernetes_executor.py
[2024-11-06T07:07:11.502+0000] {processor.py:830} INFO - Processing file /home/airflow/.local/lib/python3.8/site-packages/airflow/example_dags/example_kubernetes_executor.py for tasks to queue
[2024-11-06T07:07:11.504+0000] {logging_mixin.py:188} INFO - [2024-11-06T07:07:11.504+0000] {dagbag.py:538} INFO - Filling up the DagBag from /home/airflow/.local/lib/python3.8/site-packages/airflow/example_dags/example_kubernetes_executor.py
[2024-11-06T07:07:11.521+0000] {processor.py:840} INFO - DAG(s) 'example_kubernetes_executor' retrieved from /home/airflow/.local/lib/python3.8/site-packages/airflow/example_dags/example_kubernetes_executor.py
[2024-11-06T07:07:11.565+0000] {logging_mixin.py:188} INFO - [2024-11-06T07:07:11.565+0000] {dag.py:3036} INFO - Sync 1 DAGs
[2024-11-06T07:07:11.592+0000] {logging_mixin.py:188} INFO - [2024-11-06T07:07:11.592+0000] {dag.py:3823} INFO - Setting next_dagrun for example_kubernetes_executor to None, run_after=None
[2024-11-06T07:07:11.640+0000] {processor.py:183} INFO - Processing /home/airflow/.local/lib/python3.8/site-packages/airflow/example_dags/example_kubernetes_executor.py took 0.144 seconds
[2024-11-06T07:07:42.213+0000] {processor.py:161} INFO - Started process (PID=905) to work on /home/airflow/.local/lib/python3.8/site-packages/airflow/example_dags/example_kubernetes_executor.py
[2024-11-06T07:07:42.214+0000] {processor.py:830} INFO - Processing file /home/airflow/.local/lib/python3.8/site-packages/airflow/example_dags/example_kubernetes_executor.py for tasks to queue
[2024-11-06T07:07:42.216+0000] {logging_mixin.py:188} INFO - [2024-11-06T07:07:42.216+0000] {dagbag.py:538} INFO - Filling up the DagBag from /home/airflow/.local/lib/python3.8/site-packages/airflow/example_dags/example_kubernetes_executor.py
[2024-11-06T07:07:42.234+0000] {processor.py:840} INFO - DAG(s) 'example_kubernetes_executor' retrieved from /home/airflow/.local/lib/python3.8/site-packages/airflow/example_dags/example_kubernetes_executor.py
[2024-11-06T07:07:42.277+0000] {logging_mixin.py:188} INFO - [2024-11-06T07:07:42.277+0000] {dag.py:3036} INFO - Sync 1 DAGs
[2024-11-06T07:07:42.292+0000] {logging_mixin.py:188} INFO - [2024-11-06T07:07:42.292+0000] {dag.py:3823} INFO - Setting next_dagrun for example_kubernetes_executor to None, run_after=None
[2024-11-06T07:07:42.346+0000] {processor.py:183} INFO - Processing /home/airflow/.local/lib/python3.8/site-packages/airflow/example_dags/example_kubernetes_executor.py took 0.136 seconds
[2024-11-06T07:08:12.467+0000] {processor.py:161} INFO - Started process (PID=963) to work on /home/airflow/.local/lib/python3.8/site-packages/airflow/example_dags/example_kubernetes_executor.py
[2024-11-06T07:08:12.468+0000] {processor.py:830} INFO - Processing file /home/airflow/.local/lib/python3.8/site-packages/airflow/example_dags/example_kubernetes_executor.py for tasks to queue
[2024-11-06T07:08:12.469+0000] {logging_mixin.py:188} INFO - [2024-11-06T07:08:12.469+0000] {dagbag.py:538} INFO - Filling up the DagBag from /home/airflow/.local/lib/python3.8/site-packages/airflow/example_dags/example_kubernetes_executor.py
[2024-11-06T07:08:12.493+0000] {processor.py:840} INFO - DAG(s) 'example_kubernetes_executor' retrieved from /home/airflow/.local/lib/python3.8/site-packages/airflow/example_dags/example_kubernetes_executor.py
[2024-11-06T07:08:12.552+0000] {logging_mixin.py:188} INFO - [2024-11-06T07:08:12.551+0000] {dag.py:3036} INFO - Sync 1 DAGs
[2024-11-06T07:08:12.580+0000] {logging_mixin.py:188} INFO - [2024-11-06T07:08:12.580+0000] {dag.py:3823} INFO - Setting next_dagrun for example_kubernetes_executor to None, run_after=None
[2024-11-06T07:08:12.613+0000] {processor.py:183} INFO - Processing /home/airflow/.local/lib/python3.8/site-packages/airflow/example_dags/example_kubernetes_executor.py took 0.149 seconds
[2024-11-06T07:08:42.677+0000] {processor.py:161} INFO - Started process (PID=1020) to work on /home/airflow/.local/lib/python3.8/site-packages/airflow/example_dags/example_kubernetes_executor.py
[2024-11-06T07:08:42.679+0000] {processor.py:830} INFO - Processing file /home/airflow/.local/lib/python3.8/site-packages/airflow/example_dags/example_kubernetes_executor.py for tasks to queue
[2024-11-06T07:08:42.680+0000] {logging_mixin.py:188} INFO - [2024-11-06T07:08:42.680+0000] {dagbag.py:538} INFO - Filling up the DagBag from /home/airflow/.local/lib/python3.8/site-packages/airflow/example_dags/example_kubernetes_executor.py
[2024-11-06T07:08:42.697+0000] {processor.py:840} INFO - DAG(s) 'example_kubernetes_executor' retrieved from /home/airflow/.local/lib/python3.8/site-packages/airflow/example_dags/example_kubernetes_executor.py
[2024-11-06T07:08:42.740+0000] {logging_mixin.py:188} INFO - [2024-11-06T07:08:42.740+0000] {dag.py:3036} INFO - Sync 1 DAGs
[2024-11-06T07:08:42.755+0000] {logging_mixin.py:188} INFO - [2024-11-06T07:08:42.755+0000] {dag.py:3823} INFO - Setting next_dagrun for example_kubernetes_executor to None, run_after=None
[2024-11-06T07:08:42.777+0000] {processor.py:183} INFO - Processing /home/airflow/.local/lib/python3.8/site-packages/airflow/example_dags/example_kubernetes_executor.py took 0.103 seconds
[2024-11-06T07:09:13.219+0000] {processor.py:161} INFO - Started process (PID=1078) to work on /home/airflow/.local/lib/python3.8/site-packages/airflow/example_dags/example_kubernetes_executor.py
[2024-11-06T07:09:13.219+0000] {processor.py:830} INFO - Processing file /home/airflow/.local/lib/python3.8/site-packages/airflow/example_dags/example_kubernetes_executor.py for tasks to queue
[2024-11-06T07:09:13.221+0000] {logging_mixin.py:188} INFO - [2024-11-06T07:09:13.221+0000] {dagbag.py:538} INFO - Filling up the DagBag from /home/airflow/.local/lib/python3.8/site-packages/airflow/example_dags/example_kubernetes_executor.py
[2024-11-06T07:09:13.239+0000] {processor.py:840} INFO - DAG(s) 'example_kubernetes_executor' retrieved from /home/airflow/.local/lib/python3.8/site-packages/airflow/example_dags/example_kubernetes_executor.py
[2024-11-06T07:09:13.287+0000] {logging_mixin.py:188} INFO - [2024-11-06T07:09:13.287+0000] {dag.py:3036} INFO - Sync 1 DAGs
[2024-11-06T07:09:13.300+0000] {logging_mixin.py:188} INFO - [2024-11-06T07:09:13.300+0000] {dag.py:3823} INFO - Setting next_dagrun for example_kubernetes_executor to None, run_after=None
[2024-11-06T07:09:13.324+0000] {processor.py:183} INFO - Processing /home/airflow/.local/lib/python3.8/site-packages/airflow/example_dags/example_kubernetes_executor.py took 0.108 seconds
[2024-11-06T07:09:43.835+0000] {processor.py:161} INFO - Started process (PID=1135) to work on /home/airflow/.local/lib/python3.8/site-packages/airflow/example_dags/example_kubernetes_executor.py
[2024-11-06T07:09:43.837+0000] {processor.py:830} INFO - Processing file /home/airflow/.local/lib/python3.8/site-packages/airflow/example_dags/example_kubernetes_executor.py for tasks to queue
[2024-11-06T07:09:43.839+0000] {logging_mixin.py:188} INFO - [2024-11-06T07:09:43.838+0000] {dagbag.py:538} INFO - Filling up the DagBag from /home/airflow/.local/lib/python3.8/site-packages/airflow/example_dags/example_kubernetes_executor.py
[2024-11-06T07:09:43.857+0000] {processor.py:840} INFO - DAG(s) 'example_kubernetes_executor' retrieved from /home/airflow/.local/lib/python3.8/site-packages/airflow/example_dags/example_kubernetes_executor.py
[2024-11-06T07:09:43.918+0000] {logging_mixin.py:188} INFO - [2024-11-06T07:09:43.918+0000] {dag.py:3036} INFO - Sync 1 DAGs
[2024-11-06T07:09:43.931+0000] {logging_mixin.py:188} INFO - [2024-11-06T07:09:43.931+0000] {dag.py:3823} INFO - Setting next_dagrun for example_kubernetes_executor to None, run_after=None
[2024-11-06T07:09:43.955+0000] {processor.py:183} INFO - Processing /home/airflow/.local/lib/python3.8/site-packages/airflow/example_dags/example_kubernetes_executor.py took 0.123 seconds
[2024-11-06T07:10:14.460+0000] {processor.py:161} INFO - Started process (PID=1192) to work on /home/airflow/.local/lib/python3.8/site-packages/airflow/example_dags/example_kubernetes_executor.py
[2024-11-06T07:10:14.461+0000] {processor.py:830} INFO - Processing file /home/airflow/.local/lib/python3.8/site-packages/airflow/example_dags/example_kubernetes_executor.py for tasks to queue
[2024-11-06T07:10:14.463+0000] {logging_mixin.py:188} INFO - [2024-11-06T07:10:14.463+0000] {dagbag.py:538} INFO - Filling up the DagBag from /home/airflow/.local/lib/python3.8/site-packages/airflow/example_dags/example_kubernetes_executor.py
[2024-11-06T07:10:14.480+0000] {processor.py:840} INFO - DAG(s) 'example_kubernetes_executor' retrieved from /home/airflow/.local/lib/python3.8/site-packages/airflow/example_dags/example_kubernetes_executor.py
[2024-11-06T07:10:14.524+0000] {logging_mixin.py:188} INFO - [2024-11-06T07:10:14.524+0000] {dag.py:3036} INFO - Sync 1 DAGs
[2024-11-06T07:10:14.537+0000] {logging_mixin.py:188} INFO - [2024-11-06T07:10:14.537+0000] {dag.py:3823} INFO - Setting next_dagrun for example_kubernetes_executor to None, run_after=None
[2024-11-06T07:10:14.562+0000] {processor.py:183} INFO - Processing /home/airflow/.local/lib/python3.8/site-packages/airflow/example_dags/example_kubernetes_executor.py took 0.105 seconds
[2024-11-06T07:10:44.800+0000] {processor.py:161} INFO - Started process (PID=1249) to work on /home/airflow/.local/lib/python3.8/site-packages/airflow/example_dags/example_kubernetes_executor.py
[2024-11-06T07:10:44.801+0000] {processor.py:830} INFO - Processing file /home/airflow/.local/lib/python3.8/site-packages/airflow/example_dags/example_kubernetes_executor.py for tasks to queue
[2024-11-06T07:10:44.802+0000] {logging_mixin.py:188} INFO - [2024-11-06T07:10:44.802+0000] {dagbag.py:538} INFO - Filling up the DagBag from /home/airflow/.local/lib/python3.8/site-packages/airflow/example_dags/example_kubernetes_executor.py
[2024-11-06T07:10:44.819+0000] {processor.py:840} INFO - DAG(s) 'example_kubernetes_executor' retrieved from /home/airflow/.local/lib/python3.8/site-packages/airflow/example_dags/example_kubernetes_executor.py
[2024-11-06T07:10:44.862+0000] {logging_mixin.py:188} INFO - [2024-11-06T07:10:44.862+0000] {dag.py:3036} INFO - Sync 1 DAGs
[2024-11-06T07:10:44.871+0000] {logging_mixin.py:188} INFO - [2024-11-06T07:10:44.871+0000] {dag.py:3823} INFO - Setting next_dagrun for example_kubernetes_executor to None, run_after=None
[2024-11-06T07:10:44.908+0000] {processor.py:183} INFO - Processing /home/airflow/.local/lib/python3.8/site-packages/airflow/example_dags/example_kubernetes_executor.py took 0.112 seconds
[2024-11-06T07:11:15.477+0000] {processor.py:161} INFO - Started process (PID=1306) to work on /home/airflow/.local/lib/python3.8/site-packages/airflow/example_dags/example_kubernetes_executor.py
[2024-11-06T07:11:15.478+0000] {processor.py:830} INFO - Processing file /home/airflow/.local/lib/python3.8/site-packages/airflow/example_dags/example_kubernetes_executor.py for tasks to queue
[2024-11-06T07:11:15.480+0000] {logging_mixin.py:188} INFO - [2024-11-06T07:11:15.480+0000] {dagbag.py:538} INFO - Filling up the DagBag from /home/airflow/.local/lib/python3.8/site-packages/airflow/example_dags/example_kubernetes_executor.py
[2024-11-06T07:11:15.501+0000] {processor.py:840} INFO - DAG(s) 'example_kubernetes_executor' retrieved from /home/airflow/.local/lib/python3.8/site-packages/airflow/example_dags/example_kubernetes_executor.py
[2024-11-06T07:11:15.544+0000] {logging_mixin.py:188} INFO - [2024-11-06T07:11:15.544+0000] {dag.py:3036} INFO - Sync 1 DAGs
[2024-11-06T07:11:15.558+0000] {logging_mixin.py:188} INFO - [2024-11-06T07:11:15.558+0000] {dag.py:3823} INFO - Setting next_dagrun for example_kubernetes_executor to None, run_after=None
[2024-11-06T07:11:15.583+0000] {processor.py:183} INFO - Processing /home/airflow/.local/lib/python3.8/site-packages/airflow/example_dags/example_kubernetes_executor.py took 0.109 seconds
[2024-11-06T07:11:45.731+0000] {processor.py:161} INFO - Started process (PID=1363) to work on /home/airflow/.local/lib/python3.8/site-packages/airflow/example_dags/example_kubernetes_executor.py
[2024-11-06T07:11:45.734+0000] {processor.py:830} INFO - Processing file /home/airflow/.local/lib/python3.8/site-packages/airflow/example_dags/example_kubernetes_executor.py for tasks to queue
[2024-11-06T07:11:45.736+0000] {logging_mixin.py:188} INFO - [2024-11-06T07:11:45.736+0000] {dagbag.py:538} INFO - Filling up the DagBag from /home/airflow/.local/lib/python3.8/site-packages/airflow/example_dags/example_kubernetes_executor.py
[2024-11-06T07:11:45.754+0000] {processor.py:840} INFO - DAG(s) 'example_kubernetes_executor' retrieved from /home/airflow/.local/lib/python3.8/site-packages/airflow/example_dags/example_kubernetes_executor.py
[2024-11-06T07:11:45.797+0000] {logging_mixin.py:188} INFO - [2024-11-06T07:11:45.797+0000] {dag.py:3036} INFO - Sync 1 DAGs
[2024-11-06T07:11:45.814+0000] {logging_mixin.py:188} INFO - [2024-11-06T07:11:45.814+0000] {dag.py:3823} INFO - Setting next_dagrun for example_kubernetes_executor to None, run_after=None
[2024-11-06T07:11:45.838+0000] {processor.py:183} INFO - Processing /home/airflow/.local/lib/python3.8/site-packages/airflow/example_dags/example_kubernetes_executor.py took 0.111 seconds
[2024-11-06T07:12:16.689+0000] {processor.py:161} INFO - Started process (PID=1420) to work on /home/airflow/.local/lib/python3.8/site-packages/airflow/example_dags/example_kubernetes_executor.py
[2024-11-06T07:12:16.690+0000] {processor.py:830} INFO - Processing file /home/airflow/.local/lib/python3.8/site-packages/airflow/example_dags/example_kubernetes_executor.py for tasks to queue
[2024-11-06T07:12:16.692+0000] {logging_mixin.py:188} INFO - [2024-11-06T07:12:16.692+0000] {dagbag.py:538} INFO - Filling up the DagBag from /home/airflow/.local/lib/python3.8/site-packages/airflow/example_dags/example_kubernetes_executor.py
[2024-11-06T07:12:16.711+0000] {processor.py:840} INFO - DAG(s) 'example_kubernetes_executor' retrieved from /home/airflow/.local/lib/python3.8/site-packages/airflow/example_dags/example_kubernetes_executor.py
[2024-11-06T07:12:16.762+0000] {logging_mixin.py:188} INFO - [2024-11-06T07:12:16.761+0000] {dag.py:3036} INFO - Sync 1 DAGs
[2024-11-06T07:12:16.776+0000] {logging_mixin.py:188} INFO - [2024-11-06T07:12:16.776+0000] {dag.py:3823} INFO - Setting next_dagrun for example_kubernetes_executor to None, run_after=None
[2024-11-06T07:12:16.801+0000] {processor.py:183} INFO - Processing /home/airflow/.local/lib/python3.8/site-packages/airflow/example_dags/example_kubernetes_executor.py took 0.116 seconds
[2024-11-06T07:14:07.213+0000] {processor.py:161} INFO - Started process (PID=92) to work on /home/airflow/.local/lib/python3.8/site-packages/airflow/example_dags/example_kubernetes_executor.py
[2024-11-06T07:14:07.215+0000] {processor.py:830} INFO - Processing file /home/airflow/.local/lib/python3.8/site-packages/airflow/example_dags/example_kubernetes_executor.py for tasks to queue
[2024-11-06T07:14:07.216+0000] {logging_mixin.py:188} INFO - [2024-11-06T07:14:07.216+0000] {dagbag.py:538} INFO - Filling up the DagBag from /home/airflow/.local/lib/python3.8/site-packages/airflow/example_dags/example_kubernetes_executor.py
[2024-11-06T07:14:07.238+0000] {processor.py:840} INFO - DAG(s) 'example_kubernetes_executor' retrieved from /home/airflow/.local/lib/python3.8/site-packages/airflow/example_dags/example_kubernetes_executor.py
[2024-11-06T07:14:07.520+0000] {logging_mixin.py:188} INFO - [2024-11-06T07:14:07.519+0000] {dag.py:3036} INFO - Sync 1 DAGs
[2024-11-06T07:14:07.539+0000] {logging_mixin.py:188} INFO - [2024-11-06T07:14:07.539+0000] {dag.py:3823} INFO - Setting next_dagrun for example_kubernetes_executor to None, run_after=None
[2024-11-06T07:14:07.575+0000] {processor.py:183} INFO - Processing /home/airflow/.local/lib/python3.8/site-packages/airflow/example_dags/example_kubernetes_executor.py took 0.366 seconds
[2024-11-06T07:14:38.339+0000] {processor.py:161} INFO - Started process (PID=149) to work on /home/airflow/.local/lib/python3.8/site-packages/airflow/example_dags/example_kubernetes_executor.py
[2024-11-06T07:14:38.340+0000] {processor.py:830} INFO - Processing file /home/airflow/.local/lib/python3.8/site-packages/airflow/example_dags/example_kubernetes_executor.py for tasks to queue
[2024-11-06T07:14:38.342+0000] {logging_mixin.py:188} INFO - [2024-11-06T07:14:38.342+0000] {dagbag.py:538} INFO - Filling up the DagBag from /home/airflow/.local/lib/python3.8/site-packages/airflow/example_dags/example_kubernetes_executor.py
[2024-11-06T07:14:38.361+0000] {processor.py:840} INFO - DAG(s) 'example_kubernetes_executor' retrieved from /home/airflow/.local/lib/python3.8/site-packages/airflow/example_dags/example_kubernetes_executor.py
[2024-11-06T07:14:38.406+0000] {logging_mixin.py:188} INFO - [2024-11-06T07:14:38.406+0000] {dag.py:3036} INFO - Sync 1 DAGs
[2024-11-06T07:14:38.422+0000] {logging_mixin.py:188} INFO - [2024-11-06T07:14:38.422+0000] {dag.py:3823} INFO - Setting next_dagrun for example_kubernetes_executor to None, run_after=None
[2024-11-06T07:14:38.451+0000] {processor.py:183} INFO - Processing /home/airflow/.local/lib/python3.8/site-packages/airflow/example_dags/example_kubernetes_executor.py took 0.115 seconds
[2024-11-06T07:15:09.228+0000] {processor.py:161} INFO - Started process (PID=206) to work on /home/airflow/.local/lib/python3.8/site-packages/airflow/example_dags/example_kubernetes_executor.py
[2024-11-06T07:15:09.230+0000] {processor.py:830} INFO - Processing file /home/airflow/.local/lib/python3.8/site-packages/airflow/example_dags/example_kubernetes_executor.py for tasks to queue
[2024-11-06T07:15:09.231+0000] {logging_mixin.py:188} INFO - [2024-11-06T07:15:09.231+0000] {dagbag.py:538} INFO - Filling up the DagBag from /home/airflow/.local/lib/python3.8/site-packages/airflow/example_dags/example_kubernetes_executor.py
[2024-11-06T07:15:09.271+0000] {processor.py:840} INFO - DAG(s) 'example_kubernetes_executor' retrieved from /home/airflow/.local/lib/python3.8/site-packages/airflow/example_dags/example_kubernetes_executor.py
[2024-11-06T07:15:09.340+0000] {logging_mixin.py:188} INFO - [2024-11-06T07:15:09.339+0000] {dag.py:3036} INFO - Sync 1 DAGs
[2024-11-06T07:15:09.356+0000] {logging_mixin.py:188} INFO - [2024-11-06T07:15:09.355+0000] {dag.py:3823} INFO - Setting next_dagrun for example_kubernetes_executor to None, run_after=None
[2024-11-06T07:15:09.379+0000] {processor.py:183} INFO - Processing /home/airflow/.local/lib/python3.8/site-packages/airflow/example_dags/example_kubernetes_executor.py took 0.158 seconds
