[2024-11-06T07:00:38.796+0000] {processor.py:161} INFO - Started process (PID=111) to work on /home/airflow/.local/lib/python3.8/site-packages/airflow/example_dags/example_complex.py
[2024-11-06T07:00:38.799+0000] {processor.py:830} INFO - Processing file /home/airflow/.local/lib/python3.8/site-packages/airflow/example_dags/example_complex.py for tasks to queue
[2024-11-06T07:00:38.804+0000] {logging_mixin.py:188} INFO - [2024-11-06T07:00:38.803+0000] {dagbag.py:538} INFO - Filling up the DagBag from /home/airflow/.local/lib/python3.8/site-packages/airflow/example_dags/example_complex.py
[2024-11-06T07:00:38.845+0000] {processor.py:840} INFO - DAG(s) 'example_complex' retrieved from /home/airflow/.local/lib/python3.8/site-packages/airflow/example_dags/example_complex.py
[2024-11-06T07:00:39.454+0000] {logging_mixin.py:188} INFO - [2024-11-06T07:00:39.454+0000] {dag.py:3036} INFO - Sync 1 DAGs
[2024-11-06T07:00:39.493+0000] {logging_mixin.py:188} INFO - [2024-11-06T07:00:39.493+0000] {dag.py:3823} INFO - Setting next_dagrun for example_complex to None, run_after=None
[2024-11-06T07:00:39.633+0000] {processor.py:183} INFO - Processing /home/airflow/.local/lib/python3.8/site-packages/airflow/example_dags/example_complex.py took 0.848 seconds
[2024-11-06T07:01:09.814+0000] {processor.py:161} INFO - Started process (PID=169) to work on /home/airflow/.local/lib/python3.8/site-packages/airflow/example_dags/example_complex.py
[2024-11-06T07:01:09.815+0000] {processor.py:830} INFO - Processing file /home/airflow/.local/lib/python3.8/site-packages/airflow/example_dags/example_complex.py for tasks to queue
[2024-11-06T07:01:09.817+0000] {logging_mixin.py:188} INFO - [2024-11-06T07:01:09.817+0000] {dagbag.py:538} INFO - Filling up the DagBag from /home/airflow/.local/lib/python3.8/site-packages/airflow/example_dags/example_complex.py
[2024-11-06T07:01:09.832+0000] {processor.py:840} INFO - DAG(s) 'example_complex' retrieved from /home/airflow/.local/lib/python3.8/site-packages/airflow/example_dags/example_complex.py
[2024-11-06T07:01:09.869+0000] {logging_mixin.py:188} INFO - [2024-11-06T07:01:09.869+0000] {dag.py:3036} INFO - Sync 1 DAGs
[2024-11-06T07:01:09.885+0000] {logging_mixin.py:188} INFO - [2024-11-06T07:01:09.884+0000] {dag.py:3823} INFO - Setting next_dagrun for example_complex to None, run_after=None
[2024-11-06T07:01:09.911+0000] {processor.py:183} INFO - Processing /home/airflow/.local/lib/python3.8/site-packages/airflow/example_dags/example_complex.py took 0.100 seconds
[2024-11-06T07:01:40.109+0000] {processor.py:161} INFO - Started process (PID=227) to work on /home/airflow/.local/lib/python3.8/site-packages/airflow/example_dags/example_complex.py
[2024-11-06T07:01:40.115+0000] {processor.py:830} INFO - Processing file /home/airflow/.local/lib/python3.8/site-packages/airflow/example_dags/example_complex.py for tasks to queue
[2024-11-06T07:01:40.117+0000] {logging_mixin.py:188} INFO - [2024-11-06T07:01:40.116+0000] {dagbag.py:538} INFO - Filling up the DagBag from /home/airflow/.local/lib/python3.8/site-packages/airflow/example_dags/example_complex.py
[2024-11-06T07:01:40.141+0000] {processor.py:840} INFO - DAG(s) 'example_complex' retrieved from /home/airflow/.local/lib/python3.8/site-packages/airflow/example_dags/example_complex.py
[2024-11-06T07:01:40.259+0000] {logging_mixin.py:188} INFO - [2024-11-06T07:01:40.259+0000] {dag.py:3036} INFO - Sync 1 DAGs
[2024-11-06T07:01:40.281+0000] {logging_mixin.py:188} INFO - [2024-11-06T07:01:40.281+0000] {dag.py:3823} INFO - Setting next_dagrun for example_complex to None, run_after=None
[2024-11-06T07:01:40.339+0000] {processor.py:183} INFO - Processing /home/airflow/.local/lib/python3.8/site-packages/airflow/example_dags/example_complex.py took 0.237 seconds
[2024-11-06T07:02:11.179+0000] {processor.py:161} INFO - Started process (PID=284) to work on /home/airflow/.local/lib/python3.8/site-packages/airflow/example_dags/example_complex.py
[2024-11-06T07:02:11.180+0000] {processor.py:830} INFO - Processing file /home/airflow/.local/lib/python3.8/site-packages/airflow/example_dags/example_complex.py for tasks to queue
[2024-11-06T07:02:11.182+0000] {logging_mixin.py:188} INFO - [2024-11-06T07:02:11.181+0000] {dagbag.py:538} INFO - Filling up the DagBag from /home/airflow/.local/lib/python3.8/site-packages/airflow/example_dags/example_complex.py
[2024-11-06T07:02:11.198+0000] {processor.py:840} INFO - DAG(s) 'example_complex' retrieved from /home/airflow/.local/lib/python3.8/site-packages/airflow/example_dags/example_complex.py
[2024-11-06T07:02:11.312+0000] {logging_mixin.py:188} INFO - [2024-11-06T07:02:11.312+0000] {dag.py:3036} INFO - Sync 1 DAGs
[2024-11-06T07:02:11.338+0000] {logging_mixin.py:188} INFO - [2024-11-06T07:02:11.338+0000] {dag.py:3823} INFO - Setting next_dagrun for example_complex to None, run_after=None
[2024-11-06T07:02:11.367+0000] {processor.py:183} INFO - Processing /home/airflow/.local/lib/python3.8/site-packages/airflow/example_dags/example_complex.py took 0.203 seconds
[2024-11-06T07:02:41.993+0000] {processor.py:161} INFO - Started process (PID=342) to work on /home/airflow/.local/lib/python3.8/site-packages/airflow/example_dags/example_complex.py
[2024-11-06T07:02:41.993+0000] {processor.py:830} INFO - Processing file /home/airflow/.local/lib/python3.8/site-packages/airflow/example_dags/example_complex.py for tasks to queue
[2024-11-06T07:02:41.995+0000] {logging_mixin.py:188} INFO - [2024-11-06T07:02:41.995+0000] {dagbag.py:538} INFO - Filling up the DagBag from /home/airflow/.local/lib/python3.8/site-packages/airflow/example_dags/example_complex.py
[2024-11-06T07:02:42.024+0000] {processor.py:840} INFO - DAG(s) 'example_complex' retrieved from /home/airflow/.local/lib/python3.8/site-packages/airflow/example_dags/example_complex.py
[2024-11-06T07:02:42.095+0000] {logging_mixin.py:188} INFO - [2024-11-06T07:02:42.095+0000] {dag.py:3036} INFO - Sync 1 DAGs
[2024-11-06T07:02:42.122+0000] {logging_mixin.py:188} INFO - [2024-11-06T07:02:42.121+0000] {dag.py:3823} INFO - Setting next_dagrun for example_complex to None, run_after=None
[2024-11-06T07:02:42.168+0000] {processor.py:183} INFO - Processing /home/airflow/.local/lib/python3.8/site-packages/airflow/example_dags/example_complex.py took 0.179 seconds
[2024-11-06T07:03:12.263+0000] {processor.py:161} INFO - Started process (PID=399) to work on /home/airflow/.local/lib/python3.8/site-packages/airflow/example_dags/example_complex.py
[2024-11-06T07:03:12.263+0000] {processor.py:830} INFO - Processing file /home/airflow/.local/lib/python3.8/site-packages/airflow/example_dags/example_complex.py for tasks to queue
[2024-11-06T07:03:12.265+0000] {logging_mixin.py:188} INFO - [2024-11-06T07:03:12.264+0000] {dagbag.py:538} INFO - Filling up the DagBag from /home/airflow/.local/lib/python3.8/site-packages/airflow/example_dags/example_complex.py
[2024-11-06T07:03:12.273+0000] {processor.py:840} INFO - DAG(s) 'example_complex' retrieved from /home/airflow/.local/lib/python3.8/site-packages/airflow/example_dags/example_complex.py
[2024-11-06T07:03:12.297+0000] {logging_mixin.py:188} INFO - [2024-11-06T07:03:12.297+0000] {dag.py:3036} INFO - Sync 1 DAGs
[2024-11-06T07:03:12.307+0000] {logging_mixin.py:188} INFO - [2024-11-06T07:03:12.306+0000] {dag.py:3823} INFO - Setting next_dagrun for example_complex to None, run_after=None
[2024-11-06T07:03:12.328+0000] {processor.py:183} INFO - Processing /home/airflow/.local/lib/python3.8/site-packages/airflow/example_dags/example_complex.py took 0.068 seconds
[2024-11-06T07:03:42.531+0000] {processor.py:161} INFO - Started process (PID=456) to work on /home/airflow/.local/lib/python3.8/site-packages/airflow/example_dags/example_complex.py
[2024-11-06T07:03:42.532+0000] {processor.py:830} INFO - Processing file /home/airflow/.local/lib/python3.8/site-packages/airflow/example_dags/example_complex.py for tasks to queue
[2024-11-06T07:03:42.533+0000] {logging_mixin.py:188} INFO - [2024-11-06T07:03:42.533+0000] {dagbag.py:538} INFO - Filling up the DagBag from /home/airflow/.local/lib/python3.8/site-packages/airflow/example_dags/example_complex.py
[2024-11-06T07:03:42.545+0000] {processor.py:840} INFO - DAG(s) 'example_complex' retrieved from /home/airflow/.local/lib/python3.8/site-packages/airflow/example_dags/example_complex.py
[2024-11-06T07:03:42.585+0000] {logging_mixin.py:188} INFO - [2024-11-06T07:03:42.585+0000] {dag.py:3036} INFO - Sync 1 DAGs
[2024-11-06T07:03:42.597+0000] {logging_mixin.py:188} INFO - [2024-11-06T07:03:42.597+0000] {dag.py:3823} INFO - Setting next_dagrun for example_complex to None, run_after=None
[2024-11-06T07:03:42.615+0000] {processor.py:183} INFO - Processing /home/airflow/.local/lib/python3.8/site-packages/airflow/example_dags/example_complex.py took 0.087 seconds
[2024-11-06T07:04:12.971+0000] {processor.py:161} INFO - Started process (PID=514) to work on /home/airflow/.local/lib/python3.8/site-packages/airflow/example_dags/example_complex.py
[2024-11-06T07:04:12.972+0000] {processor.py:830} INFO - Processing file /home/airflow/.local/lib/python3.8/site-packages/airflow/example_dags/example_complex.py for tasks to queue
[2024-11-06T07:04:12.973+0000] {logging_mixin.py:188} INFO - [2024-11-06T07:04:12.973+0000] {dagbag.py:538} INFO - Filling up the DagBag from /home/airflow/.local/lib/python3.8/site-packages/airflow/example_dags/example_complex.py
[2024-11-06T07:04:12.982+0000] {processor.py:840} INFO - DAG(s) 'example_complex' retrieved from /home/airflow/.local/lib/python3.8/site-packages/airflow/example_dags/example_complex.py
[2024-11-06T07:04:13.005+0000] {logging_mixin.py:188} INFO - [2024-11-06T07:04:13.005+0000] {dag.py:3036} INFO - Sync 1 DAGs
[2024-11-06T07:04:13.015+0000] {logging_mixin.py:188} INFO - [2024-11-06T07:04:13.015+0000] {dag.py:3823} INFO - Setting next_dagrun for example_complex to None, run_after=None
[2024-11-06T07:04:13.036+0000] {processor.py:183} INFO - Processing /home/airflow/.local/lib/python3.8/site-packages/airflow/example_dags/example_complex.py took 0.068 seconds
[2024-11-06T07:04:43.379+0000] {processor.py:161} INFO - Started process (PID=571) to work on /home/airflow/.local/lib/python3.8/site-packages/airflow/example_dags/example_complex.py
[2024-11-06T07:04:43.380+0000] {processor.py:830} INFO - Processing file /home/airflow/.local/lib/python3.8/site-packages/airflow/example_dags/example_complex.py for tasks to queue
[2024-11-06T07:04:43.381+0000] {logging_mixin.py:188} INFO - [2024-11-06T07:04:43.381+0000] {dagbag.py:538} INFO - Filling up the DagBag from /home/airflow/.local/lib/python3.8/site-packages/airflow/example_dags/example_complex.py
[2024-11-06T07:04:43.390+0000] {processor.py:840} INFO - DAG(s) 'example_complex' retrieved from /home/airflow/.local/lib/python3.8/site-packages/airflow/example_dags/example_complex.py
[2024-11-06T07:04:43.414+0000] {logging_mixin.py:188} INFO - [2024-11-06T07:04:43.414+0000] {dag.py:3036} INFO - Sync 1 DAGs
[2024-11-06T07:04:43.423+0000] {logging_mixin.py:188} INFO - [2024-11-06T07:04:43.423+0000] {dag.py:3823} INFO - Setting next_dagrun for example_complex to None, run_after=None
[2024-11-06T07:04:43.440+0000] {processor.py:183} INFO - Processing /home/airflow/.local/lib/python3.8/site-packages/airflow/example_dags/example_complex.py took 0.064 seconds
[2024-11-06T07:05:13.636+0000] {processor.py:161} INFO - Started process (PID=628) to work on /home/airflow/.local/lib/python3.8/site-packages/airflow/example_dags/example_complex.py
[2024-11-06T07:05:13.637+0000] {processor.py:830} INFO - Processing file /home/airflow/.local/lib/python3.8/site-packages/airflow/example_dags/example_complex.py for tasks to queue
[2024-11-06T07:05:13.639+0000] {logging_mixin.py:188} INFO - [2024-11-06T07:05:13.638+0000] {dagbag.py:538} INFO - Filling up the DagBag from /home/airflow/.local/lib/python3.8/site-packages/airflow/example_dags/example_complex.py
[2024-11-06T07:05:13.649+0000] {processor.py:840} INFO - DAG(s) 'example_complex' retrieved from /home/airflow/.local/lib/python3.8/site-packages/airflow/example_dags/example_complex.py
[2024-11-06T07:05:13.673+0000] {logging_mixin.py:188} INFO - [2024-11-06T07:05:13.673+0000] {dag.py:3036} INFO - Sync 1 DAGs
[2024-11-06T07:05:13.682+0000] {logging_mixin.py:188} INFO - [2024-11-06T07:05:13.682+0000] {dag.py:3823} INFO - Setting next_dagrun for example_complex to None, run_after=None
[2024-11-06T07:05:13.701+0000] {processor.py:183} INFO - Processing /home/airflow/.local/lib/python3.8/site-packages/airflow/example_dags/example_complex.py took 0.068 seconds
[2024-11-06T07:05:44.642+0000] {processor.py:161} INFO - Started process (PID=685) to work on /home/airflow/.local/lib/python3.8/site-packages/airflow/example_dags/example_complex.py
[2024-11-06T07:05:44.643+0000] {processor.py:830} INFO - Processing file /home/airflow/.local/lib/python3.8/site-packages/airflow/example_dags/example_complex.py for tasks to queue
[2024-11-06T07:05:44.645+0000] {logging_mixin.py:188} INFO - [2024-11-06T07:05:44.644+0000] {dagbag.py:538} INFO - Filling up the DagBag from /home/airflow/.local/lib/python3.8/site-packages/airflow/example_dags/example_complex.py
[2024-11-06T07:05:44.657+0000] {processor.py:840} INFO - DAG(s) 'example_complex' retrieved from /home/airflow/.local/lib/python3.8/site-packages/airflow/example_dags/example_complex.py
[2024-11-06T07:05:44.696+0000] {logging_mixin.py:188} INFO - [2024-11-06T07:05:44.696+0000] {dag.py:3036} INFO - Sync 1 DAGs
[2024-11-06T07:05:44.710+0000] {logging_mixin.py:188} INFO - [2024-11-06T07:05:44.709+0000] {dag.py:3823} INFO - Setting next_dagrun for example_complex to None, run_after=None
[2024-11-06T07:05:44.732+0000] {processor.py:183} INFO - Processing /home/airflow/.local/lib/python3.8/site-packages/airflow/example_dags/example_complex.py took 0.093 seconds
[2024-11-06T07:06:14.993+0000] {processor.py:161} INFO - Started process (PID=742) to work on /home/airflow/.local/lib/python3.8/site-packages/airflow/example_dags/example_complex.py
[2024-11-06T07:06:14.994+0000] {processor.py:830} INFO - Processing file /home/airflow/.local/lib/python3.8/site-packages/airflow/example_dags/example_complex.py for tasks to queue
[2024-11-06T07:06:15.001+0000] {logging_mixin.py:188} INFO - [2024-11-06T07:06:15.001+0000] {dagbag.py:538} INFO - Filling up the DagBag from /home/airflow/.local/lib/python3.8/site-packages/airflow/example_dags/example_complex.py
[2024-11-06T07:06:15.016+0000] {processor.py:840} INFO - DAG(s) 'example_complex' retrieved from /home/airflow/.local/lib/python3.8/site-packages/airflow/example_dags/example_complex.py
[2024-11-06T07:06:15.054+0000] {logging_mixin.py:188} INFO - [2024-11-06T07:06:15.054+0000] {dag.py:3036} INFO - Sync 1 DAGs
[2024-11-06T07:06:15.068+0000] {logging_mixin.py:188} INFO - [2024-11-06T07:06:15.068+0000] {dag.py:3823} INFO - Setting next_dagrun for example_complex to None, run_after=None
[2024-11-06T07:06:15.091+0000] {processor.py:183} INFO - Processing /home/airflow/.local/lib/python3.8/site-packages/airflow/example_dags/example_complex.py took 0.102 seconds
[2024-11-06T07:06:45.651+0000] {processor.py:161} INFO - Started process (PID=800) to work on /home/airflow/.local/lib/python3.8/site-packages/airflow/example_dags/example_complex.py
[2024-11-06T07:06:45.652+0000] {processor.py:830} INFO - Processing file /home/airflow/.local/lib/python3.8/site-packages/airflow/example_dags/example_complex.py for tasks to queue
[2024-11-06T07:06:45.654+0000] {logging_mixin.py:188} INFO - [2024-11-06T07:06:45.654+0000] {dagbag.py:538} INFO - Filling up the DagBag from /home/airflow/.local/lib/python3.8/site-packages/airflow/example_dags/example_complex.py
[2024-11-06T07:06:45.675+0000] {processor.py:840} INFO - DAG(s) 'example_complex' retrieved from /home/airflow/.local/lib/python3.8/site-packages/airflow/example_dags/example_complex.py
[2024-11-06T07:06:45.715+0000] {logging_mixin.py:188} INFO - [2024-11-06T07:06:45.715+0000] {dag.py:3036} INFO - Sync 1 DAGs
[2024-11-06T07:06:45.731+0000] {logging_mixin.py:188} INFO - [2024-11-06T07:06:45.730+0000] {dag.py:3823} INFO - Setting next_dagrun for example_complex to None, run_after=None
[2024-11-06T07:06:45.756+0000] {processor.py:183} INFO - Processing /home/airflow/.local/lib/python3.8/site-packages/airflow/example_dags/example_complex.py took 0.108 seconds
[2024-11-06T07:07:16.176+0000] {processor.py:161} INFO - Started process (PID=857) to work on /home/airflow/.local/lib/python3.8/site-packages/airflow/example_dags/example_complex.py
[2024-11-06T07:07:16.176+0000] {processor.py:830} INFO - Processing file /home/airflow/.local/lib/python3.8/site-packages/airflow/example_dags/example_complex.py for tasks to queue
[2024-11-06T07:07:16.178+0000] {logging_mixin.py:188} INFO - [2024-11-06T07:07:16.178+0000] {dagbag.py:538} INFO - Filling up the DagBag from /home/airflow/.local/lib/python3.8/site-packages/airflow/example_dags/example_complex.py
[2024-11-06T07:07:16.187+0000] {processor.py:840} INFO - DAG(s) 'example_complex' retrieved from /home/airflow/.local/lib/python3.8/site-packages/airflow/example_dags/example_complex.py
[2024-11-06T07:07:16.212+0000] {logging_mixin.py:188} INFO - [2024-11-06T07:07:16.211+0000] {dag.py:3036} INFO - Sync 1 DAGs
[2024-11-06T07:07:16.222+0000] {logging_mixin.py:188} INFO - [2024-11-06T07:07:16.222+0000] {dag.py:3823} INFO - Setting next_dagrun for example_complex to None, run_after=None
[2024-11-06T07:07:16.246+0000] {processor.py:183} INFO - Processing /home/airflow/.local/lib/python3.8/site-packages/airflow/example_dags/example_complex.py took 0.074 seconds
[2024-11-06T07:07:46.846+0000] {processor.py:161} INFO - Started process (PID=915) to work on /home/airflow/.local/lib/python3.8/site-packages/airflow/example_dags/example_complex.py
[2024-11-06T07:07:46.847+0000] {processor.py:830} INFO - Processing file /home/airflow/.local/lib/python3.8/site-packages/airflow/example_dags/example_complex.py for tasks to queue
[2024-11-06T07:07:46.848+0000] {logging_mixin.py:188} INFO - [2024-11-06T07:07:46.848+0000] {dagbag.py:538} INFO - Filling up the DagBag from /home/airflow/.local/lib/python3.8/site-packages/airflow/example_dags/example_complex.py
[2024-11-06T07:07:46.857+0000] {processor.py:840} INFO - DAG(s) 'example_complex' retrieved from /home/airflow/.local/lib/python3.8/site-packages/airflow/example_dags/example_complex.py
[2024-11-06T07:07:46.882+0000] {logging_mixin.py:188} INFO - [2024-11-06T07:07:46.882+0000] {dag.py:3036} INFO - Sync 1 DAGs
[2024-11-06T07:07:46.892+0000] {logging_mixin.py:188} INFO - [2024-11-06T07:07:46.891+0000] {dag.py:3823} INFO - Setting next_dagrun for example_complex to None, run_after=None
[2024-11-06T07:07:46.920+0000] {processor.py:183} INFO - Processing /home/airflow/.local/lib/python3.8/site-packages/airflow/example_dags/example_complex.py took 0.077 seconds
[2024-11-06T07:08:17.119+0000] {processor.py:161} INFO - Started process (PID=973) to work on /home/airflow/.local/lib/python3.8/site-packages/airflow/example_dags/example_complex.py
[2024-11-06T07:08:17.120+0000] {processor.py:830} INFO - Processing file /home/airflow/.local/lib/python3.8/site-packages/airflow/example_dags/example_complex.py for tasks to queue
[2024-11-06T07:08:17.121+0000] {logging_mixin.py:188} INFO - [2024-11-06T07:08:17.121+0000] {dagbag.py:538} INFO - Filling up the DagBag from /home/airflow/.local/lib/python3.8/site-packages/airflow/example_dags/example_complex.py
[2024-11-06T07:08:17.130+0000] {processor.py:840} INFO - DAG(s) 'example_complex' retrieved from /home/airflow/.local/lib/python3.8/site-packages/airflow/example_dags/example_complex.py
[2024-11-06T07:08:17.153+0000] {logging_mixin.py:188} INFO - [2024-11-06T07:08:17.153+0000] {dag.py:3036} INFO - Sync 1 DAGs
[2024-11-06T07:08:17.165+0000] {logging_mixin.py:188} INFO - [2024-11-06T07:08:17.165+0000] {dag.py:3823} INFO - Setting next_dagrun for example_complex to None, run_after=None
[2024-11-06T07:08:17.192+0000] {processor.py:183} INFO - Processing /home/airflow/.local/lib/python3.8/site-packages/airflow/example_dags/example_complex.py took 0.075 seconds
[2024-11-06T07:08:47.418+0000] {processor.py:161} INFO - Started process (PID=1030) to work on /home/airflow/.local/lib/python3.8/site-packages/airflow/example_dags/example_complex.py
[2024-11-06T07:08:47.419+0000] {processor.py:830} INFO - Processing file /home/airflow/.local/lib/python3.8/site-packages/airflow/example_dags/example_complex.py for tasks to queue
[2024-11-06T07:08:47.421+0000] {logging_mixin.py:188} INFO - [2024-11-06T07:08:47.421+0000] {dagbag.py:538} INFO - Filling up the DagBag from /home/airflow/.local/lib/python3.8/site-packages/airflow/example_dags/example_complex.py
[2024-11-06T07:08:47.442+0000] {processor.py:840} INFO - DAG(s) 'example_complex' retrieved from /home/airflow/.local/lib/python3.8/site-packages/airflow/example_dags/example_complex.py
[2024-11-06T07:08:47.489+0000] {logging_mixin.py:188} INFO - [2024-11-06T07:08:47.489+0000] {dag.py:3036} INFO - Sync 1 DAGs
[2024-11-06T07:08:47.501+0000] {logging_mixin.py:188} INFO - [2024-11-06T07:08:47.501+0000] {dag.py:3823} INFO - Setting next_dagrun for example_complex to None, run_after=None
[2024-11-06T07:08:47.526+0000] {processor.py:183} INFO - Processing /home/airflow/.local/lib/python3.8/site-packages/airflow/example_dags/example_complex.py took 0.117 seconds
[2024-11-06T07:09:17.867+0000] {processor.py:161} INFO - Started process (PID=1088) to work on /home/airflow/.local/lib/python3.8/site-packages/airflow/example_dags/example_complex.py
[2024-11-06T07:09:17.868+0000] {processor.py:830} INFO - Processing file /home/airflow/.local/lib/python3.8/site-packages/airflow/example_dags/example_complex.py for tasks to queue
[2024-11-06T07:09:17.871+0000] {logging_mixin.py:188} INFO - [2024-11-06T07:09:17.870+0000] {dagbag.py:538} INFO - Filling up the DagBag from /home/airflow/.local/lib/python3.8/site-packages/airflow/example_dags/example_complex.py
[2024-11-06T07:09:17.886+0000] {processor.py:840} INFO - DAG(s) 'example_complex' retrieved from /home/airflow/.local/lib/python3.8/site-packages/airflow/example_dags/example_complex.py
[2024-11-06T07:09:17.946+0000] {logging_mixin.py:188} INFO - [2024-11-06T07:09:17.946+0000] {dag.py:3036} INFO - Sync 1 DAGs
[2024-11-06T07:09:17.961+0000] {logging_mixin.py:188} INFO - [2024-11-06T07:09:17.961+0000] {dag.py:3823} INFO - Setting next_dagrun for example_complex to None, run_after=None
[2024-11-06T07:09:17.982+0000] {processor.py:183} INFO - Processing /home/airflow/.local/lib/python3.8/site-packages/airflow/example_dags/example_complex.py took 0.119 seconds
[2024-11-06T07:09:48.437+0000] {processor.py:161} INFO - Started process (PID=1145) to work on /home/airflow/.local/lib/python3.8/site-packages/airflow/example_dags/example_complex.py
[2024-11-06T07:09:48.438+0000] {processor.py:830} INFO - Processing file /home/airflow/.local/lib/python3.8/site-packages/airflow/example_dags/example_complex.py for tasks to queue
[2024-11-06T07:09:48.439+0000] {logging_mixin.py:188} INFO - [2024-11-06T07:09:48.439+0000] {dagbag.py:538} INFO - Filling up the DagBag from /home/airflow/.local/lib/python3.8/site-packages/airflow/example_dags/example_complex.py
[2024-11-06T07:09:48.448+0000] {processor.py:840} INFO - DAG(s) 'example_complex' retrieved from /home/airflow/.local/lib/python3.8/site-packages/airflow/example_dags/example_complex.py
[2024-11-06T07:09:48.471+0000] {logging_mixin.py:188} INFO - [2024-11-06T07:09:48.471+0000] {dag.py:3036} INFO - Sync 1 DAGs
[2024-11-06T07:09:48.481+0000] {logging_mixin.py:188} INFO - [2024-11-06T07:09:48.481+0000] {dag.py:3823} INFO - Setting next_dagrun for example_complex to None, run_after=None
[2024-11-06T07:09:48.499+0000] {processor.py:183} INFO - Processing /home/airflow/.local/lib/python3.8/site-packages/airflow/example_dags/example_complex.py took 0.066 seconds
[2024-11-06T07:10:19.064+0000] {processor.py:161} INFO - Started process (PID=1202) to work on /home/airflow/.local/lib/python3.8/site-packages/airflow/example_dags/example_complex.py
[2024-11-06T07:10:19.065+0000] {processor.py:830} INFO - Processing file /home/airflow/.local/lib/python3.8/site-packages/airflow/example_dags/example_complex.py for tasks to queue
[2024-11-06T07:10:19.067+0000] {logging_mixin.py:188} INFO - [2024-11-06T07:10:19.066+0000] {dagbag.py:538} INFO - Filling up the DagBag from /home/airflow/.local/lib/python3.8/site-packages/airflow/example_dags/example_complex.py
[2024-11-06T07:10:19.077+0000] {processor.py:840} INFO - DAG(s) 'example_complex' retrieved from /home/airflow/.local/lib/python3.8/site-packages/airflow/example_dags/example_complex.py
[2024-11-06T07:10:19.101+0000] {logging_mixin.py:188} INFO - [2024-11-06T07:10:19.101+0000] {dag.py:3036} INFO - Sync 1 DAGs
[2024-11-06T07:10:19.111+0000] {logging_mixin.py:188} INFO - [2024-11-06T07:10:19.111+0000] {dag.py:3823} INFO - Setting next_dagrun for example_complex to None, run_after=None
[2024-11-06T07:10:19.152+0000] {processor.py:183} INFO - Processing /home/airflow/.local/lib/python3.8/site-packages/airflow/example_dags/example_complex.py took 0.091 seconds
[2024-11-06T07:10:49.379+0000] {processor.py:161} INFO - Started process (PID=1259) to work on /home/airflow/.local/lib/python3.8/site-packages/airflow/example_dags/example_complex.py
[2024-11-06T07:10:49.380+0000] {processor.py:830} INFO - Processing file /home/airflow/.local/lib/python3.8/site-packages/airflow/example_dags/example_complex.py for tasks to queue
[2024-11-06T07:10:49.381+0000] {logging_mixin.py:188} INFO - [2024-11-06T07:10:49.381+0000] {dagbag.py:538} INFO - Filling up the DagBag from /home/airflow/.local/lib/python3.8/site-packages/airflow/example_dags/example_complex.py
[2024-11-06T07:10:49.390+0000] {processor.py:840} INFO - DAG(s) 'example_complex' retrieved from /home/airflow/.local/lib/python3.8/site-packages/airflow/example_dags/example_complex.py
[2024-11-06T07:10:49.413+0000] {logging_mixin.py:188} INFO - [2024-11-06T07:10:49.413+0000] {dag.py:3036} INFO - Sync 1 DAGs
[2024-11-06T07:10:49.423+0000] {logging_mixin.py:188} INFO - [2024-11-06T07:10:49.422+0000] {dag.py:3823} INFO - Setting next_dagrun for example_complex to None, run_after=None
[2024-11-06T07:10:49.442+0000] {processor.py:183} INFO - Processing /home/airflow/.local/lib/python3.8/site-packages/airflow/example_dags/example_complex.py took 0.066 seconds
[2024-11-06T07:11:20.025+0000] {processor.py:161} INFO - Started process (PID=1316) to work on /home/airflow/.local/lib/python3.8/site-packages/airflow/example_dags/example_complex.py
[2024-11-06T07:11:20.026+0000] {processor.py:830} INFO - Processing file /home/airflow/.local/lib/python3.8/site-packages/airflow/example_dags/example_complex.py for tasks to queue
[2024-11-06T07:11:20.027+0000] {logging_mixin.py:188} INFO - [2024-11-06T07:11:20.027+0000] {dagbag.py:538} INFO - Filling up the DagBag from /home/airflow/.local/lib/python3.8/site-packages/airflow/example_dags/example_complex.py
[2024-11-06T07:11:20.036+0000] {processor.py:840} INFO - DAG(s) 'example_complex' retrieved from /home/airflow/.local/lib/python3.8/site-packages/airflow/example_dags/example_complex.py
[2024-11-06T07:11:20.060+0000] {logging_mixin.py:188} INFO - [2024-11-06T07:11:20.060+0000] {dag.py:3036} INFO - Sync 1 DAGs
[2024-11-06T07:11:20.070+0000] {logging_mixin.py:188} INFO - [2024-11-06T07:11:20.069+0000] {dag.py:3823} INFO - Setting next_dagrun for example_complex to None, run_after=None
[2024-11-06T07:11:20.090+0000] {processor.py:183} INFO - Processing /home/airflow/.local/lib/python3.8/site-packages/airflow/example_dags/example_complex.py took 0.068 seconds
[2024-11-06T07:11:50.322+0000] {processor.py:161} INFO - Started process (PID=1373) to work on /home/airflow/.local/lib/python3.8/site-packages/airflow/example_dags/example_complex.py
[2024-11-06T07:11:50.323+0000] {processor.py:830} INFO - Processing file /home/airflow/.local/lib/python3.8/site-packages/airflow/example_dags/example_complex.py for tasks to queue
[2024-11-06T07:11:50.324+0000] {logging_mixin.py:188} INFO - [2024-11-06T07:11:50.324+0000] {dagbag.py:538} INFO - Filling up the DagBag from /home/airflow/.local/lib/python3.8/site-packages/airflow/example_dags/example_complex.py
[2024-11-06T07:11:50.333+0000] {processor.py:840} INFO - DAG(s) 'example_complex' retrieved from /home/airflow/.local/lib/python3.8/site-packages/airflow/example_dags/example_complex.py
[2024-11-06T07:11:50.358+0000] {logging_mixin.py:188} INFO - [2024-11-06T07:11:50.357+0000] {dag.py:3036} INFO - Sync 1 DAGs
[2024-11-06T07:11:50.367+0000] {logging_mixin.py:188} INFO - [2024-11-06T07:11:50.367+0000] {dag.py:3823} INFO - Setting next_dagrun for example_complex to None, run_after=None
[2024-11-06T07:11:50.385+0000] {processor.py:183} INFO - Processing /home/airflow/.local/lib/python3.8/site-packages/airflow/example_dags/example_complex.py took 0.066 seconds
[2024-11-06T07:12:21.344+0000] {processor.py:161} INFO - Started process (PID=1430) to work on /home/airflow/.local/lib/python3.8/site-packages/airflow/example_dags/example_complex.py
[2024-11-06T07:12:21.345+0000] {processor.py:830} INFO - Processing file /home/airflow/.local/lib/python3.8/site-packages/airflow/example_dags/example_complex.py for tasks to queue
[2024-11-06T07:12:21.347+0000] {logging_mixin.py:188} INFO - [2024-11-06T07:12:21.346+0000] {dagbag.py:538} INFO - Filling up the DagBag from /home/airflow/.local/lib/python3.8/site-packages/airflow/example_dags/example_complex.py
[2024-11-06T07:12:21.355+0000] {processor.py:840} INFO - DAG(s) 'example_complex' retrieved from /home/airflow/.local/lib/python3.8/site-packages/airflow/example_dags/example_complex.py
[2024-11-06T07:12:21.380+0000] {logging_mixin.py:188} INFO - [2024-11-06T07:12:21.379+0000] {dag.py:3036} INFO - Sync 1 DAGs
[2024-11-06T07:12:21.389+0000] {logging_mixin.py:188} INFO - [2024-11-06T07:12:21.389+0000] {dag.py:3823} INFO - Setting next_dagrun for example_complex to None, run_after=None
[2024-11-06T07:12:21.412+0000] {processor.py:183} INFO - Processing /home/airflow/.local/lib/python3.8/site-packages/airflow/example_dags/example_complex.py took 0.071 seconds
[2024-11-06T07:14:11.977+0000] {processor.py:161} INFO - Started process (PID=109) to work on /home/airflow/.local/lib/python3.8/site-packages/airflow/example_dags/example_complex.py
[2024-11-06T07:14:12.007+0000] {processor.py:830} INFO - Processing file /home/airflow/.local/lib/python3.8/site-packages/airflow/example_dags/example_complex.py for tasks to queue
[2024-11-06T07:14:12.015+0000] {logging_mixin.py:188} INFO - [2024-11-06T07:14:12.015+0000] {dagbag.py:538} INFO - Filling up the DagBag from /home/airflow/.local/lib/python3.8/site-packages/airflow/example_dags/example_complex.py
[2024-11-06T07:14:12.235+0000] {processor.py:840} INFO - DAG(s) 'example_complex' retrieved from /home/airflow/.local/lib/python3.8/site-packages/airflow/example_dags/example_complex.py
[2024-11-06T07:14:12.804+0000] {logging_mixin.py:188} INFO - [2024-11-06T07:14:12.804+0000] {dag.py:3036} INFO - Sync 1 DAGs
[2024-11-06T07:14:12.848+0000] {logging_mixin.py:188} INFO - [2024-11-06T07:14:12.848+0000] {dag.py:3823} INFO - Setting next_dagrun for example_complex to None, run_after=None
[2024-11-06T07:14:12.942+0000] {processor.py:183} INFO - Processing /home/airflow/.local/lib/python3.8/site-packages/airflow/example_dags/example_complex.py took 0.988 seconds
[2024-11-06T07:14:43.839+0000] {processor.py:161} INFO - Started process (PID=166) to work on /home/airflow/.local/lib/python3.8/site-packages/airflow/example_dags/example_complex.py
[2024-11-06T07:14:43.840+0000] {processor.py:830} INFO - Processing file /home/airflow/.local/lib/python3.8/site-packages/airflow/example_dags/example_complex.py for tasks to queue
[2024-11-06T07:14:43.843+0000] {logging_mixin.py:188} INFO - [2024-11-06T07:14:43.842+0000] {dagbag.py:538} INFO - Filling up the DagBag from /home/airflow/.local/lib/python3.8/site-packages/airflow/example_dags/example_complex.py
[2024-11-06T07:14:43.861+0000] {processor.py:840} INFO - DAG(s) 'example_complex' retrieved from /home/airflow/.local/lib/python3.8/site-packages/airflow/example_dags/example_complex.py
[2024-11-06T07:14:43.897+0000] {logging_mixin.py:188} INFO - [2024-11-06T07:14:43.897+0000] {dag.py:3036} INFO - Sync 1 DAGs
[2024-11-06T07:14:43.911+0000] {logging_mixin.py:188} INFO - [2024-11-06T07:14:43.911+0000] {dag.py:3823} INFO - Setting next_dagrun for example_complex to None, run_after=None
[2024-11-06T07:14:43.935+0000] {processor.py:183} INFO - Processing /home/airflow/.local/lib/python3.8/site-packages/airflow/example_dags/example_complex.py took 0.100 seconds
[2024-11-06T07:15:14.806+0000] {processor.py:161} INFO - Started process (PID=224) to work on /home/airflow/.local/lib/python3.8/site-packages/airflow/example_dags/example_complex.py
[2024-11-06T07:15:14.806+0000] {processor.py:830} INFO - Processing file /home/airflow/.local/lib/python3.8/site-packages/airflow/example_dags/example_complex.py for tasks to queue
[2024-11-06T07:15:14.808+0000] {logging_mixin.py:188} INFO - [2024-11-06T07:15:14.808+0000] {dagbag.py:538} INFO - Filling up the DagBag from /home/airflow/.local/lib/python3.8/site-packages/airflow/example_dags/example_complex.py
[2024-11-06T07:15:14.823+0000] {processor.py:840} INFO - DAG(s) 'example_complex' retrieved from /home/airflow/.local/lib/python3.8/site-packages/airflow/example_dags/example_complex.py
[2024-11-06T07:15:14.876+0000] {logging_mixin.py:188} INFO - [2024-11-06T07:15:14.876+0000] {dag.py:3036} INFO - Sync 1 DAGs
[2024-11-06T07:15:14.890+0000] {logging_mixin.py:188} INFO - [2024-11-06T07:15:14.890+0000] {dag.py:3823} INFO - Setting next_dagrun for example_complex to None, run_after=None
[2024-11-06T07:15:14.936+0000] {processor.py:183} INFO - Processing /home/airflow/.local/lib/python3.8/site-packages/airflow/example_dags/example_complex.py took 0.134 seconds
