[2024-11-06T07:00:31.875+0000] {processor.py:161} INFO - Started process (PID=90) to work on /home/airflow/.local/lib/python3.8/site-packages/airflow/example_dags/example_branch_datetime_operator.py
[2024-11-06T07:00:31.904+0000] {processor.py:830} INFO - Processing file /home/airflow/.local/lib/python3.8/site-packages/airflow/example_dags/example_branch_datetime_operator.py for tasks to queue
[2024-11-06T07:00:31.909+0000] {logging_mixin.py:188} INFO - [2024-11-06T07:00:31.908+0000] {dagbag.py:538} INFO - Filling up the DagBag from /home/airflow/.local/lib/python3.8/site-packages/airflow/example_dags/example_branch_datetime_operator.py
[2024-11-06T07:00:31.981+0000] {processor.py:840} INFO - DAG(s) 'example_branch_datetime_operator', 'example_branch_datetime_operator_3', 'example_branch_datetime_operator_2' retrieved from /home/airflow/.local/lib/python3.8/site-packages/airflow/example_dags/example_branch_datetime_operator.py
[2024-11-06T07:00:32.498+0000] {logging_mixin.py:188} INFO - [2024-11-06T07:00:32.497+0000] {dag.py:3036} INFO - Sync 3 DAGs
[2024-11-06T07:00:32.565+0000] {logging_mixin.py:188} INFO - [2024-11-06T07:00:32.565+0000] {dag.py:3823} INFO - Setting next_dagrun for example_branch_datetime_operator to 2024-11-05 00:00:00+00:00, run_after=2024-11-06 00:00:00+00:00
[2024-11-06T07:00:32.588+0000] {logging_mixin.py:188} INFO - [2024-11-06T07:00:32.588+0000] {dag.py:3823} INFO - Setting next_dagrun for example_branch_datetime_operator_2 to 2024-11-05 00:00:00+00:00, run_after=2024-11-06 00:00:00+00:00
[2024-11-06T07:00:32.604+0000] {logging_mixin.py:188} INFO - [2024-11-06T07:00:32.604+0000] {dag.py:3823} INFO - Setting next_dagrun for example_branch_datetime_operator_3 to 2024-11-05 00:00:00+00:00, run_after=2024-11-06 00:00:00+00:00
[2024-11-06T07:00:32.679+0000] {processor.py:183} INFO - Processing /home/airflow/.local/lib/python3.8/site-packages/airflow/example_dags/example_branch_datetime_operator.py took 0.827 seconds
[2024-11-06T07:01:02.802+0000] {processor.py:161} INFO - Started process (PID=147) to work on /home/airflow/.local/lib/python3.8/site-packages/airflow/example_dags/example_branch_datetime_operator.py
[2024-11-06T07:01:02.802+0000] {processor.py:830} INFO - Processing file /home/airflow/.local/lib/python3.8/site-packages/airflow/example_dags/example_branch_datetime_operator.py for tasks to queue
[2024-11-06T07:01:02.804+0000] {logging_mixin.py:188} INFO - [2024-11-06T07:01:02.804+0000] {dagbag.py:538} INFO - Filling up the DagBag from /home/airflow/.local/lib/python3.8/site-packages/airflow/example_dags/example_branch_datetime_operator.py
[2024-11-06T07:01:02.833+0000] {processor.py:840} INFO - DAG(s) 'example_branch_datetime_operator', 'example_branch_datetime_operator_2', 'example_branch_datetime_operator_3' retrieved from /home/airflow/.local/lib/python3.8/site-packages/airflow/example_dags/example_branch_datetime_operator.py
[2024-11-06T07:01:02.885+0000] {logging_mixin.py:188} INFO - [2024-11-06T07:01:02.885+0000] {dag.py:3036} INFO - Sync 3 DAGs
[2024-11-06T07:01:02.914+0000] {logging_mixin.py:188} INFO - [2024-11-06T07:01:02.913+0000] {dag.py:3823} INFO - Setting next_dagrun for example_branch_datetime_operator to 2024-11-05 00:00:00+00:00, run_after=2024-11-06 00:00:00+00:00
[2024-11-06T07:01:02.918+0000] {logging_mixin.py:188} INFO - [2024-11-06T07:01:02.918+0000] {dag.py:3823} INFO - Setting next_dagrun for example_branch_datetime_operator_2 to 2024-11-05 00:00:00+00:00, run_after=2024-11-06 00:00:00+00:00
[2024-11-06T07:01:02.920+0000] {logging_mixin.py:188} INFO - [2024-11-06T07:01:02.920+0000] {dag.py:3823} INFO - Setting next_dagrun for example_branch_datetime_operator_3 to 2024-11-05 00:00:00+00:00, run_after=2024-11-06 00:00:00+00:00
[2024-11-06T07:01:02.940+0000] {processor.py:183} INFO - Processing /home/airflow/.local/lib/python3.8/site-packages/airflow/example_dags/example_branch_datetime_operator.py took 0.142 seconds
[2024-11-06T07:01:33.334+0000] {processor.py:161} INFO - Started process (PID=205) to work on /home/airflow/.local/lib/python3.8/site-packages/airflow/example_dags/example_branch_datetime_operator.py
[2024-11-06T07:01:33.335+0000] {processor.py:830} INFO - Processing file /home/airflow/.local/lib/python3.8/site-packages/airflow/example_dags/example_branch_datetime_operator.py for tasks to queue
[2024-11-06T07:01:33.337+0000] {logging_mixin.py:188} INFO - [2024-11-06T07:01:33.336+0000] {dagbag.py:538} INFO - Filling up the DagBag from /home/airflow/.local/lib/python3.8/site-packages/airflow/example_dags/example_branch_datetime_operator.py
[2024-11-06T07:01:33.348+0000] {processor.py:840} INFO - DAG(s) 'example_branch_datetime_operator_2', 'example_branch_datetime_operator', 'example_branch_datetime_operator_3' retrieved from /home/airflow/.local/lib/python3.8/site-packages/airflow/example_dags/example_branch_datetime_operator.py
[2024-11-06T07:01:33.372+0000] {logging_mixin.py:188} INFO - [2024-11-06T07:01:33.372+0000] {dag.py:3036} INFO - Sync 3 DAGs
[2024-11-06T07:01:33.390+0000] {logging_mixin.py:188} INFO - [2024-11-06T07:01:33.390+0000] {dag.py:3823} INFO - Setting next_dagrun for example_branch_datetime_operator to 2024-11-05 00:00:00+00:00, run_after=2024-11-06 00:00:00+00:00
[2024-11-06T07:01:33.394+0000] {logging_mixin.py:188} INFO - [2024-11-06T07:01:33.394+0000] {dag.py:3823} INFO - Setting next_dagrun for example_branch_datetime_operator_2 to 2024-11-05 00:00:00+00:00, run_after=2024-11-06 00:00:00+00:00
[2024-11-06T07:01:33.396+0000] {logging_mixin.py:188} INFO - [2024-11-06T07:01:33.396+0000] {dag.py:3823} INFO - Setting next_dagrun for example_branch_datetime_operator_3 to 2024-11-05 00:00:00+00:00, run_after=2024-11-06 00:00:00+00:00
[2024-11-06T07:01:33.413+0000] {processor.py:183} INFO - Processing /home/airflow/.local/lib/python3.8/site-packages/airflow/example_dags/example_branch_datetime_operator.py took 0.083 seconds
[2024-11-06T07:02:04.355+0000] {processor.py:161} INFO - Started process (PID=263) to work on /home/airflow/.local/lib/python3.8/site-packages/airflow/example_dags/example_branch_datetime_operator.py
[2024-11-06T07:02:04.356+0000] {processor.py:830} INFO - Processing file /home/airflow/.local/lib/python3.8/site-packages/airflow/example_dags/example_branch_datetime_operator.py for tasks to queue
[2024-11-06T07:02:04.358+0000] {logging_mixin.py:188} INFO - [2024-11-06T07:02:04.357+0000] {dagbag.py:538} INFO - Filling up the DagBag from /home/airflow/.local/lib/python3.8/site-packages/airflow/example_dags/example_branch_datetime_operator.py
[2024-11-06T07:02:04.367+0000] {processor.py:840} INFO - DAG(s) 'example_branch_datetime_operator', 'example_branch_datetime_operator_2', 'example_branch_datetime_operator_3' retrieved from /home/airflow/.local/lib/python3.8/site-packages/airflow/example_dags/example_branch_datetime_operator.py
[2024-11-06T07:02:04.388+0000] {logging_mixin.py:188} INFO - [2024-11-06T07:02:04.388+0000] {dag.py:3036} INFO - Sync 3 DAGs
[2024-11-06T07:02:04.411+0000] {logging_mixin.py:188} INFO - [2024-11-06T07:02:04.411+0000] {dag.py:3823} INFO - Setting next_dagrun for example_branch_datetime_operator to 2024-11-05 00:00:00+00:00, run_after=2024-11-06 00:00:00+00:00
[2024-11-06T07:02:04.418+0000] {logging_mixin.py:188} INFO - [2024-11-06T07:02:04.417+0000] {dag.py:3823} INFO - Setting next_dagrun for example_branch_datetime_operator_2 to 2024-11-05 00:00:00+00:00, run_after=2024-11-06 00:00:00+00:00
[2024-11-06T07:02:04.420+0000] {logging_mixin.py:188} INFO - [2024-11-06T07:02:04.420+0000] {dag.py:3823} INFO - Setting next_dagrun for example_branch_datetime_operator_3 to 2024-11-05 00:00:00+00:00, run_after=2024-11-06 00:00:00+00:00
[2024-11-06T07:02:04.438+0000] {processor.py:183} INFO - Processing /home/airflow/.local/lib/python3.8/site-packages/airflow/example_dags/example_branch_datetime_operator.py took 0.088 seconds
[2024-11-06T07:02:35.284+0000] {processor.py:161} INFO - Started process (PID=320) to work on /home/airflow/.local/lib/python3.8/site-packages/airflow/example_dags/example_branch_datetime_operator.py
[2024-11-06T07:02:35.285+0000] {processor.py:830} INFO - Processing file /home/airflow/.local/lib/python3.8/site-packages/airflow/example_dags/example_branch_datetime_operator.py for tasks to queue
[2024-11-06T07:02:35.287+0000] {logging_mixin.py:188} INFO - [2024-11-06T07:02:35.287+0000] {dagbag.py:538} INFO - Filling up the DagBag from /home/airflow/.local/lib/python3.8/site-packages/airflow/example_dags/example_branch_datetime_operator.py
[2024-11-06T07:02:35.298+0000] {processor.py:840} INFO - DAG(s) 'example_branch_datetime_operator', 'example_branch_datetime_operator_2', 'example_branch_datetime_operator_3' retrieved from /home/airflow/.local/lib/python3.8/site-packages/airflow/example_dags/example_branch_datetime_operator.py
[2024-11-06T07:02:35.321+0000] {logging_mixin.py:188} INFO - [2024-11-06T07:02:35.320+0000] {dag.py:3036} INFO - Sync 3 DAGs
[2024-11-06T07:02:35.339+0000] {logging_mixin.py:188} INFO - [2024-11-06T07:02:35.339+0000] {dag.py:3823} INFO - Setting next_dagrun for example_branch_datetime_operator to 2024-11-05 00:00:00+00:00, run_after=2024-11-06 00:00:00+00:00
[2024-11-06T07:02:35.343+0000] {logging_mixin.py:188} INFO - [2024-11-06T07:02:35.343+0000] {dag.py:3823} INFO - Setting next_dagrun for example_branch_datetime_operator_2 to 2024-11-05 00:00:00+00:00, run_after=2024-11-06 00:00:00+00:00
[2024-11-06T07:02:35.345+0000] {logging_mixin.py:188} INFO - [2024-11-06T07:02:35.345+0000] {dag.py:3823} INFO - Setting next_dagrun for example_branch_datetime_operator_3 to 2024-11-05 00:00:00+00:00, run_after=2024-11-06 00:00:00+00:00
[2024-11-06T07:02:35.367+0000] {processor.py:183} INFO - Processing /home/airflow/.local/lib/python3.8/site-packages/airflow/example_dags/example_branch_datetime_operator.py took 0.087 seconds
[2024-11-06T07:03:05.544+0000] {processor.py:161} INFO - Started process (PID=378) to work on /home/airflow/.local/lib/python3.8/site-packages/airflow/example_dags/example_branch_datetime_operator.py
[2024-11-06T07:03:05.545+0000] {processor.py:830} INFO - Processing file /home/airflow/.local/lib/python3.8/site-packages/airflow/example_dags/example_branch_datetime_operator.py for tasks to queue
[2024-11-06T07:03:05.547+0000] {logging_mixin.py:188} INFO - [2024-11-06T07:03:05.547+0000] {dagbag.py:538} INFO - Filling up the DagBag from /home/airflow/.local/lib/python3.8/site-packages/airflow/example_dags/example_branch_datetime_operator.py
[2024-11-06T07:03:05.559+0000] {processor.py:840} INFO - DAG(s) 'example_branch_datetime_operator_2', 'example_branch_datetime_operator_3', 'example_branch_datetime_operator' retrieved from /home/airflow/.local/lib/python3.8/site-packages/airflow/example_dags/example_branch_datetime_operator.py
[2024-11-06T07:03:05.583+0000] {logging_mixin.py:188} INFO - [2024-11-06T07:03:05.583+0000] {dag.py:3036} INFO - Sync 3 DAGs
[2024-11-06T07:03:05.601+0000] {logging_mixin.py:188} INFO - [2024-11-06T07:03:05.601+0000] {dag.py:3823} INFO - Setting next_dagrun for example_branch_datetime_operator to 2024-11-05 00:00:00+00:00, run_after=2024-11-06 00:00:00+00:00
[2024-11-06T07:03:05.605+0000] {logging_mixin.py:188} INFO - [2024-11-06T07:03:05.605+0000] {dag.py:3823} INFO - Setting next_dagrun for example_branch_datetime_operator_2 to 2024-11-05 00:00:00+00:00, run_after=2024-11-06 00:00:00+00:00
[2024-11-06T07:03:05.607+0000] {logging_mixin.py:188} INFO - [2024-11-06T07:03:05.607+0000] {dag.py:3823} INFO - Setting next_dagrun for example_branch_datetime_operator_3 to 2024-11-05 00:00:00+00:00, run_after=2024-11-06 00:00:00+00:00
[2024-11-06T07:03:05.625+0000] {processor.py:183} INFO - Processing /home/airflow/.local/lib/python3.8/site-packages/airflow/example_dags/example_branch_datetime_operator.py took 0.084 seconds
[2024-11-06T07:03:35.825+0000] {processor.py:161} INFO - Started process (PID=436) to work on /home/airflow/.local/lib/python3.8/site-packages/airflow/example_dags/example_branch_datetime_operator.py
[2024-11-06T07:03:35.826+0000] {processor.py:830} INFO - Processing file /home/airflow/.local/lib/python3.8/site-packages/airflow/example_dags/example_branch_datetime_operator.py for tasks to queue
[2024-11-06T07:03:35.828+0000] {logging_mixin.py:188} INFO - [2024-11-06T07:03:35.827+0000] {dagbag.py:538} INFO - Filling up the DagBag from /home/airflow/.local/lib/python3.8/site-packages/airflow/example_dags/example_branch_datetime_operator.py
[2024-11-06T07:03:35.838+0000] {processor.py:840} INFO - DAG(s) 'example_branch_datetime_operator_3', 'example_branch_datetime_operator_2', 'example_branch_datetime_operator' retrieved from /home/airflow/.local/lib/python3.8/site-packages/airflow/example_dags/example_branch_datetime_operator.py
[2024-11-06T07:03:35.861+0000] {logging_mixin.py:188} INFO - [2024-11-06T07:03:35.860+0000] {dag.py:3036} INFO - Sync 3 DAGs
[2024-11-06T07:03:35.882+0000] {logging_mixin.py:188} INFO - [2024-11-06T07:03:35.882+0000] {dag.py:3823} INFO - Setting next_dagrun for example_branch_datetime_operator to 2024-11-05 00:00:00+00:00, run_after=2024-11-06 00:00:00+00:00
[2024-11-06T07:03:35.887+0000] {logging_mixin.py:188} INFO - [2024-11-06T07:03:35.887+0000] {dag.py:3823} INFO - Setting next_dagrun for example_branch_datetime_operator_2 to 2024-11-05 00:00:00+00:00, run_after=2024-11-06 00:00:00+00:00
[2024-11-06T07:03:35.889+0000] {logging_mixin.py:188} INFO - [2024-11-06T07:03:35.889+0000] {dag.py:3823} INFO - Setting next_dagrun for example_branch_datetime_operator_3 to 2024-11-05 00:00:00+00:00, run_after=2024-11-06 00:00:00+00:00
[2024-11-06T07:03:35.905+0000] {processor.py:183} INFO - Processing /home/airflow/.local/lib/python3.8/site-packages/airflow/example_dags/example_branch_datetime_operator.py took 0.083 seconds
[2024-11-06T07:04:06.172+0000] {processor.py:161} INFO - Started process (PID=493) to work on /home/airflow/.local/lib/python3.8/site-packages/airflow/example_dags/example_branch_datetime_operator.py
[2024-11-06T07:04:06.173+0000] {processor.py:830} INFO - Processing file /home/airflow/.local/lib/python3.8/site-packages/airflow/example_dags/example_branch_datetime_operator.py for tasks to queue
[2024-11-06T07:04:06.175+0000] {logging_mixin.py:188} INFO - [2024-11-06T07:04:06.175+0000] {dagbag.py:538} INFO - Filling up the DagBag from /home/airflow/.local/lib/python3.8/site-packages/airflow/example_dags/example_branch_datetime_operator.py
[2024-11-06T07:04:06.184+0000] {processor.py:840} INFO - DAG(s) 'example_branch_datetime_operator_2', 'example_branch_datetime_operator', 'example_branch_datetime_operator_3' retrieved from /home/airflow/.local/lib/python3.8/site-packages/airflow/example_dags/example_branch_datetime_operator.py
[2024-11-06T07:04:06.205+0000] {logging_mixin.py:188} INFO - [2024-11-06T07:04:06.205+0000] {dag.py:3036} INFO - Sync 3 DAGs
[2024-11-06T07:04:06.224+0000] {logging_mixin.py:188} INFO - [2024-11-06T07:04:06.224+0000] {dag.py:3823} INFO - Setting next_dagrun for example_branch_datetime_operator to 2024-11-05 00:00:00+00:00, run_after=2024-11-06 00:00:00+00:00
[2024-11-06T07:04:06.228+0000] {logging_mixin.py:188} INFO - [2024-11-06T07:04:06.228+0000] {dag.py:3823} INFO - Setting next_dagrun for example_branch_datetime_operator_2 to 2024-11-05 00:00:00+00:00, run_after=2024-11-06 00:00:00+00:00
[2024-11-06T07:04:06.230+0000] {logging_mixin.py:188} INFO - [2024-11-06T07:04:06.230+0000] {dag.py:3823} INFO - Setting next_dagrun for example_branch_datetime_operator_3 to 2024-11-05 00:00:00+00:00, run_after=2024-11-06 00:00:00+00:00
[2024-11-06T07:04:06.245+0000] {processor.py:183} INFO - Processing /home/airflow/.local/lib/python3.8/site-packages/airflow/example_dags/example_branch_datetime_operator.py took 0.076 seconds
[2024-11-06T07:04:36.433+0000] {processor.py:161} INFO - Started process (PID=551) to work on /home/airflow/.local/lib/python3.8/site-packages/airflow/example_dags/example_branch_datetime_operator.py
[2024-11-06T07:04:36.434+0000] {processor.py:830} INFO - Processing file /home/airflow/.local/lib/python3.8/site-packages/airflow/example_dags/example_branch_datetime_operator.py for tasks to queue
[2024-11-06T07:04:36.436+0000] {logging_mixin.py:188} INFO - [2024-11-06T07:04:36.436+0000] {dagbag.py:538} INFO - Filling up the DagBag from /home/airflow/.local/lib/python3.8/site-packages/airflow/example_dags/example_branch_datetime_operator.py
[2024-11-06T07:04:36.450+0000] {processor.py:840} INFO - DAG(s) 'example_branch_datetime_operator', 'example_branch_datetime_operator_2', 'example_branch_datetime_operator_3' retrieved from /home/airflow/.local/lib/python3.8/site-packages/airflow/example_dags/example_branch_datetime_operator.py
[2024-11-06T07:04:36.507+0000] {logging_mixin.py:188} INFO - [2024-11-06T07:04:36.506+0000] {dag.py:3036} INFO - Sync 3 DAGs
[2024-11-06T07:04:36.535+0000] {logging_mixin.py:188} INFO - [2024-11-06T07:04:36.535+0000] {dag.py:3823} INFO - Setting next_dagrun for example_branch_datetime_operator to 2024-11-05 00:00:00+00:00, run_after=2024-11-06 00:00:00+00:00
[2024-11-06T07:04:36.541+0000] {logging_mixin.py:188} INFO - [2024-11-06T07:04:36.541+0000] {dag.py:3823} INFO - Setting next_dagrun for example_branch_datetime_operator_2 to 2024-11-05 00:00:00+00:00, run_after=2024-11-06 00:00:00+00:00
[2024-11-06T07:04:36.545+0000] {logging_mixin.py:188} INFO - [2024-11-06T07:04:36.544+0000] {dag.py:3823} INFO - Setting next_dagrun for example_branch_datetime_operator_3 to 2024-11-05 00:00:00+00:00, run_after=2024-11-06 00:00:00+00:00
[2024-11-06T07:04:36.566+0000] {processor.py:183} INFO - Processing /home/airflow/.local/lib/python3.8/site-packages/airflow/example_dags/example_branch_datetime_operator.py took 0.137 seconds
[2024-11-06T07:05:06.696+0000] {processor.py:161} INFO - Started process (PID=608) to work on /home/airflow/.local/lib/python3.8/site-packages/airflow/example_dags/example_branch_datetime_operator.py
[2024-11-06T07:05:06.697+0000] {processor.py:830} INFO - Processing file /home/airflow/.local/lib/python3.8/site-packages/airflow/example_dags/example_branch_datetime_operator.py for tasks to queue
[2024-11-06T07:05:06.699+0000] {logging_mixin.py:188} INFO - [2024-11-06T07:05:06.699+0000] {dagbag.py:538} INFO - Filling up the DagBag from /home/airflow/.local/lib/python3.8/site-packages/airflow/example_dags/example_branch_datetime_operator.py
[2024-11-06T07:05:06.712+0000] {processor.py:840} INFO - DAG(s) 'example_branch_datetime_operator', 'example_branch_datetime_operator_3', 'example_branch_datetime_operator_2' retrieved from /home/airflow/.local/lib/python3.8/site-packages/airflow/example_dags/example_branch_datetime_operator.py
[2024-11-06T07:05:06.743+0000] {logging_mixin.py:188} INFO - [2024-11-06T07:05:06.743+0000] {dag.py:3036} INFO - Sync 3 DAGs
[2024-11-06T07:05:06.772+0000] {logging_mixin.py:188} INFO - [2024-11-06T07:05:06.771+0000] {dag.py:3823} INFO - Setting next_dagrun for example_branch_datetime_operator to 2024-11-05 00:00:00+00:00, run_after=2024-11-06 00:00:00+00:00
[2024-11-06T07:05:06.778+0000] {logging_mixin.py:188} INFO - [2024-11-06T07:05:06.778+0000] {dag.py:3823} INFO - Setting next_dagrun for example_branch_datetime_operator_2 to 2024-11-05 00:00:00+00:00, run_after=2024-11-06 00:00:00+00:00
[2024-11-06T07:05:06.781+0000] {logging_mixin.py:188} INFO - [2024-11-06T07:05:06.781+0000] {dag.py:3823} INFO - Setting next_dagrun for example_branch_datetime_operator_3 to 2024-11-05 00:00:00+00:00, run_after=2024-11-06 00:00:00+00:00
[2024-11-06T07:05:06.804+0000] {processor.py:183} INFO - Processing /home/airflow/.local/lib/python3.8/site-packages/airflow/example_dags/example_branch_datetime_operator.py took 0.112 seconds
[2024-11-06T07:05:37.209+0000] {processor.py:161} INFO - Started process (PID=665) to work on /home/airflow/.local/lib/python3.8/site-packages/airflow/example_dags/example_branch_datetime_operator.py
[2024-11-06T07:05:37.209+0000] {processor.py:830} INFO - Processing file /home/airflow/.local/lib/python3.8/site-packages/airflow/example_dags/example_branch_datetime_operator.py for tasks to queue
[2024-11-06T07:05:37.211+0000] {logging_mixin.py:188} INFO - [2024-11-06T07:05:37.211+0000] {dagbag.py:538} INFO - Filling up the DagBag from /home/airflow/.local/lib/python3.8/site-packages/airflow/example_dags/example_branch_datetime_operator.py
[2024-11-06T07:05:37.229+0000] {processor.py:840} INFO - DAG(s) 'example_branch_datetime_operator', 'example_branch_datetime_operator_3', 'example_branch_datetime_operator_2' retrieved from /home/airflow/.local/lib/python3.8/site-packages/airflow/example_dags/example_branch_datetime_operator.py
[2024-11-06T07:05:37.264+0000] {logging_mixin.py:188} INFO - [2024-11-06T07:05:37.264+0000] {dag.py:3036} INFO - Sync 3 DAGs
[2024-11-06T07:05:37.311+0000] {logging_mixin.py:188} INFO - [2024-11-06T07:05:37.310+0000] {dag.py:3823} INFO - Setting next_dagrun for example_branch_datetime_operator to 2024-11-05 00:00:00+00:00, run_after=2024-11-06 00:00:00+00:00
[2024-11-06T07:05:37.320+0000] {logging_mixin.py:188} INFO - [2024-11-06T07:05:37.320+0000] {dag.py:3823} INFO - Setting next_dagrun for example_branch_datetime_operator_2 to 2024-11-05 00:00:00+00:00, run_after=2024-11-06 00:00:00+00:00
[2024-11-06T07:05:37.326+0000] {logging_mixin.py:188} INFO - [2024-11-06T07:05:37.326+0000] {dag.py:3823} INFO - Setting next_dagrun for example_branch_datetime_operator_3 to 2024-11-05 00:00:00+00:00, run_after=2024-11-06 00:00:00+00:00
[2024-11-06T07:05:37.359+0000] {processor.py:183} INFO - Processing /home/airflow/.local/lib/python3.8/site-packages/airflow/example_dags/example_branch_datetime_operator.py took 0.159 seconds
[2024-11-06T07:06:07.922+0000] {processor.py:161} INFO - Started process (PID=722) to work on /home/airflow/.local/lib/python3.8/site-packages/airflow/example_dags/example_branch_datetime_operator.py
[2024-11-06T07:06:07.923+0000] {processor.py:830} INFO - Processing file /home/airflow/.local/lib/python3.8/site-packages/airflow/example_dags/example_branch_datetime_operator.py for tasks to queue
[2024-11-06T07:06:07.924+0000] {logging_mixin.py:188} INFO - [2024-11-06T07:06:07.924+0000] {dagbag.py:538} INFO - Filling up the DagBag from /home/airflow/.local/lib/python3.8/site-packages/airflow/example_dags/example_branch_datetime_operator.py
[2024-11-06T07:06:07.933+0000] {processor.py:840} INFO - DAG(s) 'example_branch_datetime_operator_3', 'example_branch_datetime_operator_2', 'example_branch_datetime_operator' retrieved from /home/airflow/.local/lib/python3.8/site-packages/airflow/example_dags/example_branch_datetime_operator.py
[2024-11-06T07:06:07.958+0000] {logging_mixin.py:188} INFO - [2024-11-06T07:06:07.958+0000] {dag.py:3036} INFO - Sync 3 DAGs
[2024-11-06T07:06:07.989+0000] {logging_mixin.py:188} INFO - [2024-11-06T07:06:07.989+0000] {dag.py:3823} INFO - Setting next_dagrun for example_branch_datetime_operator to 2024-11-05 00:00:00+00:00, run_after=2024-11-06 00:00:00+00:00
[2024-11-06T07:06:07.996+0000] {logging_mixin.py:188} INFO - [2024-11-06T07:06:07.996+0000] {dag.py:3823} INFO - Setting next_dagrun for example_branch_datetime_operator_2 to 2024-11-05 00:00:00+00:00, run_after=2024-11-06 00:00:00+00:00
[2024-11-06T07:06:07.999+0000] {logging_mixin.py:188} INFO - [2024-11-06T07:06:07.999+0000] {dag.py:3823} INFO - Setting next_dagrun for example_branch_datetime_operator_3 to 2024-11-05 00:00:00+00:00, run_after=2024-11-06 00:00:00+00:00
[2024-11-06T07:06:08.022+0000] {processor.py:183} INFO - Processing /home/airflow/.local/lib/python3.8/site-packages/airflow/example_dags/example_branch_datetime_operator.py took 0.103 seconds
[2024-11-06T07:06:38.637+0000] {processor.py:161} INFO - Started process (PID=786) to work on /home/airflow/.local/lib/python3.8/site-packages/airflow/example_dags/example_branch_datetime_operator.py
[2024-11-06T07:06:38.638+0000] {processor.py:830} INFO - Processing file /home/airflow/.local/lib/python3.8/site-packages/airflow/example_dags/example_branch_datetime_operator.py for tasks to queue
[2024-11-06T07:06:38.639+0000] {logging_mixin.py:188} INFO - [2024-11-06T07:06:38.639+0000] {dagbag.py:538} INFO - Filling up the DagBag from /home/airflow/.local/lib/python3.8/site-packages/airflow/example_dags/example_branch_datetime_operator.py
[2024-11-06T07:06:38.652+0000] {processor.py:840} INFO - DAG(s) 'example_branch_datetime_operator', 'example_branch_datetime_operator_2', 'example_branch_datetime_operator_3' retrieved from /home/airflow/.local/lib/python3.8/site-packages/airflow/example_dags/example_branch_datetime_operator.py
[2024-11-06T07:06:38.682+0000] {logging_mixin.py:188} INFO - [2024-11-06T07:06:38.681+0000] {dag.py:3036} INFO - Sync 3 DAGs
[2024-11-06T07:06:38.720+0000] {logging_mixin.py:188} INFO - [2024-11-06T07:06:38.720+0000] {dag.py:3823} INFO - Setting next_dagrun for example_branch_datetime_operator to 2024-11-05 00:00:00+00:00, run_after=2024-11-06 00:00:00+00:00
[2024-11-06T07:06:38.726+0000] {logging_mixin.py:188} INFO - [2024-11-06T07:06:38.726+0000] {dag.py:3823} INFO - Setting next_dagrun for example_branch_datetime_operator_2 to 2024-11-05 00:00:00+00:00, run_after=2024-11-06 00:00:00+00:00
[2024-11-06T07:06:38.730+0000] {logging_mixin.py:188} INFO - [2024-11-06T07:06:38.730+0000] {dag.py:3823} INFO - Setting next_dagrun for example_branch_datetime_operator_3 to 2024-11-05 00:00:00+00:00, run_after=2024-11-06 00:00:00+00:00
[2024-11-06T07:06:38.752+0000] {processor.py:183} INFO - Processing /home/airflow/.local/lib/python3.8/site-packages/airflow/example_dags/example_branch_datetime_operator.py took 0.119 seconds
[2024-11-06T07:07:09.343+0000] {processor.py:161} INFO - Started process (PID=843) to work on /home/airflow/.local/lib/python3.8/site-packages/airflow/example_dags/example_branch_datetime_operator.py
[2024-11-06T07:07:09.344+0000] {processor.py:830} INFO - Processing file /home/airflow/.local/lib/python3.8/site-packages/airflow/example_dags/example_branch_datetime_operator.py for tasks to queue
[2024-11-06T07:07:09.346+0000] {logging_mixin.py:188} INFO - [2024-11-06T07:07:09.346+0000] {dagbag.py:538} INFO - Filling up the DagBag from /home/airflow/.local/lib/python3.8/site-packages/airflow/example_dags/example_branch_datetime_operator.py
[2024-11-06T07:07:09.359+0000] {processor.py:840} INFO - DAG(s) 'example_branch_datetime_operator_2', 'example_branch_datetime_operator_3', 'example_branch_datetime_operator' retrieved from /home/airflow/.local/lib/python3.8/site-packages/airflow/example_dags/example_branch_datetime_operator.py
[2024-11-06T07:07:09.383+0000] {logging_mixin.py:188} INFO - [2024-11-06T07:07:09.383+0000] {dag.py:3036} INFO - Sync 3 DAGs
[2024-11-06T07:07:09.402+0000] {logging_mixin.py:188} INFO - [2024-11-06T07:07:09.402+0000] {dag.py:3823} INFO - Setting next_dagrun for example_branch_datetime_operator to 2024-11-05 00:00:00+00:00, run_after=2024-11-06 00:00:00+00:00
[2024-11-06T07:07:09.407+0000] {logging_mixin.py:188} INFO - [2024-11-06T07:07:09.406+0000] {dag.py:3823} INFO - Setting next_dagrun for example_branch_datetime_operator_2 to 2024-11-05 00:00:00+00:00, run_after=2024-11-06 00:00:00+00:00
[2024-11-06T07:07:09.409+0000] {logging_mixin.py:188} INFO - [2024-11-06T07:07:09.409+0000] {dag.py:3823} INFO - Setting next_dagrun for example_branch_datetime_operator_3 to 2024-11-05 00:00:00+00:00, run_after=2024-11-06 00:00:00+00:00
[2024-11-06T07:07:09.430+0000] {processor.py:183} INFO - Processing /home/airflow/.local/lib/python3.8/site-packages/airflow/example_dags/example_branch_datetime_operator.py took 0.090 seconds
[2024-11-06T07:07:40.073+0000] {processor.py:161} INFO - Started process (PID=901) to work on /home/airflow/.local/lib/python3.8/site-packages/airflow/example_dags/example_branch_datetime_operator.py
[2024-11-06T07:07:40.074+0000] {processor.py:830} INFO - Processing file /home/airflow/.local/lib/python3.8/site-packages/airflow/example_dags/example_branch_datetime_operator.py for tasks to queue
[2024-11-06T07:07:40.075+0000] {logging_mixin.py:188} INFO - [2024-11-06T07:07:40.075+0000] {dagbag.py:538} INFO - Filling up the DagBag from /home/airflow/.local/lib/python3.8/site-packages/airflow/example_dags/example_branch_datetime_operator.py
[2024-11-06T07:07:40.083+0000] {processor.py:840} INFO - DAG(s) 'example_branch_datetime_operator_3', 'example_branch_datetime_operator_2', 'example_branch_datetime_operator' retrieved from /home/airflow/.local/lib/python3.8/site-packages/airflow/example_dags/example_branch_datetime_operator.py
[2024-11-06T07:07:40.105+0000] {logging_mixin.py:188} INFO - [2024-11-06T07:07:40.105+0000] {dag.py:3036} INFO - Sync 3 DAGs
[2024-11-06T07:07:40.128+0000] {logging_mixin.py:188} INFO - [2024-11-06T07:07:40.128+0000] {dag.py:3823} INFO - Setting next_dagrun for example_branch_datetime_operator to 2024-11-05 00:00:00+00:00, run_after=2024-11-06 00:00:00+00:00
[2024-11-06T07:07:40.132+0000] {logging_mixin.py:188} INFO - [2024-11-06T07:07:40.132+0000] {dag.py:3823} INFO - Setting next_dagrun for example_branch_datetime_operator_2 to 2024-11-05 00:00:00+00:00, run_after=2024-11-06 00:00:00+00:00
[2024-11-06T07:07:40.134+0000] {logging_mixin.py:188} INFO - [2024-11-06T07:07:40.134+0000] {dag.py:3823} INFO - Setting next_dagrun for example_branch_datetime_operator_3 to 2024-11-05 00:00:00+00:00, run_after=2024-11-06 00:00:00+00:00
[2024-11-06T07:07:40.158+0000] {processor.py:183} INFO - Processing /home/airflow/.local/lib/python3.8/site-packages/airflow/example_dags/example_branch_datetime_operator.py took 0.088 seconds
[2024-11-06T07:08:10.235+0000] {processor.py:161} INFO - Started process (PID=959) to work on /home/airflow/.local/lib/python3.8/site-packages/airflow/example_dags/example_branch_datetime_operator.py
[2024-11-06T07:08:10.236+0000] {processor.py:830} INFO - Processing file /home/airflow/.local/lib/python3.8/site-packages/airflow/example_dags/example_branch_datetime_operator.py for tasks to queue
[2024-11-06T07:08:10.238+0000] {logging_mixin.py:188} INFO - [2024-11-06T07:08:10.238+0000] {dagbag.py:538} INFO - Filling up the DagBag from /home/airflow/.local/lib/python3.8/site-packages/airflow/example_dags/example_branch_datetime_operator.py
[2024-11-06T07:08:10.265+0000] {processor.py:840} INFO - DAG(s) 'example_branch_datetime_operator', 'example_branch_datetime_operator_3', 'example_branch_datetime_operator_2' retrieved from /home/airflow/.local/lib/python3.8/site-packages/airflow/example_dags/example_branch_datetime_operator.py
[2024-11-06T07:08:10.326+0000] {logging_mixin.py:188} INFO - [2024-11-06T07:08:10.326+0000] {dag.py:3036} INFO - Sync 3 DAGs
[2024-11-06T07:08:10.360+0000] {logging_mixin.py:188} INFO - [2024-11-06T07:08:10.359+0000] {dag.py:3823} INFO - Setting next_dagrun for example_branch_datetime_operator to 2024-11-05 00:00:00+00:00, run_after=2024-11-06 00:00:00+00:00
[2024-11-06T07:08:10.366+0000] {logging_mixin.py:188} INFO - [2024-11-06T07:08:10.366+0000] {dag.py:3823} INFO - Setting next_dagrun for example_branch_datetime_operator_2 to 2024-11-05 00:00:00+00:00, run_after=2024-11-06 00:00:00+00:00
[2024-11-06T07:08:10.369+0000] {logging_mixin.py:188} INFO - [2024-11-06T07:08:10.369+0000] {dag.py:3823} INFO - Setting next_dagrun for example_branch_datetime_operator_3 to 2024-11-05 00:00:00+00:00, run_after=2024-11-06 00:00:00+00:00
[2024-11-06T07:08:10.390+0000] {processor.py:183} INFO - Processing /home/airflow/.local/lib/python3.8/site-packages/airflow/example_dags/example_branch_datetime_operator.py took 0.173 seconds
[2024-11-06T07:08:40.464+0000] {processor.py:161} INFO - Started process (PID=1016) to work on /home/airflow/.local/lib/python3.8/site-packages/airflow/example_dags/example_branch_datetime_operator.py
[2024-11-06T07:08:40.465+0000] {processor.py:830} INFO - Processing file /home/airflow/.local/lib/python3.8/site-packages/airflow/example_dags/example_branch_datetime_operator.py for tasks to queue
[2024-11-06T07:08:40.467+0000] {logging_mixin.py:188} INFO - [2024-11-06T07:08:40.466+0000] {dagbag.py:538} INFO - Filling up the DagBag from /home/airflow/.local/lib/python3.8/site-packages/airflow/example_dags/example_branch_datetime_operator.py
[2024-11-06T07:08:40.478+0000] {processor.py:840} INFO - DAG(s) 'example_branch_datetime_operator_2', 'example_branch_datetime_operator', 'example_branch_datetime_operator_3' retrieved from /home/airflow/.local/lib/python3.8/site-packages/airflow/example_dags/example_branch_datetime_operator.py
[2024-11-06T07:08:40.508+0000] {logging_mixin.py:188} INFO - [2024-11-06T07:08:40.508+0000] {dag.py:3036} INFO - Sync 3 DAGs
[2024-11-06T07:08:40.527+0000] {logging_mixin.py:188} INFO - [2024-11-06T07:08:40.526+0000] {dag.py:3823} INFO - Setting next_dagrun for example_branch_datetime_operator to 2024-11-05 00:00:00+00:00, run_after=2024-11-06 00:00:00+00:00
[2024-11-06T07:08:40.530+0000] {logging_mixin.py:188} INFO - [2024-11-06T07:08:40.530+0000] {dag.py:3823} INFO - Setting next_dagrun for example_branch_datetime_operator_2 to 2024-11-05 00:00:00+00:00, run_after=2024-11-06 00:00:00+00:00
[2024-11-06T07:08:40.533+0000] {logging_mixin.py:188} INFO - [2024-11-06T07:08:40.532+0000] {dag.py:3823} INFO - Setting next_dagrun for example_branch_datetime_operator_3 to 2024-11-05 00:00:00+00:00, run_after=2024-11-06 00:00:00+00:00
[2024-11-06T07:08:40.552+0000] {processor.py:183} INFO - Processing /home/airflow/.local/lib/python3.8/site-packages/airflow/example_dags/example_branch_datetime_operator.py took 0.092 seconds
[2024-11-06T07:09:10.980+0000] {processor.py:161} INFO - Started process (PID=1074) to work on /home/airflow/.local/lib/python3.8/site-packages/airflow/example_dags/example_branch_datetime_operator.py
[2024-11-06T07:09:10.981+0000] {processor.py:830} INFO - Processing file /home/airflow/.local/lib/python3.8/site-packages/airflow/example_dags/example_branch_datetime_operator.py for tasks to queue
[2024-11-06T07:09:10.983+0000] {logging_mixin.py:188} INFO - [2024-11-06T07:09:10.983+0000] {dagbag.py:538} INFO - Filling up the DagBag from /home/airflow/.local/lib/python3.8/site-packages/airflow/example_dags/example_branch_datetime_operator.py
[2024-11-06T07:09:10.996+0000] {processor.py:840} INFO - DAG(s) 'example_branch_datetime_operator_2', 'example_branch_datetime_operator', 'example_branch_datetime_operator_3' retrieved from /home/airflow/.local/lib/python3.8/site-packages/airflow/example_dags/example_branch_datetime_operator.py
[2024-11-06T07:09:11.027+0000] {logging_mixin.py:188} INFO - [2024-11-06T07:09:11.027+0000] {dag.py:3036} INFO - Sync 3 DAGs
[2024-11-06T07:09:11.051+0000] {logging_mixin.py:188} INFO - [2024-11-06T07:09:11.051+0000] {dag.py:3823} INFO - Setting next_dagrun for example_branch_datetime_operator to 2024-11-05 00:00:00+00:00, run_after=2024-11-06 00:00:00+00:00
[2024-11-06T07:09:11.056+0000] {logging_mixin.py:188} INFO - [2024-11-06T07:09:11.056+0000] {dag.py:3823} INFO - Setting next_dagrun for example_branch_datetime_operator_2 to 2024-11-05 00:00:00+00:00, run_after=2024-11-06 00:00:00+00:00
[2024-11-06T07:09:11.059+0000] {logging_mixin.py:188} INFO - [2024-11-06T07:09:11.058+0000] {dag.py:3823} INFO - Setting next_dagrun for example_branch_datetime_operator_3 to 2024-11-05 00:00:00+00:00, run_after=2024-11-06 00:00:00+00:00
[2024-11-06T07:09:11.088+0000] {processor.py:183} INFO - Processing /home/airflow/.local/lib/python3.8/site-packages/airflow/example_dags/example_branch_datetime_operator.py took 0.112 seconds
[2024-11-06T07:09:41.707+0000] {processor.py:161} INFO - Started process (PID=1131) to work on /home/airflow/.local/lib/python3.8/site-packages/airflow/example_dags/example_branch_datetime_operator.py
[2024-11-06T07:09:41.708+0000] {processor.py:830} INFO - Processing file /home/airflow/.local/lib/python3.8/site-packages/airflow/example_dags/example_branch_datetime_operator.py for tasks to queue
[2024-11-06T07:09:41.710+0000] {logging_mixin.py:188} INFO - [2024-11-06T07:09:41.710+0000] {dagbag.py:538} INFO - Filling up the DagBag from /home/airflow/.local/lib/python3.8/site-packages/airflow/example_dags/example_branch_datetime_operator.py
[2024-11-06T07:09:41.723+0000] {processor.py:840} INFO - DAG(s) 'example_branch_datetime_operator_3', 'example_branch_datetime_operator_2', 'example_branch_datetime_operator' retrieved from /home/airflow/.local/lib/python3.8/site-packages/airflow/example_dags/example_branch_datetime_operator.py
[2024-11-06T07:09:41.752+0000] {logging_mixin.py:188} INFO - [2024-11-06T07:09:41.751+0000] {dag.py:3036} INFO - Sync 3 DAGs
[2024-11-06T07:09:41.771+0000] {logging_mixin.py:188} INFO - [2024-11-06T07:09:41.771+0000] {dag.py:3823} INFO - Setting next_dagrun for example_branch_datetime_operator to 2024-11-05 00:00:00+00:00, run_after=2024-11-06 00:00:00+00:00
[2024-11-06T07:09:41.775+0000] {logging_mixin.py:188} INFO - [2024-11-06T07:09:41.775+0000] {dag.py:3823} INFO - Setting next_dagrun for example_branch_datetime_operator_2 to 2024-11-05 00:00:00+00:00, run_after=2024-11-06 00:00:00+00:00
[2024-11-06T07:09:41.777+0000] {logging_mixin.py:188} INFO - [2024-11-06T07:09:41.777+0000] {dag.py:3823} INFO - Setting next_dagrun for example_branch_datetime_operator_3 to 2024-11-05 00:00:00+00:00, run_after=2024-11-06 00:00:00+00:00
[2024-11-06T07:09:41.793+0000] {processor.py:183} INFO - Processing /home/airflow/.local/lib/python3.8/site-packages/airflow/example_dags/example_branch_datetime_operator.py took 0.090 seconds
[2024-11-06T07:10:12.205+0000] {processor.py:161} INFO - Started process (PID=1188) to work on /home/airflow/.local/lib/python3.8/site-packages/airflow/example_dags/example_branch_datetime_operator.py
[2024-11-06T07:10:12.207+0000] {processor.py:830} INFO - Processing file /home/airflow/.local/lib/python3.8/site-packages/airflow/example_dags/example_branch_datetime_operator.py for tasks to queue
[2024-11-06T07:10:12.210+0000] {logging_mixin.py:188} INFO - [2024-11-06T07:10:12.209+0000] {dagbag.py:538} INFO - Filling up the DagBag from /home/airflow/.local/lib/python3.8/site-packages/airflow/example_dags/example_branch_datetime_operator.py
[2024-11-06T07:10:12.224+0000] {processor.py:840} INFO - DAG(s) 'example_branch_datetime_operator_3', 'example_branch_datetime_operator_2', 'example_branch_datetime_operator' retrieved from /home/airflow/.local/lib/python3.8/site-packages/airflow/example_dags/example_branch_datetime_operator.py
[2024-11-06T07:10:12.255+0000] {logging_mixin.py:188} INFO - [2024-11-06T07:10:12.255+0000] {dag.py:3036} INFO - Sync 3 DAGs
[2024-11-06T07:10:12.280+0000] {logging_mixin.py:188} INFO - [2024-11-06T07:10:12.280+0000] {dag.py:3823} INFO - Setting next_dagrun for example_branch_datetime_operator to 2024-11-05 00:00:00+00:00, run_after=2024-11-06 00:00:00+00:00
[2024-11-06T07:10:12.285+0000] {logging_mixin.py:188} INFO - [2024-11-06T07:10:12.285+0000] {dag.py:3823} INFO - Setting next_dagrun for example_branch_datetime_operator_2 to 2024-11-05 00:00:00+00:00, run_after=2024-11-06 00:00:00+00:00
[2024-11-06T07:10:12.288+0000] {logging_mixin.py:188} INFO - [2024-11-06T07:10:12.288+0000] {dag.py:3823} INFO - Setting next_dagrun for example_branch_datetime_operator_3 to 2024-11-05 00:00:00+00:00, run_after=2024-11-06 00:00:00+00:00
[2024-11-06T07:10:12.308+0000] {processor.py:183} INFO - Processing /home/airflow/.local/lib/python3.8/site-packages/airflow/example_dags/example_branch_datetime_operator.py took 0.108 seconds
[2024-11-06T07:10:42.537+0000] {processor.py:161} INFO - Started process (PID=1245) to work on /home/airflow/.local/lib/python3.8/site-packages/airflow/example_dags/example_branch_datetime_operator.py
[2024-11-06T07:10:42.538+0000] {processor.py:830} INFO - Processing file /home/airflow/.local/lib/python3.8/site-packages/airflow/example_dags/example_branch_datetime_operator.py for tasks to queue
[2024-11-06T07:10:42.540+0000] {logging_mixin.py:188} INFO - [2024-11-06T07:10:42.540+0000] {dagbag.py:538} INFO - Filling up the DagBag from /home/airflow/.local/lib/python3.8/site-packages/airflow/example_dags/example_branch_datetime_operator.py
[2024-11-06T07:10:42.553+0000] {processor.py:840} INFO - DAG(s) 'example_branch_datetime_operator_3', 'example_branch_datetime_operator', 'example_branch_datetime_operator_2' retrieved from /home/airflow/.local/lib/python3.8/site-packages/airflow/example_dags/example_branch_datetime_operator.py
[2024-11-06T07:10:42.598+0000] {logging_mixin.py:188} INFO - [2024-11-06T07:10:42.598+0000] {dag.py:3036} INFO - Sync 3 DAGs
[2024-11-06T07:10:42.618+0000] {logging_mixin.py:188} INFO - [2024-11-06T07:10:42.618+0000] {dag.py:3823} INFO - Setting next_dagrun for example_branch_datetime_operator to 2024-11-05 00:00:00+00:00, run_after=2024-11-06 00:00:00+00:00
[2024-11-06T07:10:42.622+0000] {logging_mixin.py:188} INFO - [2024-11-06T07:10:42.622+0000] {dag.py:3823} INFO - Setting next_dagrun for example_branch_datetime_operator_2 to 2024-11-05 00:00:00+00:00, run_after=2024-11-06 00:00:00+00:00
[2024-11-06T07:10:42.625+0000] {logging_mixin.py:188} INFO - [2024-11-06T07:10:42.625+0000] {dag.py:3823} INFO - Setting next_dagrun for example_branch_datetime_operator_3 to 2024-11-05 00:00:00+00:00, run_after=2024-11-06 00:00:00+00:00
[2024-11-06T07:10:42.669+0000] {processor.py:183} INFO - Processing /home/airflow/.local/lib/python3.8/site-packages/airflow/example_dags/example_branch_datetime_operator.py took 0.135 seconds
[2024-11-06T07:11:13.357+0000] {processor.py:161} INFO - Started process (PID=1302) to work on /home/airflow/.local/lib/python3.8/site-packages/airflow/example_dags/example_branch_datetime_operator.py
[2024-11-06T07:11:13.359+0000] {processor.py:830} INFO - Processing file /home/airflow/.local/lib/python3.8/site-packages/airflow/example_dags/example_branch_datetime_operator.py for tasks to queue
[2024-11-06T07:11:13.361+0000] {logging_mixin.py:188} INFO - [2024-11-06T07:11:13.360+0000] {dagbag.py:538} INFO - Filling up the DagBag from /home/airflow/.local/lib/python3.8/site-packages/airflow/example_dags/example_branch_datetime_operator.py
[2024-11-06T07:11:13.370+0000] {processor.py:840} INFO - DAG(s) 'example_branch_datetime_operator', 'example_branch_datetime_operator_2', 'example_branch_datetime_operator_3' retrieved from /home/airflow/.local/lib/python3.8/site-packages/airflow/example_dags/example_branch_datetime_operator.py
[2024-11-06T07:11:13.390+0000] {logging_mixin.py:188} INFO - [2024-11-06T07:11:13.390+0000] {dag.py:3036} INFO - Sync 3 DAGs
[2024-11-06T07:11:13.409+0000] {logging_mixin.py:188} INFO - [2024-11-06T07:11:13.408+0000] {dag.py:3823} INFO - Setting next_dagrun for example_branch_datetime_operator to 2024-11-05 00:00:00+00:00, run_after=2024-11-06 00:00:00+00:00
[2024-11-06T07:11:13.412+0000] {logging_mixin.py:188} INFO - [2024-11-06T07:11:13.412+0000] {dag.py:3823} INFO - Setting next_dagrun for example_branch_datetime_operator_2 to 2024-11-05 00:00:00+00:00, run_after=2024-11-06 00:00:00+00:00
[2024-11-06T07:11:13.415+0000] {logging_mixin.py:188} INFO - [2024-11-06T07:11:13.415+0000] {dag.py:3823} INFO - Setting next_dagrun for example_branch_datetime_operator_3 to 2024-11-05 00:00:00+00:00, run_after=2024-11-06 00:00:00+00:00
[2024-11-06T07:11:13.435+0000] {processor.py:183} INFO - Processing /home/airflow/.local/lib/python3.8/site-packages/airflow/example_dags/example_branch_datetime_operator.py took 0.081 seconds
[2024-11-06T07:11:43.563+0000] {processor.py:161} INFO - Started process (PID=1359) to work on /home/airflow/.local/lib/python3.8/site-packages/airflow/example_dags/example_branch_datetime_operator.py
[2024-11-06T07:11:43.564+0000] {processor.py:830} INFO - Processing file /home/airflow/.local/lib/python3.8/site-packages/airflow/example_dags/example_branch_datetime_operator.py for tasks to queue
[2024-11-06T07:11:43.566+0000] {logging_mixin.py:188} INFO - [2024-11-06T07:11:43.566+0000] {dagbag.py:538} INFO - Filling up the DagBag from /home/airflow/.local/lib/python3.8/site-packages/airflow/example_dags/example_branch_datetime_operator.py
[2024-11-06T07:11:43.577+0000] {processor.py:840} INFO - DAG(s) 'example_branch_datetime_operator_3', 'example_branch_datetime_operator', 'example_branch_datetime_operator_2' retrieved from /home/airflow/.local/lib/python3.8/site-packages/airflow/example_dags/example_branch_datetime_operator.py
[2024-11-06T07:11:43.602+0000] {logging_mixin.py:188} INFO - [2024-11-06T07:11:43.601+0000] {dag.py:3036} INFO - Sync 3 DAGs
[2024-11-06T07:11:43.620+0000] {logging_mixin.py:188} INFO - [2024-11-06T07:11:43.620+0000] {dag.py:3823} INFO - Setting next_dagrun for example_branch_datetime_operator to 2024-11-05 00:00:00+00:00, run_after=2024-11-06 00:00:00+00:00
[2024-11-06T07:11:43.624+0000] {logging_mixin.py:188} INFO - [2024-11-06T07:11:43.624+0000] {dag.py:3823} INFO - Setting next_dagrun for example_branch_datetime_operator_2 to 2024-11-05 00:00:00+00:00, run_after=2024-11-06 00:00:00+00:00
[2024-11-06T07:11:43.626+0000] {logging_mixin.py:188} INFO - [2024-11-06T07:11:43.626+0000] {dag.py:3823} INFO - Setting next_dagrun for example_branch_datetime_operator_3 to 2024-11-05 00:00:00+00:00, run_after=2024-11-06 00:00:00+00:00
[2024-11-06T07:11:43.649+0000] {processor.py:183} INFO - Processing /home/airflow/.local/lib/python3.8/site-packages/airflow/example_dags/example_branch_datetime_operator.py took 0.090 seconds
[2024-11-06T07:12:14.348+0000] {processor.py:161} INFO - Started process (PID=1416) to work on /home/airflow/.local/lib/python3.8/site-packages/airflow/example_dags/example_branch_datetime_operator.py
[2024-11-06T07:12:14.351+0000] {processor.py:830} INFO - Processing file /home/airflow/.local/lib/python3.8/site-packages/airflow/example_dags/example_branch_datetime_operator.py for tasks to queue
[2024-11-06T07:12:14.359+0000] {logging_mixin.py:188} INFO - [2024-11-06T07:12:14.359+0000] {dagbag.py:538} INFO - Filling up the DagBag from /home/airflow/.local/lib/python3.8/site-packages/airflow/example_dags/example_branch_datetime_operator.py
[2024-11-06T07:12:14.379+0000] {processor.py:840} INFO - DAG(s) 'example_branch_datetime_operator', 'example_branch_datetime_operator_2', 'example_branch_datetime_operator_3' retrieved from /home/airflow/.local/lib/python3.8/site-packages/airflow/example_dags/example_branch_datetime_operator.py
[2024-11-06T07:12:14.408+0000] {logging_mixin.py:188} INFO - [2024-11-06T07:12:14.408+0000] {dag.py:3036} INFO - Sync 3 DAGs
[2024-11-06T07:12:14.434+0000] {logging_mixin.py:188} INFO - [2024-11-06T07:12:14.433+0000] {dag.py:3823} INFO - Setting next_dagrun for example_branch_datetime_operator to 2024-11-05 00:00:00+00:00, run_after=2024-11-06 00:00:00+00:00
[2024-11-06T07:12:14.439+0000] {logging_mixin.py:188} INFO - [2024-11-06T07:12:14.439+0000] {dag.py:3823} INFO - Setting next_dagrun for example_branch_datetime_operator_2 to 2024-11-05 00:00:00+00:00, run_after=2024-11-06 00:00:00+00:00
[2024-11-06T07:12:14.442+0000] {logging_mixin.py:188} INFO - [2024-11-06T07:12:14.442+0000] {dag.py:3823} INFO - Setting next_dagrun for example_branch_datetime_operator_3 to 2024-11-05 00:00:00+00:00, run_after=2024-11-06 00:00:00+00:00
[2024-11-06T07:12:14.467+0000] {processor.py:183} INFO - Processing /home/airflow/.local/lib/python3.8/site-packages/airflow/example_dags/example_branch_datetime_operator.py took 0.136 seconds
[2024-11-06T07:14:05.232+0000] {processor.py:161} INFO - Started process (PID=88) to work on /home/airflow/.local/lib/python3.8/site-packages/airflow/example_dags/example_branch_datetime_operator.py
[2024-11-06T07:14:05.233+0000] {processor.py:830} INFO - Processing file /home/airflow/.local/lib/python3.8/site-packages/airflow/example_dags/example_branch_datetime_operator.py for tasks to queue
[2024-11-06T07:14:05.235+0000] {logging_mixin.py:188} INFO - [2024-11-06T07:14:05.235+0000] {dagbag.py:538} INFO - Filling up the DagBag from /home/airflow/.local/lib/python3.8/site-packages/airflow/example_dags/example_branch_datetime_operator.py
[2024-11-06T07:14:05.247+0000] {processor.py:840} INFO - DAG(s) 'example_branch_datetime_operator', 'example_branch_datetime_operator_2', 'example_branch_datetime_operator_3' retrieved from /home/airflow/.local/lib/python3.8/site-packages/airflow/example_dags/example_branch_datetime_operator.py
[2024-11-06T07:14:05.919+0000] {logging_mixin.py:188} INFO - [2024-11-06T07:14:05.919+0000] {dag.py:3036} INFO - Sync 3 DAGs
[2024-11-06T07:14:06.000+0000] {logging_mixin.py:188} INFO - [2024-11-06T07:14:06.000+0000] {dag.py:3823} INFO - Setting next_dagrun for example_branch_datetime_operator to 2024-11-05 00:00:00+00:00, run_after=2024-11-06 00:00:00+00:00
[2024-11-06T07:14:06.019+0000] {logging_mixin.py:188} INFO - [2024-11-06T07:14:06.019+0000] {dag.py:3823} INFO - Setting next_dagrun for example_branch_datetime_operator_2 to 2024-11-05 00:00:00+00:00, run_after=2024-11-06 00:00:00+00:00
[2024-11-06T07:14:06.028+0000] {logging_mixin.py:188} INFO - [2024-11-06T07:14:06.028+0000] {dag.py:3823} INFO - Setting next_dagrun for example_branch_datetime_operator_3 to 2024-11-05 00:00:00+00:00, run_after=2024-11-06 00:00:00+00:00
[2024-11-06T07:14:06.077+0000] {processor.py:183} INFO - Processing /home/airflow/.local/lib/python3.8/site-packages/airflow/example_dags/example_branch_datetime_operator.py took 0.847 seconds
[2024-11-06T07:14:37.079+0000] {processor.py:161} INFO - Started process (PID=145) to work on /home/airflow/.local/lib/python3.8/site-packages/airflow/example_dags/example_branch_datetime_operator.py
[2024-11-06T07:14:37.080+0000] {processor.py:830} INFO - Processing file /home/airflow/.local/lib/python3.8/site-packages/airflow/example_dags/example_branch_datetime_operator.py for tasks to queue
[2024-11-06T07:14:37.081+0000] {logging_mixin.py:188} INFO - [2024-11-06T07:14:37.081+0000] {dagbag.py:538} INFO - Filling up the DagBag from /home/airflow/.local/lib/python3.8/site-packages/airflow/example_dags/example_branch_datetime_operator.py
[2024-11-06T07:14:37.094+0000] {processor.py:840} INFO - DAG(s) 'example_branch_datetime_operator', 'example_branch_datetime_operator_3', 'example_branch_datetime_operator_2' retrieved from /home/airflow/.local/lib/python3.8/site-packages/airflow/example_dags/example_branch_datetime_operator.py
[2024-11-06T07:14:37.127+0000] {logging_mixin.py:188} INFO - [2024-11-06T07:14:37.126+0000] {dag.py:3036} INFO - Sync 3 DAGs
[2024-11-06T07:14:37.152+0000] {logging_mixin.py:188} INFO - [2024-11-06T07:14:37.151+0000] {dag.py:3823} INFO - Setting next_dagrun for example_branch_datetime_operator to 2024-11-05 00:00:00+00:00, run_after=2024-11-06 00:00:00+00:00
[2024-11-06T07:14:37.158+0000] {logging_mixin.py:188} INFO - [2024-11-06T07:14:37.158+0000] {dag.py:3823} INFO - Setting next_dagrun for example_branch_datetime_operator_2 to 2024-11-05 00:00:00+00:00, run_after=2024-11-06 00:00:00+00:00
[2024-11-06T07:14:37.161+0000] {logging_mixin.py:188} INFO - [2024-11-06T07:14:37.161+0000] {dag.py:3823} INFO - Setting next_dagrun for example_branch_datetime_operator_3 to 2024-11-05 00:00:00+00:00, run_after=2024-11-06 00:00:00+00:00
[2024-11-06T07:14:37.215+0000] {processor.py:183} INFO - Processing /home/airflow/.local/lib/python3.8/site-packages/airflow/example_dags/example_branch_datetime_operator.py took 0.139 seconds
[2024-11-06T07:15:07.998+0000] {processor.py:161} INFO - Started process (PID=202) to work on /home/airflow/.local/lib/python3.8/site-packages/airflow/example_dags/example_branch_datetime_operator.py
[2024-11-06T07:15:07.999+0000] {processor.py:830} INFO - Processing file /home/airflow/.local/lib/python3.8/site-packages/airflow/example_dags/example_branch_datetime_operator.py for tasks to queue
[2024-11-06T07:15:08.001+0000] {logging_mixin.py:188} INFO - [2024-11-06T07:15:08.001+0000] {dagbag.py:538} INFO - Filling up the DagBag from /home/airflow/.local/lib/python3.8/site-packages/airflow/example_dags/example_branch_datetime_operator.py
[2024-11-06T07:15:08.014+0000] {processor.py:840} INFO - DAG(s) 'example_branch_datetime_operator', 'example_branch_datetime_operator_3', 'example_branch_datetime_operator_2' retrieved from /home/airflow/.local/lib/python3.8/site-packages/airflow/example_dags/example_branch_datetime_operator.py
[2024-11-06T07:15:08.047+0000] {logging_mixin.py:188} INFO - [2024-11-06T07:15:08.047+0000] {dag.py:3036} INFO - Sync 3 DAGs
[2024-11-06T07:15:08.073+0000] {logging_mixin.py:188} INFO - [2024-11-06T07:15:08.073+0000] {dag.py:3823} INFO - Setting next_dagrun for example_branch_datetime_operator to 2024-11-05 00:00:00+00:00, run_after=2024-11-06 00:00:00+00:00
[2024-11-06T07:15:08.080+0000] {logging_mixin.py:188} INFO - [2024-11-06T07:15:08.080+0000] {dag.py:3823} INFO - Setting next_dagrun for example_branch_datetime_operator_2 to 2024-11-05 00:00:00+00:00, run_after=2024-11-06 00:00:00+00:00
[2024-11-06T07:15:08.083+0000] {logging_mixin.py:188} INFO - [2024-11-06T07:15:08.083+0000] {dag.py:3823} INFO - Setting next_dagrun for example_branch_datetime_operator_3 to 2024-11-05 00:00:00+00:00, run_after=2024-11-06 00:00:00+00:00
[2024-11-06T07:15:08.103+0000] {processor.py:183} INFO - Processing /home/airflow/.local/lib/python3.8/site-packages/airflow/example_dags/example_branch_datetime_operator.py took 0.108 seconds
