[2024-11-06T07:00:28.205+0000] {processor.py:161} INFO - Started process (PID=81) to work on /home/airflow/.local/lib/python3.8/site-packages/airflow/example_dags/example_latest_only_with_trigger.py
[2024-11-06T07:00:28.206+0000] {processor.py:830} INFO - Processing file /home/airflow/.local/lib/python3.8/site-packages/airflow/example_dags/example_latest_only_with_trigger.py for tasks to queue
[2024-11-06T07:00:28.217+0000] {logging_mixin.py:188} INFO - [2024-11-06T07:00:28.214+0000] {dagbag.py:538} INFO - Filling up the DagBag from /home/airflow/.local/lib/python3.8/site-packages/airflow/example_dags/example_latest_only_with_trigger.py
[2024-11-06T07:00:28.243+0000] {processor.py:840} INFO - DAG(s) 'latest_only_with_trigger' retrieved from /home/airflow/.local/lib/python3.8/site-packages/airflow/example_dags/example_latest_only_with_trigger.py
[2024-11-06T07:00:28.562+0000] {logging_mixin.py:188} INFO - [2024-11-06T07:00:28.562+0000] {dag.py:3036} INFO - Sync 1 DAGs
[2024-11-06T07:00:28.628+0000] {logging_mixin.py:188} INFO - [2024-11-06T07:00:28.627+0000] {dag.py:3823} INFO - Setting next_dagrun for latest_only_with_trigger to 2024-11-06 00:00:00+00:00, run_after=2024-11-06 04:00:00+00:00
[2024-11-06T07:00:28.706+0000] {processor.py:183} INFO - Processing /home/airflow/.local/lib/python3.8/site-packages/airflow/example_dags/example_latest_only_with_trigger.py took 0.509 seconds
[2024-11-06T07:00:59.188+0000] {processor.py:161} INFO - Started process (PID=138) to work on /home/airflow/.local/lib/python3.8/site-packages/airflow/example_dags/example_latest_only_with_trigger.py
[2024-11-06T07:00:59.189+0000] {processor.py:830} INFO - Processing file /home/airflow/.local/lib/python3.8/site-packages/airflow/example_dags/example_latest_only_with_trigger.py for tasks to queue
[2024-11-06T07:00:59.191+0000] {logging_mixin.py:188} INFO - [2024-11-06T07:00:59.191+0000] {dagbag.py:538} INFO - Filling up the DagBag from /home/airflow/.local/lib/python3.8/site-packages/airflow/example_dags/example_latest_only_with_trigger.py
[2024-11-06T07:00:59.198+0000] {processor.py:840} INFO - DAG(s) 'latest_only_with_trigger' retrieved from /home/airflow/.local/lib/python3.8/site-packages/airflow/example_dags/example_latest_only_with_trigger.py
[2024-11-06T07:00:59.220+0000] {logging_mixin.py:188} INFO - [2024-11-06T07:00:59.220+0000] {dag.py:3036} INFO - Sync 1 DAGs
[2024-11-06T07:00:59.246+0000] {logging_mixin.py:188} INFO - [2024-11-06T07:00:59.246+0000] {dag.py:3823} INFO - Setting next_dagrun for latest_only_with_trigger to 2024-11-06 00:00:00+00:00, run_after=2024-11-06 04:00:00+00:00
[2024-11-06T07:00:59.269+0000] {processor.py:183} INFO - Processing /home/airflow/.local/lib/python3.8/site-packages/airflow/example_dags/example_latest_only_with_trigger.py took 0.084 seconds
[2024-11-06T07:01:29.694+0000] {processor.py:161} INFO - Started process (PID=196) to work on /home/airflow/.local/lib/python3.8/site-packages/airflow/example_dags/example_latest_only_with_trigger.py
[2024-11-06T07:01:29.698+0000] {processor.py:830} INFO - Processing file /home/airflow/.local/lib/python3.8/site-packages/airflow/example_dags/example_latest_only_with_trigger.py for tasks to queue
[2024-11-06T07:01:29.700+0000] {logging_mixin.py:188} INFO - [2024-11-06T07:01:29.700+0000] {dagbag.py:538} INFO - Filling up the DagBag from /home/airflow/.local/lib/python3.8/site-packages/airflow/example_dags/example_latest_only_with_trigger.py
[2024-11-06T07:01:29.710+0000] {processor.py:840} INFO - DAG(s) 'latest_only_with_trigger' retrieved from /home/airflow/.local/lib/python3.8/site-packages/airflow/example_dags/example_latest_only_with_trigger.py
[2024-11-06T07:01:29.751+0000] {logging_mixin.py:188} INFO - [2024-11-06T07:01:29.750+0000] {dag.py:3036} INFO - Sync 1 DAGs
[2024-11-06T07:01:29.792+0000] {logging_mixin.py:188} INFO - [2024-11-06T07:01:29.792+0000] {dag.py:3823} INFO - Setting next_dagrun for latest_only_with_trigger to 2024-11-06 00:00:00+00:00, run_after=2024-11-06 04:00:00+00:00
[2024-11-06T07:01:29.866+0000] {processor.py:183} INFO - Processing /home/airflow/.local/lib/python3.8/site-packages/airflow/example_dags/example_latest_only_with_trigger.py took 0.183 seconds
[2024-11-06T07:02:00.778+0000] {processor.py:161} INFO - Started process (PID=254) to work on /home/airflow/.local/lib/python3.8/site-packages/airflow/example_dags/example_latest_only_with_trigger.py
[2024-11-06T07:02:00.778+0000] {processor.py:830} INFO - Processing file /home/airflow/.local/lib/python3.8/site-packages/airflow/example_dags/example_latest_only_with_trigger.py for tasks to queue
[2024-11-06T07:02:00.780+0000] {logging_mixin.py:188} INFO - [2024-11-06T07:02:00.780+0000] {dagbag.py:538} INFO - Filling up the DagBag from /home/airflow/.local/lib/python3.8/site-packages/airflow/example_dags/example_latest_only_with_trigger.py
[2024-11-06T07:02:00.786+0000] {processor.py:840} INFO - DAG(s) 'latest_only_with_trigger' retrieved from /home/airflow/.local/lib/python3.8/site-packages/airflow/example_dags/example_latest_only_with_trigger.py
[2024-11-06T07:02:00.811+0000] {logging_mixin.py:188} INFO - [2024-11-06T07:02:00.810+0000] {dag.py:3036} INFO - Sync 1 DAGs
[2024-11-06T07:02:00.852+0000] {logging_mixin.py:188} INFO - [2024-11-06T07:02:00.851+0000] {dag.py:3823} INFO - Setting next_dagrun for latest_only_with_trigger to 2024-11-06 00:00:00+00:00, run_after=2024-11-06 04:00:00+00:00
[2024-11-06T07:02:00.896+0000] {processor.py:183} INFO - Processing /home/airflow/.local/lib/python3.8/site-packages/airflow/example_dags/example_latest_only_with_trigger.py took 0.122 seconds
[2024-11-06T07:02:31.736+0000] {processor.py:161} INFO - Started process (PID=311) to work on /home/airflow/.local/lib/python3.8/site-packages/airflow/example_dags/example_latest_only_with_trigger.py
[2024-11-06T07:02:31.737+0000] {processor.py:830} INFO - Processing file /home/airflow/.local/lib/python3.8/site-packages/airflow/example_dags/example_latest_only_with_trigger.py for tasks to queue
[2024-11-06T07:02:31.739+0000] {logging_mixin.py:188} INFO - [2024-11-06T07:02:31.738+0000] {dagbag.py:538} INFO - Filling up the DagBag from /home/airflow/.local/lib/python3.8/site-packages/airflow/example_dags/example_latest_only_with_trigger.py
[2024-11-06T07:02:31.745+0000] {processor.py:840} INFO - DAG(s) 'latest_only_with_trigger' retrieved from /home/airflow/.local/lib/python3.8/site-packages/airflow/example_dags/example_latest_only_with_trigger.py
[2024-11-06T07:02:31.798+0000] {logging_mixin.py:188} INFO - [2024-11-06T07:02:31.798+0000] {dag.py:3036} INFO - Sync 1 DAGs
[2024-11-06T07:02:31.839+0000] {logging_mixin.py:188} INFO - [2024-11-06T07:02:31.839+0000] {dag.py:3823} INFO - Setting next_dagrun for latest_only_with_trigger to 2024-11-06 00:00:00+00:00, run_after=2024-11-06 04:00:00+00:00
[2024-11-06T07:02:31.865+0000] {processor.py:183} INFO - Processing /home/airflow/.local/lib/python3.8/site-packages/airflow/example_dags/example_latest_only_with_trigger.py took 0.133 seconds
[2024-11-06T07:03:02.088+0000] {processor.py:161} INFO - Started process (PID=369) to work on /home/airflow/.local/lib/python3.8/site-packages/airflow/example_dags/example_latest_only_with_trigger.py
[2024-11-06T07:03:02.089+0000] {processor.py:830} INFO - Processing file /home/airflow/.local/lib/python3.8/site-packages/airflow/example_dags/example_latest_only_with_trigger.py for tasks to queue
[2024-11-06T07:03:02.091+0000] {logging_mixin.py:188} INFO - [2024-11-06T07:03:02.091+0000] {dagbag.py:538} INFO - Filling up the DagBag from /home/airflow/.local/lib/python3.8/site-packages/airflow/example_dags/example_latest_only_with_trigger.py
[2024-11-06T07:03:02.097+0000] {processor.py:840} INFO - DAG(s) 'latest_only_with_trigger' retrieved from /home/airflow/.local/lib/python3.8/site-packages/airflow/example_dags/example_latest_only_with_trigger.py
[2024-11-06T07:03:02.121+0000] {logging_mixin.py:188} INFO - [2024-11-06T07:03:02.120+0000] {dag.py:3036} INFO - Sync 1 DAGs
[2024-11-06T07:03:02.146+0000] {logging_mixin.py:188} INFO - [2024-11-06T07:03:02.146+0000] {dag.py:3823} INFO - Setting next_dagrun for latest_only_with_trigger to 2024-11-06 00:00:00+00:00, run_after=2024-11-06 04:00:00+00:00
[2024-11-06T07:03:02.173+0000] {processor.py:183} INFO - Processing /home/airflow/.local/lib/python3.8/site-packages/airflow/example_dags/example_latest_only_with_trigger.py took 0.087 seconds
[2024-11-06T07:03:32.233+0000] {processor.py:161} INFO - Started process (PID=427) to work on /home/airflow/.local/lib/python3.8/site-packages/airflow/example_dags/example_latest_only_with_trigger.py
[2024-11-06T07:03:32.234+0000] {processor.py:830} INFO - Processing file /home/airflow/.local/lib/python3.8/site-packages/airflow/example_dags/example_latest_only_with_trigger.py for tasks to queue
[2024-11-06T07:03:32.236+0000] {logging_mixin.py:188} INFO - [2024-11-06T07:03:32.235+0000] {dagbag.py:538} INFO - Filling up the DagBag from /home/airflow/.local/lib/python3.8/site-packages/airflow/example_dags/example_latest_only_with_trigger.py
[2024-11-06T07:03:32.243+0000] {processor.py:840} INFO - DAG(s) 'latest_only_with_trigger' retrieved from /home/airflow/.local/lib/python3.8/site-packages/airflow/example_dags/example_latest_only_with_trigger.py
[2024-11-06T07:03:32.303+0000] {logging_mixin.py:188} INFO - [2024-11-06T07:03:32.303+0000] {dag.py:3036} INFO - Sync 1 DAGs
[2024-11-06T07:03:32.355+0000] {logging_mixin.py:188} INFO - [2024-11-06T07:03:32.354+0000] {dag.py:3823} INFO - Setting next_dagrun for latest_only_with_trigger to 2024-11-06 00:00:00+00:00, run_after=2024-11-06 04:00:00+00:00
[2024-11-06T07:03:32.400+0000] {processor.py:183} INFO - Processing /home/airflow/.local/lib/python3.8/site-packages/airflow/example_dags/example_latest_only_with_trigger.py took 0.173 seconds
[2024-11-06T07:04:03.103+0000] {processor.py:161} INFO - Started process (PID=484) to work on /home/airflow/.local/lib/python3.8/site-packages/airflow/example_dags/example_latest_only_with_trigger.py
[2024-11-06T07:04:03.104+0000] {processor.py:830} INFO - Processing file /home/airflow/.local/lib/python3.8/site-packages/airflow/example_dags/example_latest_only_with_trigger.py for tasks to queue
[2024-11-06T07:04:03.110+0000] {logging_mixin.py:188} INFO - [2024-11-06T07:04:03.110+0000] {dagbag.py:538} INFO - Filling up the DagBag from /home/airflow/.local/lib/python3.8/site-packages/airflow/example_dags/example_latest_only_with_trigger.py
[2024-11-06T07:04:03.119+0000] {processor.py:840} INFO - DAG(s) 'latest_only_with_trigger' retrieved from /home/airflow/.local/lib/python3.8/site-packages/airflow/example_dags/example_latest_only_with_trigger.py
[2024-11-06T07:04:03.145+0000] {logging_mixin.py:188} INFO - [2024-11-06T07:04:03.144+0000] {dag.py:3036} INFO - Sync 1 DAGs
[2024-11-06T07:04:03.169+0000] {logging_mixin.py:188} INFO - [2024-11-06T07:04:03.169+0000] {dag.py:3823} INFO - Setting next_dagrun for latest_only_with_trigger to 2024-11-06 00:00:00+00:00, run_after=2024-11-06 04:00:00+00:00
[2024-11-06T07:04:03.216+0000] {processor.py:183} INFO - Processing /home/airflow/.local/lib/python3.8/site-packages/airflow/example_dags/example_latest_only_with_trigger.py took 0.122 seconds
[2024-11-06T07:04:33.506+0000] {processor.py:161} INFO - Started process (PID=542) to work on /home/airflow/.local/lib/python3.8/site-packages/airflow/example_dags/example_latest_only_with_trigger.py
[2024-11-06T07:04:33.507+0000] {processor.py:830} INFO - Processing file /home/airflow/.local/lib/python3.8/site-packages/airflow/example_dags/example_latest_only_with_trigger.py for tasks to queue
[2024-11-06T07:04:33.509+0000] {logging_mixin.py:188} INFO - [2024-11-06T07:04:33.509+0000] {dagbag.py:538} INFO - Filling up the DagBag from /home/airflow/.local/lib/python3.8/site-packages/airflow/example_dags/example_latest_only_with_trigger.py
[2024-11-06T07:04:33.528+0000] {processor.py:840} INFO - DAG(s) 'latest_only_with_trigger' retrieved from /home/airflow/.local/lib/python3.8/site-packages/airflow/example_dags/example_latest_only_with_trigger.py
[2024-11-06T07:04:33.586+0000] {logging_mixin.py:188} INFO - [2024-11-06T07:04:33.586+0000] {dag.py:3036} INFO - Sync 1 DAGs
[2024-11-06T07:04:33.640+0000] {logging_mixin.py:188} INFO - [2024-11-06T07:04:33.639+0000] {dag.py:3823} INFO - Setting next_dagrun for latest_only_with_trigger to 2024-11-06 00:00:00+00:00, run_after=2024-11-06 04:00:00+00:00
[2024-11-06T07:04:33.683+0000] {processor.py:183} INFO - Processing /home/airflow/.local/lib/python3.8/site-packages/airflow/example_dags/example_latest_only_with_trigger.py took 0.192 seconds
[2024-11-06T07:05:03.722+0000] {processor.py:161} INFO - Started process (PID=599) to work on /home/airflow/.local/lib/python3.8/site-packages/airflow/example_dags/example_latest_only_with_trigger.py
[2024-11-06T07:05:03.723+0000] {processor.py:830} INFO - Processing file /home/airflow/.local/lib/python3.8/site-packages/airflow/example_dags/example_latest_only_with_trigger.py for tasks to queue
[2024-11-06T07:05:03.724+0000] {logging_mixin.py:188} INFO - [2024-11-06T07:05:03.724+0000] {dagbag.py:538} INFO - Filling up the DagBag from /home/airflow/.local/lib/python3.8/site-packages/airflow/example_dags/example_latest_only_with_trigger.py
[2024-11-06T07:05:03.728+0000] {processor.py:840} INFO - DAG(s) 'latest_only_with_trigger' retrieved from /home/airflow/.local/lib/python3.8/site-packages/airflow/example_dags/example_latest_only_with_trigger.py
[2024-11-06T07:05:03.745+0000] {logging_mixin.py:188} INFO - [2024-11-06T07:05:03.745+0000] {dag.py:3036} INFO - Sync 1 DAGs
[2024-11-06T07:05:03.761+0000] {logging_mixin.py:188} INFO - [2024-11-06T07:05:03.761+0000] {dag.py:3823} INFO - Setting next_dagrun for latest_only_with_trigger to 2024-11-06 00:00:00+00:00, run_after=2024-11-06 04:00:00+00:00
[2024-11-06T07:05:03.787+0000] {processor.py:183} INFO - Processing /home/airflow/.local/lib/python3.8/site-packages/airflow/example_dags/example_latest_only_with_trigger.py took 0.068 seconds
[2024-11-06T07:05:33.959+0000] {processor.py:161} INFO - Started process (PID=656) to work on /home/airflow/.local/lib/python3.8/site-packages/airflow/example_dags/example_latest_only_with_trigger.py
[2024-11-06T07:05:33.962+0000] {processor.py:830} INFO - Processing file /home/airflow/.local/lib/python3.8/site-packages/airflow/example_dags/example_latest_only_with_trigger.py for tasks to queue
[2024-11-06T07:05:33.970+0000] {logging_mixin.py:188} INFO - [2024-11-06T07:05:33.965+0000] {dagbag.py:538} INFO - Filling up the DagBag from /home/airflow/.local/lib/python3.8/site-packages/airflow/example_dags/example_latest_only_with_trigger.py
[2024-11-06T07:05:33.986+0000] {processor.py:840} INFO - DAG(s) 'latest_only_with_trigger' retrieved from /home/airflow/.local/lib/python3.8/site-packages/airflow/example_dags/example_latest_only_with_trigger.py
[2024-11-06T07:05:34.071+0000] {logging_mixin.py:188} INFO - [2024-11-06T07:05:34.071+0000] {dag.py:3036} INFO - Sync 1 DAGs
[2024-11-06T07:05:34.118+0000] {logging_mixin.py:188} INFO - [2024-11-06T07:05:34.117+0000] {dag.py:3823} INFO - Setting next_dagrun for latest_only_with_trigger to 2024-11-06 00:00:00+00:00, run_after=2024-11-06 04:00:00+00:00
[2024-11-06T07:05:34.168+0000] {processor.py:183} INFO - Processing /home/airflow/.local/lib/python3.8/site-packages/airflow/example_dags/example_latest_only_with_trigger.py took 0.224 seconds
[2024-11-06T07:06:04.255+0000] {processor.py:161} INFO - Started process (PID=713) to work on /home/airflow/.local/lib/python3.8/site-packages/airflow/example_dags/example_latest_only_with_trigger.py
[2024-11-06T07:06:04.256+0000] {processor.py:830} INFO - Processing file /home/airflow/.local/lib/python3.8/site-packages/airflow/example_dags/example_latest_only_with_trigger.py for tasks to queue
[2024-11-06T07:06:04.257+0000] {logging_mixin.py:188} INFO - [2024-11-06T07:06:04.257+0000] {dagbag.py:538} INFO - Filling up the DagBag from /home/airflow/.local/lib/python3.8/site-packages/airflow/example_dags/example_latest_only_with_trigger.py
[2024-11-06T07:06:04.261+0000] {processor.py:840} INFO - DAG(s) 'latest_only_with_trigger' retrieved from /home/airflow/.local/lib/python3.8/site-packages/airflow/example_dags/example_latest_only_with_trigger.py
[2024-11-06T07:06:04.278+0000] {logging_mixin.py:188} INFO - [2024-11-06T07:06:04.278+0000] {dag.py:3036} INFO - Sync 1 DAGs
[2024-11-06T07:06:04.296+0000] {logging_mixin.py:188} INFO - [2024-11-06T07:06:04.296+0000] {dag.py:3823} INFO - Setting next_dagrun for latest_only_with_trigger to 2024-11-06 00:00:00+00:00, run_after=2024-11-06 04:00:00+00:00
[2024-11-06T07:06:04.316+0000] {processor.py:183} INFO - Processing /home/airflow/.local/lib/python3.8/site-packages/airflow/example_dags/example_latest_only_with_trigger.py took 0.065 seconds
[2024-11-06T07:06:34.929+0000] {processor.py:161} INFO - Started process (PID=770) to work on /home/airflow/.local/lib/python3.8/site-packages/airflow/example_dags/example_latest_only_with_trigger.py
[2024-11-06T07:06:34.930+0000] {processor.py:830} INFO - Processing file /home/airflow/.local/lib/python3.8/site-packages/airflow/example_dags/example_latest_only_with_trigger.py for tasks to queue
[2024-11-06T07:06:34.931+0000] {logging_mixin.py:188} INFO - [2024-11-06T07:06:34.931+0000] {dagbag.py:538} INFO - Filling up the DagBag from /home/airflow/.local/lib/python3.8/site-packages/airflow/example_dags/example_latest_only_with_trigger.py
[2024-11-06T07:06:34.936+0000] {processor.py:840} INFO - DAG(s) 'latest_only_with_trigger' retrieved from /home/airflow/.local/lib/python3.8/site-packages/airflow/example_dags/example_latest_only_with_trigger.py
[2024-11-06T07:06:34.957+0000] {logging_mixin.py:188} INFO - [2024-11-06T07:06:34.957+0000] {dag.py:3036} INFO - Sync 1 DAGs
[2024-11-06T07:06:34.981+0000] {logging_mixin.py:188} INFO - [2024-11-06T07:06:34.981+0000] {dag.py:3823} INFO - Setting next_dagrun for latest_only_with_trigger to 2024-11-06 00:00:00+00:00, run_after=2024-11-06 04:00:00+00:00
[2024-11-06T07:06:35.014+0000] {processor.py:183} INFO - Processing /home/airflow/.local/lib/python3.8/site-packages/airflow/example_dags/example_latest_only_with_trigger.py took 0.087 seconds
[2024-11-06T07:07:05.619+0000] {processor.py:161} INFO - Started process (PID=828) to work on /home/airflow/.local/lib/python3.8/site-packages/airflow/example_dags/example_latest_only_with_trigger.py
[2024-11-06T07:07:05.620+0000] {processor.py:830} INFO - Processing file /home/airflow/.local/lib/python3.8/site-packages/airflow/example_dags/example_latest_only_with_trigger.py for tasks to queue
[2024-11-06T07:07:05.621+0000] {logging_mixin.py:188} INFO - [2024-11-06T07:07:05.621+0000] {dagbag.py:538} INFO - Filling up the DagBag from /home/airflow/.local/lib/python3.8/site-packages/airflow/example_dags/example_latest_only_with_trigger.py
[2024-11-06T07:07:05.626+0000] {processor.py:840} INFO - DAG(s) 'latest_only_with_trigger' retrieved from /home/airflow/.local/lib/python3.8/site-packages/airflow/example_dags/example_latest_only_with_trigger.py
[2024-11-06T07:07:05.648+0000] {logging_mixin.py:188} INFO - [2024-11-06T07:07:05.647+0000] {dag.py:3036} INFO - Sync 1 DAGs
[2024-11-06T07:07:05.673+0000] {logging_mixin.py:188} INFO - [2024-11-06T07:07:05.673+0000] {dag.py:3823} INFO - Setting next_dagrun for latest_only_with_trigger to 2024-11-06 00:00:00+00:00, run_after=2024-11-06 04:00:00+00:00
[2024-11-06T07:07:05.701+0000] {processor.py:183} INFO - Processing /home/airflow/.local/lib/python3.8/site-packages/airflow/example_dags/example_latest_only_with_trigger.py took 0.086 seconds
[2024-11-06T07:07:36.403+0000] {processor.py:161} INFO - Started process (PID=885) to work on /home/airflow/.local/lib/python3.8/site-packages/airflow/example_dags/example_latest_only_with_trigger.py
[2024-11-06T07:07:36.411+0000] {processor.py:830} INFO - Processing file /home/airflow/.local/lib/python3.8/site-packages/airflow/example_dags/example_latest_only_with_trigger.py for tasks to queue
[2024-11-06T07:07:36.413+0000] {logging_mixin.py:188} INFO - [2024-11-06T07:07:36.412+0000] {dagbag.py:538} INFO - Filling up the DagBag from /home/airflow/.local/lib/python3.8/site-packages/airflow/example_dags/example_latest_only_with_trigger.py
[2024-11-06T07:07:36.419+0000] {processor.py:840} INFO - DAG(s) 'latest_only_with_trigger' retrieved from /home/airflow/.local/lib/python3.8/site-packages/airflow/example_dags/example_latest_only_with_trigger.py
[2024-11-06T07:07:36.445+0000] {logging_mixin.py:188} INFO - [2024-11-06T07:07:36.445+0000] {dag.py:3036} INFO - Sync 1 DAGs
[2024-11-06T07:07:36.471+0000] {logging_mixin.py:188} INFO - [2024-11-06T07:07:36.470+0000] {dag.py:3823} INFO - Setting next_dagrun for latest_only_with_trigger to 2024-11-06 00:00:00+00:00, run_after=2024-11-06 04:00:00+00:00
[2024-11-06T07:07:36.493+0000] {processor.py:183} INFO - Processing /home/airflow/.local/lib/python3.8/site-packages/airflow/example_dags/example_latest_only_with_trigger.py took 0.094 seconds
[2024-11-06T07:08:06.619+0000] {processor.py:161} INFO - Started process (PID=943) to work on /home/airflow/.local/lib/python3.8/site-packages/airflow/example_dags/example_latest_only_with_trigger.py
[2024-11-06T07:08:06.620+0000] {processor.py:830} INFO - Processing file /home/airflow/.local/lib/python3.8/site-packages/airflow/example_dags/example_latest_only_with_trigger.py for tasks to queue
[2024-11-06T07:08:06.621+0000] {logging_mixin.py:188} INFO - [2024-11-06T07:08:06.621+0000] {dagbag.py:538} INFO - Filling up the DagBag from /home/airflow/.local/lib/python3.8/site-packages/airflow/example_dags/example_latest_only_with_trigger.py
[2024-11-06T07:08:06.628+0000] {processor.py:840} INFO - DAG(s) 'latest_only_with_trigger' retrieved from /home/airflow/.local/lib/python3.8/site-packages/airflow/example_dags/example_latest_only_with_trigger.py
[2024-11-06T07:08:06.651+0000] {logging_mixin.py:188} INFO - [2024-11-06T07:08:06.651+0000] {dag.py:3036} INFO - Sync 1 DAGs
[2024-11-06T07:08:06.670+0000] {logging_mixin.py:188} INFO - [2024-11-06T07:08:06.670+0000] {dag.py:3823} INFO - Setting next_dagrun for latest_only_with_trigger to 2024-11-06 00:00:00+00:00, run_after=2024-11-06 04:00:00+00:00
[2024-11-06T07:08:06.691+0000] {processor.py:183} INFO - Processing /home/airflow/.local/lib/python3.8/site-packages/airflow/example_dags/example_latest_only_with_trigger.py took 0.076 seconds
[2024-11-06T07:08:36.874+0000] {processor.py:161} INFO - Started process (PID=1001) to work on /home/airflow/.local/lib/python3.8/site-packages/airflow/example_dags/example_latest_only_with_trigger.py
[2024-11-06T07:08:36.875+0000] {processor.py:830} INFO - Processing file /home/airflow/.local/lib/python3.8/site-packages/airflow/example_dags/example_latest_only_with_trigger.py for tasks to queue
[2024-11-06T07:08:36.878+0000] {logging_mixin.py:188} INFO - [2024-11-06T07:08:36.877+0000] {dagbag.py:538} INFO - Filling up the DagBag from /home/airflow/.local/lib/python3.8/site-packages/airflow/example_dags/example_latest_only_with_trigger.py
[2024-11-06T07:08:36.884+0000] {processor.py:840} INFO - DAG(s) 'latest_only_with_trigger' retrieved from /home/airflow/.local/lib/python3.8/site-packages/airflow/example_dags/example_latest_only_with_trigger.py
[2024-11-06T07:08:36.907+0000] {logging_mixin.py:188} INFO - [2024-11-06T07:08:36.906+0000] {dag.py:3036} INFO - Sync 1 DAGs
[2024-11-06T07:08:36.932+0000] {logging_mixin.py:188} INFO - [2024-11-06T07:08:36.932+0000] {dag.py:3823} INFO - Setting next_dagrun for latest_only_with_trigger to 2024-11-06 00:00:00+00:00, run_after=2024-11-06 04:00:00+00:00
[2024-11-06T07:08:36.955+0000] {processor.py:183} INFO - Processing /home/airflow/.local/lib/python3.8/site-packages/airflow/example_dags/example_latest_only_with_trigger.py took 0.087 seconds
[2024-11-06T07:09:07.434+0000] {processor.py:161} INFO - Started process (PID=1058) to work on /home/airflow/.local/lib/python3.8/site-packages/airflow/example_dags/example_latest_only_with_trigger.py
[2024-11-06T07:09:07.435+0000] {processor.py:830} INFO - Processing file /home/airflow/.local/lib/python3.8/site-packages/airflow/example_dags/example_latest_only_with_trigger.py for tasks to queue
[2024-11-06T07:09:07.436+0000] {logging_mixin.py:188} INFO - [2024-11-06T07:09:07.436+0000] {dagbag.py:538} INFO - Filling up the DagBag from /home/airflow/.local/lib/python3.8/site-packages/airflow/example_dags/example_latest_only_with_trigger.py
[2024-11-06T07:09:07.442+0000] {processor.py:840} INFO - DAG(s) 'latest_only_with_trigger' retrieved from /home/airflow/.local/lib/python3.8/site-packages/airflow/example_dags/example_latest_only_with_trigger.py
[2024-11-06T07:09:07.465+0000] {logging_mixin.py:188} INFO - [2024-11-06T07:09:07.465+0000] {dag.py:3036} INFO - Sync 1 DAGs
[2024-11-06T07:09:07.492+0000] {logging_mixin.py:188} INFO - [2024-11-06T07:09:07.491+0000] {dag.py:3823} INFO - Setting next_dagrun for latest_only_with_trigger to 2024-11-06 00:00:00+00:00, run_after=2024-11-06 04:00:00+00:00
[2024-11-06T07:09:07.516+0000] {processor.py:183} INFO - Processing /home/airflow/.local/lib/python3.8/site-packages/airflow/example_dags/example_latest_only_with_trigger.py took 0.086 seconds
[2024-11-06T07:09:38.133+0000] {processor.py:161} INFO - Started process (PID=1116) to work on /home/airflow/.local/lib/python3.8/site-packages/airflow/example_dags/example_latest_only_with_trigger.py
[2024-11-06T07:09:38.134+0000] {processor.py:830} INFO - Processing file /home/airflow/.local/lib/python3.8/site-packages/airflow/example_dags/example_latest_only_with_trigger.py for tasks to queue
[2024-11-06T07:09:38.136+0000] {logging_mixin.py:188} INFO - [2024-11-06T07:09:38.136+0000] {dagbag.py:538} INFO - Filling up the DagBag from /home/airflow/.local/lib/python3.8/site-packages/airflow/example_dags/example_latest_only_with_trigger.py
[2024-11-06T07:09:38.143+0000] {processor.py:840} INFO - DAG(s) 'latest_only_with_trigger' retrieved from /home/airflow/.local/lib/python3.8/site-packages/airflow/example_dags/example_latest_only_with_trigger.py
[2024-11-06T07:09:38.179+0000] {logging_mixin.py:188} INFO - [2024-11-06T07:09:38.178+0000] {dag.py:3036} INFO - Sync 1 DAGs
[2024-11-06T07:09:38.210+0000] {logging_mixin.py:188} INFO - [2024-11-06T07:09:38.210+0000] {dag.py:3823} INFO - Setting next_dagrun for latest_only_with_trigger to 2024-11-06 00:00:00+00:00, run_after=2024-11-06 04:00:00+00:00
[2024-11-06T07:09:38.236+0000] {processor.py:183} INFO - Processing /home/airflow/.local/lib/python3.8/site-packages/airflow/example_dags/example_latest_only_with_trigger.py took 0.109 seconds
[2024-11-06T07:10:08.592+0000] {processor.py:161} INFO - Started process (PID=1173) to work on /home/airflow/.local/lib/python3.8/site-packages/airflow/example_dags/example_latest_only_with_trigger.py
[2024-11-06T07:10:08.593+0000] {processor.py:830} INFO - Processing file /home/airflow/.local/lib/python3.8/site-packages/airflow/example_dags/example_latest_only_with_trigger.py for tasks to queue
[2024-11-06T07:10:08.595+0000] {logging_mixin.py:188} INFO - [2024-11-06T07:10:08.595+0000] {dagbag.py:538} INFO - Filling up the DagBag from /home/airflow/.local/lib/python3.8/site-packages/airflow/example_dags/example_latest_only_with_trigger.py
[2024-11-06T07:10:08.602+0000] {processor.py:840} INFO - DAG(s) 'latest_only_with_trigger' retrieved from /home/airflow/.local/lib/python3.8/site-packages/airflow/example_dags/example_latest_only_with_trigger.py
[2024-11-06T07:10:08.652+0000] {logging_mixin.py:188} INFO - [2024-11-06T07:10:08.652+0000] {dag.py:3036} INFO - Sync 1 DAGs
[2024-11-06T07:10:08.701+0000] {logging_mixin.py:188} INFO - [2024-11-06T07:10:08.701+0000] {dag.py:3823} INFO - Setting next_dagrun for latest_only_with_trigger to 2024-11-06 00:00:00+00:00, run_after=2024-11-06 04:00:00+00:00
[2024-11-06T07:10:08.730+0000] {processor.py:183} INFO - Processing /home/airflow/.local/lib/python3.8/site-packages/airflow/example_dags/example_latest_only_with_trigger.py took 0.141 seconds
[2024-11-06T07:10:38.967+0000] {processor.py:161} INFO - Started process (PID=1236) to work on /home/airflow/.local/lib/python3.8/site-packages/airflow/example_dags/example_latest_only_with_trigger.py
[2024-11-06T07:10:38.968+0000] {processor.py:830} INFO - Processing file /home/airflow/.local/lib/python3.8/site-packages/airflow/example_dags/example_latest_only_with_trigger.py for tasks to queue
[2024-11-06T07:10:38.969+0000] {logging_mixin.py:188} INFO - [2024-11-06T07:10:38.969+0000] {dagbag.py:538} INFO - Filling up the DagBag from /home/airflow/.local/lib/python3.8/site-packages/airflow/example_dags/example_latest_only_with_trigger.py
[2024-11-06T07:10:38.976+0000] {processor.py:840} INFO - DAG(s) 'latest_only_with_trigger' retrieved from /home/airflow/.local/lib/python3.8/site-packages/airflow/example_dags/example_latest_only_with_trigger.py
[2024-11-06T07:10:38.998+0000] {logging_mixin.py:188} INFO - [2024-11-06T07:10:38.998+0000] {dag.py:3036} INFO - Sync 1 DAGs
[2024-11-06T07:10:39.023+0000] {logging_mixin.py:188} INFO - [2024-11-06T07:10:39.023+0000] {dag.py:3823} INFO - Setting next_dagrun for latest_only_with_trigger to 2024-11-06 00:00:00+00:00, run_after=2024-11-06 04:00:00+00:00
[2024-11-06T07:10:39.048+0000] {processor.py:183} INFO - Processing /home/airflow/.local/lib/python3.8/site-packages/airflow/example_dags/example_latest_only_with_trigger.py took 0.085 seconds
[2024-11-06T07:11:09.626+0000] {processor.py:161} INFO - Started process (PID=1293) to work on /home/airflow/.local/lib/python3.8/site-packages/airflow/example_dags/example_latest_only_with_trigger.py
[2024-11-06T07:11:09.628+0000] {processor.py:830} INFO - Processing file /home/airflow/.local/lib/python3.8/site-packages/airflow/example_dags/example_latest_only_with_trigger.py for tasks to queue
[2024-11-06T07:11:09.630+0000] {logging_mixin.py:188} INFO - [2024-11-06T07:11:09.630+0000] {dagbag.py:538} INFO - Filling up the DagBag from /home/airflow/.local/lib/python3.8/site-packages/airflow/example_dags/example_latest_only_with_trigger.py
[2024-11-06T07:11:09.638+0000] {processor.py:840} INFO - DAG(s) 'latest_only_with_trigger' retrieved from /home/airflow/.local/lib/python3.8/site-packages/airflow/example_dags/example_latest_only_with_trigger.py
[2024-11-06T07:11:09.697+0000] {logging_mixin.py:188} INFO - [2024-11-06T07:11:09.697+0000] {dag.py:3036} INFO - Sync 1 DAGs
[2024-11-06T07:11:09.752+0000] {logging_mixin.py:188} INFO - [2024-11-06T07:11:09.752+0000] {dag.py:3823} INFO - Setting next_dagrun for latest_only_with_trigger to 2024-11-06 00:00:00+00:00, run_after=2024-11-06 04:00:00+00:00
[2024-11-06T07:11:09.826+0000] {processor.py:183} INFO - Processing /home/airflow/.local/lib/python3.8/site-packages/airflow/example_dags/example_latest_only_with_trigger.py took 0.204 seconds
[2024-11-06T07:11:39.909+0000] {processor.py:161} INFO - Started process (PID=1350) to work on /home/airflow/.local/lib/python3.8/site-packages/airflow/example_dags/example_latest_only_with_trigger.py
[2024-11-06T07:11:39.910+0000] {processor.py:830} INFO - Processing file /home/airflow/.local/lib/python3.8/site-packages/airflow/example_dags/example_latest_only_with_trigger.py for tasks to queue
[2024-11-06T07:11:39.911+0000] {logging_mixin.py:188} INFO - [2024-11-06T07:11:39.911+0000] {dagbag.py:538} INFO - Filling up the DagBag from /home/airflow/.local/lib/python3.8/site-packages/airflow/example_dags/example_latest_only_with_trigger.py
[2024-11-06T07:11:39.918+0000] {processor.py:840} INFO - DAG(s) 'latest_only_with_trigger' retrieved from /home/airflow/.local/lib/python3.8/site-packages/airflow/example_dags/example_latest_only_with_trigger.py
[2024-11-06T07:11:39.942+0000] {logging_mixin.py:188} INFO - [2024-11-06T07:11:39.942+0000] {dag.py:3036} INFO - Sync 1 DAGs
[2024-11-06T07:11:39.992+0000] {logging_mixin.py:188} INFO - [2024-11-06T07:11:39.992+0000] {dag.py:3823} INFO - Setting next_dagrun for latest_only_with_trigger to 2024-11-06 00:00:00+00:00, run_after=2024-11-06 04:00:00+00:00
[2024-11-06T07:11:40.021+0000] {processor.py:183} INFO - Processing /home/airflow/.local/lib/python3.8/site-packages/airflow/example_dags/example_latest_only_with_trigger.py took 0.115 seconds
[2024-11-06T07:12:10.404+0000] {processor.py:161} INFO - Started process (PID=1407) to work on /home/airflow/.local/lib/python3.8/site-packages/airflow/example_dags/example_latest_only_with_trigger.py
[2024-11-06T07:12:10.404+0000] {processor.py:830} INFO - Processing file /home/airflow/.local/lib/python3.8/site-packages/airflow/example_dags/example_latest_only_with_trigger.py for tasks to queue
[2024-11-06T07:12:10.406+0000] {logging_mixin.py:188} INFO - [2024-11-06T07:12:10.405+0000] {dagbag.py:538} INFO - Filling up the DagBag from /home/airflow/.local/lib/python3.8/site-packages/airflow/example_dags/example_latest_only_with_trigger.py
[2024-11-06T07:12:10.416+0000] {processor.py:840} INFO - DAG(s) 'latest_only_with_trigger' retrieved from /home/airflow/.local/lib/python3.8/site-packages/airflow/example_dags/example_latest_only_with_trigger.py
[2024-11-06T07:12:10.439+0000] {logging_mixin.py:188} INFO - [2024-11-06T07:12:10.439+0000] {dag.py:3036} INFO - Sync 1 DAGs
[2024-11-06T07:12:10.464+0000] {logging_mixin.py:188} INFO - [2024-11-06T07:12:10.464+0000] {dag.py:3823} INFO - Setting next_dagrun for latest_only_with_trigger to 2024-11-06 00:00:00+00:00, run_after=2024-11-06 04:00:00+00:00
[2024-11-06T07:12:10.487+0000] {processor.py:183} INFO - Processing /home/airflow/.local/lib/python3.8/site-packages/airflow/example_dags/example_latest_only_with_trigger.py took 0.086 seconds
[2024-11-06T07:14:01.231+0000] {processor.py:161} INFO - Started process (PID=79) to work on /home/airflow/.local/lib/python3.8/site-packages/airflow/example_dags/example_latest_only_with_trigger.py
[2024-11-06T07:14:01.239+0000] {processor.py:830} INFO - Processing file /home/airflow/.local/lib/python3.8/site-packages/airflow/example_dags/example_latest_only_with_trigger.py for tasks to queue
[2024-11-06T07:14:01.246+0000] {logging_mixin.py:188} INFO - [2024-11-06T07:14:01.245+0000] {dagbag.py:538} INFO - Filling up the DagBag from /home/airflow/.local/lib/python3.8/site-packages/airflow/example_dags/example_latest_only_with_trigger.py
[2024-11-06T07:14:01.276+0000] {processor.py:840} INFO - DAG(s) 'latest_only_with_trigger' retrieved from /home/airflow/.local/lib/python3.8/site-packages/airflow/example_dags/example_latest_only_with_trigger.py
[2024-11-06T07:14:01.682+0000] {logging_mixin.py:188} INFO - [2024-11-06T07:14:01.681+0000] {dag.py:3036} INFO - Sync 1 DAGs
[2024-11-06T07:14:01.785+0000] {logging_mixin.py:188} INFO - [2024-11-06T07:14:01.784+0000] {dag.py:3823} INFO - Setting next_dagrun for latest_only_with_trigger to 2024-11-06 00:00:00+00:00, run_after=2024-11-06 04:00:00+00:00
[2024-11-06T07:14:01.864+0000] {processor.py:183} INFO - Processing /home/airflow/.local/lib/python3.8/site-packages/airflow/example_dags/example_latest_only_with_trigger.py took 0.645 seconds
[2024-11-06T07:14:32.517+0000] {processor.py:161} INFO - Started process (PID=136) to work on /home/airflow/.local/lib/python3.8/site-packages/airflow/example_dags/example_latest_only_with_trigger.py
[2024-11-06T07:14:32.518+0000] {processor.py:830} INFO - Processing file /home/airflow/.local/lib/python3.8/site-packages/airflow/example_dags/example_latest_only_with_trigger.py for tasks to queue
[2024-11-06T07:14:32.519+0000] {logging_mixin.py:188} INFO - [2024-11-06T07:14:32.519+0000] {dagbag.py:538} INFO - Filling up the DagBag from /home/airflow/.local/lib/python3.8/site-packages/airflow/example_dags/example_latest_only_with_trigger.py
[2024-11-06T07:14:32.525+0000] {processor.py:840} INFO - DAG(s) 'latest_only_with_trigger' retrieved from /home/airflow/.local/lib/python3.8/site-packages/airflow/example_dags/example_latest_only_with_trigger.py
[2024-11-06T07:14:32.546+0000] {logging_mixin.py:188} INFO - [2024-11-06T07:14:32.546+0000] {dag.py:3036} INFO - Sync 1 DAGs
[2024-11-06T07:14:32.570+0000] {logging_mixin.py:188} INFO - [2024-11-06T07:14:32.570+0000] {dag.py:3823} INFO - Setting next_dagrun for latest_only_with_trigger to 2024-11-06 00:00:00+00:00, run_after=2024-11-06 04:00:00+00:00
[2024-11-06T07:14:32.604+0000] {processor.py:183} INFO - Processing /home/airflow/.local/lib/python3.8/site-packages/airflow/example_dags/example_latest_only_with_trigger.py took 0.090 seconds
[2024-11-06T07:15:03.380+0000] {processor.py:161} INFO - Started process (PID=193) to work on /home/airflow/.local/lib/python3.8/site-packages/airflow/example_dags/example_latest_only_with_trigger.py
[2024-11-06T07:15:03.381+0000] {processor.py:830} INFO - Processing file /home/airflow/.local/lib/python3.8/site-packages/airflow/example_dags/example_latest_only_with_trigger.py for tasks to queue
[2024-11-06T07:15:03.383+0000] {logging_mixin.py:188} INFO - [2024-11-06T07:15:03.382+0000] {dagbag.py:538} INFO - Filling up the DagBag from /home/airflow/.local/lib/python3.8/site-packages/airflow/example_dags/example_latest_only_with_trigger.py
[2024-11-06T07:15:03.389+0000] {processor.py:840} INFO - DAG(s) 'latest_only_with_trigger' retrieved from /home/airflow/.local/lib/python3.8/site-packages/airflow/example_dags/example_latest_only_with_trigger.py
[2024-11-06T07:15:03.414+0000] {logging_mixin.py:188} INFO - [2024-11-06T07:15:03.413+0000] {dag.py:3036} INFO - Sync 1 DAGs
[2024-11-06T07:15:03.442+0000] {logging_mixin.py:188} INFO - [2024-11-06T07:15:03.441+0000] {dag.py:3823} INFO - Setting next_dagrun for latest_only_with_trigger to 2024-11-06 00:00:00+00:00, run_after=2024-11-06 04:00:00+00:00
[2024-11-06T07:15:03.464+0000] {processor.py:183} INFO - Processing /home/airflow/.local/lib/python3.8/site-packages/airflow/example_dags/example_latest_only_with_trigger.py took 0.088 seconds
