[2024-11-06T07:00:23.255+0000] {processor.py:161} INFO - Started process (PID=68) to work on /home/airflow/.local/lib/python3.8/site-packages/airflow/example_dags/example_xcomargs.py
[2024-11-06T07:00:23.256+0000] {processor.py:830} INFO - Processing file /home/airflow/.local/lib/python3.8/site-packages/airflow/example_dags/example_xcomargs.py for tasks to queue
[2024-11-06T07:00:23.258+0000] {logging_mixin.py:188} INFO - [2024-11-06T07:00:23.258+0000] {dagbag.py:538} INFO - Filling up the DagBag from /home/airflow/.local/lib/python3.8/site-packages/airflow/example_dags/example_xcomargs.py
[2024-11-06T07:00:23.272+0000] {processor.py:840} INFO - DAG(s) 'example_xcom_args_with_operators', 'example_xcom_args' retrieved from /home/airflow/.local/lib/python3.8/site-packages/airflow/example_dags/example_xcomargs.py
[2024-11-06T07:00:23.500+0000] {logging_mixin.py:188} INFO - [2024-11-06T07:00:23.500+0000] {dag.py:3036} INFO - Sync 2 DAGs
[2024-11-06T07:00:23.520+0000] {logging_mixin.py:188} INFO - [2024-11-06T07:00:23.520+0000] {dag.py:3823} INFO - Setting next_dagrun for example_xcom_args to None, run_after=None
[2024-11-06T07:00:23.534+0000] {logging_mixin.py:188} INFO - [2024-11-06T07:00:23.534+0000] {dag.py:3823} INFO - Setting next_dagrun for example_xcom_args_with_operators to None, run_after=None
[2024-11-06T07:00:23.579+0000] {processor.py:183} INFO - Processing /home/airflow/.local/lib/python3.8/site-packages/airflow/example_dags/example_xcomargs.py took 0.328 seconds
[2024-11-06T07:00:54.435+0000] {processor.py:161} INFO - Started process (PID=125) to work on /home/airflow/.local/lib/python3.8/site-packages/airflow/example_dags/example_xcomargs.py
[2024-11-06T07:00:54.436+0000] {processor.py:830} INFO - Processing file /home/airflow/.local/lib/python3.8/site-packages/airflow/example_dags/example_xcomargs.py for tasks to queue
[2024-11-06T07:00:54.438+0000] {logging_mixin.py:188} INFO - [2024-11-06T07:00:54.438+0000] {dagbag.py:538} INFO - Filling up the DagBag from /home/airflow/.local/lib/python3.8/site-packages/airflow/example_dags/example_xcomargs.py
[2024-11-06T07:00:54.447+0000] {processor.py:840} INFO - DAG(s) 'example_xcom_args', 'example_xcom_args_with_operators' retrieved from /home/airflow/.local/lib/python3.8/site-packages/airflow/example_dags/example_xcomargs.py
[2024-11-06T07:00:54.476+0000] {logging_mixin.py:188} INFO - [2024-11-06T07:00:54.476+0000] {dag.py:3036} INFO - Sync 2 DAGs
[2024-11-06T07:00:54.491+0000] {logging_mixin.py:188} INFO - [2024-11-06T07:00:54.491+0000] {dag.py:3823} INFO - Setting next_dagrun for example_xcom_args to None, run_after=None
[2024-11-06T07:00:54.495+0000] {logging_mixin.py:188} INFO - [2024-11-06T07:00:54.495+0000] {dag.py:3823} INFO - Setting next_dagrun for example_xcom_args_with_operators to None, run_after=None
[2024-11-06T07:00:54.520+0000] {processor.py:183} INFO - Processing /home/airflow/.local/lib/python3.8/site-packages/airflow/example_dags/example_xcomargs.py took 0.088 seconds
[2024-11-06T07:01:24.937+0000] {processor.py:161} INFO - Started process (PID=183) to work on /home/airflow/.local/lib/python3.8/site-packages/airflow/example_dags/example_xcomargs.py
[2024-11-06T07:01:24.938+0000] {processor.py:830} INFO - Processing file /home/airflow/.local/lib/python3.8/site-packages/airflow/example_dags/example_xcomargs.py for tasks to queue
[2024-11-06T07:01:24.940+0000] {logging_mixin.py:188} INFO - [2024-11-06T07:01:24.940+0000] {dagbag.py:538} INFO - Filling up the DagBag from /home/airflow/.local/lib/python3.8/site-packages/airflow/example_dags/example_xcomargs.py
[2024-11-06T07:01:24.953+0000] {processor.py:840} INFO - DAG(s) 'example_xcom_args_with_operators', 'example_xcom_args' retrieved from /home/airflow/.local/lib/python3.8/site-packages/airflow/example_dags/example_xcomargs.py
[2024-11-06T07:01:25.002+0000] {logging_mixin.py:188} INFO - [2024-11-06T07:01:25.002+0000] {dag.py:3036} INFO - Sync 2 DAGs
[2024-11-06T07:01:25.015+0000] {logging_mixin.py:188} INFO - [2024-11-06T07:01:25.015+0000] {dag.py:3823} INFO - Setting next_dagrun for example_xcom_args to None, run_after=None
[2024-11-06T07:01:25.018+0000] {logging_mixin.py:188} INFO - [2024-11-06T07:01:25.018+0000] {dag.py:3823} INFO - Setting next_dagrun for example_xcom_args_with_operators to None, run_after=None
[2024-11-06T07:01:25.052+0000] {processor.py:183} INFO - Processing /home/airflow/.local/lib/python3.8/site-packages/airflow/example_dags/example_xcomargs.py took 0.119 seconds
[2024-11-06T07:01:55.085+0000] {processor.py:161} INFO - Started process (PID=241) to work on /home/airflow/.local/lib/python3.8/site-packages/airflow/example_dags/example_xcomargs.py
[2024-11-06T07:01:55.086+0000] {processor.py:830} INFO - Processing file /home/airflow/.local/lib/python3.8/site-packages/airflow/example_dags/example_xcomargs.py for tasks to queue
[2024-11-06T07:01:55.088+0000] {logging_mixin.py:188} INFO - [2024-11-06T07:01:55.088+0000] {dagbag.py:538} INFO - Filling up the DagBag from /home/airflow/.local/lib/python3.8/site-packages/airflow/example_dags/example_xcomargs.py
[2024-11-06T07:01:55.097+0000] {processor.py:840} INFO - DAG(s) 'example_xcom_args', 'example_xcom_args_with_operators' retrieved from /home/airflow/.local/lib/python3.8/site-packages/airflow/example_dags/example_xcomargs.py
[2024-11-06T07:01:55.125+0000] {logging_mixin.py:188} INFO - [2024-11-06T07:01:55.125+0000] {dag.py:3036} INFO - Sync 2 DAGs
[2024-11-06T07:01:55.140+0000] {logging_mixin.py:188} INFO - [2024-11-06T07:01:55.140+0000] {dag.py:3823} INFO - Setting next_dagrun for example_xcom_args to None, run_after=None
[2024-11-06T07:01:55.144+0000] {logging_mixin.py:188} INFO - [2024-11-06T07:01:55.144+0000] {dag.py:3823} INFO - Setting next_dagrun for example_xcom_args_with_operators to None, run_after=None
[2024-11-06T07:01:55.174+0000] {processor.py:183} INFO - Processing /home/airflow/.local/lib/python3.8/site-packages/airflow/example_dags/example_xcomargs.py took 0.092 seconds
[2024-11-06T07:02:25.629+0000] {processor.py:161} INFO - Started process (PID=298) to work on /home/airflow/.local/lib/python3.8/site-packages/airflow/example_dags/example_xcomargs.py
[2024-11-06T07:02:25.635+0000] {processor.py:830} INFO - Processing file /home/airflow/.local/lib/python3.8/site-packages/airflow/example_dags/example_xcomargs.py for tasks to queue
[2024-11-06T07:02:25.637+0000] {logging_mixin.py:188} INFO - [2024-11-06T07:02:25.637+0000] {dagbag.py:538} INFO - Filling up the DagBag from /home/airflow/.local/lib/python3.8/site-packages/airflow/example_dags/example_xcomargs.py
[2024-11-06T07:02:25.671+0000] {processor.py:840} INFO - DAG(s) 'example_xcom_args', 'example_xcom_args_with_operators' retrieved from /home/airflow/.local/lib/python3.8/site-packages/airflow/example_dags/example_xcomargs.py
[2024-11-06T07:02:25.820+0000] {logging_mixin.py:188} INFO - [2024-11-06T07:02:25.819+0000] {dag.py:3036} INFO - Sync 2 DAGs
[2024-11-06T07:02:25.837+0000] {logging_mixin.py:188} INFO - [2024-11-06T07:02:25.837+0000] {dag.py:3823} INFO - Setting next_dagrun for example_xcom_args to None, run_after=None
[2024-11-06T07:02:25.841+0000] {logging_mixin.py:188} INFO - [2024-11-06T07:02:25.841+0000] {dag.py:3823} INFO - Setting next_dagrun for example_xcom_args_with_operators to None, run_after=None
[2024-11-06T07:02:25.896+0000] {processor.py:183} INFO - Processing /home/airflow/.local/lib/python3.8/site-packages/airflow/example_dags/example_xcomargs.py took 0.283 seconds
[2024-11-06T07:02:56.781+0000] {processor.py:161} INFO - Started process (PID=356) to work on /home/airflow/.local/lib/python3.8/site-packages/airflow/example_dags/example_xcomargs.py
[2024-11-06T07:02:56.783+0000] {processor.py:830} INFO - Processing file /home/airflow/.local/lib/python3.8/site-packages/airflow/example_dags/example_xcomargs.py for tasks to queue
[2024-11-06T07:02:56.788+0000] {logging_mixin.py:188} INFO - [2024-11-06T07:02:56.787+0000] {dagbag.py:538} INFO - Filling up the DagBag from /home/airflow/.local/lib/python3.8/site-packages/airflow/example_dags/example_xcomargs.py
[2024-11-06T07:02:56.798+0000] {processor.py:840} INFO - DAG(s) 'example_xcom_args', 'example_xcom_args_with_operators' retrieved from /home/airflow/.local/lib/python3.8/site-packages/airflow/example_dags/example_xcomargs.py
[2024-11-06T07:02:56.898+0000] {logging_mixin.py:188} INFO - [2024-11-06T07:02:56.898+0000] {dag.py:3036} INFO - Sync 2 DAGs
[2024-11-06T07:02:56.927+0000] {logging_mixin.py:188} INFO - [2024-11-06T07:02:56.927+0000] {dag.py:3823} INFO - Setting next_dagrun for example_xcom_args to None, run_after=None
[2024-11-06T07:02:56.931+0000] {logging_mixin.py:188} INFO - [2024-11-06T07:02:56.931+0000] {dag.py:3823} INFO - Setting next_dagrun for example_xcom_args_with_operators to None, run_after=None
[2024-11-06T07:02:56.988+0000] {processor.py:183} INFO - Processing /home/airflow/.local/lib/python3.8/site-packages/airflow/example_dags/example_xcomargs.py took 0.219 seconds
[2024-11-06T07:03:27.088+0000] {processor.py:161} INFO - Started process (PID=415) to work on /home/airflow/.local/lib/python3.8/site-packages/airflow/example_dags/example_xcomargs.py
[2024-11-06T07:03:27.088+0000] {processor.py:830} INFO - Processing file /home/airflow/.local/lib/python3.8/site-packages/airflow/example_dags/example_xcomargs.py for tasks to queue
[2024-11-06T07:03:27.090+0000] {logging_mixin.py:188} INFO - [2024-11-06T07:03:27.090+0000] {dagbag.py:538} INFO - Filling up the DagBag from /home/airflow/.local/lib/python3.8/site-packages/airflow/example_dags/example_xcomargs.py
[2024-11-06T07:03:27.110+0000] {processor.py:840} INFO - DAG(s) 'example_xcom_args_with_operators', 'example_xcom_args' retrieved from /home/airflow/.local/lib/python3.8/site-packages/airflow/example_dags/example_xcomargs.py
[2024-11-06T07:03:27.147+0000] {logging_mixin.py:188} INFO - [2024-11-06T07:03:27.147+0000] {dag.py:3036} INFO - Sync 2 DAGs
[2024-11-06T07:03:27.161+0000] {logging_mixin.py:188} INFO - [2024-11-06T07:03:27.160+0000] {dag.py:3823} INFO - Setting next_dagrun for example_xcom_args to None, run_after=None
[2024-11-06T07:03:27.163+0000] {logging_mixin.py:188} INFO - [2024-11-06T07:03:27.163+0000] {dag.py:3823} INFO - Setting next_dagrun for example_xcom_args_with_operators to None, run_after=None
[2024-11-06T07:03:27.185+0000] {processor.py:183} INFO - Processing /home/airflow/.local/lib/python3.8/site-packages/airflow/example_dags/example_xcomargs.py took 0.104 seconds
[2024-11-06T07:03:57.211+0000] {processor.py:161} INFO - Started process (PID=471) to work on /home/airflow/.local/lib/python3.8/site-packages/airflow/example_dags/example_xcomargs.py
[2024-11-06T07:03:57.212+0000] {processor.py:830} INFO - Processing file /home/airflow/.local/lib/python3.8/site-packages/airflow/example_dags/example_xcomargs.py for tasks to queue
[2024-11-06T07:03:57.213+0000] {logging_mixin.py:188} INFO - [2024-11-06T07:03:57.213+0000] {dagbag.py:538} INFO - Filling up the DagBag from /home/airflow/.local/lib/python3.8/site-packages/airflow/example_dags/example_xcomargs.py
[2024-11-06T07:03:57.222+0000] {processor.py:840} INFO - DAG(s) 'example_xcom_args_with_operators', 'example_xcom_args' retrieved from /home/airflow/.local/lib/python3.8/site-packages/airflow/example_dags/example_xcomargs.py
[2024-11-06T07:03:57.250+0000] {logging_mixin.py:188} INFO - [2024-11-06T07:03:57.250+0000] {dag.py:3036} INFO - Sync 2 DAGs
[2024-11-06T07:03:57.264+0000] {logging_mixin.py:188} INFO - [2024-11-06T07:03:57.264+0000] {dag.py:3823} INFO - Setting next_dagrun for example_xcom_args to None, run_after=None
[2024-11-06T07:03:57.267+0000] {logging_mixin.py:188} INFO - [2024-11-06T07:03:57.267+0000] {dag.py:3823} INFO - Setting next_dagrun for example_xcom_args_with_operators to None, run_after=None
[2024-11-06T07:03:57.293+0000] {processor.py:183} INFO - Processing /home/airflow/.local/lib/python3.8/site-packages/airflow/example_dags/example_xcomargs.py took 0.086 seconds
[2024-11-06T07:04:27.354+0000] {processor.py:161} INFO - Started process (PID=529) to work on /home/airflow/.local/lib/python3.8/site-packages/airflow/example_dags/example_xcomargs.py
[2024-11-06T07:04:27.355+0000] {processor.py:830} INFO - Processing file /home/airflow/.local/lib/python3.8/site-packages/airflow/example_dags/example_xcomargs.py for tasks to queue
[2024-11-06T07:04:27.357+0000] {logging_mixin.py:188} INFO - [2024-11-06T07:04:27.356+0000] {dagbag.py:538} INFO - Filling up the DagBag from /home/airflow/.local/lib/python3.8/site-packages/airflow/example_dags/example_xcomargs.py
[2024-11-06T07:04:27.366+0000] {processor.py:840} INFO - DAG(s) 'example_xcom_args', 'example_xcom_args_with_operators' retrieved from /home/airflow/.local/lib/python3.8/site-packages/airflow/example_dags/example_xcomargs.py
[2024-11-06T07:04:27.400+0000] {logging_mixin.py:188} INFO - [2024-11-06T07:04:27.400+0000] {dag.py:3036} INFO - Sync 2 DAGs
[2024-11-06T07:04:27.415+0000] {logging_mixin.py:188} INFO - [2024-11-06T07:04:27.415+0000] {dag.py:3823} INFO - Setting next_dagrun for example_xcom_args to None, run_after=None
[2024-11-06T07:04:27.419+0000] {logging_mixin.py:188} INFO - [2024-11-06T07:04:27.419+0000] {dag.py:3823} INFO - Setting next_dagrun for example_xcom_args_with_operators to None, run_after=None
[2024-11-06T07:04:27.447+0000] {processor.py:183} INFO - Processing /home/airflow/.local/lib/python3.8/site-packages/airflow/example_dags/example_xcomargs.py took 0.096 seconds
[2024-11-06T07:04:57.950+0000] {processor.py:161} INFO - Started process (PID=586) to work on /home/airflow/.local/lib/python3.8/site-packages/airflow/example_dags/example_xcomargs.py
[2024-11-06T07:04:57.951+0000] {processor.py:830} INFO - Processing file /home/airflow/.local/lib/python3.8/site-packages/airflow/example_dags/example_xcomargs.py for tasks to queue
[2024-11-06T07:04:57.953+0000] {logging_mixin.py:188} INFO - [2024-11-06T07:04:57.953+0000] {dagbag.py:538} INFO - Filling up the DagBag from /home/airflow/.local/lib/python3.8/site-packages/airflow/example_dags/example_xcomargs.py
[2024-11-06T07:04:57.962+0000] {processor.py:840} INFO - DAG(s) 'example_xcom_args_with_operators', 'example_xcom_args' retrieved from /home/airflow/.local/lib/python3.8/site-packages/airflow/example_dags/example_xcomargs.py
[2024-11-06T07:04:57.990+0000] {logging_mixin.py:188} INFO - [2024-11-06T07:04:57.990+0000] {dag.py:3036} INFO - Sync 2 DAGs
[2024-11-06T07:04:58.009+0000] {logging_mixin.py:188} INFO - [2024-11-06T07:04:58.009+0000] {dag.py:3823} INFO - Setting next_dagrun for example_xcom_args to None, run_after=None
[2024-11-06T07:04:58.013+0000] {logging_mixin.py:188} INFO - [2024-11-06T07:04:58.013+0000] {dag.py:3823} INFO - Setting next_dagrun for example_xcom_args_with_operators to None, run_after=None
[2024-11-06T07:04:58.037+0000] {processor.py:183} INFO - Processing /home/airflow/.local/lib/python3.8/site-packages/airflow/example_dags/example_xcomargs.py took 0.090 seconds
[2024-11-06T07:05:28.865+0000] {processor.py:161} INFO - Started process (PID=643) to work on /home/airflow/.local/lib/python3.8/site-packages/airflow/example_dags/example_xcomargs.py
[2024-11-06T07:05:28.867+0000] {processor.py:830} INFO - Processing file /home/airflow/.local/lib/python3.8/site-packages/airflow/example_dags/example_xcomargs.py for tasks to queue
[2024-11-06T07:05:28.869+0000] {logging_mixin.py:188} INFO - [2024-11-06T07:05:28.868+0000] {dagbag.py:538} INFO - Filling up the DagBag from /home/airflow/.local/lib/python3.8/site-packages/airflow/example_dags/example_xcomargs.py
[2024-11-06T07:05:28.894+0000] {processor.py:840} INFO - DAG(s) 'example_xcom_args_with_operators', 'example_xcom_args' retrieved from /home/airflow/.local/lib/python3.8/site-packages/airflow/example_dags/example_xcomargs.py
[2024-11-06T07:05:28.939+0000] {logging_mixin.py:188} INFO - [2024-11-06T07:05:28.938+0000] {dag.py:3036} INFO - Sync 2 DAGs
[2024-11-06T07:05:28.970+0000] {logging_mixin.py:188} INFO - [2024-11-06T07:05:28.970+0000] {dag.py:3823} INFO - Setting next_dagrun for example_xcom_args to None, run_after=None
[2024-11-06T07:05:28.985+0000] {logging_mixin.py:188} INFO - [2024-11-06T07:05:28.985+0000] {dag.py:3823} INFO - Setting next_dagrun for example_xcom_args_with_operators to None, run_after=None
[2024-11-06T07:05:29.024+0000] {processor.py:183} INFO - Processing /home/airflow/.local/lib/python3.8/site-packages/airflow/example_dags/example_xcomargs.py took 0.162 seconds
[2024-11-06T07:05:59.502+0000] {processor.py:161} INFO - Started process (PID=700) to work on /home/airflow/.local/lib/python3.8/site-packages/airflow/example_dags/example_xcomargs.py
[2024-11-06T07:05:59.503+0000] {processor.py:830} INFO - Processing file /home/airflow/.local/lib/python3.8/site-packages/airflow/example_dags/example_xcomargs.py for tasks to queue
[2024-11-06T07:05:59.504+0000] {logging_mixin.py:188} INFO - [2024-11-06T07:05:59.504+0000] {dagbag.py:538} INFO - Filling up the DagBag from /home/airflow/.local/lib/python3.8/site-packages/airflow/example_dags/example_xcomargs.py
[2024-11-06T07:05:59.513+0000] {processor.py:840} INFO - DAG(s) 'example_xcom_args_with_operators', 'example_xcom_args' retrieved from /home/airflow/.local/lib/python3.8/site-packages/airflow/example_dags/example_xcomargs.py
[2024-11-06T07:05:59.541+0000] {logging_mixin.py:188} INFO - [2024-11-06T07:05:59.540+0000] {dag.py:3036} INFO - Sync 2 DAGs
[2024-11-06T07:05:59.556+0000] {logging_mixin.py:188} INFO - [2024-11-06T07:05:59.556+0000] {dag.py:3823} INFO - Setting next_dagrun for example_xcom_args to None, run_after=None
[2024-11-06T07:05:59.560+0000] {logging_mixin.py:188} INFO - [2024-11-06T07:05:59.560+0000] {dag.py:3823} INFO - Setting next_dagrun for example_xcom_args_with_operators to None, run_after=None
[2024-11-06T07:05:59.603+0000] {processor.py:183} INFO - Processing /home/airflow/.local/lib/python3.8/site-packages/airflow/example_dags/example_xcomargs.py took 0.105 seconds
[2024-11-06T07:06:30.125+0000] {processor.py:161} INFO - Started process (PID=757) to work on /home/airflow/.local/lib/python3.8/site-packages/airflow/example_dags/example_xcomargs.py
[2024-11-06T07:06:30.126+0000] {processor.py:830} INFO - Processing file /home/airflow/.local/lib/python3.8/site-packages/airflow/example_dags/example_xcomargs.py for tasks to queue
[2024-11-06T07:06:30.128+0000] {logging_mixin.py:188} INFO - [2024-11-06T07:06:30.128+0000] {dagbag.py:538} INFO - Filling up the DagBag from /home/airflow/.local/lib/python3.8/site-packages/airflow/example_dags/example_xcomargs.py
[2024-11-06T07:06:30.137+0000] {processor.py:840} INFO - DAG(s) 'example_xcom_args_with_operators', 'example_xcom_args' retrieved from /home/airflow/.local/lib/python3.8/site-packages/airflow/example_dags/example_xcomargs.py
[2024-11-06T07:06:30.165+0000] {logging_mixin.py:188} INFO - [2024-11-06T07:06:30.165+0000] {dag.py:3036} INFO - Sync 2 DAGs
[2024-11-06T07:06:30.179+0000] {logging_mixin.py:188} INFO - [2024-11-06T07:06:30.179+0000] {dag.py:3823} INFO - Setting next_dagrun for example_xcom_args to None, run_after=None
[2024-11-06T07:06:30.187+0000] {logging_mixin.py:188} INFO - [2024-11-06T07:06:30.186+0000] {dag.py:3823} INFO - Setting next_dagrun for example_xcom_args_with_operators to None, run_after=None
[2024-11-06T07:06:30.235+0000] {processor.py:183} INFO - Processing /home/airflow/.local/lib/python3.8/site-packages/airflow/example_dags/example_xcomargs.py took 0.113 seconds
[2024-11-06T07:07:00.756+0000] {processor.py:161} INFO - Started process (PID=815) to work on /home/airflow/.local/lib/python3.8/site-packages/airflow/example_dags/example_xcomargs.py
[2024-11-06T07:07:00.757+0000] {processor.py:830} INFO - Processing file /home/airflow/.local/lib/python3.8/site-packages/airflow/example_dags/example_xcomargs.py for tasks to queue
[2024-11-06T07:07:00.769+0000] {logging_mixin.py:188} INFO - [2024-11-06T07:07:00.759+0000] {dagbag.py:538} INFO - Filling up the DagBag from /home/airflow/.local/lib/python3.8/site-packages/airflow/example_dags/example_xcomargs.py
[2024-11-06T07:07:00.779+0000] {processor.py:840} INFO - DAG(s) 'example_xcom_args_with_operators', 'example_xcom_args' retrieved from /home/airflow/.local/lib/python3.8/site-packages/airflow/example_dags/example_xcomargs.py
[2024-11-06T07:07:00.821+0000] {logging_mixin.py:188} INFO - [2024-11-06T07:07:00.821+0000] {dag.py:3036} INFO - Sync 2 DAGs
[2024-11-06T07:07:00.850+0000] {logging_mixin.py:188} INFO - [2024-11-06T07:07:00.849+0000] {dag.py:3823} INFO - Setting next_dagrun for example_xcom_args to None, run_after=None
[2024-11-06T07:07:00.868+0000] {logging_mixin.py:188} INFO - [2024-11-06T07:07:00.868+0000] {dag.py:3823} INFO - Setting next_dagrun for example_xcom_args_with_operators to None, run_after=None
[2024-11-06T07:07:00.923+0000] {processor.py:183} INFO - Processing /home/airflow/.local/lib/python3.8/site-packages/airflow/example_dags/example_xcomargs.py took 0.170 seconds
[2024-11-06T07:07:31.502+0000] {processor.py:161} INFO - Started process (PID=872) to work on /home/airflow/.local/lib/python3.8/site-packages/airflow/example_dags/example_xcomargs.py
[2024-11-06T07:07:31.503+0000] {processor.py:830} INFO - Processing file /home/airflow/.local/lib/python3.8/site-packages/airflow/example_dags/example_xcomargs.py for tasks to queue
[2024-11-06T07:07:31.505+0000] {logging_mixin.py:188} INFO - [2024-11-06T07:07:31.505+0000] {dagbag.py:538} INFO - Filling up the DagBag from /home/airflow/.local/lib/python3.8/site-packages/airflow/example_dags/example_xcomargs.py
[2024-11-06T07:07:31.514+0000] {processor.py:840} INFO - DAG(s) 'example_xcom_args', 'example_xcom_args_with_operators' retrieved from /home/airflow/.local/lib/python3.8/site-packages/airflow/example_dags/example_xcomargs.py
[2024-11-06T07:07:31.541+0000] {logging_mixin.py:188} INFO - [2024-11-06T07:07:31.541+0000] {dag.py:3036} INFO - Sync 2 DAGs
[2024-11-06T07:07:31.556+0000] {logging_mixin.py:188} INFO - [2024-11-06T07:07:31.556+0000] {dag.py:3823} INFO - Setting next_dagrun for example_xcom_args to None, run_after=None
[2024-11-06T07:07:31.560+0000] {logging_mixin.py:188} INFO - [2024-11-06T07:07:31.559+0000] {dag.py:3823} INFO - Setting next_dagrun for example_xcom_args_with_operators to None, run_after=None
[2024-11-06T07:07:31.633+0000] {processor.py:183} INFO - Processing /home/airflow/.local/lib/python3.8/site-packages/airflow/example_dags/example_xcomargs.py took 0.133 seconds
[2024-11-06T07:08:01.789+0000] {processor.py:161} INFO - Started process (PID=930) to work on /home/airflow/.local/lib/python3.8/site-packages/airflow/example_dags/example_xcomargs.py
[2024-11-06T07:08:01.790+0000] {processor.py:830} INFO - Processing file /home/airflow/.local/lib/python3.8/site-packages/airflow/example_dags/example_xcomargs.py for tasks to queue
[2024-11-06T07:08:01.792+0000] {logging_mixin.py:188} INFO - [2024-11-06T07:08:01.791+0000] {dagbag.py:538} INFO - Filling up the DagBag from /home/airflow/.local/lib/python3.8/site-packages/airflow/example_dags/example_xcomargs.py
[2024-11-06T07:08:01.801+0000] {processor.py:840} INFO - DAG(s) 'example_xcom_args_with_operators', 'example_xcom_args' retrieved from /home/airflow/.local/lib/python3.8/site-packages/airflow/example_dags/example_xcomargs.py
[2024-11-06T07:08:01.829+0000] {logging_mixin.py:188} INFO - [2024-11-06T07:08:01.829+0000] {dag.py:3036} INFO - Sync 2 DAGs
[2024-11-06T07:08:01.844+0000] {logging_mixin.py:188} INFO - [2024-11-06T07:08:01.843+0000] {dag.py:3823} INFO - Setting next_dagrun for example_xcom_args to None, run_after=None
[2024-11-06T07:08:01.848+0000] {logging_mixin.py:188} INFO - [2024-11-06T07:08:01.847+0000] {dag.py:3823} INFO - Setting next_dagrun for example_xcom_args_with_operators to None, run_after=None
[2024-11-06T07:08:01.877+0000] {processor.py:183} INFO - Processing /home/airflow/.local/lib/python3.8/site-packages/airflow/example_dags/example_xcomargs.py took 0.091 seconds
[2024-11-06T07:08:32.050+0000] {processor.py:161} INFO - Started process (PID=988) to work on /home/airflow/.local/lib/python3.8/site-packages/airflow/example_dags/example_xcomargs.py
[2024-11-06T07:08:32.051+0000] {processor.py:830} INFO - Processing file /home/airflow/.local/lib/python3.8/site-packages/airflow/example_dags/example_xcomargs.py for tasks to queue
[2024-11-06T07:08:32.052+0000] {logging_mixin.py:188} INFO - [2024-11-06T07:08:32.052+0000] {dagbag.py:538} INFO - Filling up the DagBag from /home/airflow/.local/lib/python3.8/site-packages/airflow/example_dags/example_xcomargs.py
[2024-11-06T07:08:32.061+0000] {processor.py:840} INFO - DAG(s) 'example_xcom_args', 'example_xcom_args_with_operators' retrieved from /home/airflow/.local/lib/python3.8/site-packages/airflow/example_dags/example_xcomargs.py
[2024-11-06T07:08:32.100+0000] {logging_mixin.py:188} INFO - [2024-11-06T07:08:32.100+0000] {dag.py:3036} INFO - Sync 2 DAGs
[2024-11-06T07:08:32.122+0000] {logging_mixin.py:188} INFO - [2024-11-06T07:08:32.121+0000] {dag.py:3823} INFO - Setting next_dagrun for example_xcom_args to None, run_after=None
[2024-11-06T07:08:32.126+0000] {logging_mixin.py:188} INFO - [2024-11-06T07:08:32.125+0000] {dag.py:3823} INFO - Setting next_dagrun for example_xcom_args_with_operators to None, run_after=None
[2024-11-06T07:08:32.147+0000] {processor.py:183} INFO - Processing /home/airflow/.local/lib/python3.8/site-packages/airflow/example_dags/example_xcomargs.py took 0.100 seconds
[2024-11-06T07:09:02.595+0000] {processor.py:161} INFO - Started process (PID=1045) to work on /home/airflow/.local/lib/python3.8/site-packages/airflow/example_dags/example_xcomargs.py
[2024-11-06T07:09:02.596+0000] {processor.py:830} INFO - Processing file /home/airflow/.local/lib/python3.8/site-packages/airflow/example_dags/example_xcomargs.py for tasks to queue
[2024-11-06T07:09:02.598+0000] {logging_mixin.py:188} INFO - [2024-11-06T07:09:02.598+0000] {dagbag.py:538} INFO - Filling up the DagBag from /home/airflow/.local/lib/python3.8/site-packages/airflow/example_dags/example_xcomargs.py
[2024-11-06T07:09:02.607+0000] {processor.py:840} INFO - DAG(s) 'example_xcom_args', 'example_xcom_args_with_operators' retrieved from /home/airflow/.local/lib/python3.8/site-packages/airflow/example_dags/example_xcomargs.py
[2024-11-06T07:09:02.635+0000] {logging_mixin.py:188} INFO - [2024-11-06T07:09:02.634+0000] {dag.py:3036} INFO - Sync 2 DAGs
[2024-11-06T07:09:02.650+0000] {logging_mixin.py:188} INFO - [2024-11-06T07:09:02.649+0000] {dag.py:3823} INFO - Setting next_dagrun for example_xcom_args to None, run_after=None
[2024-11-06T07:09:02.655+0000] {logging_mixin.py:188} INFO - [2024-11-06T07:09:02.655+0000] {dag.py:3823} INFO - Setting next_dagrun for example_xcom_args_with_operators to None, run_after=None
[2024-11-06T07:09:02.696+0000] {processor.py:183} INFO - Processing /home/airflow/.local/lib/python3.8/site-packages/airflow/example_dags/example_xcomargs.py took 0.104 seconds
[2024-11-06T07:09:33.403+0000] {processor.py:161} INFO - Started process (PID=1103) to work on /home/airflow/.local/lib/python3.8/site-packages/airflow/example_dags/example_xcomargs.py
[2024-11-06T07:09:33.404+0000] {processor.py:830} INFO - Processing file /home/airflow/.local/lib/python3.8/site-packages/airflow/example_dags/example_xcomargs.py for tasks to queue
[2024-11-06T07:09:33.406+0000] {logging_mixin.py:188} INFO - [2024-11-06T07:09:33.406+0000] {dagbag.py:538} INFO - Filling up the DagBag from /home/airflow/.local/lib/python3.8/site-packages/airflow/example_dags/example_xcomargs.py
[2024-11-06T07:09:33.415+0000] {processor.py:840} INFO - DAG(s) 'example_xcom_args_with_operators', 'example_xcom_args' retrieved from /home/airflow/.local/lib/python3.8/site-packages/airflow/example_dags/example_xcomargs.py
[2024-11-06T07:09:33.443+0000] {logging_mixin.py:188} INFO - [2024-11-06T07:09:33.442+0000] {dag.py:3036} INFO - Sync 2 DAGs
[2024-11-06T07:09:33.459+0000] {logging_mixin.py:188} INFO - [2024-11-06T07:09:33.459+0000] {dag.py:3823} INFO - Setting next_dagrun for example_xcom_args to None, run_after=None
[2024-11-06T07:09:33.463+0000] {logging_mixin.py:188} INFO - [2024-11-06T07:09:33.463+0000] {dag.py:3823} INFO - Setting next_dagrun for example_xcom_args_with_operators to None, run_after=None
[2024-11-06T07:09:33.484+0000] {processor.py:183} INFO - Processing /home/airflow/.local/lib/python3.8/site-packages/airflow/example_dags/example_xcomargs.py took 0.084 seconds
[2024-11-06T07:10:03.684+0000] {processor.py:161} INFO - Started process (PID=1160) to work on /home/airflow/.local/lib/python3.8/site-packages/airflow/example_dags/example_xcomargs.py
[2024-11-06T07:10:03.685+0000] {processor.py:830} INFO - Processing file /home/airflow/.local/lib/python3.8/site-packages/airflow/example_dags/example_xcomargs.py for tasks to queue
[2024-11-06T07:10:03.690+0000] {logging_mixin.py:188} INFO - [2024-11-06T07:10:03.690+0000] {dagbag.py:538} INFO - Filling up the DagBag from /home/airflow/.local/lib/python3.8/site-packages/airflow/example_dags/example_xcomargs.py
[2024-11-06T07:10:03.705+0000] {processor.py:840} INFO - DAG(s) 'example_xcom_args', 'example_xcom_args_with_operators' retrieved from /home/airflow/.local/lib/python3.8/site-packages/airflow/example_dags/example_xcomargs.py
[2024-11-06T07:10:03.741+0000] {logging_mixin.py:188} INFO - [2024-11-06T07:10:03.741+0000] {dag.py:3036} INFO - Sync 2 DAGs
[2024-11-06T07:10:03.768+0000] {logging_mixin.py:188} INFO - [2024-11-06T07:10:03.768+0000] {dag.py:3823} INFO - Setting next_dagrun for example_xcom_args to None, run_after=None
[2024-11-06T07:10:03.780+0000] {logging_mixin.py:188} INFO - [2024-11-06T07:10:03.780+0000] {dag.py:3823} INFO - Setting next_dagrun for example_xcom_args_with_operators to None, run_after=None
[2024-11-06T07:10:03.812+0000] {processor.py:183} INFO - Processing /home/airflow/.local/lib/python3.8/site-packages/airflow/example_dags/example_xcomargs.py took 0.135 seconds
[2024-11-06T07:10:33.951+0000] {processor.py:161} INFO - Started process (PID=1217) to work on /home/airflow/.local/lib/python3.8/site-packages/airflow/example_dags/example_xcomargs.py
[2024-11-06T07:10:33.952+0000] {processor.py:830} INFO - Processing file /home/airflow/.local/lib/python3.8/site-packages/airflow/example_dags/example_xcomargs.py for tasks to queue
[2024-11-06T07:10:33.954+0000] {logging_mixin.py:188} INFO - [2024-11-06T07:10:33.954+0000] {dagbag.py:538} INFO - Filling up the DagBag from /home/airflow/.local/lib/python3.8/site-packages/airflow/example_dags/example_xcomargs.py
[2024-11-06T07:10:33.963+0000] {processor.py:840} INFO - DAG(s) 'example_xcom_args', 'example_xcom_args_with_operators' retrieved from /home/airflow/.local/lib/python3.8/site-packages/airflow/example_dags/example_xcomargs.py
[2024-11-06T07:10:33.991+0000] {logging_mixin.py:188} INFO - [2024-11-06T07:10:33.990+0000] {dag.py:3036} INFO - Sync 2 DAGs
[2024-11-06T07:10:34.005+0000] {logging_mixin.py:188} INFO - [2024-11-06T07:10:34.005+0000] {dag.py:3823} INFO - Setting next_dagrun for example_xcom_args to None, run_after=None
[2024-11-06T07:10:34.009+0000] {logging_mixin.py:188} INFO - [2024-11-06T07:10:34.009+0000] {dag.py:3823} INFO - Setting next_dagrun for example_xcom_args_with_operators to None, run_after=None
[2024-11-06T07:10:34.037+0000] {processor.py:183} INFO - Processing /home/airflow/.local/lib/python3.8/site-packages/airflow/example_dags/example_xcomargs.py took 0.089 seconds
[2024-11-06T07:11:04.394+0000] {processor.py:161} INFO - Started process (PID=1274) to work on /home/airflow/.local/lib/python3.8/site-packages/airflow/example_dags/example_xcomargs.py
[2024-11-06T07:11:04.398+0000] {processor.py:830} INFO - Processing file /home/airflow/.local/lib/python3.8/site-packages/airflow/example_dags/example_xcomargs.py for tasks to queue
[2024-11-06T07:11:04.400+0000] {logging_mixin.py:188} INFO - [2024-11-06T07:11:04.400+0000] {dagbag.py:538} INFO - Filling up the DagBag from /home/airflow/.local/lib/python3.8/site-packages/airflow/example_dags/example_xcomargs.py
[2024-11-06T07:11:04.410+0000] {processor.py:840} INFO - DAG(s) 'example_xcom_args_with_operators', 'example_xcom_args' retrieved from /home/airflow/.local/lib/python3.8/site-packages/airflow/example_dags/example_xcomargs.py
[2024-11-06T07:11:04.470+0000] {logging_mixin.py:188} INFO - [2024-11-06T07:11:04.470+0000] {dag.py:3036} INFO - Sync 2 DAGs
[2024-11-06T07:11:04.510+0000] {logging_mixin.py:188} INFO - [2024-11-06T07:11:04.500+0000] {dag.py:3823} INFO - Setting next_dagrun for example_xcom_args to None, run_after=None
[2024-11-06T07:11:04.524+0000] {logging_mixin.py:188} INFO - [2024-11-06T07:11:04.523+0000] {dag.py:3823} INFO - Setting next_dagrun for example_xcom_args_with_operators to None, run_after=None
[2024-11-06T07:11:04.562+0000] {processor.py:183} INFO - Processing /home/airflow/.local/lib/python3.8/site-packages/airflow/example_dags/example_xcomargs.py took 0.171 seconds
[2024-11-06T07:11:34.978+0000] {processor.py:161} INFO - Started process (PID=1331) to work on /home/airflow/.local/lib/python3.8/site-packages/airflow/example_dags/example_xcomargs.py
[2024-11-06T07:11:34.979+0000] {processor.py:830} INFO - Processing file /home/airflow/.local/lib/python3.8/site-packages/airflow/example_dags/example_xcomargs.py for tasks to queue
[2024-11-06T07:11:34.981+0000] {logging_mixin.py:188} INFO - [2024-11-06T07:11:34.980+0000] {dagbag.py:538} INFO - Filling up the DagBag from /home/airflow/.local/lib/python3.8/site-packages/airflow/example_dags/example_xcomargs.py
[2024-11-06T07:11:34.989+0000] {processor.py:840} INFO - DAG(s) 'example_xcom_args', 'example_xcom_args_with_operators' retrieved from /home/airflow/.local/lib/python3.8/site-packages/airflow/example_dags/example_xcomargs.py
[2024-11-06T07:11:35.017+0000] {logging_mixin.py:188} INFO - [2024-11-06T07:11:35.016+0000] {dag.py:3036} INFO - Sync 2 DAGs
[2024-11-06T07:11:35.032+0000] {logging_mixin.py:188} INFO - [2024-11-06T07:11:35.031+0000] {dag.py:3823} INFO - Setting next_dagrun for example_xcom_args to None, run_after=None
[2024-11-06T07:11:35.035+0000] {logging_mixin.py:188} INFO - [2024-11-06T07:11:35.035+0000] {dag.py:3823} INFO - Setting next_dagrun for example_xcom_args_with_operators to None, run_after=None
[2024-11-06T07:11:35.060+0000] {processor.py:183} INFO - Processing /home/airflow/.local/lib/python3.8/site-packages/airflow/example_dags/example_xcomargs.py took 0.085 seconds
[2024-11-06T07:12:05.377+0000] {processor.py:161} INFO - Started process (PID=1388) to work on /home/airflow/.local/lib/python3.8/site-packages/airflow/example_dags/example_xcomargs.py
[2024-11-06T07:12:05.378+0000] {processor.py:830} INFO - Processing file /home/airflow/.local/lib/python3.8/site-packages/airflow/example_dags/example_xcomargs.py for tasks to queue
[2024-11-06T07:12:05.380+0000] {logging_mixin.py:188} INFO - [2024-11-06T07:12:05.379+0000] {dagbag.py:538} INFO - Filling up the DagBag from /home/airflow/.local/lib/python3.8/site-packages/airflow/example_dags/example_xcomargs.py
[2024-11-06T07:12:05.388+0000] {processor.py:840} INFO - DAG(s) 'example_xcom_args', 'example_xcom_args_with_operators' retrieved from /home/airflow/.local/lib/python3.8/site-packages/airflow/example_dags/example_xcomargs.py
[2024-11-06T07:12:05.416+0000] {logging_mixin.py:188} INFO - [2024-11-06T07:12:05.415+0000] {dag.py:3036} INFO - Sync 2 DAGs
[2024-11-06T07:12:05.432+0000] {logging_mixin.py:188} INFO - [2024-11-06T07:12:05.432+0000] {dag.py:3823} INFO - Setting next_dagrun for example_xcom_args to None, run_after=None
[2024-11-06T07:12:05.436+0000] {logging_mixin.py:188} INFO - [2024-11-06T07:12:05.436+0000] {dag.py:3823} INFO - Setting next_dagrun for example_xcom_args_with_operators to None, run_after=None
[2024-11-06T07:12:05.457+0000] {processor.py:183} INFO - Processing /home/airflow/.local/lib/python3.8/site-packages/airflow/example_dags/example_xcomargs.py took 0.084 seconds
[2024-11-06T07:13:56.382+0000] {processor.py:161} INFO - Started process (PID=66) to work on /home/airflow/.local/lib/python3.8/site-packages/airflow/example_dags/example_xcomargs.py
[2024-11-06T07:13:56.385+0000] {processor.py:830} INFO - Processing file /home/airflow/.local/lib/python3.8/site-packages/airflow/example_dags/example_xcomargs.py for tasks to queue
[2024-11-06T07:13:56.395+0000] {logging_mixin.py:188} INFO - [2024-11-06T07:13:56.395+0000] {dagbag.py:538} INFO - Filling up the DagBag from /home/airflow/.local/lib/python3.8/site-packages/airflow/example_dags/example_xcomargs.py
[2024-11-06T07:13:56.424+0000] {processor.py:840} INFO - DAG(s) 'example_xcom_args_with_operators', 'example_xcom_args' retrieved from /home/airflow/.local/lib/python3.8/site-packages/airflow/example_dags/example_xcomargs.py
[2024-11-06T07:13:56.625+0000] {logging_mixin.py:188} INFO - [2024-11-06T07:13:56.625+0000] {dag.py:3036} INFO - Sync 2 DAGs
[2024-11-06T07:13:56.643+0000] {logging_mixin.py:188} INFO - [2024-11-06T07:13:56.642+0000] {dag.py:3823} INFO - Setting next_dagrun for example_xcom_args to None, run_after=None
[2024-11-06T07:13:56.648+0000] {logging_mixin.py:188} INFO - [2024-11-06T07:13:56.647+0000] {dag.py:3823} INFO - Setting next_dagrun for example_xcom_args_with_operators to None, run_after=None
[2024-11-06T07:13:56.690+0000] {processor.py:183} INFO - Processing /home/airflow/.local/lib/python3.8/site-packages/airflow/example_dags/example_xcomargs.py took 0.318 seconds
[2024-11-06T07:14:27.498+0000] {processor.py:161} INFO - Started process (PID=123) to work on /home/airflow/.local/lib/python3.8/site-packages/airflow/example_dags/example_xcomargs.py
[2024-11-06T07:14:27.499+0000] {processor.py:830} INFO - Processing file /home/airflow/.local/lib/python3.8/site-packages/airflow/example_dags/example_xcomargs.py for tasks to queue
[2024-11-06T07:14:27.500+0000] {logging_mixin.py:188} INFO - [2024-11-06T07:14:27.500+0000] {dagbag.py:538} INFO - Filling up the DagBag from /home/airflow/.local/lib/python3.8/site-packages/airflow/example_dags/example_xcomargs.py
[2024-11-06T07:14:27.507+0000] {processor.py:840} INFO - DAG(s) 'example_xcom_args_with_operators', 'example_xcom_args' retrieved from /home/airflow/.local/lib/python3.8/site-packages/airflow/example_dags/example_xcomargs.py
[2024-11-06T07:14:27.526+0000] {logging_mixin.py:188} INFO - [2024-11-06T07:14:27.526+0000] {dag.py:3036} INFO - Sync 2 DAGs
[2024-11-06T07:14:27.536+0000] {logging_mixin.py:188} INFO - [2024-11-06T07:14:27.536+0000] {dag.py:3823} INFO - Setting next_dagrun for example_xcom_args to None, run_after=None
[2024-11-06T07:14:27.538+0000] {logging_mixin.py:188} INFO - [2024-11-06T07:14:27.538+0000] {dag.py:3823} INFO - Setting next_dagrun for example_xcom_args_with_operators to None, run_after=None
[2024-11-06T07:14:27.571+0000] {processor.py:183} INFO - Processing /home/airflow/.local/lib/python3.8/site-packages/airflow/example_dags/example_xcomargs.py took 0.075 seconds
[2024-11-06T07:14:57.638+0000] {processor.py:161} INFO - Started process (PID=180) to work on /home/airflow/.local/lib/python3.8/site-packages/airflow/example_dags/example_xcomargs.py
[2024-11-06T07:14:57.639+0000] {processor.py:830} INFO - Processing file /home/airflow/.local/lib/python3.8/site-packages/airflow/example_dags/example_xcomargs.py for tasks to queue
[2024-11-06T07:14:57.640+0000] {logging_mixin.py:188} INFO - [2024-11-06T07:14:57.640+0000] {dagbag.py:538} INFO - Filling up the DagBag from /home/airflow/.local/lib/python3.8/site-packages/airflow/example_dags/example_xcomargs.py
[2024-11-06T07:14:57.647+0000] {processor.py:840} INFO - DAG(s) 'example_xcom_args_with_operators', 'example_xcom_args' retrieved from /home/airflow/.local/lib/python3.8/site-packages/airflow/example_dags/example_xcomargs.py
[2024-11-06T07:14:57.670+0000] {logging_mixin.py:188} INFO - [2024-11-06T07:14:57.669+0000] {dag.py:3036} INFO - Sync 2 DAGs
[2024-11-06T07:14:57.680+0000] {logging_mixin.py:188} INFO - [2024-11-06T07:14:57.679+0000] {dag.py:3823} INFO - Setting next_dagrun for example_xcom_args to None, run_after=None
[2024-11-06T07:14:57.682+0000] {logging_mixin.py:188} INFO - [2024-11-06T07:14:57.682+0000] {dag.py:3823} INFO - Setting next_dagrun for example_xcom_args_with_operators to None, run_after=None
[2024-11-06T07:14:57.702+0000] {processor.py:183} INFO - Processing /home/airflow/.local/lib/python3.8/site-packages/airflow/example_dags/example_xcomargs.py took 0.066 seconds
