[2024-11-06T07:00:25.766+0000] {processor.py:161} INFO - Started process (PID=75) to work on /home/airflow/.local/lib/python3.8/site-packages/airflow/example_dags/tutorial.py
[2024-11-06T07:00:25.771+0000] {processor.py:830} INFO - Processing file /home/airflow/.local/lib/python3.8/site-packages/airflow/example_dags/tutorial.py for tasks to queue
[2024-11-06T07:00:25.779+0000] {logging_mixin.py:188} INFO - [2024-11-06T07:00:25.779+0000] {dagbag.py:538} INFO - Filling up the DagBag from /home/airflow/.local/lib/python3.8/site-packages/airflow/example_dags/tutorial.py
[2024-11-06T07:00:25.834+0000] {processor.py:840} INFO - DAG(s) 'tutorial' retrieved from /home/airflow/.local/lib/python3.8/site-packages/airflow/example_dags/tutorial.py
[2024-11-06T07:00:26.379+0000] {logging_mixin.py:188} INFO - [2024-11-06T07:00:26.379+0000] {dag.py:3036} INFO - Sync 1 DAGs
[2024-11-06T07:00:26.437+0000] {logging_mixin.py:188} INFO - [2024-11-06T07:00:26.437+0000] {dag.py:3823} INFO - Setting next_dagrun for tutorial to 2024-11-05 00:00:00+00:00, run_after=2024-11-06 00:00:00+00:00
[2024-11-06T07:00:26.500+0000] {processor.py:183} INFO - Processing /home/airflow/.local/lib/python3.8/site-packages/airflow/example_dags/tutorial.py took 0.737 seconds
[2024-11-06T07:00:56.809+0000] {processor.py:161} INFO - Started process (PID=132) to work on /home/airflow/.local/lib/python3.8/site-packages/airflow/example_dags/tutorial.py
[2024-11-06T07:00:56.810+0000] {processor.py:830} INFO - Processing file /home/airflow/.local/lib/python3.8/site-packages/airflow/example_dags/tutorial.py for tasks to queue
[2024-11-06T07:00:56.812+0000] {logging_mixin.py:188} INFO - [2024-11-06T07:00:56.811+0000] {dagbag.py:538} INFO - Filling up the DagBag from /home/airflow/.local/lib/python3.8/site-packages/airflow/example_dags/tutorial.py
[2024-11-06T07:00:56.818+0000] {processor.py:840} INFO - DAG(s) 'tutorial' retrieved from /home/airflow/.local/lib/python3.8/site-packages/airflow/example_dags/tutorial.py
[2024-11-06T07:00:56.840+0000] {logging_mixin.py:188} INFO - [2024-11-06T07:00:56.840+0000] {dag.py:3036} INFO - Sync 1 DAGs
[2024-11-06T07:00:56.866+0000] {logging_mixin.py:188} INFO - [2024-11-06T07:00:56.866+0000] {dag.py:3823} INFO - Setting next_dagrun for tutorial to 2024-11-05 00:00:00+00:00, run_after=2024-11-06 00:00:00+00:00
[2024-11-06T07:00:56.889+0000] {processor.py:183} INFO - Processing /home/airflow/.local/lib/python3.8/site-packages/airflow/example_dags/tutorial.py took 0.085 seconds
[2024-11-06T07:01:27.339+0000] {processor.py:161} INFO - Started process (PID=190) to work on /home/airflow/.local/lib/python3.8/site-packages/airflow/example_dags/tutorial.py
[2024-11-06T07:01:27.340+0000] {processor.py:830} INFO - Processing file /home/airflow/.local/lib/python3.8/site-packages/airflow/example_dags/tutorial.py for tasks to queue
[2024-11-06T07:01:27.341+0000] {logging_mixin.py:188} INFO - [2024-11-06T07:01:27.341+0000] {dagbag.py:538} INFO - Filling up the DagBag from /home/airflow/.local/lib/python3.8/site-packages/airflow/example_dags/tutorial.py
[2024-11-06T07:01:27.347+0000] {processor.py:840} INFO - DAG(s) 'tutorial' retrieved from /home/airflow/.local/lib/python3.8/site-packages/airflow/example_dags/tutorial.py
[2024-11-06T07:01:27.369+0000] {logging_mixin.py:188} INFO - [2024-11-06T07:01:27.368+0000] {dag.py:3036} INFO - Sync 1 DAGs
[2024-11-06T07:01:27.396+0000] {logging_mixin.py:188} INFO - [2024-11-06T07:01:27.396+0000] {dag.py:3823} INFO - Setting next_dagrun for tutorial to 2024-11-05 00:00:00+00:00, run_after=2024-11-06 00:00:00+00:00
[2024-11-06T07:01:27.419+0000] {processor.py:183} INFO - Processing /home/airflow/.local/lib/python3.8/site-packages/airflow/example_dags/tutorial.py took 0.084 seconds
[2024-11-06T07:01:57.526+0000] {processor.py:161} INFO - Started process (PID=248) to work on /home/airflow/.local/lib/python3.8/site-packages/airflow/example_dags/tutorial.py
[2024-11-06T07:01:57.527+0000] {processor.py:830} INFO - Processing file /home/airflow/.local/lib/python3.8/site-packages/airflow/example_dags/tutorial.py for tasks to queue
[2024-11-06T07:01:57.529+0000] {logging_mixin.py:188} INFO - [2024-11-06T07:01:57.528+0000] {dagbag.py:538} INFO - Filling up the DagBag from /home/airflow/.local/lib/python3.8/site-packages/airflow/example_dags/tutorial.py
[2024-11-06T07:01:57.535+0000] {processor.py:840} INFO - DAG(s) 'tutorial' retrieved from /home/airflow/.local/lib/python3.8/site-packages/airflow/example_dags/tutorial.py
[2024-11-06T07:01:57.557+0000] {logging_mixin.py:188} INFO - [2024-11-06T07:01:57.557+0000] {dag.py:3036} INFO - Sync 1 DAGs
[2024-11-06T07:01:57.582+0000] {logging_mixin.py:188} INFO - [2024-11-06T07:01:57.582+0000] {dag.py:3823} INFO - Setting next_dagrun for tutorial to 2024-11-05 00:00:00+00:00, run_after=2024-11-06 00:00:00+00:00
[2024-11-06T07:01:57.619+0000] {processor.py:183} INFO - Processing /home/airflow/.local/lib/python3.8/site-packages/airflow/example_dags/tutorial.py took 0.095 seconds
[2024-11-06T07:02:28.376+0000] {processor.py:161} INFO - Started process (PID=305) to work on /home/airflow/.local/lib/python3.8/site-packages/airflow/example_dags/tutorial.py
[2024-11-06T07:02:28.377+0000] {processor.py:830} INFO - Processing file /home/airflow/.local/lib/python3.8/site-packages/airflow/example_dags/tutorial.py for tasks to queue
[2024-11-06T07:02:28.379+0000] {logging_mixin.py:188} INFO - [2024-11-06T07:02:28.379+0000] {dagbag.py:538} INFO - Filling up the DagBag from /home/airflow/.local/lib/python3.8/site-packages/airflow/example_dags/tutorial.py
[2024-11-06T07:02:28.386+0000] {processor.py:840} INFO - DAG(s) 'tutorial' retrieved from /home/airflow/.local/lib/python3.8/site-packages/airflow/example_dags/tutorial.py
[2024-11-06T07:02:28.407+0000] {logging_mixin.py:188} INFO - [2024-11-06T07:02:28.407+0000] {dag.py:3036} INFO - Sync 1 DAGs
[2024-11-06T07:02:28.432+0000] {logging_mixin.py:188} INFO - [2024-11-06T07:02:28.431+0000] {dag.py:3823} INFO - Setting next_dagrun for tutorial to 2024-11-05 00:00:00+00:00, run_after=2024-11-06 00:00:00+00:00
[2024-11-06T07:02:28.456+0000] {processor.py:183} INFO - Processing /home/airflow/.local/lib/python3.8/site-packages/airflow/example_dags/tutorial.py took 0.084 seconds
[2024-11-06T07:02:58.541+0000] {processor.py:161} INFO - Started process (PID=363) to work on /home/airflow/.local/lib/python3.8/site-packages/airflow/example_dags/tutorial.py
[2024-11-06T07:02:58.550+0000] {processor.py:830} INFO - Processing file /home/airflow/.local/lib/python3.8/site-packages/airflow/example_dags/tutorial.py for tasks to queue
[2024-11-06T07:02:58.552+0000] {logging_mixin.py:188} INFO - [2024-11-06T07:02:58.552+0000] {dagbag.py:538} INFO - Filling up the DagBag from /home/airflow/.local/lib/python3.8/site-packages/airflow/example_dags/tutorial.py
[2024-11-06T07:02:58.572+0000] {processor.py:840} INFO - DAG(s) 'tutorial' retrieved from /home/airflow/.local/lib/python3.8/site-packages/airflow/example_dags/tutorial.py
[2024-11-06T07:02:58.637+0000] {logging_mixin.py:188} INFO - [2024-11-06T07:02:58.636+0000] {dag.py:3036} INFO - Sync 1 DAGs
[2024-11-06T07:02:58.701+0000] {logging_mixin.py:188} INFO - [2024-11-06T07:02:58.701+0000] {dag.py:3823} INFO - Setting next_dagrun for tutorial to 2024-11-05 00:00:00+00:00, run_after=2024-11-06 00:00:00+00:00
[2024-11-06T07:02:58.739+0000] {processor.py:183} INFO - Processing /home/airflow/.local/lib/python3.8/site-packages/airflow/example_dags/tutorial.py took 0.209 seconds
[2024-11-06T07:03:29.585+0000] {processor.py:161} INFO - Started process (PID=421) to work on /home/airflow/.local/lib/python3.8/site-packages/airflow/example_dags/tutorial.py
[2024-11-06T07:03:29.586+0000] {processor.py:830} INFO - Processing file /home/airflow/.local/lib/python3.8/site-packages/airflow/example_dags/tutorial.py for tasks to queue
[2024-11-06T07:03:29.588+0000] {logging_mixin.py:188} INFO - [2024-11-06T07:03:29.588+0000] {dagbag.py:538} INFO - Filling up the DagBag from /home/airflow/.local/lib/python3.8/site-packages/airflow/example_dags/tutorial.py
[2024-11-06T07:03:29.594+0000] {processor.py:840} INFO - DAG(s) 'tutorial' retrieved from /home/airflow/.local/lib/python3.8/site-packages/airflow/example_dags/tutorial.py
[2024-11-06T07:03:29.617+0000] {logging_mixin.py:188} INFO - [2024-11-06T07:03:29.616+0000] {dag.py:3036} INFO - Sync 1 DAGs
[2024-11-06T07:03:29.642+0000] {logging_mixin.py:188} INFO - [2024-11-06T07:03:29.642+0000] {dag.py:3823} INFO - Setting next_dagrun for tutorial to 2024-11-05 00:00:00+00:00, run_after=2024-11-06 00:00:00+00:00
[2024-11-06T07:03:29.666+0000] {processor.py:183} INFO - Processing /home/airflow/.local/lib/python3.8/site-packages/airflow/example_dags/tutorial.py took 0.085 seconds
[2024-11-06T07:04:00.566+0000] {processor.py:161} INFO - Started process (PID=478) to work on /home/airflow/.local/lib/python3.8/site-packages/airflow/example_dags/tutorial.py
[2024-11-06T07:04:00.579+0000] {processor.py:830} INFO - Processing file /home/airflow/.local/lib/python3.8/site-packages/airflow/example_dags/tutorial.py for tasks to queue
[2024-11-06T07:04:00.581+0000] {logging_mixin.py:188} INFO - [2024-11-06T07:04:00.580+0000] {dagbag.py:538} INFO - Filling up the DagBag from /home/airflow/.local/lib/python3.8/site-packages/airflow/example_dags/tutorial.py
[2024-11-06T07:04:00.602+0000] {processor.py:840} INFO - DAG(s) 'tutorial' retrieved from /home/airflow/.local/lib/python3.8/site-packages/airflow/example_dags/tutorial.py
[2024-11-06T07:04:00.696+0000] {logging_mixin.py:188} INFO - [2024-11-06T07:04:00.696+0000] {dag.py:3036} INFO - Sync 1 DAGs
[2024-11-06T07:04:00.758+0000] {logging_mixin.py:188} INFO - [2024-11-06T07:04:00.757+0000] {dag.py:3823} INFO - Setting next_dagrun for tutorial to 2024-11-05 00:00:00+00:00, run_after=2024-11-06 00:00:00+00:00
[2024-11-06T07:04:00.788+0000] {processor.py:183} INFO - Processing /home/airflow/.local/lib/python3.8/site-packages/airflow/example_dags/tutorial.py took 0.225 seconds
[2024-11-06T07:04:30.928+0000] {processor.py:161} INFO - Started process (PID=536) to work on /home/airflow/.local/lib/python3.8/site-packages/airflow/example_dags/tutorial.py
[2024-11-06T07:04:30.929+0000] {processor.py:830} INFO - Processing file /home/airflow/.local/lib/python3.8/site-packages/airflow/example_dags/tutorial.py for tasks to queue
[2024-11-06T07:04:30.931+0000] {logging_mixin.py:188} INFO - [2024-11-06T07:04:30.931+0000] {dagbag.py:538} INFO - Filling up the DagBag from /home/airflow/.local/lib/python3.8/site-packages/airflow/example_dags/tutorial.py
[2024-11-06T07:04:30.937+0000] {processor.py:840} INFO - DAG(s) 'tutorial' retrieved from /home/airflow/.local/lib/python3.8/site-packages/airflow/example_dags/tutorial.py
[2024-11-06T07:04:30.973+0000] {logging_mixin.py:188} INFO - [2024-11-06T07:04:30.972+0000] {dag.py:3036} INFO - Sync 1 DAGs
[2024-11-06T07:04:31.001+0000] {logging_mixin.py:188} INFO - [2024-11-06T07:04:31.000+0000] {dag.py:3823} INFO - Setting next_dagrun for tutorial to 2024-11-05 00:00:00+00:00, run_after=2024-11-06 00:00:00+00:00
[2024-11-06T07:04:31.023+0000] {processor.py:183} INFO - Processing /home/airflow/.local/lib/python3.8/site-packages/airflow/example_dags/tutorial.py took 0.098 seconds
[2024-11-06T07:05:01.281+0000] {processor.py:161} INFO - Started process (PID=593) to work on /home/airflow/.local/lib/python3.8/site-packages/airflow/example_dags/tutorial.py
[2024-11-06T07:05:01.282+0000] {processor.py:830} INFO - Processing file /home/airflow/.local/lib/python3.8/site-packages/airflow/example_dags/tutorial.py for tasks to queue
[2024-11-06T07:05:01.284+0000] {logging_mixin.py:188} INFO - [2024-11-06T07:05:01.284+0000] {dagbag.py:538} INFO - Filling up the DagBag from /home/airflow/.local/lib/python3.8/site-packages/airflow/example_dags/tutorial.py
[2024-11-06T07:05:01.292+0000] {processor.py:840} INFO - DAG(s) 'tutorial' retrieved from /home/airflow/.local/lib/python3.8/site-packages/airflow/example_dags/tutorial.py
[2024-11-06T07:05:01.348+0000] {logging_mixin.py:188} INFO - [2024-11-06T07:05:01.347+0000] {dag.py:3036} INFO - Sync 1 DAGs
[2024-11-06T07:05:01.372+0000] {logging_mixin.py:188} INFO - [2024-11-06T07:05:01.371+0000] {dag.py:3823} INFO - Setting next_dagrun for tutorial to 2024-11-05 00:00:00+00:00, run_after=2024-11-06 00:00:00+00:00
[2024-11-06T07:05:01.398+0000] {processor.py:183} INFO - Processing /home/airflow/.local/lib/python3.8/site-packages/airflow/example_dags/tutorial.py took 0.121 seconds
[2024-11-06T07:05:32.339+0000] {processor.py:161} INFO - Started process (PID=650) to work on /home/airflow/.local/lib/python3.8/site-packages/airflow/example_dags/tutorial.py
[2024-11-06T07:05:32.344+0000] {processor.py:830} INFO - Processing file /home/airflow/.local/lib/python3.8/site-packages/airflow/example_dags/tutorial.py for tasks to queue
[2024-11-06T07:05:32.347+0000] {logging_mixin.py:188} INFO - [2024-11-06T07:05:32.347+0000] {dagbag.py:538} INFO - Filling up the DagBag from /home/airflow/.local/lib/python3.8/site-packages/airflow/example_dags/tutorial.py
[2024-11-06T07:05:32.368+0000] {processor.py:840} INFO - DAG(s) 'tutorial' retrieved from /home/airflow/.local/lib/python3.8/site-packages/airflow/example_dags/tutorial.py
[2024-11-06T07:05:32.432+0000] {logging_mixin.py:188} INFO - [2024-11-06T07:05:32.431+0000] {dag.py:3036} INFO - Sync 1 DAGs
[2024-11-06T07:05:32.480+0000] {logging_mixin.py:188} INFO - [2024-11-06T07:05:32.479+0000] {dag.py:3823} INFO - Setting next_dagrun for tutorial to 2024-11-05 00:00:00+00:00, run_after=2024-11-06 00:00:00+00:00
[2024-11-06T07:05:32.539+0000] {processor.py:183} INFO - Processing /home/airflow/.local/lib/python3.8/site-packages/airflow/example_dags/tutorial.py took 0.203 seconds
[2024-11-06T07:06:02.869+0000] {processor.py:161} INFO - Started process (PID=707) to work on /home/airflow/.local/lib/python3.8/site-packages/airflow/example_dags/tutorial.py
[2024-11-06T07:06:02.870+0000] {processor.py:830} INFO - Processing file /home/airflow/.local/lib/python3.8/site-packages/airflow/example_dags/tutorial.py for tasks to queue
[2024-11-06T07:06:02.871+0000] {logging_mixin.py:188} INFO - [2024-11-06T07:06:02.871+0000] {dagbag.py:538} INFO - Filling up the DagBag from /home/airflow/.local/lib/python3.8/site-packages/airflow/example_dags/tutorial.py
[2024-11-06T07:06:02.878+0000] {processor.py:840} INFO - DAG(s) 'tutorial' retrieved from /home/airflow/.local/lib/python3.8/site-packages/airflow/example_dags/tutorial.py
[2024-11-06T07:06:02.902+0000] {logging_mixin.py:188} INFO - [2024-11-06T07:06:02.902+0000] {dag.py:3036} INFO - Sync 1 DAGs
[2024-11-06T07:06:02.927+0000] {logging_mixin.py:188} INFO - [2024-11-06T07:06:02.927+0000] {dag.py:3823} INFO - Setting next_dagrun for tutorial to 2024-11-05 00:00:00+00:00, run_after=2024-11-06 00:00:00+00:00
[2024-11-06T07:06:02.951+0000] {processor.py:183} INFO - Processing /home/airflow/.local/lib/python3.8/site-packages/airflow/example_dags/tutorial.py took 0.086 seconds
[2024-11-06T07:06:33.468+0000] {processor.py:161} INFO - Started process (PID=764) to work on /home/airflow/.local/lib/python3.8/site-packages/airflow/example_dags/tutorial.py
[2024-11-06T07:06:33.469+0000] {processor.py:830} INFO - Processing file /home/airflow/.local/lib/python3.8/site-packages/airflow/example_dags/tutorial.py for tasks to queue
[2024-11-06T07:06:33.471+0000] {logging_mixin.py:188} INFO - [2024-11-06T07:06:33.470+0000] {dagbag.py:538} INFO - Filling up the DagBag from /home/airflow/.local/lib/python3.8/site-packages/airflow/example_dags/tutorial.py
[2024-11-06T07:06:33.479+0000] {processor.py:840} INFO - DAG(s) 'tutorial' retrieved from /home/airflow/.local/lib/python3.8/site-packages/airflow/example_dags/tutorial.py
[2024-11-06T07:06:33.523+0000] {logging_mixin.py:188} INFO - [2024-11-06T07:06:33.523+0000] {dag.py:3036} INFO - Sync 1 DAGs
[2024-11-06T07:06:33.576+0000] {logging_mixin.py:188} INFO - [2024-11-06T07:06:33.576+0000] {dag.py:3823} INFO - Setting next_dagrun for tutorial to 2024-11-05 00:00:00+00:00, run_after=2024-11-06 00:00:00+00:00
[2024-11-06T07:06:33.602+0000] {processor.py:183} INFO - Processing /home/airflow/.local/lib/python3.8/site-packages/airflow/example_dags/tutorial.py took 0.138 seconds
[2024-11-06T07:07:04.178+0000] {processor.py:161} INFO - Started process (PID=822) to work on /home/airflow/.local/lib/python3.8/site-packages/airflow/example_dags/tutorial.py
[2024-11-06T07:07:04.184+0000] {processor.py:830} INFO - Processing file /home/airflow/.local/lib/python3.8/site-packages/airflow/example_dags/tutorial.py for tasks to queue
[2024-11-06T07:07:04.186+0000] {logging_mixin.py:188} INFO - [2024-11-06T07:07:04.186+0000] {dagbag.py:538} INFO - Filling up the DagBag from /home/airflow/.local/lib/python3.8/site-packages/airflow/example_dags/tutorial.py
[2024-11-06T07:07:04.197+0000] {processor.py:840} INFO - DAG(s) 'tutorial' retrieved from /home/airflow/.local/lib/python3.8/site-packages/airflow/example_dags/tutorial.py
[2024-11-06T07:07:04.218+0000] {logging_mixin.py:188} INFO - [2024-11-06T07:07:04.217+0000] {dag.py:3036} INFO - Sync 1 DAGs
[2024-11-06T07:07:04.243+0000] {logging_mixin.py:188} INFO - [2024-11-06T07:07:04.242+0000] {dag.py:3823} INFO - Setting next_dagrun for tutorial to 2024-11-05 00:00:00+00:00, run_after=2024-11-06 00:00:00+00:00
[2024-11-06T07:07:04.272+0000] {processor.py:183} INFO - Processing /home/airflow/.local/lib/python3.8/site-packages/airflow/example_dags/tutorial.py took 0.098 seconds
[2024-11-06T07:07:34.960+0000] {processor.py:161} INFO - Started process (PID=879) to work on /home/airflow/.local/lib/python3.8/site-packages/airflow/example_dags/tutorial.py
[2024-11-06T07:07:34.961+0000] {processor.py:830} INFO - Processing file /home/airflow/.local/lib/python3.8/site-packages/airflow/example_dags/tutorial.py for tasks to queue
[2024-11-06T07:07:34.963+0000] {logging_mixin.py:188} INFO - [2024-11-06T07:07:34.963+0000] {dagbag.py:538} INFO - Filling up the DagBag from /home/airflow/.local/lib/python3.8/site-packages/airflow/example_dags/tutorial.py
[2024-11-06T07:07:34.969+0000] {processor.py:840} INFO - DAG(s) 'tutorial' retrieved from /home/airflow/.local/lib/python3.8/site-packages/airflow/example_dags/tutorial.py
[2024-11-06T07:07:34.991+0000] {logging_mixin.py:188} INFO - [2024-11-06T07:07:34.991+0000] {dag.py:3036} INFO - Sync 1 DAGs
[2024-11-06T07:07:35.016+0000] {logging_mixin.py:188} INFO - [2024-11-06T07:07:35.015+0000] {dag.py:3823} INFO - Setting next_dagrun for tutorial to 2024-11-05 00:00:00+00:00, run_after=2024-11-06 00:00:00+00:00
[2024-11-06T07:07:35.041+0000] {processor.py:183} INFO - Processing /home/airflow/.local/lib/python3.8/site-packages/airflow/example_dags/tutorial.py took 0.084 seconds
[2024-11-06T07:08:05.153+0000] {processor.py:161} INFO - Started process (PID=937) to work on /home/airflow/.local/lib/python3.8/site-packages/airflow/example_dags/tutorial.py
[2024-11-06T07:08:05.153+0000] {processor.py:830} INFO - Processing file /home/airflow/.local/lib/python3.8/site-packages/airflow/example_dags/tutorial.py for tasks to queue
[2024-11-06T07:08:05.155+0000] {logging_mixin.py:188} INFO - [2024-11-06T07:08:05.155+0000] {dagbag.py:538} INFO - Filling up the DagBag from /home/airflow/.local/lib/python3.8/site-packages/airflow/example_dags/tutorial.py
[2024-11-06T07:08:05.162+0000] {processor.py:840} INFO - DAG(s) 'tutorial' retrieved from /home/airflow/.local/lib/python3.8/site-packages/airflow/example_dags/tutorial.py
[2024-11-06T07:08:05.188+0000] {logging_mixin.py:188} INFO - [2024-11-06T07:08:05.188+0000] {dag.py:3036} INFO - Sync 1 DAGs
[2024-11-06T07:08:05.213+0000] {logging_mixin.py:188} INFO - [2024-11-06T07:08:05.213+0000] {dag.py:3823} INFO - Setting next_dagrun for tutorial to 2024-11-05 00:00:00+00:00, run_after=2024-11-06 00:00:00+00:00
[2024-11-06T07:08:05.236+0000] {processor.py:183} INFO - Processing /home/airflow/.local/lib/python3.8/site-packages/airflow/example_dags/tutorial.py took 0.087 seconds
[2024-11-06T07:08:35.484+0000] {processor.py:161} INFO - Started process (PID=995) to work on /home/airflow/.local/lib/python3.8/site-packages/airflow/example_dags/tutorial.py
[2024-11-06T07:08:35.485+0000] {processor.py:830} INFO - Processing file /home/airflow/.local/lib/python3.8/site-packages/airflow/example_dags/tutorial.py for tasks to queue
[2024-11-06T07:08:35.487+0000] {logging_mixin.py:188} INFO - [2024-11-06T07:08:35.487+0000] {dagbag.py:538} INFO - Filling up the DagBag from /home/airflow/.local/lib/python3.8/site-packages/airflow/example_dags/tutorial.py
[2024-11-06T07:08:35.493+0000] {processor.py:840} INFO - DAG(s) 'tutorial' retrieved from /home/airflow/.local/lib/python3.8/site-packages/airflow/example_dags/tutorial.py
[2024-11-06T07:08:35.515+0000] {logging_mixin.py:188} INFO - [2024-11-06T07:08:35.515+0000] {dag.py:3036} INFO - Sync 1 DAGs
[2024-11-06T07:08:35.541+0000] {logging_mixin.py:188} INFO - [2024-11-06T07:08:35.541+0000] {dag.py:3823} INFO - Setting next_dagrun for tutorial to 2024-11-05 00:00:00+00:00, run_after=2024-11-06 00:00:00+00:00
[2024-11-06T07:08:35.565+0000] {processor.py:183} INFO - Processing /home/airflow/.local/lib/python3.8/site-packages/airflow/example_dags/tutorial.py took 0.085 seconds
[2024-11-06T07:09:05.984+0000] {processor.py:161} INFO - Started process (PID=1052) to work on /home/airflow/.local/lib/python3.8/site-packages/airflow/example_dags/tutorial.py
[2024-11-06T07:09:05.985+0000] {processor.py:830} INFO - Processing file /home/airflow/.local/lib/python3.8/site-packages/airflow/example_dags/tutorial.py for tasks to queue
[2024-11-06T07:09:05.987+0000] {logging_mixin.py:188} INFO - [2024-11-06T07:09:05.987+0000] {dagbag.py:538} INFO - Filling up the DagBag from /home/airflow/.local/lib/python3.8/site-packages/airflow/example_dags/tutorial.py
[2024-11-06T07:09:05.994+0000] {processor.py:840} INFO - DAG(s) 'tutorial' retrieved from /home/airflow/.local/lib/python3.8/site-packages/airflow/example_dags/tutorial.py
[2024-11-06T07:09:06.020+0000] {logging_mixin.py:188} INFO - [2024-11-06T07:09:06.020+0000] {dag.py:3036} INFO - Sync 1 DAGs
[2024-11-06T07:09:06.045+0000] {logging_mixin.py:188} INFO - [2024-11-06T07:09:06.045+0000] {dag.py:3823} INFO - Setting next_dagrun for tutorial to 2024-11-05 00:00:00+00:00, run_after=2024-11-06 00:00:00+00:00
[2024-11-06T07:09:06.079+0000] {processor.py:183} INFO - Processing /home/airflow/.local/lib/python3.8/site-packages/airflow/example_dags/tutorial.py took 0.098 seconds
[2024-11-06T07:09:36.768+0000] {processor.py:161} INFO - Started process (PID=1110) to work on /home/airflow/.local/lib/python3.8/site-packages/airflow/example_dags/tutorial.py
[2024-11-06T07:09:36.769+0000] {processor.py:830} INFO - Processing file /home/airflow/.local/lib/python3.8/site-packages/airflow/example_dags/tutorial.py for tasks to queue
[2024-11-06T07:09:36.771+0000] {logging_mixin.py:188} INFO - [2024-11-06T07:09:36.771+0000] {dagbag.py:538} INFO - Filling up the DagBag from /home/airflow/.local/lib/python3.8/site-packages/airflow/example_dags/tutorial.py
[2024-11-06T07:09:36.778+0000] {processor.py:840} INFO - DAG(s) 'tutorial' retrieved from /home/airflow/.local/lib/python3.8/site-packages/airflow/example_dags/tutorial.py
[2024-11-06T07:09:36.798+0000] {logging_mixin.py:188} INFO - [2024-11-06T07:09:36.798+0000] {dag.py:3036} INFO - Sync 1 DAGs
[2024-11-06T07:09:36.825+0000] {logging_mixin.py:188} INFO - [2024-11-06T07:09:36.824+0000] {dag.py:3823} INFO - Setting next_dagrun for tutorial to 2024-11-05 00:00:00+00:00, run_after=2024-11-06 00:00:00+00:00
[2024-11-06T07:09:36.847+0000] {processor.py:183} INFO - Processing /home/airflow/.local/lib/python3.8/site-packages/airflow/example_dags/tutorial.py took 0.082 seconds
[2024-11-06T07:10:07.106+0000] {processor.py:161} INFO - Started process (PID=1167) to work on /home/airflow/.local/lib/python3.8/site-packages/airflow/example_dags/tutorial.py
[2024-11-06T07:10:07.107+0000] {processor.py:830} INFO - Processing file /home/airflow/.local/lib/python3.8/site-packages/airflow/example_dags/tutorial.py for tasks to queue
[2024-11-06T07:10:07.109+0000] {logging_mixin.py:188} INFO - [2024-11-06T07:10:07.109+0000] {dagbag.py:538} INFO - Filling up the DagBag from /home/airflow/.local/lib/python3.8/site-packages/airflow/example_dags/tutorial.py
[2024-11-06T07:10:07.115+0000] {processor.py:840} INFO - DAG(s) 'tutorial' retrieved from /home/airflow/.local/lib/python3.8/site-packages/airflow/example_dags/tutorial.py
[2024-11-06T07:10:07.139+0000] {logging_mixin.py:188} INFO - [2024-11-06T07:10:07.138+0000] {dag.py:3036} INFO - Sync 1 DAGs
[2024-11-06T07:10:07.172+0000] {logging_mixin.py:188} INFO - [2024-11-06T07:10:07.171+0000] {dag.py:3823} INFO - Setting next_dagrun for tutorial to 2024-11-05 00:00:00+00:00, run_after=2024-11-06 00:00:00+00:00
[2024-11-06T07:10:07.211+0000] {processor.py:183} INFO - Processing /home/airflow/.local/lib/python3.8/site-packages/airflow/example_dags/tutorial.py took 0.108 seconds
[2024-11-06T07:10:37.503+0000] {processor.py:161} INFO - Started process (PID=1224) to work on /home/airflow/.local/lib/python3.8/site-packages/airflow/example_dags/tutorial.py
[2024-11-06T07:10:37.515+0000] {processor.py:830} INFO - Processing file /home/airflow/.local/lib/python3.8/site-packages/airflow/example_dags/tutorial.py for tasks to queue
[2024-11-06T07:10:37.516+0000] {logging_mixin.py:188} INFO - [2024-11-06T07:10:37.516+0000] {dagbag.py:538} INFO - Filling up the DagBag from /home/airflow/.local/lib/python3.8/site-packages/airflow/example_dags/tutorial.py
[2024-11-06T07:10:37.528+0000] {processor.py:840} INFO - DAG(s) 'tutorial' retrieved from /home/airflow/.local/lib/python3.8/site-packages/airflow/example_dags/tutorial.py
[2024-11-06T07:10:37.556+0000] {logging_mixin.py:188} INFO - [2024-11-06T07:10:37.556+0000] {dag.py:3036} INFO - Sync 1 DAGs
[2024-11-06T07:10:37.581+0000] {logging_mixin.py:188} INFO - [2024-11-06T07:10:37.580+0000] {dag.py:3823} INFO - Setting next_dagrun for tutorial to 2024-11-05 00:00:00+00:00, run_after=2024-11-06 00:00:00+00:00
[2024-11-06T07:10:37.616+0000] {processor.py:183} INFO - Processing /home/airflow/.local/lib/python3.8/site-packages/airflow/example_dags/tutorial.py took 0.116 seconds
[2024-11-06T07:11:07.945+0000] {processor.py:161} INFO - Started process (PID=1281) to work on /home/airflow/.local/lib/python3.8/site-packages/airflow/example_dags/tutorial.py
[2024-11-06T07:11:07.970+0000] {processor.py:830} INFO - Processing file /home/airflow/.local/lib/python3.8/site-packages/airflow/example_dags/tutorial.py for tasks to queue
[2024-11-06T07:11:07.977+0000] {logging_mixin.py:188} INFO - [2024-11-06T07:11:07.976+0000] {dagbag.py:538} INFO - Filling up the DagBag from /home/airflow/.local/lib/python3.8/site-packages/airflow/example_dags/tutorial.py
[2024-11-06T07:11:07.991+0000] {processor.py:840} INFO - DAG(s) 'tutorial' retrieved from /home/airflow/.local/lib/python3.8/site-packages/airflow/example_dags/tutorial.py
[2024-11-06T07:11:08.035+0000] {logging_mixin.py:188} INFO - [2024-11-06T07:11:08.035+0000] {dag.py:3036} INFO - Sync 1 DAGs
[2024-11-06T07:11:08.077+0000] {logging_mixin.py:188} INFO - [2024-11-06T07:11:08.076+0000] {dag.py:3823} INFO - Setting next_dagrun for tutorial to 2024-11-05 00:00:00+00:00, run_after=2024-11-06 00:00:00+00:00
[2024-11-06T07:11:08.121+0000] {processor.py:183} INFO - Processing /home/airflow/.local/lib/python3.8/site-packages/airflow/example_dags/tutorial.py took 0.180 seconds
[2024-11-06T07:11:38.465+0000] {processor.py:161} INFO - Started process (PID=1338) to work on /home/airflow/.local/lib/python3.8/site-packages/airflow/example_dags/tutorial.py
[2024-11-06T07:11:38.466+0000] {processor.py:830} INFO - Processing file /home/airflow/.local/lib/python3.8/site-packages/airflow/example_dags/tutorial.py for tasks to queue
[2024-11-06T07:11:38.468+0000] {logging_mixin.py:188} INFO - [2024-11-06T07:11:38.467+0000] {dagbag.py:538} INFO - Filling up the DagBag from /home/airflow/.local/lib/python3.8/site-packages/airflow/example_dags/tutorial.py
[2024-11-06T07:11:38.474+0000] {processor.py:840} INFO - DAG(s) 'tutorial' retrieved from /home/airflow/.local/lib/python3.8/site-packages/airflow/example_dags/tutorial.py
[2024-11-06T07:11:38.494+0000] {logging_mixin.py:188} INFO - [2024-11-06T07:11:38.494+0000] {dag.py:3036} INFO - Sync 1 DAGs
[2024-11-06T07:11:38.519+0000] {logging_mixin.py:188} INFO - [2024-11-06T07:11:38.519+0000] {dag.py:3823} INFO - Setting next_dagrun for tutorial to 2024-11-05 00:00:00+00:00, run_after=2024-11-06 00:00:00+00:00
[2024-11-06T07:11:38.544+0000] {processor.py:183} INFO - Processing /home/airflow/.local/lib/python3.8/site-packages/airflow/example_dags/tutorial.py took 0.082 seconds
[2024-11-06T07:12:08.727+0000] {processor.py:161} INFO - Started process (PID=1395) to work on /home/airflow/.local/lib/python3.8/site-packages/airflow/example_dags/tutorial.py
[2024-11-06T07:12:08.730+0000] {processor.py:830} INFO - Processing file /home/airflow/.local/lib/python3.8/site-packages/airflow/example_dags/tutorial.py for tasks to queue
[2024-11-06T07:12:08.732+0000] {logging_mixin.py:188} INFO - [2024-11-06T07:12:08.732+0000] {dagbag.py:538} INFO - Filling up the DagBag from /home/airflow/.local/lib/python3.8/site-packages/airflow/example_dags/tutorial.py
[2024-11-06T07:12:08.744+0000] {processor.py:840} INFO - DAG(s) 'tutorial' retrieved from /home/airflow/.local/lib/python3.8/site-packages/airflow/example_dags/tutorial.py
[2024-11-06T07:12:08.786+0000] {logging_mixin.py:188} INFO - [2024-11-06T07:12:08.786+0000] {dag.py:3036} INFO - Sync 1 DAGs
[2024-11-06T07:12:08.830+0000] {logging_mixin.py:188} INFO - [2024-11-06T07:12:08.830+0000] {dag.py:3823} INFO - Setting next_dagrun for tutorial to 2024-11-05 00:00:00+00:00, run_after=2024-11-06 00:00:00+00:00
[2024-11-06T07:12:08.863+0000] {processor.py:183} INFO - Processing /home/airflow/.local/lib/python3.8/site-packages/airflow/example_dags/tutorial.py took 0.150 seconds
[2024-11-06T07:13:59.242+0000] {processor.py:161} INFO - Started process (PID=73) to work on /home/airflow/.local/lib/python3.8/site-packages/airflow/example_dags/tutorial.py
[2024-11-06T07:13:59.246+0000] {processor.py:830} INFO - Processing file /home/airflow/.local/lib/python3.8/site-packages/airflow/example_dags/tutorial.py for tasks to queue
[2024-11-06T07:13:59.256+0000] {logging_mixin.py:188} INFO - [2024-11-06T07:13:59.256+0000] {dagbag.py:538} INFO - Filling up the DagBag from /home/airflow/.local/lib/python3.8/site-packages/airflow/example_dags/tutorial.py
[2024-11-06T07:13:59.274+0000] {processor.py:840} INFO - DAG(s) 'tutorial' retrieved from /home/airflow/.local/lib/python3.8/site-packages/airflow/example_dags/tutorial.py
[2024-11-06T07:13:59.735+0000] {logging_mixin.py:188} INFO - [2024-11-06T07:13:59.734+0000] {dag.py:3036} INFO - Sync 1 DAGs
[2024-11-06T07:13:59.824+0000] {logging_mixin.py:188} INFO - [2024-11-06T07:13:59.823+0000] {dag.py:3823} INFO - Setting next_dagrun for tutorial to 2024-11-05 00:00:00+00:00, run_after=2024-11-06 00:00:00+00:00
[2024-11-06T07:13:59.887+0000] {processor.py:183} INFO - Processing /home/airflow/.local/lib/python3.8/site-packages/airflow/example_dags/tutorial.py took 0.650 seconds
[2024-11-06T07:14:29.941+0000] {processor.py:161} INFO - Started process (PID=130) to work on /home/airflow/.local/lib/python3.8/site-packages/airflow/example_dags/tutorial.py
[2024-11-06T07:14:29.942+0000] {processor.py:830} INFO - Processing file /home/airflow/.local/lib/python3.8/site-packages/airflow/example_dags/tutorial.py for tasks to queue
[2024-11-06T07:14:29.943+0000] {logging_mixin.py:188} INFO - [2024-11-06T07:14:29.943+0000] {dagbag.py:538} INFO - Filling up the DagBag from /home/airflow/.local/lib/python3.8/site-packages/airflow/example_dags/tutorial.py
[2024-11-06T07:14:29.948+0000] {processor.py:840} INFO - DAG(s) 'tutorial' retrieved from /home/airflow/.local/lib/python3.8/site-packages/airflow/example_dags/tutorial.py
[2024-11-06T07:14:29.965+0000] {logging_mixin.py:188} INFO - [2024-11-06T07:14:29.965+0000] {dag.py:3036} INFO - Sync 1 DAGs
[2024-11-06T07:14:29.981+0000] {logging_mixin.py:188} INFO - [2024-11-06T07:14:29.981+0000] {dag.py:3823} INFO - Setting next_dagrun for tutorial to 2024-11-05 00:00:00+00:00, run_after=2024-11-06 00:00:00+00:00
[2024-11-06T07:14:30.000+0000] {processor.py:183} INFO - Processing /home/airflow/.local/lib/python3.8/site-packages/airflow/example_dags/tutorial.py took 0.061 seconds
[2024-11-06T07:15:00.062+0000] {processor.py:161} INFO - Started process (PID=187) to work on /home/airflow/.local/lib/python3.8/site-packages/airflow/example_dags/tutorial.py
[2024-11-06T07:15:00.063+0000] {processor.py:830} INFO - Processing file /home/airflow/.local/lib/python3.8/site-packages/airflow/example_dags/tutorial.py for tasks to queue
[2024-11-06T07:15:00.064+0000] {logging_mixin.py:188} INFO - [2024-11-06T07:15:00.064+0000] {dagbag.py:538} INFO - Filling up the DagBag from /home/airflow/.local/lib/python3.8/site-packages/airflow/example_dags/tutorial.py
[2024-11-06T07:15:00.070+0000] {processor.py:840} INFO - DAG(s) 'tutorial' retrieved from /home/airflow/.local/lib/python3.8/site-packages/airflow/example_dags/tutorial.py
[2024-11-06T07:15:00.086+0000] {logging_mixin.py:188} INFO - [2024-11-06T07:15:00.086+0000] {dag.py:3036} INFO - Sync 1 DAGs
[2024-11-06T07:15:00.111+0000] {logging_mixin.py:188} INFO - [2024-11-06T07:15:00.111+0000] {dag.py:3823} INFO - Setting next_dagrun for tutorial to 2024-11-05 00:00:00+00:00, run_after=2024-11-06 00:00:00+00:00
[2024-11-06T07:15:00.142+0000] {processor.py:183} INFO - Processing /home/airflow/.local/lib/python3.8/site-packages/airflow/example_dags/tutorial.py took 0.083 seconds
