[2024-11-06T07:00:23.626+0000] {processor.py:161} INFO - Started process (PID=69) to work on /home/airflow/.local/lib/python3.8/site-packages/airflow/example_dags/tutorial_dag.py
[2024-11-06T07:00:23.628+0000] {processor.py:830} INFO - Processing file /home/airflow/.local/lib/python3.8/site-packages/airflow/example_dags/tutorial_dag.py for tasks to queue
[2024-11-06T07:00:23.632+0000] {logging_mixin.py:188} INFO - [2024-11-06T07:00:23.632+0000] {dagbag.py:538} INFO - Filling up the DagBag from /home/airflow/.local/lib/python3.8/site-packages/airflow/example_dags/tutorial_dag.py
[2024-11-06T07:00:23.728+0000] {processor.py:840} INFO - DAG(s) 'tutorial_dag' retrieved from /home/airflow/.local/lib/python3.8/site-packages/airflow/example_dags/tutorial_dag.py
[2024-11-06T07:00:24.270+0000] {logging_mixin.py:188} INFO - [2024-11-06T07:00:24.269+0000] {dag.py:3036} INFO - Sync 1 DAGs
[2024-11-06T07:00:24.284+0000] {logging_mixin.py:188} INFO - [2024-11-06T07:00:24.283+0000] {dag.py:3823} INFO - Setting next_dagrun for tutorial_dag to None, run_after=None
[2024-11-06T07:00:24.327+0000] {processor.py:183} INFO - Processing /home/airflow/.local/lib/python3.8/site-packages/airflow/example_dags/tutorial_dag.py took 0.707 seconds
[2024-11-06T07:00:54.447+0000] {processor.py:161} INFO - Started process (PID=126) to work on /home/airflow/.local/lib/python3.8/site-packages/airflow/example_dags/tutorial_dag.py
[2024-11-06T07:00:54.448+0000] {processor.py:830} INFO - Processing file /home/airflow/.local/lib/python3.8/site-packages/airflow/example_dags/tutorial_dag.py for tasks to queue
[2024-11-06T07:00:54.450+0000] {logging_mixin.py:188} INFO - [2024-11-06T07:00:54.449+0000] {dagbag.py:538} INFO - Filling up the DagBag from /home/airflow/.local/lib/python3.8/site-packages/airflow/example_dags/tutorial_dag.py
[2024-11-06T07:00:54.456+0000] {processor.py:840} INFO - DAG(s) 'tutorial_dag' retrieved from /home/airflow/.local/lib/python3.8/site-packages/airflow/example_dags/tutorial_dag.py
[2024-11-06T07:00:54.502+0000] {logging_mixin.py:188} INFO - [2024-11-06T07:00:54.502+0000] {dag.py:3036} INFO - Sync 1 DAGs
[2024-11-06T07:00:54.516+0000] {logging_mixin.py:188} INFO - [2024-11-06T07:00:54.516+0000] {dag.py:3823} INFO - Setting next_dagrun for tutorial_dag to None, run_after=None
[2024-11-06T07:00:54.542+0000] {processor.py:183} INFO - Processing /home/airflow/.local/lib/python3.8/site-packages/airflow/example_dags/tutorial_dag.py took 0.099 seconds
[2024-11-06T07:01:24.949+0000] {processor.py:161} INFO - Started process (PID=184) to work on /home/airflow/.local/lib/python3.8/site-packages/airflow/example_dags/tutorial_dag.py
[2024-11-06T07:01:24.950+0000] {processor.py:830} INFO - Processing file /home/airflow/.local/lib/python3.8/site-packages/airflow/example_dags/tutorial_dag.py for tasks to queue
[2024-11-06T07:01:24.952+0000] {logging_mixin.py:188} INFO - [2024-11-06T07:01:24.952+0000] {dagbag.py:538} INFO - Filling up the DagBag from /home/airflow/.local/lib/python3.8/site-packages/airflow/example_dags/tutorial_dag.py
[2024-11-06T07:01:24.960+0000] {processor.py:840} INFO - DAG(s) 'tutorial_dag' retrieved from /home/airflow/.local/lib/python3.8/site-packages/airflow/example_dags/tutorial_dag.py
[2024-11-06T07:01:24.983+0000] {logging_mixin.py:188} INFO - [2024-11-06T07:01:24.983+0000] {dag.py:3036} INFO - Sync 1 DAGs
[2024-11-06T07:01:24.999+0000] {logging_mixin.py:188} INFO - [2024-11-06T07:01:24.999+0000] {dag.py:3823} INFO - Setting next_dagrun for tutorial_dag to None, run_after=None
[2024-11-06T07:01:25.034+0000] {processor.py:183} INFO - Processing /home/airflow/.local/lib/python3.8/site-packages/airflow/example_dags/tutorial_dag.py took 0.088 seconds
[2024-11-06T07:01:55.096+0000] {processor.py:161} INFO - Started process (PID=242) to work on /home/airflow/.local/lib/python3.8/site-packages/airflow/example_dags/tutorial_dag.py
[2024-11-06T07:01:55.097+0000] {processor.py:830} INFO - Processing file /home/airflow/.local/lib/python3.8/site-packages/airflow/example_dags/tutorial_dag.py for tasks to queue
[2024-11-06T07:01:55.098+0000] {logging_mixin.py:188} INFO - [2024-11-06T07:01:55.098+0000] {dagbag.py:538} INFO - Filling up the DagBag from /home/airflow/.local/lib/python3.8/site-packages/airflow/example_dags/tutorial_dag.py
[2024-11-06T07:01:55.105+0000] {processor.py:840} INFO - DAG(s) 'tutorial_dag' retrieved from /home/airflow/.local/lib/python3.8/site-packages/airflow/example_dags/tutorial_dag.py
[2024-11-06T07:01:55.127+0000] {logging_mixin.py:188} INFO - [2024-11-06T07:01:55.127+0000] {dag.py:3036} INFO - Sync 1 DAGs
[2024-11-06T07:01:55.141+0000] {logging_mixin.py:188} INFO - [2024-11-06T07:01:55.140+0000] {dag.py:3823} INFO - Setting next_dagrun for tutorial_dag to None, run_after=None
[2024-11-06T07:01:55.165+0000] {processor.py:183} INFO - Processing /home/airflow/.local/lib/python3.8/site-packages/airflow/example_dags/tutorial_dag.py took 0.073 seconds
[2024-11-06T07:02:25.685+0000] {processor.py:161} INFO - Started process (PID=299) to work on /home/airflow/.local/lib/python3.8/site-packages/airflow/example_dags/tutorial_dag.py
[2024-11-06T07:02:25.708+0000] {processor.py:830} INFO - Processing file /home/airflow/.local/lib/python3.8/site-packages/airflow/example_dags/tutorial_dag.py for tasks to queue
[2024-11-06T07:02:25.715+0000] {logging_mixin.py:188} INFO - [2024-11-06T07:02:25.714+0000] {dagbag.py:538} INFO - Filling up the DagBag from /home/airflow/.local/lib/python3.8/site-packages/airflow/example_dags/tutorial_dag.py
[2024-11-06T07:02:25.751+0000] {processor.py:840} INFO - DAG(s) 'tutorial_dag' retrieved from /home/airflow/.local/lib/python3.8/site-packages/airflow/example_dags/tutorial_dag.py
[2024-11-06T07:02:25.793+0000] {logging_mixin.py:188} INFO - [2024-11-06T07:02:25.793+0000] {dag.py:3036} INFO - Sync 1 DAGs
[2024-11-06T07:02:25.808+0000] {logging_mixin.py:188} INFO - [2024-11-06T07:02:25.808+0000] {dag.py:3823} INFO - Setting next_dagrun for tutorial_dag to None, run_after=None
[2024-11-06T07:02:25.852+0000] {processor.py:183} INFO - Processing /home/airflow/.local/lib/python3.8/site-packages/airflow/example_dags/tutorial_dag.py took 0.212 seconds
[2024-11-06T07:02:56.789+0000] {processor.py:161} INFO - Started process (PID=357) to work on /home/airflow/.local/lib/python3.8/site-packages/airflow/example_dags/tutorial_dag.py
[2024-11-06T07:02:56.799+0000] {processor.py:830} INFO - Processing file /home/airflow/.local/lib/python3.8/site-packages/airflow/example_dags/tutorial_dag.py for tasks to queue
[2024-11-06T07:02:56.800+0000] {logging_mixin.py:188} INFO - [2024-11-06T07:02:56.800+0000] {dagbag.py:538} INFO - Filling up the DagBag from /home/airflow/.local/lib/python3.8/site-packages/airflow/example_dags/tutorial_dag.py
[2024-11-06T07:02:56.817+0000] {processor.py:840} INFO - DAG(s) 'tutorial_dag' retrieved from /home/airflow/.local/lib/python3.8/site-packages/airflow/example_dags/tutorial_dag.py
[2024-11-06T07:02:56.852+0000] {logging_mixin.py:188} INFO - [2024-11-06T07:02:56.852+0000] {dag.py:3036} INFO - Sync 1 DAGs
[2024-11-06T07:02:56.875+0000] {logging_mixin.py:188} INFO - [2024-11-06T07:02:56.874+0000] {dag.py:3823} INFO - Setting next_dagrun for tutorial_dag to None, run_after=None
[2024-11-06T07:02:56.899+0000] {processor.py:183} INFO - Processing /home/airflow/.local/lib/python3.8/site-packages/airflow/example_dags/tutorial_dag.py took 0.122 seconds
[2024-11-06T07:03:26.982+0000] {processor.py:161} INFO - Started process (PID=414) to work on /home/airflow/.local/lib/python3.8/site-packages/airflow/example_dags/tutorial_dag.py
[2024-11-06T07:03:26.982+0000] {processor.py:830} INFO - Processing file /home/airflow/.local/lib/python3.8/site-packages/airflow/example_dags/tutorial_dag.py for tasks to queue
[2024-11-06T07:03:26.984+0000] {logging_mixin.py:188} INFO - [2024-11-06T07:03:26.984+0000] {dagbag.py:538} INFO - Filling up the DagBag from /home/airflow/.local/lib/python3.8/site-packages/airflow/example_dags/tutorial_dag.py
[2024-11-06T07:03:26.988+0000] {processor.py:840} INFO - DAG(s) 'tutorial_dag' retrieved from /home/airflow/.local/lib/python3.8/site-packages/airflow/example_dags/tutorial_dag.py
[2024-11-06T07:03:27.003+0000] {logging_mixin.py:188} INFO - [2024-11-06T07:03:27.003+0000] {dag.py:3036} INFO - Sync 1 DAGs
[2024-11-06T07:03:27.017+0000] {logging_mixin.py:188} INFO - [2024-11-06T07:03:27.017+0000] {dag.py:3823} INFO - Setting next_dagrun for tutorial_dag to None, run_after=None
[2024-11-06T07:03:27.049+0000] {processor.py:183} INFO - Processing /home/airflow/.local/lib/python3.8/site-packages/airflow/example_dags/tutorial_dag.py took 0.069 seconds
[2024-11-06T07:03:57.221+0000] {processor.py:161} INFO - Started process (PID=472) to work on /home/airflow/.local/lib/python3.8/site-packages/airflow/example_dags/tutorial_dag.py
[2024-11-06T07:03:57.222+0000] {processor.py:830} INFO - Processing file /home/airflow/.local/lib/python3.8/site-packages/airflow/example_dags/tutorial_dag.py for tasks to queue
[2024-11-06T07:03:57.223+0000] {logging_mixin.py:188} INFO - [2024-11-06T07:03:57.223+0000] {dagbag.py:538} INFO - Filling up the DagBag from /home/airflow/.local/lib/python3.8/site-packages/airflow/example_dags/tutorial_dag.py
[2024-11-06T07:03:57.230+0000] {processor.py:840} INFO - DAG(s) 'tutorial_dag' retrieved from /home/airflow/.local/lib/python3.8/site-packages/airflow/example_dags/tutorial_dag.py
[2024-11-06T07:03:57.250+0000] {logging_mixin.py:188} INFO - [2024-11-06T07:03:57.250+0000] {dag.py:3036} INFO - Sync 1 DAGs
[2024-11-06T07:03:57.264+0000] {logging_mixin.py:188} INFO - [2024-11-06T07:03:57.263+0000] {dag.py:3823} INFO - Setting next_dagrun for tutorial_dag to None, run_after=None
[2024-11-06T07:03:57.287+0000] {processor.py:183} INFO - Processing /home/airflow/.local/lib/python3.8/site-packages/airflow/example_dags/tutorial_dag.py took 0.070 seconds
[2024-11-06T07:04:27.366+0000] {processor.py:161} INFO - Started process (PID=530) to work on /home/airflow/.local/lib/python3.8/site-packages/airflow/example_dags/tutorial_dag.py
[2024-11-06T07:04:27.367+0000] {processor.py:830} INFO - Processing file /home/airflow/.local/lib/python3.8/site-packages/airflow/example_dags/tutorial_dag.py for tasks to queue
[2024-11-06T07:04:27.369+0000] {logging_mixin.py:188} INFO - [2024-11-06T07:04:27.368+0000] {dagbag.py:538} INFO - Filling up the DagBag from /home/airflow/.local/lib/python3.8/site-packages/airflow/example_dags/tutorial_dag.py
[2024-11-06T07:04:27.375+0000] {processor.py:840} INFO - DAG(s) 'tutorial_dag' retrieved from /home/airflow/.local/lib/python3.8/site-packages/airflow/example_dags/tutorial_dag.py
[2024-11-06T07:04:27.402+0000] {logging_mixin.py:188} INFO - [2024-11-06T07:04:27.402+0000] {dag.py:3036} INFO - Sync 1 DAGs
[2024-11-06T07:04:27.416+0000] {logging_mixin.py:188} INFO - [2024-11-06T07:04:27.416+0000] {dag.py:3823} INFO - Setting next_dagrun for tutorial_dag to None, run_after=None
[2024-11-06T07:04:27.447+0000] {processor.py:183} INFO - Processing /home/airflow/.local/lib/python3.8/site-packages/airflow/example_dags/tutorial_dag.py took 0.084 seconds
[2024-11-06T07:04:57.960+0000] {processor.py:161} INFO - Started process (PID=587) to work on /home/airflow/.local/lib/python3.8/site-packages/airflow/example_dags/tutorial_dag.py
[2024-11-06T07:04:57.961+0000] {processor.py:830} INFO - Processing file /home/airflow/.local/lib/python3.8/site-packages/airflow/example_dags/tutorial_dag.py for tasks to queue
[2024-11-06T07:04:57.963+0000] {logging_mixin.py:188} INFO - [2024-11-06T07:04:57.963+0000] {dagbag.py:538} INFO - Filling up the DagBag from /home/airflow/.local/lib/python3.8/site-packages/airflow/example_dags/tutorial_dag.py
[2024-11-06T07:04:57.969+0000] {processor.py:840} INFO - DAG(s) 'tutorial_dag' retrieved from /home/airflow/.local/lib/python3.8/site-packages/airflow/example_dags/tutorial_dag.py
[2024-11-06T07:04:58.010+0000] {logging_mixin.py:188} INFO - [2024-11-06T07:04:58.010+0000] {dag.py:3036} INFO - Sync 1 DAGs
[2024-11-06T07:04:58.025+0000] {logging_mixin.py:188} INFO - [2024-11-06T07:04:58.024+0000] {dag.py:3823} INFO - Setting next_dagrun for tutorial_dag to None, run_after=None
[2024-11-06T07:04:58.049+0000] {processor.py:183} INFO - Processing /home/airflow/.local/lib/python3.8/site-packages/airflow/example_dags/tutorial_dag.py took 0.092 seconds
[2024-11-06T07:05:28.869+0000] {processor.py:161} INFO - Started process (PID=644) to work on /home/airflow/.local/lib/python3.8/site-packages/airflow/example_dags/tutorial_dag.py
[2024-11-06T07:05:28.873+0000] {processor.py:830} INFO - Processing file /home/airflow/.local/lib/python3.8/site-packages/airflow/example_dags/tutorial_dag.py for tasks to queue
[2024-11-06T07:05:28.880+0000] {logging_mixin.py:188} INFO - [2024-11-06T07:05:28.880+0000] {dagbag.py:538} INFO - Filling up the DagBag from /home/airflow/.local/lib/python3.8/site-packages/airflow/example_dags/tutorial_dag.py
[2024-11-06T07:05:28.895+0000] {processor.py:840} INFO - DAG(s) 'tutorial_dag' retrieved from /home/airflow/.local/lib/python3.8/site-packages/airflow/example_dags/tutorial_dag.py
[2024-11-06T07:05:28.971+0000] {logging_mixin.py:188} INFO - [2024-11-06T07:05:28.971+0000] {dag.py:3036} INFO - Sync 1 DAGs
[2024-11-06T07:05:29.008+0000] {logging_mixin.py:188} INFO - [2024-11-06T07:05:29.008+0000] {dag.py:3823} INFO - Setting next_dagrun for tutorial_dag to None, run_after=None
[2024-11-06T07:05:29.051+0000] {processor.py:183} INFO - Processing /home/airflow/.local/lib/python3.8/site-packages/airflow/example_dags/tutorial_dag.py took 0.185 seconds
[2024-11-06T07:05:59.514+0000] {processor.py:161} INFO - Started process (PID=701) to work on /home/airflow/.local/lib/python3.8/site-packages/airflow/example_dags/tutorial_dag.py
[2024-11-06T07:05:59.515+0000] {processor.py:830} INFO - Processing file /home/airflow/.local/lib/python3.8/site-packages/airflow/example_dags/tutorial_dag.py for tasks to queue
[2024-11-06T07:05:59.517+0000] {logging_mixin.py:188} INFO - [2024-11-06T07:05:59.516+0000] {dagbag.py:538} INFO - Filling up the DagBag from /home/airflow/.local/lib/python3.8/site-packages/airflow/example_dags/tutorial_dag.py
[2024-11-06T07:05:59.523+0000] {processor.py:840} INFO - DAG(s) 'tutorial_dag' retrieved from /home/airflow/.local/lib/python3.8/site-packages/airflow/example_dags/tutorial_dag.py
[2024-11-06T07:05:59.545+0000] {logging_mixin.py:188} INFO - [2024-11-06T07:05:59.545+0000] {dag.py:3036} INFO - Sync 1 DAGs
[2024-11-06T07:05:59.559+0000] {logging_mixin.py:188} INFO - [2024-11-06T07:05:59.559+0000] {dag.py:3823} INFO - Setting next_dagrun for tutorial_dag to None, run_after=None
[2024-11-06T07:05:59.610+0000] {processor.py:183} INFO - Processing /home/airflow/.local/lib/python3.8/site-packages/airflow/example_dags/tutorial_dag.py took 0.100 seconds
[2024-11-06T07:06:30.136+0000] {processor.py:161} INFO - Started process (PID=758) to work on /home/airflow/.local/lib/python3.8/site-packages/airflow/example_dags/tutorial_dag.py
[2024-11-06T07:06:30.137+0000] {processor.py:830} INFO - Processing file /home/airflow/.local/lib/python3.8/site-packages/airflow/example_dags/tutorial_dag.py for tasks to queue
[2024-11-06T07:06:30.139+0000] {logging_mixin.py:188} INFO - [2024-11-06T07:06:30.138+0000] {dagbag.py:538} INFO - Filling up the DagBag from /home/airflow/.local/lib/python3.8/site-packages/airflow/example_dags/tutorial_dag.py
[2024-11-06T07:06:30.144+0000] {processor.py:840} INFO - DAG(s) 'tutorial_dag' retrieved from /home/airflow/.local/lib/python3.8/site-packages/airflow/example_dags/tutorial_dag.py
[2024-11-06T07:06:30.166+0000] {logging_mixin.py:188} INFO - [2024-11-06T07:06:30.166+0000] {dag.py:3036} INFO - Sync 1 DAGs
[2024-11-06T07:06:30.179+0000] {logging_mixin.py:188} INFO - [2024-11-06T07:06:30.179+0000] {dag.py:3823} INFO - Setting next_dagrun for tutorial_dag to None, run_after=None
[2024-11-06T07:06:30.207+0000] {processor.py:183} INFO - Processing /home/airflow/.local/lib/python3.8/site-packages/airflow/example_dags/tutorial_dag.py took 0.074 seconds
[2024-11-06T07:07:00.768+0000] {processor.py:161} INFO - Started process (PID=816) to work on /home/airflow/.local/lib/python3.8/site-packages/airflow/example_dags/tutorial_dag.py
[2024-11-06T07:07:00.770+0000] {processor.py:830} INFO - Processing file /home/airflow/.local/lib/python3.8/site-packages/airflow/example_dags/tutorial_dag.py for tasks to queue
[2024-11-06T07:07:00.774+0000] {logging_mixin.py:188} INFO - [2024-11-06T07:07:00.774+0000] {dagbag.py:538} INFO - Filling up the DagBag from /home/airflow/.local/lib/python3.8/site-packages/airflow/example_dags/tutorial_dag.py
[2024-11-06T07:07:00.780+0000] {processor.py:840} INFO - DAG(s) 'tutorial_dag' retrieved from /home/airflow/.local/lib/python3.8/site-packages/airflow/example_dags/tutorial_dag.py
[2024-11-06T07:07:00.831+0000] {logging_mixin.py:188} INFO - [2024-11-06T07:07:00.831+0000] {dag.py:3036} INFO - Sync 1 DAGs
[2024-11-06T07:07:00.861+0000] {logging_mixin.py:188} INFO - [2024-11-06T07:07:00.861+0000] {dag.py:3823} INFO - Setting next_dagrun for tutorial_dag to None, run_after=None
[2024-11-06T07:07:00.901+0000] {processor.py:183} INFO - Processing /home/airflow/.local/lib/python3.8/site-packages/airflow/example_dags/tutorial_dag.py took 0.136 seconds
[2024-11-06T07:07:31.512+0000] {processor.py:161} INFO - Started process (PID=873) to work on /home/airflow/.local/lib/python3.8/site-packages/airflow/example_dags/tutorial_dag.py
[2024-11-06T07:07:31.513+0000] {processor.py:830} INFO - Processing file /home/airflow/.local/lib/python3.8/site-packages/airflow/example_dags/tutorial_dag.py for tasks to queue
[2024-11-06T07:07:31.515+0000] {logging_mixin.py:188} INFO - [2024-11-06T07:07:31.515+0000] {dagbag.py:538} INFO - Filling up the DagBag from /home/airflow/.local/lib/python3.8/site-packages/airflow/example_dags/tutorial_dag.py
[2024-11-06T07:07:31.522+0000] {processor.py:840} INFO - DAG(s) 'tutorial_dag' retrieved from /home/airflow/.local/lib/python3.8/site-packages/airflow/example_dags/tutorial_dag.py
[2024-11-06T07:07:31.543+0000] {logging_mixin.py:188} INFO - [2024-11-06T07:07:31.543+0000] {dag.py:3036} INFO - Sync 1 DAGs
[2024-11-06T07:07:31.556+0000] {logging_mixin.py:188} INFO - [2024-11-06T07:07:31.556+0000] {dag.py:3823} INFO - Setting next_dagrun for tutorial_dag to None, run_after=None
[2024-11-06T07:07:31.583+0000] {processor.py:183} INFO - Processing /home/airflow/.local/lib/python3.8/site-packages/airflow/example_dags/tutorial_dag.py took 0.074 seconds
[2024-11-06T07:08:01.800+0000] {processor.py:161} INFO - Started process (PID=931) to work on /home/airflow/.local/lib/python3.8/site-packages/airflow/example_dags/tutorial_dag.py
[2024-11-06T07:08:01.801+0000] {processor.py:830} INFO - Processing file /home/airflow/.local/lib/python3.8/site-packages/airflow/example_dags/tutorial_dag.py for tasks to queue
[2024-11-06T07:08:01.803+0000] {logging_mixin.py:188} INFO - [2024-11-06T07:08:01.803+0000] {dagbag.py:538} INFO - Filling up the DagBag from /home/airflow/.local/lib/python3.8/site-packages/airflow/example_dags/tutorial_dag.py
[2024-11-06T07:08:01.809+0000] {processor.py:840} INFO - DAG(s) 'tutorial_dag' retrieved from /home/airflow/.local/lib/python3.8/site-packages/airflow/example_dags/tutorial_dag.py
[2024-11-06T07:08:01.830+0000] {logging_mixin.py:188} INFO - [2024-11-06T07:08:01.829+0000] {dag.py:3036} INFO - Sync 1 DAGs
[2024-11-06T07:08:01.843+0000] {logging_mixin.py:188} INFO - [2024-11-06T07:08:01.843+0000] {dag.py:3823} INFO - Setting next_dagrun for tutorial_dag to None, run_after=None
[2024-11-06T07:08:01.869+0000] {processor.py:183} INFO - Processing /home/airflow/.local/lib/python3.8/site-packages/airflow/example_dags/tutorial_dag.py took 0.073 seconds
[2024-11-06T07:08:32.061+0000] {processor.py:161} INFO - Started process (PID=989) to work on /home/airflow/.local/lib/python3.8/site-packages/airflow/example_dags/tutorial_dag.py
[2024-11-06T07:08:32.062+0000] {processor.py:830} INFO - Processing file /home/airflow/.local/lib/python3.8/site-packages/airflow/example_dags/tutorial_dag.py for tasks to queue
[2024-11-06T07:08:32.064+0000] {logging_mixin.py:188} INFO - [2024-11-06T07:08:32.063+0000] {dagbag.py:538} INFO - Filling up the DagBag from /home/airflow/.local/lib/python3.8/site-packages/airflow/example_dags/tutorial_dag.py
[2024-11-06T07:08:32.073+0000] {processor.py:840} INFO - DAG(s) 'tutorial_dag' retrieved from /home/airflow/.local/lib/python3.8/site-packages/airflow/example_dags/tutorial_dag.py
[2024-11-06T07:08:32.108+0000] {logging_mixin.py:188} INFO - [2024-11-06T07:08:32.108+0000] {dag.py:3036} INFO - Sync 1 DAGs
[2024-11-06T07:08:32.125+0000] {logging_mixin.py:188} INFO - [2024-11-06T07:08:32.125+0000] {dag.py:3823} INFO - Setting next_dagrun for tutorial_dag to None, run_after=None
[2024-11-06T07:08:32.153+0000] {processor.py:183} INFO - Processing /home/airflow/.local/lib/python3.8/site-packages/airflow/example_dags/tutorial_dag.py took 0.096 seconds
[2024-11-06T07:09:02.607+0000] {processor.py:161} INFO - Started process (PID=1046) to work on /home/airflow/.local/lib/python3.8/site-packages/airflow/example_dags/tutorial_dag.py
[2024-11-06T07:09:02.608+0000] {processor.py:830} INFO - Processing file /home/airflow/.local/lib/python3.8/site-packages/airflow/example_dags/tutorial_dag.py for tasks to queue
[2024-11-06T07:09:02.610+0000] {logging_mixin.py:188} INFO - [2024-11-06T07:09:02.609+0000] {dagbag.py:538} INFO - Filling up the DagBag from /home/airflow/.local/lib/python3.8/site-packages/airflow/example_dags/tutorial_dag.py
[2024-11-06T07:09:02.616+0000] {processor.py:840} INFO - DAG(s) 'tutorial_dag' retrieved from /home/airflow/.local/lib/python3.8/site-packages/airflow/example_dags/tutorial_dag.py
[2024-11-06T07:09:02.638+0000] {logging_mixin.py:188} INFO - [2024-11-06T07:09:02.638+0000] {dag.py:3036} INFO - Sync 1 DAGs
[2024-11-06T07:09:02.653+0000] {logging_mixin.py:188} INFO - [2024-11-06T07:09:02.653+0000] {dag.py:3823} INFO - Setting next_dagrun for tutorial_dag to None, run_after=None
[2024-11-06T07:09:02.716+0000] {processor.py:183} INFO - Processing /home/airflow/.local/lib/python3.8/site-packages/airflow/example_dags/tutorial_dag.py took 0.113 seconds
[2024-11-06T07:09:33.413+0000] {processor.py:161} INFO - Started process (PID=1104) to work on /home/airflow/.local/lib/python3.8/site-packages/airflow/example_dags/tutorial_dag.py
[2024-11-06T07:09:33.414+0000] {processor.py:830} INFO - Processing file /home/airflow/.local/lib/python3.8/site-packages/airflow/example_dags/tutorial_dag.py for tasks to queue
[2024-11-06T07:09:33.416+0000] {logging_mixin.py:188} INFO - [2024-11-06T07:09:33.416+0000] {dagbag.py:538} INFO - Filling up the DagBag from /home/airflow/.local/lib/python3.8/site-packages/airflow/example_dags/tutorial_dag.py
[2024-11-06T07:09:33.422+0000] {processor.py:840} INFO - DAG(s) 'tutorial_dag' retrieved from /home/airflow/.local/lib/python3.8/site-packages/airflow/example_dags/tutorial_dag.py
[2024-11-06T07:09:33.444+0000] {logging_mixin.py:188} INFO - [2024-11-06T07:09:33.443+0000] {dag.py:3036} INFO - Sync 1 DAGs
[2024-11-06T07:09:33.468+0000] {logging_mixin.py:188} INFO - [2024-11-06T07:09:33.468+0000] {dag.py:3823} INFO - Setting next_dagrun for tutorial_dag to None, run_after=None
[2024-11-06T07:09:33.493+0000] {processor.py:183} INFO - Processing /home/airflow/.local/lib/python3.8/site-packages/airflow/example_dags/tutorial_dag.py took 0.084 seconds
[2024-11-06T07:10:03.689+0000] {processor.py:161} INFO - Started process (PID=1161) to work on /home/airflow/.local/lib/python3.8/site-packages/airflow/example_dags/tutorial_dag.py
[2024-11-06T07:10:03.694+0000] {processor.py:830} INFO - Processing file /home/airflow/.local/lib/python3.8/site-packages/airflow/example_dags/tutorial_dag.py for tasks to queue
[2024-11-06T07:10:03.696+0000] {logging_mixin.py:188} INFO - [2024-11-06T07:10:03.696+0000] {dagbag.py:538} INFO - Filling up the DagBag from /home/airflow/.local/lib/python3.8/site-packages/airflow/example_dags/tutorial_dag.py
[2024-11-06T07:10:03.708+0000] {processor.py:840} INFO - DAG(s) 'tutorial_dag' retrieved from /home/airflow/.local/lib/python3.8/site-packages/airflow/example_dags/tutorial_dag.py
[2024-11-06T07:10:03.771+0000] {logging_mixin.py:188} INFO - [2024-11-06T07:10:03.770+0000] {dag.py:3036} INFO - Sync 1 DAGs
[2024-11-06T07:10:03.797+0000] {logging_mixin.py:188} INFO - [2024-11-06T07:10:03.797+0000] {dag.py:3823} INFO - Setting next_dagrun for tutorial_dag to None, run_after=None
[2024-11-06T07:10:03.858+0000] {processor.py:183} INFO - Processing /home/airflow/.local/lib/python3.8/site-packages/airflow/example_dags/tutorial_dag.py took 0.177 seconds
[2024-11-06T07:10:33.962+0000] {processor.py:161} INFO - Started process (PID=1218) to work on /home/airflow/.local/lib/python3.8/site-packages/airflow/example_dags/tutorial_dag.py
[2024-11-06T07:10:33.963+0000] {processor.py:830} INFO - Processing file /home/airflow/.local/lib/python3.8/site-packages/airflow/example_dags/tutorial_dag.py for tasks to queue
[2024-11-06T07:10:33.965+0000] {logging_mixin.py:188} INFO - [2024-11-06T07:10:33.965+0000] {dagbag.py:538} INFO - Filling up the DagBag from /home/airflow/.local/lib/python3.8/site-packages/airflow/example_dags/tutorial_dag.py
[2024-11-06T07:10:33.971+0000] {processor.py:840} INFO - DAG(s) 'tutorial_dag' retrieved from /home/airflow/.local/lib/python3.8/site-packages/airflow/example_dags/tutorial_dag.py
[2024-11-06T07:10:33.992+0000] {logging_mixin.py:188} INFO - [2024-11-06T07:10:33.991+0000] {dag.py:3036} INFO - Sync 1 DAGs
[2024-11-06T07:10:34.004+0000] {logging_mixin.py:188} INFO - [2024-11-06T07:10:34.004+0000] {dag.py:3823} INFO - Setting next_dagrun for tutorial_dag to None, run_after=None
[2024-11-06T07:10:34.032+0000] {processor.py:183} INFO - Processing /home/airflow/.local/lib/python3.8/site-packages/airflow/example_dags/tutorial_dag.py took 0.073 seconds
[2024-11-06T07:11:04.413+0000] {processor.py:161} INFO - Started process (PID=1275) to work on /home/airflow/.local/lib/python3.8/site-packages/airflow/example_dags/tutorial_dag.py
[2024-11-06T07:11:04.429+0000] {processor.py:830} INFO - Processing file /home/airflow/.local/lib/python3.8/site-packages/airflow/example_dags/tutorial_dag.py for tasks to queue
[2024-11-06T07:11:04.431+0000] {logging_mixin.py:188} INFO - [2024-11-06T07:11:04.431+0000] {dagbag.py:538} INFO - Filling up the DagBag from /home/airflow/.local/lib/python3.8/site-packages/airflow/example_dags/tutorial_dag.py
[2024-11-06T07:11:04.449+0000] {processor.py:840} INFO - DAG(s) 'tutorial_dag' retrieved from /home/airflow/.local/lib/python3.8/site-packages/airflow/example_dags/tutorial_dag.py
[2024-11-06T07:11:04.541+0000] {logging_mixin.py:188} INFO - [2024-11-06T07:11:04.541+0000] {dag.py:3036} INFO - Sync 1 DAGs
[2024-11-06T07:11:04.561+0000] {logging_mixin.py:188} INFO - [2024-11-06T07:11:04.561+0000] {dag.py:3823} INFO - Setting next_dagrun for tutorial_dag to None, run_after=None
[2024-11-06T07:11:04.609+0000] {processor.py:183} INFO - Processing /home/airflow/.local/lib/python3.8/site-packages/airflow/example_dags/tutorial_dag.py took 0.207 seconds
[2024-11-06T07:11:34.989+0000] {processor.py:161} INFO - Started process (PID=1332) to work on /home/airflow/.local/lib/python3.8/site-packages/airflow/example_dags/tutorial_dag.py
[2024-11-06T07:11:34.990+0000] {processor.py:830} INFO - Processing file /home/airflow/.local/lib/python3.8/site-packages/airflow/example_dags/tutorial_dag.py for tasks to queue
[2024-11-06T07:11:34.992+0000] {logging_mixin.py:188} INFO - [2024-11-06T07:11:34.992+0000] {dagbag.py:538} INFO - Filling up the DagBag from /home/airflow/.local/lib/python3.8/site-packages/airflow/example_dags/tutorial_dag.py
[2024-11-06T07:11:34.998+0000] {processor.py:840} INFO - DAG(s) 'tutorial_dag' retrieved from /home/airflow/.local/lib/python3.8/site-packages/airflow/example_dags/tutorial_dag.py
[2024-11-06T07:11:35.019+0000] {logging_mixin.py:188} INFO - [2024-11-06T07:11:35.018+0000] {dag.py:3036} INFO - Sync 1 DAGs
[2024-11-06T07:11:35.032+0000] {logging_mixin.py:188} INFO - [2024-11-06T07:11:35.032+0000] {dag.py:3823} INFO - Setting next_dagrun for tutorial_dag to None, run_after=None
[2024-11-06T07:11:35.057+0000] {processor.py:183} INFO - Processing /home/airflow/.local/lib/python3.8/site-packages/airflow/example_dags/tutorial_dag.py took 0.071 seconds
[2024-11-06T07:12:05.389+0000] {processor.py:161} INFO - Started process (PID=1389) to work on /home/airflow/.local/lib/python3.8/site-packages/airflow/example_dags/tutorial_dag.py
[2024-11-06T07:12:05.390+0000] {processor.py:830} INFO - Processing file /home/airflow/.local/lib/python3.8/site-packages/airflow/example_dags/tutorial_dag.py for tasks to queue
[2024-11-06T07:12:05.391+0000] {logging_mixin.py:188} INFO - [2024-11-06T07:12:05.391+0000] {dagbag.py:538} INFO - Filling up the DagBag from /home/airflow/.local/lib/python3.8/site-packages/airflow/example_dags/tutorial_dag.py
[2024-11-06T07:12:05.398+0000] {processor.py:840} INFO - DAG(s) 'tutorial_dag' retrieved from /home/airflow/.local/lib/python3.8/site-packages/airflow/example_dags/tutorial_dag.py
[2024-11-06T07:12:05.419+0000] {logging_mixin.py:188} INFO - [2024-11-06T07:12:05.419+0000] {dag.py:3036} INFO - Sync 1 DAGs
[2024-11-06T07:12:05.432+0000] {logging_mixin.py:188} INFO - [2024-11-06T07:12:05.432+0000] {dag.py:3823} INFO - Setting next_dagrun for tutorial_dag to None, run_after=None
[2024-11-06T07:12:05.459+0000] {processor.py:183} INFO - Processing /home/airflow/.local/lib/python3.8/site-packages/airflow/example_dags/tutorial_dag.py took 0.074 seconds
[2024-11-06T07:13:56.755+0000] {processor.py:161} INFO - Started process (PID=67) to work on /home/airflow/.local/lib/python3.8/site-packages/airflow/example_dags/tutorial_dag.py
[2024-11-06T07:13:56.756+0000] {processor.py:830} INFO - Processing file /home/airflow/.local/lib/python3.8/site-packages/airflow/example_dags/tutorial_dag.py for tasks to queue
[2024-11-06T07:13:56.758+0000] {logging_mixin.py:188} INFO - [2024-11-06T07:13:56.757+0000] {dagbag.py:538} INFO - Filling up the DagBag from /home/airflow/.local/lib/python3.8/site-packages/airflow/example_dags/tutorial_dag.py
[2024-11-06T07:13:56.785+0000] {processor.py:840} INFO - DAG(s) 'tutorial_dag' retrieved from /home/airflow/.local/lib/python3.8/site-packages/airflow/example_dags/tutorial_dag.py
[2024-11-06T07:13:57.371+0000] {logging_mixin.py:188} INFO - [2024-11-06T07:13:57.371+0000] {dag.py:3036} INFO - Sync 1 DAGs
[2024-11-06T07:13:57.407+0000] {logging_mixin.py:188} INFO - [2024-11-06T07:13:57.407+0000] {dag.py:3823} INFO - Setting next_dagrun for tutorial_dag to None, run_after=None
[2024-11-06T07:13:57.501+0000] {processor.py:183} INFO - Processing /home/airflow/.local/lib/python3.8/site-packages/airflow/example_dags/tutorial_dag.py took 0.758 seconds
[2024-11-06T07:14:27.582+0000] {processor.py:161} INFO - Started process (PID=124) to work on /home/airflow/.local/lib/python3.8/site-packages/airflow/example_dags/tutorial_dag.py
[2024-11-06T07:14:27.583+0000] {processor.py:830} INFO - Processing file /home/airflow/.local/lib/python3.8/site-packages/airflow/example_dags/tutorial_dag.py for tasks to queue
[2024-11-06T07:14:27.585+0000] {logging_mixin.py:188} INFO - [2024-11-06T07:14:27.584+0000] {dagbag.py:538} INFO - Filling up the DagBag from /home/airflow/.local/lib/python3.8/site-packages/airflow/example_dags/tutorial_dag.py
[2024-11-06T07:14:27.591+0000] {processor.py:840} INFO - DAG(s) 'tutorial_dag' retrieved from /home/airflow/.local/lib/python3.8/site-packages/airflow/example_dags/tutorial_dag.py
[2024-11-06T07:14:27.613+0000] {logging_mixin.py:188} INFO - [2024-11-06T07:14:27.612+0000] {dag.py:3036} INFO - Sync 1 DAGs
[2024-11-06T07:14:27.627+0000] {logging_mixin.py:188} INFO - [2024-11-06T07:14:27.627+0000] {dag.py:3823} INFO - Setting next_dagrun for tutorial_dag to None, run_after=None
[2024-11-06T07:14:27.655+0000] {processor.py:183} INFO - Processing /home/airflow/.local/lib/python3.8/site-packages/airflow/example_dags/tutorial_dag.py took 0.076 seconds
[2024-11-06T07:14:57.723+0000] {processor.py:161} INFO - Started process (PID=181) to work on /home/airflow/.local/lib/python3.8/site-packages/airflow/example_dags/tutorial_dag.py
[2024-11-06T07:14:57.724+0000] {processor.py:830} INFO - Processing file /home/airflow/.local/lib/python3.8/site-packages/airflow/example_dags/tutorial_dag.py for tasks to queue
[2024-11-06T07:14:57.725+0000] {logging_mixin.py:188} INFO - [2024-11-06T07:14:57.725+0000] {dagbag.py:538} INFO - Filling up the DagBag from /home/airflow/.local/lib/python3.8/site-packages/airflow/example_dags/tutorial_dag.py
[2024-11-06T07:14:57.731+0000] {processor.py:840} INFO - DAG(s) 'tutorial_dag' retrieved from /home/airflow/.local/lib/python3.8/site-packages/airflow/example_dags/tutorial_dag.py
[2024-11-06T07:14:57.756+0000] {logging_mixin.py:188} INFO - [2024-11-06T07:14:57.755+0000] {dag.py:3036} INFO - Sync 1 DAGs
[2024-11-06T07:14:57.770+0000] {logging_mixin.py:188} INFO - [2024-11-06T07:14:57.770+0000] {dag.py:3823} INFO - Setting next_dagrun for tutorial_dag to None, run_after=None
[2024-11-06T07:14:57.804+0000] {processor.py:183} INFO - Processing /home/airflow/.local/lib/python3.8/site-packages/airflow/example_dags/tutorial_dag.py took 0.085 seconds
