[2024-11-06T07:00:34.655+0000] {processor.py:161} INFO - Started process (PID=97) to work on /home/airflow/.local/lib/python3.8/site-packages/airflow/example_dags/tutorial_taskflow_api.py
[2024-11-06T07:00:34.660+0000] {processor.py:830} INFO - Processing file /home/airflow/.local/lib/python3.8/site-packages/airflow/example_dags/tutorial_taskflow_api.py for tasks to queue
[2024-11-06T07:00:34.667+0000] {logging_mixin.py:188} INFO - [2024-11-06T07:00:34.667+0000] {dagbag.py:538} INFO - Filling up the DagBag from /home/airflow/.local/lib/python3.8/site-packages/airflow/example_dags/tutorial_taskflow_api.py
[2024-11-06T07:00:34.694+0000] {processor.py:840} INFO - DAG(s) 'tutorial_taskflow_api' retrieved from /home/airflow/.local/lib/python3.8/site-packages/airflow/example_dags/tutorial_taskflow_api.py
[2024-11-06T07:00:35.092+0000] {logging_mixin.py:188} INFO - [2024-11-06T07:00:35.091+0000] {dag.py:3036} INFO - Sync 1 DAGs
[2024-11-06T07:00:35.116+0000] {logging_mixin.py:188} INFO - [2024-11-06T07:00:35.116+0000] {dag.py:3823} INFO - Setting next_dagrun for tutorial_taskflow_api to None, run_after=None
[2024-11-06T07:00:35.180+0000] {processor.py:183} INFO - Processing /home/airflow/.local/lib/python3.8/site-packages/airflow/example_dags/tutorial_taskflow_api.py took 0.537 seconds
[2024-11-06T07:01:05.300+0000] {processor.py:161} INFO - Started process (PID=154) to work on /home/airflow/.local/lib/python3.8/site-packages/airflow/example_dags/tutorial_taskflow_api.py
[2024-11-06T07:01:05.300+0000] {processor.py:830} INFO - Processing file /home/airflow/.local/lib/python3.8/site-packages/airflow/example_dags/tutorial_taskflow_api.py for tasks to queue
[2024-11-06T07:01:05.302+0000] {logging_mixin.py:188} INFO - [2024-11-06T07:01:05.301+0000] {dagbag.py:538} INFO - Filling up the DagBag from /home/airflow/.local/lib/python3.8/site-packages/airflow/example_dags/tutorial_taskflow_api.py
[2024-11-06T07:01:05.307+0000] {processor.py:840} INFO - DAG(s) 'tutorial_taskflow_api' retrieved from /home/airflow/.local/lib/python3.8/site-packages/airflow/example_dags/tutorial_taskflow_api.py
[2024-11-06T07:01:05.323+0000] {logging_mixin.py:188} INFO - [2024-11-06T07:01:05.322+0000] {dag.py:3036} INFO - Sync 1 DAGs
[2024-11-06T07:01:05.332+0000] {logging_mixin.py:188} INFO - [2024-11-06T07:01:05.332+0000] {dag.py:3823} INFO - Setting next_dagrun for tutorial_taskflow_api to None, run_after=None
[2024-11-06T07:01:05.352+0000] {processor.py:183} INFO - Processing /home/airflow/.local/lib/python3.8/site-packages/airflow/example_dags/tutorial_taskflow_api.py took 0.055 seconds
[2024-11-06T07:01:35.715+0000] {processor.py:161} INFO - Started process (PID=212) to work on /home/airflow/.local/lib/python3.8/site-packages/airflow/example_dags/tutorial_taskflow_api.py
[2024-11-06T07:01:35.716+0000] {processor.py:830} INFO - Processing file /home/airflow/.local/lib/python3.8/site-packages/airflow/example_dags/tutorial_taskflow_api.py for tasks to queue
[2024-11-06T07:01:35.717+0000] {logging_mixin.py:188} INFO - [2024-11-06T07:01:35.717+0000] {dagbag.py:538} INFO - Filling up the DagBag from /home/airflow/.local/lib/python3.8/site-packages/airflow/example_dags/tutorial_taskflow_api.py
[2024-11-06T07:01:35.722+0000] {processor.py:840} INFO - DAG(s) 'tutorial_taskflow_api' retrieved from /home/airflow/.local/lib/python3.8/site-packages/airflow/example_dags/tutorial_taskflow_api.py
[2024-11-06T07:01:35.738+0000] {logging_mixin.py:188} INFO - [2024-11-06T07:01:35.738+0000] {dag.py:3036} INFO - Sync 1 DAGs
[2024-11-06T07:01:35.748+0000] {logging_mixin.py:188} INFO - [2024-11-06T07:01:35.748+0000] {dag.py:3823} INFO - Setting next_dagrun for tutorial_taskflow_api to None, run_after=None
[2024-11-06T07:01:35.768+0000] {processor.py:183} INFO - Processing /home/airflow/.local/lib/python3.8/site-packages/airflow/example_dags/tutorial_taskflow_api.py took 0.056 seconds
[2024-11-06T07:02:06.742+0000] {processor.py:161} INFO - Started process (PID=270) to work on /home/airflow/.local/lib/python3.8/site-packages/airflow/example_dags/tutorial_taskflow_api.py
[2024-11-06T07:02:06.743+0000] {processor.py:830} INFO - Processing file /home/airflow/.local/lib/python3.8/site-packages/airflow/example_dags/tutorial_taskflow_api.py for tasks to queue
[2024-11-06T07:02:06.745+0000] {logging_mixin.py:188} INFO - [2024-11-06T07:02:06.745+0000] {dagbag.py:538} INFO - Filling up the DagBag from /home/airflow/.local/lib/python3.8/site-packages/airflow/example_dags/tutorial_taskflow_api.py
[2024-11-06T07:02:06.750+0000] {processor.py:840} INFO - DAG(s) 'tutorial_taskflow_api' retrieved from /home/airflow/.local/lib/python3.8/site-packages/airflow/example_dags/tutorial_taskflow_api.py
[2024-11-06T07:02:06.766+0000] {logging_mixin.py:188} INFO - [2024-11-06T07:02:06.766+0000] {dag.py:3036} INFO - Sync 1 DAGs
[2024-11-06T07:02:06.776+0000] {logging_mixin.py:188} INFO - [2024-11-06T07:02:06.775+0000] {dag.py:3823} INFO - Setting next_dagrun for tutorial_taskflow_api to None, run_after=None
[2024-11-06T07:02:06.792+0000] {processor.py:183} INFO - Processing /home/airflow/.local/lib/python3.8/site-packages/airflow/example_dags/tutorial_taskflow_api.py took 0.053 seconds
[2024-11-06T07:02:37.678+0000] {processor.py:161} INFO - Started process (PID=334) to work on /home/airflow/.local/lib/python3.8/site-packages/airflow/example_dags/tutorial_taskflow_api.py
[2024-11-06T07:02:37.679+0000] {processor.py:830} INFO - Processing file /home/airflow/.local/lib/python3.8/site-packages/airflow/example_dags/tutorial_taskflow_api.py for tasks to queue
[2024-11-06T07:02:37.681+0000] {logging_mixin.py:188} INFO - [2024-11-06T07:02:37.680+0000] {dagbag.py:538} INFO - Filling up the DagBag from /home/airflow/.local/lib/python3.8/site-packages/airflow/example_dags/tutorial_taskflow_api.py
[2024-11-06T07:02:37.688+0000] {processor.py:840} INFO - DAG(s) 'tutorial_taskflow_api' retrieved from /home/airflow/.local/lib/python3.8/site-packages/airflow/example_dags/tutorial_taskflow_api.py
[2024-11-06T07:02:37.708+0000] {logging_mixin.py:188} INFO - [2024-11-06T07:02:37.708+0000] {dag.py:3036} INFO - Sync 1 DAGs
[2024-11-06T07:02:37.717+0000] {logging_mixin.py:188} INFO - [2024-11-06T07:02:37.717+0000] {dag.py:3823} INFO - Setting next_dagrun for tutorial_taskflow_api to None, run_after=None
[2024-11-06T07:02:37.737+0000] {processor.py:183} INFO - Processing /home/airflow/.local/lib/python3.8/site-packages/airflow/example_dags/tutorial_taskflow_api.py took 0.061 seconds
[2024-11-06T07:03:08.004+0000] {processor.py:161} INFO - Started process (PID=392) to work on /home/airflow/.local/lib/python3.8/site-packages/airflow/example_dags/tutorial_taskflow_api.py
[2024-11-06T07:03:08.005+0000] {processor.py:830} INFO - Processing file /home/airflow/.local/lib/python3.8/site-packages/airflow/example_dags/tutorial_taskflow_api.py for tasks to queue
[2024-11-06T07:03:08.006+0000] {logging_mixin.py:188} INFO - [2024-11-06T07:03:08.006+0000] {dagbag.py:538} INFO - Filling up the DagBag from /home/airflow/.local/lib/python3.8/site-packages/airflow/example_dags/tutorial_taskflow_api.py
[2024-11-06T07:03:08.011+0000] {processor.py:840} INFO - DAG(s) 'tutorial_taskflow_api' retrieved from /home/airflow/.local/lib/python3.8/site-packages/airflow/example_dags/tutorial_taskflow_api.py
[2024-11-06T07:03:08.026+0000] {logging_mixin.py:188} INFO - [2024-11-06T07:03:08.026+0000] {dag.py:3036} INFO - Sync 1 DAGs
[2024-11-06T07:03:08.036+0000] {logging_mixin.py:188} INFO - [2024-11-06T07:03:08.036+0000] {dag.py:3823} INFO - Setting next_dagrun for tutorial_taskflow_api to None, run_after=None
[2024-11-06T07:03:08.060+0000] {processor.py:183} INFO - Processing /home/airflow/.local/lib/python3.8/site-packages/airflow/example_dags/tutorial_taskflow_api.py took 0.059 seconds
[2024-11-06T07:03:38.244+0000] {processor.py:161} INFO - Started process (PID=449) to work on /home/airflow/.local/lib/python3.8/site-packages/airflow/example_dags/tutorial_taskflow_api.py
[2024-11-06T07:03:38.245+0000] {processor.py:830} INFO - Processing file /home/airflow/.local/lib/python3.8/site-packages/airflow/example_dags/tutorial_taskflow_api.py for tasks to queue
[2024-11-06T07:03:38.246+0000] {logging_mixin.py:188} INFO - [2024-11-06T07:03:38.246+0000] {dagbag.py:538} INFO - Filling up the DagBag from /home/airflow/.local/lib/python3.8/site-packages/airflow/example_dags/tutorial_taskflow_api.py
[2024-11-06T07:03:38.252+0000] {processor.py:840} INFO - DAG(s) 'tutorial_taskflow_api' retrieved from /home/airflow/.local/lib/python3.8/site-packages/airflow/example_dags/tutorial_taskflow_api.py
[2024-11-06T07:03:38.276+0000] {logging_mixin.py:188} INFO - [2024-11-06T07:03:38.275+0000] {dag.py:3036} INFO - Sync 1 DAGs
[2024-11-06T07:03:38.291+0000] {logging_mixin.py:188} INFO - [2024-11-06T07:03:38.291+0000] {dag.py:3823} INFO - Setting next_dagrun for tutorial_taskflow_api to None, run_after=None
[2024-11-06T07:03:38.315+0000] {processor.py:183} INFO - Processing /home/airflow/.local/lib/python3.8/site-packages/airflow/example_dags/tutorial_taskflow_api.py took 0.073 seconds
[2024-11-06T07:04:08.602+0000] {processor.py:161} INFO - Started process (PID=507) to work on /home/airflow/.local/lib/python3.8/site-packages/airflow/example_dags/tutorial_taskflow_api.py
[2024-11-06T07:04:08.602+0000] {processor.py:830} INFO - Processing file /home/airflow/.local/lib/python3.8/site-packages/airflow/example_dags/tutorial_taskflow_api.py for tasks to queue
[2024-11-06T07:04:08.604+0000] {logging_mixin.py:188} INFO - [2024-11-06T07:04:08.603+0000] {dagbag.py:538} INFO - Filling up the DagBag from /home/airflow/.local/lib/python3.8/site-packages/airflow/example_dags/tutorial_taskflow_api.py
[2024-11-06T07:04:08.609+0000] {processor.py:840} INFO - DAG(s) 'tutorial_taskflow_api' retrieved from /home/airflow/.local/lib/python3.8/site-packages/airflow/example_dags/tutorial_taskflow_api.py
[2024-11-06T07:04:08.625+0000] {logging_mixin.py:188} INFO - [2024-11-06T07:04:08.625+0000] {dag.py:3036} INFO - Sync 1 DAGs
[2024-11-06T07:04:08.634+0000] {logging_mixin.py:188} INFO - [2024-11-06T07:04:08.634+0000] {dag.py:3823} INFO - Setting next_dagrun for tutorial_taskflow_api to None, run_after=None
[2024-11-06T07:04:08.656+0000] {processor.py:183} INFO - Processing /home/airflow/.local/lib/python3.8/site-packages/airflow/example_dags/tutorial_taskflow_api.py took 0.056 seconds
[2024-11-06T07:04:38.973+0000] {processor.py:161} INFO - Started process (PID=564) to work on /home/airflow/.local/lib/python3.8/site-packages/airflow/example_dags/tutorial_taskflow_api.py
[2024-11-06T07:04:38.974+0000] {processor.py:830} INFO - Processing file /home/airflow/.local/lib/python3.8/site-packages/airflow/example_dags/tutorial_taskflow_api.py for tasks to queue
[2024-11-06T07:04:38.976+0000] {logging_mixin.py:188} INFO - [2024-11-06T07:04:38.976+0000] {dagbag.py:538} INFO - Filling up the DagBag from /home/airflow/.local/lib/python3.8/site-packages/airflow/example_dags/tutorial_taskflow_api.py
[2024-11-06T07:04:38.983+0000] {processor.py:840} INFO - DAG(s) 'tutorial_taskflow_api' retrieved from /home/airflow/.local/lib/python3.8/site-packages/airflow/example_dags/tutorial_taskflow_api.py
[2024-11-06T07:04:39.016+0000] {logging_mixin.py:188} INFO - [2024-11-06T07:04:39.015+0000] {dag.py:3036} INFO - Sync 1 DAGs
[2024-11-06T07:04:39.028+0000] {logging_mixin.py:188} INFO - [2024-11-06T07:04:39.028+0000] {dag.py:3823} INFO - Setting next_dagrun for tutorial_taskflow_api to None, run_after=None
[2024-11-06T07:04:39.052+0000] {processor.py:183} INFO - Processing /home/airflow/.local/lib/python3.8/site-packages/airflow/example_dags/tutorial_taskflow_api.py took 0.082 seconds
[2024-11-06T07:05:09.270+0000] {processor.py:161} INFO - Started process (PID=621) to work on /home/airflow/.local/lib/python3.8/site-packages/airflow/example_dags/tutorial_taskflow_api.py
[2024-11-06T07:05:09.275+0000] {processor.py:830} INFO - Processing file /home/airflow/.local/lib/python3.8/site-packages/airflow/example_dags/tutorial_taskflow_api.py for tasks to queue
[2024-11-06T07:05:09.277+0000] {logging_mixin.py:188} INFO - [2024-11-06T07:05:09.277+0000] {dagbag.py:538} INFO - Filling up the DagBag from /home/airflow/.local/lib/python3.8/site-packages/airflow/example_dags/tutorial_taskflow_api.py
[2024-11-06T07:05:09.307+0000] {processor.py:840} INFO - DAG(s) 'tutorial_taskflow_api' retrieved from /home/airflow/.local/lib/python3.8/site-packages/airflow/example_dags/tutorial_taskflow_api.py
[2024-11-06T07:05:09.332+0000] {logging_mixin.py:188} INFO - [2024-11-06T07:05:09.331+0000] {dag.py:3036} INFO - Sync 1 DAGs
[2024-11-06T07:05:09.347+0000] {logging_mixin.py:188} INFO - [2024-11-06T07:05:09.346+0000] {dag.py:3823} INFO - Setting next_dagrun for tutorial_taskflow_api to None, run_after=None
[2024-11-06T07:05:09.371+0000] {processor.py:183} INFO - Processing /home/airflow/.local/lib/python3.8/site-packages/airflow/example_dags/tutorial_taskflow_api.py took 0.105 seconds
[2024-11-06T07:05:39.893+0000] {processor.py:161} INFO - Started process (PID=678) to work on /home/airflow/.local/lib/python3.8/site-packages/airflow/example_dags/tutorial_taskflow_api.py
[2024-11-06T07:05:39.894+0000] {processor.py:830} INFO - Processing file /home/airflow/.local/lib/python3.8/site-packages/airflow/example_dags/tutorial_taskflow_api.py for tasks to queue
[2024-11-06T07:05:39.905+0000] {logging_mixin.py:188} INFO - [2024-11-06T07:05:39.903+0000] {dagbag.py:538} INFO - Filling up the DagBag from /home/airflow/.local/lib/python3.8/site-packages/airflow/example_dags/tutorial_taskflow_api.py
[2024-11-06T07:05:39.921+0000] {processor.py:840} INFO - DAG(s) 'tutorial_taskflow_api' retrieved from /home/airflow/.local/lib/python3.8/site-packages/airflow/example_dags/tutorial_taskflow_api.py
[2024-11-06T07:05:39.958+0000] {logging_mixin.py:188} INFO - [2024-11-06T07:05:39.958+0000] {dag.py:3036} INFO - Sync 1 DAGs
[2024-11-06T07:05:39.979+0000] {logging_mixin.py:188} INFO - [2024-11-06T07:05:39.979+0000] {dag.py:3823} INFO - Setting next_dagrun for tutorial_taskflow_api to None, run_after=None
[2024-11-06T07:05:40.045+0000] {processor.py:183} INFO - Processing /home/airflow/.local/lib/python3.8/site-packages/airflow/example_dags/tutorial_taskflow_api.py took 0.160 seconds
[2024-11-06T07:06:10.198+0000] {processor.py:161} INFO - Started process (PID=735) to work on /home/airflow/.local/lib/python3.8/site-packages/airflow/example_dags/tutorial_taskflow_api.py
[2024-11-06T07:06:10.199+0000] {processor.py:830} INFO - Processing file /home/airflow/.local/lib/python3.8/site-packages/airflow/example_dags/tutorial_taskflow_api.py for tasks to queue
[2024-11-06T07:06:10.200+0000] {logging_mixin.py:188} INFO - [2024-11-06T07:06:10.200+0000] {dagbag.py:538} INFO - Filling up the DagBag from /home/airflow/.local/lib/python3.8/site-packages/airflow/example_dags/tutorial_taskflow_api.py
[2024-11-06T07:06:10.205+0000] {processor.py:840} INFO - DAG(s) 'tutorial_taskflow_api' retrieved from /home/airflow/.local/lib/python3.8/site-packages/airflow/example_dags/tutorial_taskflow_api.py
[2024-11-06T07:06:10.222+0000] {logging_mixin.py:188} INFO - [2024-11-06T07:06:10.222+0000] {dag.py:3036} INFO - Sync 1 DAGs
[2024-11-06T07:06:10.236+0000] {logging_mixin.py:188} INFO - [2024-11-06T07:06:10.236+0000] {dag.py:3823} INFO - Setting next_dagrun for tutorial_taskflow_api to None, run_after=None
[2024-11-06T07:06:10.265+0000] {processor.py:183} INFO - Processing /home/airflow/.local/lib/python3.8/site-packages/airflow/example_dags/tutorial_taskflow_api.py took 0.069 seconds
[2024-11-06T07:06:41.114+0000] {processor.py:161} INFO - Started process (PID=793) to work on /home/airflow/.local/lib/python3.8/site-packages/airflow/example_dags/tutorial_taskflow_api.py
[2024-11-06T07:06:41.114+0000] {processor.py:830} INFO - Processing file /home/airflow/.local/lib/python3.8/site-packages/airflow/example_dags/tutorial_taskflow_api.py for tasks to queue
[2024-11-06T07:06:41.116+0000] {logging_mixin.py:188} INFO - [2024-11-06T07:06:41.116+0000] {dagbag.py:538} INFO - Filling up the DagBag from /home/airflow/.local/lib/python3.8/site-packages/airflow/example_dags/tutorial_taskflow_api.py
[2024-11-06T07:06:41.121+0000] {processor.py:840} INFO - DAG(s) 'tutorial_taskflow_api' retrieved from /home/airflow/.local/lib/python3.8/site-packages/airflow/example_dags/tutorial_taskflow_api.py
[2024-11-06T07:06:41.136+0000] {logging_mixin.py:188} INFO - [2024-11-06T07:06:41.136+0000] {dag.py:3036} INFO - Sync 1 DAGs
[2024-11-06T07:06:41.151+0000] {logging_mixin.py:188} INFO - [2024-11-06T07:06:41.151+0000] {dag.py:3823} INFO - Setting next_dagrun for tutorial_taskflow_api to None, run_after=None
[2024-11-06T07:06:41.182+0000] {processor.py:183} INFO - Processing /home/airflow/.local/lib/python3.8/site-packages/airflow/example_dags/tutorial_taskflow_api.py took 0.071 seconds
[2024-11-06T07:07:11.752+0000] {processor.py:161} INFO - Started process (PID=850) to work on /home/airflow/.local/lib/python3.8/site-packages/airflow/example_dags/tutorial_taskflow_api.py
[2024-11-06T07:07:11.753+0000] {processor.py:830} INFO - Processing file /home/airflow/.local/lib/python3.8/site-packages/airflow/example_dags/tutorial_taskflow_api.py for tasks to queue
[2024-11-06T07:07:11.755+0000] {logging_mixin.py:188} INFO - [2024-11-06T07:07:11.754+0000] {dagbag.py:538} INFO - Filling up the DagBag from /home/airflow/.local/lib/python3.8/site-packages/airflow/example_dags/tutorial_taskflow_api.py
[2024-11-06T07:07:11.762+0000] {processor.py:840} INFO - DAG(s) 'tutorial_taskflow_api' retrieved from /home/airflow/.local/lib/python3.8/site-packages/airflow/example_dags/tutorial_taskflow_api.py
[2024-11-06T07:07:11.783+0000] {logging_mixin.py:188} INFO - [2024-11-06T07:07:11.782+0000] {dag.py:3036} INFO - Sync 1 DAGs
[2024-11-06T07:07:11.792+0000] {logging_mixin.py:188} INFO - [2024-11-06T07:07:11.792+0000] {dag.py:3823} INFO - Setting next_dagrun for tutorial_taskflow_api to None, run_after=None
[2024-11-06T07:07:11.821+0000] {processor.py:183} INFO - Processing /home/airflow/.local/lib/python3.8/site-packages/airflow/example_dags/tutorial_taskflow_api.py took 0.073 seconds
[2024-11-06T07:07:42.484+0000] {processor.py:161} INFO - Started process (PID=908) to work on /home/airflow/.local/lib/python3.8/site-packages/airflow/example_dags/tutorial_taskflow_api.py
[2024-11-06T07:07:42.485+0000] {processor.py:830} INFO - Processing file /home/airflow/.local/lib/python3.8/site-packages/airflow/example_dags/tutorial_taskflow_api.py for tasks to queue
[2024-11-06T07:07:42.487+0000] {logging_mixin.py:188} INFO - [2024-11-06T07:07:42.487+0000] {dagbag.py:538} INFO - Filling up the DagBag from /home/airflow/.local/lib/python3.8/site-packages/airflow/example_dags/tutorial_taskflow_api.py
[2024-11-06T07:07:42.494+0000] {processor.py:840} INFO - DAG(s) 'tutorial_taskflow_api' retrieved from /home/airflow/.local/lib/python3.8/site-packages/airflow/example_dags/tutorial_taskflow_api.py
[2024-11-06T07:07:42.510+0000] {logging_mixin.py:188} INFO - [2024-11-06T07:07:42.509+0000] {dag.py:3036} INFO - Sync 1 DAGs
[2024-11-06T07:07:42.519+0000] {logging_mixin.py:188} INFO - [2024-11-06T07:07:42.519+0000] {dag.py:3823} INFO - Setting next_dagrun for tutorial_taskflow_api to None, run_after=None
[2024-11-06T07:07:42.538+0000] {processor.py:183} INFO - Processing /home/airflow/.local/lib/python3.8/site-packages/airflow/example_dags/tutorial_taskflow_api.py took 0.057 seconds
[2024-11-06T07:08:12.750+0000] {processor.py:161} INFO - Started process (PID=966) to work on /home/airflow/.local/lib/python3.8/site-packages/airflow/example_dags/tutorial_taskflow_api.py
[2024-11-06T07:08:12.751+0000] {processor.py:830} INFO - Processing file /home/airflow/.local/lib/python3.8/site-packages/airflow/example_dags/tutorial_taskflow_api.py for tasks to queue
[2024-11-06T07:08:12.753+0000] {logging_mixin.py:188} INFO - [2024-11-06T07:08:12.753+0000] {dagbag.py:538} INFO - Filling up the DagBag from /home/airflow/.local/lib/python3.8/site-packages/airflow/example_dags/tutorial_taskflow_api.py
[2024-11-06T07:08:12.760+0000] {processor.py:840} INFO - DAG(s) 'tutorial_taskflow_api' retrieved from /home/airflow/.local/lib/python3.8/site-packages/airflow/example_dags/tutorial_taskflow_api.py
[2024-11-06T07:08:12.781+0000] {logging_mixin.py:188} INFO - [2024-11-06T07:08:12.781+0000] {dag.py:3036} INFO - Sync 1 DAGs
[2024-11-06T07:08:12.795+0000] {logging_mixin.py:188} INFO - [2024-11-06T07:08:12.795+0000] {dag.py:3823} INFO - Setting next_dagrun for tutorial_taskflow_api to None, run_after=None
[2024-11-06T07:08:12.833+0000] {processor.py:183} INFO - Processing /home/airflow/.local/lib/python3.8/site-packages/airflow/example_dags/tutorial_taskflow_api.py took 0.087 seconds
[2024-11-06T07:08:42.889+0000] {processor.py:161} INFO - Started process (PID=1023) to work on /home/airflow/.local/lib/python3.8/site-packages/airflow/example_dags/tutorial_taskflow_api.py
[2024-11-06T07:08:42.890+0000] {processor.py:830} INFO - Processing file /home/airflow/.local/lib/python3.8/site-packages/airflow/example_dags/tutorial_taskflow_api.py for tasks to queue
[2024-11-06T07:08:42.892+0000] {logging_mixin.py:188} INFO - [2024-11-06T07:08:42.892+0000] {dagbag.py:538} INFO - Filling up the DagBag from /home/airflow/.local/lib/python3.8/site-packages/airflow/example_dags/tutorial_taskflow_api.py
[2024-11-06T07:08:42.899+0000] {processor.py:840} INFO - DAG(s) 'tutorial_taskflow_api' retrieved from /home/airflow/.local/lib/python3.8/site-packages/airflow/example_dags/tutorial_taskflow_api.py
[2024-11-06T07:08:42.922+0000] {logging_mixin.py:188} INFO - [2024-11-06T07:08:42.922+0000] {dag.py:3036} INFO - Sync 1 DAGs
[2024-11-06T07:08:42.938+0000] {logging_mixin.py:188} INFO - [2024-11-06T07:08:42.938+0000] {dag.py:3823} INFO - Setting next_dagrun for tutorial_taskflow_api to None, run_after=None
[2024-11-06T07:08:42.961+0000] {processor.py:183} INFO - Processing /home/airflow/.local/lib/python3.8/site-packages/airflow/example_dags/tutorial_taskflow_api.py took 0.076 seconds
[2024-11-06T07:09:13.457+0000] {processor.py:161} INFO - Started process (PID=1081) to work on /home/airflow/.local/lib/python3.8/site-packages/airflow/example_dags/tutorial_taskflow_api.py
[2024-11-06T07:09:13.457+0000] {processor.py:830} INFO - Processing file /home/airflow/.local/lib/python3.8/site-packages/airflow/example_dags/tutorial_taskflow_api.py for tasks to queue
[2024-11-06T07:09:13.459+0000] {logging_mixin.py:188} INFO - [2024-11-06T07:09:13.459+0000] {dagbag.py:538} INFO - Filling up the DagBag from /home/airflow/.local/lib/python3.8/site-packages/airflow/example_dags/tutorial_taskflow_api.py
[2024-11-06T07:09:13.464+0000] {processor.py:840} INFO - DAG(s) 'tutorial_taskflow_api' retrieved from /home/airflow/.local/lib/python3.8/site-packages/airflow/example_dags/tutorial_taskflow_api.py
[2024-11-06T07:09:13.479+0000] {logging_mixin.py:188} INFO - [2024-11-06T07:09:13.479+0000] {dag.py:3036} INFO - Sync 1 DAGs
[2024-11-06T07:09:13.488+0000] {logging_mixin.py:188} INFO - [2024-11-06T07:09:13.488+0000] {dag.py:3823} INFO - Setting next_dagrun for tutorial_taskflow_api to None, run_after=None
[2024-11-06T07:09:13.508+0000] {processor.py:183} INFO - Processing /home/airflow/.local/lib/python3.8/site-packages/airflow/example_dags/tutorial_taskflow_api.py took 0.055 seconds
[2024-11-06T07:09:44.074+0000] {processor.py:161} INFO - Started process (PID=1138) to work on /home/airflow/.local/lib/python3.8/site-packages/airflow/example_dags/tutorial_taskflow_api.py
[2024-11-06T07:09:44.075+0000] {processor.py:830} INFO - Processing file /home/airflow/.local/lib/python3.8/site-packages/airflow/example_dags/tutorial_taskflow_api.py for tasks to queue
[2024-11-06T07:09:44.077+0000] {logging_mixin.py:188} INFO - [2024-11-06T07:09:44.076+0000] {dagbag.py:538} INFO - Filling up the DagBag from /home/airflow/.local/lib/python3.8/site-packages/airflow/example_dags/tutorial_taskflow_api.py
[2024-11-06T07:09:44.082+0000] {processor.py:840} INFO - DAG(s) 'tutorial_taskflow_api' retrieved from /home/airflow/.local/lib/python3.8/site-packages/airflow/example_dags/tutorial_taskflow_api.py
[2024-11-06T07:09:44.097+0000] {logging_mixin.py:188} INFO - [2024-11-06T07:09:44.097+0000] {dag.py:3036} INFO - Sync 1 DAGs
[2024-11-06T07:09:44.106+0000] {logging_mixin.py:188} INFO - [2024-11-06T07:09:44.106+0000] {dag.py:3823} INFO - Setting next_dagrun for tutorial_taskflow_api to None, run_after=None
[2024-11-06T07:09:44.127+0000] {processor.py:183} INFO - Processing /home/airflow/.local/lib/python3.8/site-packages/airflow/example_dags/tutorial_taskflow_api.py took 0.057 seconds
[2024-11-06T07:10:14.684+0000] {processor.py:161} INFO - Started process (PID=1195) to work on /home/airflow/.local/lib/python3.8/site-packages/airflow/example_dags/tutorial_taskflow_api.py
[2024-11-06T07:10:14.685+0000] {processor.py:830} INFO - Processing file /home/airflow/.local/lib/python3.8/site-packages/airflow/example_dags/tutorial_taskflow_api.py for tasks to queue
[2024-11-06T07:10:14.686+0000] {logging_mixin.py:188} INFO - [2024-11-06T07:10:14.686+0000] {dagbag.py:538} INFO - Filling up the DagBag from /home/airflow/.local/lib/python3.8/site-packages/airflow/example_dags/tutorial_taskflow_api.py
[2024-11-06T07:10:14.693+0000] {processor.py:840} INFO - DAG(s) 'tutorial_taskflow_api' retrieved from /home/airflow/.local/lib/python3.8/site-packages/airflow/example_dags/tutorial_taskflow_api.py
[2024-11-06T07:10:14.708+0000] {logging_mixin.py:188} INFO - [2024-11-06T07:10:14.708+0000] {dag.py:3036} INFO - Sync 1 DAGs
[2024-11-06T07:10:14.718+0000] {logging_mixin.py:188} INFO - [2024-11-06T07:10:14.718+0000] {dag.py:3823} INFO - Setting next_dagrun for tutorial_taskflow_api to None, run_after=None
[2024-11-06T07:10:14.737+0000] {processor.py:183} INFO - Processing /home/airflow/.local/lib/python3.8/site-packages/airflow/example_dags/tutorial_taskflow_api.py took 0.056 seconds
[2024-11-06T07:10:45.020+0000] {processor.py:161} INFO - Started process (PID=1252) to work on /home/airflow/.local/lib/python3.8/site-packages/airflow/example_dags/tutorial_taskflow_api.py
[2024-11-06T07:10:45.021+0000] {processor.py:830} INFO - Processing file /home/airflow/.local/lib/python3.8/site-packages/airflow/example_dags/tutorial_taskflow_api.py for tasks to queue
[2024-11-06T07:10:45.023+0000] {logging_mixin.py:188} INFO - [2024-11-06T07:10:45.023+0000] {dagbag.py:538} INFO - Filling up the DagBag from /home/airflow/.local/lib/python3.8/site-packages/airflow/example_dags/tutorial_taskflow_api.py
[2024-11-06T07:10:45.030+0000] {processor.py:840} INFO - DAG(s) 'tutorial_taskflow_api' retrieved from /home/airflow/.local/lib/python3.8/site-packages/airflow/example_dags/tutorial_taskflow_api.py
[2024-11-06T07:10:45.048+0000] {logging_mixin.py:188} INFO - [2024-11-06T07:10:45.048+0000] {dag.py:3036} INFO - Sync 1 DAGs
[2024-11-06T07:10:45.058+0000] {logging_mixin.py:188} INFO - [2024-11-06T07:10:45.058+0000] {dag.py:3823} INFO - Setting next_dagrun for tutorial_taskflow_api to None, run_after=None
[2024-11-06T07:10:45.076+0000] {processor.py:183} INFO - Processing /home/airflow/.local/lib/python3.8/site-packages/airflow/example_dags/tutorial_taskflow_api.py took 0.060 seconds
[2024-11-06T07:11:15.721+0000] {processor.py:161} INFO - Started process (PID=1309) to work on /home/airflow/.local/lib/python3.8/site-packages/airflow/example_dags/tutorial_taskflow_api.py
[2024-11-06T07:11:15.722+0000] {processor.py:830} INFO - Processing file /home/airflow/.local/lib/python3.8/site-packages/airflow/example_dags/tutorial_taskflow_api.py for tasks to queue
[2024-11-06T07:11:15.723+0000] {logging_mixin.py:188} INFO - [2024-11-06T07:11:15.723+0000] {dagbag.py:538} INFO - Filling up the DagBag from /home/airflow/.local/lib/python3.8/site-packages/airflow/example_dags/tutorial_taskflow_api.py
[2024-11-06T07:11:15.730+0000] {processor.py:840} INFO - DAG(s) 'tutorial_taskflow_api' retrieved from /home/airflow/.local/lib/python3.8/site-packages/airflow/example_dags/tutorial_taskflow_api.py
[2024-11-06T07:11:15.747+0000] {logging_mixin.py:188} INFO - [2024-11-06T07:11:15.747+0000] {dag.py:3036} INFO - Sync 1 DAGs
[2024-11-06T07:11:15.756+0000] {logging_mixin.py:188} INFO - [2024-11-06T07:11:15.756+0000] {dag.py:3823} INFO - Setting next_dagrun for tutorial_taskflow_api to None, run_after=None
[2024-11-06T07:11:15.787+0000] {processor.py:183} INFO - Processing /home/airflow/.local/lib/python3.8/site-packages/airflow/example_dags/tutorial_taskflow_api.py took 0.069 seconds
[2024-11-06T07:11:45.971+0000] {processor.py:161} INFO - Started process (PID=1366) to work on /home/airflow/.local/lib/python3.8/site-packages/airflow/example_dags/tutorial_taskflow_api.py
[2024-11-06T07:11:45.972+0000] {processor.py:830} INFO - Processing file /home/airflow/.local/lib/python3.8/site-packages/airflow/example_dags/tutorial_taskflow_api.py for tasks to queue
[2024-11-06T07:11:45.973+0000] {logging_mixin.py:188} INFO - [2024-11-06T07:11:45.973+0000] {dagbag.py:538} INFO - Filling up the DagBag from /home/airflow/.local/lib/python3.8/site-packages/airflow/example_dags/tutorial_taskflow_api.py
[2024-11-06T07:11:45.980+0000] {processor.py:840} INFO - DAG(s) 'tutorial_taskflow_api' retrieved from /home/airflow/.local/lib/python3.8/site-packages/airflow/example_dags/tutorial_taskflow_api.py
[2024-11-06T07:11:45.998+0000] {logging_mixin.py:188} INFO - [2024-11-06T07:11:45.998+0000] {dag.py:3036} INFO - Sync 1 DAGs
[2024-11-06T07:11:46.008+0000] {logging_mixin.py:188} INFO - [2024-11-06T07:11:46.008+0000] {dag.py:3823} INFO - Setting next_dagrun for tutorial_taskflow_api to None, run_after=None
[2024-11-06T07:11:46.027+0000] {processor.py:183} INFO - Processing /home/airflow/.local/lib/python3.8/site-packages/airflow/example_dags/tutorial_taskflow_api.py took 0.060 seconds
[2024-11-06T07:12:16.930+0000] {processor.py:161} INFO - Started process (PID=1423) to work on /home/airflow/.local/lib/python3.8/site-packages/airflow/example_dags/tutorial_taskflow_api.py
[2024-11-06T07:12:16.930+0000] {processor.py:830} INFO - Processing file /home/airflow/.local/lib/python3.8/site-packages/airflow/example_dags/tutorial_taskflow_api.py for tasks to queue
[2024-11-06T07:12:16.932+0000] {logging_mixin.py:188} INFO - [2024-11-06T07:12:16.931+0000] {dagbag.py:538} INFO - Filling up the DagBag from /home/airflow/.local/lib/python3.8/site-packages/airflow/example_dags/tutorial_taskflow_api.py
[2024-11-06T07:12:16.937+0000] {processor.py:840} INFO - DAG(s) 'tutorial_taskflow_api' retrieved from /home/airflow/.local/lib/python3.8/site-packages/airflow/example_dags/tutorial_taskflow_api.py
[2024-11-06T07:12:16.952+0000] {logging_mixin.py:188} INFO - [2024-11-06T07:12:16.952+0000] {dag.py:3036} INFO - Sync 1 DAGs
[2024-11-06T07:12:16.963+0000] {logging_mixin.py:188} INFO - [2024-11-06T07:12:16.963+0000] {dag.py:3823} INFO - Setting next_dagrun for tutorial_taskflow_api to None, run_after=None
[2024-11-06T07:12:16.980+0000] {processor.py:183} INFO - Processing /home/airflow/.local/lib/python3.8/site-packages/airflow/example_dags/tutorial_taskflow_api.py took 0.053 seconds
[2024-11-06T07:14:08.307+0000] {processor.py:161} INFO - Started process (PID=95) to work on /home/airflow/.local/lib/python3.8/site-packages/airflow/example_dags/tutorial_taskflow_api.py
[2024-11-06T07:14:08.326+0000] {processor.py:830} INFO - Processing file /home/airflow/.local/lib/python3.8/site-packages/airflow/example_dags/tutorial_taskflow_api.py for tasks to queue
[2024-11-06T07:14:08.340+0000] {logging_mixin.py:188} INFO - [2024-11-06T07:14:08.339+0000] {dagbag.py:538} INFO - Filling up the DagBag from /home/airflow/.local/lib/python3.8/site-packages/airflow/example_dags/tutorial_taskflow_api.py
[2024-11-06T07:14:08.369+0000] {processor.py:840} INFO - DAG(s) 'tutorial_taskflow_api' retrieved from /home/airflow/.local/lib/python3.8/site-packages/airflow/example_dags/tutorial_taskflow_api.py
[2024-11-06T07:14:09.177+0000] {logging_mixin.py:188} INFO - [2024-11-06T07:14:09.176+0000] {dag.py:3036} INFO - Sync 1 DAGs
[2024-11-06T07:14:09.237+0000] {logging_mixin.py:188} INFO - [2024-11-06T07:14:09.236+0000] {dag.py:3823} INFO - Setting next_dagrun for tutorial_taskflow_api to None, run_after=None
[2024-11-06T07:14:09.319+0000] {processor.py:183} INFO - Processing /home/airflow/.local/lib/python3.8/site-packages/airflow/example_dags/tutorial_taskflow_api.py took 1.021 seconds
[2024-11-06T07:14:39.496+0000] {processor.py:161} INFO - Started process (PID=152) to work on /home/airflow/.local/lib/python3.8/site-packages/airflow/example_dags/tutorial_taskflow_api.py
[2024-11-06T07:14:39.497+0000] {processor.py:830} INFO - Processing file /home/airflow/.local/lib/python3.8/site-packages/airflow/example_dags/tutorial_taskflow_api.py for tasks to queue
[2024-11-06T07:14:39.499+0000] {logging_mixin.py:188} INFO - [2024-11-06T07:14:39.499+0000] {dagbag.py:538} INFO - Filling up the DagBag from /home/airflow/.local/lib/python3.8/site-packages/airflow/example_dags/tutorial_taskflow_api.py
[2024-11-06T07:14:39.506+0000] {processor.py:840} INFO - DAG(s) 'tutorial_taskflow_api' retrieved from /home/airflow/.local/lib/python3.8/site-packages/airflow/example_dags/tutorial_taskflow_api.py
[2024-11-06T07:14:39.527+0000] {logging_mixin.py:188} INFO - [2024-11-06T07:14:39.527+0000] {dag.py:3036} INFO - Sync 1 DAGs
[2024-11-06T07:14:39.541+0000] {logging_mixin.py:188} INFO - [2024-11-06T07:14:39.541+0000] {dag.py:3823} INFO - Setting next_dagrun for tutorial_taskflow_api to None, run_after=None
[2024-11-06T07:14:39.565+0000] {processor.py:183} INFO - Processing /home/airflow/.local/lib/python3.8/site-packages/airflow/example_dags/tutorial_taskflow_api.py took 0.072 seconds
[2024-11-06T07:15:10.422+0000] {processor.py:161} INFO - Started process (PID=209) to work on /home/airflow/.local/lib/python3.8/site-packages/airflow/example_dags/tutorial_taskflow_api.py
[2024-11-06T07:15:10.422+0000] {processor.py:830} INFO - Processing file /home/airflow/.local/lib/python3.8/site-packages/airflow/example_dags/tutorial_taskflow_api.py for tasks to queue
[2024-11-06T07:15:10.424+0000] {logging_mixin.py:188} INFO - [2024-11-06T07:15:10.424+0000] {dagbag.py:538} INFO - Filling up the DagBag from /home/airflow/.local/lib/python3.8/site-packages/airflow/example_dags/tutorial_taskflow_api.py
[2024-11-06T07:15:10.431+0000] {processor.py:840} INFO - DAG(s) 'tutorial_taskflow_api' retrieved from /home/airflow/.local/lib/python3.8/site-packages/airflow/example_dags/tutorial_taskflow_api.py
[2024-11-06T07:15:10.451+0000] {logging_mixin.py:188} INFO - [2024-11-06T07:15:10.451+0000] {dag.py:3036} INFO - Sync 1 DAGs
[2024-11-06T07:15:10.465+0000] {logging_mixin.py:188} INFO - [2024-11-06T07:15:10.464+0000] {dag.py:3823} INFO - Setting next_dagrun for tutorial_taskflow_api to None, run_after=None
[2024-11-06T07:15:10.487+0000] {processor.py:183} INFO - Processing /home/airflow/.local/lib/python3.8/site-packages/airflow/example_dags/tutorial_taskflow_api.py took 0.069 seconds
