[2024-11-06T07:00:20.326+0000] {processor.py:161} INFO - Started process (PID=64) to work on /opt/airflow/dags/etl_dag.py
[2024-11-06T07:00:20.336+0000] {processor.py:830} INFO - Processing file /opt/airflow/dags/etl_dag.py for tasks to queue
[2024-11-06T07:00:20.338+0000] {logging_mixin.py:188} INFO - [2024-11-06T07:00:20.338+0000] {dagbag.py:538} INFO - Filling up the DagBag from /opt/airflow/dags/etl_dag.py
[2024-11-06T07:00:20.563+0000] {processor.py:840} INFO - DAG(s) 'etl_dag' retrieved from /opt/airflow/dags/etl_dag.py
[2024-11-06T07:00:21.755+0000] {logging_mixin.py:188} INFO - [2024-11-06T07:00:21.755+0000] {override.py:1769} INFO - Created Permission View: can edit on DAG:etl_dag
[2024-11-06T07:00:21.817+0000] {logging_mixin.py:188} INFO - [2024-11-06T07:00:21.817+0000] {override.py:1769} INFO - Created Permission View: can delete on DAG:etl_dag
[2024-11-06T07:00:21.846+0000] {logging_mixin.py:188} INFO - [2024-11-06T07:00:21.846+0000] {override.py:1769} INFO - Created Permission View: can read on DAG:etl_dag
[2024-11-06T07:00:21.847+0000] {logging_mixin.py:188} INFO - [2024-11-06T07:00:21.847+0000] {dag.py:3036} INFO - Sync 1 DAGs
[2024-11-06T07:00:21.885+0000] {logging_mixin.py:188} INFO - [2024-11-06T07:00:21.884+0000] {dag.py:3058} INFO - Creating ORM DAG for etl_dag
[2024-11-06T07:00:21.937+0000] {logging_mixin.py:188} INFO - [2024-11-06T07:00:21.937+0000] {dag.py:3823} INFO - Setting next_dagrun for etl_dag to 2024-11-05 00:00:00+00:00, run_after=2024-11-06 00:00:00+00:00
[2024-11-06T07:00:22.001+0000] {processor.py:183} INFO - Processing /opt/airflow/dags/etl_dag.py took 1.693 seconds
[2024-11-06T07:00:52.170+0000] {processor.py:161} INFO - Started process (PID=121) to work on /opt/airflow/dags/etl_dag.py
[2024-11-06T07:00:52.173+0000] {processor.py:830} INFO - Processing file /opt/airflow/dags/etl_dag.py for tasks to queue
[2024-11-06T07:00:52.175+0000] {logging_mixin.py:188} INFO - [2024-11-06T07:00:52.175+0000] {dagbag.py:538} INFO - Filling up the DagBag from /opt/airflow/dags/etl_dag.py
[2024-11-06T07:00:52.184+0000] {processor.py:840} INFO - DAG(s) 'etl_dag' retrieved from /opt/airflow/dags/etl_dag.py
[2024-11-06T07:00:52.206+0000] {logging_mixin.py:188} INFO - [2024-11-06T07:00:52.206+0000] {dag.py:3036} INFO - Sync 1 DAGs
[2024-11-06T07:00:52.235+0000] {logging_mixin.py:188} INFO - [2024-11-06T07:00:52.235+0000] {dag.py:3823} INFO - Setting next_dagrun for etl_dag to 2024-11-05 00:00:00+00:00, run_after=2024-11-06 00:00:00+00:00
[2024-11-06T07:00:52.260+0000] {processor.py:183} INFO - Processing /opt/airflow/dags/etl_dag.py took 0.094 seconds
[2024-11-06T07:01:22.306+0000] {processor.py:161} INFO - Started process (PID=179) to work on /opt/airflow/dags/etl_dag.py
[2024-11-06T07:01:22.307+0000] {processor.py:830} INFO - Processing file /opt/airflow/dags/etl_dag.py for tasks to queue
[2024-11-06T07:01:22.309+0000] {logging_mixin.py:188} INFO - [2024-11-06T07:01:22.309+0000] {dagbag.py:538} INFO - Filling up the DagBag from /opt/airflow/dags/etl_dag.py
[2024-11-06T07:01:22.318+0000] {processor.py:840} INFO - DAG(s) 'etl_dag' retrieved from /opt/airflow/dags/etl_dag.py
[2024-11-06T07:01:22.338+0000] {logging_mixin.py:188} INFO - [2024-11-06T07:01:22.338+0000] {dag.py:3036} INFO - Sync 1 DAGs
[2024-11-06T07:01:22.364+0000] {logging_mixin.py:188} INFO - [2024-11-06T07:01:22.364+0000] {dag.py:3823} INFO - Setting next_dagrun for etl_dag to 2024-11-05 00:00:00+00:00, run_after=2024-11-06 00:00:00+00:00
[2024-11-06T07:01:22.386+0000] {processor.py:183} INFO - Processing /opt/airflow/dags/etl_dag.py took 0.084 seconds
[2024-11-06T07:01:52.593+0000] {processor.py:161} INFO - Started process (PID=237) to work on /opt/airflow/dags/etl_dag.py
[2024-11-06T07:01:52.594+0000] {processor.py:830} INFO - Processing file /opt/airflow/dags/etl_dag.py for tasks to queue
[2024-11-06T07:01:52.596+0000] {logging_mixin.py:188} INFO - [2024-11-06T07:01:52.596+0000] {dagbag.py:538} INFO - Filling up the DagBag from /opt/airflow/dags/etl_dag.py
[2024-11-06T07:01:52.609+0000] {processor.py:840} INFO - DAG(s) 'etl_dag' retrieved from /opt/airflow/dags/etl_dag.py
[2024-11-06T07:01:52.643+0000] {logging_mixin.py:188} INFO - [2024-11-06T07:01:52.643+0000] {dag.py:3036} INFO - Sync 1 DAGs
[2024-11-06T07:01:52.800+0000] {logging_mixin.py:188} INFO - [2024-11-06T07:01:52.800+0000] {dag.py:3823} INFO - Setting next_dagrun for etl_dag to 2024-11-06 00:00:00+00:00, run_after=2024-11-07 00:00:00+00:00
[2024-11-06T07:01:52.882+0000] {processor.py:183} INFO - Processing /opt/airflow/dags/etl_dag.py took 0.294 seconds
[2024-11-06T07:02:23.068+0000] {processor.py:161} INFO - Started process (PID=294) to work on /opt/airflow/dags/etl_dag.py
[2024-11-06T07:02:23.078+0000] {processor.py:830} INFO - Processing file /opt/airflow/dags/etl_dag.py for tasks to queue
[2024-11-06T07:02:23.080+0000] {logging_mixin.py:188} INFO - [2024-11-06T07:02:23.080+0000] {dagbag.py:538} INFO - Filling up the DagBag from /opt/airflow/dags/etl_dag.py
[2024-11-06T07:02:23.091+0000] {processor.py:840} INFO - DAG(s) 'etl_dag' retrieved from /opt/airflow/dags/etl_dag.py
[2024-11-06T07:02:23.128+0000] {logging_mixin.py:188} INFO - [2024-11-06T07:02:23.128+0000] {dag.py:3036} INFO - Sync 1 DAGs
[2024-11-06T07:02:23.180+0000] {logging_mixin.py:188} INFO - [2024-11-06T07:02:23.180+0000] {dag.py:3823} INFO - Setting next_dagrun for etl_dag to 2024-11-06 00:00:00+00:00, run_after=2024-11-07 00:00:00+00:00
[2024-11-06T07:02:23.229+0000] {processor.py:183} INFO - Processing /opt/airflow/dags/etl_dag.py took 0.167 seconds
[2024-11-06T07:02:53.510+0000] {processor.py:161} INFO - Started process (PID=352) to work on /opt/airflow/dags/etl_dag.py
[2024-11-06T07:02:53.511+0000] {processor.py:830} INFO - Processing file /opt/airflow/dags/etl_dag.py for tasks to queue
[2024-11-06T07:02:53.512+0000] {logging_mixin.py:188} INFO - [2024-11-06T07:02:53.512+0000] {dagbag.py:538} INFO - Filling up the DagBag from /opt/airflow/dags/etl_dag.py
[2024-11-06T07:02:53.522+0000] {processor.py:840} INFO - DAG(s) 'etl_dag' retrieved from /opt/airflow/dags/etl_dag.py
[2024-11-06T07:02:53.542+0000] {logging_mixin.py:188} INFO - [2024-11-06T07:02:53.542+0000] {dag.py:3036} INFO - Sync 1 DAGs
[2024-11-06T07:02:53.568+0000] {logging_mixin.py:188} INFO - [2024-11-06T07:02:53.568+0000] {dag.py:3823} INFO - Setting next_dagrun for etl_dag to 2024-11-06 00:00:00+00:00, run_after=2024-11-07 00:00:00+00:00
[2024-11-06T07:02:53.597+0000] {processor.py:183} INFO - Processing /opt/airflow/dags/etl_dag.py took 0.091 seconds
[2024-11-06T07:03:23.764+0000] {processor.py:161} INFO - Started process (PID=410) to work on /opt/airflow/dags/etl_dag.py
[2024-11-06T07:03:23.765+0000] {processor.py:830} INFO - Processing file /opt/airflow/dags/etl_dag.py for tasks to queue
[2024-11-06T07:03:23.767+0000] {logging_mixin.py:188} INFO - [2024-11-06T07:03:23.766+0000] {dagbag.py:538} INFO - Filling up the DagBag from /opt/airflow/dags/etl_dag.py
[2024-11-06T07:03:23.776+0000] {processor.py:840} INFO - DAG(s) 'etl_dag' retrieved from /opt/airflow/dags/etl_dag.py
[2024-11-06T07:03:23.796+0000] {logging_mixin.py:188} INFO - [2024-11-06T07:03:23.796+0000] {dag.py:3036} INFO - Sync 1 DAGs
[2024-11-06T07:03:23.823+0000] {logging_mixin.py:188} INFO - [2024-11-06T07:03:23.823+0000] {dag.py:3823} INFO - Setting next_dagrun for etl_dag to 2024-11-06 00:00:00+00:00, run_after=2024-11-07 00:00:00+00:00
[2024-11-06T07:03:23.846+0000] {processor.py:183} INFO - Processing /opt/airflow/dags/etl_dag.py took 0.086 seconds
[2024-11-06T07:03:53.959+0000] {processor.py:161} INFO - Started process (PID=467) to work on /opt/airflow/dags/etl_dag.py
[2024-11-06T07:03:53.960+0000] {processor.py:830} INFO - Processing file /opt/airflow/dags/etl_dag.py for tasks to queue
[2024-11-06T07:03:53.962+0000] {logging_mixin.py:188} INFO - [2024-11-06T07:03:53.962+0000] {dagbag.py:538} INFO - Filling up the DagBag from /opt/airflow/dags/etl_dag.py
[2024-11-06T07:03:53.971+0000] {processor.py:840} INFO - DAG(s) 'etl_dag' retrieved from /opt/airflow/dags/etl_dag.py
[2024-11-06T07:03:53.991+0000] {logging_mixin.py:188} INFO - [2024-11-06T07:03:53.991+0000] {dag.py:3036} INFO - Sync 1 DAGs
[2024-11-06T07:03:54.018+0000] {logging_mixin.py:188} INFO - [2024-11-06T07:03:54.018+0000] {dag.py:3823} INFO - Setting next_dagrun for etl_dag to 2024-11-06 00:00:00+00:00, run_after=2024-11-07 00:00:00+00:00
[2024-11-06T07:03:54.038+0000] {processor.py:183} INFO - Processing /opt/airflow/dags/etl_dag.py took 0.083 seconds
[2024-11-06T07:04:24.080+0000] {processor.py:161} INFO - Started process (PID=525) to work on /opt/airflow/dags/etl_dag.py
[2024-11-06T07:04:24.081+0000] {processor.py:830} INFO - Processing file /opt/airflow/dags/etl_dag.py for tasks to queue
[2024-11-06T07:04:24.083+0000] {logging_mixin.py:188} INFO - [2024-11-06T07:04:24.083+0000] {dagbag.py:538} INFO - Filling up the DagBag from /opt/airflow/dags/etl_dag.py
[2024-11-06T07:04:24.093+0000] {processor.py:840} INFO - DAG(s) 'etl_dag' retrieved from /opt/airflow/dags/etl_dag.py
[2024-11-06T07:04:24.113+0000] {logging_mixin.py:188} INFO - [2024-11-06T07:04:24.112+0000] {dag.py:3036} INFO - Sync 1 DAGs
[2024-11-06T07:04:24.140+0000] {logging_mixin.py:188} INFO - [2024-11-06T07:04:24.139+0000] {dag.py:3823} INFO - Setting next_dagrun for etl_dag to 2024-11-06 00:00:00+00:00, run_after=2024-11-07 00:00:00+00:00
[2024-11-06T07:04:24.161+0000] {processor.py:183} INFO - Processing /opt/airflow/dags/etl_dag.py took 0.085 seconds
[2024-11-06T07:04:54.784+0000] {processor.py:161} INFO - Started process (PID=582) to work on /opt/airflow/dags/etl_dag.py
[2024-11-06T07:04:54.785+0000] {processor.py:830} INFO - Processing file /opt/airflow/dags/etl_dag.py for tasks to queue
[2024-11-06T07:04:54.787+0000] {logging_mixin.py:188} INFO - [2024-11-06T07:04:54.787+0000] {dagbag.py:538} INFO - Filling up the DagBag from /opt/airflow/dags/etl_dag.py
[2024-11-06T07:04:54.796+0000] {processor.py:840} INFO - DAG(s) 'etl_dag' retrieved from /opt/airflow/dags/etl_dag.py
[2024-11-06T07:04:54.816+0000] {logging_mixin.py:188} INFO - [2024-11-06T07:04:54.816+0000] {dag.py:3036} INFO - Sync 1 DAGs
[2024-11-06T07:04:54.842+0000] {logging_mixin.py:188} INFO - [2024-11-06T07:04:54.842+0000] {dag.py:3823} INFO - Setting next_dagrun for etl_dag to 2024-11-06 00:00:00+00:00, run_after=2024-11-07 00:00:00+00:00
[2024-11-06T07:04:54.876+0000] {processor.py:183} INFO - Processing /opt/airflow/dags/etl_dag.py took 0.095 seconds
[2024-11-06T07:05:25.372+0000] {processor.py:161} INFO - Started process (PID=639) to work on /opt/airflow/dags/etl_dag.py
[2024-11-06T07:05:25.373+0000] {processor.py:830} INFO - Processing file /opt/airflow/dags/etl_dag.py for tasks to queue
[2024-11-06T07:05:25.375+0000] {logging_mixin.py:188} INFO - [2024-11-06T07:05:25.375+0000] {dagbag.py:538} INFO - Filling up the DagBag from /opt/airflow/dags/etl_dag.py
[2024-11-06T07:05:25.383+0000] {processor.py:840} INFO - DAG(s) 'etl_dag' retrieved from /opt/airflow/dags/etl_dag.py
[2024-11-06T07:05:25.405+0000] {logging_mixin.py:188} INFO - [2024-11-06T07:05:25.404+0000] {dag.py:3036} INFO - Sync 1 DAGs
[2024-11-06T07:05:25.470+0000] {logging_mixin.py:188} INFO - [2024-11-06T07:05:25.469+0000] {dag.py:3823} INFO - Setting next_dagrun for etl_dag to 2024-11-06 00:00:00+00:00, run_after=2024-11-07 00:00:00+00:00
[2024-11-06T07:05:25.538+0000] {processor.py:183} INFO - Processing /opt/airflow/dags/etl_dag.py took 0.175 seconds
[2024-11-06T07:05:56.199+0000] {processor.py:161} INFO - Started process (PID=696) to work on /opt/airflow/dags/etl_dag.py
[2024-11-06T07:05:56.200+0000] {processor.py:830} INFO - Processing file /opt/airflow/dags/etl_dag.py for tasks to queue
[2024-11-06T07:05:56.201+0000] {logging_mixin.py:188} INFO - [2024-11-06T07:05:56.201+0000] {dagbag.py:538} INFO - Filling up the DagBag from /opt/airflow/dags/etl_dag.py
[2024-11-06T07:05:56.211+0000] {processor.py:840} INFO - DAG(s) 'etl_dag' retrieved from /opt/airflow/dags/etl_dag.py
[2024-11-06T07:05:56.243+0000] {logging_mixin.py:188} INFO - [2024-11-06T07:05:56.243+0000] {dag.py:3036} INFO - Sync 1 DAGs
[2024-11-06T07:05:56.300+0000] {logging_mixin.py:188} INFO - [2024-11-06T07:05:56.300+0000] {dag.py:3823} INFO - Setting next_dagrun for etl_dag to 2024-11-06 00:00:00+00:00, run_after=2024-11-07 00:00:00+00:00
[2024-11-06T07:05:56.364+0000] {processor.py:183} INFO - Processing /opt/airflow/dags/etl_dag.py took 0.169 seconds
[2024-11-06T07:06:26.973+0000] {processor.py:161} INFO - Started process (PID=753) to work on /opt/airflow/dags/etl_dag.py
[2024-11-06T07:06:26.979+0000] {processor.py:830} INFO - Processing file /opt/airflow/dags/etl_dag.py for tasks to queue
[2024-11-06T07:06:26.980+0000] {logging_mixin.py:188} INFO - [2024-11-06T07:06:26.980+0000] {dagbag.py:538} INFO - Filling up the DagBag from /opt/airflow/dags/etl_dag.py
[2024-11-06T07:06:26.997+0000] {processor.py:840} INFO - DAG(s) 'etl_dag' retrieved from /opt/airflow/dags/etl_dag.py
[2024-11-06T07:06:27.028+0000] {logging_mixin.py:188} INFO - [2024-11-06T07:06:27.027+0000] {dag.py:3036} INFO - Sync 1 DAGs
[2024-11-06T07:06:27.069+0000] {logging_mixin.py:188} INFO - [2024-11-06T07:06:27.069+0000] {dag.py:3823} INFO - Setting next_dagrun for etl_dag to 2024-11-06 00:00:00+00:00, run_after=2024-11-07 00:00:00+00:00
[2024-11-06T07:06:27.094+0000] {processor.py:183} INFO - Processing /opt/airflow/dags/etl_dag.py took 0.129 seconds
[2024-11-06T07:06:57.508+0000] {processor.py:161} INFO - Started process (PID=811) to work on /opt/airflow/dags/etl_dag.py
[2024-11-06T07:06:57.508+0000] {processor.py:830} INFO - Processing file /opt/airflow/dags/etl_dag.py for tasks to queue
[2024-11-06T07:06:57.510+0000] {logging_mixin.py:188} INFO - [2024-11-06T07:06:57.510+0000] {dagbag.py:538} INFO - Filling up the DagBag from /opt/airflow/dags/etl_dag.py
[2024-11-06T07:06:57.519+0000] {processor.py:840} INFO - DAG(s) 'etl_dag' retrieved from /opt/airflow/dags/etl_dag.py
[2024-11-06T07:06:57.540+0000] {logging_mixin.py:188} INFO - [2024-11-06T07:06:57.539+0000] {dag.py:3036} INFO - Sync 1 DAGs
[2024-11-06T07:06:57.567+0000] {logging_mixin.py:188} INFO - [2024-11-06T07:06:57.567+0000] {dag.py:3823} INFO - Setting next_dagrun for etl_dag to 2024-11-06 00:00:00+00:00, run_after=2024-11-07 00:00:00+00:00
[2024-11-06T07:06:57.591+0000] {processor.py:183} INFO - Processing /opt/airflow/dags/etl_dag.py took 0.087 seconds
[2024-11-06T07:07:28.253+0000] {processor.py:161} INFO - Started process (PID=868) to work on /opt/airflow/dags/etl_dag.py
[2024-11-06T07:07:28.254+0000] {processor.py:830} INFO - Processing file /opt/airflow/dags/etl_dag.py for tasks to queue
[2024-11-06T07:07:28.256+0000] {logging_mixin.py:188} INFO - [2024-11-06T07:07:28.256+0000] {dagbag.py:538} INFO - Filling up the DagBag from /opt/airflow/dags/etl_dag.py
[2024-11-06T07:07:28.265+0000] {processor.py:840} INFO - DAG(s) 'etl_dag' retrieved from /opt/airflow/dags/etl_dag.py
[2024-11-06T07:07:28.284+0000] {logging_mixin.py:188} INFO - [2024-11-06T07:07:28.284+0000] {dag.py:3036} INFO - Sync 1 DAGs
[2024-11-06T07:07:28.311+0000] {logging_mixin.py:188} INFO - [2024-11-06T07:07:28.311+0000] {dag.py:3823} INFO - Setting next_dagrun for etl_dag to 2024-11-06 00:00:00+00:00, run_after=2024-11-07 00:00:00+00:00
[2024-11-06T07:07:28.330+0000] {processor.py:183} INFO - Processing /opt/airflow/dags/etl_dag.py took 0.080 seconds
[2024-11-06T07:07:58.541+0000] {processor.py:161} INFO - Started process (PID=926) to work on /opt/airflow/dags/etl_dag.py
[2024-11-06T07:07:58.542+0000] {processor.py:830} INFO - Processing file /opt/airflow/dags/etl_dag.py for tasks to queue
[2024-11-06T07:07:58.544+0000] {logging_mixin.py:188} INFO - [2024-11-06T07:07:58.544+0000] {dagbag.py:538} INFO - Filling up the DagBag from /opt/airflow/dags/etl_dag.py
[2024-11-06T07:07:58.553+0000] {processor.py:840} INFO - DAG(s) 'etl_dag' retrieved from /opt/airflow/dags/etl_dag.py
[2024-11-06T07:07:58.573+0000] {logging_mixin.py:188} INFO - [2024-11-06T07:07:58.573+0000] {dag.py:3036} INFO - Sync 1 DAGs
[2024-11-06T07:07:58.600+0000] {logging_mixin.py:188} INFO - [2024-11-06T07:07:58.600+0000] {dag.py:3823} INFO - Setting next_dagrun for etl_dag to 2024-11-06 00:00:00+00:00, run_after=2024-11-07 00:00:00+00:00
[2024-11-06T07:07:58.622+0000] {processor.py:183} INFO - Processing /opt/airflow/dags/etl_dag.py took 0.084 seconds
[2024-11-06T07:08:28.757+0000] {processor.py:161} INFO - Started process (PID=984) to work on /opt/airflow/dags/etl_dag.py
[2024-11-06T07:08:28.759+0000] {processor.py:830} INFO - Processing file /opt/airflow/dags/etl_dag.py for tasks to queue
[2024-11-06T07:08:28.760+0000] {logging_mixin.py:188} INFO - [2024-11-06T07:08:28.760+0000] {dagbag.py:538} INFO - Filling up the DagBag from /opt/airflow/dags/etl_dag.py
[2024-11-06T07:08:28.783+0000] {processor.py:840} INFO - DAG(s) 'etl_dag' retrieved from /opt/airflow/dags/etl_dag.py
[2024-11-06T07:08:28.825+0000] {logging_mixin.py:188} INFO - [2024-11-06T07:08:28.825+0000] {dag.py:3036} INFO - Sync 1 DAGs
[2024-11-06T07:08:28.850+0000] {logging_mixin.py:188} INFO - [2024-11-06T07:08:28.850+0000] {dag.py:3823} INFO - Setting next_dagrun for etl_dag to 2024-11-06 00:00:00+00:00, run_after=2024-11-07 00:00:00+00:00
[2024-11-06T07:08:28.877+0000] {processor.py:183} INFO - Processing /opt/airflow/dags/etl_dag.py took 0.124 seconds
[2024-11-06T07:08:59.229+0000] {processor.py:161} INFO - Started process (PID=1041) to work on /opt/airflow/dags/etl_dag.py
[2024-11-06T07:08:59.238+0000] {processor.py:830} INFO - Processing file /opt/airflow/dags/etl_dag.py for tasks to queue
[2024-11-06T07:08:59.240+0000] {logging_mixin.py:188} INFO - [2024-11-06T07:08:59.240+0000] {dagbag.py:538} INFO - Filling up the DagBag from /opt/airflow/dags/etl_dag.py
[2024-11-06T07:08:59.249+0000] {processor.py:840} INFO - DAG(s) 'etl_dag' retrieved from /opt/airflow/dags/etl_dag.py
[2024-11-06T07:08:59.292+0000] {logging_mixin.py:188} INFO - [2024-11-06T07:08:59.291+0000] {dag.py:3036} INFO - Sync 1 DAGs
[2024-11-06T07:08:59.339+0000] {logging_mixin.py:188} INFO - [2024-11-06T07:08:59.338+0000] {dag.py:3823} INFO - Setting next_dagrun for etl_dag to 2024-11-06 00:00:00+00:00, run_after=2024-11-07 00:00:00+00:00
[2024-11-06T07:08:59.384+0000] {processor.py:183} INFO - Processing /opt/airflow/dags/etl_dag.py took 0.162 seconds
[2024-11-06T07:09:29.437+0000] {processor.py:161} INFO - Started process (PID=1097) to work on /opt/airflow/dags/etl_dag.py
[2024-11-06T07:09:29.438+0000] {processor.py:830} INFO - Processing file /opt/airflow/dags/etl_dag.py for tasks to queue
[2024-11-06T07:09:29.440+0000] {logging_mixin.py:188} INFO - [2024-11-06T07:09:29.439+0000] {dagbag.py:538} INFO - Filling up the DagBag from /opt/airflow/dags/etl_dag.py
[2024-11-06T07:09:29.446+0000] {processor.py:840} INFO - DAG(s) 'etl_dag' retrieved from /opt/airflow/dags/etl_dag.py
[2024-11-06T07:09:29.460+0000] {logging_mixin.py:188} INFO - [2024-11-06T07:09:29.460+0000] {dag.py:3036} INFO - Sync 1 DAGs
[2024-11-06T07:09:29.479+0000] {logging_mixin.py:188} INFO - [2024-11-06T07:09:29.479+0000] {dag.py:3823} INFO - Setting next_dagrun for etl_dag to 2024-11-06 00:00:00+00:00, run_after=2024-11-07 00:00:00+00:00
[2024-11-06T07:09:29.498+0000] {processor.py:183} INFO - Processing /opt/airflow/dags/etl_dag.py took 0.063 seconds
[2024-11-06T07:09:59.807+0000] {processor.py:161} INFO - Started process (PID=1154) to work on /opt/airflow/dags/etl_dag.py
[2024-11-06T07:09:59.814+0000] {processor.py:830} INFO - Processing file /opt/airflow/dags/etl_dag.py for tasks to queue
[2024-11-06T07:09:59.820+0000] {logging_mixin.py:188} INFO - [2024-11-06T07:09:59.820+0000] {dagbag.py:538} INFO - Filling up the DagBag from /opt/airflow/dags/etl_dag.py
[2024-11-06T07:09:59.829+0000] {processor.py:840} INFO - DAG(s) 'etl_dag' retrieved from /opt/airflow/dags/etl_dag.py
[2024-11-06T07:09:59.880+0000] {logging_mixin.py:188} INFO - [2024-11-06T07:09:59.880+0000] {dag.py:3036} INFO - Sync 1 DAGs
[2024-11-06T07:09:59.937+0000] {logging_mixin.py:188} INFO - [2024-11-06T07:09:59.937+0000] {dag.py:3823} INFO - Setting next_dagrun for etl_dag to 2024-11-06 00:00:00+00:00, run_after=2024-11-07 00:00:00+00:00
[2024-11-06T07:10:00.009+0000] {processor.py:183} INFO - Processing /opt/airflow/dags/etl_dag.py took 0.206 seconds
[2024-11-06T07:10:30.442+0000] {processor.py:161} INFO - Started process (PID=1211) to work on /opt/airflow/dags/etl_dag.py
[2024-11-06T07:10:30.444+0000] {processor.py:830} INFO - Processing file /opt/airflow/dags/etl_dag.py for tasks to queue
[2024-11-06T07:10:30.446+0000] {logging_mixin.py:188} INFO - [2024-11-06T07:10:30.446+0000] {dagbag.py:538} INFO - Filling up the DagBag from /opt/airflow/dags/etl_dag.py
[2024-11-06T07:10:30.465+0000] {processor.py:840} INFO - DAG(s) 'etl_dag' retrieved from /opt/airflow/dags/etl_dag.py
[2024-11-06T07:10:30.507+0000] {logging_mixin.py:188} INFO - [2024-11-06T07:10:30.506+0000] {dag.py:3036} INFO - Sync 1 DAGs
[2024-11-06T07:10:30.560+0000] {logging_mixin.py:188} INFO - [2024-11-06T07:10:30.559+0000] {dag.py:3823} INFO - Setting next_dagrun for etl_dag to 2024-11-06 00:00:00+00:00, run_after=2024-11-07 00:00:00+00:00
[2024-11-06T07:10:30.632+0000] {processor.py:183} INFO - Processing /opt/airflow/dags/etl_dag.py took 0.200 seconds
[2024-11-06T07:11:00.706+0000] {processor.py:161} INFO - Started process (PID=1268) to work on /opt/airflow/dags/etl_dag.py
[2024-11-06T07:11:00.707+0000] {processor.py:830} INFO - Processing file /opt/airflow/dags/etl_dag.py for tasks to queue
[2024-11-06T07:11:00.708+0000] {logging_mixin.py:188} INFO - [2024-11-06T07:11:00.708+0000] {dagbag.py:538} INFO - Filling up the DagBag from /opt/airflow/dags/etl_dag.py
[2024-11-06T07:11:00.717+0000] {processor.py:840} INFO - DAG(s) 'etl_dag' retrieved from /opt/airflow/dags/etl_dag.py
[2024-11-06T07:11:00.737+0000] {logging_mixin.py:188} INFO - [2024-11-06T07:11:00.736+0000] {dag.py:3036} INFO - Sync 1 DAGs
[2024-11-06T07:11:00.764+0000] {logging_mixin.py:188} INFO - [2024-11-06T07:11:00.764+0000] {dag.py:3823} INFO - Setting next_dagrun for etl_dag to 2024-11-06 00:00:00+00:00, run_after=2024-11-07 00:00:00+00:00
[2024-11-06T07:11:00.786+0000] {processor.py:183} INFO - Processing /opt/airflow/dags/etl_dag.py took 0.084 seconds
[2024-11-06T07:11:31.341+0000] {processor.py:161} INFO - Started process (PID=1325) to work on /opt/airflow/dags/etl_dag.py
[2024-11-06T07:11:31.342+0000] {processor.py:830} INFO - Processing file /opt/airflow/dags/etl_dag.py for tasks to queue
[2024-11-06T07:11:31.344+0000] {logging_mixin.py:188} INFO - [2024-11-06T07:11:31.344+0000] {dagbag.py:538} INFO - Filling up the DagBag from /opt/airflow/dags/etl_dag.py
[2024-11-06T07:11:31.352+0000] {processor.py:840} INFO - DAG(s) 'etl_dag' retrieved from /opt/airflow/dags/etl_dag.py
[2024-11-06T07:11:31.372+0000] {logging_mixin.py:188} INFO - [2024-11-06T07:11:31.372+0000] {dag.py:3036} INFO - Sync 1 DAGs
[2024-11-06T07:11:31.399+0000] {logging_mixin.py:188} INFO - [2024-11-06T07:11:31.399+0000] {dag.py:3823} INFO - Setting next_dagrun for etl_dag to 2024-11-06 00:00:00+00:00, run_after=2024-11-07 00:00:00+00:00
[2024-11-06T07:11:31.444+0000] {processor.py:183} INFO - Processing /opt/airflow/dags/etl_dag.py took 0.106 seconds
[2024-11-06T07:12:01.683+0000] {processor.py:161} INFO - Started process (PID=1382) to work on /opt/airflow/dags/etl_dag.py
[2024-11-06T07:12:01.684+0000] {processor.py:830} INFO - Processing file /opt/airflow/dags/etl_dag.py for tasks to queue
[2024-11-06T07:12:01.686+0000] {logging_mixin.py:188} INFO - [2024-11-06T07:12:01.686+0000] {dagbag.py:538} INFO - Filling up the DagBag from /opt/airflow/dags/etl_dag.py
[2024-11-06T07:12:01.695+0000] {processor.py:840} INFO - DAG(s) 'etl_dag' retrieved from /opt/airflow/dags/etl_dag.py
[2024-11-06T07:12:01.715+0000] {logging_mixin.py:188} INFO - [2024-11-06T07:12:01.714+0000] {dag.py:3036} INFO - Sync 1 DAGs
[2024-11-06T07:12:01.754+0000] {logging_mixin.py:188} INFO - [2024-11-06T07:12:01.753+0000] {dag.py:3823} INFO - Setting next_dagrun for etl_dag to 2024-11-06 00:00:00+00:00, run_after=2024-11-07 00:00:00+00:00
[2024-11-06T07:12:01.808+0000] {processor.py:183} INFO - Processing /opt/airflow/dags/etl_dag.py took 0.129 seconds
[2024-11-06T07:13:53.719+0000] {processor.py:161} INFO - Started process (PID=62) to work on /opt/airflow/dags/etl_dag.py
[2024-11-06T07:13:53.739+0000] {processor.py:830} INFO - Processing file /opt/airflow/dags/etl_dag.py for tasks to queue
[2024-11-06T07:13:53.740+0000] {logging_mixin.py:188} INFO - [2024-11-06T07:13:53.740+0000] {dagbag.py:538} INFO - Filling up the DagBag from /opt/airflow/dags/etl_dag.py
[2024-11-06T07:13:53.884+0000] {processor.py:840} INFO - DAG(s) 'etl_dag' retrieved from /opt/airflow/dags/etl_dag.py
[2024-11-06T07:13:54.957+0000] {logging_mixin.py:188} INFO - [2024-11-06T07:13:54.957+0000] {dag.py:3036} INFO - Sync 1 DAGs
[2024-11-06T07:13:55.041+0000] {logging_mixin.py:188} INFO - [2024-11-06T07:13:55.041+0000] {dag.py:3823} INFO - Setting next_dagrun for etl_dag to 2024-11-06 00:00:00+00:00, run_after=2024-11-07 00:00:00+00:00
[2024-11-06T07:13:55.129+0000] {processor.py:183} INFO - Processing /opt/airflow/dags/etl_dag.py took 1.423 seconds
[2024-11-06T07:14:25.257+0000] {processor.py:161} INFO - Started process (PID=119) to work on /opt/airflow/dags/etl_dag.py
[2024-11-06T07:14:25.258+0000] {processor.py:830} INFO - Processing file /opt/airflow/dags/etl_dag.py for tasks to queue
[2024-11-06T07:14:25.260+0000] {logging_mixin.py:188} INFO - [2024-11-06T07:14:25.260+0000] {dagbag.py:538} INFO - Filling up the DagBag from /opt/airflow/dags/etl_dag.py
[2024-11-06T07:14:25.270+0000] {processor.py:840} INFO - DAG(s) 'etl_dag' retrieved from /opt/airflow/dags/etl_dag.py
[2024-11-06T07:14:25.290+0000] {logging_mixin.py:188} INFO - [2024-11-06T07:14:25.290+0000] {dag.py:3036} INFO - Sync 1 DAGs
[2024-11-06T07:14:25.332+0000] {logging_mixin.py:188} INFO - [2024-11-06T07:14:25.332+0000] {dag.py:3823} INFO - Setting next_dagrun for etl_dag to 2024-11-06 00:00:00+00:00, run_after=2024-11-07 00:00:00+00:00
[2024-11-06T07:14:25.356+0000] {processor.py:183} INFO - Processing /opt/airflow/dags/etl_dag.py took 0.102 seconds
[2024-11-06T07:14:55.501+0000] {processor.py:161} INFO - Started process (PID=176) to work on /opt/airflow/dags/etl_dag.py
[2024-11-06T07:14:55.502+0000] {processor.py:830} INFO - Processing file /opt/airflow/dags/etl_dag.py for tasks to queue
[2024-11-06T07:14:55.504+0000] {logging_mixin.py:188} INFO - [2024-11-06T07:14:55.503+0000] {dagbag.py:538} INFO - Filling up the DagBag from /opt/airflow/dags/etl_dag.py
[2024-11-06T07:14:55.513+0000] {processor.py:840} INFO - DAG(s) 'etl_dag' retrieved from /opt/airflow/dags/etl_dag.py
[2024-11-06T07:14:55.528+0000] {logging_mixin.py:188} INFO - [2024-11-06T07:14:55.528+0000] {dag.py:3036} INFO - Sync 1 DAGs
[2024-11-06T07:14:55.546+0000] {logging_mixin.py:188} INFO - [2024-11-06T07:14:55.546+0000] {dag.py:3823} INFO - Setting next_dagrun for etl_dag to 2024-11-06 00:00:00+00:00, run_after=2024-11-07 00:00:00+00:00
[2024-11-06T07:14:55.567+0000] {processor.py:183} INFO - Processing /opt/airflow/dags/etl_dag.py took 0.070 seconds
