[2024-11-06T07:00:20.308+0000] {processor.py:161} INFO - Started process (PID=63) to work on /opt/airflow/dags/fetch_cat_fact.py
[2024-11-06T07:00:20.323+0000] {processor.py:830} INFO - Processing file /opt/airflow/dags/fetch_cat_fact.py for tasks to queue
[2024-11-06T07:00:20.330+0000] {logging_mixin.py:188} INFO - [2024-11-06T07:00:20.326+0000] {dagbag.py:538} INFO - Filling up the DagBag from /opt/airflow/dags/fetch_cat_fact.py
[2024-11-06T07:00:20.588+0000] {processor.py:840} INFO - DAG(s) 'cat_fact_dag' retrieved from /opt/airflow/dags/fetch_cat_fact.py
[2024-11-06T07:00:21.774+0000] {logging_mixin.py:188} INFO - [2024-11-06T07:00:21.773+0000] {override.py:1769} INFO - Created Permission View: can edit on DAG:cat_fact_dag
[2024-11-06T07:00:21.811+0000] {logging_mixin.py:188} INFO - [2024-11-06T07:00:21.811+0000] {override.py:1769} INFO - Created Permission View: can delete on DAG:cat_fact_dag
[2024-11-06T07:00:21.839+0000] {logging_mixin.py:188} INFO - [2024-11-06T07:00:21.838+0000] {override.py:1769} INFO - Created Permission View: can read on DAG:cat_fact_dag
[2024-11-06T07:00:21.842+0000] {logging_mixin.py:188} INFO - [2024-11-06T07:00:21.839+0000] {dag.py:3036} INFO - Sync 1 DAGs
[2024-11-06T07:00:21.916+0000] {logging_mixin.py:188} INFO - [2024-11-06T07:00:21.915+0000] {dag.py:3058} INFO - Creating ORM DAG for cat_fact_dag
[2024-11-06T07:00:21.970+0000] {logging_mixin.py:188} INFO - [2024-11-06T07:00:21.969+0000] {dag.py:3823} INFO - Setting next_dagrun for cat_fact_dag to 2024-11-05 00:00:00+00:00, run_after=2024-11-06 00:00:00+00:00
[2024-11-06T07:00:22.021+0000] {processor.py:183} INFO - Processing /opt/airflow/dags/fetch_cat_fact.py took 1.729 seconds
[2024-11-06T07:00:52.159+0000] {processor.py:161} INFO - Started process (PID=120) to work on /opt/airflow/dags/fetch_cat_fact.py
[2024-11-06T07:00:52.160+0000] {processor.py:830} INFO - Processing file /opt/airflow/dags/fetch_cat_fact.py for tasks to queue
[2024-11-06T07:00:52.161+0000] {logging_mixin.py:188} INFO - [2024-11-06T07:00:52.161+0000] {dagbag.py:538} INFO - Filling up the DagBag from /opt/airflow/dags/fetch_cat_fact.py
[2024-11-06T07:00:52.173+0000] {processor.py:840} INFO - DAG(s) 'cat_fact_dag' retrieved from /opt/airflow/dags/fetch_cat_fact.py
[2024-11-06T07:00:52.197+0000] {logging_mixin.py:188} INFO - [2024-11-06T07:00:52.197+0000] {dag.py:3036} INFO - Sync 1 DAGs
[2024-11-06T07:00:52.224+0000] {logging_mixin.py:188} INFO - [2024-11-06T07:00:52.224+0000] {dag.py:3823} INFO - Setting next_dagrun for cat_fact_dag to 2024-11-05 00:00:00+00:00, run_after=2024-11-06 00:00:00+00:00
[2024-11-06T07:00:52.249+0000] {processor.py:183} INFO - Processing /opt/airflow/dags/fetch_cat_fact.py took 0.094 seconds
[2024-11-06T07:01:22.295+0000] {processor.py:161} INFO - Started process (PID=178) to work on /opt/airflow/dags/fetch_cat_fact.py
[2024-11-06T07:01:22.296+0000] {processor.py:830} INFO - Processing file /opt/airflow/dags/fetch_cat_fact.py for tasks to queue
[2024-11-06T07:01:22.298+0000] {logging_mixin.py:188} INFO - [2024-11-06T07:01:22.297+0000] {dagbag.py:538} INFO - Filling up the DagBag from /opt/airflow/dags/fetch_cat_fact.py
[2024-11-06T07:01:22.305+0000] {processor.py:840} INFO - DAG(s) 'cat_fact_dag' retrieved from /opt/airflow/dags/fetch_cat_fact.py
[2024-11-06T07:01:22.326+0000] {logging_mixin.py:188} INFO - [2024-11-06T07:01:22.325+0000] {dag.py:3036} INFO - Sync 1 DAGs
[2024-11-06T07:01:22.352+0000] {logging_mixin.py:188} INFO - [2024-11-06T07:01:22.352+0000] {dag.py:3823} INFO - Setting next_dagrun for cat_fact_dag to 2024-11-05 00:00:00+00:00, run_after=2024-11-06 00:00:00+00:00
[2024-11-06T07:01:22.376+0000] {processor.py:183} INFO - Processing /opt/airflow/dags/fetch_cat_fact.py took 0.084 seconds
[2024-11-06T07:01:52.555+0000] {processor.py:161} INFO - Started process (PID=236) to work on /opt/airflow/dags/fetch_cat_fact.py
[2024-11-06T07:01:52.562+0000] {processor.py:830} INFO - Processing file /opt/airflow/dags/fetch_cat_fact.py for tasks to queue
[2024-11-06T07:01:52.566+0000] {logging_mixin.py:188} INFO - [2024-11-06T07:01:52.566+0000] {dagbag.py:538} INFO - Filling up the DagBag from /opt/airflow/dags/fetch_cat_fact.py
[2024-11-06T07:01:52.595+0000] {processor.py:840} INFO - DAG(s) 'cat_fact_dag' retrieved from /opt/airflow/dags/fetch_cat_fact.py
[2024-11-06T07:01:52.644+0000] {logging_mixin.py:188} INFO - [2024-11-06T07:01:52.644+0000] {dag.py:3036} INFO - Sync 1 DAGs
[2024-11-06T07:01:52.816+0000] {logging_mixin.py:188} INFO - [2024-11-06T07:01:52.816+0000] {dag.py:3823} INFO - Setting next_dagrun for cat_fact_dag to 2024-11-05 00:00:00+00:00, run_after=2024-11-06 00:00:00+00:00
[2024-11-06T07:01:52.877+0000] {processor.py:183} INFO - Processing /opt/airflow/dags/fetch_cat_fact.py took 0.330 seconds
[2024-11-06T07:02:23.059+0000] {processor.py:161} INFO - Started process (PID=293) to work on /opt/airflow/dags/fetch_cat_fact.py
[2024-11-06T07:02:23.062+0000] {processor.py:830} INFO - Processing file /opt/airflow/dags/fetch_cat_fact.py for tasks to queue
[2024-11-06T07:02:23.070+0000] {logging_mixin.py:188} INFO - [2024-11-06T07:02:23.069+0000] {dagbag.py:538} INFO - Filling up the DagBag from /opt/airflow/dags/fetch_cat_fact.py
[2024-11-06T07:02:23.078+0000] {processor.py:840} INFO - DAG(s) 'cat_fact_dag' retrieved from /opt/airflow/dags/fetch_cat_fact.py
[2024-11-06T07:02:23.123+0000] {logging_mixin.py:188} INFO - [2024-11-06T07:02:23.123+0000] {dag.py:3036} INFO - Sync 1 DAGs
[2024-11-06T07:02:23.168+0000] {logging_mixin.py:188} INFO - [2024-11-06T07:02:23.168+0000] {dag.py:3823} INFO - Setting next_dagrun for cat_fact_dag to 2024-11-05 00:00:00+00:00, run_after=2024-11-06 00:00:00+00:00
[2024-11-06T07:02:23.207+0000] {processor.py:183} INFO - Processing /opt/airflow/dags/fetch_cat_fact.py took 0.153 seconds
[2024-11-06T07:02:53.499+0000] {processor.py:161} INFO - Started process (PID=351) to work on /opt/airflow/dags/fetch_cat_fact.py
[2024-11-06T07:02:53.500+0000] {processor.py:830} INFO - Processing file /opt/airflow/dags/fetch_cat_fact.py for tasks to queue
[2024-11-06T07:02:53.501+0000] {logging_mixin.py:188} INFO - [2024-11-06T07:02:53.501+0000] {dagbag.py:538} INFO - Filling up the DagBag from /opt/airflow/dags/fetch_cat_fact.py
[2024-11-06T07:02:53.509+0000] {processor.py:840} INFO - DAG(s) 'cat_fact_dag' retrieved from /opt/airflow/dags/fetch_cat_fact.py
[2024-11-06T07:02:53.531+0000] {logging_mixin.py:188} INFO - [2024-11-06T07:02:53.531+0000] {dag.py:3036} INFO - Sync 1 DAGs
[2024-11-06T07:02:53.557+0000] {logging_mixin.py:188} INFO - [2024-11-06T07:02:53.557+0000] {dag.py:3823} INFO - Setting next_dagrun for cat_fact_dag to 2024-11-05 00:00:00+00:00, run_after=2024-11-06 00:00:00+00:00
[2024-11-06T07:02:53.585+0000] {processor.py:183} INFO - Processing /opt/airflow/dags/fetch_cat_fact.py took 0.089 seconds
[2024-11-06T07:03:23.745+0000] {processor.py:161} INFO - Started process (PID=409) to work on /opt/airflow/dags/fetch_cat_fact.py
[2024-11-06T07:03:23.746+0000] {processor.py:830} INFO - Processing file /opt/airflow/dags/fetch_cat_fact.py for tasks to queue
[2024-11-06T07:03:23.747+0000] {logging_mixin.py:188} INFO - [2024-11-06T07:03:23.747+0000] {dagbag.py:538} INFO - Filling up the DagBag from /opt/airflow/dags/fetch_cat_fact.py
[2024-11-06T07:03:23.755+0000] {processor.py:840} INFO - DAG(s) 'cat_fact_dag' retrieved from /opt/airflow/dags/fetch_cat_fact.py
[2024-11-06T07:03:23.781+0000] {logging_mixin.py:188} INFO - [2024-11-06T07:03:23.780+0000] {dag.py:3036} INFO - Sync 1 DAGs
[2024-11-06T07:03:23.807+0000] {logging_mixin.py:188} INFO - [2024-11-06T07:03:23.807+0000] {dag.py:3823} INFO - Setting next_dagrun for cat_fact_dag to 2024-11-05 00:00:00+00:00, run_after=2024-11-06 00:00:00+00:00
[2024-11-06T07:03:23.831+0000] {processor.py:183} INFO - Processing /opt/airflow/dags/fetch_cat_fact.py took 0.089 seconds
[2024-11-06T07:03:53.949+0000] {processor.py:161} INFO - Started process (PID=466) to work on /opt/airflow/dags/fetch_cat_fact.py
[2024-11-06T07:03:53.950+0000] {processor.py:830} INFO - Processing file /opt/airflow/dags/fetch_cat_fact.py for tasks to queue
[2024-11-06T07:03:53.951+0000] {logging_mixin.py:188} INFO - [2024-11-06T07:03:53.951+0000] {dagbag.py:538} INFO - Filling up the DagBag from /opt/airflow/dags/fetch_cat_fact.py
[2024-11-06T07:03:53.959+0000] {processor.py:840} INFO - DAG(s) 'cat_fact_dag' retrieved from /opt/airflow/dags/fetch_cat_fact.py
[2024-11-06T07:03:53.980+0000] {logging_mixin.py:188} INFO - [2024-11-06T07:03:53.980+0000] {dag.py:3036} INFO - Sync 1 DAGs
[2024-11-06T07:03:54.007+0000] {logging_mixin.py:188} INFO - [2024-11-06T07:03:54.006+0000] {dag.py:3823} INFO - Setting next_dagrun for cat_fact_dag to 2024-11-05 00:00:00+00:00, run_after=2024-11-06 00:00:00+00:00
[2024-11-06T07:03:54.031+0000] {processor.py:183} INFO - Processing /opt/airflow/dags/fetch_cat_fact.py took 0.085 seconds
[2024-11-06T07:04:24.071+0000] {processor.py:161} INFO - Started process (PID=524) to work on /opt/airflow/dags/fetch_cat_fact.py
[2024-11-06T07:04:24.072+0000] {processor.py:830} INFO - Processing file /opt/airflow/dags/fetch_cat_fact.py for tasks to queue
[2024-11-06T07:04:24.073+0000] {logging_mixin.py:188} INFO - [2024-11-06T07:04:24.073+0000] {dagbag.py:538} INFO - Filling up the DagBag from /opt/airflow/dags/fetch_cat_fact.py
[2024-11-06T07:04:24.082+0000] {processor.py:840} INFO - DAG(s) 'cat_fact_dag' retrieved from /opt/airflow/dags/fetch_cat_fact.py
[2024-11-06T07:04:24.104+0000] {logging_mixin.py:188} INFO - [2024-11-06T07:04:24.104+0000] {dag.py:3036} INFO - Sync 1 DAGs
[2024-11-06T07:04:24.130+0000] {logging_mixin.py:188} INFO - [2024-11-06T07:04:24.130+0000] {dag.py:3823} INFO - Setting next_dagrun for cat_fact_dag to 2024-11-05 00:00:00+00:00, run_after=2024-11-06 00:00:00+00:00
[2024-11-06T07:04:24.153+0000] {processor.py:183} INFO - Processing /opt/airflow/dags/fetch_cat_fact.py took 0.086 seconds
[2024-11-06T07:04:54.775+0000] {processor.py:161} INFO - Started process (PID=581) to work on /opt/airflow/dags/fetch_cat_fact.py
[2024-11-06T07:04:54.776+0000] {processor.py:830} INFO - Processing file /opt/airflow/dags/fetch_cat_fact.py for tasks to queue
[2024-11-06T07:04:54.778+0000] {logging_mixin.py:188} INFO - [2024-11-06T07:04:54.777+0000] {dagbag.py:538} INFO - Filling up the DagBag from /opt/airflow/dags/fetch_cat_fact.py
[2024-11-06T07:04:54.786+0000] {processor.py:840} INFO - DAG(s) 'cat_fact_dag' retrieved from /opt/airflow/dags/fetch_cat_fact.py
[2024-11-06T07:04:54.807+0000] {logging_mixin.py:188} INFO - [2024-11-06T07:04:54.807+0000] {dag.py:3036} INFO - Sync 1 DAGs
[2024-11-06T07:04:54.832+0000] {logging_mixin.py:188} INFO - [2024-11-06T07:04:54.832+0000] {dag.py:3823} INFO - Setting next_dagrun for cat_fact_dag to 2024-11-05 00:00:00+00:00, run_after=2024-11-06 00:00:00+00:00
[2024-11-06T07:04:54.865+0000] {processor.py:183} INFO - Processing /opt/airflow/dags/fetch_cat_fact.py took 0.094 seconds
[2024-11-06T07:05:25.355+0000] {processor.py:161} INFO - Started process (PID=638) to work on /opt/airflow/dags/fetch_cat_fact.py
[2024-11-06T07:05:25.362+0000] {processor.py:830} INFO - Processing file /opt/airflow/dags/fetch_cat_fact.py for tasks to queue
[2024-11-06T07:05:25.364+0000] {logging_mixin.py:188} INFO - [2024-11-06T07:05:25.364+0000] {dagbag.py:538} INFO - Filling up the DagBag from /opt/airflow/dags/fetch_cat_fact.py
[2024-11-06T07:05:25.381+0000] {processor.py:840} INFO - DAG(s) 'cat_fact_dag' retrieved from /opt/airflow/dags/fetch_cat_fact.py
[2024-11-06T07:05:25.425+0000] {logging_mixin.py:188} INFO - [2024-11-06T07:05:25.424+0000] {dag.py:3036} INFO - Sync 1 DAGs
[2024-11-06T07:05:25.465+0000] {logging_mixin.py:188} INFO - [2024-11-06T07:05:25.465+0000] {dag.py:3823} INFO - Setting next_dagrun for cat_fact_dag to 2024-11-05 00:00:00+00:00, run_after=2024-11-06 00:00:00+00:00
[2024-11-06T07:05:25.503+0000] {processor.py:183} INFO - Processing /opt/airflow/dags/fetch_cat_fact.py took 0.152 seconds
[2024-11-06T07:05:56.188+0000] {processor.py:161} INFO - Started process (PID=695) to work on /opt/airflow/dags/fetch_cat_fact.py
[2024-11-06T07:05:56.189+0000] {processor.py:830} INFO - Processing file /opt/airflow/dags/fetch_cat_fact.py for tasks to queue
[2024-11-06T07:05:56.191+0000] {logging_mixin.py:188} INFO - [2024-11-06T07:05:56.190+0000] {dagbag.py:538} INFO - Filling up the DagBag from /opt/airflow/dags/fetch_cat_fact.py
[2024-11-06T07:05:56.199+0000] {processor.py:840} INFO - DAG(s) 'cat_fact_dag' retrieved from /opt/airflow/dags/fetch_cat_fact.py
[2024-11-06T07:05:56.220+0000] {logging_mixin.py:188} INFO - [2024-11-06T07:05:56.219+0000] {dag.py:3036} INFO - Sync 1 DAGs
[2024-11-06T07:05:56.274+0000] {logging_mixin.py:188} INFO - [2024-11-06T07:05:56.273+0000] {dag.py:3823} INFO - Setting next_dagrun for cat_fact_dag to 2024-11-05 00:00:00+00:00, run_after=2024-11-06 00:00:00+00:00
[2024-11-06T07:05:56.313+0000] {processor.py:183} INFO - Processing /opt/airflow/dags/fetch_cat_fact.py took 0.128 seconds
[2024-11-06T07:06:26.961+0000] {processor.py:161} INFO - Started process (PID=752) to work on /opt/airflow/dags/fetch_cat_fact.py
[2024-11-06T07:06:26.967+0000] {processor.py:830} INFO - Processing file /opt/airflow/dags/fetch_cat_fact.py for tasks to queue
[2024-11-06T07:06:26.969+0000] {logging_mixin.py:188} INFO - [2024-11-06T07:06:26.969+0000] {dagbag.py:538} INFO - Filling up the DagBag from /opt/airflow/dags/fetch_cat_fact.py
[2024-11-06T07:06:26.989+0000] {processor.py:840} INFO - DAG(s) 'cat_fact_dag' retrieved from /opt/airflow/dags/fetch_cat_fact.py
[2024-11-06T07:06:27.025+0000] {logging_mixin.py:188} INFO - [2024-11-06T07:06:27.024+0000] {dag.py:3036} INFO - Sync 1 DAGs
[2024-11-06T07:06:27.057+0000] {logging_mixin.py:188} INFO - [2024-11-06T07:06:27.057+0000] {dag.py:3823} INFO - Setting next_dagrun for cat_fact_dag to 2024-11-05 00:00:00+00:00, run_after=2024-11-06 00:00:00+00:00
[2024-11-06T07:06:27.088+0000] {processor.py:183} INFO - Processing /opt/airflow/dags/fetch_cat_fact.py took 0.131 seconds
[2024-11-06T07:06:57.497+0000] {processor.py:161} INFO - Started process (PID=810) to work on /opt/airflow/dags/fetch_cat_fact.py
[2024-11-06T07:06:57.498+0000] {processor.py:830} INFO - Processing file /opt/airflow/dags/fetch_cat_fact.py for tasks to queue
[2024-11-06T07:06:57.499+0000] {logging_mixin.py:188} INFO - [2024-11-06T07:06:57.499+0000] {dagbag.py:538} INFO - Filling up the DagBag from /opt/airflow/dags/fetch_cat_fact.py
[2024-11-06T07:06:57.507+0000] {processor.py:840} INFO - DAG(s) 'cat_fact_dag' retrieved from /opt/airflow/dags/fetch_cat_fact.py
[2024-11-06T07:06:57.529+0000] {logging_mixin.py:188} INFO - [2024-11-06T07:06:57.529+0000] {dag.py:3036} INFO - Sync 1 DAGs
[2024-11-06T07:06:57.554+0000] {logging_mixin.py:188} INFO - [2024-11-06T07:06:57.554+0000] {dag.py:3823} INFO - Setting next_dagrun for cat_fact_dag to 2024-11-05 00:00:00+00:00, run_after=2024-11-06 00:00:00+00:00
[2024-11-06T07:06:57.580+0000] {processor.py:183} INFO - Processing /opt/airflow/dags/fetch_cat_fact.py took 0.087 seconds
[2024-11-06T07:07:28.243+0000] {processor.py:161} INFO - Started process (PID=867) to work on /opt/airflow/dags/fetch_cat_fact.py
[2024-11-06T07:07:28.244+0000] {processor.py:830} INFO - Processing file /opt/airflow/dags/fetch_cat_fact.py for tasks to queue
[2024-11-06T07:07:28.246+0000] {logging_mixin.py:188} INFO - [2024-11-06T07:07:28.246+0000] {dagbag.py:538} INFO - Filling up the DagBag from /opt/airflow/dags/fetch_cat_fact.py
[2024-11-06T07:07:28.254+0000] {processor.py:840} INFO - DAG(s) 'cat_fact_dag' retrieved from /opt/airflow/dags/fetch_cat_fact.py
[2024-11-06T07:07:28.276+0000] {logging_mixin.py:188} INFO - [2024-11-06T07:07:28.275+0000] {dag.py:3036} INFO - Sync 1 DAGs
[2024-11-06T07:07:28.302+0000] {logging_mixin.py:188} INFO - [2024-11-06T07:07:28.302+0000] {dag.py:3823} INFO - Setting next_dagrun for cat_fact_dag to 2024-11-05 00:00:00+00:00, run_after=2024-11-06 00:00:00+00:00
[2024-11-06T07:07:28.325+0000] {processor.py:183} INFO - Processing /opt/airflow/dags/fetch_cat_fact.py took 0.085 seconds
[2024-11-06T07:07:58.531+0000] {processor.py:161} INFO - Started process (PID=925) to work on /opt/airflow/dags/fetch_cat_fact.py
[2024-11-06T07:07:58.532+0000] {processor.py:830} INFO - Processing file /opt/airflow/dags/fetch_cat_fact.py for tasks to queue
[2024-11-06T07:07:58.533+0000] {logging_mixin.py:188} INFO - [2024-11-06T07:07:58.533+0000] {dagbag.py:538} INFO - Filling up the DagBag from /opt/airflow/dags/fetch_cat_fact.py
[2024-11-06T07:07:58.541+0000] {processor.py:840} INFO - DAG(s) 'cat_fact_dag' retrieved from /opt/airflow/dags/fetch_cat_fact.py
[2024-11-06T07:07:58.563+0000] {logging_mixin.py:188} INFO - [2024-11-06T07:07:58.563+0000] {dag.py:3036} INFO - Sync 1 DAGs
[2024-11-06T07:07:58.589+0000] {logging_mixin.py:188} INFO - [2024-11-06T07:07:58.589+0000] {dag.py:3823} INFO - Setting next_dagrun for cat_fact_dag to 2024-11-05 00:00:00+00:00, run_after=2024-11-06 00:00:00+00:00
[2024-11-06T07:07:58.614+0000] {processor.py:183} INFO - Processing /opt/airflow/dags/fetch_cat_fact.py took 0.086 seconds
[2024-11-06T07:08:28.735+0000] {processor.py:161} INFO - Started process (PID=983) to work on /opt/airflow/dags/fetch_cat_fact.py
[2024-11-06T07:08:28.736+0000] {processor.py:830} INFO - Processing file /opt/airflow/dags/fetch_cat_fact.py for tasks to queue
[2024-11-06T07:08:28.738+0000] {logging_mixin.py:188} INFO - [2024-11-06T07:08:28.738+0000] {dagbag.py:538} INFO - Filling up the DagBag from /opt/airflow/dags/fetch_cat_fact.py
[2024-11-06T07:08:28.753+0000] {processor.py:840} INFO - DAG(s) 'cat_fact_dag' retrieved from /opt/airflow/dags/fetch_cat_fact.py
[2024-11-06T07:08:28.792+0000] {logging_mixin.py:188} INFO - [2024-11-06T07:08:28.791+0000] {dag.py:3036} INFO - Sync 1 DAGs
[2024-11-06T07:08:28.823+0000] {logging_mixin.py:188} INFO - [2024-11-06T07:08:28.823+0000] {dag.py:3823} INFO - Setting next_dagrun for cat_fact_dag to 2024-11-05 00:00:00+00:00, run_after=2024-11-06 00:00:00+00:00
[2024-11-06T07:08:28.847+0000] {processor.py:183} INFO - Processing /opt/airflow/dags/fetch_cat_fact.py took 0.115 seconds
[2024-11-06T07:08:58.976+0000] {processor.py:161} INFO - Started process (PID=1040) to work on /opt/airflow/dags/fetch_cat_fact.py
[2024-11-06T07:08:58.977+0000] {processor.py:830} INFO - Processing file /opt/airflow/dags/fetch_cat_fact.py for tasks to queue
[2024-11-06T07:08:58.979+0000] {logging_mixin.py:188} INFO - [2024-11-06T07:08:58.978+0000] {dagbag.py:538} INFO - Filling up the DagBag from /opt/airflow/dags/fetch_cat_fact.py
[2024-11-06T07:08:59.008+0000] {processor.py:840} INFO - DAG(s) 'cat_fact_dag' retrieved from /opt/airflow/dags/fetch_cat_fact.py
[2024-11-06T07:08:59.071+0000] {logging_mixin.py:188} INFO - [2024-11-06T07:08:59.071+0000] {dag.py:3036} INFO - Sync 1 DAGs
[2024-11-06T07:08:59.127+0000] {logging_mixin.py:188} INFO - [2024-11-06T07:08:59.126+0000] {dag.py:3823} INFO - Setting next_dagrun for cat_fact_dag to 2024-11-05 00:00:00+00:00, run_after=2024-11-06 00:00:00+00:00
[2024-11-06T07:08:59.174+0000] {processor.py:183} INFO - Processing /opt/airflow/dags/fetch_cat_fact.py took 0.213 seconds
[2024-11-06T07:09:29.354+0000] {processor.py:161} INFO - Started process (PID=1096) to work on /opt/airflow/dags/fetch_cat_fact.py
[2024-11-06T07:09:29.355+0000] {processor.py:830} INFO - Processing file /opt/airflow/dags/fetch_cat_fact.py for tasks to queue
[2024-11-06T07:09:29.356+0000] {logging_mixin.py:188} INFO - [2024-11-06T07:09:29.356+0000] {dagbag.py:538} INFO - Filling up the DagBag from /opt/airflow/dags/fetch_cat_fact.py
[2024-11-06T07:09:29.362+0000] {processor.py:840} INFO - DAG(s) 'cat_fact_dag' retrieved from /opt/airflow/dags/fetch_cat_fact.py
[2024-11-06T07:09:29.376+0000] {logging_mixin.py:188} INFO - [2024-11-06T07:09:29.376+0000] {dag.py:3036} INFO - Sync 1 DAGs
[2024-11-06T07:09:29.393+0000] {logging_mixin.py:188} INFO - [2024-11-06T07:09:29.393+0000] {dag.py:3823} INFO - Setting next_dagrun for cat_fact_dag to 2024-11-05 00:00:00+00:00, run_after=2024-11-06 00:00:00+00:00
[2024-11-06T07:09:29.416+0000] {processor.py:183} INFO - Processing /opt/airflow/dags/fetch_cat_fact.py took 0.065 seconds
[2024-11-06T07:09:59.801+0000] {processor.py:161} INFO - Started process (PID=1153) to work on /opt/airflow/dags/fetch_cat_fact.py
[2024-11-06T07:09:59.808+0000] {processor.py:830} INFO - Processing file /opt/airflow/dags/fetch_cat_fact.py for tasks to queue
[2024-11-06T07:09:59.810+0000] {logging_mixin.py:188} INFO - [2024-11-06T07:09:59.810+0000] {dagbag.py:538} INFO - Filling up the DagBag from /opt/airflow/dags/fetch_cat_fact.py
[2024-11-06T07:09:59.830+0000] {processor.py:840} INFO - DAG(s) 'cat_fact_dag' retrieved from /opt/airflow/dags/fetch_cat_fact.py
[2024-11-06T07:09:59.859+0000] {logging_mixin.py:188} INFO - [2024-11-06T07:09:59.859+0000] {dag.py:3036} INFO - Sync 1 DAGs
[2024-11-06T07:09:59.930+0000] {logging_mixin.py:188} INFO - [2024-11-06T07:09:59.922+0000] {dag.py:3823} INFO - Setting next_dagrun for cat_fact_dag to 2024-11-05 00:00:00+00:00, run_after=2024-11-06 00:00:00+00:00
[2024-11-06T07:09:59.988+0000] {processor.py:183} INFO - Processing /opt/airflow/dags/fetch_cat_fact.py took 0.194 seconds
[2024-11-06T07:10:30.433+0000] {processor.py:161} INFO - Started process (PID=1210) to work on /opt/airflow/dags/fetch_cat_fact.py
[2024-11-06T07:10:30.434+0000] {processor.py:830} INFO - Processing file /opt/airflow/dags/fetch_cat_fact.py for tasks to queue
[2024-11-06T07:10:30.436+0000] {logging_mixin.py:188} INFO - [2024-11-06T07:10:30.436+0000] {dagbag.py:538} INFO - Filling up the DagBag from /opt/airflow/dags/fetch_cat_fact.py
[2024-11-06T07:10:30.447+0000] {processor.py:840} INFO - DAG(s) 'cat_fact_dag' retrieved from /opt/airflow/dags/fetch_cat_fact.py
[2024-11-06T07:10:30.477+0000] {logging_mixin.py:188} INFO - [2024-11-06T07:10:30.476+0000] {dag.py:3036} INFO - Sync 1 DAGs
[2024-11-06T07:10:30.535+0000] {logging_mixin.py:188} INFO - [2024-11-06T07:10:30.535+0000] {dag.py:3823} INFO - Setting next_dagrun for cat_fact_dag to 2024-11-05 00:00:00+00:00, run_after=2024-11-06 00:00:00+00:00
[2024-11-06T07:10:30.595+0000] {processor.py:183} INFO - Processing /opt/airflow/dags/fetch_cat_fact.py took 0.166 seconds
[2024-11-06T07:11:00.696+0000] {processor.py:161} INFO - Started process (PID=1267) to work on /opt/airflow/dags/fetch_cat_fact.py
[2024-11-06T07:11:00.697+0000] {processor.py:830} INFO - Processing file /opt/airflow/dags/fetch_cat_fact.py for tasks to queue
[2024-11-06T07:11:00.699+0000] {logging_mixin.py:188} INFO - [2024-11-06T07:11:00.699+0000] {dagbag.py:538} INFO - Filling up the DagBag from /opt/airflow/dags/fetch_cat_fact.py
[2024-11-06T07:11:00.707+0000] {processor.py:840} INFO - DAG(s) 'cat_fact_dag' retrieved from /opt/airflow/dags/fetch_cat_fact.py
[2024-11-06T07:11:00.728+0000] {logging_mixin.py:188} INFO - [2024-11-06T07:11:00.728+0000] {dag.py:3036} INFO - Sync 1 DAGs
[2024-11-06T07:11:00.754+0000] {logging_mixin.py:188} INFO - [2024-11-06T07:11:00.754+0000] {dag.py:3823} INFO - Setting next_dagrun for cat_fact_dag to 2024-11-05 00:00:00+00:00, run_after=2024-11-06 00:00:00+00:00
[2024-11-06T07:11:00.782+0000] {processor.py:183} INFO - Processing /opt/airflow/dags/fetch_cat_fact.py took 0.089 seconds
[2024-11-06T07:11:31.332+0000] {processor.py:161} INFO - Started process (PID=1324) to work on /opt/airflow/dags/fetch_cat_fact.py
[2024-11-06T07:11:31.333+0000] {processor.py:830} INFO - Processing file /opt/airflow/dags/fetch_cat_fact.py for tasks to queue
[2024-11-06T07:11:31.335+0000] {logging_mixin.py:188} INFO - [2024-11-06T07:11:31.335+0000] {dagbag.py:538} INFO - Filling up the DagBag from /opt/airflow/dags/fetch_cat_fact.py
[2024-11-06T07:11:31.342+0000] {processor.py:840} INFO - DAG(s) 'cat_fact_dag' retrieved from /opt/airflow/dags/fetch_cat_fact.py
[2024-11-06T07:11:31.364+0000] {logging_mixin.py:188} INFO - [2024-11-06T07:11:31.364+0000] {dag.py:3036} INFO - Sync 1 DAGs
[2024-11-06T07:11:31.390+0000] {logging_mixin.py:188} INFO - [2024-11-06T07:11:31.389+0000] {dag.py:3823} INFO - Setting next_dagrun for cat_fact_dag to 2024-11-05 00:00:00+00:00, run_after=2024-11-06 00:00:00+00:00
[2024-11-06T07:11:31.429+0000] {processor.py:183} INFO - Processing /opt/airflow/dags/fetch_cat_fact.py took 0.100 seconds
[2024-11-06T07:12:01.672+0000] {processor.py:161} INFO - Started process (PID=1381) to work on /opt/airflow/dags/fetch_cat_fact.py
[2024-11-06T07:12:01.673+0000] {processor.py:830} INFO - Processing file /opt/airflow/dags/fetch_cat_fact.py for tasks to queue
[2024-11-06T07:12:01.675+0000] {logging_mixin.py:188} INFO - [2024-11-06T07:12:01.675+0000] {dagbag.py:538} INFO - Filling up the DagBag from /opt/airflow/dags/fetch_cat_fact.py
[2024-11-06T07:12:01.683+0000] {processor.py:840} INFO - DAG(s) 'cat_fact_dag' retrieved from /opt/airflow/dags/fetch_cat_fact.py
[2024-11-06T07:12:01.705+0000] {logging_mixin.py:188} INFO - [2024-11-06T07:12:01.704+0000] {dag.py:3036} INFO - Sync 1 DAGs
[2024-11-06T07:12:01.730+0000] {logging_mixin.py:188} INFO - [2024-11-06T07:12:01.730+0000] {dag.py:3823} INFO - Setting next_dagrun for cat_fact_dag to 2024-11-05 00:00:00+00:00, run_after=2024-11-06 00:00:00+00:00
[2024-11-06T07:12:01.766+0000] {processor.py:183} INFO - Processing /opt/airflow/dags/fetch_cat_fact.py took 0.097 seconds
[2024-11-06T07:13:53.657+0000] {processor.py:161} INFO - Started process (PID=61) to work on /opt/airflow/dags/fetch_cat_fact.py
[2024-11-06T07:13:53.679+0000] {processor.py:830} INFO - Processing file /opt/airflow/dags/fetch_cat_fact.py for tasks to queue
[2024-11-06T07:13:53.686+0000] {logging_mixin.py:188} INFO - [2024-11-06T07:13:53.686+0000] {dagbag.py:538} INFO - Filling up the DagBag from /opt/airflow/dags/fetch_cat_fact.py
[2024-11-06T07:13:53.877+0000] {processor.py:840} INFO - DAG(s) 'cat_fact_dag' retrieved from /opt/airflow/dags/fetch_cat_fact.py
[2024-11-06T07:13:54.987+0000] {logging_mixin.py:188} INFO - [2024-11-06T07:13:54.987+0000] {dag.py:3036} INFO - Sync 1 DAGs
[2024-11-06T07:13:55.044+0000] {logging_mixin.py:188} INFO - [2024-11-06T07:13:55.044+0000] {dag.py:3823} INFO - Setting next_dagrun for cat_fact_dag to 2024-11-05 00:00:00+00:00, run_after=2024-11-06 00:00:00+00:00
[2024-11-06T07:13:55.114+0000] {processor.py:183} INFO - Processing /opt/airflow/dags/fetch_cat_fact.py took 1.485 seconds
[2024-11-06T07:14:25.248+0000] {processor.py:161} INFO - Started process (PID=118) to work on /opt/airflow/dags/fetch_cat_fact.py
[2024-11-06T07:14:25.249+0000] {processor.py:830} INFO - Processing file /opt/airflow/dags/fetch_cat_fact.py for tasks to queue
[2024-11-06T07:14:25.251+0000] {logging_mixin.py:188} INFO - [2024-11-06T07:14:25.251+0000] {dagbag.py:538} INFO - Filling up the DagBag from /opt/airflow/dags/fetch_cat_fact.py
[2024-11-06T07:14:25.259+0000] {processor.py:840} INFO - DAG(s) 'cat_fact_dag' retrieved from /opt/airflow/dags/fetch_cat_fact.py
[2024-11-06T07:14:25.281+0000] {logging_mixin.py:188} INFO - [2024-11-06T07:14:25.281+0000] {dag.py:3036} INFO - Sync 1 DAGs
[2024-11-06T07:14:25.308+0000] {logging_mixin.py:188} INFO - [2024-11-06T07:14:25.307+0000] {dag.py:3823} INFO - Setting next_dagrun for cat_fact_dag to 2024-11-05 00:00:00+00:00, run_after=2024-11-06 00:00:00+00:00
[2024-11-06T07:14:25.335+0000] {processor.py:183} INFO - Processing /opt/airflow/dags/fetch_cat_fact.py took 0.090 seconds
[2024-11-06T07:14:55.366+0000] {processor.py:161} INFO - Started process (PID=175) to work on /opt/airflow/dags/fetch_cat_fact.py
[2024-11-06T07:14:55.367+0000] {processor.py:830} INFO - Processing file /opt/airflow/dags/fetch_cat_fact.py for tasks to queue
[2024-11-06T07:14:55.369+0000] {logging_mixin.py:188} INFO - [2024-11-06T07:14:55.369+0000] {dagbag.py:538} INFO - Filling up the DagBag from /opt/airflow/dags/fetch_cat_fact.py
[2024-11-06T07:14:55.377+0000] {processor.py:840} INFO - DAG(s) 'cat_fact_dag' retrieved from /opt/airflow/dags/fetch_cat_fact.py
[2024-11-06T07:14:55.410+0000] {logging_mixin.py:188} INFO - [2024-11-06T07:14:55.409+0000] {dag.py:3036} INFO - Sync 1 DAGs
[2024-11-06T07:14:55.439+0000] {logging_mixin.py:188} INFO - [2024-11-06T07:14:55.439+0000] {dag.py:3823} INFO - Setting next_dagrun for cat_fact_dag to 2024-11-05 00:00:00+00:00, run_after=2024-11-06 00:00:00+00:00
[2024-11-06T07:14:55.463+0000] {processor.py:183} INFO - Processing /opt/airflow/dags/fetch_cat_fact.py took 0.101 seconds
